Linux 6.8.0-111-generic (testbed-node6) 	13/05/26 	_x86_64_	(24 CPU)

04:44:45     CPU    %usr   %nice    %sys %iowait    %irq   %soft  %steal  %guest  %gnice   %idle
04:44:46     all    0,67    0,00    0,13    0,13    0,00   33,36    0,00    0,00    0,00   65,72
04:44:46       0    0,00    0,00    0,00    0,00    0,00    0,00    0,00    0,00    0,00  100,00
04:44:46       1    0,00    0,00    0,00    0,00    0,00  100,00    0,00    0,00    0,00    0,00
04:44:46       2    0,00    0,00    0,00    0,00    0,00  100,00    0,00    0,00    0,00    0,00
04:44:46       3    0,00    0,00    0,00    0,00    0,00    0,00    0,00    0,00    0,00  100,00
04:44:46       4    0,00    0,00    0,00    0,00    0,00    0,00    0,00    0,00    0,00  100,00
04:44:46       5    0,00    0,00    0,00    0,00    0,00  100,00    0,00    0,00    0,00    0,00
04:44:46       6    0,00    0,00    0,00    0,00    0,00  100,00    0,00    0,00    0,00    0,00
04:44:46       7    0,00    0,00    0,00    0,00    0,00    0,00    0,00    0,00    0,00  100,00
04:44:46       8    0,00    0,00    0,00    1,00    0,00    0,00    0,00    0,00    0,00   99,00
04:44:46       9    0,00    0,00    0,00    0,00    0,00    0,00    0,00    0,00    0,00  100,00
04:44:46      10    0,00    0,00    0,00    0,00    0,00  100,00    0,00    0,00    0,00    0,00
04:44:46      11    0,00    0,00    0,00    0,00    0,00    0,00    0,00    0,00    0,00  100,00
04:44:46      12    0,00    0,00    0,00    2,00    0,00    0,00    0,00    0,00    0,00   98,00
04:44:46      13    0,00    0,00    0,00    0,00    0,00    0,00    0,00    0,00    0,00  100,00
04:44:46      14    0,00    0,00    0,00    0,00    0,00  100,00    0,00    0,00    0,00    0,00
04:44:46      15    0,00    0,00    0,00    0,00    0,00    0,00    0,00    0,00    0,00  100,00
04:44:46      16    0,99    0,00    0,99    0,00    0,00    0,00    0,00    0,00    0,00   98,02
04:44:46      17    2,00    0,00    0,00    0,00    0,00    0,00    0,00    0,00    0,00   98,00
04:44:46      18   11,11    0,00    1,01    0,00    0,00    0,00    0,00    0,00    0,00   87,88
04:44:46      19    2,02    0,00    1,01    0,00    0,00    0,00    0,00    0,00    0,00   96,97
04:44:46      20    0,00    0,00    0,00    0,00    0,00    0,00    0,00    0,00    0,00  100,00
04:44:46      21    0,00    0,00    0,00    0,00    0,00  100,00    0,00    0,00    0,00    0,00
04:44:46      22    0,00    0,00    0,00    0,00    0,00  100,00    0,00    0,00    0,00    0,00
04:44:46      23    0,00    0,00    0,00    0,00    0,00    0,00    0,00    0,00    0,00  100,00

04:44:46     CPU    %usr   %nice    %sys %iowait    %irq   %soft  %steal  %guest  %gnice   %idle
04:44:47     all    0,00    0,00    0,04    0,00    0,00   33,31    0,00    0,00    0,00   66,65
04:44:47       0    0,00    0,00    0,00    0,00    0,00    0,00    0,00    0,00    0,00  100,00
04:44:47       1    0,00    0,00    0,00    0,00    0,00  100,00    0,00    0,00    0,00    0,00
04:44:47       2    0,00    0,00    0,00    0,00    0,00  100,00    0,00    0,00    0,00    0,00
04:44:47       3    0,00    0,00    0,00    0,00    0,00    0,00    0,00    0,00    0,00  100,00
04:44:47       4    0,00    0,00    0,00    0,00    0,00    0,00    0,00    0,00    0,00  100,00
04:44:47       5    0,00    0,00    0,00    0,00    0,00  100,00    0,00    0,00    0,00    0,00
04:44:47       6    0,00    0,00    0,00    0,00    0,00  100,00    0,00    0,00    0,00    0,00
04:44:47       7    0,00    0,00    0,00    0,00    0,00    0,00    0,00    0,00    0,00  100,00
04:44:47       8    0,00    0,00    0,00    0,00    0,00    0,00    0,00    0,00    0,00  100,00
04:44:47       9    0,00    0,00    0,00    0,00    0,00    0,00    0,00    0,00    0,00  100,00
04:44:47      10    0,00    0,00    0,00    0,00    0,00  100,00    0,00    0,00    0,00    0,00
04:44:47      11    0,00    0,00    0,00    0,00    0,00    0,00    0,00    0,00    0,00  100,00
04:44:47      12    0,00    0,00    0,00    0,00    0,00    0,00    0,00    0,00    0,00  100,00
04:44:47      13    0,00    0,00    0,00    0,00    0,00    0,00    0,00    0,00    0,00  100,00
04:44:47      14    0,00    0,00    0,00    0,00    0,00  100,00    0,00    0,00    0,00    0,00
04:44:47      15    0,00    0,00    0,00    0,00    0,00    0,00    0,00    0,00    0,00  100,00
04:44:47      16    0,00    0,00    0,00    0,00    0,00    0,00    0,00    0,00    0,00  100,00
04:44:47      17    0,00    0,00    1,00    0,00    0,00    0,00    0,00    0,00    0,00   99,00
04:44:47      18    0,00    0,00    0,00    0,00    0,00    0,00    0,00    0,00    0,00  100,00
04:44:47      19    0,00    0,00    0,00    0,00    0,00    0,00    0,00    0,00    0,00  100,00
04:44:47      20    0,00    0,00    0,00    0,00    0,00    0,00    0,00    0,00    0,00  100,00
04:44:47      21    0,00    0,00    0,00    0,00    0,00  100,00    0,00    0,00    0,00    0,00
04:44:47      22    0,00    0,00    0,00    0,00    0,00  100,00    0,00    0,00    0,00    0,00
04:44:47      23    0,00    0,00    0,00    0,00    0,00    0,00    0,00    0,00    0,00  100,00

04:44:47     CPU    %usr   %nice    %sys %iowait    %irq   %soft  %steal  %guest  %gnice   %idle
04:44:48     all    1,42    0,00    0,71    0,00    0,00   33,32    0,00    0,00    0,00   64,55
04:44:48       0    0,00    0,00    0,00    0,00    0,00    0,00    0,00    0,00    0,00  100,00
04:44:48       1    0,00    0,00    0,00    0,00    0,00  100,00    0,00    0,00    0,00    0,00
04:44:48       2    0,00    0,00    0,00    0,00    0,00  100,00    0,00    0,00    0,00    0,00
04:44:48       3    0,00    0,00    0,00    0,00    0,00    0,00    0,00    0,00    0,00  100,00
04:44:48       4    0,00    0,00    0,99    0,00    0,00    0,00    0,00    0,00    0,00   99,01
04:44:48       5    0,00    0,00    0,00    0,00    0,00  100,00    0,00    0,00    0,00    0,00
04:44:48       6    0,00    0,00    0,00    0,00    0,00  100,00    0,00    0,00    0,00    0,00
04:44:48       7    0,00    0,00    0,00    0,00    0,00    0,00    0,00    0,00    0,00  100,00
04:44:48       8    2,97    0,00    0,99    0,00    0,00    0,00    0,00    0,00    0,00   96,04
04:44:48       9    0,00    0,00    0,00    0,00    0,00    0,00    0,00    0,00    0,00  100,00
04:44:48      10    0,00    0,00    0,00    0,00    0,00  100,00    0,00    0,00    0,00    0,00
04:44:48      11    0,00    0,00    0,00    0,00    0,00    0,00    0,00    0,00    0,00  100,00
04:44:48      12    0,99    0,00    0,99    0,00    0,00    0,00    0,00    0,00    0,00   98,02
04:44:48      13    0,00    0,00    0,00    0,00    0,00    0,00    0,00    0,00    0,00  100,00
04:44:48      14    0,00    0,00    0,00    0,00    0,00  100,00    0,00    0,00    0,00    0,00
04:44:48      15    0,00    0,00    0,00    0,00    0,00    0,00    0,00    0,00    0,00  100,00
04:44:48      16    5,00    0,00    2,00    0,00    0,00    0,00    0,00    0,00    0,00   93,00
04:44:48      17    4,04    0,00    3,03    0,00    0,00    0,00    0,00    0,00    0,00   92,93
04:44:48      18   14,14    0,00    3,03    0,00    0,00    0,00    0,00    0,00    0,00   82,83
04:44:48      19    3,03    0,00    3,03    0,00    0,00    0,00    0,00    0,00    0,00   93,94
04:44:48      20    4,00    0,00    2,00    0,00    0,00    0,00    0,00    0,00    0,00   94,00
04:44:48      21    0,00    0,00    0,00    0,00    0,00  100,00    0,00    0,00    0,00    0,00
04:44:48      22    0,00    0,00    0,00    0,00    0,00  100,00    0,00    0,00    0,00    0,00
04:44:48      23    0,00    0,00    1,00    0,00    0,00    0,00    0,00    0,00    0,00   99,00

04:44:48     CPU    %usr   %nice    %sys %iowait    %irq   %soft  %steal  %guest  %gnice   %idle
04:44:49     all    0,17    0,00    0,00    0,00    0,00   33,33    0,00    0,00    0,00   66,50
04:44:49       0    0,00    0,00    0,00    0,00    0,00    0,00    0,00    0,00    0,00  100,00
04:44:49       1    0,00    0,00    0,00    0,00    0,00  100,00    0,00    0,00    0,00    0,00
04:44:49       2    0,00    0,00    0,00    0,00    0,00  100,00    0,00    0,00    0,00    0,00
04:44:49       3    1,00    0,00    0,00    0,00    0,00    0,00    0,00    0,00    0,00   99,00
04:44:49       4    0,00    0,00    0,00    0,00    0,00    0,00    0,00    0,00    0,00  100,00
04:44:49       5    0,00    0,00    0,00    0,00    0,00  100,00    0,00    0,00    0,00    0,00
04:44:49       6    0,00    0,00    0,00    0,00    0,00  100,00    0,00    0,00    0,00    0,00
04:44:49       7    0,00    0,00    0,00    0,00    0,00    0,00    0,00    0,00    0,00  100,00
04:44:49       8    0,00    0,00    0,00    0,00    0,00    0,00    0,00    0,00    0,00  100,00
04:44:49       9    0,00    0,00    0,00    0,00    0,00    0,00    0,00    0,00    0,00  100,00
04:44:49      10    0,00    0,00    0,00    0,00    0,00  100,00    0,00    0,00    0,00    0,00
04:44:49      11    0,00    0,00    0,00    0,00    0,00    0,00    0,00    0,00    0,00  100,00
04:44:49      12    0,00    0,00    0,00    0,00    0,00    0,00    0,00    0,00    0,00  100,00
04:44:49      13    0,00    0,00    0,00    0,00    0,00    0,00    0,00    0,00    0,00  100,00
04:44:49      14    0,00    0,00    0,00    0,00    0,00  100,00    0,00    0,00    0,00    0,00
04:44:49      15    0,00    0,00    0,00    0,00    0,00    0,00    0,00    0,00    0,00  100,00
04:44:49      16    0,00    0,00    0,00    0,00    0,00    0,00    0,00    0,00    0,00  100,00
04:44:49      17    0,00    0,00    0,00    0,00    0,00    0,00    0,00    0,00    0,00  100,00
04:44:49      18    0,99    0,00    0,00    0,00    0,00    0,00    0,00    0,00    0,00   99,01
04:44:49      19    1,00    0,00    0,00    0,00    0,00    0,00    0,00    0,00    0,00   99,00
04:44:49      20    1,00    0,00    0,00    0,00    0,00    0,00    0,00    0,00    0,00   99,00
04:44:49      21    0,00    0,00    0,00    0,00    0,00  100,00    0,00    0,00    0,00    0,00
04:44:49      22    0,00    0,00    0,00    0,00    0,00  100,00    0,00    0,00    0,00    0,00
04:44:49      23    0,00    0,00    0,00    0,00    0,00    0,00    0,00    0,00    0,00  100,00

04:44:49     CPU    %usr   %nice    %sys %iowait    %irq   %soft  %steal  %guest  %gnice   %idle
04:44:50     all    0,08    0,00    0,04    0,00    0,00   33,32    0,00    0,00    0,00   66,56
04:44:50       0    0,00    0,00    0,00    0,00    0,00    0,00    0,00    0,00    0,00  100,00
04:44:50       1    0,00    0,00    0,99    0,00    0,00   99,01    0,00    0,00    0,00    0,00
04:44:50       2    0,00    0,00    0,00    0,00    0,00  100,00    0,00    0,00    0,00    0,00
04:44:50       3    0,00    0,00    0,00    0,00    0,00    0,00    0,00    0,00    0,00  100,00
04:44:50       4    0,00    0,00    0,00    0,00    0,00    0,00    0,00    0,00    0,00  100,00
04:44:50       5    0,00    0,00    0,00    0,00    0,00  100,00    0,00    0,00    0,00    0,00
04:44:50       6    0,00    0,00    0,00    0,00    0,00  100,00    0,00    0,00    0,00    0,00
04:44:50       7    0,00    0,00    0,00    0,00    0,00    0,00    0,00    0,00    0,00  100,00
04:44:50       8    0,00    0,00    0,00    0,00    0,00    0,00    0,00    0,00    0,00  100,00
04:44:50       9    0,00    0,00    0,00    0,00    0,00    0,00    0,00    0,00    0,00  100,00
04:44:50      10    0,00    0,00    0,00    0,00    0,00  100,00    0,00    0,00    0,00    0,00
04:44:50      11    0,00    0,00    0,00    0,00    0,00    0,00    0,00    0,00    0,00  100,00
04:44:50      12    0,00    0,00    0,00    0,00    0,00    0,00    0,00    0,00    0,00  100,00
04:44:50      13    0,00    0,00    0,00    0,00    0,00    0,00    0,00    0,00    0,00  100,00
04:44:50      14    0,00    0,00    0,00    0,00    0,00  100,00    0,00    0,00    0,00    0,00
04:44:50      15    0,00    0,00    0,00    0,00    0,00    0,00    0,00    0,00    0,00  100,00
04:44:50      16    0,00    0,00    0,00    0,00    0,00    0,00    0,00    0,00    0,00  100,00
04:44:50      17    0,99    0,00    0,00    0,00    0,00    0,00    0,00    0,00    0,00   99,01
04:44:50      18    0,00    0,00    0,00    0,00    0,00    0,00    0,00    0,00    0,00  100,00
04:44:50      19    0,99    0,00    0,00    0,00    0,00    0,00    0,00    0,00    0,00   99,01
04:44:50      20    0,00    0,00    0,00    0,00    0,00    0,00    0,00    0,00    0,00  100,00
04:44:50      21    0,00    0,00    0,00    0,00    0,00  100,00    0,00    0,00    0,00    0,00
04:44:50      22    0,00    0,00    0,00    0,00    0,00  100,00    0,00    0,00    0,00    0,00
04:44:50      23    0,00    0,00    0,00    0,00    0,00    0,00    0,00    0,00    0,00  100,00

04:44:50     CPU    %usr   %nice    %sys %iowait    %irq   %soft  %steal  %guest  %gnice   %idle
04:44:51     all    0,08    0,00    0,04    0,12    0,00   33,33    0,00    0,00    0,00   66,42
04:44:51       0    0,00    0,00    0,00    0,00    0,00    0,00    0,00    0,00    0,00  100,00
04:44:51       1    0,00    0,00    0,00    0,00    0,00  100,00    0,00    0,00    0,00    0,00
04:44:51       2    0,00    0,00    0,00    0,00    0,00  100,00    0,00    0,00    0,00    0,00
04:44:51       3    0,00    0,00    0,00    0,00    0,00    0,00    0,00    0,00    0,00  100,00
04:44:51       4    0,00    0,00    0,00    0,00    0,00    0,00    0,00    0,00    0,00  100,00
04:44:51       5    0,00    0,00    0,00    0,00    0,00  100,00    0,00    0,00    0,00    0,00
04:44:51       6    0,00    0,00    0,00    0,00    0,00  100,00    0,00    0,00    0,00    0,00
04:44:51       7    0,00    0,00    0,00    0,00    0,00    0,00    0,00    0,00    0,00  100,00
04:44:51       8    0,00    0,00    0,00    1,00    0,00    0,00    0,00    0,00    0,00   99,00
04:44:51       9    0,00    0,00    0,00    0,00    0,00    0,00    0,00    0,00    0,00  100,00
04:44:51      10    0,00    0,00    0,00    0,00    0,00  100,00    0,00    0,00    0,00    0,00
04:44:51      11    0,00    0,00    0,00    0,00    0,00    0,00    0,00    0,00    0,00  100,00
04:44:51      12    0,00    0,00    0,00    1,01    0,00    0,00    0,00    0,00    0,00   98,99
04:44:51      13    0,00    0,00    0,00    0,00    0,00    0,00    0,00    0,00    0,00  100,00
04:44:51      14    0,00    0,00    0,00    0,00    0,00  100,00    0,00    0,00    0,00    0,00
04:44:51      15    0,00    0,00    0,00    0,00    0,00    0,00    0,00    0,00    0,00  100,00
04:44:51      16    0,00    0,00    0,00    1,00    0,00    0,00    0,00    0,00    0,00   99,00
04:44:51      17    0,00    0,00    0,00    0,00    0,00    0,00    0,00    0,00    0,00  100,00
04:44:51      18    0,00    0,00    0,00    0,00    0,00    0,00    0,00    0,00    0,00  100,00
04:44:51      19    0,00    0,00    0,00    0,00    0,00    0,00    0,00    0,00    0,00  100,00
04:44:51      20    1,96    0,00    0,98    0,00    0,00    0,00    0,00    0,00    0,00   97,06
04:44:51      21    0,00    0,00    0,00    0,00    0,00  100,00    0,00    0,00    0,00    0,00
04:44:51      22    0,00    0,00    0,00    0,00    0,00  100,00    0,00    0,00    0,00    0,00
04:44:51      23    0,00    0,00    0,00    0,00    0,00    0,00    0,00    0,00    0,00  100,00

04:44:51     CPU    %usr   %nice    %sys %iowait    %irq   %soft  %steal  %guest  %gnice   %idle
04:44:52     all    0,04    0,00    0,17    0,00    0,00   33,33    0,00    0,00    0,00   66,46
04:44:52       0    0,00    0,00    0,00    0,00    0,00    0,00    0,00    0,00    0,00  100,00
04:44:52       1    0,00    0,00    0,00    0,00    0,00  100,00    0,00    0,00    0,00    0,00
04:44:52       2    0,00    0,00    0,00    0,00    0,00  100,00    0,00    0,00    0,00    0,00
04:44:52       3    0,00    0,00    0,00    0,00    0,00    0,00    0,00    0,00    0,00  100,00
04:44:52       4    0,00    0,00    0,00    0,00    0,00    0,00    0,00    0,00    0,00  100,00
04:44:52       5    0,00    0,00    0,00    0,00    0,00  100,00    0,00    0,00    0,00    0,00
04:44:52       6    0,00    0,00    0,00    0,00    0,00  100,00    0,00    0,00    0,00    0,00
04:44:52       7    0,00    0,00    0,00    0,00    0,00    0,00    0,00    0,00    0,00  100,00
04:44:52       8    0,00    0,00    0,00    0,00    0,00    0,00    0,00    0,00    0,00  100,00
04:44:52       9    0,00    0,00    0,00    0,00    0,00    0,00    0,00    0,00    0,00  100,00
04:44:52      10    0,00    0,00    0,00    0,00    0,00  100,00    0,00    0,00    0,00    0,00
04:44:52      11    0,00    0,00    0,00    0,00    0,00    0,00    0,00    0,00    0,00  100,00
04:44:52      12    0,00    0,00    0,00    0,00    0,00    0,00    0,00    0,00    0,00  100,00
04:44:52      13    0,00    0,00    0,00    0,00    0,00    0,00    0,00    0,00    0,00  100,00
04:44:52      14    0,00    0,00    0,99    0,00    0,00   99,01    0,00    0,00    0,00    0,00
04:44:52      15    0,00    0,00    0,00    0,00    0,00    0,00    0,00    0,00    0,00  100,00
04:44:52      16    0,00    0,00    0,00    0,00    0,00    0,00    0,00    0,00    0,00  100,00
04:44:52      17    0,00    0,00    0,99    0,00    0,00    0,00    0,00    0,00    0,00   99,01
04:44:52      18    0,00    0,00    0,99    0,00    0,00    0,00    0,00    0,00    0,00   99,01
04:44:52      19    0,00    0,00    0,99    0,00    0,00    0,00    0,00    0,00    0,00   99,01
04:44:52      20    1,01    0,00    0,00    0,00    0,00    0,00    0,00    0,00    0,00   98,99
04:44:52      21    0,00    0,00    0,00    0,00    0,00  100,00    0,00    0,00    0,00    0,00
04:44:52      22    0,00    0,00    0,00    0,00    0,00  100,00    0,00    0,00    0,00    0,00
04:44:52      23    0,00    0,00    0,00    0,00    0,00    0,00    0,00    0,00    0,00  100,00

04:44:52     CPU    %usr   %nice    %sys %iowait    %irq   %soft  %steal  %guest  %gnice   %idle
04:44:53     all    0,25    0,00    0,00    0,00    0,00   33,31    0,00    0,00    0,00   66,44
04:44:53       0    0,00    0,00    0,00    0,00    0,00    0,00    0,00    0,00    0,00  100,00
04:44:53       1    0,00    0,00    0,00    0,00    0,00  100,00    0,00    0,00    0,00    0,00
04:44:53       2    0,00    0,00    0,00    0,00    0,00  100,00    0,00    0,00    0,00    0,00
04:44:53       3    0,99    0,00    0,00    0,00    0,00    0,00    0,00    0,00    0,00   99,01
04:44:53       4    0,00    0,00    0,00    0,00    0,00    0,00    0,00    0,00    0,00  100,00
04:44:53       5    0,00    0,00    0,00    0,00    0,00  100,00    0,00    0,00    0,00    0,00
04:44:53       6    0,00    0,00    0,00    0,00    0,00  100,00    0,00    0,00    0,00    0,00
04:44:53       7    0,00    0,00    0,00    0,00    0,00    0,00    0,00    0,00    0,00  100,00
04:44:53       8    0,99    0,00    0,00    0,00    0,00    0,00    0,00    0,00    0,00   99,01
04:44:53       9    0,00    0,00    0,00    0,00    0,00    0,00    0,00    0,00    0,00  100,00
04:44:53      10    0,00    0,00    0,00    0,00    0,00  100,00    0,00    0,00    0,00    0,00
04:44:53      11    0,00    0,00    0,00    0,00    0,00    0,00    0,00    0,00    0,00  100,00
04:44:53      12    0,00    0,00    0,00    0,00    0,00    0,00    0,00    0,00    0,00  100,00
04:44:53      13    0,00    0,00    0,00    0,00    0,00    0,00    0,00    0,00    0,00  100,00
04:44:53      14    0,00    0,00    0,00    0,00    0,00  100,00    0,00    0,00    0,00    0,00
04:44:53      15    0,00    0,00    0,00    0,00    0,00    0,00    0,00    0,00    0,00  100,00
04:44:53      16    0,99    0,00    0,00    0,00    0,00    0,00    0,00    0,00    0,00   99,01
04:44:53      17    0,00    0,00    0,00    0,00    0,00    0,00    0,00    0,00    0,00  100,00
04:44:53      18    1,00    0,00    0,00    0,00    0,00    0,00    0,00    0,00    0,00   99,00
04:44:53      19    0,00    0,00    0,00    0,00    0,00    0,00    0,00    0,00    0,00  100,00
04:44:53      20    1,98    0,00    0,00    0,00    0,00    0,00    0,00    0,00    0,00   98,02
04:44:53      21    0,00    0,00    0,00    0,00    0,00  100,00    0,00    0,00    0,00    0,00
04:44:53      22    0,00    0,00    0,00    0,00    0,00  100,00    0,00    0,00    0,00    0,00
04:44:53      23    0,00    0,00    0,00    0,00    0,00    0,00    0,00    0,00    0,00  100,00

04:44:53     CPU    %usr   %nice    %sys %iowait    %irq   %soft  %steal  %guest  %gnice   %idle
04:44:54     all    0,00    0,00    0,00    0,00    0,00   33,38    0,00    0,00    0,00   66,62
04:44:54       0    0,00    0,00    0,00    0,00    0,00    0,00    0,00    0,00    0,00  100,00
04:44:54       1    0,00    0,00    0,00    0,00    0,00  100,00    0,00    0,00    0,00    0,00
04:44:54       2    0,00    0,00    0,00    0,00    0,00  100,00    0,00    0,00    0,00    0,00
04:44:54       3    0,00    0,00    0,00    0,00    0,00    0,00    0,00    0,00    0,00  100,00
04:44:54       4    0,00    0,00    0,00    0,00    0,00    0,00    0,00    0,00    0,00  100,00
04:44:54       5    0,00    0,00    0,00    0,00    0,00  100,00    0,00    0,00    0,00    0,00
04:44:54       6    0,00    0,00    0,00    0,00    0,00  100,00    0,00    0,00    0,00    0,00
04:44:54       7    0,00    0,00    0,00    0,00    0,00    0,00    0,00    0,00    0,00  100,00
04:44:54       8    0,00    0,00    0,00    0,00    0,00    0,00    0,00    0,00    0,00  100,00
04:44:54       9    0,00    0,00    0,00    0,00    0,00    0,00    0,00    0,00    0,00  100,00
04:44:54      10    0,00    0,00    0,00    0,00    0,00  100,00    0,00    0,00    0,00    0,00
04:44:54      11    0,00    0,00    0,00    0,00    0,00    0,00    0,00    0,00    0,00  100,00
04:44:54      12    0,00    0,00    0,00    0,00    0,00    0,00    0,00    0,00    0,00  100,00
04:44:54      13    0,00    0,00    0,00    0,00    0,00    0,00    0,00    0,00    0,00  100,00
04:44:54      14    0,00    0,00    0,00    0,00    0,00  100,00    0,00    0,00    0,00    0,00
04:44:54      15    0,00    0,00    0,00    0,00    0,00    0,00    0,00    0,00    0,00  100,00
04:44:54      16    0,00    0,00    0,00    0,00    0,00    0,00    0,00    0,00    0,00  100,00
04:44:54      17    0,00    0,00    0,00    0,00    0,00    0,00    0,00    0,00    0,00  100,00
04:44:54      18    0,00    0,00    0,00    0,00    0,00    0,00    0,00    0,00    0,00  100,00
04:44:54      19    0,00    0,00    0,00    0,00    0,00    0,00    0,00    0,00    0,00  100,00
04:44:54      20    0,00    0,00    0,00    0,00    0,00    0,00    0,00    0,00    0,00  100,00
04:44:54      21    0,00    0,00    0,00    0,00    0,00  100,00    0,00    0,00    0,00    0,00
04:44:54      22    0,00    0,00    0,00    0,00    0,00  100,00    0,00    0,00    0,00    0,00
04:44:54      23    0,00    0,00    0,00    0,00    0,00    0,00    0,00    0,00    0,00  100,00

04:44:54     CPU    %usr   %nice    %sys %iowait    %irq   %soft  %steal  %guest  %gnice   %idle
04:44:55     all    0,38    0,00    0,25    0,00    0,00   33,35    0,00    0,00    0,00   66,03
04:44:55       0    0,00    0,00    1,00    0,00    0,00    0,00    0,00    0,00    0,00   99,00
04:44:55       1    0,00    0,00    0,00    0,00    0,00  100,00    0,00    0,00    0,00    0,00
04:44:55       2    0,00    0,00    0,00    0,00    0,00  100,00    0,00    0,00    0,00    0,00
04:44:55       3    0,00    0,00    0,00    0,00    0,00    0,00    0,00    0,00    0,00  100,00
04:44:55       4    0,00    0,00    0,00    0,00    0,00    0,00    0,00    0,00    0,00  100,00
04:44:55       5    0,00    0,00    0,00    0,00    0,00  100,00    0,00    0,00    0,00    0,00
04:44:55       6    0,00    0,00    0,00    0,00    0,00  100,00    0,00    0,00    0,00    0,00
04:44:55       7    0,00    0,00    0,00    0,00    0,00    0,00    0,00    0,00    0,00  100,00
04:44:55       8    0,00    0,00    0,00    0,00    0,00    0,00    0,00    0,00    0,00  100,00
04:44:55       9    0,00    0,00    0,00    0,00    0,00    0,00    0,00    0,00    0,00  100,00
04:44:55      10    0,00    0,00    0,00    0,00    0,00  100,00    0,00    0,00    0,00    0,00
04:44:55      11    0,00    0,00    0,00    0,00    0,00    0,00    0,00    0,00    0,00  100,00
04:44:55      12    7,92    0,00    4,95    0,00    0,00    0,00    0,00    0,00    0,00   87,13
04:44:55      13    0,00    0,00    0,00    0,00    0,00    0,00    0,00    0,00    0,00  100,00
04:44:55      14    0,00    0,00    0,00    0,00    0,00  100,00    0,00    0,00    0,00    0,00
04:44:55      15    0,00    0,00    0,00    0,00    0,00    0,00    0,00    0,00    0,00  100,00
04:44:55      16    0,00    0,00    0,00    0,00    0,00    0,00    0,00    0,00    0,00  100,00
04:44:55      17    0,00    0,00    0,00    0,00    0,00    0,00    0,00    0,00    0,00  100,00
04:44:55      18    0,00    0,00    0,00    0,00    0,00    0,00    0,00    0,00    0,00  100,00
04:44:55      19    0,99    0,00    0,00    0,00    0,00    0,00    0,00    0,00    0,00   99,01
04:44:55      20    0,00    0,00    0,00    0,00    0,00    0,00    0,00    0,00    0,00  100,00
04:44:55      21    0,00    0,00    0,00    0,00    0,00  100,00    0,00    0,00    0,00    0,00
04:44:55      22    0,00    0,00    0,00    0,00    0,00  100,00    0,00    0,00    0,00    0,00
04:44:55      23    0,00    0,00    0,00    0,00    0,00    0,00    0,00    0,00    0,00  100,00

04:44:55     CPU    %usr   %nice    %sys %iowait    %irq   %soft  %steal  %guest  %gnice   %idle
04:44:56     all    0,00    0,00    0,00    0,13    0,00   33,39    0,00    0,00    0,00   66,49
04:44:56       0    0,00    0,00    0,00    0,00    0,00    0,99    0,00    0,00    0,00   99,01
04:44:56       1    0,00    0,00    0,00    0,00    0,00  100,00    0,00    0,00    0,00    0,00
04:44:56       2    0,00    0,00    0,00    0,00    0,00  100,00    0,00    0,00    0,00    0,00
04:44:56       3    0,00    0,00    0,00    0,00    0,00    0,00    0,00    0,00    0,00  100,00
04:44:56       4    0,00    0,00    0,00    0,00    0,00    0,00    0,00    0,00    0,00  100,00
04:44:56       5    0,00    0,00    0,00    0,00    0,00  100,00    0,00    0,00    0,00    0,00
04:44:56       6    0,00    0,00    0,00    0,00    0,00  100,00    0,00    0,00    0,00    0,00
04:44:56       7    0,00    0,00    0,00    0,00    0,00    0,00    0,00    0,00    0,00  100,00
04:44:56       8    0,00    0,00    0,00    0,00    0,00    0,00    0,00    0,00    0,00  100,00
04:44:56       9    0,00    0,00    0,00    0,00    0,00    0,00    0,00    0,00    0,00  100,00
04:44:56      10    0,00    0,00    0,00    0,00    0,00  100,00    0,00    0,00    0,00    0,00
04:44:56      11    0,00    0,00    0,00    0,00    0,00    0,00    0,00    0,00    0,00  100,00
04:44:56      12    0,00    0,00    0,00    2,00    0,00    0,00    0,00    0,00    0,00   98,00
04:44:56      13    0,00    0,00    0,00    0,00    0,00    0,00    0,00    0,00    0,00  100,00
04:44:56      14    0,00    0,00    0,00    0,00    0,00  100,00    0,00    0,00    0,00    0,00
04:44:56      15    0,00    0,00    0,00    0,00    0,00    0,00    0,00    0,00    0,00  100,00
04:44:56      16    0,00    0,00    0,00    0,00    0,00    0,00    0,00    0,00    0,00  100,00
04:44:56      17    0,00    0,00    0,00    1,00    0,00    0,00    0,00    0,00    0,00   99,00
04:44:56      18    0,00    0,00    0,00    0,00    0,00    0,00    0,00    0,00    0,00  100,00
04:44:56      19    0,00    0,00    0,00    0,00    0,00    0,00    0,00    0,00    0,00  100,00
04:44:56      20    0,00    0,00    0,00    0,00    0,00    0,00    0,00    0,00    0,00  100,00
04:44:56      21    0,00    0,00    0,00    0,00    0,00  100,00    0,00    0,00    0,00    0,00
04:44:56      22    0,00    0,00    0,00    0,00    0,00  100,00    0,00    0,00    0,00    0,00
04:44:56      23    0,00    0,00    0,00    0,00    0,00    0,00    0,00    0,00    0,00  100,00

04:44:56     CPU    %usr   %nice    %sys %iowait    %irq   %soft  %steal  %guest  %gnice   %idle
04:44:57     all    1,17    0,00    0,58    0,00    0,00   33,38    0,00    0,00    0,00   64,87
04:44:57       0    0,00    0,00    0,00    0,00    0,00    0,00    0,00    0,00    0,00  100,00
04:44:57       1    0,00    0,00    0,00    0,00    0,00  100,00    0,00    0,00    0,00    0,00
04:44:57       2    0,00    0,00    0,00    0,00    0,00  100,00    0,00    0,00    0,00    0,00
04:44:57       3    0,00    0,00    0,00    0,00    0,00    0,00    0,00    0,00    0,00  100,00
04:44:57       4    0,00    0,00    0,00    0,00    0,00    0,00    0,00    0,00    0,00  100,00
04:44:57       5    0,00    0,00    0,00    0,00    0,00  100,00    0,00    0,00    0,00    0,00
04:44:57       6    0,00    0,00    0,00    0,00    0,00  100,00    0,00    0,00    0,00    0,00
04:44:57       7    0,00    0,00    0,00    0,00    0,00    0,00    0,00    0,00    0,00  100,00
04:44:57       8    1,01    0,00    0,00    0,00    0,00    0,00    0,00    0,00    0,00   98,99
04:44:57       9    0,00    0,00    0,00    0,00    0,00    0,00    0,00    0,00    0,00  100,00
04:44:57      10    0,00    0,00    0,00    0,00    0,00  100,00    0,00    0,00    0,00    0,00
04:44:57      11    0,00    0,00    0,00    0,00    0,00    0,00    0,00    0,00    0,00  100,00
04:44:57      12    0,00    0,00    0,00    0,00    0,00    0,00    0,00    0,00    0,00  100,00
04:44:57      13    0,00    0,00    0,00    0,00    0,00    0,00    0,00    0,00    0,00  100,00
04:44:57      14    0,00    0,00    0,00    0,00    0,00  100,00    0,00    0,00    0,00    0,00
04:44:57      15    0,00    0,00    0,00    0,00    0,00    0,00    0,00    0,00    0,00  100,00
04:44:57      16   14,14    0,00    4,04    0,00    0,00    0,00    0,00    0,00    0,00   81,82
04:44:57      17    2,97    0,00    2,97    0,00    0,00    0,00    0,00    0,00    0,00   94,06
04:44:57      18    3,96    0,00    2,97    0,00    0,00    0,00    0,00    0,00    0,00   93,07
04:44:57      19    5,00    0,00    4,00    0,00    0,00    0,00    0,00    0,00    0,00   91,00
04:44:57      20    0,00    0,00    0,00    0,00    0,00    0,00    0,00    0,00    0,00  100,00
04:44:57      21    0,00    0,00    0,00    0,00    0,00  100,00    0,00    0,00    0,00    0,00
04:44:57      22    0,00    0,00    0,00    0,00    0,00  100,00    0,00    0,00    0,00    0,00
04:44:57      23    0,99    0,00    0,00    0,00    0,00    0,00    0,00    0,00    0,00   99,01
