Linux 6.8.0-111-generic (testbed-node4) 	13/05/26 	_x86_64_	(24 CPU)

05:48:52     CPU    %usr   %nice    %sys %iowait    %irq   %soft  %steal  %guest  %gnice   %idle
05:48:53     all   29,19    0,00    0,00    0,00    0,00    0,04    0,00    0,00    0,00   70,77
05:48:53       0  100,00    0,00    0,00    0,00    0,00    0,00    0,00    0,00    0,00    0,00
05:48:53       1  100,00    0,00    0,00    0,00    0,00    0,00    0,00    0,00    0,00    0,00
05:48:53       2  100,00    0,00    0,00    0,00    0,00    0,00    0,00    0,00    0,00    0,00
05:48:53       3  100,00    0,00    0,00    0,00    0,00    0,00    0,00    0,00    0,00    0,00
05:48:53       4  100,00    0,00    0,00    0,00    0,00    0,00    0,00    0,00    0,00    0,00
05:48:53       5  100,00    0,00    0,00    0,00    0,00    0,00    0,00    0,00    0,00    0,00
05:48:53       6  100,00    0,00    0,00    0,00    0,00    0,00    0,00    0,00    0,00    0,00
05:48:53       7    0,00    0,00    0,00    0,00    0,00    0,00    0,00    0,00    0,00  100,00
05:48:53       8    0,00    0,00    0,00    0,00    0,00    0,00    0,00    0,00    0,00  100,00
05:48:53       9    0,00    0,00    0,00    0,00    0,00    0,00    0,00    0,00    0,00  100,00
05:48:53      10    0,00    0,00    0,00    0,00    0,00    0,00    0,00    0,00    0,00  100,00
05:48:53      11    0,00    0,00    0,00    0,00    0,00    0,00    0,00    0,00    0,00  100,00
05:48:53      12    0,00    0,00    0,00    0,00    0,00    0,00    0,00    0,00    0,00  100,00
05:48:53      13    0,00    0,00    0,00    0,00    0,00    0,00    0,00    0,00    0,00  100,00
05:48:53      14    0,00    0,00    0,00    0,00    0,00    0,00    0,00    0,00    0,00  100,00
05:48:53      15    0,00    0,00    0,00    0,00    0,00    0,00    0,00    0,00    0,00  100,00
05:48:53      16    0,00    0,00    0,00    0,00    0,00    0,00    0,00    0,00    0,00  100,00
05:48:53      17    0,00    0,00    0,00    0,00    0,00    1,00    0,00    0,00    0,00   99,00
05:48:53      18    0,00    0,00    0,00    0,00    0,00    0,00    0,00    0,00    0,00  100,00
05:48:53      19    0,00    0,00    0,00    0,00    0,00    0,00    0,00    0,00    0,00  100,00
05:48:53      20    0,00    0,00    0,00    0,00    0,00    0,00    0,00    0,00    0,00  100,00
05:48:53      21    0,00    0,00    0,00    0,00    0,00    0,00    0,00    0,00    0,00  100,00
05:48:53      22    0,00    0,00    0,00    0,00    0,00    0,00    0,00    0,00    0,00  100,00
05:48:53      23    0,00    0,00    0,00    0,00    0,00    0,00    0,00    0,00    0,00  100,00

05:48:53     CPU    %usr   %nice    %sys %iowait    %irq   %soft  %steal  %guest  %gnice   %idle
05:48:54     all   29,23    0,00    0,00    0,00    0,00    0,00    0,00    0,00    0,00   70,77
05:48:54       0  100,00    0,00    0,00    0,00    0,00    0,00    0,00    0,00    0,00    0,00
05:48:54       1  100,00    0,00    0,00    0,00    0,00    0,00    0,00    0,00    0,00    0,00
05:48:54       2  100,00    0,00    0,00    0,00    0,00    0,00    0,00    0,00    0,00    0,00
05:48:54       3  100,00    0,00    0,00    0,00    0,00    0,00    0,00    0,00    0,00    0,00
05:48:54       4  100,00    0,00    0,00    0,00    0,00    0,00    0,00    0,00    0,00    0,00
05:48:54       5  100,00    0,00    0,00    0,00    0,00    0,00    0,00    0,00    0,00    0,00
05:48:54       6  100,00    0,00    0,00    0,00    0,00    0,00    0,00    0,00    0,00    0,00
05:48:54       7    0,00    0,00    0,00    0,00    0,00    0,00    0,00    0,00    0,00  100,00
05:48:54       8    0,00    0,00    0,00    0,00    0,00    0,00    0,00    0,00    0,00  100,00
05:48:54       9    0,00    0,00    0,00    0,00    0,00    0,00    0,00    0,00    0,00  100,00
05:48:54      10    0,00    0,00    0,00    0,00    0,00    0,00    0,00    0,00    0,00  100,00
05:48:54      11    0,00    0,00    0,00    0,00    0,00    0,00    0,00    0,00    0,00  100,00
05:48:54      12    0,00    0,00    0,00    0,00    0,00    0,00    0,00    0,00    0,00  100,00
05:48:54      13    0,00    0,00    0,00    0,00    0,00    0,00    0,00    0,00    0,00  100,00
05:48:54      14    0,00    0,00    0,00    0,00    0,00    0,00    0,00    0,00    0,00  100,00
05:48:54      15    0,00    0,00    0,00    0,00    0,00    0,00    0,00    0,00    0,00  100,00
05:48:54      16    0,00    0,00    0,00    0,00    0,00    0,00    0,00    0,00    0,00  100,00
05:48:54      17    0,00    0,00    0,00    0,00    0,00    0,00    0,00    0,00    0,00  100,00
05:48:54      18    0,00    0,00    0,00    0,00    0,00    0,00    0,00    0,00    0,00  100,00
05:48:54      19    0,00    0,00    0,00    0,00    0,00    0,00    0,00    0,00    0,00  100,00
05:48:54      20    0,00    0,00    0,00    0,00    0,00    0,00    0,00    0,00    0,00  100,00
05:48:54      21    0,00    0,00    0,00    0,00    0,00    0,00    0,00    0,00    0,00  100,00
05:48:54      22    0,00    0,00    0,00    0,00    0,00    0,00    0,00    0,00    0,00  100,00
05:48:54      23    0,00    0,00    0,00    0,00    0,00    0,00    0,00    0,00    0,00  100,00

05:48:54     CPU    %usr   %nice    %sys %iowait    %irq   %soft  %steal  %guest  %gnice   %idle
05:48:55     all   29,65    0,00    0,17    0,12    0,00    0,00    0,00    0,00    0,00   70,05
05:48:55       0  100,00    0,00    0,00    0,00    0,00    0,00    0,00    0,00    0,00    0,00
05:48:55       1  100,00    0,00    0,00    0,00    0,00    0,00    0,00    0,00    0,00    0,00
05:48:55       2  100,00    0,00    0,00    0,00    0,00    0,00    0,00    0,00    0,00    0,00
05:48:55       3  100,00    0,00    0,00    0,00    0,00    0,00    0,00    0,00    0,00    0,00
05:48:55       4  100,00    0,00    0,00    0,00    0,00    0,00    0,00    0,00    0,00    0,00
05:48:55       5  100,00    0,00    0,00    0,00    0,00    0,00    0,00    0,00    0,00    0,00
05:48:55       6  100,00    0,00    0,00    0,00    0,00    0,00    0,00    0,00    0,00    0,00
05:48:55       7    0,00    0,00    0,00    0,00    0,00    0,00    0,00    0,00    0,00  100,00
05:48:55       8    0,00    0,00    0,00    1,00    0,00    0,00    0,00    0,00    0,00   99,00
05:48:55       9    0,00    0,00    0,00    0,00    0,00    0,00    0,00    0,00    0,00  100,00
05:48:55      10    0,00    0,00    0,00    0,00    0,00    0,00    0,00    0,00    0,00  100,00
05:48:55      11    0,00    0,00    0,00    0,00    0,00    0,00    0,00    0,00    0,00  100,00
05:48:55      12    0,00    0,00    0,00    0,00    0,00    0,00    0,00    0,00    0,00  100,00
05:48:55      13    0,00    0,00    0,00    0,00    0,00    0,00    0,00    0,00    0,00  100,00
05:48:55      14    0,00    0,00    0,00    0,00    0,00    0,00    0,00    0,00    0,00  100,00
05:48:55      15    0,00    0,00    0,00    0,00    0,00    0,00    0,00    0,00    0,00  100,00
05:48:55      16    0,00    0,00    0,99    0,00    0,00    0,00    0,00    0,00    0,00   99,01
05:48:55      17    0,00    0,00    0,00    0,00    0,00    0,00    0,00    0,00    0,00  100,00
05:48:55      18    0,00    0,00    0,00    1,01    0,00    0,00    0,00    0,00    0,00   98,99
05:48:55      19    0,00    0,00    1,00    0,00    0,00    0,00    0,00    0,00    0,00   99,00
05:48:55      20    0,00    0,00    0,00    0,00    0,00    0,00    0,00    0,00    0,00  100,00
05:48:55      21    1,00    0,00    0,00    0,00    0,00    0,00    0,00    0,00    0,00   99,00
05:48:55      22    0,00    0,00    0,00    1,00    0,00    0,00    0,00    0,00    0,00   99,00
05:48:55      23   10,89    0,00    1,98    0,00    0,00    0,00    0,00    0,00    0,00   87,13

05:48:55     CPU    %usr   %nice    %sys %iowait    %irq   %soft  %steal  %guest  %gnice   %idle
05:48:56     all   29,17    0,00    0,00    0,00    0,00    0,00    0,00    0,00    0,00   70,83
05:48:56       0  100,00    0,00    0,00    0,00    0,00    0,00    0,00    0,00    0,00    0,00
05:48:56       1  100,00    0,00    0,00    0,00    0,00    0,00    0,00    0,00    0,00    0,00
05:48:56       2  100,00    0,00    0,00    0,00    0,00    0,00    0,00    0,00    0,00    0,00
05:48:56       3  100,00    0,00    0,00    0,00    0,00    0,00    0,00    0,00    0,00    0,00
05:48:56       4  100,00    0,00    0,00    0,00    0,00    0,00    0,00    0,00    0,00    0,00
05:48:56       5  100,00    0,00    0,00    0,00    0,00    0,00    0,00    0,00    0,00    0,00
05:48:56       6  100,00    0,00    0,00    0,00    0,00    0,00    0,00    0,00    0,00    0,00
05:48:56       7    0,00    0,00    0,00    0,00    0,00    0,00    0,00    0,00    0,00  100,00
05:48:56       8    0,00    0,00    0,00    0,00    0,00    0,00    0,00    0,00    0,00  100,00
05:48:56       9    0,00    0,00    0,00    0,00    0,00    0,00    0,00    0,00    0,00  100,00
05:48:56      10    0,00    0,00    0,00    0,00    0,00    0,00    0,00    0,00    0,00  100,00
05:48:56      11    0,00    0,00    0,00    0,00    0,00    0,00    0,00    0,00    0,00  100,00
05:48:56      12    0,00    0,00    0,00    0,00    0,00    0,00    0,00    0,00    0,00  100,00
05:48:56      13    0,00    0,00    0,00    0,00    0,00    0,00    0,00    0,00    0,00  100,00
05:48:56      14    0,00    0,00    0,00    0,00    0,00    0,00    0,00    0,00    0,00  100,00
05:48:56      15    0,00    0,00    0,00    0,00    0,00    0,00    0,00    0,00    0,00  100,00
05:48:56      16    0,00    0,00    0,00    0,00    0,00    0,00    0,00    0,00    0,00  100,00
05:48:56      17    0,00    0,00    0,00    0,00    0,00    0,00    0,00    0,00    0,00  100,00
05:48:56      18    0,00    0,00    0,00    0,00    0,00    0,00    0,00    0,00    0,00  100,00
05:48:56      19    0,00    0,00    0,00    0,00    0,00    0,00    0,00    0,00    0,00  100,00
05:48:56      20    0,00    0,00    0,00    0,00    0,00    0,00    0,00    0,00    0,00  100,00
05:48:56      21    0,00    0,00    0,00    0,00    0,00    0,00    0,00    0,00    0,00  100,00
05:48:56      22    0,00    0,00    0,00    0,00    0,00    0,00    0,00    0,00    0,00  100,00
05:48:56      23    0,00    0,00    0,00    0,00    0,00    0,00    0,00    0,00    0,00  100,00

05:48:56     CPU    %usr   %nice    %sys %iowait    %irq   %soft  %steal  %guest  %gnice   %idle
05:48:57     all   29,17    0,00    0,00    0,00    0,00    0,00    0,00    0,00    0,00   70,83
05:48:57       0  100,00    0,00    0,00    0,00    0,00    0,00    0,00    0,00    0,00    0,00
05:48:57       1  100,00    0,00    0,00    0,00    0,00    0,00    0,00    0,00    0,00    0,00
05:48:57       2  100,00    0,00    0,00    0,00    0,00    0,00    0,00    0,00    0,00    0,00
05:48:57       3  100,00    0,00    0,00    0,00    0,00    0,00    0,00    0,00    0,00    0,00
05:48:57       4  100,00    0,00    0,00    0,00    0,00    0,00    0,00    0,00    0,00    0,00
05:48:57       5  100,00    0,00    0,00    0,00    0,00    0,00    0,00    0,00    0,00    0,00
05:48:57       6  100,00    0,00    0,00    0,00    0,00    0,00    0,00    0,00    0,00    0,00
05:48:57       7    0,00    0,00    0,00    0,00    0,00    0,00    0,00    0,00    0,00  100,00
05:48:57       8    0,00    0,00    0,00    0,00    0,00    0,00    0,00    0,00    0,00  100,00
05:48:57       9    0,00    0,00    0,00    0,00    0,00    0,00    0,00    0,00    0,00  100,00
05:48:57      10    0,00    0,00    0,00    0,00    0,00    0,00    0,00    0,00    0,00  100,00
05:48:57      11    0,00    0,00    0,00    0,00    0,00    0,00    0,00    0,00    0,00  100,00
05:48:57      12    0,00    0,00    0,00    0,00    0,00    0,00    0,00    0,00    0,00  100,00
05:48:57      13    0,00    0,00    0,00    0,00    0,00    0,00    0,00    0,00    0,00  100,00
05:48:57      14    0,00    0,00    0,00    0,00    0,00    0,00    0,00    0,00    0,00  100,00
05:48:57      15    0,00    0,00    0,00    0,00    0,00    0,00    0,00    0,00    0,00  100,00
05:48:57      16    0,00    0,00    0,00    0,00    0,00    0,00    0,00    0,00    0,00  100,00
05:48:57      17    0,00    0,00    0,00    0,00    0,00    0,00    0,00    0,00    0,00  100,00
05:48:57      18    0,00    0,00    0,00    0,00    0,00    0,00    0,00    0,00    0,00  100,00
05:48:57      19    0,00    0,00    0,00    0,00    0,00    0,00    0,00    0,00    0,00  100,00
05:48:57      20    0,00    0,00    0,00    0,00    0,00    0,00    0,00    0,00    0,00  100,00
05:48:57      21    0,00    0,00    0,00    0,00    0,00    0,00    0,00    0,00    0,00  100,00
05:48:57      22    0,00    0,00    0,00    0,00    0,00    0,00    0,00    0,00    0,00  100,00
05:48:57      23    0,00    0,00    0,00    0,00    0,00    0,00    0,00    0,00    0,00  100,00

05:48:57     CPU    %usr   %nice    %sys %iowait    %irq   %soft  %steal  %guest  %gnice   %idle
05:48:58     all   29,15    0,00    0,04    0,00    0,00    0,00    0,00    0,00    0,00   70,80
05:48:58       0   99,01    0,00    0,99    0,00    0,00    0,00    0,00    0,00    0,00    0,00
05:48:58       1  100,00    0,00    0,00    0,00    0,00    0,00    0,00    0,00    0,00    0,00
05:48:58       2  100,00    0,00    0,00    0,00    0,00    0,00    0,00    0,00    0,00    0,00
05:48:58       3  100,00    0,00    0,00    0,00    0,00    0,00    0,00    0,00    0,00    0,00
05:48:58       4  100,00    0,00    0,00    0,00    0,00    0,00    0,00    0,00    0,00    0,00
05:48:58       5  100,00    0,00    0,00    0,00    0,00    0,00    0,00    0,00    0,00    0,00
05:48:58       6  100,00    0,00    0,00    0,00    0,00    0,00    0,00    0,00    0,00    0,00
05:48:58       7    0,00    0,00    0,00    0,00    0,00    0,00    0,00    0,00    0,00  100,00
05:48:58       8    0,00    0,00    0,00    0,00    0,00    0,00    0,00    0,00    0,00  100,00
05:48:58       9    0,00    0,00    0,00    0,00    0,00    0,00    0,00    0,00    0,00  100,00
05:48:58      10    0,00    0,00    0,00    0,00    0,00    0,00    0,00    0,00    0,00  100,00
05:48:58      11    0,00    0,00    0,00    0,00    0,00    0,00    0,00    0,00    0,00  100,00
05:48:58      12    0,00    0,00    0,00    0,00    0,00    0,00    0,00    0,00    0,00  100,00
05:48:58      13    0,00    0,00    0,00    0,00    0,00    0,00    0,00    0,00    0,00  100,00
05:48:58      14    0,00    0,00    0,00    0,00    0,00    0,00    0,00    0,00    0,00  100,00
05:48:58      15    0,00    0,00    0,00    0,00    0,00    0,00    0,00    0,00    0,00  100,00
05:48:58      16    0,00    0,00    0,00    0,00    0,00    0,00    0,00    0,00    0,00  100,00
05:48:58      17    0,00    0,00    0,00    0,00    0,00    0,00    0,00    0,00    0,00  100,00
05:48:58      18    0,00    0,00    0,00    0,00    0,00    0,00    0,00    0,00    0,00  100,00
05:48:58      19    0,00    0,00    0,00    0,00    0,00    0,00    0,00    0,00    0,00  100,00
05:48:58      20    0,00    0,00    0,00    0,00    0,00    0,00    0,00    0,00    0,00  100,00
05:48:58      21    0,00    0,00    0,00    0,00    0,00    0,00    0,00    0,00    0,00  100,00
05:48:58      22    0,00    0,00    0,00    0,00    0,00    0,00    0,00    0,00    0,00  100,00
05:48:58      23    0,00    0,00    0,00    0,00    0,00    0,00    0,00    0,00    0,00  100,00

05:48:58     CPU    %usr   %nice    %sys %iowait    %irq   %soft  %steal  %guest  %gnice   %idle
05:48:59     all   29,12    0,00    0,00    0,00    0,00    0,04    0,00    0,00    0,00   70,83
05:48:59       0  100,00    0,00    0,00    0,00    0,00    0,00    0,00    0,00    0,00    0,00
05:48:59       1  100,00    0,00    0,00    0,00    0,00    0,00    0,00    0,00    0,00    0,00
05:48:59       2  100,00    0,00    0,00    0,00    0,00    0,00    0,00    0,00    0,00    0,00
05:48:59       3   99,00    0,00    0,00    0,00    0,00    1,00    0,00    0,00    0,00    0,00
05:48:59       4  100,00    0,00    0,00    0,00    0,00    0,00    0,00    0,00    0,00    0,00
05:48:59       5  100,00    0,00    0,00    0,00    0,00    0,00    0,00    0,00    0,00    0,00
05:48:59       6  100,00    0,00    0,00    0,00    0,00    0,00    0,00    0,00    0,00    0,00
05:48:59       7    0,00    0,00    0,00    0,00    0,00    0,00    0,00    0,00    0,00  100,00
05:48:59       8    0,00    0,00    0,00    0,00    0,00    0,00    0,00    0,00    0,00  100,00
05:48:59       9    0,00    0,00    0,00    0,00    0,00    0,00    0,00    0,00    0,00  100,00
05:48:59      10    0,00    0,00    0,00    0,00    0,00    0,00    0,00    0,00    0,00  100,00
05:48:59      11    0,00    0,00    0,00    0,00    0,00    0,00    0,00    0,00    0,00  100,00
05:48:59      12    0,00    0,00    0,00    0,00    0,00    0,00    0,00    0,00    0,00  100,00
05:48:59      13    0,00    0,00    0,00    0,00    0,00    0,00    0,00    0,00    0,00  100,00
05:48:59      14    0,00    0,00    0,00    0,00    0,00    0,00    0,00    0,00    0,00  100,00
05:48:59      15    0,00    0,00    0,00    0,00    0,00    0,00    0,00    0,00    0,00  100,00
05:48:59      16    0,00    0,00    0,00    0,00    0,00    0,00    0,00    0,00    0,00  100,00
05:48:59      17    0,00    0,00    0,00    0,00    0,00    0,00    0,00    0,00    0,00  100,00
05:48:59      18    0,00    0,00    0,00    0,00    0,00    0,00    0,00    0,00    0,00  100,00
05:48:59      19    0,00    0,00    0,00    0,00    0,00    0,00    0,00    0,00    0,00  100,00
05:48:59      20    0,00    0,00    0,00    0,00    0,00    0,00    0,00    0,00    0,00  100,00
05:48:59      21    0,00    0,00    0,00    0,00    0,00    0,00    0,00    0,00    0,00  100,00
05:48:59      22    0,00    0,00    0,00    0,00    0,00    0,00    0,00    0,00    0,00  100,00
05:48:59      23    0,00    0,00    0,00    0,00    0,00    0,00    0,00    0,00    0,00  100,00

05:48:59     CPU    %usr   %nice    %sys %iowait    %irq   %soft  %steal  %guest  %gnice   %idle
05:49:00     all   29,14    0,00    0,00    0,00    0,00    0,00    0,00    0,00    0,00   70,86
05:49:00       0  100,00    0,00    0,00    0,00    0,00    0,00    0,00    0,00    0,00    0,00
05:49:00       1  100,00    0,00    0,00    0,00    0,00    0,00    0,00    0,00    0,00    0,00
05:49:00       2  100,00    0,00    0,00    0,00    0,00    0,00    0,00    0,00    0,00    0,00
05:49:00       3  100,00    0,00    0,00    0,00    0,00    0,00    0,00    0,00    0,00    0,00
05:49:00       4  100,00    0,00    0,00    0,00    0,00    0,00    0,00    0,00    0,00    0,00
05:49:00       5  100,00    0,00    0,00    0,00    0,00    0,00    0,00    0,00    0,00    0,00
05:49:00       6  100,00    0,00    0,00    0,00    0,00    0,00    0,00    0,00    0,00    0,00
05:49:00       7    0,00    0,00    0,00    0,00    0,00    0,00    0,00    0,00    0,00  100,00
05:49:00       8    0,00    0,00    0,00    0,00    0,00    0,00    0,00    0,00    0,00  100,00
05:49:00       9    0,00    0,00    0,00    0,00    0,00    0,00    0,00    0,00    0,00  100,00
05:49:00      10    0,00    0,00    0,00    0,00    0,00    0,00    0,00    0,00    0,00  100,00
05:49:00      11    0,00    0,00    0,00    0,00    0,00    0,00    0,00    0,00    0,00  100,00
05:49:00      12    0,00    0,00    0,00    0,00    0,00    0,00    0,00    0,00    0,00  100,00
05:49:00      13    0,00    0,00    0,00    0,00    0,00    0,00    0,00    0,00    0,00  100,00
05:49:00      14    0,00    0,00    0,00    0,00    0,00    0,00    0,00    0,00    0,00  100,00
05:49:00      15    0,00    0,00    0,00    0,00    0,00    0,00    0,00    0,00    0,00  100,00
05:49:00      16    0,00    0,00    0,00    0,00    0,00    0,00    0,00    0,00    0,00  100,00
05:49:00      17    0,00    0,00    0,00    0,00    0,00    0,00    0,00    0,00    0,00  100,00
05:49:00      18    0,00    0,00    0,00    0,00    0,00    0,00    0,00    0,00    0,00  100,00
05:49:00      19    0,00    0,00    0,00    0,00    0,00    0,00    0,00    0,00    0,00  100,00
05:49:00      20    0,00    0,00    0,00    0,00    0,00    0,00    0,00    0,00    0,00  100,00
05:49:00      21    0,00    0,00    0,00    0,00    0,00    0,00    0,00    0,00    0,00  100,00
05:49:00      22    0,00    0,00    0,00    0,00    0,00    0,00    0,00    0,00    0,00  100,00
05:49:00      23    0,00    0,00    0,00    0,00    0,00    0,00    0,00    0,00    0,00  100,00

05:49:00     CPU    %usr   %nice    %sys %iowait    %irq   %soft  %steal  %guest  %gnice   %idle
05:49:01     all   29,66    0,00    0,33    0,13    0,00    0,00    0,00    0,00    0,00   69,88
05:49:01       0  100,00    0,00    0,00    0,00    0,00    0,00    0,00    0,00    0,00    0,00
05:49:01       1  100,00    0,00    0,00    0,00    0,00    0,00    0,00    0,00    0,00    0,00
05:49:01       2  100,00    0,00    0,00    0,00    0,00    0,00    0,00    0,00    0,00    0,00
05:49:01       3  100,00    0,00    0,00    0,00    0,00    0,00    0,00    0,00    0,00    0,00
05:49:01       4  100,00    0,00    0,00    0,00    0,00    0,00    0,00    0,00    0,00    0,00
05:49:01       5  100,00    0,00    0,00    0,00    0,00    0,00    0,00    0,00    0,00    0,00
05:49:01       6  100,00    0,00    0,00    0,00    0,00    0,00    0,00    0,00    0,00    0,00
05:49:01       7    0,00    0,00    0,00    0,00    0,00    0,00    0,00    0,00    0,00  100,00
05:49:01       8   10,00    0,00    8,00    0,00    0,00    0,00    0,00    0,00    0,00   82,00
05:49:01       9    1,00    0,00    0,00    0,00    0,00    0,00    0,00    0,00    0,00   99,00
05:49:01      10    0,00    0,00    0,00    0,00    0,00    0,00    0,00    0,00    0,00  100,00
05:49:01      11    0,00    0,00    0,00    0,00    0,00    0,00    0,00    0,00    0,00  100,00
05:49:01      12    0,00    0,00    0,00    0,00    0,00    0,00    0,00    0,00    0,00  100,00
05:49:01      13    0,00    0,00    0,00    0,00    0,00    0,00    0,00    0,00    0,00  100,00
05:49:01      14    0,00    0,00    0,00    0,00    0,00    0,00    0,00    0,00    0,00  100,00
05:49:01      15    0,00    0,00    0,00    0,00    0,00    0,00    0,00    0,00    0,00  100,00
05:49:01      16    0,00    0,00    0,00    1,00    0,00    0,00    0,00    0,00    0,00   99,00
05:49:01      17    0,00    0,00    0,00    0,00    0,00    0,00    0,00    0,00    0,00  100,00
05:49:01      18    0,00    0,00    0,00    2,00    0,00    0,00    0,00    0,00    0,00   98,00
05:49:01      19    0,00    0,00    0,00    0,00    0,00    0,00    0,00    0,00    0,00  100,00
05:49:01      20    0,00    0,00    0,00    0,00    0,00    0,00    0,00    0,00    0,00  100,00
05:49:01      21    0,00    0,00    0,00    0,00    0,00    0,00    0,00    0,00    0,00  100,00
05:49:01      22    0,00    0,00    0,00    0,00    0,00    0,00    0,00    0,00    0,00  100,00
05:49:01      23    0,00    0,00    0,00    0,00    0,00    0,00    0,00    0,00    0,00  100,00

05:49:01     CPU    %usr   %nice    %sys %iowait    %irq   %soft  %steal  %guest  %gnice   %idle
05:49:02     all   29,17    0,00    0,00    0,00    0,00    0,00    0,00    0,00    0,00   70,83
05:49:02       0  100,00    0,00    0,00    0,00    0,00    0,00    0,00    0,00    0,00    0,00
05:49:02       1  100,00    0,00    0,00    0,00    0,00    0,00    0,00    0,00    0,00    0,00
05:49:02       2  100,00    0,00    0,00    0,00    0,00    0,00    0,00    0,00    0,00    0,00
05:49:02       3  100,00    0,00    0,00    0,00    0,00    0,00    0,00    0,00    0,00    0,00
05:49:02       4  100,00    0,00    0,00    0,00    0,00    0,00    0,00    0,00    0,00    0,00
05:49:02       5  100,00    0,00    0,00    0,00    0,00    0,00    0,00    0,00    0,00    0,00
05:49:02       6  100,00    0,00    0,00    0,00    0,00    0,00    0,00    0,00    0,00    0,00
05:49:02       7    0,00    0,00    0,00    0,00    0,00    0,00    0,00    0,00    0,00  100,00
05:49:02       8    0,00    0,00    0,00    0,00    0,00    0,00    0,00    0,00    0,00  100,00
05:49:02       9    0,00    0,00    0,00    0,00    0,00    0,00    0,00    0,00    0,00  100,00
05:49:02      10    0,00    0,00    0,00    0,00    0,00    0,00    0,00    0,00    0,00  100,00
05:49:02      11    0,00    0,00    0,00    0,00    0,00    0,00    0,00    0,00    0,00  100,00
05:49:02      12    0,00    0,00    0,00    0,00    0,00    0,00    0,00    0,00    0,00  100,00
05:49:02      13    0,00    0,00    0,00    0,00    0,00    0,00    0,00    0,00    0,00  100,00
05:49:02      14    0,00    0,00    0,00    0,00    0,00    0,00    0,00    0,00    0,00  100,00
05:49:02      15    0,00    0,00    0,00    0,00    0,00    0,00    0,00    0,00    0,00  100,00
05:49:02      16    0,00    0,00    0,00    0,00    0,00    0,00    0,00    0,00    0,00  100,00
05:49:02      17    0,00    0,00    0,00    0,00    0,00    0,00    0,00    0,00    0,00  100,00
05:49:02      18    0,00    0,00    0,00    0,00    0,00    0,00    0,00    0,00    0,00  100,00
05:49:02      19    0,00    0,00    0,00    0,00    0,00    0,00    0,00    0,00    0,00  100,00
05:49:02      20    0,00    0,00    0,00    0,00    0,00    0,00    0,00    0,00    0,00  100,00
05:49:02      21    0,00    0,00    0,00    0,00    0,00    0,00    0,00    0,00    0,00  100,00
05:49:02      22    0,00    0,00    0,00    0,00    0,00    0,00    0,00    0,00    0,00  100,00
05:49:02      23    0,00    0,00    0,00    0,00    0,00    0,00    0,00    0,00    0,00  100,00

05:49:02     CPU    %usr   %nice    %sys %iowait    %irq   %soft  %steal  %guest  %gnice   %idle
05:49:03     all   29,18    0,00    0,04    0,00    0,00    0,00    0,00    0,00    0,00   70,77
05:49:03       0  100,00    0,00    0,00    0,00    0,00    0,00    0,00    0,00    0,00    0,00
05:49:03       1  100,00    0,00    0,00    0,00    0,00    0,00    0,00    0,00    0,00    0,00
05:49:03       2  100,00    0,00    0,00    0,00    0,00    0,00    0,00    0,00    0,00    0,00
05:49:03       3  100,00    0,00    0,00    0,00    0,00    0,00    0,00    0,00    0,00    0,00
05:49:03       4  100,00    0,00    0,00    0,00    0,00    0,00    0,00    0,00    0,00    0,00
05:49:03       5  100,00    0,00    0,00    0,00    0,00    0,00    0,00    0,00    0,00    0,00
05:49:03       6  100,00    0,00    0,00    0,00    0,00    0,00    0,00    0,00    0,00    0,00
05:49:03       7    0,00    0,00    0,00    0,00    0,00    0,00    0,00    0,00    0,00  100,00
05:49:03       8    0,00    0,00    0,00    0,00    0,00    0,00    0,00    0,00    0,00  100,00
05:49:03       9    0,00    0,00    0,00    0,00    0,00    0,00    0,00    0,00    0,00  100,00
05:49:03      10    0,00    0,00    0,99    0,00    0,00    0,00    0,00    0,00    0,00   99,01
05:49:03      11    0,00    0,00    0,00    0,00    0,00    0,00    0,00    0,00    0,00  100,00
05:49:03      12    0,00    0,00    0,00    0,00    0,00    0,00    0,00    0,00    0,00  100,00
05:49:03      13    0,00    0,00    0,00    0,00    0,00    0,00    0,00    0,00    0,00  100,00
05:49:03      14    0,00    0,00    0,00    0,00    0,00    0,00    0,00    0,00    0,00  100,00
05:49:03      15    0,00    0,00    0,00    0,00    0,00    0,00    0,00    0,00    0,00  100,00
05:49:03      16    0,99    0,00    0,00    0,00    0,00    0,00    0,00    0,00    0,00   99,01
05:49:03      17    0,00    0,00    0,00    0,00    0,00    0,00    0,00    0,00    0,00  100,00
05:49:03      18    0,00    0,00    0,00    0,00    0,00    0,00    0,00    0,00    0,00  100,00
05:49:03      19    0,00    0,00    0,00    0,00    0,00    0,00    0,00    0,00    0,00  100,00
05:49:03      20    0,00    0,00    0,00    0,00    0,00    0,00    0,00    0,00    0,00  100,00
05:49:03      21    0,00    0,00    0,00    0,00    0,00    0,00    0,00    0,00    0,00  100,00
05:49:03      22    0,00    0,00    0,00    0,00    0,00    0,00    0,00    0,00    0,00  100,00
05:49:03      23    0,00    0,00    0,00    0,00    0,00    0,00    0,00    0,00    0,00  100,00

05:49:03     CPU    %usr   %nice    %sys %iowait    %irq   %soft  %steal  %guest  %gnice   %idle
05:49:04     all   29,17    0,00    0,00    0,00    0,00    0,00    0,00    0,00    0,00   70,83
05:49:04       0  100,00    0,00    0,00    0,00    0,00    0,00    0,00    0,00    0,00    0,00
05:49:04       1  100,00    0,00    0,00    0,00    0,00    0,00    0,00    0,00    0,00    0,00
05:49:04       2  100,00    0,00    0,00    0,00    0,00    0,00    0,00    0,00    0,00    0,00
05:49:04       3  100,00    0,00    0,00    0,00    0,00    0,00    0,00    0,00    0,00    0,00
05:49:04       4  100,00    0,00    0,00    0,00    0,00    0,00    0,00    0,00    0,00    0,00
05:49:04       5  100,00    0,00    0,00    0,00    0,00    0,00    0,00    0,00    0,00    0,00
05:49:04       6  100,00    0,00    0,00    0,00    0,00    0,00    0,00    0,00    0,00    0,00
05:49:04       7    0,00    0,00    0,00    0,00    0,00    0,00    0,00    0,00    0,00  100,00
05:49:04       8    0,00    0,00    0,00    0,00    0,00    0,00    0,00    0,00    0,00  100,00
05:49:04       9    0,00    0,00    0,00    0,00    0,00    0,00    0,00    0,00    0,00  100,00
05:49:04      10    0,00    0,00    0,00    0,00    0,00    0,00    0,00    0,00    0,00  100,00
05:49:04      11    0,00    0,00    0,00    0,00    0,00    0,00    0,00    0,00    0,00  100,00
05:49:04      12    0,00    0,00    0,00    0,00    0,00    0,00    0,00    0,00    0,00  100,00
05:49:04      13    0,00    0,00    0,00    0,00    0,00    0,00    0,00    0,00    0,00  100,00
05:49:04      14    0,00    0,00    0,00    0,00    0,00    0,00    0,00    0,00    0,00  100,00
05:49:04      15    0,00    0,00    0,00    0,00    0,00    0,00    0,00    0,00    0,00  100,00
05:49:04      16    0,00    0,00    0,00    0,00    0,00    0,00    0,00    0,00    0,00  100,00
05:49:04      17    0,00    0,00    0,00    0,00    0,00    0,00    0,00    0,00    0,00  100,00
05:49:04      18    0,00    0,00    0,00    0,00    0,00    0,00    0,00    0,00    0,00  100,00
05:49:04      19    0,00    0,00    0,00    0,00    0,00    0,00    0,00    0,00    0,00  100,00
05:49:04      20    0,00    0,00    0,00    0,00    0,00    0,00    0,00    0,00    0,00  100,00
05:49:04      21    0,00    0,00    0,00    0,00    0,00    0,00    0,00    0,00    0,00  100,00
05:49:04      22    0,00    0,00    0,00    0,00    0,00    0,00    0,00    0,00    0,00  100,00
05:49:04      23    0,00    0,00    0,00    0,00    0,00    0,00    0,00    0,00    0,00  100,00
