Linux 6.8.0-110-generic (testbed-node1) 	13/05/26 	_x86_64_	(24 CPU)

05:43:39     CPU    %usr   %nice    %sys %iowait    %irq   %soft  %steal  %guest  %gnice   %idle
05:43:40     all   54,21    0,00    0,08    0,00    0,00    0,00    0,00    0,00    0,00   45,71
05:43:40       0  100,00    0,00    0,00    0,00    0,00    0,00    0,00    0,00    0,00    0,00
05:43:40       1  100,00    0,00    0,00    0,00    0,00    0,00    0,00    0,00    0,00    0,00
05:43:40       2  100,00    0,00    0,00    0,00    0,00    0,00    0,00    0,00    0,00    0,00
05:43:40       3  100,00    0,00    0,00    0,00    0,00    0,00    0,00    0,00    0,00    0,00
05:43:40       4  100,00    0,00    0,00    0,00    0,00    0,00    0,00    0,00    0,00    0,00
05:43:40       5  100,00    0,00    0,00    0,00    0,00    0,00    0,00    0,00    0,00    0,00
05:43:40       6  100,00    0,00    0,00    0,00    0,00    0,00    0,00    0,00    0,00    0,00
05:43:40       7  100,00    0,00    0,00    0,00    0,00    0,00    0,00    0,00    0,00    0,00
05:43:40       8  100,00    0,00    0,00    0,00    0,00    0,00    0,00    0,00    0,00    0,00
05:43:40       9  100,00    0,00    0,00    0,00    0,00    0,00    0,00    0,00    0,00    0,00
05:43:40      10  100,00    0,00    0,00    0,00    0,00    0,00    0,00    0,00    0,00    0,00
05:43:40      11  100,00    0,00    0,00    0,00    0,00    0,00    0,00    0,00    0,00    0,00
05:43:40      12  100,00    0,00    0,00    0,00    0,00    0,00    0,00    0,00    0,00    0,00
05:43:40      13    0,00    0,00    0,00    0,00    0,00    0,00    0,00    0,00    0,00  100,00
05:43:40      14    0,00    0,00    0,00    0,00    0,00    0,00    0,00    0,00    0,00  100,00
05:43:40      15    0,00    0,00    0,00    0,00    0,00    0,00    0,00    0,00    0,00  100,00
05:43:40      16    0,99    0,00    0,99    0,00    0,00    0,00    0,00    0,00    0,00   98,02
05:43:40      17    0,00    0,00    0,00    0,00    0,00    0,00    0,00    0,00    0,00  100,00
05:43:40      18    0,00    0,00    0,00    0,00    0,00    0,00    0,00    0,00    0,00  100,00
05:43:40      19    0,00    0,00    0,99    0,00    0,00    0,00    0,00    0,00    0,00   99,01
05:43:40      20    0,00    0,00    0,00    0,00    0,00    0,00    0,00    0,00    0,00  100,00
05:43:40      21    0,00    0,00    0,00    0,00    0,00    0,00    0,00    0,00    0,00  100,00
05:43:40      22    0,00    0,00    0,00    0,00    0,00    0,00    0,00    0,00    0,00  100,00
05:43:40      23    0,00    0,00    0,00    0,00    0,00    0,00    0,00    0,00    0,00  100,00

05:43:40     CPU    %usr   %nice    %sys %iowait    %irq   %soft  %steal  %guest  %gnice   %idle
05:43:41     all   54,17    0,00    0,00    0,00    0,00    0,00    0,00    0,00    0,00   45,83
05:43:41       0  100,00    0,00    0,00    0,00    0,00    0,00    0,00    0,00    0,00    0,00
05:43:41       1  100,00    0,00    0,00    0,00    0,00    0,00    0,00    0,00    0,00    0,00
05:43:41       2  100,00    0,00    0,00    0,00    0,00    0,00    0,00    0,00    0,00    0,00
05:43:41       3  100,00    0,00    0,00    0,00    0,00    0,00    0,00    0,00    0,00    0,00
05:43:41       4  100,00    0,00    0,00    0,00    0,00    0,00    0,00    0,00    0,00    0,00
05:43:41       5  100,00    0,00    0,00    0,00    0,00    0,00    0,00    0,00    0,00    0,00
05:43:41       6  100,00    0,00    0,00    0,00    0,00    0,00    0,00    0,00    0,00    0,00
05:43:41       7  100,00    0,00    0,00    0,00    0,00    0,00    0,00    0,00    0,00    0,00
05:43:41       8  100,00    0,00    0,00    0,00    0,00    0,00    0,00    0,00    0,00    0,00
05:43:41       9  100,00    0,00    0,00    0,00    0,00    0,00    0,00    0,00    0,00    0,00
05:43:41      10  100,00    0,00    0,00    0,00    0,00    0,00    0,00    0,00    0,00    0,00
05:43:41      11  100,00    0,00    0,00    0,00    0,00    0,00    0,00    0,00    0,00    0,00
05:43:41      12  100,00    0,00    0,00    0,00    0,00    0,00    0,00    0,00    0,00    0,00
05:43:41      13    0,00    0,00    0,00    0,00    0,00    0,00    0,00    0,00    0,00  100,00
05:43:41      14    0,00    0,00    0,00    0,00    0,00    0,00    0,00    0,00    0,00  100,00
05:43:41      15    0,00    0,00    0,00    0,00    0,00    0,00    0,00    0,00    0,00  100,00
05:43:41      16    0,00    0,00    0,00    0,00    0,00    0,00    0,00    0,00    0,00  100,00
05:43:41      17    0,00    0,00    0,00    0,00    0,00    0,00    0,00    0,00    0,00  100,00
05:43:41      18    0,00    0,00    0,00    0,00    0,00    0,00    0,00    0,00    0,00  100,00
05:43:41      19    0,00    0,00    0,00    0,00    0,00    0,00    0,00    0,00    0,00  100,00
05:43:41      20    0,00    0,00    0,00    0,00    0,00    0,00    0,00    0,00    0,00  100,00
05:43:41      21    0,00    0,00    0,00    0,00    0,00    0,00    0,00    0,00    0,00  100,00
05:43:41      22    0,00    0,00    0,00    0,00    0,00    0,00    0,00    0,00    0,00  100,00
05:43:41      23    0,00    0,00    0,00    0,00    0,00    0,00    0,00    0,00    0,00  100,00

05:43:41     CPU    %usr   %nice    %sys %iowait    %irq   %soft  %steal  %guest  %gnice   %idle
05:43:42     all   54,76    0,00    0,13    0,04    0,00    0,04    0,00    0,00    0,00   45,03
05:43:42       0  100,00    0,00    0,00    0,00    0,00    0,00    0,00    0,00    0,00    0,00
05:43:42       1  100,00    0,00    0,00    0,00    0,00    0,00    0,00    0,00    0,00    0,00
05:43:42       2  100,00    0,00    0,00    0,00    0,00    0,00    0,00    0,00    0,00    0,00
05:43:42       3  100,00    0,00    0,00    0,00    0,00    0,00    0,00    0,00    0,00    0,00
05:43:42       4  100,00    0,00    0,00    0,00    0,00    0,00    0,00    0,00    0,00    0,00
05:43:42       5  100,00    0,00    0,00    0,00    0,00    0,00    0,00    0,00    0,00    0,00
05:43:42       6  100,00    0,00    0,00    0,00    0,00    0,00    0,00    0,00    0,00    0,00
05:43:42       7  100,00    0,00    0,00    0,00    0,00    0,00    0,00    0,00    0,00    0,00
05:43:42       8  100,00    0,00    0,00    0,00    0,00    0,00    0,00    0,00    0,00    0,00
05:43:42       9  100,00    0,00    0,00    0,00    0,00    0,00    0,00    0,00    0,00    0,00
05:43:42      10  100,00    0,00    0,00    0,00    0,00    0,00    0,00    0,00    0,00    0,00
05:43:42      11  100,00    0,00    0,00    0,00    0,00    0,00    0,00    0,00    0,00    0,00
05:43:42      12  100,00    0,00    0,00    0,00    0,00    0,00    0,00    0,00    0,00    0,00
05:43:42      13    0,00    0,00    0,00    0,00    0,00    0,00    0,00    0,00    0,00  100,00
05:43:42      14    2,02    0,00    0,00    0,00    0,00    0,00    0,00    0,00    0,00   97,98
05:43:42      15    0,00    0,00    0,00    0,00    0,00    0,00    0,00    0,00    0,00  100,00
05:43:42      16    0,00    0,00    0,00    0,00    0,00    0,00    0,00    0,00    0,00  100,00
05:43:42      17    0,00    0,00    0,00    0,00    0,00    1,00    0,00    0,00    0,00   99,00
05:43:42      18    0,00    0,00    0,00    0,00    0,00    0,00    0,00    0,00    0,00  100,00
05:43:42      19    0,00    0,00    0,00    1,01    0,00    0,00    0,00    0,00    0,00   98,99
05:43:42      20    0,00    0,00    1,00    0,00    0,00    0,00    0,00    0,00    0,00   99,00
05:43:42      21    0,00    0,00    1,00    0,00    0,00    0,00    0,00    0,00    0,00   99,00
05:43:42      22    1,01    0,00    0,00    0,00    0,00    0,00    0,00    0,00    0,00   98,99
05:43:42      23    7,00    0,00    1,00    0,00    0,00    0,00    0,00    0,00    0,00   92,00

05:43:42     CPU    %usr   %nice    %sys %iowait    %irq   %soft  %steal  %guest  %gnice   %idle
05:43:43     all   54,19    0,00    0,00    0,04    0,00    0,00    0,00    0,00    0,00   45,77
05:43:43       0  100,00    0,00    0,00    0,00    0,00    0,00    0,00    0,00    0,00    0,00
05:43:43       1  100,00    0,00    0,00    0,00    0,00    0,00    0,00    0,00    0,00    0,00
05:43:43       2  100,00    0,00    0,00    0,00    0,00    0,00    0,00    0,00    0,00    0,00
05:43:43       3  100,00    0,00    0,00    0,00    0,00    0,00    0,00    0,00    0,00    0,00
05:43:43       4  100,00    0,00    0,00    0,00    0,00    0,00    0,00    0,00    0,00    0,00
05:43:43       5  100,00    0,00    0,00    0,00    0,00    0,00    0,00    0,00    0,00    0,00
05:43:43       6  100,00    0,00    0,00    0,00    0,00    0,00    0,00    0,00    0,00    0,00
05:43:43       7  100,00    0,00    0,00    0,00    0,00    0,00    0,00    0,00    0,00    0,00
05:43:43       8  100,00    0,00    0,00    0,00    0,00    0,00    0,00    0,00    0,00    0,00
05:43:43       9  100,00    0,00    0,00    0,00    0,00    0,00    0,00    0,00    0,00    0,00
05:43:43      10  100,00    0,00    0,00    0,00    0,00    0,00    0,00    0,00    0,00    0,00
05:43:43      11  100,00    0,00    0,00    0,00    0,00    0,00    0,00    0,00    0,00    0,00
05:43:43      12  100,00    0,00    0,00    0,00    0,00    0,00    0,00    0,00    0,00    0,00
05:43:43      13    0,00    0,00    0,00    0,00    0,00    0,00    0,00    0,00    0,00  100,00
05:43:43      14    0,00    0,00    0,00    0,00    0,00    0,00    0,00    0,00    0,00  100,00
05:43:43      15    0,00    0,00    0,00    0,00    0,00    0,00    0,00    0,00    0,00  100,00
05:43:43      16    0,00    0,00    0,00    0,00    0,00    0,00    0,00    0,00    0,00  100,00
05:43:43      17    0,00    0,00    0,00    0,00    0,00    0,00    0,00    0,00    0,00  100,00
05:43:43      18    0,00    0,00    0,00    0,00    0,00    0,00    0,00    0,00    0,00  100,00
05:43:43      19    0,00    0,00    0,00    1,00    0,00    0,00    0,00    0,00    0,00   99,00
05:43:43      20    0,00    0,00    0,00    0,00    0,00    0,00    0,00    0,00    0,00  100,00
05:43:43      21    0,00    0,00    0,00    0,00    0,00    0,00    0,00    0,00    0,00  100,00
05:43:43      22    0,00    0,00    0,00    0,00    0,00    0,00    0,00    0,00    0,00  100,00
05:43:43      23    0,00    0,00    0,00    0,00    0,00    0,00    0,00    0,00    0,00  100,00

05:43:43     CPU    %usr   %nice    %sys %iowait    %irq   %soft  %steal  %guest  %gnice   %idle
05:43:44     all   54,14    0,00    0,04    0,00    0,00    0,00    0,00    0,00    0,00   45,81
05:43:44       0  100,00    0,00    0,00    0,00    0,00    0,00    0,00    0,00    0,00    0,00
05:43:44       1  100,00    0,00    0,00    0,00    0,00    0,00    0,00    0,00    0,00    0,00
05:43:44       2  100,00    0,00    0,00    0,00    0,00    0,00    0,00    0,00    0,00    0,00
05:43:44       3  100,00    0,00    0,00    0,00    0,00    0,00    0,00    0,00    0,00    0,00
05:43:44       4  100,00    0,00    0,00    0,00    0,00    0,00    0,00    0,00    0,00    0,00
05:43:44       5  100,00    0,00    0,00    0,00    0,00    0,00    0,00    0,00    0,00    0,00
05:43:44       6  100,00    0,00    0,00    0,00    0,00    0,00    0,00    0,00    0,00    0,00
05:43:44       7  100,00    0,00    0,00    0,00    0,00    0,00    0,00    0,00    0,00    0,00
05:43:44       8  100,00    0,00    0,00    0,00    0,00    0,00    0,00    0,00    0,00    0,00
05:43:44       9  100,00    0,00    0,00    0,00    0,00    0,00    0,00    0,00    0,00    0,00
05:43:44      10  100,00    0,00    0,00    0,00    0,00    0,00    0,00    0,00    0,00    0,00
05:43:44      11  100,00    0,00    0,00    0,00    0,00    0,00    0,00    0,00    0,00    0,00
05:43:44      12  100,00    0,00    0,00    0,00    0,00    0,00    0,00    0,00    0,00    0,00
05:43:44      13    0,00    0,00    0,00    0,00    0,00    0,00    0,00    0,00    0,00  100,00
05:43:44      14    0,00    0,00    0,00    0,00    0,00    0,00    0,00    0,00    0,00  100,00
05:43:44      15    0,00    0,00    0,00    0,00    0,00    0,00    0,00    0,00    0,00  100,00
05:43:44      16    0,00    0,00    0,99    0,00    0,00    0,00    0,00    0,00    0,00   99,01
05:43:44      17    0,00    0,00    0,00    0,00    0,00    0,00    0,00    0,00    0,00  100,00
05:43:44      18    0,00    0,00    0,00    0,00    0,00    0,00    0,00    0,00    0,00  100,00
05:43:44      19    0,00    0,00    0,00    0,00    0,00    0,00    0,00    0,00    0,00  100,00
05:43:44      20    0,00    0,00    0,00    0,00    0,00    0,00    0,00    0,00    0,00  100,00
05:43:44      21    0,00    0,00    0,00    0,00    0,00    0,00    0,00    0,00    0,00  100,00
05:43:44      22    0,00    0,00    0,00    0,00    0,00    0,00    0,00    0,00    0,00  100,00
05:43:44      23    0,00    0,00    0,00    0,00    0,00    0,00    0,00    0,00    0,00  100,00

05:43:44     CPU    %usr   %nice    %sys %iowait    %irq   %soft  %steal  %guest  %gnice   %idle
05:43:45     all   54,19    0,00    0,00    0,00    0,00    0,00    0,00    0,00    0,00   45,81
05:43:45       0  100,00    0,00    0,00    0,00    0,00    0,00    0,00    0,00    0,00    0,00
05:43:45       1  100,00    0,00    0,00    0,00    0,00    0,00    0,00    0,00    0,00    0,00
05:43:45       2  100,00    0,00    0,00    0,00    0,00    0,00    0,00    0,00    0,00    0,00
05:43:45       3  100,00    0,00    0,00    0,00    0,00    0,00    0,00    0,00    0,00    0,00
05:43:45       4  100,00    0,00    0,00    0,00    0,00    0,00    0,00    0,00    0,00    0,00
05:43:45       5  100,00    0,00    0,00    0,00    0,00    0,00    0,00    0,00    0,00    0,00
05:43:45       6  100,00    0,00    0,00    0,00    0,00    0,00    0,00    0,00    0,00    0,00
05:43:45       7  100,00    0,00    0,00    0,00    0,00    0,00    0,00    0,00    0,00    0,00
05:43:45       8  100,00    0,00    0,00    0,00    0,00    0,00    0,00    0,00    0,00    0,00
05:43:45       9  100,00    0,00    0,00    0,00    0,00    0,00    0,00    0,00    0,00    0,00
05:43:45      10  100,00    0,00    0,00    0,00    0,00    0,00    0,00    0,00    0,00    0,00
05:43:45      11  100,00    0,00    0,00    0,00    0,00    0,00    0,00    0,00    0,00    0,00
05:43:45      12  100,00    0,00    0,00    0,00    0,00    0,00    0,00    0,00    0,00    0,00
05:43:45      13    0,00    0,00    0,00    0,00    0,00    0,00    0,00    0,00    0,00  100,00
05:43:45      14    0,00    0,00    0,00    0,00    0,00    0,00    0,00    0,00    0,00  100,00
05:43:45      15    0,00    0,00    0,00    0,00    0,00    0,00    0,00    0,00    0,00  100,00
05:43:45      16    0,00    0,00    0,00    0,00    0,00    0,00    0,00    0,00    0,00  100,00
05:43:45      17    0,00    0,00    0,00    0,00    0,00    0,00    0,00    0,00    0,00  100,00
05:43:45      18    0,00    0,00    0,00    0,00    0,00    0,00    0,00    0,00    0,00  100,00
05:43:45      19    0,00    0,00    0,00    0,00    0,00    0,00    0,00    0,00    0,00  100,00
05:43:45      20    0,00    0,00    0,00    0,00    0,00    0,00    0,00    0,00    0,00  100,00
05:43:45      21    0,00    0,00    0,00    0,00    0,00    0,00    0,00    0,00    0,00  100,00
05:43:45      22    0,00    0,00    0,00    0,00    0,00    0,00    0,00    0,00    0,00  100,00
05:43:45      23    0,00    0,00    0,00    0,00    0,00    0,00    0,00    0,00    0,00  100,00

05:43:45     CPU    %usr   %nice    %sys %iowait    %irq   %soft  %steal  %guest  %gnice   %idle
05:43:46     all   54,19    0,00    0,00    0,00    0,00    0,00    0,00    0,00    0,00   45,81
05:43:46       0  100,00    0,00    0,00    0,00    0,00    0,00    0,00    0,00    0,00    0,00
05:43:46       1  100,00    0,00    0,00    0,00    0,00    0,00    0,00    0,00    0,00    0,00
05:43:46       2  100,00    0,00    0,00    0,00    0,00    0,00    0,00    0,00    0,00    0,00
05:43:46       3  100,00    0,00    0,00    0,00    0,00    0,00    0,00    0,00    0,00    0,00
05:43:46       4  100,00    0,00    0,00    0,00    0,00    0,00    0,00    0,00    0,00    0,00
05:43:46       5  100,00    0,00    0,00    0,00    0,00    0,00    0,00    0,00    0,00    0,00
05:43:46       6  100,00    0,00    0,00    0,00    0,00    0,00    0,00    0,00    0,00    0,00
05:43:46       7  100,00    0,00    0,00    0,00    0,00    0,00    0,00    0,00    0,00    0,00
05:43:46       8  100,00    0,00    0,00    0,00    0,00    0,00    0,00    0,00    0,00    0,00
05:43:46       9  100,00    0,00    0,00    0,00    0,00    0,00    0,00    0,00    0,00    0,00
05:43:46      10  100,00    0,00    0,00    0,00    0,00    0,00    0,00    0,00    0,00    0,00
05:43:46      11  100,00    0,00    0,00    0,00    0,00    0,00    0,00    0,00    0,00    0,00
05:43:46      12  100,00    0,00    0,00    0,00    0,00    0,00    0,00    0,00    0,00    0,00
05:43:46      13    0,00    0,00    0,00    0,00    0,00    0,00    0,00    0,00    0,00  100,00
05:43:46      14    0,00    0,00    0,00    0,00    0,00    0,00    0,00    0,00    0,00  100,00
05:43:46      15    0,00    0,00    0,00    0,00    0,00    0,00    0,00    0,00    0,00  100,00
05:43:46      16    0,00    0,00    0,00    0,00    0,00    0,00    0,00    0,00    0,00  100,00
05:43:46      17    0,00    0,00    0,00    0,00    0,00    0,00    0,00    0,00    0,00  100,00
05:43:46      18    0,00    0,00    0,00    0,00    0,00    0,00    0,00    0,00    0,00  100,00
05:43:46      19    0,00    0,00    0,00    0,00    0,00    0,00    0,00    0,00    0,00  100,00
05:43:46      20    0,00    0,00    0,00    0,00    0,00    0,00    0,00    0,00    0,00  100,00
05:43:46      21    0,00    0,00    0,00    0,00    0,00    0,00    0,00    0,00    0,00  100,00
05:43:46      22    0,00    0,00    0,00    0,00    0,00    0,00    0,00    0,00    0,00  100,00
05:43:46      23    0,00    0,00    0,00    0,00    0,00    0,00    0,00    0,00    0,00  100,00

05:43:46     CPU    %usr   %nice    %sys %iowait    %irq   %soft  %steal  %guest  %gnice   %idle
05:43:47     all   54,53    0,00    0,00    0,08    0,00    0,00    0,00    0,00    0,00   45,39
05:43:47       0  100,00    0,00    0,00    0,00    0,00    0,00    0,00    0,00    0,00    0,00
05:43:47       1  100,00    0,00    0,00    0,00    0,00    0,00    0,00    0,00    0,00    0,00
05:43:47       2  100,00    0,00    0,00    0,00    0,00    0,00    0,00    0,00    0,00    0,00
05:43:47       3  100,00    0,00    0,00    0,00    0,00    0,00    0,00    0,00    0,00    0,00
05:43:47       4  100,00    0,00    0,00    0,00    0,00    0,00    0,00    0,00    0,00    0,00
05:43:47       5  100,00    0,00    0,00    0,00    0,00    0,00    0,00    0,00    0,00    0,00
05:43:47       6  100,00    0,00    0,00    0,00    0,00    0,00    0,00    0,00    0,00    0,00
05:43:47       7  100,00    0,00    0,00    0,00    0,00    0,00    0,00    0,00    0,00    0,00
05:43:47       8  100,00    0,00    0,00    0,00    0,00    0,00    0,00    0,00    0,00    0,00
05:43:47       9  100,00    0,00    0,00    0,00    0,00    0,00    0,00    0,00    0,00    0,00
05:43:47      10  100,00    0,00    0,00    0,00    0,00    0,00    0,00    0,00    0,00    0,00
05:43:47      11  100,00    0,00    0,00    0,00    0,00    0,00    0,00    0,00    0,00    0,00
05:43:47      12  100,00    0,00    0,00    0,00    0,00    0,00    0,00    0,00    0,00    0,00
05:43:47      13    0,00    0,00    0,00    0,00    0,00    0,00    0,00    0,00    0,00  100,00
05:43:47      14    0,00    0,00    0,00    0,00    0,00    0,00    0,00    0,00    0,00  100,00
05:43:47      15    0,00    0,00    0,00    0,00    0,00    0,00    0,00    0,00    0,00  100,00
05:43:47      16    0,00    0,00    0,00    1,00    0,00    0,00    0,00    0,00    0,00   99,00
05:43:47      17    0,00    0,00    0,00    0,00    0,00    0,00    0,00    0,00    0,00  100,00
05:43:47      18    2,00    0,00    0,00    0,00    0,00    0,00    0,00    0,00    0,00   98,00
05:43:47      19    0,00    0,00    0,00    1,00    0,00    0,00    0,00    0,00    0,00   99,00
05:43:47      20    0,00    0,00    0,00    0,00    0,00    0,00    0,00    0,00    0,00  100,00
05:43:47      21    1,00    0,00    0,00    0,00    0,00    0,00    0,00    0,00    0,00   99,00
05:43:47      22    4,00    0,00    0,00    0,00    0,00    0,00    0,00    0,00    0,00   96,00
05:43:47      23    0,00    0,00    0,00    0,00    0,00    0,00    0,00    0,00    0,00  100,00

05:43:47     CPU    %usr   %nice    %sys %iowait    %irq   %soft  %steal  %guest  %gnice   %idle
05:43:48     all   54,64    0,00    0,29    0,00    0,00    0,00    0,00    0,00    0,00   45,06
05:43:48       0  100,00    0,00    0,00    0,00    0,00    0,00    0,00    0,00    0,00    0,00
05:43:48       1  100,00    0,00    0,00    0,00    0,00    0,00    0,00    0,00    0,00    0,00
05:43:48       2  100,00    0,00    0,00    0,00    0,00    0,00    0,00    0,00    0,00    0,00
05:43:48       3  100,00    0,00    0,00    0,00    0,00    0,00    0,00    0,00    0,00    0,00
05:43:48       4  100,00    0,00    0,00    0,00    0,00    0,00    0,00    0,00    0,00    0,00
05:43:48       5  100,00    0,00    0,00    0,00    0,00    0,00    0,00    0,00    0,00    0,00
05:43:48       6  100,00    0,00    0,00    0,00    0,00    0,00    0,00    0,00    0,00    0,00
05:43:48       7  100,00    0,00    0,00    0,00    0,00    0,00    0,00    0,00    0,00    0,00
05:43:48       8  100,00    0,00    0,00    0,00    0,00    0,00    0,00    0,00    0,00    0,00
05:43:48       9  100,00    0,00    0,00    0,00    0,00    0,00    0,00    0,00    0,00    0,00
05:43:48      10  100,00    0,00    0,00    0,00    0,00    0,00    0,00    0,00    0,00    0,00
05:43:48      11  100,00    0,00    0,00    0,00    0,00    0,00    0,00    0,00    0,00    0,00
05:43:48      12  100,00    0,00    0,00    0,00    0,00    0,00    0,00    0,00    0,00    0,00
05:43:48      13    0,00    0,00    0,00    0,00    0,00    0,00    0,00    0,00    0,00  100,00
05:43:48      14    0,00    0,00    0,00    0,00    0,00    0,00    0,00    0,00    0,00  100,00
05:43:48      15   10,00    0,00    7,00    0,00    0,00    0,00    0,00    0,00    0,00   83,00
05:43:48      16    1,00    0,00    0,00    0,00    0,00    0,00    0,00    0,00    0,00   99,00
05:43:48      17    0,99    0,00    0,00    0,00    0,00    0,00    0,00    0,00    0,00   99,01
05:43:48      18    0,00    0,00    0,00    0,00    0,00    0,00    0,00    0,00    0,00  100,00
05:43:48      19    0,00    0,00    0,00    0,00    0,00    0,00    0,00    0,00    0,00  100,00
05:43:48      20    0,00    0,00    0,00    0,00    0,00    0,00    0,00    0,00    0,00  100,00
05:43:48      21    0,00    0,00    0,00    0,00    0,00    0,00    0,00    0,00    0,00  100,00
05:43:48      22    0,00    0,00    0,00    0,00    0,00    0,00    0,00    0,00    0,00  100,00
05:43:48      23    0,00    0,00    0,00    0,00    0,00    0,00    0,00    0,00    0,00  100,00

05:43:48     CPU    %usr   %nice    %sys %iowait    %irq   %soft  %steal  %guest  %gnice   %idle
05:43:49     all   54,19    0,00    0,00    0,00    0,00    0,00    0,00    0,00    0,00   45,81
05:43:49       0  100,00    0,00    0,00    0,00    0,00    0,00    0,00    0,00    0,00    0,00
05:43:49       1  100,00    0,00    0,00    0,00    0,00    0,00    0,00    0,00    0,00    0,00
05:43:49       2  100,00    0,00    0,00    0,00    0,00    0,00    0,00    0,00    0,00    0,00
05:43:49       3  100,00    0,00    0,00    0,00    0,00    0,00    0,00    0,00    0,00    0,00
05:43:49       4  100,00    0,00    0,00    0,00    0,00    0,00    0,00    0,00    0,00    0,00
05:43:49       5  100,00    0,00    0,00    0,00    0,00    0,00    0,00    0,00    0,00    0,00
05:43:49       6  100,00    0,00    0,00    0,00    0,00    0,00    0,00    0,00    0,00    0,00
05:43:49       7  100,00    0,00    0,00    0,00    0,00    0,00    0,00    0,00    0,00    0,00
05:43:49       8  100,00    0,00    0,00    0,00    0,00    0,00    0,00    0,00    0,00    0,00
05:43:49       9  100,00    0,00    0,00    0,00    0,00    0,00    0,00    0,00    0,00    0,00
05:43:49      10  100,00    0,00    0,00    0,00    0,00    0,00    0,00    0,00    0,00    0,00
05:43:49      11  100,00    0,00    0,00    0,00    0,00    0,00    0,00    0,00    0,00    0,00
05:43:49      12  100,00    0,00    0,00    0,00    0,00    0,00    0,00    0,00    0,00    0,00
05:43:49      13    0,00    0,00    0,00    0,00    0,00    0,00    0,00    0,00    0,00  100,00
05:43:49      14    0,00    0,00    0,00    0,00    0,00    0,00    0,00    0,00    0,00  100,00
05:43:49      15    0,00    0,00    0,00    0,00    0,00    0,00    0,00    0,00    0,00  100,00
05:43:49      16    0,00    0,00    0,00    0,00    0,00    0,00    0,00    0,00    0,00  100,00
05:43:49      17    0,00    0,00    0,00    0,00    0,00    0,00    0,00    0,00    0,00  100,00
05:43:49      18    0,00    0,00    0,00    0,00    0,00    0,00    0,00    0,00    0,00  100,00
05:43:49      19    0,00    0,00    0,00    0,00    0,00    0,00    0,00    0,00    0,00  100,00
05:43:49      20    0,00    0,00    0,00    0,00    0,00    0,00    0,00    0,00    0,00  100,00
05:43:49      21    0,00    0,00    0,00    0,00    0,00    0,00    0,00    0,00    0,00  100,00
05:43:49      22    0,00    0,00    0,00    0,00    0,00    0,00    0,00    0,00    0,00  100,00
05:43:49      23    0,00    0,00    0,00    0,00    0,00    0,00    0,00    0,00    0,00  100,00

05:43:49     CPU    %usr   %nice    %sys %iowait    %irq   %soft  %steal  %guest  %gnice   %idle
05:43:50     all   54,17    0,00    0,00    0,00    0,00    0,00    0,00    0,00    0,00   45,83
05:43:50       0  100,00    0,00    0,00    0,00    0,00    0,00    0,00    0,00    0,00    0,00
05:43:50       1  100,00    0,00    0,00    0,00    0,00    0,00    0,00    0,00    0,00    0,00
05:43:50       2  100,00    0,00    0,00    0,00    0,00    0,00    0,00    0,00    0,00    0,00
05:43:50       3  100,00    0,00    0,00    0,00    0,00    0,00    0,00    0,00    0,00    0,00
05:43:50       4  100,00    0,00    0,00    0,00    0,00    0,00    0,00    0,00    0,00    0,00
05:43:50       5  100,00    0,00    0,00    0,00    0,00    0,00    0,00    0,00    0,00    0,00
05:43:50       6  100,00    0,00    0,00    0,00    0,00    0,00    0,00    0,00    0,00    0,00
05:43:50       7  100,00    0,00    0,00    0,00    0,00    0,00    0,00    0,00    0,00    0,00
05:43:50       8  100,00    0,00    0,00    0,00    0,00    0,00    0,00    0,00    0,00    0,00
05:43:50       9  100,00    0,00    0,00    0,00    0,00    0,00    0,00    0,00    0,00    0,00
05:43:50      10  100,00    0,00    0,00    0,00    0,00    0,00    0,00    0,00    0,00    0,00
05:43:50      11  100,00    0,00    0,00    0,00    0,00    0,00    0,00    0,00    0,00    0,00
05:43:50      12  100,00    0,00    0,00    0,00    0,00    0,00    0,00    0,00    0,00    0,00
05:43:50      13    0,00    0,00    0,00    0,00    0,00    0,00    0,00    0,00    0,00  100,00
05:43:50      14    0,00    0,00    0,00    0,00    0,00    0,00    0,00    0,00    0,00  100,00
05:43:50      15    0,00    0,00    0,00    0,00    0,00    0,00    0,00    0,00    0,00  100,00
05:43:50      16    0,00    0,00    0,00    0,00    0,00    0,00    0,00    0,00    0,00  100,00
05:43:50      17    0,00    0,00    0,00    0,00    0,00    0,00    0,00    0,00    0,00  100,00
05:43:50      18    0,00    0,00    0,00    0,00    0,00    0,00    0,00    0,00    0,00  100,00
05:43:50      19    0,00    0,00    0,00    0,00    0,00    0,00    0,00    0,00    0,00  100,00
05:43:50      20    0,00    0,00    0,00    0,00    0,00    0,00    0,00    0,00    0,00  100,00
05:43:50      21    0,00    0,00    0,00    0,00    0,00    0,00    0,00    0,00    0,00  100,00
05:43:50      22    0,00    0,00    0,00    0,00    0,00    0,00    0,00    0,00    0,00  100,00
05:43:50      23    0,00    0,00    0,00    0,00    0,00    0,00    0,00    0,00    0,00  100,00

05:43:50     CPU    %usr   %nice    %sys %iowait    %irq   %soft  %steal  %guest  %gnice   %idle
05:43:51     all   54,17    0,00    0,00    0,00    0,00    0,00    0,00    0,00    0,00   45,83
05:43:51       0  100,00    0,00    0,00    0,00    0,00    0,00    0,00    0,00    0,00    0,00
05:43:51       1  100,00    0,00    0,00    0,00    0,00    0,00    0,00    0,00    0,00    0,00
05:43:51       2  100,00    0,00    0,00    0,00    0,00    0,00    0,00    0,00    0,00    0,00
05:43:51       3  100,00    0,00    0,00    0,00    0,00    0,00    0,00    0,00    0,00    0,00
05:43:51       4  100,00    0,00    0,00    0,00    0,00    0,00    0,00    0,00    0,00    0,00
05:43:51       5  100,00    0,00    0,00    0,00    0,00    0,00    0,00    0,00    0,00    0,00
05:43:51       6  100,00    0,00    0,00    0,00    0,00    0,00    0,00    0,00    0,00    0,00
05:43:51       7  100,00    0,00    0,00    0,00    0,00    0,00    0,00    0,00    0,00    0,00
05:43:51       8  100,00    0,00    0,00    0,00    0,00    0,00    0,00    0,00    0,00    0,00
05:43:51       9  100,00    0,00    0,00    0,00    0,00    0,00    0,00    0,00    0,00    0,00
05:43:51      10  100,00    0,00    0,00    0,00    0,00    0,00    0,00    0,00    0,00    0,00
05:43:51      11  100,00    0,00    0,00    0,00    0,00    0,00    0,00    0,00    0,00    0,00
05:43:51      12  100,00    0,00    0,00    0,00    0,00    0,00    0,00    0,00    0,00    0,00
05:43:51      13    0,00    0,00    0,00    0,00    0,00    0,00    0,00    0,00    0,00  100,00
05:43:51      14    0,00    0,00    0,00    0,00    0,00    0,00    0,00    0,00    0,00  100,00
05:43:51      15    0,00    0,00    0,00    0,00    0,00    0,00    0,00    0,00    0,00  100,00
05:43:51      16    0,00    0,00    0,00    0,00    0,00    0,00    0,00    0,00    0,00  100,00
05:43:51      17    0,00    0,00    0,00    0,00    0,00    0,00    0,00    0,00    0,00  100,00
05:43:51      18    0,00    0,00    0,00    0,00    0,00    0,00    0,00    0,00    0,00  100,00
05:43:51      19    0,00    0,00    0,00    0,00    0,00    0,00    0,00    0,00    0,00  100,00
05:43:51      20    0,00    0,00    0,00    0,00    0,00    0,00    0,00    0,00    0,00  100,00
05:43:51      21    0,00    0,00    0,00    0,00    0,00    0,00    0,00    0,00    0,00  100,00
05:43:51      22    0,00    0,00    0,00    0,00    0,00    0,00    0,00    0,00    0,00  100,00
05:43:51      23    0,00    0,00    0,00    0,00    0,00    0,00    0,00    0,00    0,00  100,00

05:43:51     CPU    %usr   %nice    %sys %iowait    %irq   %soft  %steal  %guest  %gnice   %idle
05:43:52     all   54,67    0,00    0,33    0,13    0,00    0,00    0,00    0,00    0,00   44,87
05:43:52       0  100,00    0,00    0,00    0,00    0,00    0,00    0,00    0,00    0,00    0,00
05:43:52       1  100,00    0,00    0,00    0,00    0,00    0,00    0,00    0,00    0,00    0,00
05:43:52       2  100,00    0,00    0,00    0,00    0,00    0,00    0,00    0,00    0,00    0,00
05:43:52       3  100,00    0,00    0,00    0,00    0,00    0,00    0,00    0,00    0,00    0,00
05:43:52       4  100,00    0,00    0,00    0,00    0,00    0,00    0,00    0,00    0,00    0,00
05:43:52       5  100,00    0,00    0,00    0,00    0,00    0,00    0,00    0,00    0,00    0,00
05:43:52       6  100,00    0,00    0,00    0,00    0,00    0,00    0,00    0,00    0,00    0,00
05:43:52       7  100,00    0,00    0,00    0,00    0,00    0,00    0,00    0,00    0,00    0,00
05:43:52       8  100,00    0,00    0,00    0,00    0,00    0,00    0,00    0,00    0,00    0,00
05:43:52       9  100,00    0,00    0,00    0,00    0,00    0,00    0,00    0,00    0,00    0,00
05:43:52      10  100,00    0,00    0,00    0,00    0,00    0,00    0,00    0,00    0,00    0,00
05:43:52      11  100,00    0,00    0,00    0,00    0,00    0,00    0,00    0,00    0,00    0,00
05:43:52      12  100,00    0,00    0,00    0,00    0,00    0,00    0,00    0,00    0,00    0,00
05:43:52      13    0,00    0,00    0,00    0,00    0,00    0,00    0,00    0,00    0,00  100,00
05:43:52      14    0,00    0,00    0,00    0,00    0,00    0,00    0,00    0,00    0,00  100,00
05:43:52      15    0,00    0,00    0,00    0,00    0,00    0,00    0,00    0,00    0,00  100,00
05:43:52      16    0,00    0,00    0,00    2,02    0,00    0,00    0,00    0,00    0,00   97,98
05:43:52      17    0,00    0,00    1,01    0,00    0,00    0,00    0,00    0,00    0,00   98,99
05:43:52      18    0,00    0,00    1,00    0,00    0,00    0,00    0,00    0,00    0,00   99,00
05:43:52      19    1,00    0,00    1,00    1,00    0,00    0,00    0,00    0,00    0,00   97,00
05:43:52      20    1,00    0,00    1,00    0,00    0,00    0,00    0,00    0,00    0,00   98,00
05:43:52      21    7,00    0,00    2,00    0,00    0,00    0,00    0,00    0,00    0,00   91,00
05:43:52      22    0,00    0,00    1,01    0,00    0,00    0,00    0,00    0,00    0,00   98,99
05:43:52      23    1,00    0,00    1,00    0,00    0,00    0,00    0,00    0,00    0,00   98,00
