Linux 6.8.0-111-generic (testbed-node6) 	13/05/26 	_x86_64_	(24 CPU)

04:22:55     CPU    %usr   %nice    %sys %iowait    %irq   %soft  %steal  %guest  %gnice   %idle
04:22:56     all    5,34    0,00    0,17    0,04    0,00    0,04    0,00    0,00    0,00   94,41
04:22:56       0    0,00    0,00    0,00    0,00    0,00    1,00    0,00    0,00    0,00   99,00
04:22:56       1  100,00    0,00    0,00    0,00    0,00    0,00    0,00    0,00    0,00    0,00
04:22:56       2    0,00    0,00    0,00    0,00    0,00    0,00    0,00    0,00    0,00  100,00
04:22:56       3    0,00    0,00    0,00    0,00    0,00    0,00    0,00    0,00    0,00  100,00
04:22:56       4    2,04    0,00    0,00    0,00    0,00    0,00    0,00    0,00    0,00   97,96
04:22:56       5    0,00    0,00    0,00    0,00    0,00    0,00    0,00    0,00    0,00  100,00
04:22:56       6    0,00    0,00    0,00    0,00    0,00    0,00    0,00    0,00    0,00  100,00
04:22:56       7    0,00    0,00    0,00    0,00    0,00    0,00    0,00    0,00    0,00  100,00
04:22:56       8    1,01    0,00    0,00    1,01    0,00    0,00    0,00    0,00    0,00   97,98
04:22:56       9    4,00    0,00    1,00    0,00    0,00    0,00    0,00    0,00    0,00   95,00
04:22:56      10    0,00    0,00    0,00    0,00    0,00    0,00    0,00    0,00    0,00  100,00
04:22:56      11    0,00    0,00    0,00    0,00    0,00    0,00    0,00    0,00    0,00  100,00
04:22:56      12   16,00    0,00    0,00    0,00    0,00    0,00    0,00    0,00    0,00   84,00
04:22:56      13    0,00    0,00    0,99    0,00    0,00    0,00    0,00    0,00    0,00   99,01
04:22:56      14    1,01    0,00    0,00    0,00    0,00    0,00    0,00    0,00    0,00   98,99
04:22:56      15    0,00    0,00    0,00    0,00    0,00    0,00    0,00    0,00    0,00  100,00
04:22:56      16    0,99    0,00    0,99    0,00    0,00    0,00    0,00    0,00    0,00   98,02
04:22:56      17    0,00    0,00    0,00    0,00    0,00    0,00    0,00    0,00    0,00  100,00
04:22:56      18    0,00    0,00    0,00    0,00    0,00    0,00    0,00    0,00    0,00  100,00
04:22:56      19    0,99    0,00    0,00    0,00    0,00    0,00    0,00    0,00    0,00   99,01
04:22:56      20    0,00    0,00    0,00    0,00    0,00    0,00    0,00    0,00    0,00  100,00
04:22:56      21    0,00    0,00    0,00    0,00    0,00    0,00    0,00    0,00    0,00  100,00
04:22:56      22    0,99    0,00    0,99    0,00    0,00    0,00    0,00    0,00    0,00   98,02
04:22:56      23    0,99    0,00    0,00    0,00    0,00    0,00    0,00    0,00    0,00   99,01

04:22:56     CPU    %usr   %nice    %sys %iowait    %irq   %soft  %steal  %guest  %gnice   %idle
04:22:57     all    4,70    0,00    0,12    0,00    0,00    0,00    0,00    0,00    0,00   95,17
04:22:57       0    0,00    0,00    0,00    0,00    0,00    0,00    0,00    0,00    0,00  100,00
04:22:57       1  100,00    0,00    0,00    0,00    0,00    0,00    0,00    0,00    0,00    0,00
04:22:57       2    0,00    0,00    0,00    0,00    0,00    0,00    0,00    0,00    0,00  100,00
04:22:57       3    0,00    0,00    0,00    0,00    0,00    0,00    0,00    0,00    0,00  100,00
04:22:57       4    0,00    0,00    0,00    0,00    0,00    0,00    0,00    0,00    0,00  100,00
04:22:57       5    0,00    0,00    0,00    0,00    0,00    0,00    0,00    0,00    0,00  100,00
04:22:57       6    0,99    0,00    0,00    0,00    0,00    0,00    0,00    0,00    0,00   99,01
04:22:57       7    0,00    0,00    0,00    0,00    0,00    0,00    0,00    0,00    0,00  100,00
04:22:57       8    0,00    0,00    0,99    0,00    0,00    0,00    0,00    0,00    0,00   99,01
04:22:57       9    0,00    0,00    0,00    0,00    0,00    0,00    0,00    0,00    0,00  100,00
04:22:57      10    0,00    0,00    0,00    0,00    0,00    0,00    0,00    0,00    0,00  100,00
04:22:57      11    0,00    0,00    0,00    0,00    0,00    0,00    0,00    0,00    0,00  100,00
04:22:57      12   10,10    0,00    0,00    0,00    0,00    0,00    0,00    0,00    0,00   89,90
04:22:57      13    0,99    0,00    0,00    0,00    0,00    0,00    0,00    0,00    0,00   99,01
04:22:57      14    0,99    0,00    0,99    0,00    0,00    0,00    0,00    0,00    0,00   98,02
04:22:57      15    0,00    0,00    0,00    0,00    0,00    0,00    0,00    0,00    0,00  100,00
04:22:57      16    0,00    0,00    0,00    0,00    0,00    0,00    0,00    0,00    0,00  100,00
04:22:57      17    0,00    0,00    0,99    0,00    0,00    0,00    0,00    0,00    0,00   99,01
04:22:57      18    0,00    0,00    0,00    0,00    0,00    0,00    0,00    0,00    0,00  100,00
04:22:57      19    0,00    0,00    0,00    0,00    0,00    0,00    0,00    0,00    0,00  100,00
04:22:57      20    0,00    0,00    0,00    0,00    0,00    0,00    0,00    0,00    0,00  100,00
04:22:57      21    0,00    0,00    0,00    0,00    0,00    0,00    0,00    0,00    0,00  100,00
04:22:57      22    0,00    0,00    0,00    0,00    0,00    0,00    0,00    0,00    0,00  100,00
04:22:57      23    0,00    0,00    0,00    0,00    0,00    0,00    0,00    0,00    0,00  100,00

04:22:57     CPU    %usr   %nice    %sys %iowait    %irq   %soft  %steal  %guest  %gnice   %idle
04:22:58     all    6,21    0,00    0,58    0,13    0,00    0,00    0,00    0,00    0,00   93,08
04:22:58       0    0,00    0,00    0,00    0,00    0,00    0,00    0,00    0,00    0,00  100,00
04:22:58       1  100,00    0,00    0,00    0,00    0,00    0,00    0,00    0,00    0,00    0,00
04:22:58       2    9,00    0,00    1,00    0,00    0,00    0,00    0,00    0,00    0,00   90,00
04:22:58       3    0,00    0,00    0,00    1,00    0,00    0,00    0,00    0,00    0,00   99,00
04:22:58       4    0,00    0,00    1,00    0,00    0,00    0,00    0,00    0,00    0,00   99,00
04:22:58       5    1,96    0,00    0,98    0,00    0,00    0,00    0,00    0,00    0,00   97,06
04:22:58       6    1,02    0,00    0,00    0,00    0,00    0,00    0,00    0,00    0,00   98,98
04:22:58       7    0,00    0,00    0,00    0,00    0,00    0,00    0,00    0,00    0,00  100,00
04:22:58       8   16,16    0,00    1,01    0,00    0,00    0,00    0,00    0,00    0,00   82,83
04:22:58       9    1,00    0,00    0,00    0,00    0,00    0,00    0,00    0,00    0,00   99,00
04:22:58      10    2,00    0,00    1,00    0,00    0,00    0,00    0,00    0,00    0,00   97,00
04:22:58      11    0,00    0,00    0,00    0,00    0,00    0,00    0,00    0,00    0,00  100,00
04:22:58      12    5,94    0,00    0,00    0,00    0,00    0,00    0,00    0,00    0,00   94,06
04:22:58      13    0,00    0,00    0,00    0,00    0,00    0,00    0,00    0,00    0,00  100,00
04:22:58      14    1,00    0,00    0,00    0,00    0,00    0,00    0,00    0,00    0,00   99,00
04:22:58      15    0,00    0,00    0,00    0,00    0,00    0,00    0,00    0,00    0,00  100,00
04:22:58      16    2,00    0,00    1,00    2,00    0,00    0,00    0,00    0,00    0,00   95,00
04:22:58      17    1,01    0,00    0,00    0,00    0,00    0,00    0,00    0,00    0,00   98,99
04:22:58      18    3,00    0,00    1,00    0,00    0,00    0,00    0,00    0,00    0,00   96,00
04:22:58      19    1,00    0,00    1,00    0,00    0,00    0,00    0,00    0,00    0,00   98,00
04:22:58      20    0,00    0,00    1,00    0,00    0,00    0,00    0,00    0,00    0,00   99,00
04:22:58      21    1,00    0,00    1,00    0,00    0,00    0,00    0,00    0,00    0,00   98,00
04:22:58      22    0,00    0,00    1,00    0,00    0,00    0,00    0,00    0,00    0,00   99,00
04:22:58      23    2,97    0,00    2,97    0,00    0,00    0,00    0,00    0,00    0,00   94,06

04:22:58     CPU    %usr   %nice    %sys %iowait    %irq   %soft  %steal  %guest  %gnice   %idle
04:22:59     all    4,67    0,00    0,00    0,00    0,00    0,00    0,00    0,00    0,00   95,33
04:22:59       0    0,00    0,00    0,00    0,00    0,00    0,00    0,00    0,00    0,00  100,00
04:22:59       1  100,00    0,00    0,00    0,00    0,00    0,00    0,00    0,00    0,00    0,00
04:22:59       2    0,00    0,00    0,00    0,00    0,00    0,00    0,00    0,00    0,00  100,00
04:22:59       3    0,00    0,00    0,00    0,00    0,00    0,00    0,00    0,00    0,00  100,00
04:22:59       4    0,00    0,00    0,00    0,00    0,00    0,00    0,00    0,00    0,00  100,00
04:22:59       5    0,00    0,00    0,00    0,00    0,00    0,00    0,00    0,00    0,00  100,00
04:22:59       6    1,00    0,00    0,00    0,00    0,00    0,00    0,00    0,00    0,00   99,00
04:22:59       7    0,00    0,00    0,00    0,00    0,00    0,00    0,00    0,00    0,00  100,00
04:22:59       8   10,89    0,00    0,00    0,00    0,00    0,00    0,00    0,00    0,00   89,11
04:22:59       9    0,00    0,00    0,00    0,00    0,00    0,00    0,00    0,00    0,00  100,00
04:22:59      10    0,00    0,00    0,00    0,00    0,00    0,00    0,00    0,00    0,00  100,00
04:22:59      11    0,00    0,00    0,00    0,00    0,00    0,00    0,00    0,00    0,00  100,00
04:22:59      12    0,00    0,00    0,00    0,00    0,00    0,00    0,00    0,00    0,00  100,00
04:22:59      13    0,00    0,00    0,00    0,00    0,00    0,00    0,00    0,00    0,00  100,00
04:22:59      14    0,00    0,00    0,00    0,00    0,00    0,00    0,00    0,00    0,00  100,00
04:22:59      15    0,00    0,00    0,00    0,00    0,00    0,00    0,00    0,00    0,00  100,00
04:22:59      16    0,00    0,00    0,00    0,00    0,00    0,00    0,00    0,00    0,00  100,00
04:22:59      17    0,00    0,00    0,00    0,00    0,00    0,00    0,00    0,00    0,00  100,00
04:22:59      18    0,00    0,00    0,00    0,00    0,00    0,00    0,00    0,00    0,00  100,00
04:22:59      19    0,00    0,00    0,00    0,00    0,00    0,00    0,00    0,00    0,00  100,00
04:22:59      20    0,00    0,00    0,00    0,00    0,00    0,00    0,00    0,00    0,00  100,00
04:22:59      21    0,00    0,00    0,00    0,00    0,00    0,00    0,00    0,00    0,00  100,00
04:22:59      22    0,00    0,00    0,00    0,00    0,00    0,00    0,00    0,00    0,00  100,00
04:22:59      23    0,00    0,00    0,00    0,00    0,00    0,00    0,00    0,00    0,00  100,00

04:22:59     CPU    %usr   %nice    %sys %iowait    %irq   %soft  %steal  %guest  %gnice   %idle
04:23:00     all    4,96    0,00    0,00    0,00    0,00    0,00    0,00    0,00    0,00   95,04
04:23:00       0    0,00    0,00    0,00    0,00    0,00    0,00    0,00    0,00    0,00  100,00
04:23:00       1  100,00    0,00    0,00    0,00    0,00    0,00    0,00    0,00    0,00    0,00
04:23:00       2    0,00    0,00    0,00    0,00    0,00    0,00    0,00    0,00    0,00  100,00
04:23:00       3    0,00    0,00    0,00    0,00    0,00    0,00    0,00    0,00    0,00  100,00
04:23:00       4    0,00    0,00    0,00    0,00    0,00    0,00    0,00    0,00    0,00  100,00
04:23:00       5    0,00    0,00    0,00    0,00    0,00    0,00    0,00    0,00    0,00  100,00
04:23:00       6    1,98    0,00    0,00    0,00    0,00    0,00    0,00    0,00    0,00   98,02
04:23:00       7    0,00    0,00    0,00    0,00    0,00    0,00    0,00    0,00    0,00  100,00
04:23:00       8   15,15    0,00    0,00    0,00    0,00    0,00    0,00    0,00    0,00   84,85
04:23:00       9    0,00    0,00    0,00    0,00    0,00    0,00    0,00    0,00    0,00  100,00
04:23:00      10    0,00    0,00    0,00    0,00    0,00    0,00    0,00    0,00    0,00  100,00
04:23:00      11    0,00    0,00    0,00    0,00    0,00    0,00    0,00    0,00    0,00  100,00
04:23:00      12    0,99    0,00    0,00    0,00    0,00    0,00    0,00    0,00    0,00   99,01
04:23:00      13    0,00    0,00    0,00    0,00    0,00    0,00    0,00    0,00    0,00  100,00
04:23:00      14    0,99    0,00    0,00    0,00    0,00    0,00    0,00    0,00    0,00   99,01
04:23:00      15    0,00    0,00    0,00    0,00    0,00    0,00    0,00    0,00    0,00  100,00
04:23:00      16    0,00    0,00    0,00    0,00    0,00    0,00    0,00    0,00    0,00  100,00
04:23:00      17    0,00    0,00    0,00    0,00    0,00    0,00    0,00    0,00    0,00  100,00
04:23:00      18    0,00    0,00    0,00    0,00    0,00    0,00    0,00    0,00    0,00  100,00
04:23:00      19    0,00    0,00    0,00    0,00    0,00    0,00    0,00    0,00    0,00  100,00
04:23:00      20    0,00    0,00    0,00    0,00    0,00    0,00    0,00    0,00    0,00  100,00
04:23:00      21    0,00    0,00    0,00    0,00    0,00    0,00    0,00    0,00    0,00  100,00
04:23:00      22    0,00    0,00    0,00    0,00    0,00    0,00    0,00    0,00    0,00  100,00
04:23:00      23    0,00    0,00    0,00    0,00    0,00    0,00    0,00    0,00    0,00  100,00

04:23:00     CPU    %usr   %nice    %sys %iowait    %irq   %soft  %steal  %guest  %gnice   %idle
04:23:01     all    4,50    0,00    0,00    0,00    0,00    0,00    0,00    0,00    0,00   95,50
04:23:01       0    0,00    0,00    0,00    0,00    0,00    0,00    0,00    0,00    0,00  100,00
04:23:01       1  100,00    0,00    0,00    0,00    0,00    0,00    0,00    0,00    0,00    0,00
04:23:01       2    0,00    0,00    0,00    0,00    0,00    0,00    0,00    0,00    0,00  100,00
04:23:01       3    0,00    0,00    0,00    0,00    0,00    0,00    0,00    0,00    0,00  100,00
04:23:01       4    0,00    0,00    0,00    0,00    0,00    0,00    0,00    0,00    0,00  100,00
04:23:01       5    0,00    0,00    0,00    0,00    0,00    0,00    0,00    0,00    0,00  100,00
04:23:01       6    0,00    0,00    0,00    0,00    0,00    0,00    0,00    0,00    0,00  100,00
04:23:01       7    0,00    0,00    0,00    0,00    0,00    0,00    0,00    0,00    0,00  100,00
04:23:01       8    5,94    0,00    0,00    0,00    0,00    0,00    0,00    0,00    0,00   94,06
04:23:01       9    0,00    0,00    0,00    0,00    0,00    0,00    0,00    0,00    0,00  100,00
04:23:01      10    0,99    0,00    0,00    0,00    0,00    0,00    0,00    0,00    0,00   99,01
04:23:01      11    0,00    0,00    0,00    0,00    0,00    0,00    0,00    0,00    0,00  100,00
04:23:01      12    0,00    0,00    0,00    0,00    0,00    0,00    0,00    0,00    0,00  100,00
04:23:01      13    0,00    0,00    0,00    0,00    0,00    0,00    0,00    0,00    0,00  100,00
04:23:01      14    0,00    0,00    0,00    0,00    0,00    0,00    0,00    0,00    0,00  100,00
04:23:01      15    0,00    0,00    0,00    0,00    0,00    0,00    0,00    0,00    0,00  100,00
04:23:01      16    0,00    0,00    0,00    0,00    0,00    0,00    0,00    0,00    0,00  100,00
04:23:01      17    0,00    0,00    0,00    0,00    0,00    0,00    0,00    0,00    0,00  100,00
04:23:01      18    0,00    0,00    0,00    0,00    0,00    0,00    0,00    0,00    0,00  100,00
04:23:01      19    0,99    0,00    0,00    0,00    0,00    0,00    0,00    0,00    0,00   99,01
04:23:01      20    0,00    0,00    0,00    0,00    0,00    0,00    0,00    0,00    0,00  100,00
04:23:01      21    0,00    0,00    0,00    0,00    0,00    0,00    0,00    0,00    0,00  100,00
04:23:01      22    0,00    0,00    0,00    0,00    0,00    0,00    0,00    0,00    0,00  100,00
04:23:01      23    0,00    0,00    0,00    0,00    0,00    0,00    0,00    0,00    0,00  100,00

04:23:01     CPU    %usr   %nice    %sys %iowait    %irq   %soft  %steal  %guest  %gnice   %idle
04:23:02     all    4,71    0,00    0,00    0,00    0,00    0,00    0,00    0,00    0,00   95,29
04:23:02       0    0,00    0,00    0,00    0,00    0,00    0,00    0,00    0,00    0,00  100,00
04:23:02       1  100,00    0,00    0,00    0,00    0,00    0,00    0,00    0,00    0,00    0,00
04:23:02       2    0,00    0,00    0,00    0,00    0,00    0,00    0,00    0,00    0,00  100,00
04:23:02       3    0,00    0,00    0,00    0,00    0,00    0,00    0,00    0,00    0,00  100,00
04:23:02       4    0,00    0,00    0,00    0,00    0,00    0,00    0,00    0,00    0,00  100,00
04:23:02       5    0,00    0,00    0,00    0,00    0,00    0,00    0,00    0,00    0,00  100,00
04:23:02       6    1,00    0,00    0,00    0,00    0,00    0,00    0,00    0,00    0,00   99,00
04:23:02       7    0,00    0,00    0,00    0,00    0,00    0,00    0,00    0,00    0,00  100,00
04:23:02       8   10,00    0,00    0,00    0,00    0,00    0,00    0,00    0,00    0,00   90,00
04:23:02       9    0,00    0,00    0,00    0,00    0,00    0,00    0,00    0,00    0,00  100,00
04:23:02      10    1,00    0,00    0,00    0,00    0,00    0,00    0,00    0,00    0,00   99,00
04:23:02      11    0,00    0,00    0,00    0,00    0,00    0,00    0,00    0,00    0,00  100,00
04:23:02      12    0,00    0,00    0,00    0,00    0,00    0,00    0,00    0,00    0,00  100,00
04:23:02      13    0,00    0,00    0,00    0,00    0,00    0,00    0,00    0,00    0,00  100,00
04:23:02      14    0,00    0,00    0,00    0,00    0,00    0,00    0,00    0,00    0,00  100,00
04:23:02      15    0,00    0,00    0,00    0,00    0,00    0,00    0,00    0,00    0,00  100,00
04:23:02      16    0,00    0,00    0,00    0,00    0,00    0,00    0,00    0,00    0,00  100,00
04:23:02      17    0,00    0,00    0,00    0,00    0,00    0,00    0,00    0,00    0,00  100,00
04:23:02      18    0,00    0,00    0,00    0,00    0,00    0,00    0,00    0,00    0,00  100,00
04:23:02      19    0,00    0,00    0,00    0,00    0,00    0,00    0,00    0,00    0,00  100,00
04:23:02      20    0,00    0,00    0,00    0,00    0,00    0,00    0,00    0,00    0,00  100,00
04:23:02      21    0,00    0,00    0,00    0,00    0,00    0,00    0,00    0,00    0,00  100,00
04:23:02      22    1,00    0,00    0,00    0,00    0,00    0,00    0,00    0,00    0,00   99,00
04:23:02      23    0,00    0,00    0,00    0,00    0,00    0,00    0,00    0,00    0,00  100,00

04:23:02     CPU    %usr   %nice    %sys %iowait    %irq   %soft  %steal  %guest  %gnice   %idle
04:23:03     all    4,67    0,00    0,00    0,08    0,00    0,00    0,00    0,00    0,00   95,25
04:23:03       0    0,00    0,00    0,00    0,00    0,00    0,00    0,00    0,00    0,00  100,00
04:23:03       1  100,00    0,00    0,00    0,00    0,00    0,00    0,00    0,00    0,00    0,00
04:23:03       2    0,00    0,00    0,00    0,00    0,00    0,00    0,00    0,00    0,00  100,00
04:23:03       3    0,00    0,00    0,00    0,00    0,00    0,00    0,00    0,00    0,00  100,00
04:23:03       4    0,00    0,00    0,00    0,00    0,00    0,00    0,00    0,00    0,00  100,00
04:23:03       5    0,00    0,00    0,00    0,00    0,00    0,00    0,00    0,00    0,00  100,00
04:23:03       6    1,00    0,00    0,00    0,00    0,00    0,00    0,00    0,00    0,00   99,00
04:23:03       7    0,00    0,00    0,00    0,00    0,00    0,00    0,00    0,00    0,00  100,00
04:23:03       8   10,10    0,00    0,00    0,00    0,00    0,00    0,00    0,00    0,00   89,90
04:23:03       9    0,00    0,00    0,00    0,00    0,00    0,00    0,00    0,00    0,00  100,00
04:23:03      10    0,99    0,00    0,00    0,00    0,00    0,00    0,00    0,00    0,00   99,01
04:23:03      11    0,00    0,00    0,00    0,00    0,00    0,00    0,00    0,00    0,00  100,00
04:23:03      12    0,00    0,00    0,00    0,00    0,00    0,00    0,00    0,00    0,00  100,00
04:23:03      13    0,00    0,00    0,00    0,00    0,00    0,00    0,00    0,00    0,00  100,00
04:23:03      14    0,00    0,00    0,00    0,00    0,00    0,00    0,00    0,00    0,00  100,00
04:23:03      15    0,00    0,00    0,00    0,00    0,00    0,00    0,00    0,00    0,00  100,00
04:23:03      16    0,00    0,00    0,00    1,01    0,00    0,00    0,00    0,00    0,00   98,99
04:23:03      17    0,00    0,00    0,00    0,00    0,00    0,00    0,00    0,00    0,00  100,00
04:23:03      18    0,00    0,00    0,00    1,00    0,00    0,00    0,00    0,00    0,00   99,00
04:23:03      19    0,00    0,00    0,00    0,00    0,00    0,00    0,00    0,00    0,00  100,00
04:23:03      20    0,00    0,00    0,00    0,00    0,00    0,00    0,00    0,00    0,00  100,00
04:23:03      21    0,00    0,00    0,00    0,00    0,00    0,00    0,00    0,00    0,00  100,00
04:23:03      22    0,00    0,00    0,00    0,00    0,00    0,00    0,00    0,00    0,00  100,00
04:23:03      23    0,00    0,00    0,00    0,00    0,00    0,00    0,00    0,00    0,00  100,00

04:23:03     CPU    %usr   %nice    %sys %iowait    %irq   %soft  %steal  %guest  %gnice   %idle
04:23:04     all    4,29    0,00    0,00    0,00    0,00    0,00    0,00    0,00    0,00   95,71
04:23:04       0    0,00    0,00    0,00    0,00    0,00    0,00    0,00    0,00    0,00  100,00
04:23:04       1  100,00    0,00    0,00    0,00    0,00    0,00    0,00    0,00    0,00    0,00
04:23:04       2    0,00    0,00    0,00    0,00    0,00    0,00    0,00    0,00    0,00  100,00
04:23:04       3    0,00    0,00    0,00    0,00    0,00    0,00    0,00    0,00    0,00  100,00
04:23:04       4    0,00    0,00    0,00    0,00    0,00    0,00    0,00    0,00    0,00  100,00
04:23:04       5    0,00    0,00    0,00    0,00    0,00    0,00    0,00    0,00    0,00  100,00
04:23:04       6    0,99    0,00    0,00    0,00    0,00    0,00    0,00    0,00    0,00   99,01
04:23:04       7    0,00    0,00    0,00    0,00    0,00    0,00    0,00    0,00    0,00  100,00
04:23:04       8    0,00    0,00    0,00    0,00    0,00    0,00    0,00    0,00    0,00  100,00
04:23:04       9    0,00    0,00    0,00    0,00    0,00    0,00    0,00    0,00    0,00  100,00
04:23:04      10    0,00    0,00    0,00    0,00    0,00    0,00    0,00    0,00    0,00  100,00
04:23:04      11    0,00    0,00    0,00    0,00    0,00    0,00    0,00    0,00    0,00  100,00
04:23:04      12    0,00    0,00    0,00    0,00    0,00    0,00    0,00    0,00    0,00  100,00
04:23:04      13    0,99    0,00    0,00    0,00    0,00    0,00    0,00    0,00    0,00   99,01
04:23:04      14    1,00    0,00    0,00    0,00    0,00    0,00    0,00    0,00    0,00   99,00
04:23:04      15    0,00    0,00    0,00    0,00    0,00    0,00    0,00    0,00    0,00  100,00
04:23:04      16    0,00    0,00    0,00    0,00    0,00    0,00    0,00    0,00    0,00  100,00
04:23:04      17    0,00    0,00    0,00    0,00    0,00    0,00    0,00    0,00    0,00  100,00
04:23:04      18    0,00    0,00    0,00    0,00    0,00    0,00    0,00    0,00    0,00  100,00
04:23:04      19    0,00    0,00    0,00    0,00    0,00    0,00    0,00    0,00    0,00  100,00
04:23:04      20    0,00    0,00    0,00    0,00    0,00    0,00    0,00    0,00    0,00  100,00
04:23:04      21    0,00    0,00    0,00    0,00    0,00    0,00    0,00    0,00    0,00  100,00
04:23:04      22    0,00    0,00    0,00    0,00    0,00    0,00    0,00    0,00    0,00  100,00
04:23:04      23    0,00    0,00    0,00    0,00    0,00    0,00    0,00    0,00    0,00  100,00

04:23:04     CPU    %usr   %nice    %sys %iowait    %irq   %soft  %steal  %guest  %gnice   %idle
04:23:05     all    4,25    0,00    0,00    0,00    0,00    0,00    0,00    0,00    0,00   95,75
04:23:05       0    0,00    0,00    0,00    0,00    0,00    0,00    0,00    0,00    0,00  100,00
04:23:05       1  100,00    0,00    0,00    0,00    0,00    0,00    0,00    0,00    0,00    0,00
04:23:05       2    0,00    0,00    0,00    0,00    0,00    0,00    0,00    0,00    0,00  100,00
04:23:05       3    0,00    0,00    0,00    0,00    0,00    0,00    0,00    0,00    0,00  100,00
04:23:05       4    0,00    0,00    0,00    0,00    0,00    0,00    0,00    0,00    0,00  100,00
04:23:05       5    0,00    0,00    0,00    0,00    0,00    0,00    0,00    0,00    0,00  100,00
04:23:05       6    0,00    0,00    0,00    0,00    0,00    0,00    0,00    0,00    0,00  100,00
04:23:05       7    0,00    0,00    0,00    0,00    0,00    0,00    0,00    0,00    0,00  100,00
04:23:05       8    0,00    0,00    0,00    0,00    0,00    0,00    0,00    0,00    0,00  100,00
04:23:05       9    0,00    0,00    0,00    0,00    0,00    0,00    0,00    0,00    0,00  100,00
04:23:05      10    0,00    0,00    0,00    0,00    0,00    0,00    0,00    0,00    0,00  100,00
04:23:05      11    0,00    0,00    0,00    0,00    0,00    0,00    0,00    0,00    0,00  100,00
04:23:05      12    0,00    0,00    0,00    0,00    0,00    0,00    0,00    0,00    0,00  100,00
04:23:05      13    0,00    0,00    0,00    0,00    0,00    0,00    0,00    0,00    0,00  100,00
04:23:05      14    1,96    0,00    0,00    0,00    0,00    0,00    0,00    0,00    0,00   98,04
04:23:05      15    0,00    0,00    0,00    0,00    0,00    0,00    0,00    0,00    0,00  100,00
04:23:05      16    0,00    0,00    0,00    0,00    0,00    0,00    0,00    0,00    0,00  100,00
04:23:05      17    0,00    0,00    0,00    0,00    0,00    0,00    0,00    0,00    0,00  100,00
04:23:05      18    0,00    0,00    0,00    0,00    0,00    0,00    0,00    0,00    0,00  100,00
04:23:05      19    0,00    0,00    0,00    0,00    0,00    0,00    0,00    0,00    0,00  100,00
04:23:05      20    0,00    0,00    0,00    0,00    0,00    0,00    0,00    0,00    0,00  100,00
04:23:05      21    0,00    0,00    0,00    0,00    0,00    0,00    0,00    0,00    0,00  100,00
04:23:05      22    0,00    0,00    0,00    0,00    0,00    0,00    0,00    0,00    0,00  100,00
04:23:05      23    0,00    0,00    0,00    0,00    0,00    0,00    0,00    0,00    0,00  100,00

04:23:05     CPU    %usr   %nice    %sys %iowait    %irq   %soft  %steal  %guest  %gnice   %idle
04:23:06     all    4,58    0,00    0,29    0,00    0,00    0,00    0,00    0,00    0,00   95,13
04:23:06       0    0,00    0,00    0,00    0,00    0,00    0,00    0,00    0,00    0,00  100,00
04:23:06       1  100,00    0,00    0,00    0,00    0,00    0,00    0,00    0,00    0,00    0,00
04:23:06       2    0,00    0,00    0,00    0,00    0,00    0,00    0,00    0,00    0,00  100,00
04:23:06       3    0,00    0,00    0,00    0,00    0,00    0,00    0,00    0,00    0,00  100,00
04:23:06       4    0,99    0,00    0,00    0,00    0,00    0,00    0,00    0,00    0,00   99,01
04:23:06       5    0,00    0,00    0,00    0,00    0,00    0,00    0,00    0,00    0,00  100,00
04:23:06       6    0,00    0,00    0,99    0,00    0,00    0,00    0,00    0,00    0,00   99,01
04:23:06       7    0,00    0,00    0,00    0,00    0,00    0,00    0,00    0,00    0,00  100,00
04:23:06       8    6,93    0,00    4,95    0,00    0,00    0,00    0,00    0,00    0,00   88,12
04:23:06       9    0,00    0,00    0,00    0,00    0,00    0,00    0,00    0,00    0,00  100,00
04:23:06      10    0,99    0,00    0,00    0,00    0,00    0,00    0,00    0,00    0,00   99,01
04:23:06      11    0,00    0,00    0,00    0,00    0,00    0,00    0,00    0,00    0,00  100,00
04:23:06      12    0,00    0,00    0,00    0,00    0,00    0,00    0,00    0,00    0,00  100,00
04:23:06      13    0,00    0,00    0,00    0,00    0,00    0,00    0,00    0,00    0,00  100,00
04:23:06      14    0,00    0,00    0,00    0,00    0,00    0,00    0,00    0,00    0,00  100,00
04:23:06      15    0,00    0,00    0,00    0,00    0,00    0,00    0,00    0,00    0,00  100,00
04:23:06      16    0,99    0,00    0,00    0,00    0,00    0,00    0,00    0,00    0,00   99,01
04:23:06      17    0,00    0,00    0,00    0,00    0,00    0,00    0,00    0,00    0,00  100,00
04:23:06      18    0,00    0,00    0,99    0,00    0,00    0,00    0,00    0,00    0,00   99,01
04:23:06      19    0,00    0,00    0,00    0,00    0,00    0,00    0,00    0,00    0,00  100,00
04:23:06      20    0,00    0,00    0,00    0,00    0,00    0,00    0,00    0,00    0,00  100,00
04:23:06      21    0,00    0,00    0,00    0,00    0,00    0,00    0,00    0,00    0,00  100,00
04:23:06      22    0,00    0,00    0,00    0,00    0,00    0,00    0,00    0,00    0,00  100,00
04:23:06      23    0,00    0,00    0,00    0,00    0,00    0,00    0,00    0,00    0,00  100,00

04:23:06     CPU    %usr   %nice    %sys %iowait    %irq   %soft  %steal  %guest  %gnice   %idle
04:23:07     all    4,29    0,00    0,00    0,00    0,00    0,00    0,00    0,00    0,00   95,71
04:23:07       0    0,00    0,00    0,00    0,00    0,00    0,00    0,00    0,00    0,00  100,00
04:23:07       1  100,00    0,00    0,00    0,00    0,00    0,00    0,00    0,00    0,00    0,00
04:23:07       2    0,00    0,00    0,00    0,00    0,00    0,00    0,00    0,00    0,00  100,00
04:23:07       3    0,00    0,00    0,00    0,00    0,00    0,00    0,00    0,00    0,00  100,00
04:23:07       4    0,00    0,00    0,00    0,00    0,00    0,00    0,00    0,00    0,00  100,00
04:23:07       5    0,00    0,00    0,00    0,00    0,00    0,00    0,00    0,00    0,00  100,00
04:23:07       6    0,00    0,00    0,00    0,00    0,00    0,00    0,00    0,00    0,00  100,00
04:23:07       7    0,00    0,00    0,00    0,00    0,00    0,00    0,00    0,00    0,00  100,00
04:23:07       8    0,00    0,00    0,00    0,00    0,00    0,00    0,00    0,00    0,00  100,00
04:23:07       9    0,00    0,00    0,00    0,00    0,00    0,00    0,00    0,00    0,00  100,00
04:23:07      10    1,96    0,00    0,00    0,00    0,00    0,00    0,00    0,00    0,00   98,04
04:23:07      11    0,00    0,00    0,00    0,00    0,00    0,00    0,00    0,00    0,00  100,00
04:23:07      12    1,00    0,00    0,00    0,00    0,00    0,00    0,00    0,00    0,00   99,00
04:23:07      13    0,00    0,00    0,00    0,00    0,00    0,00    0,00    0,00    0,00  100,00
04:23:07      14    0,00    0,00    0,00    0,00    0,00    0,00    0,00    0,00    0,00  100,00
04:23:07      15    0,00    0,00    0,00    0,00    0,00    0,00    0,00    0,00    0,00  100,00
04:23:07      16    0,00    0,00    0,00    0,00    0,00    0,00    0,00    0,00    0,00  100,00
04:23:07      17    0,00    0,00    0,00    0,00    0,00    0,00    0,00    0,00    0,00  100,00
04:23:07      18    0,00    0,00    0,00    0,00    0,00    0,00    0,00    0,00    0,00  100,00
04:23:07      19    0,00    0,00    0,00    0,00    0,00    0,00    0,00    0,00    0,00  100,00
04:23:07      20    0,00    0,00    0,00    0,00    0,00    0,00    0,00    0,00    0,00  100,00
04:23:07      21    0,00    0,00    0,00    0,00    0,00    0,00    0,00    0,00    0,00  100,00
04:23:07      22    0,00    0,00    0,00    0,00    0,00    0,00    0,00    0,00    0,00  100,00
04:23:07      23    0,00    0,00    0,00    0,00    0,00    0,00    0,00    0,00    0,00  100,00
