Linux 6.8.0-106-generic (testbed-node1) 	06/05/26 	_x86_64_	(24 CPU)

11:36:07     CPU    %usr   %nice    %sys %iowait    %irq   %soft  %steal  %guest  %gnice   %idle
11:36:08     all   54,19    0,00    0,04    0,00    0,00    0,00    0,00    0,00    0,00   45,77
11:36:08       0  100,00    0,00    0,00    0,00    0,00    0,00    0,00    0,00    0,00    0,00
11:36:08       1  100,00    0,00    0,00    0,00    0,00    0,00    0,00    0,00    0,00    0,00
11:36:08       2  100,00    0,00    0,00    0,00    0,00    0,00    0,00    0,00    0,00    0,00
11:36:08       3  100,00    0,00    0,00    0,00    0,00    0,00    0,00    0,00    0,00    0,00
11:36:08       4  100,00    0,00    0,00    0,00    0,00    0,00    0,00    0,00    0,00    0,00
11:36:08       5  100,00    0,00    0,00    0,00    0,00    0,00    0,00    0,00    0,00    0,00
11:36:08       6  100,00    0,00    0,00    0,00    0,00    0,00    0,00    0,00    0,00    0,00
11:36:08       7  100,00    0,00    0,00    0,00    0,00    0,00    0,00    0,00    0,00    0,00
11:36:08       8  100,00    0,00    0,00    0,00    0,00    0,00    0,00    0,00    0,00    0,00
11:36:08       9  100,00    0,00    0,00    0,00    0,00    0,00    0,00    0,00    0,00    0,00
11:36:08      10  100,00    0,00    0,00    0,00    0,00    0,00    0,00    0,00    0,00    0,00
11:36:08      11  100,00    0,00    0,00    0,00    0,00    0,00    0,00    0,00    0,00    0,00
11:36:08      12  100,00    0,00    0,00    0,00    0,00    0,00    0,00    0,00    0,00    0,00
11:36:08      13    0,00    0,00    0,00    0,00    0,00    0,00    0,00    0,00    0,00  100,00
11:36:08      14    0,00    0,00    0,00    0,00    0,00    0,00    0,00    0,00    0,00  100,00
11:36:08      15    0,00    0,00    0,00    0,00    0,00    0,00    0,00    0,00    0,00  100,00
11:36:08      16    0,00    0,00    0,99    0,00    0,00    0,00    0,00    0,00    0,00   99,01
11:36:08      17    0,00    0,00    0,00    0,00    0,00    0,00    0,00    0,00    0,00  100,00
11:36:08      18    0,00    0,00    0,00    0,00    0,00    0,00    0,00    0,00    0,00  100,00
11:36:08      19    0,00    0,00    0,00    0,00    0,00    0,00    0,00    0,00    0,00  100,00
11:36:08      20    0,00    0,00    0,00    0,00    0,00    0,00    0,00    0,00    0,00  100,00
11:36:08      21    0,00    0,00    0,00    0,00    0,00    0,00    0,00    0,00    0,00  100,00
11:36:08      22    0,00    0,00    0,00    0,00    0,00    0,00    0,00    0,00    0,00  100,00
11:36:08      23    0,00    0,00    0,00    0,00    0,00    0,00    0,00    0,00    0,00  100,00

11:36:08     CPU    %usr   %nice    %sys %iowait    %irq   %soft  %steal  %guest  %gnice   %idle
11:36:09     all   54,19    0,00    0,00    0,00    0,00    0,00    0,00    0,00    0,00   45,81
11:36:09       0  100,00    0,00    0,00    0,00    0,00    0,00    0,00    0,00    0,00    0,00
11:36:09       1  100,00    0,00    0,00    0,00    0,00    0,00    0,00    0,00    0,00    0,00
11:36:09       2  100,00    0,00    0,00    0,00    0,00    0,00    0,00    0,00    0,00    0,00
11:36:09       3  100,00    0,00    0,00    0,00    0,00    0,00    0,00    0,00    0,00    0,00
11:36:09       4  100,00    0,00    0,00    0,00    0,00    0,00    0,00    0,00    0,00    0,00
11:36:09       5  100,00    0,00    0,00    0,00    0,00    0,00    0,00    0,00    0,00    0,00
11:36:09       6  100,00    0,00    0,00    0,00    0,00    0,00    0,00    0,00    0,00    0,00
11:36:09       7  100,00    0,00    0,00    0,00    0,00    0,00    0,00    0,00    0,00    0,00
11:36:09       8  100,00    0,00    0,00    0,00    0,00    0,00    0,00    0,00    0,00    0,00
11:36:09       9  100,00    0,00    0,00    0,00    0,00    0,00    0,00    0,00    0,00    0,00
11:36:09      10  100,00    0,00    0,00    0,00    0,00    0,00    0,00    0,00    0,00    0,00
11:36:09      11  100,00    0,00    0,00    0,00    0,00    0,00    0,00    0,00    0,00    0,00
11:36:09      12  100,00    0,00    0,00    0,00    0,00    0,00    0,00    0,00    0,00    0,00
11:36:09      13    0,00    0,00    0,00    0,00    0,00    0,00    0,00    0,00    0,00  100,00
11:36:09      14    0,00    0,00    0,00    0,00    0,00    0,00    0,00    0,00    0,00  100,00
11:36:09      15    0,00    0,00    0,00    0,00    0,00    0,00    0,00    0,00    0,00  100,00
11:36:09      16    0,00    0,00    0,00    0,00    0,00    0,00    0,00    0,00    0,00  100,00
11:36:09      17    0,00    0,00    0,00    0,00    0,00    0,00    0,00    0,00    0,00  100,00
11:36:09      18    0,00    0,00    0,00    0,00    0,00    0,00    0,00    0,00    0,00  100,00
11:36:09      19    0,00    0,00    0,00    0,00    0,00    0,00    0,00    0,00    0,00  100,00
11:36:09      20    0,00    0,00    0,00    0,00    0,00    0,00    0,00    0,00    0,00  100,00
11:36:09      21    0,00    0,00    0,00    0,00    0,00    0,00    0,00    0,00    0,00  100,00
11:36:09      22    0,00    0,00    0,00    0,00    0,00    0,00    0,00    0,00    0,00  100,00
11:36:09      23    0,00    0,00    0,00    0,00    0,00    0,00    0,00    0,00    0,00  100,00

11:36:09     CPU    %usr   %nice    %sys %iowait    %irq   %soft  %steal  %guest  %gnice   %idle
11:36:10     all   54,61    0,00    0,13    0,00    0,00    0,00    0,00    0,00    0,00   45,26
11:36:10       0  100,00    0,00    0,00    0,00    0,00    0,00    0,00    0,00    0,00    0,00
11:36:10       1  100,00    0,00    0,00    0,00    0,00    0,00    0,00    0,00    0,00    0,00
11:36:10       2  100,00    0,00    0,00    0,00    0,00    0,00    0,00    0,00    0,00    0,00
11:36:10       3  100,00    0,00    0,00    0,00    0,00    0,00    0,00    0,00    0,00    0,00
11:36:10       4  100,00    0,00    0,00    0,00    0,00    0,00    0,00    0,00    0,00    0,00
11:36:10       5  100,00    0,00    0,00    0,00    0,00    0,00    0,00    0,00    0,00    0,00
11:36:10       6  100,00    0,00    0,00    0,00    0,00    0,00    0,00    0,00    0,00    0,00
11:36:10       7  100,00    0,00    0,00    0,00    0,00    0,00    0,00    0,00    0,00    0,00
11:36:10       8  100,00    0,00    0,00    0,00    0,00    0,00    0,00    0,00    0,00    0,00
11:36:10       9  100,00    0,00    0,00    0,00    0,00    0,00    0,00    0,00    0,00    0,00
11:36:10      10  100,00    0,00    0,00    0,00    0,00    0,00    0,00    0,00    0,00    0,00
11:36:10      11  100,00    0,00    0,00    0,00    0,00    0,00    0,00    0,00    0,00    0,00
11:36:10      12  100,00    0,00    0,00    0,00    0,00    0,00    0,00    0,00    0,00    0,00
11:36:10      13    0,00    0,00    0,00    0,00    0,00    0,00    0,00    0,00    0,00  100,00
11:36:10      14    4,00    0,00    1,00    0,00    0,00    0,00    0,00    0,00    0,00   95,00
11:36:10      15    0,00    0,00    0,00    0,00    0,00    0,00    0,00    0,00    0,00  100,00
11:36:10      16    0,00    0,00    0,00    0,00    0,00    0,00    0,00    0,00    0,00  100,00
11:36:10      17    0,00    0,00    0,00    0,00    0,00    0,00    0,00    0,00    0,00  100,00
11:36:10      18    4,04    0,00    1,01    0,00    0,00    0,00    0,00    0,00    0,00   94,95
11:36:10      19    0,00    0,00    0,00    0,00    0,00    0,00    0,00    0,00    0,00  100,00
11:36:10      20    0,99    0,00    0,00    0,00    0,00    0,00    0,00    0,00    0,00   99,01
11:36:10      21    0,00    0,00    0,00    0,00    0,00    0,00    0,00    0,00    0,00  100,00
11:36:10      22    0,00    0,00    0,00    0,00    0,00    0,00    0,00    0,00    0,00  100,00
11:36:10      23    0,00    0,00    1,00    0,00    0,00    0,00    0,00    0,00    0,00   99,00

11:36:10     CPU    %usr   %nice    %sys %iowait    %irq   %soft  %steal  %guest  %gnice   %idle
11:36:11     all   54,23    0,00    0,00    0,00    0,00    0,00    0,00    0,00    0,00   45,77
11:36:11       0  100,00    0,00    0,00    0,00    0,00    0,00    0,00    0,00    0,00    0,00
11:36:11       1  100,00    0,00    0,00    0,00    0,00    0,00    0,00    0,00    0,00    0,00
11:36:11       2  100,00    0,00    0,00    0,00    0,00    0,00    0,00    0,00    0,00    0,00
11:36:11       3  100,00    0,00    0,00    0,00    0,00    0,00    0,00    0,00    0,00    0,00
11:36:11       4  100,00    0,00    0,00    0,00    0,00    0,00    0,00    0,00    0,00    0,00
11:36:11       5  100,00    0,00    0,00    0,00    0,00    0,00    0,00    0,00    0,00    0,00
11:36:11       6  100,00    0,00    0,00    0,00    0,00    0,00    0,00    0,00    0,00    0,00
11:36:11       7  100,00    0,00    0,00    0,00    0,00    0,00    0,00    0,00    0,00    0,00
11:36:11       8  100,00    0,00    0,00    0,00    0,00    0,00    0,00    0,00    0,00    0,00
11:36:11       9  100,00    0,00    0,00    0,00    0,00    0,00    0,00    0,00    0,00    0,00
11:36:11      10  100,00    0,00    0,00    0,00    0,00    0,00    0,00    0,00    0,00    0,00
11:36:11      11  100,00    0,00    0,00    0,00    0,00    0,00    0,00    0,00    0,00    0,00
11:36:11      12  100,00    0,00    0,00    0,00    0,00    0,00    0,00    0,00    0,00    0,00
11:36:11      13    0,00    0,00    0,00    0,00    0,00    0,00    0,00    0,00    0,00  100,00
11:36:11      14    0,00    0,00    0,00    0,00    0,00    0,00    0,00    0,00    0,00  100,00
11:36:11      15    0,00    0,00    0,00    0,00    0,00    0,00    0,00    0,00    0,00  100,00
11:36:11      16    0,00    0,00    0,00    0,00    0,00    0,00    0,00    0,00    0,00  100,00
11:36:11      17    0,00    0,00    0,00    0,00    0,00    0,00    0,00    0,00    0,00  100,00
11:36:11      18    0,00    0,00    0,00    0,00    0,00    0,00    0,00    0,00    0,00  100,00
11:36:11      19    0,00    0,00    0,00    0,00    0,00    0,00    0,00    0,00    0,00  100,00
11:36:11      20    0,00    0,00    0,00    0,00    0,00    0,00    0,00    0,00    0,00  100,00
11:36:11      21    0,00    0,00    0,00    0,00    0,00    0,00    0,00    0,00    0,00  100,00
11:36:11      22    0,00    0,00    0,00    0,00    0,00    0,00    0,00    0,00    0,00  100,00
11:36:11      23    0,00    0,00    0,00    0,00    0,00    0,00    0,00    0,00    0,00  100,00

11:36:11     CPU    %usr   %nice    %sys %iowait    %irq   %soft  %steal  %guest  %gnice   %idle
11:36:12     all   54,26    0,00    0,00    0,04    0,00    0,00    0,00    0,00    0,00   45,70
11:36:12       0  100,00    0,00    0,00    0,00    0,00    0,00    0,00    0,00    0,00    0,00
11:36:12       1  100,00    0,00    0,00    0,00    0,00    0,00    0,00    0,00    0,00    0,00
11:36:12       2  100,00    0,00    0,00    0,00    0,00    0,00    0,00    0,00    0,00    0,00
11:36:12       3  100,00    0,00    0,00    0,00    0,00    0,00    0,00    0,00    0,00    0,00
11:36:12       4  100,00    0,00    0,00    0,00    0,00    0,00    0,00    0,00    0,00    0,00
11:36:12       5  100,00    0,00    0,00    0,00    0,00    0,00    0,00    0,00    0,00    0,00
11:36:12       6  100,00    0,00    0,00    0,00    0,00    0,00    0,00    0,00    0,00    0,00
11:36:12       7  100,00    0,00    0,00    0,00    0,00    0,00    0,00    0,00    0,00    0,00
11:36:12       8  100,00    0,00    0,00    0,00    0,00    0,00    0,00    0,00    0,00    0,00
11:36:12       9  100,00    0,00    0,00    0,00    0,00    0,00    0,00    0,00    0,00    0,00
11:36:12      10  100,00    0,00    0,00    0,00    0,00    0,00    0,00    0,00    0,00    0,00
11:36:12      11  100,00    0,00    0,00    0,00    0,00    0,00    0,00    0,00    0,00    0,00
11:36:12      12  100,00    0,00    0,00    0,00    0,00    0,00    0,00    0,00    0,00    0,00
11:36:12      13    0,00    0,00    0,00    0,00    0,00    0,00    0,00    0,00    0,00  100,00
11:36:12      14    0,00    0,00    0,00    0,00    0,00    0,00    0,00    0,00    0,00  100,00
11:36:12      15    0,00    0,00    0,00    0,00    0,00    0,00    0,00    0,00    0,00  100,00
11:36:12      16    0,00    0,00    0,00    0,00    0,00    0,00    0,00    0,00    0,00  100,00
11:36:12      17    0,00    0,00    0,00    0,00    0,00    0,00    0,00    0,00    0,00  100,00
11:36:12      18    0,00    0,00    0,00    0,00    0,00    0,00    0,00    0,00    0,00  100,00
11:36:12      19    0,00    0,00    0,00    0,00    0,00    0,00    0,00    0,00    0,00  100,00
11:36:12      20    0,00    0,00    0,00    0,00    0,00    0,00    0,00    0,00    0,00  100,00
11:36:12      21    0,00    0,00    0,00    0,00    0,00    0,00    0,00    0,00    0,00  100,00
11:36:12      22    0,00    0,00    0,00    0,00    0,00    0,00    0,00    0,00    0,00  100,00
11:36:12      23    0,00    0,00    0,00    1,01    0,00    0,00    0,00    0,00    0,00   98,99

11:36:12     CPU    %usr   %nice    %sys %iowait    %irq   %soft  %steal  %guest  %gnice   %idle
11:36:13     all   54,17    0,00    0,00    0,00    0,00    0,00    0,00    0,00    0,00   45,83
11:36:13       0  100,00    0,00    0,00    0,00    0,00    0,00    0,00    0,00    0,00    0,00
11:36:13       1  100,00    0,00    0,00    0,00    0,00    0,00    0,00    0,00    0,00    0,00
11:36:13       2  100,00    0,00    0,00    0,00    0,00    0,00    0,00    0,00    0,00    0,00
11:36:13       3  100,00    0,00    0,00    0,00    0,00    0,00    0,00    0,00    0,00    0,00
11:36:13       4  100,00    0,00    0,00    0,00    0,00    0,00    0,00    0,00    0,00    0,00
11:36:13       5  100,00    0,00    0,00    0,00    0,00    0,00    0,00    0,00    0,00    0,00
11:36:13       6  100,00    0,00    0,00    0,00    0,00    0,00    0,00    0,00    0,00    0,00
11:36:13       7  100,00    0,00    0,00    0,00    0,00    0,00    0,00    0,00    0,00    0,00
11:36:13       8  100,00    0,00    0,00    0,00    0,00    0,00    0,00    0,00    0,00    0,00
11:36:13       9  100,00    0,00    0,00    0,00    0,00    0,00    0,00    0,00    0,00    0,00
11:36:13      10  100,00    0,00    0,00    0,00    0,00    0,00    0,00    0,00    0,00    0,00
11:36:13      11  100,00    0,00    0,00    0,00    0,00    0,00    0,00    0,00    0,00    0,00
11:36:13      12  100,00    0,00    0,00    0,00    0,00    0,00    0,00    0,00    0,00    0,00
11:36:13      13    0,00    0,00    0,00    0,00    0,00    0,00    0,00    0,00    0,00  100,00
11:36:13      14    0,00    0,00    0,00    0,00    0,00    0,00    0,00    0,00    0,00  100,00
11:36:13      15    0,00    0,00    0,00    0,00    0,00    0,00    0,00    0,00    0,00  100,00
11:36:13      16    0,00    0,00    0,00    0,00    0,00    0,00    0,00    0,00    0,00  100,00
11:36:13      17    0,00    0,00    0,00    0,00    0,00    0,00    0,00    0,00    0,00  100,00
11:36:13      18    0,00    0,00    0,00    0,00    0,00    0,00    0,00    0,00    0,00  100,00
11:36:13      19    0,00    0,00    0,00    0,00    0,00    0,00    0,00    0,00    0,00  100,00
11:36:13      20    0,00    0,00    0,00    0,00    0,00    0,00    0,00    0,00    0,00  100,00
11:36:13      21    0,00    0,00    0,00    0,00    0,00    0,00    0,00    0,00    0,00  100,00
11:36:13      22    0,00    0,00    0,00    0,00    0,00    0,00    0,00    0,00    0,00  100,00
11:36:13      23    0,00    0,00    0,00    0,00    0,00    0,00    0,00    0,00    0,00  100,00

11:36:13     CPU    %usr   %nice    %sys %iowait    %irq   %soft  %steal  %guest  %gnice   %idle
11:36:14     all   54,21    0,00    0,00    0,00    0,00    0,00    0,00    0,00    0,00   45,79
11:36:14       0  100,00    0,00    0,00    0,00    0,00    0,00    0,00    0,00    0,00    0,00
11:36:14       1  100,00    0,00    0,00    0,00    0,00    0,00    0,00    0,00    0,00    0,00
11:36:14       2  100,00    0,00    0,00    0,00    0,00    0,00    0,00    0,00    0,00    0,00
11:36:14       3  100,00    0,00    0,00    0,00    0,00    0,00    0,00    0,00    0,00    0,00
11:36:14       4  100,00    0,00    0,00    0,00    0,00    0,00    0,00    0,00    0,00    0,00
11:36:14       5  100,00    0,00    0,00    0,00    0,00    0,00    0,00    0,00    0,00    0,00
11:36:14       6  100,00    0,00    0,00    0,00    0,00    0,00    0,00    0,00    0,00    0,00
11:36:14       7  100,00    0,00    0,00    0,00    0,00    0,00    0,00    0,00    0,00    0,00
11:36:14       8  100,00    0,00    0,00    0,00    0,00    0,00    0,00    0,00    0,00    0,00
11:36:14       9  100,00    0,00    0,00    0,00    0,00    0,00    0,00    0,00    0,00    0,00
11:36:14      10  100,00    0,00    0,00    0,00    0,00    0,00    0,00    0,00    0,00    0,00
11:36:14      11  100,00    0,00    0,00    0,00    0,00    0,00    0,00    0,00    0,00    0,00
11:36:14      12  100,00    0,00    0,00    0,00    0,00    0,00    0,00    0,00    0,00    0,00
11:36:14      13    0,00    0,00    0,00    0,00    0,00    0,00    0,00    0,00    0,00  100,00
11:36:14      14    0,00    0,00    0,00    0,00    0,00    0,00    0,00    0,00    0,00  100,00
11:36:14      15    0,00    0,00    0,00    0,00    0,00    0,00    0,00    0,00    0,00  100,00
11:36:14      16    0,00    0,00    0,00    0,00    0,00    0,00    0,00    0,00    0,00  100,00
11:36:14      17    0,99    0,00    0,00    0,00    0,00    0,00    0,00    0,00    0,00   99,01
11:36:14      18    0,00    0,00    0,00    0,00    0,00    0,00    0,00    0,00    0,00  100,00
11:36:14      19    0,00    0,00    0,00    0,00    0,00    0,00    0,00    0,00    0,00  100,00
11:36:14      20    0,00    0,00    0,00    0,00    0,00    0,00    0,00    0,00    0,00  100,00
11:36:14      21    0,00    0,00    0,00    0,00    0,00    0,00    0,00    0,00    0,00  100,00
11:36:14      22    0,00    0,00    0,00    0,00    0,00    0,00    0,00    0,00    0,00  100,00
11:36:14      23    0,00    0,00    0,00    0,00    0,00    0,00    0,00    0,00    0,00  100,00

11:36:14     CPU    %usr   %nice    %sys %iowait    %irq   %soft  %steal  %guest  %gnice   %idle
11:36:15     all   54,21    0,00    0,00    0,00    0,00    0,00    0,00    0,00    0,00   45,79
11:36:15       0  100,00    0,00    0,00    0,00    0,00    0,00    0,00    0,00    0,00    0,00
11:36:15       1  100,00    0,00    0,00    0,00    0,00    0,00    0,00    0,00    0,00    0,00
11:36:15       2  100,00    0,00    0,00    0,00    0,00    0,00    0,00    0,00    0,00    0,00
11:36:15       3  100,00    0,00    0,00    0,00    0,00    0,00    0,00    0,00    0,00    0,00
11:36:15       4  100,00    0,00    0,00    0,00    0,00    0,00    0,00    0,00    0,00    0,00
11:36:15       5  100,00    0,00    0,00    0,00    0,00    0,00    0,00    0,00    0,00    0,00
11:36:15       6  100,00    0,00    0,00    0,00    0,00    0,00    0,00    0,00    0,00    0,00
11:36:15       7  100,00    0,00    0,00    0,00    0,00    0,00    0,00    0,00    0,00    0,00
11:36:15       8  100,00    0,00    0,00    0,00    0,00    0,00    0,00    0,00    0,00    0,00
11:36:15       9  100,00    0,00    0,00    0,00    0,00    0,00    0,00    0,00    0,00    0,00
11:36:15      10  100,00    0,00    0,00    0,00    0,00    0,00    0,00    0,00    0,00    0,00
11:36:15      11  100,00    0,00    0,00    0,00    0,00    0,00    0,00    0,00    0,00    0,00
11:36:15      12  100,00    0,00    0,00    0,00    0,00    0,00    0,00    0,00    0,00    0,00
11:36:15      13    0,00    0,00    0,00    0,00    0,00    0,00    0,00    0,00    0,00  100,00
11:36:15      14    0,00    0,00    0,00    0,00    0,00    0,00    0,00    0,00    0,00  100,00
11:36:15      15    0,00    0,00    0,00    0,00    0,00    0,00    0,00    0,00    0,00  100,00
11:36:15      16    0,00    0,00    0,00    0,00    0,00    0,00    0,00    0,00    0,00  100,00
11:36:15      17    0,00    0,00    0,00    0,00    0,00    0,00    0,00    0,00    0,00  100,00
11:36:15      18    0,00    0,00    0,00    0,00    0,00    0,00    0,00    0,00    0,00  100,00
11:36:15      19    0,00    0,00    0,00    0,00    0,00    0,00    0,00    0,00    0,00  100,00
11:36:15      20    0,00    0,00    0,00    0,00    0,00    0,00    0,00    0,00    0,00  100,00
11:36:15      21    0,00    0,00    0,00    0,00    0,00    0,00    0,00    0,00    0,00  100,00
11:36:15      22    0,00    0,00    0,00    0,00    0,00    0,00    0,00    0,00    0,00  100,00
11:36:15      23    0,00    0,00    0,00    0,00    0,00    0,00    0,00    0,00    0,00  100,00

11:36:15     CPU    %usr   %nice    %sys %iowait    %irq   %soft  %steal  %guest  %gnice   %idle
11:36:16     all   54,19    0,00    0,00    0,00    0,00    0,00    0,00    0,00    0,00   45,81
11:36:16       0  100,00    0,00    0,00    0,00    0,00    0,00    0,00    0,00    0,00    0,00
11:36:16       1  100,00    0,00    0,00    0,00    0,00    0,00    0,00    0,00    0,00    0,00
11:36:16       2  100,00    0,00    0,00    0,00    0,00    0,00    0,00    0,00    0,00    0,00
11:36:16       3  100,00    0,00    0,00    0,00    0,00    0,00    0,00    0,00    0,00    0,00
11:36:16       4  100,00    0,00    0,00    0,00    0,00    0,00    0,00    0,00    0,00    0,00
11:36:16       5  100,00    0,00    0,00    0,00    0,00    0,00    0,00    0,00    0,00    0,00
11:36:16       6  100,00    0,00    0,00    0,00    0,00    0,00    0,00    0,00    0,00    0,00
11:36:16       7  100,00    0,00    0,00    0,00    0,00    0,00    0,00    0,00    0,00    0,00
11:36:16       8  100,00    0,00    0,00    0,00    0,00    0,00    0,00    0,00    0,00    0,00
11:36:16       9  100,00    0,00    0,00    0,00    0,00    0,00    0,00    0,00    0,00    0,00
11:36:16      10  100,00    0,00    0,00    0,00    0,00    0,00    0,00    0,00    0,00    0,00
11:36:16      11  100,00    0,00    0,00    0,00    0,00    0,00    0,00    0,00    0,00    0,00
11:36:16      12  100,00    0,00    0,00    0,00    0,00    0,00    0,00    0,00    0,00    0,00
11:36:16      13    0,00    0,00    0,00    0,00    0,00    0,00    0,00    0,00    0,00  100,00
11:36:16      14    0,00    0,00    0,00    0,00    0,00    0,00    0,00    0,00    0,00  100,00
11:36:16      15    0,00    0,00    0,00    0,00    0,00    0,00    0,00    0,00    0,00  100,00
11:36:16      16    0,99    0,00    0,00    0,00    0,00    0,00    0,00    0,00    0,00   99,01
11:36:16      17    0,00    0,00    0,00    0,00    0,00    0,00    0,00    0,00    0,00  100,00
11:36:16      18    0,00    0,00    0,00    0,00    0,00    0,00    0,00    0,00    0,00  100,00
11:36:16      19    0,00    0,00    0,00    0,00    0,00    0,00    0,00    0,00    0,00  100,00
11:36:16      20    0,00    0,00    0,00    0,00    0,00    0,00    0,00    0,00    0,00  100,00
11:36:16      21    0,00    0,00    0,00    0,00    0,00    0,00    0,00    0,00    0,00  100,00
11:36:16      22    0,00    0,00    0,00    0,00    0,00    0,00    0,00    0,00    0,00  100,00
11:36:16      23    0,00    0,00    0,00    0,00    0,00    0,00    0,00    0,00    0,00  100,00

11:36:16     CPU    %usr   %nice    %sys %iowait    %irq   %soft  %steal  %guest  %gnice   %idle
11:36:17     all   54,31    0,00    0,08    0,08    0,00    0,00    0,00    0,00    0,00   45,52
11:36:17       0  100,00    0,00    0,00    0,00    0,00    0,00    0,00    0,00    0,00    0,00
11:36:17       1  100,00    0,00    0,00    0,00    0,00    0,00    0,00    0,00    0,00    0,00
11:36:17       2  100,00    0,00    0,00    0,00    0,00    0,00    0,00    0,00    0,00    0,00
11:36:17       3  100,00    0,00    0,00    0,00    0,00    0,00    0,00    0,00    0,00    0,00
11:36:17       4  100,00    0,00    0,00    0,00    0,00    0,00    0,00    0,00    0,00    0,00
11:36:17       5  100,00    0,00    0,00    0,00    0,00    0,00    0,00    0,00    0,00    0,00
11:36:17       6  100,00    0,00    0,00    0,00    0,00    0,00    0,00    0,00    0,00    0,00
11:36:17       7  100,00    0,00    0,00    0,00    0,00    0,00    0,00    0,00    0,00    0,00
11:36:17       8  100,00    0,00    0,00    0,00    0,00    0,00    0,00    0,00    0,00    0,00
11:36:17       9  100,00    0,00    0,00    0,00    0,00    0,00    0,00    0,00    0,00    0,00
11:36:17      10  100,00    0,00    0,00    0,00    0,00    0,00    0,00    0,00    0,00    0,00
11:36:17      11  100,00    0,00    0,00    0,00    0,00    0,00    0,00    0,00    0,00    0,00
11:36:17      12  100,00    0,00    0,00    0,00    0,00    0,00    0,00    0,00    0,00    0,00
11:36:17      13    0,00    0,00    0,00    0,00    0,00    0,00    0,00    0,00    0,00  100,00
11:36:17      14    0,00    0,00    0,00    0,00    0,00    0,00    0,00    0,00    0,00  100,00
11:36:17      15    0,00    0,00    0,00    0,00    0,00    0,00    0,00    0,00    0,00  100,00
11:36:17      16    0,00    0,00    0,00    0,00    0,00    0,00    0,00    0,00    0,00  100,00
11:36:17      17    3,00    0,00    2,00    0,00    0,00    0,00    0,00    0,00    0,00   95,00
11:36:17      18    0,00    0,00    0,00    0,00    0,00    0,00    0,00    0,00    0,00  100,00
11:36:17      19    0,00    0,00    0,00    0,00    0,00    0,00    0,00    0,00    0,00  100,00
11:36:17      20    0,00    0,00    0,00    0,00    0,00    0,00    0,00    0,00    0,00  100,00
11:36:17      21    0,00    0,00    0,00    0,00    0,00    0,00    0,00    0,00    0,00  100,00
11:36:17      22    0,00    0,00    0,00    0,00    0,00    0,00    0,00    0,00    0,00  100,00
11:36:17      23    0,00    0,00    0,00    2,00    0,00    0,00    0,00    0,00    0,00   98,00

11:36:17     CPU    %usr   %nice    %sys %iowait    %irq   %soft  %steal  %guest  %gnice   %idle
11:36:18     all   54,21    0,00    0,00    0,00    0,00    0,00    0,00    0,00    0,00   45,79
11:36:18       0  100,00    0,00    0,00    0,00    0,00    0,00    0,00    0,00    0,00    0,00
11:36:18       1  100,00    0,00    0,00    0,00    0,00    0,00    0,00    0,00    0,00    0,00
11:36:18       2  100,00    0,00    0,00    0,00    0,00    0,00    0,00    0,00    0,00    0,00
11:36:18       3  100,00    0,00    0,00    0,00    0,00    0,00    0,00    0,00    0,00    0,00
11:36:18       4  100,00    0,00    0,00    0,00    0,00    0,00    0,00    0,00    0,00    0,00
11:36:18       5  100,00    0,00    0,00    0,00    0,00    0,00    0,00    0,00    0,00    0,00
11:36:18       6  100,00    0,00    0,00    0,00    0,00    0,00    0,00    0,00    0,00    0,00
11:36:18       7  100,00    0,00    0,00    0,00    0,00    0,00    0,00    0,00    0,00    0,00
11:36:18       8  100,00    0,00    0,00    0,00    0,00    0,00    0,00    0,00    0,00    0,00
11:36:18       9  100,00    0,00    0,00    0,00    0,00    0,00    0,00    0,00    0,00    0,00
11:36:18      10  100,00    0,00    0,00    0,00    0,00    0,00    0,00    0,00    0,00    0,00
11:36:18      11  100,00    0,00    0,00    0,00    0,00    0,00    0,00    0,00    0,00    0,00
11:36:18      12  100,00    0,00    0,00    0,00    0,00    0,00    0,00    0,00    0,00    0,00
11:36:18      13    0,00    0,00    0,00    0,00    0,00    0,00    0,00    0,00    0,00  100,00
11:36:18      14    0,00    0,00    0,00    0,00    0,00    0,00    0,00    0,00    0,00  100,00
11:36:18      15    0,00    0,00    0,00    0,00    0,00    0,00    0,00    0,00    0,00  100,00
11:36:18      16    0,00    0,00    0,00    0,00    0,00    0,00    0,00    0,00    0,00  100,00
11:36:18      17    0,00    0,00    0,00    0,00    0,00    0,00    0,00    0,00    0,00  100,00
11:36:18      18    0,00    0,00    0,00    0,00    0,00    0,00    0,00    0,00    0,00  100,00
11:36:18      19    0,00    0,00    0,00    0,00    0,00    0,00    0,00    0,00    0,00  100,00
11:36:18      20    0,00    0,00    0,00    0,00    0,00    0,00    0,00    0,00    0,00  100,00
11:36:18      21    0,00    0,00    0,00    0,00    0,00    0,00    0,00    0,00    0,00  100,00
11:36:18      22    0,00    0,00    0,00    0,00    0,00    0,00    0,00    0,00    0,00  100,00
11:36:18      23    0,00    0,00    0,00    0,00    0,00    0,00    0,00    0,00    0,00  100,00

11:36:18     CPU    %usr   %nice    %sys %iowait    %irq   %soft  %steal  %guest  %gnice   %idle
11:36:19     all   54,17    0,00    0,00    0,00    0,00    0,00    0,00    0,00    0,00   45,83
11:36:19       0  100,00    0,00    0,00    0,00    0,00    0,00    0,00    0,00    0,00    0,00
11:36:19       1  100,00    0,00    0,00    0,00    0,00    0,00    0,00    0,00    0,00    0,00
11:36:19       2  100,00    0,00    0,00    0,00    0,00    0,00    0,00    0,00    0,00    0,00
11:36:19       3  100,00    0,00    0,00    0,00    0,00    0,00    0,00    0,00    0,00    0,00
11:36:19       4  100,00    0,00    0,00    0,00    0,00    0,00    0,00    0,00    0,00    0,00
11:36:19       5  100,00    0,00    0,00    0,00    0,00    0,00    0,00    0,00    0,00    0,00
11:36:19       6  100,00    0,00    0,00    0,00    0,00    0,00    0,00    0,00    0,00    0,00
11:36:19       7  100,00    0,00    0,00    0,00    0,00    0,00    0,00    0,00    0,00    0,00
11:36:19       8  100,00    0,00    0,00    0,00    0,00    0,00    0,00    0,00    0,00    0,00
11:36:19       9  100,00    0,00    0,00    0,00    0,00    0,00    0,00    0,00    0,00    0,00
11:36:19      10  100,00    0,00    0,00    0,00    0,00    0,00    0,00    0,00    0,00    0,00
11:36:19      11  100,00    0,00    0,00    0,00    0,00    0,00    0,00    0,00    0,00    0,00
11:36:19      12  100,00    0,00    0,00    0,00    0,00    0,00    0,00    0,00    0,00    0,00
11:36:19      13    0,00    0,00    0,00    0,00    0,00    0,00    0,00    0,00    0,00  100,00
11:36:19      14    0,00    0,00    0,00    0,00    0,00    0,00    0,00    0,00    0,00  100,00
11:36:19      15    0,00    0,00    0,00    0,00    0,00    0,00    0,00    0,00    0,00  100,00
11:36:19      16    0,00    0,00    0,00    0,00    0,00    0,00    0,00    0,00    0,00  100,00
11:36:19      17    0,00    0,00    0,00    0,00    0,00    0,00    0,00    0,00    0,00  100,00
11:36:19      18    0,00    0,00    0,00    0,00    0,00    0,00    0,00    0,00    0,00  100,00
11:36:19      19    0,00    0,00    0,00    0,00    0,00    0,00    0,00    0,00    0,00  100,00
11:36:19      20    0,00    0,00    0,00    0,00    0,00    0,00    0,00    0,00    0,00  100,00
11:36:19      21    0,00    0,00    0,00    0,00    0,00    0,00    0,00    0,00    0,00  100,00
11:36:19      22    0,00    0,00    0,00    0,00    0,00    0,00    0,00    0,00    0,00  100,00
11:36:19      23    0,00    0,00    0,00    0,00    0,00    0,00    0,00    0,00    0,00  100,00

11:36:19     CPU    %usr   %nice    %sys %iowait    %irq   %soft  %steal  %guest  %gnice   %idle
11:36:20     all   54,14    0,00    0,04    0,00    0,00    0,00    0,00    0,00    0,00   45,81
11:36:20       0  100,00    0,00    0,00    0,00    0,00    0,00    0,00    0,00    0,00    0,00
11:36:20       1  100,00    0,00    0,00    0,00    0,00    0,00    0,00    0,00    0,00    0,00
11:36:20       2  100,00    0,00    0,00    0,00    0,00    0,00    0,00    0,00    0,00    0,00
11:36:20       3  100,00    0,00    0,00    0,00    0,00    0,00    0,00    0,00    0,00    0,00
11:36:20       4  100,00    0,00    0,00    0,00    0,00    0,00    0,00    0,00    0,00    0,00
11:36:20       5  100,00    0,00    0,00    0,00    0,00    0,00    0,00    0,00    0,00    0,00
11:36:20       6  100,00    0,00    0,00    0,00    0,00    0,00    0,00    0,00    0,00    0,00
11:36:20       7  100,00    0,00    0,00    0,00    0,00    0,00    0,00    0,00    0,00    0,00
11:36:20       8  100,00    0,00    0,00    0,00    0,00    0,00    0,00    0,00    0,00    0,00
11:36:20       9  100,00    0,00    0,00    0,00    0,00    0,00    0,00    0,00    0,00    0,00
11:36:20      10  100,00    0,00    0,00    0,00    0,00    0,00    0,00    0,00    0,00    0,00
11:36:20      11  100,00    0,00    0,00    0,00    0,00    0,00    0,00    0,00    0,00    0,00
11:36:20      12  100,00    0,00    0,00    0,00    0,00    0,00    0,00    0,00    0,00    0,00
11:36:20      13    0,00    0,00    0,00    0,00    0,00    0,00    0,00    0,00    0,00  100,00
11:36:20      14    0,00    0,00    0,00    0,00    0,00    0,00    0,00    0,00    0,00  100,00
11:36:20      15    0,00    0,00    0,00    0,00    0,00    0,00    0,00    0,00    0,00  100,00
11:36:20      16    0,00    0,00    0,00    0,00    0,00    0,00    0,00    0,00    0,00  100,00
11:36:20      17    0,00    0,00    0,00    0,00    0,00    0,00    0,00    0,00    0,00  100,00
11:36:20      18    0,00    0,00    0,00    0,00    0,00    0,00    0,00    0,00    0,00  100,00
11:36:20      19    0,00    0,00    0,00    0,00    0,00    0,00    0,00    0,00    0,00  100,00
11:36:20      20    0,00    0,00    0,00    0,00    0,00    0,00    0,00    0,00    0,00  100,00
11:36:20      21    0,00    0,00    0,00    0,00    0,00    0,00    0,00    0,00    0,00  100,00
11:36:20      22    0,00    0,00    0,99    0,00    0,00    0,00    0,00    0,00    0,00   99,01
11:36:20      23    0,00    0,00    0,00    0,00    0,00    0,00    0,00    0,00    0,00  100,00

11:36:20     CPU    %usr   %nice    %sys %iowait    %irq   %soft  %steal  %guest  %gnice   %idle
11:36:21     all   54,14    0,00    0,04    0,00    0,00    0,00    0,00    0,00    0,00   45,81
11:36:21       0  100,00    0,00    0,00    0,00    0,00    0,00    0,00    0,00    0,00    0,00
11:36:21       1  100,00    0,00    0,00    0,00    0,00    0,00    0,00    0,00    0,00    0,00
11:36:21       2  100,00    0,00    0,00    0,00    0,00    0,00    0,00    0,00    0,00    0,00
11:36:21       3  100,00    0,00    0,00    0,00    0,00    0,00    0,00    0,00    0,00    0,00
11:36:21       4  100,00    0,00    0,00    0,00    0,00    0,00    0,00    0,00    0,00    0,00
11:36:21       5  100,00    0,00    0,00    0,00    0,00    0,00    0,00    0,00    0,00    0,00
11:36:21       6  100,00    0,00    0,00    0,00    0,00    0,00    0,00    0,00    0,00    0,00
11:36:21       7  100,00    0,00    0,00    0,00    0,00    0,00    0,00    0,00    0,00    0,00
11:36:21       8  100,00    0,00    0,00    0,00    0,00    0,00    0,00    0,00    0,00    0,00
11:36:21       9  100,00    0,00    0,00    0,00    0,00    0,00    0,00    0,00    0,00    0,00
11:36:21      10  100,00    0,00    0,00    0,00    0,00    0,00    0,00    0,00    0,00    0,00
11:36:21      11  100,00    0,00    0,00    0,00    0,00    0,00    0,00    0,00    0,00    0,00
11:36:21      12  100,00    0,00    0,00    0,00    0,00    0,00    0,00    0,00    0,00    0,00
11:36:21      13    0,00    0,00    0,00    0,00    0,00    0,00    0,00    0,00    0,00  100,00
11:36:21      14    0,00    0,00    0,00    0,00    0,00    0,00    0,00    0,00    0,00  100,00
11:36:21      15    0,00    0,00    0,00    0,00    0,00    0,00    0,00    0,00    0,00  100,00
11:36:21      16    0,00    0,00    0,99    0,00    0,00    0,00    0,00    0,00    0,00   99,01
11:36:21      17    0,00    0,00    0,00    0,00    0,00    0,00    0,00    0,00    0,00  100,00
11:36:21      18    0,00    0,00    0,00    0,00    0,00    0,00    0,00    0,00    0,00  100,00
11:36:21      19    0,00    0,00    0,00    0,00    0,00    0,00    0,00    0,00    0,00  100,00
11:36:21      20    0,00    0,00    0,00    0,00    0,00    0,00    0,00    0,00    0,00  100,00
11:36:21      21    0,00    0,00    0,00    0,00    0,00    0,00    0,00    0,00    0,00  100,00
11:36:21      22    0,00    0,00    0,00    0,00    0,00    0,00    0,00    0,00    0,00  100,00
11:36:21      23    0,00    0,00    0,00    0,00    0,00    0,00    0,00    0,00    0,00  100,00

11:36:21     CPU    %usr   %nice    %sys %iowait    %irq   %soft  %steal  %guest  %gnice   %idle
11:36:22     all   54,14    0,00    0,04    0,00    0,00    0,00    0,00    0,00    0,00   45,81
11:36:22       0  100,00    0,00    0,00    0,00    0,00    0,00    0,00    0,00    0,00    0,00
11:36:22       1  100,00    0,00    0,00    0,00    0,00    0,00    0,00    0,00    0,00    0,00
11:36:22       2  100,00    0,00    0,00    0,00    0,00    0,00    0,00    0,00    0,00    0,00
11:36:22       3  100,00    0,00    0,00    0,00    0,00    0,00    0,00    0,00    0,00    0,00
11:36:22       4  100,00    0,00    0,00    0,00    0,00    0,00    0,00    0,00    0,00    0,00
11:36:22       5  100,00    0,00    0,00    0,00    0,00    0,00    0,00    0,00    0,00    0,00
11:36:22       6  100,00    0,00    0,00    0,00    0,00    0,00    0,00    0,00    0,00    0,00
11:36:22       7  100,00    0,00    0,00    0,00    0,00    0,00    0,00    0,00    0,00    0,00
11:36:22       8  100,00    0,00    0,00    0,00    0,00    0,00    0,00    0,00    0,00    0,00
11:36:22       9  100,00    0,00    0,00    0,00    0,00    0,00    0,00    0,00    0,00    0,00
11:36:22      10  100,00    0,00    0,00    0,00    0,00    0,00    0,00    0,00    0,00    0,00
11:36:22      11  100,00    0,00    0,00    0,00    0,00    0,00    0,00    0,00    0,00    0,00
11:36:22      12  100,00    0,00    0,00    0,00    0,00    0,00    0,00    0,00    0,00    0,00
11:36:22      13    0,00    0,00    0,00    0,00    0,00    0,00    0,00    0,00    0,00  100,00
11:36:22      14    0,00    0,00    0,00    0,00    0,00    0,00    0,00    0,00    0,00  100,00
11:36:22      15    0,00    0,00    0,00    0,00    0,00    0,00    0,00    0,00    0,00  100,00
11:36:22      16    0,00    0,00    0,00    0,00    0,00    0,00    0,00    0,00    0,00  100,00
11:36:22      17    0,00    0,00    0,00    0,00    0,00    0,00    0,00    0,00    0,00  100,00
11:36:22      18    0,00    0,00    0,99    0,00    0,00    0,00    0,00    0,00    0,00   99,01
11:36:22      19    0,00    0,00    0,00    0,00    0,00    0,00    0,00    0,00    0,00  100,00
11:36:22      20    0,00    0,00    0,00    0,00    0,00    0,00    0,00    0,00    0,00  100,00
11:36:22      21    0,00    0,00    0,00    0,00    0,00    0,00    0,00    0,00    0,00  100,00
11:36:22      22    0,00    0,00    0,00    0,00    0,00    0,00    0,00    0,00    0,00  100,00
11:36:22      23    0,00    0,00    0,00    0,00    0,00    0,00    0,00    0,00    0,00  100,00

11:36:22     CPU    %usr   %nice    %sys %iowait    %irq   %soft  %steal  %guest  %gnice   %idle
11:36:23     all   54,19    0,00    0,00    0,08    0,00    0,00    0,00    0,00    0,00   45,73
11:36:23       0  100,00    0,00    0,00    0,00    0,00    0,00    0,00    0,00    0,00    0,00
11:36:23       1  100,00    0,00    0,00    0,00    0,00    0,00    0,00    0,00    0,00    0,00
11:36:23       2  100,00    0,00    0,00    0,00    0,00    0,00    0,00    0,00    0,00    0,00
11:36:23       3  100,00    0,00    0,00    0,00    0,00    0,00    0,00    0,00    0,00    0,00
11:36:23       4  100,00    0,00    0,00    0,00    0,00    0,00    0,00    0,00    0,00    0,00
11:36:23       5  100,00    0,00    0,00    0,00    0,00    0,00    0,00    0,00    0,00    0,00
11:36:23       6  100,00    0,00    0,00    0,00    0,00    0,00    0,00    0,00    0,00    0,00
11:36:23       7  100,00    0,00    0,00    0,00    0,00    0,00    0,00    0,00    0,00    0,00
11:36:23       8  100,00    0,00    0,00    0,00    0,00    0,00    0,00    0,00    0,00    0,00
11:36:23       9  100,00    0,00    0,00    0,00    0,00    0,00    0,00    0,00    0,00    0,00
11:36:23      10  100,00    0,00    0,00    0,00    0,00    0,00    0,00    0,00    0,00    0,00
11:36:23      11  100,00    0,00    0,00    0,00    0,00    0,00    0,00    0,00    0,00    0,00
11:36:23      12  100,00    0,00    0,00    0,00    0,00    0,00    0,00    0,00    0,00    0,00
11:36:23      13    0,00    0,00    0,00    0,00    0,00    0,00    0,00    0,00    0,00  100,00
11:36:23      14    0,00    0,00    0,00    0,00    0,00    0,00    0,00    0,00    0,00  100,00
11:36:23      15    0,00    0,00    0,00    0,00    0,00    0,00    0,00    0,00    0,00  100,00
11:36:23      16    0,00    0,00    0,00    0,00    0,00    0,00    0,00    0,00    0,00  100,00
11:36:23      17    0,00    0,00    0,00    0,00    0,00    0,00    0,00    0,00    0,00  100,00
11:36:23      18    0,99    0,00    0,00    0,00    0,00    0,00    0,00    0,00    0,00   99,01
11:36:23      19    0,00    0,00    0,00    0,00    0,00    0,00    0,00    0,00    0,00  100,00
11:36:23      20    0,00    0,00    0,00    0,00    0,00    0,00    0,00    0,00    0,00  100,00
11:36:23      21    0,00    0,00    0,00    0,00    0,00    0,00    0,00    0,00    0,00  100,00
11:36:23      22    0,00    0,00    0,00    0,00    0,00    0,00    0,00    0,00    0,00  100,00
11:36:23      23    0,00    0,00    0,00    1,98    0,00    0,00    0,00    0,00    0,00   98,02

11:36:23     CPU    %usr   %nice    %sys %iowait    %irq   %soft  %steal  %guest  %gnice   %idle
11:36:24     all   54,25    0,00    0,00    0,00    0,00    0,00    0,00    0,00    0,00   45,75
11:36:24       0  100,00    0,00    0,00    0,00    0,00    0,00    0,00    0,00    0,00    0,00
11:36:24       1  100,00    0,00    0,00    0,00    0,00    0,00    0,00    0,00    0,00    0,00
11:36:24       2  100,00    0,00    0,00    0,00    0,00    0,00    0,00    0,00    0,00    0,00
11:36:24       3  100,00    0,00    0,00    0,00    0,00    0,00    0,00    0,00    0,00    0,00
11:36:24       4  100,00    0,00    0,00    0,00    0,00    0,00    0,00    0,00    0,00    0,00
11:36:24       5  100,00    0,00    0,00    0,00    0,00    0,00    0,00    0,00    0,00    0,00
11:36:24       6  100,00    0,00    0,00    0,00    0,00    0,00    0,00    0,00    0,00    0,00
11:36:24       7  100,00    0,00    0,00    0,00    0,00    0,00    0,00    0,00    0,00    0,00
11:36:24       8  100,00    0,00    0,00    0,00    0,00    0,00    0,00    0,00    0,00    0,00
11:36:24       9  100,00    0,00    0,00    0,00    0,00    0,00    0,00    0,00    0,00    0,00
11:36:24      10  100,00    0,00    0,00    0,00    0,00    0,00    0,00    0,00    0,00    0,00
11:36:24      11  100,00    0,00    0,00    0,00    0,00    0,00    0,00    0,00    0,00    0,00
11:36:24      12  100,00    0,00    0,00    0,00    0,00    0,00    0,00    0,00    0,00    0,00
11:36:24      13    0,00    0,00    0,00    0,00    0,00    0,00    0,00    0,00    0,00  100,00
11:36:24      14    0,00    0,00    0,00    0,00    0,00    0,00    0,00    0,00    0,00  100,00
11:36:24      15    0,00    0,00    0,00    0,00    0,00    0,00    0,00    0,00    0,00  100,00
11:36:24      16    0,99    0,00    0,00    0,00    0,00    0,00    0,00    0,00    0,00   99,01
11:36:24      17    0,00    0,00    0,00    0,00    0,00    0,00    0,00    0,00    0,00  100,00
11:36:24      18    0,00    0,00    0,00    0,00    0,00    0,00    0,00    0,00    0,00  100,00
11:36:24      19    0,00    0,00    0,00    0,00    0,00    0,00    0,00    0,00    0,00  100,00
11:36:24      20    0,00    0,00    0,00    0,00    0,00    0,00    0,00    0,00    0,00  100,00
11:36:24      21    0,00    0,00    0,00    0,00    0,00    0,00    0,00    0,00    0,00  100,00
11:36:24      22    0,00    0,00    0,00    0,00    0,00    0,00    0,00    0,00    0,00  100,00
11:36:24      23    0,00    0,00    0,00    0,00    0,00    0,00    0,00    0,00    0,00  100,00

11:36:24     CPU    %usr   %nice    %sys %iowait    %irq   %soft  %steal  %guest  %gnice   %idle
11:36:25     all   54,17    0,00    0,00    0,00    0,00    0,00    0,00    0,00    0,00   45,83
11:36:25       0  100,00    0,00    0,00    0,00    0,00    0,00    0,00    0,00    0,00    0,00
11:36:25       1  100,00    0,00    0,00    0,00    0,00    0,00    0,00    0,00    0,00    0,00
11:36:25       2  100,00    0,00    0,00    0,00    0,00    0,00    0,00    0,00    0,00    0,00
11:36:25       3  100,00    0,00    0,00    0,00    0,00    0,00    0,00    0,00    0,00    0,00
11:36:25       4  100,00    0,00    0,00    0,00    0,00    0,00    0,00    0,00    0,00    0,00
11:36:25       5  100,00    0,00    0,00    0,00    0,00    0,00    0,00    0,00    0,00    0,00
11:36:25       6  100,00    0,00    0,00    0,00    0,00    0,00    0,00    0,00    0,00    0,00
11:36:25       7  100,00    0,00    0,00    0,00    0,00    0,00    0,00    0,00    0,00    0,00
11:36:25       8  100,00    0,00    0,00    0,00    0,00    0,00    0,00    0,00    0,00    0,00
11:36:25       9  100,00    0,00    0,00    0,00    0,00    0,00    0,00    0,00    0,00    0,00
11:36:25      10  100,00    0,00    0,00    0,00    0,00    0,00    0,00    0,00    0,00    0,00
11:36:25      11  100,00    0,00    0,00    0,00    0,00    0,00    0,00    0,00    0,00    0,00
11:36:25      12  100,00    0,00    0,00    0,00    0,00    0,00    0,00    0,00    0,00    0,00
11:36:25      13    0,00    0,00    0,00    0,00    0,00    0,00    0,00    0,00    0,00  100,00
11:36:25      14    0,00    0,00    0,00    0,00    0,00    0,00    0,00    0,00    0,00  100,00
11:36:25      15    0,00    0,00    0,00    0,00    0,00    0,00    0,00    0,00    0,00  100,00
11:36:25      16    0,00    0,00    0,00    0,00    0,00    0,00    0,00    0,00    0,00  100,00
11:36:25      17    0,00    0,00    0,00    0,00    0,00    0,00    0,00    0,00    0,00  100,00
11:36:25      18    0,00    0,00    0,00    0,00    0,00    0,00    0,00    0,00    0,00  100,00
11:36:25      19    0,00    0,00    0,00    0,00    0,00    0,00    0,00    0,00    0,00  100,00
11:36:25      20    0,00    0,00    0,00    0,00    0,00    0,00    0,00    0,00    0,00  100,00
11:36:25      21    0,00    0,00    0,00    0,00    0,00    0,00    0,00    0,00    0,00  100,00
11:36:25      22    0,00    0,00    0,00    0,00    0,00    0,00    0,00    0,00    0,00  100,00
11:36:25      23    0,00    0,00    0,00    0,00    0,00    0,00    0,00    0,00    0,00  100,00

11:36:25     CPU    %usr   %nice    %sys %iowait    %irq   %soft  %steal  %guest  %gnice   %idle
11:36:26     all   54,17    0,00    0,00    0,00    0,00    0,00    0,00    0,00    0,00   45,83
11:36:26       0  100,00    0,00    0,00    0,00    0,00    0,00    0,00    0,00    0,00    0,00
11:36:26       1  100,00    0,00    0,00    0,00    0,00    0,00    0,00    0,00    0,00    0,00
11:36:26       2  100,00    0,00    0,00    0,00    0,00    0,00    0,00    0,00    0,00    0,00
11:36:26       3  100,00    0,00    0,00    0,00    0,00    0,00    0,00    0,00    0,00    0,00
11:36:26       4  100,00    0,00    0,00    0,00    0,00    0,00    0,00    0,00    0,00    0,00
11:36:26       5  100,00    0,00    0,00    0,00    0,00    0,00    0,00    0,00    0,00    0,00
11:36:26       6  100,00    0,00    0,00    0,00    0,00    0,00    0,00    0,00    0,00    0,00
11:36:26       7  100,00    0,00    0,00    0,00    0,00    0,00    0,00    0,00    0,00    0,00
11:36:26       8  100,00    0,00    0,00    0,00    0,00    0,00    0,00    0,00    0,00    0,00
11:36:26       9  100,00    0,00    0,00    0,00    0,00    0,00    0,00    0,00    0,00    0,00
11:36:26      10  100,00    0,00    0,00    0,00    0,00    0,00    0,00    0,00    0,00    0,00
11:36:26      11  100,00    0,00    0,00    0,00    0,00    0,00    0,00    0,00    0,00    0,00
11:36:26      12  100,00    0,00    0,00    0,00    0,00    0,00    0,00    0,00    0,00    0,00
11:36:26      13    0,00    0,00    0,00    0,00    0,00    0,00    0,00    0,00    0,00  100,00
11:36:26      14    0,00    0,00    0,00    0,00    0,00    0,00    0,00    0,00    0,00  100,00
11:36:26      15    0,00    0,00    0,00    0,00    0,00    0,00    0,00    0,00    0,00  100,00
11:36:26      16    0,00    0,00    0,00    0,00    0,00    0,00    0,00    0,00    0,00  100,00
11:36:26      17    0,00    0,00    0,00    0,00    0,00    0,00    0,00    0,00    0,00  100,00
11:36:26      18    0,00    0,00    0,00    0,00    0,00    0,00    0,00    0,00    0,00  100,00
11:36:26      19    0,00    0,00    0,00    0,00    0,00    0,00    0,00    0,00    0,00  100,00
11:36:26      20    0,00    0,00    0,00    0,00    0,00    0,00    0,00    0,00    0,00  100,00
11:36:26      21    0,00    0,00    0,00    0,00    0,00    0,00    0,00    0,00    0,00  100,00
11:36:26      22    0,00    0,00    0,00    0,00    0,00    0,00    0,00    0,00    0,00  100,00
11:36:26      23    0,00    0,00    0,00    0,00    0,00    0,00    0,00    0,00    0,00  100,00

11:36:26     CPU    %usr   %nice    %sys %iowait    %irq   %soft  %steal  %guest  %gnice   %idle
11:36:27     all   54,17    0,00    0,00    0,00    0,00    0,00    0,00    0,00    0,00   45,83
11:36:27       0  100,00    0,00    0,00    0,00    0,00    0,00    0,00    0,00    0,00    0,00
11:36:27       1  100,00    0,00    0,00    0,00    0,00    0,00    0,00    0,00    0,00    0,00
11:36:27       2  100,00    0,00    0,00    0,00    0,00    0,00    0,00    0,00    0,00    0,00
11:36:27       3  100,00    0,00    0,00    0,00    0,00    0,00    0,00    0,00    0,00    0,00
11:36:27       4  100,00    0,00    0,00    0,00    0,00    0,00    0,00    0,00    0,00    0,00
11:36:27       5  100,00    0,00    0,00    0,00    0,00    0,00    0,00    0,00    0,00    0,00
11:36:27       6  100,00    0,00    0,00    0,00    0,00    0,00    0,00    0,00    0,00    0,00
11:36:27       7  100,00    0,00    0,00    0,00    0,00    0,00    0,00    0,00    0,00    0,00
11:36:27       8  100,00    0,00    0,00    0,00    0,00    0,00    0,00    0,00    0,00    0,00
11:36:27       9  100,00    0,00    0,00    0,00    0,00    0,00    0,00    0,00    0,00    0,00
11:36:27      10  100,00    0,00    0,00    0,00    0,00    0,00    0,00    0,00    0,00    0,00
11:36:27      11  100,00    0,00    0,00    0,00    0,00    0,00    0,00    0,00    0,00    0,00
11:36:27      12  100,00    0,00    0,00    0,00    0,00    0,00    0,00    0,00    0,00    0,00
11:36:27      13    0,00    0,00    0,00    0,00    0,00    0,00    0,00    0,00    0,00  100,00
11:36:27      14    0,00    0,00    0,00    0,00    0,00    0,00    0,00    0,00    0,00  100,00
11:36:27      15    0,00    0,00    0,00    0,00    0,00    0,00    0,00    0,00    0,00  100,00
11:36:27      16    0,00    0,00    0,00    0,00    0,00    0,00    0,00    0,00    0,00  100,00
11:36:27      17    0,00    0,00    0,00    0,00    0,00    0,00    0,00    0,00    0,00  100,00
11:36:27      18    0,00    0,00    0,00    0,00    0,00    0,00    0,00    0,00    0,00  100,00
11:36:27      19    0,00    0,00    0,00    0,00    0,00    0,00    0,00    0,00    0,00  100,00
11:36:27      20    0,00    0,00    0,00    0,00    0,00    0,00    0,00    0,00    0,00  100,00
11:36:27      21    0,00    0,00    0,00    0,00    0,00    0,00    0,00    0,00    0,00  100,00
11:36:27      22    0,00    0,00    0,00    0,00    0,00    0,00    0,00    0,00    0,00  100,00
11:36:27      23    0,00    0,00    0,00    0,00    0,00    0,00    0,00    0,00    0,00  100,00

11:36:27     CPU    %usr   %nice    %sys %iowait    %irq   %soft  %steal  %guest  %gnice   %idle
11:36:28     all   54,21    0,00    0,00    0,08    0,00    0,00    0,00    0,00    0,00   45,70
11:36:28       0  100,00    0,00    0,00    0,00    0,00    0,00    0,00    0,00    0,00    0,00
11:36:28       1  100,00    0,00    0,00    0,00    0,00    0,00    0,00    0,00    0,00    0,00
11:36:28       2  100,00    0,00    0,00    0,00    0,00    0,00    0,00    0,00    0,00    0,00
11:36:28       3  100,00    0,00    0,00    0,00    0,00    0,00    0,00    0,00    0,00    0,00
11:36:28       4  100,00    0,00    0,00    0,00    0,00    0,00    0,00    0,00    0,00    0,00
11:36:28       5  100,00    0,00    0,00    0,00    0,00    0,00    0,00    0,00    0,00    0,00
11:36:28       6  100,00    0,00    0,00    0,00    0,00    0,00    0,00    0,00    0,00    0,00
11:36:28       7  100,00    0,00    0,00    0,00    0,00    0,00    0,00    0,00    0,00    0,00
11:36:28       8  100,00    0,00    0,00    0,00    0,00    0,00    0,00    0,00    0,00    0,00
11:36:28       9  100,00    0,00    0,00    0,00    0,00    0,00    0,00    0,00    0,00    0,00
11:36:28      10  100,00    0,00    0,00    0,00    0,00    0,00    0,00    0,00    0,00    0,00
11:36:28      11  100,00    0,00    0,00    0,00    0,00    0,00    0,00    0,00    0,00    0,00
11:36:28      12  100,00    0,00    0,00    0,00    0,00    0,00    0,00    0,00    0,00    0,00
11:36:28      13    0,00    0,00    0,00    0,00    0,00    0,00    0,00    0,00    0,00  100,00
11:36:28      14    0,00    0,00    0,00    0,00    0,00    0,00    0,00    0,00    0,00  100,00
11:36:28      15    0,00    0,00    0,00    0,00    0,00    0,00    0,00    0,00    0,00  100,00
11:36:28      16    0,00    0,00    0,00    0,00    0,00    0,00    0,00    0,00    0,00  100,00
11:36:28      17    0,00    0,00    0,00    0,00    0,00    0,00    0,00    0,00    0,00  100,00
11:36:28      18    0,00    0,00    0,00    0,00    0,00    0,00    0,00    0,00    0,00  100,00
11:36:28      19    0,00    0,00    0,00    0,00    0,00    0,00    0,00    0,00    0,00  100,00
11:36:28      20    0,00    0,00    0,00    0,00    0,00    0,00    0,00    0,00    0,00  100,00
11:36:28      21    0,00    0,00    0,00    0,00    0,00    0,00    0,00    0,00    0,00  100,00
11:36:28      22    0,00    0,00    0,00    0,00    0,00    0,00    0,00    0,00    0,00  100,00
11:36:28      23    0,00    0,00    0,00    2,00    0,00    0,00    0,00    0,00    0,00   98,00

11:36:28     CPU    %usr   %nice    %sys %iowait    %irq   %soft  %steal  %guest  %gnice   %idle
11:36:29     all   54,17    0,00    0,00    0,00    0,00    0,00    0,00    0,00    0,00   45,83
11:36:29       0  100,00    0,00    0,00    0,00    0,00    0,00    0,00    0,00    0,00    0,00
11:36:29       1  100,00    0,00    0,00    0,00    0,00    0,00    0,00    0,00    0,00    0,00
11:36:29       2  100,00    0,00    0,00    0,00    0,00    0,00    0,00    0,00    0,00    0,00
11:36:29       3  100,00    0,00    0,00    0,00    0,00    0,00    0,00    0,00    0,00    0,00
11:36:29       4  100,00    0,00    0,00    0,00    0,00    0,00    0,00    0,00    0,00    0,00
11:36:29       5  100,00    0,00    0,00    0,00    0,00    0,00    0,00    0,00    0,00    0,00
11:36:29       6  100,00    0,00    0,00    0,00    0,00    0,00    0,00    0,00    0,00    0,00
11:36:29       7  100,00    0,00    0,00    0,00    0,00    0,00    0,00    0,00    0,00    0,00
11:36:29       8  100,00    0,00    0,00    0,00    0,00    0,00    0,00    0,00    0,00    0,00
11:36:29       9  100,00    0,00    0,00    0,00    0,00    0,00    0,00    0,00    0,00    0,00
11:36:29      10  100,00    0,00    0,00    0,00    0,00    0,00    0,00    0,00    0,00    0,00
11:36:29      11  100,00    0,00    0,00    0,00    0,00    0,00    0,00    0,00    0,00    0,00
11:36:29      12  100,00    0,00    0,00    0,00    0,00    0,00    0,00    0,00    0,00    0,00
11:36:29      13    0,00    0,00    0,00    0,00    0,00    0,00    0,00    0,00    0,00  100,00
11:36:29      14    0,00    0,00    0,00    0,00    0,00    0,00    0,00    0,00    0,00  100,00
11:36:29      15    0,00    0,00    0,00    0,00    0,00    0,00    0,00    0,00    0,00  100,00
11:36:29      16    0,00    0,00    0,00    0,00    0,00    0,00    0,00    0,00    0,00  100,00
11:36:29      17    0,00    0,00    0,00    0,00    0,00    0,00    0,00    0,00    0,00  100,00
11:36:29      18    0,00    0,00    0,00    0,00    0,00    0,00    0,00    0,00    0,00  100,00
11:36:29      19    0,00    0,00    0,00    0,00    0,00    0,00    0,00    0,00    0,00  100,00
11:36:29      20    0,00    0,00    0,00    0,00    0,00    0,00    0,00    0,00    0,00  100,00
11:36:29      21    0,00    0,00    0,00    0,00    0,00    0,00    0,00    0,00    0,00  100,00
11:36:29      22    0,00    0,00    0,00    0,00    0,00    0,00    0,00    0,00    0,00  100,00
11:36:29      23    0,00    0,00    0,00    0,00    0,00    0,00    0,00    0,00    0,00  100,00

11:36:29     CPU    %usr   %nice    %sys %iowait    %irq   %soft  %steal  %guest  %gnice   %idle
11:36:30     all   54,19    0,00    0,00    0,00    0,00    0,00    0,00    0,00    0,00   45,81
11:36:30       0  100,00    0,00    0,00    0,00    0,00    0,00    0,00    0,00    0,00    0,00
11:36:30       1  100,00    0,00    0,00    0,00    0,00    0,00    0,00    0,00    0,00    0,00
11:36:30       2  100,00    0,00    0,00    0,00    0,00    0,00    0,00    0,00    0,00    0,00
11:36:30       3  100,00    0,00    0,00    0,00    0,00    0,00    0,00    0,00    0,00    0,00
11:36:30       4  100,00    0,00    0,00    0,00    0,00    0,00    0,00    0,00    0,00    0,00
11:36:30       5  100,00    0,00    0,00    0,00    0,00    0,00    0,00    0,00    0,00    0,00
11:36:30       6  100,00    0,00    0,00    0,00    0,00    0,00    0,00    0,00    0,00    0,00
11:36:30       7  100,00    0,00    0,00    0,00    0,00    0,00    0,00    0,00    0,00    0,00
11:36:30       8  100,00    0,00    0,00    0,00    0,00    0,00    0,00    0,00    0,00    0,00
11:36:30       9  100,00    0,00    0,00    0,00    0,00    0,00    0,00    0,00    0,00    0,00
11:36:30      10  100,00    0,00    0,00    0,00    0,00    0,00    0,00    0,00    0,00    0,00
11:36:30      11  100,00    0,00    0,00    0,00    0,00    0,00    0,00    0,00    0,00    0,00
11:36:30      12  100,00    0,00    0,00    0,00    0,00    0,00    0,00    0,00    0,00    0,00
11:36:30      13    0,00    0,00    0,00    0,00    0,00    0,00    0,00    0,00    0,00  100,00
11:36:30      14    0,00    0,00    0,00    0,00    0,00    0,00    0,00    0,00    0,00  100,00
11:36:30      15    0,00    0,00    0,00    0,00    0,00    0,00    0,00    0,00    0,00  100,00
11:36:30      16    0,00    0,00    0,00    0,00    0,00    0,00    0,00    0,00    0,00  100,00
11:36:30      17    0,00    0,00    0,00    0,00    0,00    0,00    0,00    0,00    0,00  100,00
11:36:30      18    0,00    0,00    0,00    0,00    0,00    0,00    0,00    0,00    0,00  100,00
11:36:30      19    0,00    0,00    0,00    0,00    0,00    0,00    0,00    0,00    0,00  100,00
11:36:30      20    0,00    0,00    0,00    0,00    0,00    0,00    0,00    0,00    0,00  100,00
11:36:30      21    0,00    0,00    0,00    0,00    0,00    0,00    0,00    0,00    0,00  100,00
11:36:30      22    0,00    0,00    0,00    0,00    0,00    0,00    0,00    0,00    0,00  100,00
11:36:30      23    0,00    0,00    0,00    0,00    0,00    0,00    0,00    0,00    0,00  100,00

11:36:30     CPU    %usr   %nice    %sys %iowait    %irq   %soft  %steal  %guest  %gnice   %idle
11:36:31     all   54,17    0,00    0,00    0,00    0,00    0,00    0,00    0,00    0,00   45,83
11:36:31       0  100,00    0,00    0,00    0,00    0,00    0,00    0,00    0,00    0,00    0,00
11:36:31       1  100,00    0,00    0,00    0,00    0,00    0,00    0,00    0,00    0,00    0,00
11:36:31       2  100,00    0,00    0,00    0,00    0,00    0,00    0,00    0,00    0,00    0,00
11:36:31       3  100,00    0,00    0,00    0,00    0,00    0,00    0,00    0,00    0,00    0,00
11:36:31       4  100,00    0,00    0,00    0,00    0,00    0,00    0,00    0,00    0,00    0,00
11:36:31       5  100,00    0,00    0,00    0,00    0,00    0,00    0,00    0,00    0,00    0,00
11:36:31       6  100,00    0,00    0,00    0,00    0,00    0,00    0,00    0,00    0,00    0,00
11:36:31       7  100,00    0,00    0,00    0,00    0,00    0,00    0,00    0,00    0,00    0,00
11:36:31       8  100,00    0,00    0,00    0,00    0,00    0,00    0,00    0,00    0,00    0,00
11:36:31       9  100,00    0,00    0,00    0,00    0,00    0,00    0,00    0,00    0,00    0,00
11:36:31      10  100,00    0,00    0,00    0,00    0,00    0,00    0,00    0,00    0,00    0,00
11:36:31      11  100,00    0,00    0,00    0,00    0,00    0,00    0,00    0,00    0,00    0,00
11:36:31      12  100,00    0,00    0,00    0,00    0,00    0,00    0,00    0,00    0,00    0,00
11:36:31      13    0,00    0,00    0,00    0,00    0,00    0,00    0,00    0,00    0,00  100,00
11:36:31      14    0,00    0,00    0,00    0,00    0,00    0,00    0,00    0,00    0,00  100,00
11:36:31      15    0,00    0,00    0,00    0,00    0,00    0,00    0,00    0,00    0,00  100,00
11:36:31      16    0,00    0,00    0,00    0,00    0,00    0,00    0,00    0,00    0,00  100,00
11:36:31      17    0,00    0,00    0,00    0,00    0,00    0,00    0,00    0,00    0,00  100,00
11:36:31      18    0,00    0,00    0,00    0,00    0,00    0,00    0,00    0,00    0,00  100,00
11:36:31      19    0,00    0,00    0,00    0,00    0,00    0,00    0,00    0,00    0,00  100,00
11:36:31      20    0,00    0,00    0,00    0,00    0,00    0,00    0,00    0,00    0,00  100,00
11:36:31      21    0,00    0,00    0,00    0,00    0,00    0,00    0,00    0,00    0,00  100,00
11:36:31      22    0,00    0,00    0,00    0,00    0,00    0,00    0,00    0,00    0,00  100,00
11:36:31      23    0,00    0,00    0,00    0,00    0,00    0,00    0,00    0,00    0,00  100,00

11:36:31     CPU    %usr   %nice    %sys %iowait    %irq   %soft  %steal  %guest  %gnice   %idle
11:36:32     all   54,19    0,00    0,00    0,00    0,00    0,00    0,00    0,00    0,00   45,81
11:36:32       0  100,00    0,00    0,00    0,00    0,00    0,00    0,00    0,00    0,00    0,00
11:36:32       1  100,00    0,00    0,00    0,00    0,00    0,00    0,00    0,00    0,00    0,00
11:36:32       2  100,00    0,00    0,00    0,00    0,00    0,00    0,00    0,00    0,00    0,00
11:36:32       3  100,00    0,00    0,00    0,00    0,00    0,00    0,00    0,00    0,00    0,00
11:36:32       4  100,00    0,00    0,00    0,00    0,00    0,00    0,00    0,00    0,00    0,00
11:36:32       5  100,00    0,00    0,00    0,00    0,00    0,00    0,00    0,00    0,00    0,00
11:36:32       6  100,00    0,00    0,00    0,00    0,00    0,00    0,00    0,00    0,00    0,00
11:36:32       7  100,00    0,00    0,00    0,00    0,00    0,00    0,00    0,00    0,00    0,00
11:36:32       8  100,00    0,00    0,00    0,00    0,00    0,00    0,00    0,00    0,00    0,00
11:36:32       9  100,00    0,00    0,00    0,00    0,00    0,00    0,00    0,00    0,00    0,00
11:36:32      10  100,00    0,00    0,00    0,00    0,00    0,00    0,00    0,00    0,00    0,00
11:36:32      11  100,00    0,00    0,00    0,00    0,00    0,00    0,00    0,00    0,00    0,00
11:36:32      12  100,00    0,00    0,00    0,00    0,00    0,00    0,00    0,00    0,00    0,00
11:36:32      13    0,00    0,00    0,00    0,00    0,00    0,00    0,00    0,00    0,00  100,00
11:36:32      14    0,00    0,00    0,00    0,00    0,00    0,00    0,00    0,00    0,00  100,00
11:36:32      15    0,00    0,00    0,00    0,00    0,00    0,00    0,00    0,00    0,00  100,00
11:36:32      16    0,00    0,00    0,00    0,00    0,00    0,00    0,00    0,00    0,00  100,00
11:36:32      17    0,00    0,00    0,00    0,00    0,00    0,00    0,00    0,00    0,00  100,00
11:36:32      18    0,00    0,00    0,00    0,00    0,00    0,00    0,00    0,00    0,00  100,00
11:36:32      19    0,00    0,00    0,00    0,00    0,00    0,00    0,00    0,00    0,00  100,00
11:36:32      20    0,00    0,00    0,00    0,00    0,00    0,00    0,00    0,00    0,00  100,00
11:36:32      21    0,99    0,00    0,00    0,00    0,00    0,00    0,00    0,00    0,00   99,01
11:36:32      22    0,00    0,00    0,00    0,00    0,00    0,00    0,00    0,00    0,00  100,00
11:36:32      23    0,00    0,00    0,00    0,00    0,00    0,00    0,00    0,00    0,00  100,00

11:36:32     CPU    %usr   %nice    %sys %iowait    %irq   %soft  %steal  %guest  %gnice   %idle
11:36:33     all   54,19    0,00    0,04    0,00    0,00    0,00    0,00    0,00    0,00   45,77
11:36:33       0  100,00    0,00    0,00    0,00    0,00    0,00    0,00    0,00    0,00    0,00
11:36:33       1  100,00    0,00    0,00    0,00    0,00    0,00    0,00    0,00    0,00    0,00
11:36:33       2  100,00    0,00    0,00    0,00    0,00    0,00    0,00    0,00    0,00    0,00
11:36:33       3  100,00    0,00    0,00    0,00    0,00    0,00    0,00    0,00    0,00    0,00
11:36:33       4  100,00    0,00    0,00    0,00    0,00    0,00    0,00    0,00    0,00    0,00
11:36:33       5  100,00    0,00    0,00    0,00    0,00    0,00    0,00    0,00    0,00    0,00
11:36:33       6  100,00    0,00    0,00    0,00    0,00    0,00    0,00    0,00    0,00    0,00
11:36:33       7  100,00    0,00    0,00    0,00    0,00    0,00    0,00    0,00    0,00    0,00
11:36:33       8  100,00    0,00    0,00    0,00    0,00    0,00    0,00    0,00    0,00    0,00
11:36:33       9  100,00    0,00    0,00    0,00    0,00    0,00    0,00    0,00    0,00    0,00
11:36:33      10  100,00    0,00    0,00    0,00    0,00    0,00    0,00    0,00    0,00    0,00
11:36:33      11  100,00    0,00    0,00    0,00    0,00    0,00    0,00    0,00    0,00    0,00
11:36:33      12  100,00    0,00    0,00    0,00    0,00    0,00    0,00    0,00    0,00    0,00
11:36:33      13    0,00    0,00    0,00    0,00    0,00    0,00    0,00    0,00    0,00  100,00
11:36:33      14    0,00    0,00    0,00    0,00    0,00    0,00    0,00    0,00    0,00  100,00
11:36:33      15    0,00    0,00    0,00    0,00    0,00    0,00    0,00    0,00    0,00  100,00
11:36:33      16    0,00    0,00    1,00    0,00    0,00    0,00    0,00    0,00    0,00   99,00
11:36:33      17    0,99    0,00    0,00    0,00    0,00    0,00    0,00    0,00    0,00   99,01
11:36:33      18    0,00    0,00    0,00    0,00    0,00    0,00    0,00    0,00    0,00  100,00
11:36:33      19    0,00    0,00    0,00    0,00    0,00    0,00    0,00    0,00    0,00  100,00
11:36:33      20    0,00    0,00    0,00    0,00    0,00    0,00    0,00    0,00    0,00  100,00
11:36:33      21    0,00    0,00    0,00    0,00    0,00    0,00    0,00    0,00    0,00  100,00
11:36:33      22    0,00    0,00    0,00    0,00    0,00    0,00    0,00    0,00    0,00  100,00
11:36:33      23    0,00    0,00    0,00    0,00    0,00    0,00    0,00    0,00    0,00  100,00

11:36:33     CPU    %usr   %nice    %sys %iowait    %irq   %soft  %steal  %guest  %gnice   %idle
11:36:34     all   54,17    0,00    0,04    0,08    0,00    0,00    0,00    0,00    0,00   45,71
11:36:34       0  100,00    0,00    0,00    0,00    0,00    0,00    0,00    0,00    0,00    0,00
11:36:34       1  100,00    0,00    0,00    0,00    0,00    0,00    0,00    0,00    0,00    0,00
11:36:34       2  100,00    0,00    0,00    0,00    0,00    0,00    0,00    0,00    0,00    0,00
11:36:34       3  100,00    0,00    0,00    0,00    0,00    0,00    0,00    0,00    0,00    0,00
11:36:34       4  100,00    0,00    0,00    0,00    0,00    0,00    0,00    0,00    0,00    0,00
11:36:34       5  100,00    0,00    0,00    0,00    0,00    0,00    0,00    0,00    0,00    0,00
11:36:34       6  100,00    0,00    0,00    0,00    0,00    0,00    0,00    0,00    0,00    0,00
11:36:34       7  100,00    0,00    0,00    0,00    0,00    0,00    0,00    0,00    0,00    0,00
11:36:34       8  100,00    0,00    0,00    0,00    0,00    0,00    0,00    0,00    0,00    0,00
11:36:34       9  100,00    0,00    0,00    0,00    0,00    0,00    0,00    0,00    0,00    0,00
11:36:34      10  100,00    0,00    0,00    0,00    0,00    0,00    0,00    0,00    0,00    0,00
11:36:34      11  100,00    0,00    0,00    0,00    0,00    0,00    0,00    0,00    0,00    0,00
11:36:34      12  100,00    0,00    0,00    0,00    0,00    0,00    0,00    0,00    0,00    0,00
11:36:34      13    0,00    0,00    0,00    0,00    0,00    0,00    0,00    0,00    0,00  100,00
11:36:34      14    0,00    0,00    0,00    0,00    0,00    0,00    0,00    0,00    0,00  100,00
11:36:34      15    0,00    0,00    0,00    0,00    0,00    0,00    0,00    0,00    0,00  100,00
11:36:34      16    0,00    0,00    0,00    1,00    0,00    0,00    0,00    0,00    0,00   99,00
11:36:34      17    0,00    0,00    0,99    0,00    0,00    0,00    0,00    0,00    0,00   99,01
11:36:34      18    0,00    0,00    0,00    0,00    0,00    0,00    0,00    0,00    0,00  100,00
11:36:34      19    0,00    0,00    0,00    0,00    0,00    0,00    0,00    0,00    0,00  100,00
11:36:34      20    0,00    0,00    0,00    0,00    0,00    0,00    0,00    0,00    0,00  100,00
11:36:34      21    0,00    0,00    0,00    0,00    0,00    0,00    0,00    0,00    0,00  100,00
11:36:34      22    0,00    0,00    0,00    0,00    0,00    0,00    0,00    0,00    0,00  100,00
11:36:34      23    0,00    0,00    0,00    1,01    0,00    0,00    0,00    0,00    0,00   98,99

11:36:34     CPU    %usr   %nice    %sys %iowait    %irq   %soft  %steal  %guest  %gnice   %idle
11:36:35     all   54,17    0,00    0,00    0,00    0,00    0,00    0,00    0,00    0,00   45,83
11:36:35       0  100,00    0,00    0,00    0,00    0,00    0,00    0,00    0,00    0,00    0,00
11:36:35       1  100,00    0,00    0,00    0,00    0,00    0,00    0,00    0,00    0,00    0,00
11:36:35       2  100,00    0,00    0,00    0,00    0,00    0,00    0,00    0,00    0,00    0,00
11:36:35       3  100,00    0,00    0,00    0,00    0,00    0,00    0,00    0,00    0,00    0,00
11:36:35       4  100,00    0,00    0,00    0,00    0,00    0,00    0,00    0,00    0,00    0,00
11:36:35       5  100,00    0,00    0,00    0,00    0,00    0,00    0,00    0,00    0,00    0,00
11:36:35       6  100,00    0,00    0,00    0,00    0,00    0,00    0,00    0,00    0,00    0,00
11:36:35       7  100,00    0,00    0,00    0,00    0,00    0,00    0,00    0,00    0,00    0,00
11:36:35       8  100,00    0,00    0,00    0,00    0,00    0,00    0,00    0,00    0,00    0,00
11:36:35       9  100,00    0,00    0,00    0,00    0,00    0,00    0,00    0,00    0,00    0,00
11:36:35      10  100,00    0,00    0,00    0,00    0,00    0,00    0,00    0,00    0,00    0,00
11:36:35      11  100,00    0,00    0,00    0,00    0,00    0,00    0,00    0,00    0,00    0,00
11:36:35      12  100,00    0,00    0,00    0,00    0,00    0,00    0,00    0,00    0,00    0,00
11:36:35      13    0,00    0,00    0,00    0,00    0,00    0,00    0,00    0,00    0,00  100,00
11:36:35      14    0,00    0,00    0,00    0,00    0,00    0,00    0,00    0,00    0,00  100,00
11:36:35      15    0,00    0,00    0,00    0,00    0,00    0,00    0,00    0,00    0,00  100,00
11:36:35      16    0,00    0,00    0,00    0,00    0,00    0,00    0,00    0,00    0,00  100,00
11:36:35      17    0,00    0,00    0,00    0,00    0,00    0,00    0,00    0,00    0,00  100,00
11:36:35      18    0,00    0,00    0,00    0,00    0,00    0,00    0,00    0,00    0,00  100,00
11:36:35      19    0,00    0,00    0,00    0,00    0,00    0,00    0,00    0,00    0,00  100,00
11:36:35      20    0,00    0,00    0,00    0,00    0,00    0,00    0,00    0,00    0,00  100,00
11:36:35      21    0,00    0,00    0,00    0,00    0,00    0,00    0,00    0,00    0,00  100,00
11:36:35      22    0,00    0,00    0,00    0,00    0,00    0,00    0,00    0,00    0,00  100,00
11:36:35      23    0,00    0,00    0,00    0,00    0,00    0,00    0,00    0,00    0,00  100,00

11:36:35     CPU    %usr   %nice    %sys %iowait    %irq   %soft  %steal  %guest  %gnice   %idle
11:36:36     all   54,21    0,00    0,00    0,00    0,00    0,00    0,00    0,00    0,00   45,79
11:36:36       0  100,00    0,00    0,00    0,00    0,00    0,00    0,00    0,00    0,00    0,00
11:36:36       1  100,00    0,00    0,00    0,00    0,00    0,00    0,00    0,00    0,00    0,00
11:36:36       2  100,00    0,00    0,00    0,00    0,00    0,00    0,00    0,00    0,00    0,00
11:36:36       3  100,00    0,00    0,00    0,00    0,00    0,00    0,00    0,00    0,00    0,00
11:36:36       4  100,00    0,00    0,00    0,00    0,00    0,00    0,00    0,00    0,00    0,00
11:36:36       5  100,00    0,00    0,00    0,00    0,00    0,00    0,00    0,00    0,00    0,00
11:36:36       6  100,00    0,00    0,00    0,00    0,00    0,00    0,00    0,00    0,00    0,00
11:36:36       7  100,00    0,00    0,00    0,00    0,00    0,00    0,00    0,00    0,00    0,00
11:36:36       8  100,00    0,00    0,00    0,00    0,00    0,00    0,00    0,00    0,00    0,00
11:36:36       9  100,00    0,00    0,00    0,00    0,00    0,00    0,00    0,00    0,00    0,00
11:36:36      10  100,00    0,00    0,00    0,00    0,00    0,00    0,00    0,00    0,00    0,00
11:36:36      11  100,00    0,00    0,00    0,00    0,00    0,00    0,00    0,00    0,00    0,00
11:36:36      12  100,00    0,00    0,00    0,00    0,00    0,00    0,00    0,00    0,00    0,00
11:36:36      13    0,00    0,00    0,00    0,00    0,00    0,00    0,00    0,00    0,00  100,00
11:36:36      14    0,00    0,00    0,00    0,00    0,00    0,00    0,00    0,00    0,00  100,00
11:36:36      15    0,00    0,00    0,00    0,00    0,00    0,00    0,00    0,00    0,00  100,00
11:36:36      16    0,99    0,00    0,00    0,00    0,00    0,00    0,00    0,00    0,00   99,01
11:36:36      17    0,00    0,00    0,00    0,00    0,00    0,00    0,00    0,00    0,00  100,00
11:36:36      18    0,00    0,00    0,00    0,00    0,00    0,00    0,00    0,00    0,00  100,00
11:36:36      19    0,00    0,00    0,00    0,00    0,00    0,00    0,00    0,00    0,00  100,00
11:36:36      20    0,00    0,00    0,00    0,00    0,00    0,00    0,00    0,00    0,00  100,00
11:36:36      21    0,00    0,00    0,00    0,00    0,00    0,00    0,00    0,00    0,00  100,00
11:36:36      22    0,00    0,00    0,00    0,00    0,00    0,00    0,00    0,00    0,00  100,00
11:36:36      23    0,00    0,00    0,00    0,00    0,00    0,00    0,00    0,00    0,00  100,00

11:36:36     CPU    %usr   %nice    %sys %iowait    %irq   %soft  %steal  %guest  %gnice   %idle
11:36:37     all   54,19    0,00    0,04    0,00    0,00    0,00    0,00    0,00    0,00   45,77
11:36:37       0   99,01    0,00    0,99    0,00    0,00    0,00    0,00    0,00    0,00    0,00
11:36:37       1  100,00    0,00    0,00    0,00    0,00    0,00    0,00    0,00    0,00    0,00
11:36:37       2  100,00    0,00    0,00    0,00    0,00    0,00    0,00    0,00    0,00    0,00
11:36:37       3  100,00    0,00    0,00    0,00    0,00    0,00    0,00    0,00    0,00    0,00
11:36:37       4  100,00    0,00    0,00    0,00    0,00    0,00    0,00    0,00    0,00    0,00
11:36:37       5  100,00    0,00    0,00    0,00    0,00    0,00    0,00    0,00    0,00    0,00
11:36:37       6  100,00    0,00    0,00    0,00    0,00    0,00    0,00    0,00    0,00    0,00
11:36:37       7  100,00    0,00    0,00    0,00    0,00    0,00    0,00    0,00    0,00    0,00
11:36:37       8  100,00    0,00    0,00    0,00    0,00    0,00    0,00    0,00    0,00    0,00
11:36:37       9  100,00    0,00    0,00    0,00    0,00    0,00    0,00    0,00    0,00    0,00
11:36:37      10  100,00    0,00    0,00    0,00    0,00    0,00    0,00    0,00    0,00    0,00
11:36:37      11  100,00    0,00    0,00    0,00    0,00    0,00    0,00    0,00    0,00    0,00
11:36:37      12  100,00    0,00    0,00    0,00    0,00    0,00    0,00    0,00    0,00    0,00
11:36:37      13    0,00    0,00    0,00    0,00    0,00    0,00    0,00    0,00    0,00  100,00
11:36:37      14    0,00    0,00    0,00    0,00    0,00    0,00    0,00    0,00    0,00  100,00
11:36:37      15    0,00    0,00    0,00    0,00    0,00    0,00    0,00    0,00    0,00  100,00
11:36:37      16    0,00    0,00    0,00    0,00    0,00    0,00    0,00    0,00    0,00  100,00
11:36:37      17    0,00    0,00    0,00    0,00    0,00    0,00    0,00    0,00    0,00  100,00
11:36:37      18    0,00    0,00    0,00    0,00    0,00    0,00    0,00    0,00    0,00  100,00
11:36:37      19    0,00    0,00    0,00    0,00    0,00    0,00    0,00    0,00    0,00  100,00
11:36:37      20    0,00    0,00    0,00    0,00    0,00    0,00    0,00    0,00    0,00  100,00
11:36:37      21    0,00    0,00    0,00    0,00    0,00    0,00    0,00    0,00    0,00  100,00
11:36:37      22    0,00    0,00    0,00    0,00    0,00    0,00    0,00    0,00    0,00  100,00
11:36:37      23    0,00    0,00    0,00    0,00    0,00    0,00    0,00    0,00    0,00  100,00

11:36:37     CPU    %usr   %nice    %sys %iowait    %irq   %soft  %steal  %guest  %gnice   %idle
11:36:38     all   54,19    0,00    0,00    0,00    0,00    0,00    0,00    0,00    0,00   45,81
11:36:38       0  100,00    0,00    0,00    0,00    0,00    0,00    0,00    0,00    0,00    0,00
11:36:38       1  100,00    0,00    0,00    0,00    0,00    0,00    0,00    0,00    0,00    0,00
11:36:38       2  100,00    0,00    0,00    0,00    0,00    0,00    0,00    0,00    0,00    0,00
11:36:38       3  100,00    0,00    0,00    0,00    0,00    0,00    0,00    0,00    0,00    0,00
11:36:38       4  100,00    0,00    0,00    0,00    0,00    0,00    0,00    0,00    0,00    0,00
11:36:38       5  100,00    0,00    0,00    0,00    0,00    0,00    0,00    0,00    0,00    0,00
11:36:38       6  100,00    0,00    0,00    0,00    0,00    0,00    0,00    0,00    0,00    0,00
11:36:38       7  100,00    0,00    0,00    0,00    0,00    0,00    0,00    0,00    0,00    0,00
11:36:38       8  100,00    0,00    0,00    0,00    0,00    0,00    0,00    0,00    0,00    0,00
11:36:38       9  100,00    0,00    0,00    0,00    0,00    0,00    0,00    0,00    0,00    0,00
11:36:38      10  100,00    0,00    0,00    0,00    0,00    0,00    0,00    0,00    0,00    0,00
11:36:38      11  100,00    0,00    0,00    0,00    0,00    0,00    0,00    0,00    0,00    0,00
11:36:38      12  100,00    0,00    0,00    0,00    0,00    0,00    0,00    0,00    0,00    0,00
11:36:38      13    0,00    0,00    0,00    0,00    0,00    0,00    0,00    0,00    0,00  100,00
11:36:38      14    0,00    0,00    0,00    0,00    0,00    0,00    0,00    0,00    0,00  100,00
11:36:38      15    0,00    0,00    0,00    0,00    0,00    0,00    0,00    0,00    0,00  100,00
11:36:38      16    0,00    0,00    0,00    0,00    0,00    0,00    0,00    0,00    0,00  100,00
11:36:38      17    0,00    0,00    0,00    0,00    0,00    0,00    0,00    0,00    0,00  100,00
11:36:38      18    0,00    0,00    0,00    0,00    0,00    0,00    0,00    0,00    0,00  100,00
11:36:38      19    0,00    0,00    0,00    0,00    0,00    0,00    0,00    0,00    0,00  100,00
11:36:38      20    0,00    0,00    0,00    0,00    0,00    0,00    0,00    0,00    0,00  100,00
11:36:38      21    0,00    0,00    0,00    0,00    0,00    0,00    0,00    0,00    0,00  100,00
11:36:38      22    0,00    0,00    0,00    0,00    0,00    0,00    0,00    0,00    0,00  100,00
11:36:38      23    0,00    0,00    0,00    0,00    0,00    0,00    0,00    0,00    0,00  100,00

11:36:38     CPU    %usr   %nice    %sys %iowait    %irq   %soft  %steal  %guest  %gnice   %idle
11:36:39     all   54,17    0,00    0,00    0,12    0,00    0,00    0,00    0,00    0,00   45,71
11:36:39       0  100,00    0,00    0,00    0,00    0,00    0,00    0,00    0,00    0,00    0,00
11:36:39       1  100,00    0,00    0,00    0,00    0,00    0,00    0,00    0,00    0,00    0,00
11:36:39       2  100,00    0,00    0,00    0,00    0,00    0,00    0,00    0,00    0,00    0,00
11:36:39       3  100,00    0,00    0,00    0,00    0,00    0,00    0,00    0,00    0,00    0,00
11:36:39       4  100,00    0,00    0,00    0,00    0,00    0,00    0,00    0,00    0,00    0,00
11:36:39       5  100,00    0,00    0,00    0,00    0,00    0,00    0,00    0,00    0,00    0,00
11:36:39       6  100,00    0,00    0,00    0,00    0,00    0,00    0,00    0,00    0,00    0,00
11:36:39       7  100,00    0,00    0,00    0,00    0,00    0,00    0,00    0,00    0,00    0,00
11:36:39       8  100,00    0,00    0,00    0,00    0,00    0,00    0,00    0,00    0,00    0,00
11:36:39       9  100,00    0,00    0,00    0,00    0,00    0,00    0,00    0,00    0,00    0,00
11:36:39      10  100,00    0,00    0,00    0,00    0,00    0,00    0,00    0,00    0,00    0,00
11:36:39      11  100,00    0,00    0,00    0,00    0,00    0,00    0,00    0,00    0,00    0,00
11:36:39      12  100,00    0,00    0,00    0,00    0,00    0,00    0,00    0,00    0,00    0,00
11:36:39      13    0,00    0,00    0,00    0,00    0,00    0,00    0,00    0,00    0,00  100,00
11:36:39      14    0,00    0,00    0,00    0,00    0,00    0,00    0,00    0,00    0,00  100,00
11:36:39      15    0,00    0,00    0,00    0,00    0,00    0,00    0,00    0,00    0,00  100,00
11:36:39      16    0,00    0,00    0,00    1,00    0,00    0,00    0,00    0,00    0,00   99,00
11:36:39      17    0,00    0,00    0,00    0,00    0,00    0,00    0,00    0,00    0,00  100,00
11:36:39      18    0,00    0,00    0,00    0,00    0,00    0,00    0,00    0,00    0,00  100,00
11:36:39      19    0,00    0,00    0,00    0,00    0,00    0,00    0,00    0,00    0,00  100,00
11:36:39      20    0,00    0,00    0,00    0,00    0,00    0,00    0,00    0,00    0,00  100,00
11:36:39      21    0,00    0,00    0,00    0,00    0,00    0,00    0,00    0,00    0,00  100,00
11:36:39      22    0,00    0,00    0,00    0,00    0,00    0,00    0,00    0,00    0,00  100,00
11:36:39      23    0,00    0,00    0,00    2,00    0,00    0,00    0,00    0,00    0,00   98,00

11:36:39     CPU    %usr   %nice    %sys %iowait    %irq   %soft  %steal  %guest  %gnice   %idle
11:36:40     all   54,19    0,00    0,00    0,00    0,00    0,00    0,00    0,00    0,00   45,81
11:36:40       0  100,00    0,00    0,00    0,00    0,00    0,00    0,00    0,00    0,00    0,00
11:36:40       1  100,00    0,00    0,00    0,00    0,00    0,00    0,00    0,00    0,00    0,00
11:36:40       2  100,00    0,00    0,00    0,00    0,00    0,00    0,00    0,00    0,00    0,00
11:36:40       3  100,00    0,00    0,00    0,00    0,00    0,00    0,00    0,00    0,00    0,00
11:36:40       4  100,00    0,00    0,00    0,00    0,00    0,00    0,00    0,00    0,00    0,00
11:36:40       5  100,00    0,00    0,00    0,00    0,00    0,00    0,00    0,00    0,00    0,00
11:36:40       6  100,00    0,00    0,00    0,00    0,00    0,00    0,00    0,00    0,00    0,00
11:36:40       7  100,00    0,00    0,00    0,00    0,00    0,00    0,00    0,00    0,00    0,00
11:36:40       8  100,00    0,00    0,00    0,00    0,00    0,00    0,00    0,00    0,00    0,00
11:36:40       9  100,00    0,00    0,00    0,00    0,00    0,00    0,00    0,00    0,00    0,00
11:36:40      10  100,00    0,00    0,00    0,00    0,00    0,00    0,00    0,00    0,00    0,00
11:36:40      11  100,00    0,00    0,00    0,00    0,00    0,00    0,00    0,00    0,00    0,00
11:36:40      12  100,00    0,00    0,00    0,00    0,00    0,00    0,00    0,00    0,00    0,00
11:36:40      13    0,00    0,00    0,00    0,00    0,00    0,00    0,00    0,00    0,00  100,00
11:36:40      14    0,00    0,00    0,00    0,00    0,00    0,00    0,00    0,00    0,00  100,00
11:36:40      15    0,00    0,00    0,00    0,00    0,00    0,00    0,00    0,00    0,00  100,00
11:36:40      16    0,00    0,00    0,00    0,00    0,00    0,00    0,00    0,00    0,00  100,00
11:36:40      17    0,00    0,00    0,00    0,00    0,00    0,00    0,00    0,00    0,00  100,00
11:36:40      18    0,00    0,00    0,00    0,00    0,00    0,00    0,00    0,00    0,00  100,00
11:36:40      19    0,00    0,00    0,00    0,00    0,00    0,00    0,00    0,00    0,00  100,00
11:36:40      20    0,00    0,00    0,00    0,00    0,00    0,00    0,00    0,00    0,00  100,00
11:36:40      21    0,00    0,00    0,00    0,00    0,00    0,00    0,00    0,00    0,00  100,00
11:36:40      22    0,00    0,00    0,00    0,00    0,00    0,00    0,00    0,00    0,00  100,00
11:36:40      23    0,00    0,00    0,00    0,00    0,00    0,00    0,00    0,00    0,00  100,00

11:36:40     CPU    %usr   %nice    %sys %iowait    %irq   %soft  %steal  %guest  %gnice   %idle
11:36:41     all   53,94    0,00    0,25    0,00    0,00    0,00    0,00    0,00    0,00   45,81
11:36:41       0  100,00    0,00    0,00    0,00    0,00    0,00    0,00    0,00    0,00    0,00
11:36:41       1  100,00    0,00    0,00    0,00    0,00    0,00    0,00    0,00    0,00    0,00
11:36:41       2  100,00    0,00    0,00    0,00    0,00    0,00    0,00    0,00    0,00    0,00
11:36:41       3   94,00    0,00    6,00    0,00    0,00    0,00    0,00    0,00    0,00    0,00
11:36:41       4  100,00    0,00    0,00    0,00    0,00    0,00    0,00    0,00    0,00    0,00
11:36:41       5  100,00    0,00    0,00    0,00    0,00    0,00    0,00    0,00    0,00    0,00
11:36:41       6  100,00    0,00    0,00    0,00    0,00    0,00    0,00    0,00    0,00    0,00
11:36:41       7  100,00    0,00    0,00    0,00    0,00    0,00    0,00    0,00    0,00    0,00
11:36:41       8  100,00    0,00    0,00    0,00    0,00    0,00    0,00    0,00    0,00    0,00
11:36:41       9  100,00    0,00    0,00    0,00    0,00    0,00    0,00    0,00    0,00    0,00
11:36:41      10  100,00    0,00    0,00    0,00    0,00    0,00    0,00    0,00    0,00    0,00
11:36:41      11  100,00    0,00    0,00    0,00    0,00    0,00    0,00    0,00    0,00    0,00
11:36:41      12  100,00    0,00    0,00    0,00    0,00    0,00    0,00    0,00    0,00    0,00
11:36:41      13    0,00    0,00    0,00    0,00    0,00    0,00    0,00    0,00    0,00  100,00
11:36:41      14    0,00    0,00    0,00    0,00    0,00    0,00    0,00    0,00    0,00  100,00
11:36:41      15    0,00    0,00    0,00    0,00    0,00    0,00    0,00    0,00    0,00  100,00
11:36:41      16    0,00    0,00    0,00    0,00    0,00    0,00    0,00    0,00    0,00  100,00
11:36:41      17    0,00    0,00    0,00    0,00    0,00    0,00    0,00    0,00    0,00  100,00
11:36:41      18    0,00    0,00    0,00    0,00    0,00    0,00    0,00    0,00    0,00  100,00
11:36:41      19    0,00    0,00    0,00    0,00    0,00    0,00    0,00    0,00    0,00  100,00
11:36:41      20    0,00    0,00    0,00    0,00    0,00    0,00    0,00    0,00    0,00  100,00
11:36:41      21    0,00    0,00    0,00    0,00    0,00    0,00    0,00    0,00    0,00  100,00
11:36:41      22    0,00    0,00    0,00    0,00    0,00    0,00    0,00    0,00    0,00  100,00
11:36:41      23    0,00    0,00    0,00    0,00    0,00    0,00    0,00    0,00    0,00  100,00

11:36:41     CPU    %usr   %nice    %sys %iowait    %irq   %soft  %steal  %guest  %gnice   %idle
11:36:42     all   54,17    0,00    0,04    0,00    0,00    0,00    0,00    0,00    0,00   45,79
11:36:42       0  100,00    0,00    0,00    0,00    0,00    0,00    0,00    0,00    0,00    0,00
11:36:42       1  100,00    0,00    0,00    0,00    0,00    0,00    0,00    0,00    0,00    0,00
11:36:42       2  100,00    0,00    0,00    0,00    0,00    0,00    0,00    0,00    0,00    0,00
11:36:42       3  100,00    0,00    0,00    0,00    0,00    0,00    0,00    0,00    0,00    0,00
11:36:42       4  100,00    0,00    0,00    0,00    0,00    0,00    0,00    0,00    0,00    0,00
11:36:42       5  100,00    0,00    0,00    0,00    0,00    0,00    0,00    0,00    0,00    0,00
11:36:42       6  100,00    0,00    0,00    0,00    0,00    0,00    0,00    0,00    0,00    0,00
11:36:42       7  100,00    0,00    0,00    0,00    0,00    0,00    0,00    0,00    0,00    0,00
11:36:42       8  100,00    0,00    0,00    0,00    0,00    0,00    0,00    0,00    0,00    0,00
11:36:42       9  100,00    0,00    0,00    0,00    0,00    0,00    0,00    0,00    0,00    0,00
11:36:42      10  100,00    0,00    0,00    0,00    0,00    0,00    0,00    0,00    0,00    0,00
11:36:42      11  100,00    0,00    0,00    0,00    0,00    0,00    0,00    0,00    0,00    0,00
11:36:42      12  100,00    0,00    0,00    0,00    0,00    0,00    0,00    0,00    0,00    0,00
11:36:42      13    0,00    0,00    0,00    0,00    0,00    0,00    0,00    0,00    0,00  100,00
11:36:42      14    0,00    0,00    0,00    0,00    0,00    0,00    0,00    0,00    0,00  100,00
11:36:42      15    0,00    0,00    0,00    0,00    0,00    0,00    0,00    0,00    0,00  100,00
11:36:42      16    0,00    0,00    0,99    0,00    0,00    0,00    0,00    0,00    0,00   99,01
11:36:42      17    0,00    0,00    0,00    0,00    0,00    0,00    0,00    0,00    0,00  100,00
11:36:42      18    0,00    0,00    0,00    0,00    0,00    0,00    0,00    0,00    0,00  100,00
11:36:42      19    0,00    0,00    0,00    0,00    0,00    0,00    0,00    0,00    0,00  100,00
11:36:42      20    0,00    0,00    0,00    0,00    0,00    0,00    0,00    0,00    0,00  100,00
11:36:42      21    0,00    0,00    0,00    0,00    0,00    0,00    0,00    0,00    0,00  100,00
11:36:42      22    0,00    0,00    0,00    0,00    0,00    0,00    0,00    0,00    0,00  100,00
11:36:42      23    0,00    0,00    0,00    0,00    0,00    0,00    0,00    0,00    0,00  100,00

11:36:42     CPU    %usr   %nice    %sys %iowait    %irq   %soft  %steal  %guest  %gnice   %idle
11:36:43     all   54,17    0,00    0,00    0,00    0,00    0,00    0,00    0,00    0,00   45,83
11:36:43       0  100,00    0,00    0,00    0,00    0,00    0,00    0,00    0,00    0,00    0,00
11:36:43       1  100,00    0,00    0,00    0,00    0,00    0,00    0,00    0,00    0,00    0,00
11:36:43       2  100,00    0,00    0,00    0,00    0,00    0,00    0,00    0,00    0,00    0,00
11:36:43       3  100,00    0,00    0,00    0,00    0,00    0,00    0,00    0,00    0,00    0,00
11:36:43       4  100,00    0,00    0,00    0,00    0,00    0,00    0,00    0,00    0,00    0,00
11:36:43       5  100,00    0,00    0,00    0,00    0,00    0,00    0,00    0,00    0,00    0,00
11:36:43       6  100,00    0,00    0,00    0,00    0,00    0,00    0,00    0,00    0,00    0,00
11:36:43       7  100,00    0,00    0,00    0,00    0,00    0,00    0,00    0,00    0,00    0,00
11:36:43       8  100,00    0,00    0,00    0,00    0,00    0,00    0,00    0,00    0,00    0,00
11:36:43       9  100,00    0,00    0,00    0,00    0,00    0,00    0,00    0,00    0,00    0,00
11:36:43      10  100,00    0,00    0,00    0,00    0,00    0,00    0,00    0,00    0,00    0,00
11:36:43      11  100,00    0,00    0,00    0,00    0,00    0,00    0,00    0,00    0,00    0,00
11:36:43      12  100,00    0,00    0,00    0,00    0,00    0,00    0,00    0,00    0,00    0,00
11:36:43      13    0,00    0,00    0,00    0,00    0,00    0,00    0,00    0,00    0,00  100,00
11:36:43      14    0,00    0,00    0,00    0,00    0,00    0,00    0,00    0,00    0,00  100,00
11:36:43      15    0,00    0,00    0,00    0,00    0,00    0,00    0,00    0,00    0,00  100,00
11:36:43      16    0,00    0,00    0,00    0,00    0,00    0,00    0,00    0,00    0,00  100,00
11:36:43      17    0,00    0,00    0,00    0,00    0,00    0,00    0,00    0,00    0,00  100,00
11:36:43      18    0,00    0,00    0,00    0,00    0,00    0,00    0,00    0,00    0,00  100,00
11:36:43      19    0,00    0,00    0,00    0,00    0,00    0,00    0,00    0,00    0,00  100,00
11:36:43      20    0,00    0,00    0,00    0,00    0,00    0,00    0,00    0,00    0,00  100,00
11:36:43      21    0,00    0,00    0,00    0,00    0,00    0,00    0,00    0,00    0,00  100,00
11:36:43      22    0,00    0,00    0,00    0,00    0,00    0,00    0,00    0,00    0,00  100,00
11:36:43      23    0,00    0,00    0,00    0,00    0,00    0,00    0,00    0,00    0,00  100,00

11:36:43     CPU    %usr   %nice    %sys %iowait    %irq   %soft  %steal  %guest  %gnice   %idle
11:36:44     all   54,19    0,00    0,00    0,08    0,00    0,00    0,00    0,00    0,00   45,73
11:36:44       0  100,00    0,00    0,00    0,00    0,00    0,00    0,00    0,00    0,00    0,00
11:36:44       1  100,00    0,00    0,00    0,00    0,00    0,00    0,00    0,00    0,00    0,00
11:36:44       2  100,00    0,00    0,00    0,00    0,00    0,00    0,00    0,00    0,00    0,00
11:36:44       3  100,00    0,00    0,00    0,00    0,00    0,00    0,00    0,00    0,00    0,00
11:36:44       4  100,00    0,00    0,00    0,00    0,00    0,00    0,00    0,00    0,00    0,00
11:36:44       5  100,00    0,00    0,00    0,00    0,00    0,00    0,00    0,00    0,00    0,00
11:36:44       6  100,00    0,00    0,00    0,00    0,00    0,00    0,00    0,00    0,00    0,00
11:36:44       7  100,00    0,00    0,00    0,00    0,00    0,00    0,00    0,00    0,00    0,00
11:36:44       8  100,00    0,00    0,00    0,00    0,00    0,00    0,00    0,00    0,00    0,00
11:36:44       9  100,00    0,00    0,00    0,00    0,00    0,00    0,00    0,00    0,00    0,00
11:36:44      10  100,00    0,00    0,00    0,00    0,00    0,00    0,00    0,00    0,00    0,00
11:36:44      11  100,00    0,00    0,00    0,00    0,00    0,00    0,00    0,00    0,00    0,00
11:36:44      12  100,00    0,00    0,00    0,00    0,00    0,00    0,00    0,00    0,00    0,00
11:36:44      13    0,00    0,00    0,00    0,00    0,00    0,00    0,00    0,00    0,00  100,00
11:36:44      14    0,00    0,00    0,00    0,00    0,00    0,00    0,00    0,00    0,00  100,00
11:36:44      15    0,00    0,00    0,00    0,00    0,00    0,00    0,00    0,00    0,00  100,00
11:36:44      16    0,00    0,00    0,00    0,00    0,00    0,00    0,00    0,00    0,00  100,00
11:36:44      17    0,00    0,00    0,00    0,00    0,00    0,00    0,00    0,00    0,00  100,00
11:36:44      18    0,00    0,00    0,00    0,00    0,00    0,00    0,00    0,00    0,00  100,00
11:36:44      19    0,00    0,00    0,00    0,00    0,00    0,00    0,00    0,00    0,00  100,00
11:36:44      20    0,00    0,00    0,00    0,00    0,00    0,00    0,00    0,00    0,00  100,00
11:36:44      21    0,00    0,00    0,00    0,00    0,00    0,00    0,00    0,00    0,00  100,00
11:36:44      22    0,00    0,00    0,00    0,00    0,00    0,00    0,00    0,00    0,00  100,00
11:36:44      23    0,00    0,00    0,00    2,00    0,00    0,00    0,00    0,00    0,00   98,00

11:36:44     CPU    %usr   %nice    %sys %iowait    %irq   %soft  %steal  %guest  %gnice   %idle
11:36:45     all   54,17    0,00    0,00    0,00    0,00    0,00    0,00    0,00    0,00   45,83
11:36:45       0  100,00    0,00    0,00    0,00    0,00    0,00    0,00    0,00    0,00    0,00
11:36:45       1  100,00    0,00    0,00    0,00    0,00    0,00    0,00    0,00    0,00    0,00
11:36:45       2  100,00    0,00    0,00    0,00    0,00    0,00    0,00    0,00    0,00    0,00
11:36:45       3  100,00    0,00    0,00    0,00    0,00    0,00    0,00    0,00    0,00    0,00
11:36:45       4  100,00    0,00    0,00    0,00    0,00    0,00    0,00    0,00    0,00    0,00
11:36:45       5  100,00    0,00    0,00    0,00    0,00    0,00    0,00    0,00    0,00    0,00
11:36:45       6  100,00    0,00    0,00    0,00    0,00    0,00    0,00    0,00    0,00    0,00
11:36:45       7  100,00    0,00    0,00    0,00    0,00    0,00    0,00    0,00    0,00    0,00
11:36:45       8  100,00    0,00    0,00    0,00    0,00    0,00    0,00    0,00    0,00    0,00
11:36:45       9  100,00    0,00    0,00    0,00    0,00    0,00    0,00    0,00    0,00    0,00
11:36:45      10  100,00    0,00    0,00    0,00    0,00    0,00    0,00    0,00    0,00    0,00
11:36:45      11  100,00    0,00    0,00    0,00    0,00    0,00    0,00    0,00    0,00    0,00
11:36:45      12  100,00    0,00    0,00    0,00    0,00    0,00    0,00    0,00    0,00    0,00
11:36:45      13    0,00    0,00    0,00    0,00    0,00    0,00    0,00    0,00    0,00  100,00
11:36:45      14    0,00    0,00    0,00    0,00    0,00    0,00    0,00    0,00    0,00  100,00
11:36:45      15    0,00    0,00    0,00    0,00    0,00    0,00    0,00    0,00    0,00  100,00
11:36:45      16    0,00    0,00    0,00    0,00    0,00    0,00    0,00    0,00    0,00  100,00
11:36:45      17    0,00    0,00    0,00    0,00    0,00    0,00    0,00    0,00    0,00  100,00
11:36:45      18    0,00    0,00    0,00    0,00    0,00    0,00    0,00    0,00    0,00  100,00
11:36:45      19    0,00    0,00    0,00    0,00    0,00    0,00    0,00    0,00    0,00  100,00
11:36:45      20    0,00    0,00    0,00    0,00    0,00    0,00    0,00    0,00    0,00  100,00
11:36:45      21    0,00    0,00    0,00    0,00    0,00    0,00    0,00    0,00    0,00  100,00
11:36:45      22    0,00    0,00    0,00    0,00    0,00    0,00    0,00    0,00    0,00  100,00
11:36:45      23    0,00    0,00    0,00    0,00    0,00    0,00    0,00    0,00    0,00  100,00
