Linux 6.8.0-111-generic (testbed-node6) 	13/05/26 	_x86_64_	(24 CPU)

04:36:03     CPU    %usr   %nice    %sys %iowait    %irq   %soft  %steal  %guest  %gnice   %idle
04:36:04     all    4,71    0,00    0,13    0,08    0,00    0,00    0,00    0,00    0,00   95,08
04:36:04       0    0,00    0,00    0,00    0,00    0,00    0,00    0,00    0,00    0,00  100,00
04:36:04       1  100,00    0,00    0,00    0,00    0,00    0,00    0,00    0,00    0,00    0,00
04:36:04       2    0,00    0,00    0,00    0,00    0,00    0,00    0,00    0,00    0,00  100,00
04:36:04       3    0,00    0,00    0,00    0,00    0,00    0,00    0,00    0,00    0,00  100,00
04:36:04       4    1,00    0,00    0,00    1,00    0,00    0,00    0,00    0,00    0,00   98,00
04:36:04       5    0,00    0,00    0,00    0,00    0,00    0,00    0,00    0,00    0,00  100,00
04:36:04       6    6,93    0,00    0,99    0,00    0,00    0,00    0,00    0,00    0,00   92,08
04:36:04       7    0,00    0,00    0,00    0,00    0,00    0,00    0,00    0,00    0,00  100,00
04:36:04       8    1,00    0,00    0,00    1,00    0,00    0,00    0,00    0,00    0,00   98,00
04:36:04       9    0,00    0,00    0,00    0,00    0,00    0,00    0,00    0,00    0,00  100,00
04:36:04      10    0,00    0,00    0,00    0,00    0,00    0,00    0,00    0,00    0,00  100,00
04:36:04      11    0,00    0,00    0,00    0,00    0,00    0,00    0,00    0,00    0,00  100,00
04:36:04      12    1,00    0,00    0,00    0,00    0,00    0,00    0,00    0,00    0,00   99,00
04:36:04      13    0,00    0,00    0,00    0,00    0,00    0,00    0,00    0,00    0,00  100,00
04:36:04      14    0,00    0,00    0,00    0,00    0,00    0,00    0,00    0,00    0,00  100,00
04:36:04      15    0,00    0,00    0,00    0,00    0,00    0,00    0,00    0,00    0,00  100,00
04:36:04      16    0,99    0,00    0,99    0,00    0,00    0,00    0,00    0,00    0,00   98,02
04:36:04      17    0,00    0,00    0,00    0,00    0,00    0,00    0,00    0,00    0,00  100,00
04:36:04      18    0,00    0,00    0,00    0,00    0,00    0,00    0,00    0,00    0,00  100,00
04:36:04      19    0,00    0,00    0,00    0,00    0,00    0,00    0,00    0,00    0,00  100,00
04:36:04      20    0,00    0,00    0,00    0,00    0,00    0,00    0,00    0,00    0,00  100,00
04:36:04      21    1,00    0,00    0,00    0,00    0,00    0,00    0,00    0,00    0,00   99,00
04:36:04      22    0,00    0,00    1,01    0,00    0,00    0,00    0,00    0,00    0,00   98,99
04:36:04      23    1,00    0,00    0,00    0,00    0,00    0,00    0,00    0,00    0,00   99,00

04:36:04     CPU    %usr   %nice    %sys %iowait    %irq   %soft  %steal  %guest  %gnice   %idle
04:36:05     all    4,12    0,00    0,04    0,00    0,00    0,00    0,00    0,00    0,00   95,83
04:36:05       0    0,00    0,00    0,00    0,00    0,00    0,00    0,00    0,00    0,00  100,00
04:36:05       1   99,00    0,00    1,00    0,00    0,00    0,00    0,00    0,00    0,00    0,00
04:36:05       2    0,00    0,00    0,00    0,00    0,00    0,00    0,00    0,00    0,00  100,00
04:36:05       3    0,00    0,00    0,00    0,00    0,00    0,00    0,00    0,00    0,00  100,00
04:36:05       4    0,00    0,00    0,00    0,00    0,00    0,00    0,00    0,00    0,00  100,00
04:36:05       5    0,00    0,00    0,00    0,00    0,00    0,00    0,00    0,00    0,00  100,00
04:36:05       6    0,00    0,00    0,00    0,00    0,00    0,00    0,00    0,00    0,00  100,00
04:36:05       7    0,00    0,00    0,00    0,00    0,00    0,00    0,00    0,00    0,00  100,00
04:36:05       8    0,00    0,00    0,00    0,00    0,00    0,00    0,00    0,00    0,00  100,00
04:36:05       9    0,00    0,00    0,00    0,00    0,00    0,00    0,00    0,00    0,00  100,00
04:36:05      10    0,00    0,00    0,00    0,00    0,00    0,00    0,00    0,00    0,00  100,00
04:36:05      11    0,00    0,00    0,00    0,00    0,00    0,00    0,00    0,00    0,00  100,00
04:36:05      12    0,00    0,00    0,00    0,00    0,00    0,00    0,00    0,00    0,00  100,00
04:36:05      13    0,00    0,00    0,00    0,00    0,00    0,00    0,00    0,00    0,00  100,00
04:36:05      14    0,00    0,00    0,00    0,00    0,00    0,00    0,00    0,00    0,00  100,00
04:36:05      15    0,00    0,00    0,00    0,00    0,00    0,00    0,00    0,00    0,00  100,00
04:36:05      16    0,00    0,00    0,00    0,00    0,00    0,00    0,00    0,00    0,00  100,00
04:36:05      17    0,00    0,00    0,00    0,00    0,00    0,00    0,00    0,00    0,00  100,00
04:36:05      18    0,00    0,00    0,00    0,00    0,00    0,00    0,00    0,00    0,00  100,00
04:36:05      19    0,00    0,00    0,00    0,00    0,00    0,00    0,00    0,00    0,00  100,00
04:36:05      20    0,00    0,00    0,00    0,00    0,00    0,00    0,00    0,00    0,00  100,00
04:36:05      21    0,00    0,00    0,00    0,00    0,00    0,00    0,00    0,00    0,00  100,00
04:36:05      22    0,00    0,00    0,00    0,00    0,00    0,00    0,00    0,00    0,00  100,00
04:36:05      23    0,00    0,00    0,00    0,00    0,00    0,00    0,00    0,00    0,00  100,00

04:36:05     CPU    %usr   %nice    %sys %iowait    %irq   %soft  %steal  %guest  %gnice   %idle
04:36:06     all    5,13    0,00    0,54    0,00    0,00    0,04    0,00    0,00    0,00   94,29
04:36:06       0    0,00    0,00    0,00    0,00    0,00    0,00    0,00    0,00    0,00  100,00
04:36:06       1  100,00    0,00    0,00    0,00    0,00    0,00    0,00    0,00    0,00    0,00
04:36:06       2    0,00    0,00    0,00    0,00    0,00    0,00    0,00    0,00    0,00  100,00
04:36:06       3    0,00    0,00    0,00    0,00    0,00    0,00    0,00    0,00    0,00  100,00
04:36:06       4    1,01    0,00    1,01    0,00    0,00    0,00    0,00    0,00    0,00   97,98
04:36:06       5    0,00    0,00    0,00    0,00    0,00    0,00    0,00    0,00    0,00  100,00
04:36:06       6    0,00    0,00    0,00    0,00    0,00    0,00    0,00    0,00    0,00  100,00
04:36:06       7    0,00    0,00    0,00    0,00    0,00    0,00    0,00    0,00    0,00  100,00
04:36:06       8    9,00    0,00    2,00    0,00    0,00    0,00    0,00    0,00    0,00   89,00
04:36:06       9    0,00    0,00    0,00    0,00    0,00    0,00    0,00    0,00    0,00  100,00
04:36:06      10    1,00    0,00    0,00    0,00    0,00    0,00    0,00    0,00    0,00   99,00
04:36:06      11    0,00    0,00    0,00    0,00    0,00    0,00    0,00    0,00    0,00  100,00
04:36:06      12    0,00    0,00    0,00    0,00    0,00    0,00    0,00    0,00    0,00  100,00
04:36:06      13    0,00    0,00    0,00    0,00    0,00    0,00    0,00    0,00    0,00  100,00
04:36:06      14    0,00    0,00    1,00    0,00    0,00    0,00    0,00    0,00    0,00   99,00
04:36:06      15    0,00    0,00    0,00    0,00    0,00    0,00    0,00    0,00    0,00  100,00
04:36:06      16    3,00    0,00    2,00    0,00    0,00    0,00    0,00    0,00    0,00   95,00
04:36:06      17    1,96    0,00    0,98    0,00    0,00    0,98    0,00    0,00    0,00   96,08
04:36:06      18    1,00    0,00    0,00    0,00    0,00    0,00    0,00    0,00    0,00   99,00
04:36:06      19    1,00    0,00    1,00    0,00    0,00    0,00    0,00    0,00    0,00   98,00
04:36:06      20    0,00    0,00    1,00    0,00    0,00    0,00    0,00    0,00    0,00   99,00
04:36:06      21    2,00    0,00    2,00    0,00    0,00    0,00    0,00    0,00    0,00   96,00
04:36:06      22    0,99    0,00    0,00    0,00    0,00    0,00    0,00    0,00    0,00   99,01
04:36:06      23    2,02    0,00    2,02    0,00    0,00    0,00    0,00    0,00    0,00   95,96

04:36:06     CPU    %usr   %nice    %sys %iowait    %irq   %soft  %steal  %guest  %gnice   %idle
04:36:07     all    4,21    0,00    0,00    0,17    0,00    0,00    0,00    0,00    0,00   95,62
04:36:07       0    0,00    0,00    0,00    0,00    0,00    0,00    0,00    0,00    0,00  100,00
04:36:07       1  100,00    0,00    0,00    0,00    0,00    0,00    0,00    0,00    0,00    0,00
04:36:07       2    0,00    0,00    0,00    0,00    0,00    0,00    0,00    0,00    0,00  100,00
04:36:07       3    0,00    0,00    0,00    0,00    0,00    0,00    0,00    0,00    0,00  100,00
04:36:07       4    0,00    0,00    0,00    0,00    0,00    0,00    0,00    0,00    0,00  100,00
04:36:07       5    0,00    0,00    0,00    0,00    0,00    0,00    0,00    0,00    0,00  100,00
04:36:07       6    0,00    0,00    0,00    1,00    0,00    0,00    0,00    0,00    0,00   99,00
04:36:07       7    0,00    0,00    0,00    0,00    0,00    0,00    0,00    0,00    0,00  100,00
04:36:07       8    0,00    0,00    0,00    1,00    0,00    0,00    0,00    0,00    0,00   99,00
04:36:07       9    0,00    0,00    0,00    0,00    0,00    0,00    0,00    0,00    0,00  100,00
04:36:07      10    0,99    0,00    0,00    1,98    0,00    0,00    0,00    0,00    0,00   97,03
04:36:07      11    0,00    0,00    0,00    0,00    0,00    0,00    0,00    0,00    0,00  100,00
04:36:07      12    0,00    0,00    0,00    0,00    0,00    0,00    0,00    0,00    0,00  100,00
04:36:07      13    0,00    0,00    0,00    0,00    0,00    0,00    0,00    0,00    0,00  100,00
04:36:07      14    0,00    0,00    0,00    0,00    0,00    0,00    0,00    0,00    0,00  100,00
04:36:07      15    0,00    0,00    0,00    0,00    0,00    0,00    0,00    0,00    0,00  100,00
04:36:07      16    0,00    0,00    0,00    0,00    0,00    0,00    0,00    0,00    0,00  100,00
04:36:07      17    0,00    0,00    0,00    0,00    0,00    0,00    0,00    0,00    0,00  100,00
04:36:07      18    0,00    0,00    0,00    0,00    0,00    0,00    0,00    0,00    0,00  100,00
04:36:07      19    0,00    0,00    0,00    0,00    0,00    0,00    0,00    0,00    0,00  100,00
04:36:07      20    0,00    0,00    0,00    0,00    0,00    0,00    0,00    0,00    0,00  100,00
04:36:07      21    0,00    0,00    0,00    0,00    0,00    0,00    0,00    0,00    0,00  100,00
04:36:07      22    0,00    0,00    0,00    0,00    0,00    0,00    0,00    0,00    0,00  100,00
04:36:07      23    0,00    0,00    0,00    0,00    0,00    0,00    0,00    0,00    0,00  100,00

04:36:07     CPU    %usr   %nice    %sys %iowait    %irq   %soft  %steal  %guest  %gnice   %idle
04:36:08     all    4,17    0,00    0,00    0,00    0,00    0,00    0,00    0,00    0,00   95,83
04:36:08       0    0,00    0,00    0,00    0,00    0,00    0,00    0,00    0,00    0,00  100,00
04:36:08       1  100,00    0,00    0,00    0,00    0,00    0,00    0,00    0,00    0,00    0,00
04:36:08       2    0,00    0,00    0,00    0,00    0,00    0,00    0,00    0,00    0,00  100,00
04:36:08       3    0,00    0,00    0,00    0,00    0,00    0,00    0,00    0,00    0,00  100,00
04:36:08       4    0,00    0,00    0,00    0,00    0,00    0,00    0,00    0,00    0,00  100,00
04:36:08       5    0,00    0,00    0,00    0,00    0,00    0,00    0,00    0,00    0,00  100,00
04:36:08       6    0,00    0,00    0,00    0,00    0,00    0,00    0,00    0,00    0,00  100,00
04:36:08       7    0,00    0,00    0,00    0,00    0,00    0,00    0,00    0,00    0,00  100,00
04:36:08       8    0,00    0,00    0,00    0,00    0,00    0,00    0,00    0,00    0,00  100,00
04:36:08       9    0,00    0,00    0,00    0,00    0,00    0,00    0,00    0,00    0,00  100,00
04:36:08      10    0,00    0,00    0,00    0,00    0,00    0,00    0,00    0,00    0,00  100,00
04:36:08      11    0,00    0,00    0,00    0,00    0,00    0,00    0,00    0,00    0,00  100,00
04:36:08      12    0,00    0,00    0,00    0,00    0,00    0,00    0,00    0,00    0,00  100,00
04:36:08      13    0,00    0,00    0,00    0,00    0,00    0,00    0,00    0,00    0,00  100,00
04:36:08      14    0,00    0,00    0,00    0,00    0,00    0,00    0,00    0,00    0,00  100,00
04:36:08      15    0,00    0,00    0,00    0,00    0,00    0,00    0,00    0,00    0,00  100,00
04:36:08      16    0,00    0,00    0,00    0,00    0,00    0,00    0,00    0,00    0,00  100,00
04:36:08      17    0,00    0,00    0,00    0,00    0,00    0,00    0,00    0,00    0,00  100,00
04:36:08      18    0,00    0,00    0,00    0,00    0,00    0,00    0,00    0,00    0,00  100,00
04:36:08      19    0,00    0,00    0,00    0,00    0,00    0,00    0,00    0,00    0,00  100,00
04:36:08      20    0,00    0,00    0,00    0,00    0,00    0,00    0,00    0,00    0,00  100,00
04:36:08      21    0,00    0,00    0,00    0,00    0,00    0,00    0,00    0,00    0,00  100,00
04:36:08      22    0,00    0,00    0,00    0,00    0,00    0,00    0,00    0,00    0,00  100,00
04:36:08      23    0,00    0,00    0,00    0,00    0,00    0,00    0,00    0,00    0,00  100,00

04:36:08     CPU    %usr   %nice    %sys %iowait    %irq   %soft  %steal  %guest  %gnice   %idle
04:36:09     all    4,17    0,00    0,00    0,00    0,00    0,00    0,00    0,00    0,00   95,83
04:36:09       0    0,00    0,00    0,00    0,00    0,00    0,00    0,00    0,00    0,00  100,00
04:36:09       1  100,00    0,00    0,00    0,00    0,00    0,00    0,00    0,00    0,00    0,00
04:36:09       2    0,00    0,00    0,00    0,00    0,00    0,00    0,00    0,00    0,00  100,00
04:36:09       3    0,00    0,00    0,00    0,00    0,00    0,00    0,00    0,00    0,00  100,00
04:36:09       4    0,00    0,00    0,00    0,00    0,00    0,00    0,00    0,00    0,00  100,00
04:36:09       5    0,00    0,00    0,00    0,00    0,00    0,00    0,00    0,00    0,00  100,00
04:36:09       6    0,00    0,00    0,00    0,00    0,00    0,00    0,00    0,00    0,00  100,00
04:36:09       7    0,00    0,00    0,00    0,00    0,00    0,00    0,00    0,00    0,00  100,00
04:36:09       8    0,00    0,00    0,00    0,00    0,00    0,00    0,00    0,00    0,00  100,00
04:36:09       9    0,00    0,00    0,00    0,00    0,00    0,00    0,00    0,00    0,00  100,00
04:36:09      10    0,00    0,00    0,00    0,00    0,00    0,00    0,00    0,00    0,00  100,00
04:36:09      11    0,00    0,00    0,00    0,00    0,00    0,00    0,00    0,00    0,00  100,00
04:36:09      12    0,00    0,00    0,00    0,00    0,00    0,00    0,00    0,00    0,00  100,00
04:36:09      13    0,00    0,00    0,00    0,00    0,00    0,00    0,00    0,00    0,00  100,00
04:36:09      14    0,00    0,00    0,00    0,00    0,00    0,00    0,00    0,00    0,00  100,00
04:36:09      15    0,00    0,00    0,00    0,00    0,00    0,00    0,00    0,00    0,00  100,00
04:36:09      16    0,00    0,00    0,00    0,00    0,00    0,00    0,00    0,00    0,00  100,00
04:36:09      17    0,00    0,00    0,00    0,00    0,00    0,00    0,00    0,00    0,00  100,00
04:36:09      18    0,00    0,00    0,00    0,00    0,00    0,00    0,00    0,00    0,00  100,00
04:36:09      19    0,00    0,00    0,00    0,00    0,00    0,00    0,00    0,00    0,00  100,00
04:36:09      20    0,00    0,00    0,00    0,00    0,00    0,00    0,00    0,00    0,00  100,00
04:36:09      21    0,00    0,00    0,00    0,00    0,00    0,00    0,00    0,00    0,00  100,00
04:36:09      22    0,00    0,00    0,00    0,00    0,00    0,00    0,00    0,00    0,00  100,00
04:36:09      23    0,00    0,00    0,00    0,00    0,00    0,00    0,00    0,00    0,00  100,00

04:36:09     CPU    %usr   %nice    %sys %iowait    %irq   %soft  %steal  %guest  %gnice   %idle
04:36:10     all    4,29    0,00    0,00    0,00    0,00    0,00    0,00    0,00    0,00   95,71
04:36:10       0    0,00    0,00    0,00    0,00    0,00    0,00    0,00    0,00    0,00  100,00
04:36:10       1  100,00    0,00    0,00    0,00    0,00    0,00    0,00    0,00    0,00    0,00
04:36:10       2    0,00    0,00    0,00    0,00    0,00    0,00    0,00    0,00    0,00  100,00
04:36:10       3    0,00    0,00    0,00    0,00    0,00    0,00    0,00    0,00    0,00  100,00
04:36:10       4    0,99    0,00    0,00    0,00    0,00    0,00    0,00    0,00    0,00   99,01
04:36:10       5    0,00    0,00    0,00    0,00    0,00    0,00    0,00    0,00    0,00  100,00
04:36:10       6    0,00    0,00    0,00    0,00    0,00    0,00    0,00    0,00    0,00  100,00
04:36:10       7    0,00    0,00    0,00    0,00    0,00    0,00    0,00    0,00    0,00  100,00
04:36:10       8    0,00    0,00    0,00    0,00    0,00    0,00    0,00    0,00    0,00  100,00
04:36:10       9    0,00    0,00    0,00    0,00    0,00    0,00    0,00    0,00    0,00  100,00
04:36:10      10    1,00    0,00    0,00    0,00    0,00    0,00    0,00    0,00    0,00   99,00
04:36:10      11    0,00    0,00    0,00    0,00    0,00    0,00    0,00    0,00    0,00  100,00
04:36:10      12    0,00    0,00    0,00    0,00    0,00    0,00    0,00    0,00    0,00  100,00
04:36:10      13    0,00    0,00    0,00    0,00    0,00    0,00    0,00    0,00    0,00  100,00
04:36:10      14    0,00    0,00    0,00    0,00    0,00    0,00    0,00    0,00    0,00  100,00
04:36:10      15    0,00    0,00    0,00    0,00    0,00    0,00    0,00    0,00    0,00  100,00
04:36:10      16    0,00    0,00    0,00    0,00    0,00    0,00    0,00    0,00    0,00  100,00
04:36:10      17    0,00    0,00    0,00    0,00    0,00    0,00    0,00    0,00    0,00  100,00
04:36:10      18    0,00    0,00    0,00    0,00    0,00    0,00    0,00    0,00    0,00  100,00
04:36:10      19    0,00    0,00    0,00    0,00    0,00    0,00    0,00    0,00    0,00  100,00
04:36:10      20    0,00    0,00    0,00    0,00    0,00    0,00    0,00    0,00    0,00  100,00
04:36:10      21    0,00    0,00    0,00    0,00    0,00    0,00    0,00    0,00    0,00  100,00
04:36:10      22    1,00    0,00    0,00    0,00    0,00    0,00    0,00    0,00    0,00   99,00
04:36:10      23    0,00    0,00    0,00    0,00    0,00    0,00    0,00    0,00    0,00  100,00

04:36:10     CPU    %usr   %nice    %sys %iowait    %irq   %soft  %steal  %guest  %gnice   %idle
04:36:11     all    4,21    0,00    0,00    0,00    0,00    0,00    0,00    0,00    0,00   95,79
04:36:11       0    0,00    0,00    0,00    0,00    0,00    0,00    0,00    0,00    0,00  100,00
04:36:11       1  100,00    0,00    0,00    0,00    0,00    0,00    0,00    0,00    0,00    0,00
04:36:11       2    0,00    0,00    0,00    0,00    0,00    0,00    0,00    0,00    0,00  100,00
04:36:11       3    0,00    0,00    0,00    0,00    0,00    0,00    0,00    0,00    0,00  100,00
04:36:11       4    0,00    0,00    0,00    0,00    0,00    0,00    0,00    0,00    0,00  100,00
04:36:11       5    0,00    0,00    0,00    0,00    0,00    0,00    0,00    0,00    0,00  100,00
04:36:11       6    0,00    0,00    0,00    0,00    0,00    0,00    0,00    0,00    0,00  100,00
04:36:11       7    0,00    0,00    0,00    0,00    0,00    0,00    0,00    0,00    0,00  100,00
04:36:11       8    0,00    0,00    0,00    0,00    0,00    0,00    0,00    0,00    0,00  100,00
04:36:11       9    0,00    0,00    0,00    0,00    0,00    0,00    0,00    0,00    0,00  100,00
04:36:11      10    0,00    0,00    0,00    0,00    0,00    0,00    0,00    0,00    0,00  100,00
04:36:11      11    0,00    0,00    0,00    0,00    0,00    0,00    0,00    0,00    0,00  100,00
04:36:11      12    0,00    0,00    0,00    0,00    0,00    0,00    0,00    0,00    0,00  100,00
04:36:11      13    0,00    0,00    0,00    0,00    0,00    0,00    0,00    0,00    0,00  100,00
04:36:11      14    0,99    0,00    0,00    0,00    0,00    0,00    0,00    0,00    0,00   99,01
04:36:11      15    0,00    0,00    0,00    0,00    0,00    0,00    0,00    0,00    0,00  100,00
04:36:11      16    0,00    0,00    0,00    0,00    0,00    0,00    0,00    0,00    0,00  100,00
04:36:11      17    0,00    0,00    0,00    0,00    0,00    0,00    0,00    0,00    0,00  100,00
04:36:11      18    0,00    0,00    0,00    0,00    0,00    0,00    0,00    0,00    0,00  100,00
04:36:11      19    0,00    0,00    0,00    0,00    0,00    0,00    0,00    0,00    0,00  100,00
04:36:11      20    0,00    0,00    0,00    0,00    0,00    0,00    0,00    0,00    0,00  100,00
04:36:11      21    0,00    0,00    0,00    0,00    0,00    0,00    0,00    0,00    0,00  100,00
04:36:11      22    0,00    0,00    0,00    0,00    0,00    0,00    0,00    0,00    0,00  100,00
04:36:11      23    0,00    0,00    0,00    0,00    0,00    0,00    0,00    0,00    0,00  100,00

04:36:11     CPU    %usr   %nice    %sys %iowait    %irq   %soft  %steal  %guest  %gnice   %idle
04:36:12     all    4,21    0,00    0,04    0,08    0,00    0,00    0,00    0,00    0,00   95,67
04:36:12       0    0,00    0,00    0,00    0,00    0,00    0,00    0,00    0,00    0,00  100,00
04:36:12       1  100,00    0,00    0,00    0,00    0,00    0,00    0,00    0,00    0,00    0,00
04:36:12       2    0,00    0,00    0,00    0,00    0,00    0,00    0,00    0,00    0,00  100,00
04:36:12       3    0,00    0,00    0,00    0,00    0,00    0,00    0,00    0,00    0,00  100,00
04:36:12       4    0,00    0,00    0,00    0,00    0,00    0,00    0,00    0,00    0,00  100,00
04:36:12       5    0,00    0,00    0,00    0,00    0,00    0,00    0,00    0,00    0,00  100,00
04:36:12       6    0,00    0,00    0,00    1,00    0,00    0,00    0,00    0,00    0,00   99,00
04:36:12       7    0,00    0,00    0,00    0,00    0,00    0,00    0,00    0,00    0,00  100,00
04:36:12       8    0,00    0,00    0,00    0,00    0,00    0,00    0,00    0,00    0,00  100,00
04:36:12       9    0,00    0,00    0,00    0,00    0,00    0,00    0,00    0,00    0,00  100,00
04:36:12      10    0,00    0,00    0,00    1,00    0,00    0,00    0,00    0,00    0,00   99,00
04:36:12      11    0,00    0,00    0,00    0,00    0,00    0,00    0,00    0,00    0,00  100,00
04:36:12      12    0,00    0,00    0,00    0,00    0,00    0,00    0,00    0,00    0,00  100,00
04:36:12      13    0,00    0,00    0,00    0,00    0,00    0,00    0,00    0,00    0,00  100,00
04:36:12      14    0,00    0,00    0,00    0,00    0,00    0,00    0,00    0,00    0,00  100,00
04:36:12      15    0,00    0,00    0,00    0,00    0,00    0,00    0,00    0,00    0,00  100,00
04:36:12      16    0,99    0,00    0,00    0,00    0,00    0,00    0,00    0,00    0,00   99,01
04:36:12      17    0,00    0,00    0,00    0,00    0,00    0,00    0,00    0,00    0,00  100,00
04:36:12      18    0,00    0,00    0,00    0,00    0,00    0,00    0,00    0,00    0,00  100,00
04:36:12      19    0,00    0,00    0,00    0,00    0,00    0,00    0,00    0,00    0,00  100,00
04:36:12      20    0,00    0,00    0,00    0,00    0,00    0,00    0,00    0,00    0,00  100,00
04:36:12      21    0,00    0,00    0,00    0,00    0,00    0,00    0,00    0,00    0,00  100,00
04:36:12      22    0,00    0,00    0,00    0,00    0,00    0,00    0,00    0,00    0,00  100,00
04:36:12      23    0,00    0,00    0,99    0,00    0,00    0,00    0,00    0,00    0,00   99,01

04:36:12     CPU    %usr   %nice    %sys %iowait    %irq   %soft  %steal  %guest  %gnice   %idle
04:36:13     all    4,29    0,00    0,00    0,00    0,00    0,04    0,00    0,00    0,00   95,67
04:36:13       0    0,00    0,00    0,00    0,00    0,00    0,00    0,00    0,00    0,00  100,00
04:36:13       1  100,00    0,00    0,00    0,00    0,00    0,00    0,00    0,00    0,00    0,00
04:36:13       2    0,00    0,00    0,00    0,00    0,00    0,00    0,00    0,00    0,00  100,00
04:36:13       3    0,00    0,00    0,00    0,00    0,00    0,00    0,00    0,00    0,00  100,00
04:36:13       4    0,00    0,00    0,00    0,00    0,00    0,00    0,00    0,00    0,00  100,00
04:36:13       5    0,00    0,00    0,00    0,00    0,00    0,00    0,00    0,00    0,00  100,00
04:36:13       6    0,00    0,00    0,00    0,00    0,00    0,00    0,00    0,00    0,00  100,00
04:36:13       7    0,00    0,00    0,00    0,00    0,00    0,00    0,00    0,00    0,00  100,00
04:36:13       8    0,00    0,00    0,00    0,00    0,00    0,00    0,00    0,00    0,00  100,00
04:36:13       9    0,00    0,00    0,00    0,00    0,00    0,00    0,00    0,00    0,00  100,00
04:36:13      10    0,00    0,00    0,00    0,00    0,00    0,00    0,00    0,00    0,00  100,00
04:36:13      11    0,00    0,00    0,00    0,00    0,00    0,00    0,00    0,00    0,00  100,00
04:36:13      12    0,00    0,00    0,00    0,00    0,00    0,00    0,00    0,00    0,00  100,00
04:36:13      13    0,00    0,00    0,00    0,00    0,00    0,00    0,00    0,00    0,00  100,00
04:36:13      14    0,00    0,00    0,00    0,00    0,00    0,00    0,00    0,00    0,00  100,00
04:36:13      15    0,00    0,00    0,00    0,00    0,00    0,00    0,00    0,00    0,00  100,00
04:36:13      16    0,00    0,00    0,00    0,00    0,00    0,00    0,00    0,00    0,00  100,00
04:36:13      17    2,94    0,00    0,00    0,00    0,00    0,00    0,00    0,00    0,00   97,06
04:36:13      18    0,00    0,00    0,00    0,00    0,00    0,00    0,00    0,00    0,00  100,00
04:36:13      19    0,00    0,00    0,00    0,00    0,00    0,00    0,00    0,00    0,00  100,00
04:36:13      20    0,00    0,00    0,00    0,00    0,00    0,00    0,00    0,00    0,00  100,00
04:36:13      21    0,00    0,00    0,00    0,00    0,00    0,00    0,00    0,00    0,00  100,00
04:36:13      22    0,00    0,00    0,00    0,00    0,00    0,00    0,00    0,00    0,00  100,00
04:36:13      23    0,00    0,00    0,00    0,00    0,00    0,99    0,00    0,00    0,00   99,01

04:36:13     CPU    %usr   %nice    %sys %iowait    %irq   %soft  %steal  %guest  %gnice   %idle
04:36:14     all    4,58    0,00    0,25    0,00    0,00    0,00    0,00    0,00    0,00   95,17
04:36:14       0    0,00    0,00    0,00    0,00    0,00    0,00    0,00    0,00    0,00  100,00
04:36:14       1  100,00    0,00    0,00    0,00    0,00    0,00    0,00    0,00    0,00    0,00
04:36:14       2    0,00    0,00    0,00    0,00    0,00    0,00    0,00    0,00    0,00  100,00
04:36:14       3    0,00    0,00    0,00    0,00    0,00    0,00    0,00    0,00    0,00  100,00
04:36:14       4    0,00    0,00    0,00    0,00    0,00    0,00    0,00    0,00    0,00  100,00
04:36:14       5    0,00    0,00    0,00    0,00    0,00    0,00    0,00    0,00    0,00  100,00
04:36:14       6    0,99    0,00    0,00    0,00    0,00    0,00    0,00    0,00    0,00   99,01
04:36:14       7    0,00    0,00    0,00    0,00    0,00    0,00    0,00    0,00    0,00  100,00
04:36:14       8    0,00    0,00    0,99    0,00    0,00    0,00    0,00    0,00    0,00   99,01
04:36:14       9    0,00    0,00    0,00    0,00    0,00    0,00    0,00    0,00    0,00  100,00
04:36:14      10    6,06    0,00    5,05    0,00    0,00    0,00    0,00    0,00    0,00   88,89
04:36:14      11    0,00    0,00    0,00    0,00    0,00    0,00    0,00    0,00    0,00  100,00
04:36:14      12    0,00    0,00    0,00    0,00    0,00    0,00    0,00    0,00    0,00  100,00
04:36:14      13    0,00    0,00    0,00    0,00    0,00    0,00    0,00    0,00    0,00  100,00
04:36:14      14    0,00    0,00    0,00    0,00    0,00    0,00    0,00    0,00    0,00  100,00
04:36:14      15    0,00    0,00    0,00    0,00    0,00    0,00    0,00    0,00    0,00  100,00
04:36:14      16    1,00    0,00    0,00    0,00    0,00    0,00    0,00    0,00    0,00   99,00
04:36:14      17    0,00    0,00    0,00    0,00    0,00    0,00    0,00    0,00    0,00  100,00
04:36:14      18    0,00    0,00    0,00    0,00    0,00    0,00    0,00    0,00    0,00  100,00
04:36:14      19    0,99    0,00    0,00    0,00    0,00    0,00    0,00    0,00    0,00   99,01
04:36:14      20    0,99    0,00    0,00    0,00    0,00    0,00    0,00    0,00    0,00   99,01
04:36:14      21    0,00    0,00    0,00    0,00    0,00    0,00    0,00    0,00    0,00  100,00
04:36:14      22    0,00    0,00    0,00    0,00    0,00    0,00    0,00    0,00    0,00  100,00
04:36:14      23    0,00    0,00    0,00    0,00    0,00    0,00    0,00    0,00    0,00  100,00

04:36:14     CPU    %usr   %nice    %sys %iowait    %irq   %soft  %steal  %guest  %gnice   %idle
04:36:15     all    4,21    0,00    0,00    0,00    0,00    0,00    0,00    0,00    0,00   95,79
04:36:15       0    0,00    0,00    0,00    0,00    0,00    0,00    0,00    0,00    0,00  100,00
04:36:15       1  100,00    0,00    0,00    0,00    0,00    0,00    0,00    0,00    0,00    0,00
04:36:15       2    0,00    0,00    0,00    0,00    0,00    0,00    0,00    0,00    0,00  100,00
04:36:15       3    0,00    0,00    0,00    0,00    0,00    0,00    0,00    0,00    0,00  100,00
04:36:15       4    0,00    0,00    0,00    0,00    0,00    0,00    0,00    0,00    0,00  100,00
04:36:15       5    0,00    0,00    0,00    0,00    0,00    0,00    0,00    0,00    0,00  100,00
04:36:15       6    0,00    0,00    0,00    0,00    0,00    0,00    0,00    0,00    0,00  100,00
04:36:15       7    0,00    0,00    0,00    0,00    0,00    0,00    0,00    0,00    0,00  100,00
04:36:15       8    0,00    0,00    0,00    0,00    0,00    0,00    0,00    0,00    0,00  100,00
04:36:15       9    0,00    0,00    0,00    0,00    0,00    0,00    0,00    0,00    0,00  100,00
04:36:15      10    0,00    0,00    0,00    0,00    0,00    0,00    0,00    0,00    0,00  100,00
04:36:15      11    0,00    0,00    0,00    0,00    0,00    0,00    0,00    0,00    0,00  100,00
04:36:15      12    0,00    0,00    0,00    0,00    0,00    0,00    0,00    0,00    0,00  100,00
04:36:15      13    0,99    0,00    0,00    0,00    0,00    0,00    0,00    0,00    0,00   99,01
04:36:15      14    0,00    0,00    0,00    0,00    0,00    0,00    0,00    0,00    0,00  100,00
04:36:15      15    0,00    0,00    0,00    0,00    0,00    0,00    0,00    0,00    0,00  100,00
04:36:15      16    0,00    0,00    0,00    0,00    0,00    0,00    0,00    0,00    0,00  100,00
04:36:15      17    0,00    0,00    0,00    0,00    0,00    0,00    0,00    0,00    0,00  100,00
04:36:15      18    0,00    0,00    0,00    0,00    0,00    0,00    0,00    0,00    0,00  100,00
04:36:15      19    0,00    0,00    0,00    0,00    0,00    0,00    0,00    0,00    0,00  100,00
04:36:15      20    0,00    0,00    0,00    0,00    0,00    0,00    0,00    0,00    0,00  100,00
04:36:15      21    0,00    0,00    0,00    0,00    0,00    0,00    0,00    0,00    0,00  100,00
04:36:15      22    0,00    0,00    0,00    0,00    0,00    0,00    0,00    0,00    0,00  100,00
04:36:15      23    0,00    0,00    0,00    0,00    0,00    0,00    0,00    0,00    0,00  100,00
