Linux 6.8.0-107-generic (testbed-node6) 	24/04/26 	_x86_64_	(24 CPU)

18:53:44     CPU    %usr   %nice    %sys %iowait    %irq   %soft  %steal  %guest  %gnice   %idle
18:53:45     all    0,58    0,00    0,21    0,00    0,00    4,17    0,00    0,00    0,00   95,04
18:53:45       0    1,00    0,00    0,00    0,00    0,00    0,00    0,00    0,00    0,00   99,00
18:53:45       1    6,00    0,00    1,00    0,00    0,00    0,00    0,00    0,00    0,00   93,00
18:53:45       2    2,02    0,00    0,00    0,00    0,00    0,00    0,00    0,00    0,00   97,98
18:53:45       3    0,00    0,00    0,00    0,00    0,00    0,00    0,00    0,00    0,00  100,00
18:53:45       4    0,00    0,00    0,00    0,00    0,00    0,00    0,00    0,00    0,00  100,00
18:53:45       5    0,00    0,00    0,00    0,00    0,00    0,00    0,00    0,00    0,00  100,00
18:53:45       6    0,98    0,00    0,98    0,00    0,00    0,00    0,00    0,00    0,00   98,04
18:53:45       7    0,00    0,00    0,00    0,00    0,00    0,00    0,00    0,00    0,00  100,00
18:53:45       8    2,97    0,00    1,98    0,00    0,00    0,00    0,00    0,00    0,00   95,05
18:53:45       9    0,00    0,00    0,00    0,00    0,00    0,00    0,00    0,00    0,00  100,00
18:53:45      10    0,00    0,00    0,00    0,00    0,00    0,00    0,00    0,00    0,00  100,00
18:53:45      11    0,00    0,00    0,00    0,00    0,00    0,00    0,00    0,00    0,00  100,00
18:53:45      12    0,00    0,00    0,00    0,00    0,00    0,00    0,00    0,00    0,00  100,00
18:53:45      13    0,00    0,00    0,00    0,00    0,00    0,00    0,00    0,00    0,00  100,00
18:53:45      14    0,99    0,00    0,99    0,00    0,00    0,00    0,00    0,00    0,00   98,02
18:53:45      15    0,00    0,00    0,00    0,00    0,00    0,00    0,00    0,00    0,00  100,00
18:53:45      16    0,00    0,00    0,00    0,00    0,00    0,00    0,00    0,00    0,00  100,00
18:53:45      17    0,00    0,00    0,00    0,00    0,00  100,00    0,00    0,00    0,00    0,00
18:53:45      18    0,00    0,00    0,00    0,00    0,00    0,00    0,00    0,00    0,00  100,00
18:53:45      19    0,00    0,00    0,00    0,00    0,00    0,00    0,00    0,00    0,00  100,00
18:53:45      20    0,00    0,00    0,00    0,00    0,00    0,00    0,00    0,00    0,00  100,00
18:53:45      21    0,00    0,00    0,00    0,00    0,00    0,00    0,00    0,00    0,00  100,00
18:53:45      22    0,00    0,00    0,00    0,00    0,00    0,00    0,00    0,00    0,00  100,00
18:53:45      23    0,00    0,00    0,00    0,00    0,00    0,00    0,00    0,00    0,00  100,00

18:53:45     CPU    %usr   %nice    %sys %iowait    %irq   %soft  %steal  %guest  %gnice   %idle
18:53:46     all    0,21    0,00    0,04    0,00    0,00    4,17    0,00    0,00    0,00   95,58
18:53:46       0    0,00    0,00    0,00    0,00    0,00    0,00    0,00    0,00    0,00  100,00
18:53:46       1    0,00    0,00    0,00    0,00    0,00    0,00    0,00    0,00    0,00  100,00
18:53:46       2    2,00    0,00    0,00    0,00    0,00    0,00    0,00    0,00    0,00   98,00
18:53:46       3    0,00    0,00    0,00    0,00    0,00    0,00    0,00    0,00    0,00  100,00
18:53:46       4    0,00    0,00    0,00    0,00    0,00    0,00    0,00    0,00    0,00  100,00
18:53:46       5    0,00    0,00    0,00    0,00    0,00    0,00    0,00    0,00    0,00  100,00
18:53:46       6    0,00    0,00    0,00    0,00    0,00    0,00    0,00    0,00    0,00  100,00
18:53:46       7    0,00    0,00    0,00    0,00    0,00    0,00    0,00    0,00    0,00  100,00
18:53:46       8    2,97    0,00    0,99    0,00    0,00    0,00    0,00    0,00    0,00   96,04
18:53:46       9    0,00    0,00    0,00    0,00    0,00    0,00    0,00    0,00    0,00  100,00
18:53:46      10    0,00    0,00    0,00    0,00    0,00    0,00    0,00    0,00    0,00  100,00
18:53:46      11    0,00    0,00    0,00    0,00    0,00    0,00    0,00    0,00    0,00  100,00
18:53:46      12    0,00    0,00    0,00    0,00    0,00    0,00    0,00    0,00    0,00  100,00
18:53:46      13    0,00    0,00    0,00    0,00    0,00    0,00    0,00    0,00    0,00  100,00
18:53:46      14    0,00    0,00    0,00    0,00    0,00    0,00    0,00    0,00    0,00  100,00
18:53:46      15    0,00    0,00    0,00    0,00    0,00    0,00    0,00    0,00    0,00  100,00
18:53:46      16    0,00    0,00    0,00    0,00    0,00    0,00    0,00    0,00    0,00  100,00
18:53:46      17    0,00    0,00    0,00    0,00    0,00  100,00    0,00    0,00    0,00    0,00
18:53:46      18    0,00    0,00    0,00    0,00    0,00    0,00    0,00    0,00    0,00  100,00
18:53:46      19    0,00    0,00    0,00    0,00    0,00    0,00    0,00    0,00    0,00  100,00
18:53:46      20    0,00    0,00    0,00    0,00    0,00    0,00    0,00    0,00    0,00  100,00
18:53:46      21    0,00    0,00    0,00    0,00    0,00    0,00    0,00    0,00    0,00  100,00
18:53:46      22    0,00    0,00    0,00    0,00    0,00    0,00    0,00    0,00    0,00  100,00
18:53:46      23    0,00    0,00    0,00    0,00    0,00    0,00    0,00    0,00    0,00  100,00

18:53:46     CPU    %usr   %nice    %sys %iowait    %irq   %soft  %steal  %guest  %gnice   %idle
18:53:47     all    1,25    0,00    0,71    0,08    0,00    4,17    0,00    0,00    0,00   93,79
18:53:47       0    9,00    0,00    1,00    0,00    0,00    0,00    0,00    0,00    0,00   90,00
18:53:47       1    1,00    0,00    0,00    0,00    0,00    0,00    0,00    0,00    0,00   99,00
18:53:47       2    1,00    0,00    0,00    0,00    0,00    0,00    0,00    0,00    0,00   99,00
18:53:47       3    0,00    0,00    0,00    1,00    0,00    0,00    0,00    0,00    0,00   99,00
18:53:47       4    2,00    0,00    1,00    0,00    0,00    0,00    0,00    0,00    0,00   97,00
18:53:47       5    0,00    0,00    0,00    0,00    0,00    0,00    0,00    0,00    0,00  100,00
18:53:47       6    0,00    0,00    0,00    0,00    0,00    0,00    0,00    0,00    0,00  100,00
18:53:47       7    0,00    0,00    0,00    0,00    0,00    0,00    0,00    0,00    0,00  100,00
18:53:47       8    2,02    0,00    2,02    0,00    0,00    0,00    0,00    0,00    0,00   95,96
18:53:47       9    3,00    0,00    2,00    0,00    0,00    0,00    0,00    0,00    0,00   95,00
18:53:47      10    0,99    0,00    0,99    0,00    0,00    0,00    0,00    0,00    0,00   98,02
18:53:47      11    0,00    0,00    0,00    0,00    0,00    0,00    0,00    0,00    0,00  100,00
18:53:47      12    0,99    0,00    0,99    0,99    0,00    0,00    0,00    0,00    0,00   97,03
18:53:47      13    0,00    0,00    0,00    0,00    0,00    0,00    0,00    0,00    0,00  100,00
18:53:47      14    1,00    0,00    0,00    0,00    0,00    0,00    0,00    0,00    0,00   99,00
18:53:47      15    0,00    0,00    0,00    0,00    0,00    0,00    0,00    0,00    0,00  100,00
18:53:47      16    1,00    0,00    1,00    0,00    0,00    0,00    0,00    0,00    0,00   98,00
18:53:47      17    0,00    0,00    0,00    0,00    0,00  100,00    0,00    0,00    0,00    0,00
18:53:47      18    1,01    0,00    0,00    0,00    0,00    0,00    0,00    0,00    0,00   98,99
18:53:47      19    2,02    0,00    1,01    0,00    0,00    0,00    0,00    0,00    0,00   96,97
18:53:47      20    3,00    0,00    3,00    0,00    0,00    0,00    0,00    0,00    0,00   94,00
18:53:47      21    0,00    0,00    2,00    0,00    0,00    0,00    0,00    0,00    0,00   98,00
18:53:47      22    1,00    0,00    1,00    0,00    0,00    0,00    0,00    0,00    0,00   98,00
18:53:47      23    0,99    0,00    0,99    0,00    0,00    0,00    0,00    0,00    0,00   98,02

18:53:47     CPU    %usr   %nice    %sys %iowait    %irq   %soft  %steal  %guest  %gnice   %idle
18:53:48     all    0,25    0,00    0,17    0,00    0,00    4,17    0,00    0,00    0,00   95,41
18:53:48       0    0,00    0,00    0,00    0,00    0,00    0,00    0,00    0,00    0,00  100,00
18:53:48       1    0,00    0,00    0,00    0,00    0,00    0,00    0,00    0,00    0,00  100,00
18:53:48       2    0,00    0,00    0,00    0,00    0,00    0,00    0,00    0,00    0,00  100,00
18:53:48       3    0,00    0,00    0,00    0,00    0,00    0,00    0,00    0,00    0,00  100,00
18:53:48       4    0,00    0,00    0,00    0,00    0,00    0,00    0,00    0,00    0,00  100,00
18:53:48       5    0,00    0,00    0,00    0,00    0,00    0,00    0,00    0,00    0,00  100,00
18:53:48       6    0,00    0,00    0,00    0,00    0,00    0,00    0,00    0,00    0,00  100,00
18:53:48       7    0,00    0,00    0,00    0,00    0,00    0,00    0,00    0,00    0,00  100,00
18:53:48       8    4,04    0,00    0,00    0,00    0,00    0,00    0,00    0,00    0,00   95,96
18:53:48       9    0,00    0,00    0,00    0,00    0,00    0,00    0,00    0,00    0,00  100,00
18:53:48      10    0,00    0,00    0,00    0,00    0,00    0,00    0,00    0,00    0,00  100,00
18:53:48      11    0,00    0,00    0,00    0,00    0,00    0,00    0,00    0,00    0,00  100,00
18:53:48      12    0,00    0,00    0,00    0,00    0,00    0,00    0,00    0,00    0,00  100,00
18:53:48      13    0,00    0,00    0,00    0,00    0,00    0,00    0,00    0,00    0,00  100,00
18:53:48      14    0,00    0,00    0,00    0,00    0,00    0,00    0,00    0,00    0,00  100,00
18:53:48      15    0,00    0,00    0,00    0,00    0,00    0,00    0,00    0,00    0,00  100,00
18:53:48      16    0,00    0,00    0,00    0,00    0,00    0,00    0,00    0,00    0,00  100,00
18:53:48      17    0,00    0,00    0,00    0,00    0,00  100,00    0,00    0,00    0,00    0,00
18:53:48      18    0,00    0,00    0,00    0,00    0,00    0,00    0,00    0,00    0,00  100,00
18:53:48      19    0,98    0,00    0,98    0,00    0,00    0,00    0,00    0,00    0,00   98,04
18:53:48      20    0,00    0,00    1,00    0,00    0,00    0,00    0,00    0,00    0,00   99,00
18:53:48      21    0,99    0,00    0,99    0,00    0,00    0,00    0,00    0,00    0,00   98,02
18:53:48      22    0,00    0,00    1,00    0,00    0,00    0,00    0,00    0,00    0,00   99,00
18:53:48      23    0,00    0,00    0,00    0,00    0,00    0,00    0,00    0,00    0,00  100,00

18:53:48     CPU    %usr   %nice    %sys %iowait    %irq   %soft  %steal  %guest  %gnice   %idle
18:53:49     all    0,29    0,00    0,04    0,17    0,00    4,16    0,00    0,00    0,00   95,34
18:53:49       0    0,00    0,00    0,00    2,02    0,00    0,00    0,00    0,00    0,00   97,98
18:53:49       1    0,00    0,00    0,00    0,00    0,00    0,00    0,00    0,00    0,00  100,00
18:53:49       2    2,00    0,00    0,00    0,00    0,00    0,00    0,00    0,00    0,00   98,00
18:53:49       3    0,00    0,00    0,00    0,00    0,00    0,00    0,00    0,00    0,00  100,00
18:53:49       4    0,00    0,00    0,00    1,00    0,00    0,00    0,00    0,00    0,00   99,00
18:53:49       5    0,00    0,00    0,00    0,00    0,00    0,00    0,00    0,00    0,00  100,00
18:53:49       6    0,99    0,00    0,00    0,00    0,00    0,00    0,00    0,00    0,00   99,01
18:53:49       7    0,00    0,00    0,00    0,00    0,00    0,00    0,00    0,00    0,00  100,00
18:53:49       8    3,00    0,00    1,00    1,00    0,00    0,00    0,00    0,00    0,00   95,00
18:53:49       9    0,00    0,00    0,00    0,00    0,00    0,00    0,00    0,00    0,00  100,00
18:53:49      10    0,00    0,00    0,00    0,00    0,00    0,00    0,00    0,00    0,00  100,00
18:53:49      11    0,00    0,00    0,00    0,00    0,00    0,00    0,00    0,00    0,00  100,00
18:53:49      12    0,00    0,00    0,00    0,00    0,00    0,00    0,00    0,00    0,00  100,00
18:53:49      13    0,00    0,00    0,00    0,00    0,00    0,00    0,00    0,00    0,00  100,00
18:53:49      14    0,00    0,00    0,00    0,00    0,00    0,00    0,00    0,00    0,00  100,00
18:53:49      15    0,00    0,00    0,00    0,00    0,00    0,00    0,00    0,00    0,00  100,00
18:53:49      16    0,00    0,00    0,00    0,00    0,00    0,00    0,00    0,00    0,00  100,00
18:53:49      17    0,00    0,00    0,00    0,00    0,00  100,00    0,00    0,00    0,00    0,00
18:53:49      18    0,99    0,00    0,00    0,00    0,00    0,00    0,00    0,00    0,00   99,01
18:53:49      19    0,00    0,00    0,00    0,00    0,00    0,00    0,00    0,00    0,00  100,00
18:53:49      20    0,00    0,00    0,00    0,00    0,00    0,00    0,00    0,00    0,00  100,00
18:53:49      21    0,00    0,00    0,00    0,00    0,00    0,00    0,00    0,00    0,00  100,00
18:53:49      22    0,00    0,00    0,00    0,00    0,00    0,00    0,00    0,00    0,00  100,00
18:53:49      23    0,00    0,00    0,00    0,00    0,00    0,00    0,00    0,00    0,00  100,00

18:53:49     CPU    %usr   %nice    %sys %iowait    %irq   %soft  %steal  %guest  %gnice   %idle
18:53:50     all    0,25    0,00    0,08    0,00    0,00    4,17    0,00    0,00    0,00   95,50
18:53:50       0    0,00    0,00    0,00    0,00    0,00    0,00    0,00    0,00    0,00  100,00
18:53:50       1    0,00    0,00    0,00    0,00    0,00    0,00    0,00    0,00    0,00  100,00
18:53:50       2    3,00    0,00    0,00    0,00    0,00    0,00    0,00    0,00    0,00   97,00
18:53:50       3    0,00    0,00    0,00    0,00    0,00    0,00    0,00    0,00    0,00  100,00
18:53:50       4    0,00    0,00    0,00    0,00    0,00    0,00    0,00    0,00    0,00  100,00
18:53:50       5    0,00    0,00    0,00    0,00    0,00    0,00    0,00    0,00    0,00  100,00
18:53:50       6    0,00    0,00    0,00    0,00    0,00    0,00    0,00    0,00    0,00  100,00
18:53:50       7    0,00    0,00    0,00    0,00    0,00    0,00    0,00    0,00    0,00  100,00
18:53:50       8    2,00    0,00    1,00    0,00    0,00    0,00    0,00    0,00    0,00   97,00
18:53:50       9    0,00    0,00    0,00    0,00    0,00    0,00    0,00    0,00    0,00  100,00
18:53:50      10    0,99    0,00    0,00    0,00    0,00    0,00    0,00    0,00    0,00   99,01
18:53:50      11    0,00    0,00    0,00    0,00    0,00    0,00    0,00    0,00    0,00  100,00
18:53:50      12    0,00    0,00    0,00    0,00    0,00    0,00    0,00    0,00    0,00  100,00
18:53:50      13    0,00    0,00    0,00    0,00    0,00    0,00    0,00    0,00    0,00  100,00
18:53:50      14    0,00    0,00    0,00    0,00    0,00    0,00    0,00    0,00    0,00  100,00
18:53:50      15    0,00    0,00    0,00    0,00    0,00    0,00    0,00    0,00    0,00  100,00
18:53:50      16    0,00    0,00    0,00    0,00    0,00    0,00    0,00    0,00    0,00  100,00
18:53:50      17    0,00    0,00    0,00    0,00    0,00  100,00    0,00    0,00    0,00    0,00
18:53:50      18    0,00    0,00    0,99    0,00    0,00    0,00    0,00    0,00    0,00   99,01
18:53:50      19    0,00    0,00    0,00    0,00    0,00    0,00    0,00    0,00    0,00  100,00
18:53:50      20    0,00    0,00    0,00    0,00    0,00    0,00    0,00    0,00    0,00  100,00
18:53:50      21    0,00    0,00    0,00    0,00    0,00    0,00    0,00    0,00    0,00  100,00
18:53:50      22    0,00    0,00    0,00    0,00    0,00    0,00    0,00    0,00    0,00  100,00
18:53:50      23    0,00    0,00    0,00    0,00    0,00    0,00    0,00    0,00    0,00  100,00

18:53:50     CPU    %usr   %nice    %sys %iowait    %irq   %soft  %steal  %guest  %gnice   %idle
18:53:51     all    0,21    0,00    0,12    0,00    0,00    4,16    0,00    0,00    0,00   95,50
18:53:51       0    0,00    0,00    0,00    0,00    0,00    0,00    0,00    0,00    0,00  100,00
18:53:51       1    0,00    0,00    0,00    0,00    0,00    0,00    0,00    0,00    0,00  100,00
18:53:51       2    0,00    0,00    1,00    0,00    0,00    0,00    0,00    0,00    0,00   99,00
18:53:51       3    0,00    0,00    0,00    0,00    0,00    0,00    0,00    0,00    0,00  100,00
18:53:51       4    0,00    0,00    0,00    0,00    0,00    0,00    0,00    0,00    0,00  100,00
18:53:51       5    0,00    0,00    0,00    0,00    0,00    0,00    0,00    0,00    0,00  100,00
18:53:51       6    0,00    0,00    0,00    0,00    0,00    0,00    0,00    0,00    0,00  100,00
18:53:51       7    0,00    0,00    0,00    0,00    0,00    0,00    0,00    0,00    0,00  100,00
18:53:51       8    4,00    0,00    1,00    0,00    0,00    0,00    0,00    0,00    0,00   95,00
18:53:51       9    0,00    0,00    0,00    0,00    0,00    0,00    0,00    0,00    0,00  100,00
18:53:51      10    0,00    0,00    0,00    0,00    0,00    0,00    0,00    0,00    0,00  100,00
18:53:51      11    0,00    0,00    0,00    0,00    0,00    0,00    0,00    0,00    0,00  100,00
18:53:51      12    0,00    0,00    0,00    0,00    0,00    0,00    0,00    0,00    0,00  100,00
18:53:51      13    0,00    0,00    0,00    0,00    0,00    0,00    0,00    0,00    0,00  100,00
18:53:51      14    0,00    0,00    0,00    0,00    0,00    0,00    0,00    0,00    0,00  100,00
18:53:51      15    0,00    0,00    0,00    0,00    0,00    0,00    0,00    0,00    0,00  100,00
18:53:51      16    0,00    0,00    0,00    0,00    0,00    0,00    0,00    0,00    0,00  100,00
18:53:51      17    0,00    0,00    0,99    0,00    0,00   99,01    0,00    0,00    0,00    0,00
18:53:51      18    0,00    0,00    0,00    0,00    0,00    0,00    0,00    0,00    0,00  100,00
18:53:51      19    0,00    0,00    0,00    0,00    0,00    0,00    0,00    0,00    0,00  100,00
18:53:51      20    0,00    0,00    0,00    0,00    0,00    0,00    0,00    0,00    0,00  100,00
18:53:51      21    1,00    0,00    0,00    0,00    0,00    0,00    0,00    0,00    0,00   99,00
18:53:51      22    0,00    0,00    0,00    0,00    0,00    0,00    0,00    0,00    0,00  100,00
18:53:51      23    0,00    0,00    0,00    0,00    0,00    0,00    0,00    0,00    0,00  100,00

18:53:51     CPU    %usr   %nice    %sys %iowait    %irq   %soft  %steal  %guest  %gnice   %idle
18:53:52     all    0,29    0,00    0,29    0,00    0,00    4,16    0,00    0,00    0,00   95,26
18:53:52       0    0,00    0,00    1,00    0,00    0,00    0,00    0,00    0,00    0,00   99,00
18:53:52       1    0,00    0,00    0,00    0,00    0,00    0,00    0,00    0,00    0,00  100,00
18:53:52       2    0,00    0,00    0,00    0,00    0,00    0,00    0,00    0,00    0,00  100,00
18:53:52       3    0,00    0,00    0,00    0,00    0,00    0,00    0,00    0,00    0,00  100,00
18:53:52       4    0,99    0,00    0,00    0,00    0,00    0,00    0,00    0,00    0,00   99,01
18:53:52       5    0,00    0,00    0,00    0,00    0,00    0,00    0,00    0,00    0,00  100,00
18:53:52       6    1,00    0,00    0,00    0,00    0,00    0,00    0,00    0,00    0,00   99,00
18:53:52       7    0,00    0,00    0,00    0,00    0,00    0,00    0,00    0,00    0,00  100,00
18:53:52       8    1,98    0,00    1,98    0,00    0,00    0,00    0,00    0,00    0,00   96,04
18:53:52       9    0,00    0,00    0,00    0,00    0,00    0,00    0,00    0,00    0,00  100,00
18:53:52      10    0,00    0,00    0,00    0,00    0,00    0,00    0,00    0,00    0,00  100,00
18:53:52      11    0,00    0,00    0,00    0,00    0,00    0,00    0,00    0,00    0,00  100,00
18:53:52      12    1,01    0,00    0,00    0,00    0,00    0,00    0,00    0,00    0,00   98,99
18:53:52      13    0,00    0,00    0,00    0,00    0,00    0,00    0,00    0,00    0,00  100,00
18:53:52      14    0,00    0,00    0,00    0,00    0,00    0,00    0,00    0,00    0,00  100,00
18:53:52      15    0,00    0,00    0,00    0,00    0,00    0,00    0,00    0,00    0,00  100,00
18:53:52      16    0,00    0,00    0,00    0,00    0,00    0,00    0,00    0,00    0,00  100,00
18:53:52      17    0,00    0,00    0,00    0,00    0,00  100,00    0,00    0,00    0,00    0,00
18:53:52      18    0,00    0,00    0,00    0,00    0,00    0,00    0,00    0,00    0,00  100,00
18:53:52      19    0,00    0,00    0,00    0,00    0,00    0,00    0,00    0,00    0,00  100,00
18:53:52      20    0,00    0,00    0,00    0,00    0,00    0,00    0,00    0,00    0,00  100,00
18:53:52      21    0,98    0,00    0,98    0,00    0,00    0,00    0,00    0,00    0,00   98,04
18:53:52      22    0,98    0,00    1,96    0,00    0,00    0,00    0,00    0,00    0,00   97,06
18:53:52      23    0,00    0,00    0,99    0,00    0,00    0,00    0,00    0,00    0,00   99,01

18:53:52     CPU    %usr   %nice    %sys %iowait    %irq   %soft  %steal  %guest  %gnice   %idle
18:53:53     all    0,21    0,00    0,08    0,00    0,00    4,18    0,00    0,00    0,00   95,53
18:53:53       0    2,02    0,00    0,00    0,00    0,00    0,00    0,00    0,00    0,00   97,98
18:53:53       1    0,00    0,00    0,00    0,00    0,00    0,00    0,00    0,00    0,00  100,00
18:53:53       2    0,00    0,00    0,00    0,00    0,00    0,00    0,00    0,00    0,00  100,00
18:53:53       3    0,00    0,00    0,00    0,00    0,00    0,00    0,00    0,00    0,00  100,00
18:53:53       4    0,00    0,00    1,00    0,00    0,00    0,00    0,00    0,00    0,00   99,00
18:53:53       5    0,00    0,00    0,00    0,00    0,00    0,00    0,00    0,00    0,00  100,00
18:53:53       6    0,00    0,00    0,00    0,00    0,00    0,00    0,00    0,00    0,00  100,00
18:53:53       7    0,00    0,00    0,00    0,00    0,00    0,00    0,00    0,00    0,00  100,00
18:53:53       8    2,00    0,00    1,00    0,00    0,00    0,00    0,00    0,00    0,00   97,00
18:53:53       9    0,00    0,00    0,00    0,00    0,00    0,00    0,00    0,00    0,00  100,00
18:53:53      10    0,00    0,00    0,00    0,00    0,00    0,00    0,00    0,00    0,00  100,00
18:53:53      11    0,00    0,00    0,00    0,00    0,00    0,00    0,00    0,00    0,00  100,00
18:53:53      12    0,99    0,00    0,00    0,00    0,00    0,00    0,00    0,00    0,00   99,01
18:53:53      13    0,00    0,00    0,00    0,00    0,00    0,00    0,00    0,00    0,00  100,00
18:53:53      14    0,00    0,00    0,00    0,00    0,00    0,00    0,00    0,00    0,00  100,00
18:53:53      15    0,00    0,00    0,00    0,00    0,00    0,00    0,00    0,00    0,00  100,00
18:53:53      16    0,00    0,00    0,00    0,00    0,00    0,00    0,00    0,00    0,00  100,00
18:53:53      17    0,00    0,00    0,00    0,00    0,00  100,00    0,00    0,00    0,00    0,00
18:53:53      18    0,00    0,00    0,00    0,00    0,00    0,00    0,00    0,00    0,00  100,00
18:53:53      19    0,00    0,00    0,00    0,00    0,00    0,00    0,00    0,00    0,00  100,00
18:53:53      20    0,00    0,00    0,00    0,00    0,00    0,00    0,00    0,00    0,00  100,00
18:53:53      21    0,00    0,00    0,00    0,00    0,00    0,00    0,00    0,00    0,00  100,00
18:53:53      22    0,00    0,00    0,00    0,00    0,00    0,00    0,00    0,00    0,00  100,00
18:53:53      23    0,00    0,00    0,00    0,00    0,00    0,00    0,00    0,00    0,00  100,00

18:53:53     CPU    %usr   %nice    %sys %iowait    %irq   %soft  %steal  %guest  %gnice   %idle
18:53:54     all    0,33    0,00    0,04    0,04    0,00    4,13    0,00    0,00    0,00   95,45
18:53:54       0    0,00    0,00    0,00    0,00    0,00    0,00    0,00    0,00    0,00  100,00
18:53:54       1    0,00    0,00    0,00    0,00    0,00    0,00    0,00    0,00    0,00  100,00
18:53:54       2    0,00    0,00    0,00    0,00    0,00    0,00    0,00    0,00    0,00  100,00
18:53:54       3    0,00    0,00    0,00    0,00    0,00    0,00    0,00    0,00    0,00  100,00
18:53:54       4    0,00    0,00    0,00    1,00    0,00    0,00    0,00    0,00    0,00   99,00
18:53:54       5    0,00    0,00    0,00    0,00    0,00    0,00    0,00    0,00    0,00  100,00
18:53:54       6    1,00    0,00    0,00    0,00    0,00    0,00    0,00    0,00    0,00   99,00
18:53:54       7    0,00    0,00    0,00    0,00    0,00    0,00    0,00    0,00    0,00  100,00
18:53:54       8    2,02    0,00    1,01    0,00    0,00    0,00    0,00    0,00    0,00   96,97
18:53:54       9    1,98    0,00    0,00    0,00    0,00    0,00    0,00    0,00    0,00   98,02
18:53:54      10    0,99    0,00    0,00    0,00    0,00    0,00    0,00    0,00    0,00   99,01
18:53:54      11    0,00    0,00    0,00    0,00    0,00    0,00    0,00    0,00    0,00  100,00
18:53:54      12    1,01    0,00    0,00    0,00    0,00    0,00    0,00    0,00    0,00   98,99
18:53:54      13    0,00    0,00    0,00    0,00    0,00    0,00    0,00    0,00    0,00  100,00
18:53:54      14    0,00    0,00    0,00    0,00    0,00    0,00    0,00    0,00    0,00  100,00
18:53:54      15    0,00    0,00    0,00    0,00    0,00    0,00    0,00    0,00    0,00  100,00
18:53:54      16    0,00    0,00    0,00    0,00    0,00    0,00    0,00    0,00    0,00  100,00
18:53:54      17    0,00    0,00    0,00    0,00    0,00  100,00    0,00    0,00    0,00    0,00
18:53:54      18    0,00    0,00    0,00    0,00    0,00    0,00    0,00    0,00    0,00  100,00
18:53:54      19    0,00    0,00    0,00    0,00    0,00    0,00    0,00    0,00    0,00  100,00
18:53:54      20    1,00    0,00    0,00    0,00    0,00    0,00    0,00    0,00    0,00   99,00
18:53:54      21    0,00    0,00    0,00    0,00    0,00    0,00    0,00    0,00    0,00  100,00
18:53:54      22    0,00    0,00    0,00    0,00    0,00    0,00    0,00    0,00    0,00  100,00
18:53:54      23    0,00    0,00    0,00    0,00    0,00    0,00    0,00    0,00    0,00  100,00

18:53:54     CPU    %usr   %nice    %sys %iowait    %irq   %soft  %steal  %guest  %gnice   %idle
18:53:55     all    0,33    0,00    0,21    0,04    0,00    4,17    0,00    0,00    0,00   95,24
18:53:55       0    0,00    0,00    0,00    1,01    0,00    0,00    0,00    0,00    0,00   98,99
18:53:55       1    0,00    0,00    0,00    0,00    0,00    0,00    0,00    0,00    0,00  100,00
18:53:55       2    0,00    0,00    0,00    0,00    0,00    0,00    0,00    0,00    0,00  100,00
18:53:55       3    0,00    0,00    0,00    0,00    0,00    0,00    0,00    0,00    0,00  100,00
18:53:55       4    0,00    0,00    0,00    0,00    0,00    0,00    0,00    0,00    0,00  100,00
18:53:55       5    0,00    0,00    0,00    0,00    0,00    0,00    0,00    0,00    0,00  100,00
18:53:55       6    0,00    0,00    0,00    0,00    0,00    0,00    0,00    0,00    0,00  100,00
18:53:55       7    0,00    0,00    0,00    0,00    0,00    0,00    0,00    0,00    0,00  100,00
18:53:55       8    2,97    0,00    0,99    0,00    0,00    0,00    0,00    0,00    0,00   96,04
18:53:55       9    0,00    0,00    0,00    0,00    0,00    0,00    0,00    0,00    0,00  100,00
18:53:55      10    0,00    0,00    0,00    0,00    0,00    0,00    0,00    0,00    0,00  100,00
18:53:55      11    0,00    0,00    0,00    0,00    0,00    0,00    0,00    0,00    0,00  100,00
18:53:55      12    2,00    0,00    1,00    0,00    0,00    0,00    0,00    0,00    0,00   97,00
18:53:55      13    0,00    0,00    0,00    0,00    0,00    0,00    0,00    0,00    0,00  100,00
18:53:55      14    1,98    0,00    1,98    0,00    0,00    0,00    0,00    0,00    0,00   96,04
18:53:55      15    0,00    0,00    0,00    0,00    0,00    0,00    0,00    0,00    0,00  100,00
18:53:55      16    1,00    0,00    0,00    0,00    0,00    0,00    0,00    0,00    0,00   99,00
18:53:55      17    0,00    0,00    0,00    0,00    0,00  100,00    0,00    0,00    0,00    0,00
18:53:55      18    0,00    0,00    0,00    0,00    0,00    0,00    0,00    0,00    0,00  100,00
18:53:55      19    0,00    0,00    0,00    0,00    0,00    0,00    0,00    0,00    0,00  100,00
18:53:55      20    0,00    0,00    0,00    0,00    0,00    0,00    0,00    0,00    0,00  100,00
18:53:55      21    0,00    0,00    1,00    0,00    0,00    0,00    0,00    0,00    0,00   99,00
18:53:55      22    0,00    0,00    0,00    0,00    0,00    0,00    0,00    0,00    0,00  100,00
18:53:55      23    0,00    0,00    0,00    0,00    0,00    0,00    0,00    0,00    0,00  100,00

18:53:55     CPU    %usr   %nice    %sys %iowait    %irq   %soft  %steal  %guest  %gnice   %idle
18:53:56     all    0,25    0,00    0,08    0,00    0,00    4,17    0,00    0,00    0,00   95,50
18:53:56       0    1,00    0,00    0,00    0,00    0,00    0,00    0,00    0,00    0,00   99,00
18:53:56       1    0,00    0,00    0,00    0,00    0,00    0,00    0,00    0,00    0,00  100,00
18:53:56       2    0,00    0,00    0,00    0,00    0,00    0,00    0,00    0,00    0,00  100,00
18:53:56       3    0,00    0,00    0,00    0,00    0,00    0,00    0,00    0,00    0,00  100,00
18:53:56       4    0,00    0,00    0,00    0,00    0,00    0,00    0,00    0,00    0,00  100,00
18:53:56       5    0,00    0,00    0,00    0,00    0,00    0,00    0,00    0,00    0,00  100,00
18:53:56       6    0,00    0,00    0,00    0,00    0,00    0,00    0,00    0,00    0,00  100,00
18:53:56       7    0,00    0,00    0,00    0,00    0,00    0,00    0,00    0,00    0,00  100,00
18:53:56       8    2,02    0,00    1,01    0,00    0,00    0,00    0,00    0,00    0,00   96,97
18:53:56       9    0,00    0,00    0,00    0,00    0,00    0,00    0,00    0,00    0,00  100,00
18:53:56      10    0,00    0,00    0,00    0,00    0,00    0,00    0,00    0,00    0,00  100,00
18:53:56      11    0,00    0,00    0,00    0,00    0,00    0,00    0,00    0,00    0,00  100,00
18:53:56      12    0,99    0,00    0,00    0,00    0,00    0,00    0,00    0,00    0,00   99,01
18:53:56      13    0,00    0,00    0,00    0,00    0,00    0,00    0,00    0,00    0,00  100,00
18:53:56      14    0,00    0,00    0,00    0,00    0,00    0,00    0,00    0,00    0,00  100,00
18:53:56      15    0,00    0,00    0,00    0,00    0,00    0,00    0,00    0,00    0,00  100,00
18:53:56      16    1,00    0,00    0,00    0,00    0,00    0,00    0,00    0,00    0,00   99,00
18:53:56      17    0,00    0,00    0,00    0,00    0,00  100,00    0,00    0,00    0,00    0,00
18:53:56      18    0,00    0,00    0,00    0,00    0,00    0,00    0,00    0,00    0,00  100,00
18:53:56      19    0,00    0,00    0,00    0,00    0,00    0,00    0,00    0,00    0,00  100,00
18:53:56      20    0,00    0,00    0,99    0,00    0,00    0,00    0,00    0,00    0,00   99,01
18:53:56      21    0,00    0,00    0,00    0,00    0,00    0,00    0,00    0,00    0,00  100,00
18:53:56      22    1,01    0,00    0,00    0,00    0,00    0,00    0,00    0,00    0,00   98,99
18:53:56      23    0,00    0,00    0,00    0,00    0,00    0,00    0,00    0,00    0,00  100,00

18:53:56     CPU    %usr   %nice    %sys %iowait    %irq   %soft  %steal  %guest  %gnice   %idle
18:53:57     all    0,38    0,00    0,17    0,00    0,00    4,17    0,00    0,00    0,00   95,29
18:53:57       0    0,00    0,00    0,00    0,00    0,00    0,00    0,00    0,00    0,00  100,00
18:53:57       1    0,00    0,00    1,00    0,00    0,00    0,00    0,00    0,00    0,00   99,00
18:53:57       2    0,00    0,00    0,00    0,00    0,00    0,00    0,00    0,00    0,00  100,00
18:53:57       3    0,00    0,00    0,99    0,00    0,00    0,00    0,00    0,00    0,00   99,01
18:53:57       4    0,00    0,00    0,00    0,00    0,00    0,00    0,00    0,00    0,00  100,00
18:53:57       5    0,00    0,00    0,00    0,00    0,00    0,00    0,00    0,00    0,00  100,00
18:53:57       6    0,00    0,00    0,00    0,00    0,00    0,00    0,00    0,00    0,00  100,00
18:53:57       7    0,00    0,00    0,00    0,00    0,00    0,00    0,00    0,00    0,00  100,00
18:53:57       8    2,97    0,00    0,99    0,00    0,00    0,00    0,00    0,00    0,00   96,04
18:53:57       9    0,00    0,00    0,00    0,00    0,00    0,00    0,00    0,00    0,00  100,00
18:53:57      10    1,00    0,00    0,00    0,00    0,00    0,00    0,00    0,00    0,00   99,00
18:53:57      11    0,00    0,00    0,00    0,00    0,00    0,00    0,00    0,00    0,00  100,00
18:53:57      12    0,00    0,00    0,00    0,00    0,00    0,00    0,00    0,00    0,00  100,00
18:53:57      13    0,00    0,00    0,00    0,00    0,00    0,00    0,00    0,00    0,00  100,00
18:53:57      14    0,00    0,00    0,00    0,00    0,00    0,00    0,00    0,00    0,00  100,00
18:53:57      15    0,00    0,00    0,00    0,00    0,00    0,00    0,00    0,00    0,00  100,00
18:53:57      16    1,01    0,00    0,00    0,00    0,00    0,00    0,00    0,00    0,00   98,99
18:53:57      17    0,00    0,00    0,00    0,00    0,00  100,00    0,00    0,00    0,00    0,00
18:53:57      18    2,02    0,00    0,00    0,00    0,00    0,00    0,00    0,00    0,00   97,98
18:53:57      19    0,00    0,00    0,00    0,00    0,00    0,00    0,00    0,00    0,00  100,00
18:53:57      20    1,00    0,00    0,00    0,00    0,00    0,00    0,00    0,00    0,00   99,00
18:53:57      21    1,00    0,00    0,00    0,00    0,00    0,00    0,00    0,00    0,00   99,00
18:53:57      22    0,00    0,00    0,00    0,00    0,00    0,00    0,00    0,00    0,00  100,00
18:53:57      23    0,00    0,00    0,99    0,00    0,00    0,00    0,00    0,00    0,00   99,01

18:53:57     CPU    %usr   %nice    %sys %iowait    %irq   %soft  %steal  %guest  %gnice   %idle
18:53:58     all    0,25    0,00    0,21    0,00    0,00    4,17    0,00    0,00    0,00   95,37
18:53:58       0    0,00    0,00    0,00    0,00    0,00    0,00    0,00    0,00    0,00  100,00
18:53:58       1    0,00    0,00    0,00    0,00    0,00    0,00    0,00    0,00    0,00  100,00
18:53:58       2    0,00    0,00    0,00    0,00    0,00    0,00    0,00    0,00    0,00  100,00
18:53:58       3    0,00    0,00    0,00    0,00    0,00    0,00    0,00    0,00    0,00  100,00
18:53:58       4    0,00    0,00    0,00    0,00    0,00    0,00    0,00    0,00    0,00  100,00
18:53:58       5    0,00    0,00    0,00    0,00    0,00    0,00    0,00    0,00    0,00  100,00
18:53:58       6    0,00    0,00    0,00    0,00    0,00    0,00    0,00    0,00    0,00  100,00
18:53:58       7    0,00    0,00    0,00    0,00    0,00    0,00    0,00    0,00    0,00  100,00
18:53:58       8    2,00    0,00    1,00    0,00    0,00    0,00    0,00    0,00    0,00   97,00
18:53:58       9    2,00    0,00    0,00    0,00    0,00    0,00    0,00    0,00    0,00   98,00
18:53:58      10    0,00    0,00    0,99    0,00    0,00    0,00    0,00    0,00    0,00   99,01
18:53:58      11    0,00    0,00    0,00    0,00    0,00    0,00    0,00    0,00    0,00  100,00
18:53:58      12    0,00    0,00    0,00    0,00    0,00    0,00    0,00    0,00    0,00  100,00
18:53:58      13    0,00    0,00    0,00    0,00    0,00    0,00    0,00    0,00    0,00  100,00
18:53:58      14    0,00    0,00    0,00    0,00    0,00    0,00    0,00    0,00    0,00  100,00
18:53:58      15    0,00    0,00    0,00    0,00    0,00    0,00    0,00    0,00    0,00  100,00
18:53:58      16    0,99    0,00    0,00    0,00    0,00    0,00    0,00    0,00    0,00   99,01
18:53:58      17    0,00    0,00    0,00    0,00    0,00  100,00    0,00    0,00    0,00    0,00
18:53:58      18    1,00    0,00    0,00    0,00    0,00    0,00    0,00    0,00    0,00   99,00
18:53:58      19    0,00    0,00    0,00    0,00    0,00    0,00    0,00    0,00    0,00  100,00
18:53:58      20    0,00    0,00    0,99    0,00    0,00    0,00    0,00    0,00    0,00   99,01
18:53:58      21    0,00    0,00    0,99    0,00    0,00    0,00    0,00    0,00    0,00   99,01
18:53:58      22    0,00    0,00    1,00    0,00    0,00    0,00    0,00    0,00    0,00   99,00
18:53:58      23    0,00    0,00    0,00    0,00    0,00    0,00    0,00    0,00    0,00  100,00

18:53:58     CPU    %usr   %nice    %sys %iowait    %irq   %soft  %steal  %guest  %gnice   %idle
18:53:59     all    0,17    0,00    0,08    0,00    0,00    4,18    0,00    0,00    0,00   95,57
18:53:59       0    0,00    0,00    0,00    0,00    0,00    0,00    0,00    0,00    0,00  100,00
18:53:59       1    0,00    0,00    0,00    0,00    0,00    0,00    0,00    0,00    0,00  100,00
18:53:59       2    0,00    0,00    0,00    0,00    0,00    0,00    0,00    0,00    0,00  100,00
18:53:59       3    0,00    0,00    0,00    0,00    0,00    0,00    0,00    0,00    0,00  100,00
18:53:59       4    0,00    0,00    0,00    0,00    0,00    0,00    0,00    0,00    0,00  100,00
18:53:59       5    0,00    0,00    0,00    0,00    0,00    0,00    0,00    0,00    0,00  100,00
18:53:59       6    0,00    0,00    0,00    0,00    0,00    0,00    0,00    0,00    0,00  100,00
18:53:59       7    0,00    0,00    0,00    0,00    0,00    0,00    0,00    0,00    0,00  100,00
18:53:59       8    2,00    0,00    1,00    0,00    0,00    0,00    0,00    0,00    0,00   97,00
18:53:59       9    0,00    0,00    1,00    0,00    0,00    0,00    0,00    0,00    0,00   99,00
18:53:59      10    1,01    0,00    0,00    0,00    0,00    0,00    0,00    0,00    0,00   98,99
18:53:59      11    0,00    0,00    0,00    0,00    0,00    0,00    0,00    0,00    0,00  100,00
18:53:59      12    0,00    0,00    0,00    0,00    0,00    0,00    0,00    0,00    0,00  100,00
18:53:59      13    0,00    0,00    0,00    0,00    0,00    0,00    0,00    0,00    0,00  100,00
18:53:59      14    0,00    0,00    0,00    0,00    0,00    0,00    0,00    0,00    0,00  100,00
18:53:59      15    0,00    0,00    0,00    0,00    0,00    0,00    0,00    0,00    0,00  100,00
18:53:59      16    0,00    0,00    0,00    0,00    0,00    0,00    0,00    0,00    0,00  100,00
18:53:59      17    0,00    0,00    0,00    0,00    0,00  100,00    0,00    0,00    0,00    0,00
18:53:59      18    0,00    0,00    0,00    0,00    0,00    0,00    0,00    0,00    0,00  100,00
18:53:59      19    0,00    0,00    0,00    0,00    0,00    0,00    0,00    0,00    0,00  100,00
18:53:59      20    0,00    0,00    0,00    0,00    0,00    0,00    0,00    0,00    0,00  100,00
18:53:59      21    0,00    0,00    0,00    0,00    0,00    0,00    0,00    0,00    0,00  100,00
18:53:59      22    0,00    0,00    0,00    0,00    0,00    0,00    0,00    0,00    0,00  100,00
18:53:59      23    1,00    0,00    0,00    0,00    0,00    0,00    0,00    0,00    0,00   99,00

18:53:59     CPU    %usr   %nice    %sys %iowait    %irq   %soft  %steal  %guest  %gnice   %idle
18:54:00     all    0,29    0,00    0,04    0,12    0,00    4,16    0,00    0,00    0,00   95,38
18:54:00       0    0,00    0,00    0,00    2,00    0,00    0,00    0,00    0,00    0,00   98,00
18:54:00       1    0,00    0,00    0,00    0,00    0,00    0,00    0,00    0,00    0,00  100,00
18:54:00       2    0,00    0,00    0,00    0,00    0,00    0,00    0,00    0,00    0,00  100,00
18:54:00       3    0,00    0,00    0,00    0,00    0,00    0,00    0,00    0,00    0,00  100,00
18:54:00       4    0,00    0,00    0,00    0,00    0,00    0,00    0,00    0,00    0,00  100,00
18:54:00       5    0,00    0,00    0,00    0,00    0,00    0,00    0,00    0,00    0,00  100,00
18:54:00       6    0,00    0,00    0,00    0,00    0,00    0,00    0,00    0,00    0,00  100,00
18:54:00       7    1,00    0,00    0,00    0,00    0,00    0,00    0,00    0,00    0,00   99,00
18:54:00       8    2,00    0,00    1,00    0,00    0,00    0,00    0,00    0,00    0,00   97,00
18:54:00       9    0,00    0,00    0,00    0,00    0,00    0,00    0,00    0,00    0,00  100,00
18:54:00      10    1,00    0,00    0,00    0,00    0,00    0,00    0,00    0,00    0,00   99,00
18:54:00      11    0,00    0,00    0,00    0,00    0,00    0,00    0,00    0,00    0,00  100,00
18:54:00      12    1,00    0,00    0,00    0,00    0,00    0,00    0,00    0,00    0,00   99,00
18:54:00      13    0,00    0,00    0,00    0,00    0,00    0,00    0,00    0,00    0,00  100,00
18:54:00      14    0,00    0,00    0,00    0,00    0,00    0,00    0,00    0,00    0,00  100,00
18:54:00      15    0,00    0,00    0,00    0,00    0,00    0,00    0,00    0,00    0,00  100,00
18:54:00      16    0,00    0,00    0,00    0,00    0,00    0,00    0,00    0,00    0,00  100,00
18:54:00      17    0,00    0,00    0,00    0,00    0,00  100,00    0,00    0,00    0,00    0,00
18:54:00      18    0,00    0,00    0,00    1,00    0,00    0,00    0,00    0,00    0,00   99,00
18:54:00      19    0,00    0,00    0,00    0,00    0,00    0,00    0,00    0,00    0,00  100,00
18:54:00      20    1,00    0,00    0,00    0,00    0,00    0,00    0,00    0,00    0,00   99,00
18:54:00      21    0,00    0,00    0,00    0,00    0,00    0,00    0,00    0,00    0,00  100,00
18:54:00      22    0,99    0,00    0,00    0,00    0,00    0,00    0,00    0,00    0,00   99,01
18:54:00      23    0,00    0,00    0,00    0,00    0,00    0,00    0,00    0,00    0,00  100,00

18:54:00     CPU    %usr   %nice    %sys %iowait    %irq   %soft  %steal  %guest  %gnice   %idle
18:54:01     all    0,13    0,00    0,13    0,00    0,00    4,17    0,00    0,00    0,00   95,58
18:54:01       0    0,00    0,00    0,00    0,00    0,00    0,00    0,00    0,00    0,00  100,00
18:54:01       1    0,00    0,00    0,00    0,00    0,00    0,00    0,00    0,00    0,00  100,00
18:54:01       2    0,00    0,00    0,00    0,00    0,00    0,00    0,00    0,00    0,00  100,00
18:54:01       3    0,00    0,00    0,00    0,00    0,00    0,00    0,00    0,00    0,00  100,00
18:54:01       4    0,00    0,00    0,00    0,00    0,00    0,00    0,00    0,00    0,00  100,00
18:54:01       5    0,00    0,00    0,00    0,00    0,00    0,00    0,00    0,00    0,00  100,00
18:54:01       6    0,00    0,00    0,00    0,00    0,00    0,00    0,00    0,00    0,00  100,00
18:54:01       7    2,00    0,00    0,00    0,00    0,00    0,00    0,00    0,00    0,00   98,00
18:54:01       8    1,01    0,00    1,01    0,00    0,00    0,00    0,00    0,00    0,00   97,98
18:54:01       9    0,00    0,00    0,00    0,00    0,00    0,00    0,00    0,00    0,00  100,00
18:54:01      10    0,00    0,00    0,00    0,00    0,00    0,00    0,00    0,00    0,00  100,00
18:54:01      11    0,00    0,00    0,00    0,00    0,00    0,00    0,00    0,00    0,00  100,00
18:54:01      12    0,00    0,00    0,00    0,00    0,00    0,00    0,00    0,00    0,00  100,00
18:54:01      13    0,00    0,00    0,00    0,00    0,00    0,00    0,00    0,00    0,00  100,00
18:54:01      14    0,00    0,00    1,00    0,00    0,00    0,00    0,00    0,00    0,00   99,00
18:54:01      15    0,00    0,00    0,00    0,00    0,00    0,00    0,00    0,00    0,00  100,00
18:54:01      16    0,00    0,00    0,00    0,00    0,00    0,00    0,00    0,00    0,00  100,00
18:54:01      17    0,00    0,00    0,99    0,00    0,00   99,01    0,00    0,00    0,00    0,00
18:54:01      18    0,00    0,00    0,00    0,00    0,00    0,00    0,00    0,00    0,00  100,00
18:54:01      19    0,00    0,00    0,00    0,00    0,00    0,00    0,00    0,00    0,00  100,00
18:54:01      20    0,00    0,00    0,00    0,00    0,00    0,00    0,00    0,00    0,00  100,00
18:54:01      21    0,00    0,00    0,00    0,00    0,00    0,00    0,00    0,00    0,00  100,00
18:54:01      22    0,00    0,00    0,00    0,00    0,00    0,00    0,00    0,00    0,00  100,00
18:54:01      23    0,00    0,00    0,00    0,00    0,00    0,00    0,00    0,00    0,00  100,00

18:54:01     CPU    %usr   %nice    %sys %iowait    %irq   %soft  %steal  %guest  %gnice   %idle
18:54:02     all    0,46    0,00    0,17    0,00    0,00    4,16    0,00    0,00    0,00   95,21
18:54:02       0    0,00    0,00    0,00    0,00    0,00    0,00    0,00    0,00    0,00  100,00
18:54:02       1    0,00    0,00    0,00    0,00    0,00    0,00    0,00    0,00    0,00  100,00
18:54:02       2    0,00    0,00    1,00    0,00    0,00    0,00    0,00    0,00    0,00   99,00
18:54:02       3    0,00    0,00    0,00    0,00    0,00    0,00    0,00    0,00    0,00  100,00
18:54:02       4    0,00    0,00    0,00    0,00    0,00    0,00    0,00    0,00    0,00  100,00
18:54:02       5    0,00    0,00    0,00    0,00    0,00    0,00    0,00    0,00    0,00  100,00
18:54:02       6    0,00    0,00    0,00    0,00    0,00    0,00    0,00    0,00    0,00  100,00
18:54:02       7    2,97    0,00    0,99    0,00    0,00    0,00    0,00    0,00    0,00   96,04
18:54:02       8    2,00    0,00    1,00    0,00    0,00    0,00    0,00    0,00    0,00   97,00
18:54:02       9    0,00    0,00    0,00    0,00    0,00    0,00    0,00    0,00    0,00  100,00
18:54:02      10    0,00    0,00    0,00    0,00    0,00    0,00    0,00    0,00    0,00  100,00
18:54:02      11    0,00    0,00    0,00    0,00    0,00    0,00    0,00    0,00    0,00  100,00
18:54:02      12    1,00    0,00    0,00    0,00    0,00    0,00    0,00    0,00    0,00   99,00
18:54:02      13    0,00    0,00    0,00    0,00    0,00    0,00    0,00    0,00    0,00  100,00
18:54:02      14    0,99    0,00    0,00    0,00    0,00    0,00    0,00    0,00    0,00   99,01
18:54:02      15    0,00    0,00    0,00    0,00    0,00    0,00    0,00    0,00    0,00  100,00
18:54:02      16    0,99    0,00    0,00    0,00    0,00    0,00    0,00    0,00    0,00   99,01
18:54:02      17    0,00    0,00    0,00    0,00    0,00  100,00    0,00    0,00    0,00    0,00
18:54:02      18    0,99    0,00    0,00    0,00    0,00    0,00    0,00    0,00    0,00   99,01
18:54:02      19    0,99    0,00    0,00    0,00    0,00    0,00    0,00    0,00    0,00   99,01
18:54:02      20    1,00    0,00    0,00    0,00    0,00    0,00    0,00    0,00    0,00   99,00
18:54:02      21    0,00    0,00    0,00    0,00    0,00    0,00    0,00    0,00    0,00  100,00
18:54:02      22    0,00    0,00    0,00    0,00    0,00    0,00    0,00    0,00    0,00  100,00
18:54:02      23    0,00    0,00    1,00    0,00    0,00    0,00    0,00    0,00    0,00   99,00
