Linux 6.8.0-111-generic (testbed-node6) 	13/05/26 	_x86_64_	(24 CPU)

06:03:41     CPU    %usr   %nice    %sys %iowait    %irq   %soft  %steal  %guest  %gnice   %idle
06:03:42     all    4,72    0,00    0,25    0,00    0,00    0,00    0,00    0,00    0,00   95,03
06:03:42       0    0,00    0,00    0,00    0,00    0,00    0,00    0,00    0,00    0,00  100,00
06:03:42       1  100,00    0,00    0,00    0,00    0,00    0,00    0,00    0,00    0,00    0,00
06:03:42       2    0,00    0,00    0,00    0,00    0,00    0,00    0,00    0,00    0,00  100,00
06:03:42       3    0,00    0,00    0,00    0,00    0,00    0,00    0,00    0,00    0,00  100,00
06:03:42       4    0,00    0,00    0,00    0,00    0,00    0,00    0,00    0,00    0,00  100,00
06:03:42       5    0,00    0,00    0,99    0,00    0,00    0,00    0,00    0,00    0,00   99,01
06:03:42       6    0,00    0,00    0,00    0,00    0,00    0,00    0,00    0,00    0,00  100,00
06:03:42       7    0,00    0,00    0,00    0,00    0,00    0,00    0,00    0,00    0,00  100,00
06:03:42       8    5,00    0,00    1,00    0,00    0,00    0,00    0,00    0,00    0,00   94,00
06:03:42       9    2,97    0,00    0,99    0,00    0,00    0,00    0,00    0,00    0,00   96,04
06:03:42      10    1,00    0,00    0,00    0,00    0,00    0,00    0,00    0,00    0,00   99,00
06:03:42      11    0,00    0,00    0,00    0,00    0,00    0,00    0,00    0,00    0,00  100,00
06:03:42      12    0,00    0,00    0,00    0,00    0,00    0,00    0,00    0,00    0,00  100,00
06:03:42      13    0,00    0,00    0,00    0,00    0,00    0,00    0,00    0,00    0,00  100,00
06:03:42      14    0,00    0,00    0,00    0,00    0,00    0,00    0,00    0,00    0,00  100,00
06:03:42      15    0,00    0,00    0,00    0,00    0,00    0,00    0,00    0,00    0,00  100,00
06:03:42      16    2,00    0,00    1,00    0,00    0,00    0,00    0,00    0,00    0,00   97,00
06:03:42      17    1,00    0,00    0,00    0,00    0,00    0,00    0,00    0,00    0,00   99,00
06:03:42      18    1,00    0,00    0,00    0,00    0,00    0,00    0,00    0,00    0,00   99,00
06:03:42      19    0,00    0,00    1,00    0,00    0,00    0,00    0,00    0,00    0,00   99,00
06:03:42      20    0,00    0,00    0,00    0,00    0,00    0,00    0,00    0,00    0,00  100,00
06:03:42      21    0,00    0,00    0,00    0,00    0,00    0,00    0,00    0,00    0,00  100,00
06:03:42      22    0,00    0,00    1,01    0,00    0,00    0,00    0,00    0,00    0,00   98,99
06:03:42      23    0,00    0,00    0,00    0,00    0,00    0,00    0,00    0,00    0,00  100,00

06:03:42     CPU    %usr   %nice    %sys %iowait    %irq   %soft  %steal  %guest  %gnice   %idle
06:03:43     all    4,16    0,00    0,04    0,12    0,00    0,00    0,00    0,00    0,00   95,67
06:03:43       0    0,00    0,00    0,00    0,00    0,00    0,00    0,00    0,00    0,00  100,00
06:03:43       1  100,00    0,00    0,00    0,00    0,00    0,00    0,00    0,00    0,00    0,00
06:03:43       2    0,00    0,00    0,00    0,00    0,00    0,00    0,00    0,00    0,00  100,00
06:03:43       3    0,00    0,00    0,00    0,00    0,00    0,00    0,00    0,00    0,00  100,00
06:03:43       4    0,00    0,00    0,00    1,00    0,00    0,00    0,00    0,00    0,00   99,00
06:03:43       5    0,00    0,00    0,00    0,00    0,00    0,00    0,00    0,00    0,00  100,00
06:03:43       6    0,00    0,00    0,00    0,00    0,00    0,00    0,00    0,00    0,00  100,00
06:03:43       7    0,00    0,00    0,00    0,00    0,00    0,00    0,00    0,00    0,00  100,00
06:03:43       8    0,00    0,00    0,00    0,00    0,00    0,00    0,00    0,00    0,00  100,00
06:03:43       9    0,00    0,00    0,00    0,00    0,00    0,00    0,00    0,00    0,00  100,00
06:03:43      10    0,00    0,00    0,00    1,00    0,00    0,00    0,00    0,00    0,00   99,00
06:03:43      11    0,00    0,00    0,00    0,00    0,00    0,00    0,00    0,00    0,00  100,00
06:03:43      12    0,00    0,00    0,00    0,00    0,00    0,00    0,00    0,00    0,00  100,00
06:03:43      13    0,00    0,00    0,00    0,00    0,00    0,00    0,00    0,00    0,00  100,00
06:03:43      14    0,00    0,00    0,00    0,99    0,00    0,00    0,00    0,00    0,00   99,01
06:03:43      15    0,00    0,00    0,00    0,00    0,00    0,00    0,00    0,00    0,00  100,00
06:03:43      16    0,00    0,00    0,99    0,00    0,00    0,00    0,00    0,00    0,00   99,01
06:03:43      17    0,00    0,00    0,00    0,00    0,00    0,00    0,00    0,00    0,00  100,00
06:03:43      18    0,00    0,00    0,00    0,00    0,00    0,00    0,00    0,00    0,00  100,00
06:03:43      19    0,00    0,00    0,00    0,00    0,00    0,00    0,00    0,00    0,00  100,00
06:03:43      20    0,00    0,00    0,00    0,00    0,00    0,00    0,00    0,00    0,00  100,00
06:03:43      21    0,00    0,00    0,00    0,00    0,00    0,00    0,00    0,00    0,00  100,00
06:03:43      22    0,00    0,00    0,00    0,00    0,00    0,00    0,00    0,00    0,00  100,00
06:03:43      23    0,00    0,00    0,00    0,00    0,00    0,00    0,00    0,00    0,00  100,00

06:03:43     CPU    %usr   %nice    %sys %iowait    %irq   %soft  %steal  %guest  %gnice   %idle
06:03:44     all    5,21    0,00    0,50    0,00    0,00    0,00    0,00    0,00    0,00   94,29
06:03:44       0    0,00    0,00    0,00    0,00    0,00    0,00    0,00    0,00    0,00  100,00
06:03:44       1  100,00    0,00    0,00    0,00    0,00    0,00    0,00    0,00    0,00    0,00
06:03:44       2    0,00    0,00    0,00    0,00    0,00    0,00    0,00    0,00    0,00  100,00
06:03:44       3    0,00    0,00    0,00    0,00    0,00    0,00    0,00    0,00    0,00  100,00
06:03:44       4    8,91    0,00    0,99    0,00    0,00    0,00    0,00    0,00    0,00   90,10
06:03:44       5    0,00    0,00    0,00    0,00    0,00    0,00    0,00    0,00    0,00  100,00
06:03:44       6    1,01    0,00    0,00    0,00    0,00    0,00    0,00    0,00    0,00   98,99
06:03:44       7    0,00    0,00    0,00    0,00    0,00    0,00    0,00    0,00    0,00  100,00
06:03:44       8    0,00    0,00    0,00    0,00    0,00    0,00    0,00    0,00    0,00  100,00
06:03:44       9    2,02    0,00    1,01    0,00    0,00    0,00    0,00    0,00    0,00   96,97
06:03:44      10    0,00    0,00    0,00    0,00    0,00    0,00    0,00    0,00    0,00  100,00
06:03:44      11    0,00    0,00    0,00    0,00    0,00    0,00    0,00    0,00    0,00  100,00
06:03:44      12    2,00    0,00    1,00    0,00    0,00    0,00    0,00    0,00    0,00   97,00
06:03:44      13    0,00    0,00    0,00    0,00    0,00    0,00    0,00    0,00    0,00  100,00
06:03:44      14    1,00    0,00    1,00    0,00    0,00    0,00    0,00    0,00    0,00   98,00
06:03:44      15    0,00    0,00    0,00    0,00    0,00    0,00    0,00    0,00    0,00  100,00
06:03:44      16    1,00    0,00    1,00    0,00    0,00    0,00    0,00    0,00    0,00   98,00
06:03:44      17    1,00    0,00    1,00    0,00    0,00    0,00    0,00    0,00    0,00   98,00
06:03:44      18    1,00    0,00    1,00    0,00    0,00    0,00    0,00    0,00    0,00   98,00
06:03:44      19    1,00    0,00    0,00    0,00    0,00    0,00    0,00    0,00    0,00   99,00
06:03:44      20    0,99    0,00    0,99    0,00    0,00    0,00    0,00    0,00    0,00   98,02
06:03:44      21    2,00    0,00    1,00    0,00    0,00    0,00    0,00    0,00    0,00   97,00
06:03:44      22    1,00    0,00    1,00    0,00    0,00    0,00    0,00    0,00    0,00   98,00
06:03:44      23    1,98    0,00    1,98    0,00    0,00    0,00    0,00    0,00    0,00   96,04

06:03:44     CPU    %usr   %nice    %sys %iowait    %irq   %soft  %steal  %guest  %gnice   %idle
06:03:45     all    4,17    0,00    0,00    0,00    0,00    0,00    0,00    0,00    0,00   95,83
06:03:45       0    0,00    0,00    0,00    0,00    0,00    0,00    0,00    0,00    0,00  100,00
06:03:45       1  100,00    0,00    0,00    0,00    0,00    0,00    0,00    0,00    0,00    0,00
06:03:45       2    0,00    0,00    0,00    0,00    0,00    0,00    0,00    0,00    0,00  100,00
06:03:45       3    0,00    0,00    0,00    0,00    0,00    0,00    0,00    0,00    0,00  100,00
06:03:45       4    0,00    0,00    0,00    0,00    0,00    0,00    0,00    0,00    0,00  100,00
06:03:45       5    0,00    0,00    0,00    0,00    0,00    0,00    0,00    0,00    0,00  100,00
06:03:45       6    0,00    0,00    0,00    0,00    0,00    0,00    0,00    0,00    0,00  100,00
06:03:45       7    0,00    0,00    0,00    0,00    0,00    0,00    0,00    0,00    0,00  100,00
06:03:45       8    0,00    0,00    0,00    0,00    0,00    0,00    0,00    0,00    0,00  100,00
06:03:45       9    0,00    0,00    0,00    0,00    0,00    0,00    0,00    0,00    0,00  100,00
06:03:45      10    0,00    0,00    0,00    0,00    0,00    0,00    0,00    0,00    0,00  100,00
06:03:45      11    0,00    0,00    0,00    0,00    0,00    0,00    0,00    0,00    0,00  100,00
06:03:45      12    0,00    0,00    0,00    0,00    0,00    0,00    0,00    0,00    0,00  100,00
06:03:45      13    0,00    0,00    0,00    0,00    0,00    0,00    0,00    0,00    0,00  100,00
06:03:45      14    0,00    0,00    0,00    0,00    0,00    0,00    0,00    0,00    0,00  100,00
06:03:45      15    0,00    0,00    0,00    0,00    0,00    0,00    0,00    0,00    0,00  100,00
06:03:45      16    0,00    0,00    0,00    0,00    0,00    0,00    0,00    0,00    0,00  100,00
06:03:45      17    0,00    0,00    0,00    0,00    0,00    0,00    0,00    0,00    0,00  100,00
06:03:45      18    0,00    0,00    0,00    0,00    0,00    0,00    0,00    0,00    0,00  100,00
06:03:45      19    0,00    0,00    0,00    0,00    0,00    0,00    0,00    0,00    0,00  100,00
06:03:45      20    0,00    0,00    0,00    0,00    0,00    0,00    0,00    0,00    0,00  100,00
06:03:45      21    0,00    0,00    0,00    0,00    0,00    0,00    0,00    0,00    0,00  100,00
06:03:45      22    0,00    0,00    0,00    0,00    0,00    0,00    0,00    0,00    0,00  100,00
06:03:45      23    0,00    0,00    0,00    0,00    0,00    0,00    0,00    0,00    0,00  100,00

06:03:45     CPU    %usr   %nice    %sys %iowait    %irq   %soft  %steal  %guest  %gnice   %idle
06:03:46     all    4,21    0,00    0,00    0,08    0,00    0,00    0,00    0,00    0,00   95,71
06:03:46       0    0,00    0,00    0,00    0,00    0,00    0,00    0,00    0,00    0,00  100,00
06:03:46       1  100,00    0,00    0,00    0,00    0,00    0,00    0,00    0,00    0,00    0,00
06:03:46       2    0,00    0,00    0,00    0,00    0,00    0,00    0,00    0,00    0,00  100,00
06:03:46       3    0,00    0,00    0,00    0,00    0,00    0,00    0,00    0,00    0,00  100,00
06:03:46       4    0,00    0,00    0,00    0,00    0,00    0,00    0,00    0,00    0,00  100,00
06:03:46       5    0,00    0,00    0,00    0,00    0,00    0,00    0,00    0,00    0,00  100,00
06:03:46       6    0,00    0,00    0,00    1,98    0,00    0,00    0,00    0,00    0,00   98,02
06:03:46       7    0,00    0,00    0,00    0,00    0,00    0,00    0,00    0,00    0,00  100,00
06:03:46       8    0,00    0,00    0,00    0,00    0,00    0,00    0,00    0,00    0,00  100,00
06:03:46       9    0,99    0,00    0,00    0,00    0,00    0,00    0,00    0,00    0,00   99,01
06:03:46      10    0,00    0,00    0,00    0,00    0,00    0,00    0,00    0,00    0,00  100,00
06:03:46      11    0,00    0,00    0,00    0,00    0,00    0,00    0,00    0,00    0,00  100,00
06:03:46      12    0,00    0,00    0,00    0,00    0,00    0,00    0,00    0,00    0,00  100,00
06:03:46      13    0,00    0,00    0,00    0,00    0,00    0,00    0,00    0,00    0,00  100,00
06:03:46      14    0,00    0,00    0,00    0,00    0,00    0,00    0,00    0,00    0,00  100,00
06:03:46      15    0,00    0,00    0,00    0,00    0,00    0,00    0,00    0,00    0,00  100,00
06:03:46      16    0,00    0,00    0,00    0,00    0,00    0,00    0,00    0,00    0,00  100,00
06:03:46      17    0,00    0,00    0,00    0,00    0,00    0,00    0,00    0,00    0,00  100,00
06:03:46      18    0,00    0,00    0,00    0,00    0,00    0,00    0,00    0,00    0,00  100,00
06:03:46      19    0,00    0,00    0,00    0,00    0,00    0,00    0,00    0,00    0,00  100,00
06:03:46      20    0,00    0,00    0,00    0,00    0,00    0,00    0,00    0,00    0,00  100,00
06:03:46      21    0,00    0,00    0,00    0,00    0,00    0,00    0,00    0,00    0,00  100,00
06:03:46      22    0,00    0,00    0,00    0,00    0,00    0,00    0,00    0,00    0,00  100,00
06:03:46      23    0,00    0,00    0,00    0,00    0,00    0,00    0,00    0,00    0,00  100,00

06:03:46     CPU    %usr   %nice    %sys %iowait    %irq   %soft  %steal  %guest  %gnice   %idle
06:03:47     all    4,21    0,00    0,00    0,00    0,00    0,00    0,00    0,00    0,00   95,79
06:03:47       0    0,00    0,00    0,00    0,00    0,00    0,00    0,00    0,00    0,00  100,00
06:03:47       1  100,00    0,00    0,00    0,00    0,00    0,00    0,00    0,00    0,00    0,00
06:03:47       2    0,00    0,00    0,00    0,00    0,00    0,00    0,00    0,00    0,00  100,00
06:03:47       3    0,00    0,00    0,00    0,00    0,00    0,00    0,00    0,00    0,00  100,00
06:03:47       4    0,00    0,00    0,00    0,00    0,00    0,00    0,00    0,00    0,00  100,00
06:03:47       5    0,00    0,00    0,00    0,00    0,00    0,00    0,00    0,00    0,00  100,00
06:03:47       6    0,00    0,00    0,00    0,00    0,00    0,00    0,00    0,00    0,00  100,00
06:03:47       7    0,00    0,00    0,00    0,00    0,00    0,00    0,00    0,00    0,00  100,00
06:03:47       8    0,00    0,00    0,00    0,00    0,00    0,00    0,00    0,00    0,00  100,00
06:03:47       9    0,00    0,00    0,00    0,00    0,00    0,00    0,00    0,00    0,00  100,00
06:03:47      10    0,00    0,00    0,00    0,00    0,00    0,00    0,00    0,00    0,00  100,00
06:03:47      11    0,00    0,00    0,00    0,00    0,00    0,00    0,00    0,00    0,00  100,00
06:03:47      12    0,00    0,00    0,00    0,00    0,00    0,00    0,00    0,00    0,00  100,00
06:03:47      13    0,00    0,00    0,00    0,00    0,00    0,00    0,00    0,00    0,00  100,00
06:03:47      14    0,00    0,00    0,00    0,00    0,00    0,00    0,00    0,00    0,00  100,00
06:03:47      15    0,00    0,00    0,00    0,00    0,00    0,00    0,00    0,00    0,00  100,00
06:03:47      16    0,00    0,00    0,00    0,00    0,00    0,00    0,00    0,00    0,00  100,00
06:03:47      17    0,00    0,00    0,00    0,00    0,00    0,00    0,00    0,00    0,00  100,00
06:03:47      18    0,00    0,00    0,00    0,00    0,00    0,00    0,00    0,00    0,00  100,00
06:03:47      19    0,00    0,00    0,00    0,00    0,00    0,00    0,00    0,00    0,00  100,00
06:03:47      20    0,00    0,00    0,00    0,00    0,00    0,00    0,00    0,00    0,00  100,00
06:03:47      21    0,00    0,00    0,00    0,00    0,00    0,00    0,00    0,00    0,00  100,00
06:03:47      22    0,00    0,00    0,00    0,00    0,00    0,00    0,00    0,00    0,00  100,00
06:03:47      23    0,99    0,00    0,00    0,00    0,00    0,00    0,00    0,00    0,00   99,01

06:03:47     CPU    %usr   %nice    %sys %iowait    %irq   %soft  %steal  %guest  %gnice   %idle
06:03:48     all    5,87    1,00    0,42    0,00    0,00    0,00    0,00    0,00    0,00   92,72
06:03:48       0    0,00    0,00    0,00    0,00    0,00    0,00    0,00    0,00    0,00  100,00
06:03:48       1  100,00    0,00    0,00    0,00    0,00    0,00    0,00    0,00    0,00    0,00
06:03:48       2    0,00    0,00    0,00    0,00    0,00    0,00    0,00    0,00    0,00  100,00
06:03:48       3    0,00    0,00    0,00    0,00    0,00    0,00    0,00    0,00    0,00  100,00
06:03:48       4    0,00    0,00    1,00    0,00    0,00    0,00    0,00    0,00    0,00   99,00
06:03:48       5    0,00    0,00    0,00    0,00    0,00    0,00    0,00    0,00    0,00  100,00
06:03:48       6    0,99    0,99    0,99    0,00    0,00    0,00    0,00    0,00    0,00   97,03
06:03:48       7    0,00    0,00    0,00    0,00    0,00    0,00    0,00    0,00    0,00  100,00
06:03:48       8    0,00    0,00    0,00    0,00    0,00    0,00    0,00    0,00    0,00  100,00
06:03:48       9    0,00    0,00    0,00    0,00    0,00    0,00    0,00    0,00    0,00  100,00
06:03:48      10    3,96   21,78    0,99    0,00    0,00    0,00    0,00    0,00    0,00   73,27
06:03:48      11    0,00    0,00    0,00    0,00    0,00    0,00    0,00    0,00    0,00  100,00
06:03:48      12   14,00    0,00    1,00    0,00    0,00    0,00    0,00    0,00    0,00   85,00
06:03:48      13    0,00    0,00    0,00    0,00    0,00    0,00    0,00    0,00    0,00  100,00
06:03:48      14   14,00    0,00    0,00    0,00    0,00    0,00    0,00    0,00    0,00   86,00
06:03:48      15    0,99    0,00    0,00    0,00    0,00    0,00    0,00    0,00    0,00   99,01
06:03:48      16    1,00    0,00    1,00    0,00    0,00    0,00    0,00    0,00    0,00   98,00
06:03:48      17    0,99    0,00    0,99    0,00    0,00    0,00    0,00    0,00    0,00   98,02
06:03:48      18    0,00    0,00    0,00    0,00    0,00    0,00    0,00    0,00    0,00  100,00
06:03:48      19    0,99    0,00    0,99    0,00    0,00    0,00    0,00    0,00    0,00   98,02
06:03:48      20    0,00    0,00    1,00    0,00    0,00    0,00    0,00    0,00    0,00   99,00
06:03:48      21    2,00    0,00    1,00    0,00    0,00    0,00    0,00    0,00    0,00   97,00
06:03:48      22    1,98    0,00    0,99    0,00    0,00    0,00    0,00    0,00    0,00   97,03
06:03:48      23    0,00    1,00    0,00    0,00    0,00    0,00    0,00    0,00    0,00   99,00

06:03:48     CPU    %usr   %nice    %sys %iowait    %irq   %soft  %steal  %guest  %gnice   %idle
06:03:49     all    5,25    2,87    0,29    0,04    0,00    0,00    0,00    0,00    0,00   91,55
06:03:49       0    0,00    0,00    0,00    0,00    0,00    0,00    0,00    0,00    0,00  100,00
06:03:49       1   99,01    0,00    0,99    0,00    0,00    0,00    0,00    0,00    0,00    0,00
06:03:49       2    0,00    0,00    0,00    0,00    0,00    0,00    0,00    0,00    0,00  100,00
06:03:49       3    0,00    0,00    0,00    1,00    0,00    0,00    0,00    0,00    0,00   99,00
06:03:49       4    0,00    0,00    0,00    0,00    0,00    0,00    0,00    0,00    0,00  100,00
06:03:49       5    0,00    0,00    0,00    0,00    0,00    0,00    0,00    0,00    0,00  100,00
06:03:49       6    0,00    0,00    0,00    0,00    0,00    0,00    0,00    0,00    0,00  100,00
06:03:49       7    0,00    0,00    0,00    0,00    0,00    0,00    0,00    0,00    0,00  100,00
06:03:49       8    0,99    0,00    0,00    0,00    0,00    0,00    0,00    0,00    0,00   99,01
06:03:49       9    0,00    0,00    0,00    0,00    0,00    0,00    0,00    0,00    0,00  100,00
06:03:49      10   25,00   69,00    6,00    0,00    0,00    0,00    0,00    0,00    0,00    0,00
06:03:49      11    0,00    0,00    0,00    0,00    0,00    0,00    0,00    0,00    0,00  100,00
06:03:49      12    0,00    0,00    0,00    0,00    0,00    0,00    0,00    0,00    0,00  100,00
06:03:49      13    0,00    0,00    0,00    0,00    0,00    0,00    0,00    0,00    0,00  100,00
06:03:49      14    0,00    0,00    0,00    0,00    0,00    0,00    0,00    0,00    0,00  100,00
06:03:49      15    0,00    0,00    0,00    0,00    0,00    0,00    0,00    0,00    0,00  100,00
06:03:49      16    0,00    0,00    0,00    0,00    0,00    0,00    0,00    0,00    0,00  100,00
06:03:49      17    0,00    0,00    0,00    0,00    0,00    0,00    0,00    0,00    0,00  100,00
06:03:49      18    0,00    0,00    0,00    0,00    0,00    0,00    0,00    0,00    0,00  100,00
06:03:49      19    0,00    0,00    0,00    0,00    0,00    0,00    0,00    0,00    0,00  100,00
06:03:49      20    0,00    0,00    0,00    0,00    0,00    0,00    0,00    0,00    0,00  100,00
06:03:49      21    0,00    0,00    0,00    0,00    0,00    0,00    0,00    0,00    0,00  100,00
06:03:49      22    0,00    0,00    0,00    0,00    0,00    0,00    0,00    0,00    0,00  100,00
06:03:49      23    0,00    0,00    0,00    0,00    0,00    0,00    0,00    0,00    0,00  100,00

06:03:49     CPU    %usr   %nice    %sys %iowait    %irq   %soft  %steal  %guest  %gnice   %idle
06:03:50     all    7,01    0,00    0,50    0,92    0,00    0,00    0,00    0,00    0,00   91,57
06:03:50       0    0,00    0,00    0,00   14,14    0,00    0,00    0,00    0,00    0,00   85,86
06:03:50       1  100,00    0,00    0,00    0,00    0,00    0,00    0,00    0,00    0,00    0,00
06:03:50       2    1,00    0,00    1,00    1,00    0,00    0,00    0,00    0,00    0,00   97,00
06:03:50       3    0,00    0,00    0,00    0,00    0,00    0,00    0,00    0,00    0,00  100,00
06:03:50       4   15,00    0,00    3,00    0,00    0,00    0,00    0,00    0,00    0,00   82,00
06:03:50       5    0,00    0,00    0,00    0,00    0,00    0,00    0,00    0,00    0,00  100,00
06:03:50       6    3,00    0,00    1,00    4,00    0,00    0,00    0,00    0,00    0,00   92,00
06:03:50       7    0,00    0,00    0,00    0,00    0,00    0,00    0,00    0,00    0,00  100,00
06:03:50       8    0,00    0,00    0,00    0,00    0,00    0,00    0,00    0,00    0,00  100,00
06:03:50       9    0,00    0,00    0,00    0,00    0,00    0,00    0,00    0,00    0,00  100,00
06:03:50      10   12,00    0,00    1,00    0,00    0,00    0,00    0,00    0,00    0,00   87,00
06:03:50      11    0,00    0,00    0,00    0,00    0,00    0,00    0,00    0,00    0,00  100,00
06:03:50      12    2,00    0,00    0,00    1,00    0,00    0,00    0,00    0,00    0,00   97,00
06:03:50      13    0,00    0,00    0,00    0,00    0,00    0,00    0,00    0,00    0,00  100,00
06:03:50      14   28,28    0,00    1,01    1,01    0,00    0,00    0,00    0,00    0,00   69,70
06:03:50      15    0,00    0,00    0,00    0,00    0,00    0,00    0,00    0,00    0,00  100,00
06:03:50      16    0,00    0,00    1,01    0,00    0,00    0,00    0,00    0,00    0,00   98,99
06:03:50      17    1,00    0,00    0,00    1,00    0,00    0,00    0,00    0,00    0,00   98,00
06:03:50      18    0,99    0,00    0,99    0,00    0,00    0,00    0,00    0,00    0,00   98,02
06:03:50      19    0,00    0,00    1,00    0,00    0,00    0,00    0,00    0,00    0,00   99,00
06:03:50      20    1,00    0,00    1,00    0,00    0,00    0,00    0,00    0,00    0,00   98,00
06:03:50      21    0,00    0,00    0,00    0,00    0,00    0,00    0,00    0,00    0,00  100,00
06:03:50      22    1,00    0,00    0,00    0,00    0,00    0,00    0,00    0,00    0,00   99,00
06:03:50      23    3,00    0,00    1,00    0,00    0,00    0,00    0,00    0,00    0,00   96,00

06:03:50     CPU    %usr   %nice    %sys %iowait    %irq   %soft  %steal  %guest  %gnice   %idle
06:03:51     all    4,51    0,00    0,63    3,34    0,00    0,00    0,00    0,00    0,00   91,53
06:03:51       0    0,00    0,00    1,00   50,00    0,00    0,00    0,00    0,00    0,00   49,00
06:03:51       1  100,00    0,00    0,00    0,00    0,00    0,00    0,00    0,00    0,00    0,00
06:03:51       2    1,00    0,00    1,00    1,00    0,00    0,00    0,00    0,00    0,00   97,00
06:03:51       3    0,00    0,00    0,00    0,00    0,00    0,00    0,00    0,00    0,00  100,00
06:03:51       4    1,00    0,00    0,00   27,00    0,00    0,00    0,00    0,00    0,00   72,00
06:03:51       5    0,00    0,00    0,00    0,00    0,00    0,00    0,00    0,00    0,00  100,00
06:03:51       6    0,00    0,00    0,00    0,00    0,00    0,00    0,00    0,00    0,00  100,00
06:03:51       7    0,00    0,00    0,00    0,00    0,00    0,00    0,00    0,00    0,00  100,00
06:03:51       8    1,01    0,00    1,01    0,00    0,00    0,00    0,00    0,00    0,00   97,98
06:03:51       9    0,00    0,00    0,00    0,00    0,00    0,00    0,00    0,00    0,00  100,00
06:03:51      10    0,00    0,00    0,00    0,00    0,00    0,00    0,00    0,00    0,00  100,00
06:03:51      11    0,00    0,00    0,00    0,00    0,00    0,00    0,00    0,00    0,00  100,00
06:03:51      12    2,00    0,00    2,00    0,00    0,00    0,00    0,00    0,00    0,00   96,00
06:03:51      13    0,00    0,00    0,00    0,00    0,00    0,00    0,00    0,00    0,00  100,00
06:03:51      14    1,00    0,00    3,00    0,00    0,00    0,00    0,00    0,00    0,00   96,00
06:03:51      15    0,00    0,00    0,00    0,00    0,00    0,00    0,00    0,00    0,00  100,00
06:03:51      16    0,99    0,00    0,99    0,00    0,00    0,00    0,00    0,00    0,00   98,02
06:03:51      17    0,00    0,00    2,02    1,01    0,00    0,00    0,00    0,00    0,00   96,97
06:03:51      18    1,01    0,00    1,01    0,00    0,00    0,00    0,00    0,00    0,00   97,98
06:03:51      19    0,00    0,00    0,00    0,00    0,00    0,00    0,00    0,00    0,00  100,00
06:03:51      20    0,00    0,00    0,00    0,00    0,00    0,00    0,00    0,00    0,00  100,00
06:03:51      21    0,00    0,00    0,98    0,98    0,00    0,00    0,00    0,00    0,00   98,04
06:03:51      22    0,00    0,00    2,00    0,00    0,00    0,00    0,00    0,00    0,00   98,00
06:03:51      23    0,00    0,00    0,00    0,00    0,00    0,00    0,00    0,00    0,00  100,00

06:03:51     CPU    %usr   %nice    %sys %iowait    %irq   %soft  %steal  %guest  %gnice   %idle
06:03:52     all    6,05    0,00    1,13    2,04    0,00    0,00    0,00    0,00    0,00   90,78
06:03:52       0    0,00    0,00    0,00   15,00    0,00    0,00    0,00    0,00    0,00   85,00
06:03:52       1  100,00    0,00    0,00    0,00    0,00    0,00    0,00    0,00    0,00    0,00
06:03:52       2    2,02    0,00    0,00    0,00    0,00    0,00    0,00    0,00    0,00   97,98
06:03:52       3    0,00    0,00    0,00    0,00    0,00    0,00    0,00    0,00    0,00  100,00
06:03:52       4    2,02    0,00    1,01    7,07    0,00    0,00    0,00    0,00    0,00   89,90
06:03:52       5    1,00    0,00    0,00    0,00    0,00    0,00    0,00    0,00    0,00   99,00
06:03:52       6    8,08    0,00    6,06    0,00    0,00    0,00    0,00    0,00    0,00   85,86
06:03:52       7    0,00    0,00    0,00    0,00    0,00    0,00    0,00    0,00    0,00  100,00
06:03:52       8   13,00    0,00    3,00    0,00    0,00    0,00    0,00    0,00    0,00   84,00
06:03:52       9    0,99    0,00    0,99    0,00    0,00    0,00    0,00    0,00    0,00   98,02
06:03:52      10    0,99    0,00    0,99    0,00    0,00    0,00    0,00    0,00    0,00   98,02
06:03:52      11    0,00    0,00    0,00    0,00    0,00    0,00    0,00    0,00    0,00  100,00
06:03:52      12    7,07    0,00    1,01    0,00    0,00    0,00    0,00    0,00    0,00   91,92
06:03:52      13    0,00    0,00    0,00    0,00    0,00    0,00    0,00    0,00    0,00  100,00
06:03:52      14    2,00    0,00    1,00    0,00    0,00    0,00    0,00    0,00    0,00   97,00
06:03:52      15    0,00    0,00    0,00    0,00    0,00    0,00    0,00    0,00    0,00  100,00
06:03:52      16    1,00    0,00    2,00   10,00    0,00    0,00    0,00    0,00    0,00   87,00
06:03:52      17    2,97    0,00    0,99   15,84    0,00    0,00    0,00    0,00    0,00   80,20
06:03:52      18    1,98    0,00    1,98    0,00    0,00    0,00    0,00    0,00    0,00   96,04
06:03:52      19    0,00    0,00    3,00    0,00    0,00    0,00    0,00    0,00    0,00   97,00
06:03:52      20    1,00    0,00    1,00    0,00    0,00    0,00    0,00    0,00    0,00   98,00
06:03:52      21    0,00    0,00    0,00    0,00    0,00    0,00    0,00    0,00    0,00  100,00
06:03:52      22    0,00    0,00    1,00    0,00    0,00    0,00    0,00    0,00    0,00   99,00
06:03:52      23    1,01    0,00    3,03    1,01    0,00    0,00    0,00    0,00    0,00   94,95

06:03:52     CPU    %usr   %nice    %sys %iowait    %irq   %soft  %steal  %guest  %gnice   %idle
06:03:53     all    6,61    0,00    0,33    1,38    0,00    0,00    0,00    0,00    0,00   91,68
06:03:53       0    0,00    0,00    0,00    0,00    0,00    0,00    0,00    0,00    0,00  100,00
06:03:53       1  100,00    0,00    0,00    0,00    0,00    0,00    0,00    0,00    0,00    0,00
06:03:53       2    0,00    0,00    0,00    0,00    0,00    0,00    0,00    0,00    0,00  100,00
06:03:53       3    0,00    0,00    0,00    0,00    0,00    0,00    0,00    0,00    0,00  100,00
06:03:53       4    1,00    0,00    0,00    0,00    0,00    0,00    0,00    0,00    0,00   99,00
06:03:53       5    0,00    0,00    0,00    0,00    0,00    0,00    0,00    0,00    0,00  100,00
06:03:53       6    1,00    0,00    1,00    0,00    0,00    0,00    0,00    0,00    0,00   98,00
06:03:53       7    0,00    0,00    0,00    0,00    0,00    0,00    0,00    0,00    0,00  100,00
06:03:53       8   10,00    0,00    2,00    4,00    0,00    0,00    0,00    0,00    0,00   84,00
06:03:53       9    0,00    0,00    0,00    0,00    0,00    0,00    0,00    0,00    0,00  100,00
06:03:53      10   13,27    0,00    2,04    9,18    0,00    0,00    0,00    0,00    0,00   75,51
06:03:53      11    0,00    0,00    0,00    0,00    0,00    0,00    0,00    0,00    0,00  100,00
06:03:53      12    0,00    0,00    0,00    0,00    0,00    0,00    0,00    0,00    0,00  100,00
06:03:53      13    0,00    0,00    0,00    0,00    0,00    0,00    0,00    0,00    0,00  100,00
06:03:53      14   24,00    0,00    2,00   13,00    0,00    0,00    0,00    0,00    0,00   61,00
06:03:53      15    0,00    0,00    0,00    0,00    0,00    0,00    0,00    0,00    0,00  100,00
06:03:53      16    2,02    0,00    0,00    0,00    0,00    0,00    0,00    0,00    0,00   97,98
06:03:53      17    2,02    0,00    1,01    7,07    0,00    0,00    0,00    0,00    0,00   89,90
06:03:53      18    1,01    0,00    0,00    0,00    0,00    0,00    0,00    0,00    0,00   98,99
06:03:53      19    1,00    0,00    0,00    0,00    0,00    0,00    0,00    0,00    0,00   99,00
06:03:53      20    0,00    0,00    0,00    0,00    0,00    0,00    0,00    0,00    0,00  100,00
06:03:53      21    0,00    0,00    0,00    0,00    0,00    0,00    0,00    0,00    0,00  100,00
06:03:53      22    2,00    0,00    0,00    0,00    0,00    0,00    0,00    0,00    0,00   98,00
06:03:53      23    1,00    0,00    0,00    0,00    0,00    0,00    0,00    0,00    0,00   99,00
