Linux 6.8.0-110-generic (testbed-node6) 	28/04/26 	_x86_64_	(24 CPU)

02:59:37     CPU    %usr   %nice    %sys %iowait    %irq   %soft  %steal  %guest  %gnice   %idle
02:59:38     all    0,62    0,00    0,17    0,00    0,00   33,40    0,00    0,00    0,00   65,81
02:59:38       0    0,00    0,00    0,00    0,00    0,00  100,00    0,00    0,00    0,00    0,00
02:59:38       1    0,00    0,00    0,00    0,00    0,00    1,96    0,00    0,00    0,00   98,04
02:59:38       2    1,00    0,00    0,00    0,00    0,00    0,00    0,00    0,00    0,00   99,00
02:59:38       3    0,00    0,00    0,00    0,00    0,00  100,00    0,00    0,00    0,00    0,00
02:59:38       4    0,00    0,00    0,00    0,00    0,00  100,00    0,00    0,00    0,00    0,00
02:59:38       5    0,00    0,00    0,00    0,00    0,00    0,00    0,00    0,00    0,00  100,00
02:59:38       6    0,00    0,00    0,00    0,00    0,00    0,00    0,00    0,00    0,00  100,00
02:59:38       7    0,00    0,00    0,00    0,00    0,00  100,00    0,00    0,00    0,00    0,00
02:59:38       8    0,00    0,00    0,00    0,00    0,00    0,00    0,00    0,00    0,00  100,00
02:59:38       9    0,00    0,00    0,00    0,00    0,00    0,00    0,00    0,00    0,00  100,00
02:59:38      10    0,00    0,00    0,00    0,00    0,00    0,00    0,00    0,00    0,00  100,00
02:59:38      11    0,00    0,00    0,00    0,00    0,00  100,00    0,00    0,00    0,00    0,00
02:59:38      12    0,00    0,00    0,00    0,00    0,00  100,00    0,00    0,00    0,00    0,00
02:59:38      13    0,00    0,00    0,00    0,00    0,00    0,00    0,00    0,00    0,00  100,00
02:59:38      14    0,00    0,00    0,00    0,00    0,00    0,00    0,00    0,00    0,00  100,00
02:59:38      15    0,00    0,00    0,00    0,00    0,00    0,00    0,00    0,00    0,00  100,00
02:59:38      16    0,00    0,00    1,00    0,00    0,00    0,00    0,00    0,00    0,00   99,00
02:59:38      17    0,00    0,00    0,00    0,00    0,00    0,00    0,00    0,00    0,00  100,00
02:59:38      18   10,10    0,00    2,02    0,00    0,00    0,00    0,00    0,00    0,00   87,88
02:59:38      19    0,00    0,00    0,99    0,00    0,00   99,01    0,00    0,00    0,00    0,00
02:59:38      20    0,00    0,00    0,00    0,00    0,00  100,00    0,00    0,00    0,00    0,00
02:59:38      21    1,00    0,00    0,00    0,00    0,00    0,00    0,00    0,00    0,00   99,00
02:59:38      22    2,00    0,00    0,00    0,00    0,00    0,00    0,00    0,00    0,00   98,00
02:59:38      23    1,00    0,00    0,00    0,00    0,00    0,00    0,00    0,00    0,00   99,00

02:59:38     CPU    %usr   %nice    %sys %iowait    %irq   %soft  %steal  %guest  %gnice   %idle
02:59:39     all    0,00    0,00    0,12    0,00    0,00   33,33    0,00    0,00    0,00   66,54
02:59:39       0    0,00    0,00    0,00    0,00    0,00  100,00    0,00    0,00    0,00    0,00
02:59:39       1    0,00    0,00    0,00    0,00    0,00    0,00    0,00    0,00    0,00  100,00
02:59:39       2    0,00    0,00    0,00    0,00    0,00    0,00    0,00    0,00    0,00  100,00
02:59:39       3    0,00    0,00    0,00    0,00    0,00  100,00    0,00    0,00    0,00    0,00
02:59:39       4    0,00    0,00    0,99    0,00    0,00   99,01    0,00    0,00    0,00    0,00
02:59:39       5    0,00    0,00    0,00    0,00    0,00    0,00    0,00    0,00    0,00  100,00
02:59:39       6    0,00    0,00    0,00    0,00    0,00    0,00    0,00    0,00    0,00  100,00
02:59:39       7    0,00    0,00    0,99    0,00    0,00   99,01    0,00    0,00    0,00    0,00
02:59:39       8    0,00    0,00    0,00    0,00    0,00    0,00    0,00    0,00    0,00  100,00
02:59:39       9    0,00    0,00    0,00    0,00    0,00    0,00    0,00    0,00    0,00  100,00
02:59:39      10    0,00    0,00    0,00    0,00    0,00    0,00    0,00    0,00    0,00  100,00
02:59:39      11    0,00    0,00    0,00    0,00    0,00  100,00    0,00    0,00    0,00    0,00
02:59:39      12    0,00    0,00    0,00    0,00    0,00  100,00    0,00    0,00    0,00    0,00
02:59:39      13    0,00    0,00    0,00    0,00    0,00    0,00    0,00    0,00    0,00  100,00
02:59:39      14    0,00    0,00    0,00    0,00    0,00    0,00    0,00    0,00    0,00  100,00
02:59:39      15    0,00    0,00    0,00    0,00    0,00    0,00    0,00    0,00    0,00  100,00
02:59:39      16    0,00    0,00    0,00    0,00    0,00    0,00    0,00    0,00    0,00  100,00
02:59:39      17    0,00    0,00    0,99    0,00    0,00    0,00    0,00    0,00    0,00   99,01
02:59:39      18    0,00    0,00    0,00    0,00    0,00    0,00    0,00    0,00    0,00  100,00
02:59:39      19    0,00    0,00    0,00    0,00    0,00  100,00    0,00    0,00    0,00    0,00
02:59:39      20    0,00    0,00    0,00    0,00    0,00  100,00    0,00    0,00    0,00    0,00
02:59:39      21    0,00    0,00    0,00    0,00    0,00    0,00    0,00    0,00    0,00  100,00
02:59:39      22    0,00    0,00    0,00    0,00    0,00    0,00    0,00    0,00    0,00  100,00
02:59:39      23    0,00    0,00    0,00    0,00    0,00    0,00    0,00    0,00    0,00  100,00

02:59:39     CPU    %usr   %nice    %sys %iowait    %irq   %soft  %steal  %guest  %gnice   %idle
02:59:40     all    1,47    0,00    0,65    0,17    0,00   26,99    0,00    0,00    0,00   70,72
02:59:40       0    0,00    0,00    0,00    0,00    0,00   70,37    0,00    0,00    0,00   29,63
02:59:40       1    0,00    0,00    0,00    0,00    0,00    0,00    0,00    0,00    0,00  100,00
02:59:40       2    0,00    0,00    0,00    0,00    0,00    0,00    0,00    0,00    0,00  100,00
02:59:40       3    0,00    0,00    0,00    0,00    0,00  100,00    0,00    0,00    0,00    0,00
02:59:40       4    0,00    0,00    0,00    0,00    0,00  100,00    0,00    0,00    0,00    0,00
02:59:40       5    0,98    0,00    0,00    0,98    0,00    0,00    0,00    0,00    0,00   98,04
02:59:40       6    2,00    0,00    1,00    0,00    0,00    0,00    0,00    0,00    0,00   97,00
02:59:40       7    0,00    0,00    0,00    0,00    0,00   69,33    0,00    0,00    0,00   30,67
02:59:40       8    2,02    0,00    1,01    0,00    0,00    0,00    0,00    0,00    0,00   96,97
02:59:40       9    0,00    0,00    0,00    0,00    0,00    0,00    0,00    0,00    0,00  100,00
02:59:40      10    0,00    0,00    1,00    0,00    0,00    0,00    0,00    0,00    0,00   99,00
02:59:40      11    1,25    0,00    0,00    0,00    0,00   71,25    0,00    0,00    0,00   27,50
02:59:40      12    0,00    0,00    0,00    0,00    0,00   71,60    0,00    0,00    0,00   28,40
02:59:40      13    0,00    0,00    0,00    1,00    0,00    0,00    0,00    0,00    0,00   99,00
02:59:40      14    4,04    0,00    1,01    0,00    0,00    0,00    0,00    0,00    0,00   94,95
02:59:40      15    0,00    0,00    0,00    0,00    0,00    0,00    0,00    0,00    0,00  100,00
02:59:40      16    3,06    0,00    2,04    0,00    0,00    0,00    0,00    0,00    0,00   94,90
02:59:40      17   14,14    0,00    1,01    0,00    0,00    0,00    0,00    0,00    0,00   84,85
02:59:40      18    2,97    0,00    1,98    0,99    0,00    0,00    0,00    0,00    0,00   94,06
02:59:40      19    0,00    0,00    0,00    0,00    0,00  100,00    0,00    0,00    0,00    0,00
02:59:40      20    0,00    0,00    0,00    0,00    0,00  100,00    0,00    0,00    0,00    0,00
02:59:40      21    2,00    0,00    3,00    0,00    0,00    0,00    0,00    0,00    0,00   95,00
02:59:40      22    1,01    0,00    1,01    1,01    0,00    0,00    0,00    0,00    0,00   96,97
02:59:40      23    1,01    0,00    2,02    0,00    0,00    0,00    0,00    0,00    0,00   96,97

02:59:40     CPU    %usr   %nice    %sys %iowait    %irq   %soft  %steal  %guest  %gnice   %idle
02:59:41     all    0,04    0,00    0,00    0,00    0,00   26,11    0,00    0,00    0,00   73,84
02:59:41       0    0,00    0,00    0,00    0,00    0,00   65,00    0,00    0,00    0,00   35,00
02:59:41       1    0,00    0,00    0,00    0,00    0,00    0,00    0,00    0,00    0,00  100,00
02:59:41       2    0,00    0,00    0,00    0,00    0,00    0,00    0,00    0,00    0,00  100,00
02:59:41       3    0,00    0,00    0,00    0,00    0,00  100,00    0,00    0,00    0,00    0,00
02:59:41       4    0,00    0,00    0,00    0,00    0,00  100,00    0,00    0,00    0,00    0,00
02:59:41       5    0,00    0,00    0,00    0,00    0,00    0,00    0,00    0,00    0,00  100,00
02:59:41       6    0,00    0,00    0,00    0,00    0,00    0,00    0,00    0,00    0,00  100,00
02:59:41       7    0,00    0,00    0,00    0,00    0,00   62,16    0,00    0,00    0,00   37,84
02:59:41       8    0,00    0,00    0,00    0,00    0,00    0,00    0,00    0,00    0,00  100,00
02:59:41       9    0,00    0,00    0,00    0,00    0,00    0,00    0,00    0,00    0,00  100,00
02:59:41      10    0,00    0,00    0,00    0,00    0,00    0,00    0,00    0,00    0,00  100,00
02:59:41      11    0,00    0,00    0,00    0,00    0,00   66,23    0,00    0,00    0,00   33,77
02:59:41      12    0,00    0,00    0,00    0,00    0,00   68,29    0,00    0,00    0,00   31,71
02:59:41      13    0,00    0,00    0,00    0,00    0,00    0,00    0,00    0,00    0,00  100,00
02:59:41      14    0,00    0,00    0,00    0,00    0,00    0,00    0,00    0,00    0,00  100,00
02:59:41      15    0,00    0,00    0,00    0,00    0,00    0,00    0,00    0,00    0,00  100,00
02:59:41      16    0,99    0,00    0,00    0,00    0,00    0,00    0,00    0,00    0,00   99,01
02:59:41      17    0,00    0,00    0,00    0,00    0,00    0,00    0,00    0,00    0,00  100,00
02:59:41      18    0,00    0,00    0,00    0,00    0,00    0,00    0,00    0,00    0,00  100,00
02:59:41      19    0,00    0,00    0,00    0,00    0,00  100,00    0,00    0,00    0,00    0,00
02:59:41      20    0,00    0,00    0,00    0,00    0,00  100,00    0,00    0,00    0,00    0,00
02:59:41      21    0,00    0,00    0,00    0,00    0,00    0,00    0,00    0,00    0,00  100,00
02:59:41      22    0,00    0,00    0,00    0,00    0,00    0,00    0,00    0,00    0,00  100,00
02:59:41      23    0,00    0,00    0,00    0,00    0,00    0,00    0,00    0,00    0,00  100,00

02:59:41     CPU    %usr   %nice    %sys %iowait    %irq   %soft  %steal  %guest  %gnice   %idle
02:59:42     all    0,04    0,00    0,09    0,00    0,00   26,04    0,00    0,00    0,00   73,83
02:59:42       0    0,00    0,00    0,00    0,00    0,00   66,25    0,00    0,00    0,00   33,75
02:59:42       1    0,00    0,00    0,00    0,00    0,00    0,00    0,00    0,00    0,00  100,00
02:59:42       2    0,00    0,00    0,00    0,00    0,00    0,00    0,00    0,00    0,00  100,00
02:59:42       3    0,00    0,00    0,00    0,00    0,00  100,00    0,00    0,00    0,00    0,00
02:59:42       4    0,00    0,00    0,00    0,00    0,00  100,00    0,00    0,00    0,00    0,00
02:59:42       5    0,00    0,00    0,00    0,00    0,00    0,00    0,00    0,00    0,00  100,00
02:59:42       6    0,00    0,00    0,00    0,00    0,00    0,00    0,00    0,00    0,00  100,00
02:59:42       7    0,00    0,00    0,00    0,00    0,00   63,64    0,00    0,00    0,00   36,36
02:59:42       8    0,00    0,00    0,00    0,00    0,00    0,00    0,00    0,00    0,00  100,00
02:59:42       9    0,99    0,00    0,00    0,00    0,00    0,00    0,00    0,00    0,00   99,01
02:59:42      10    0,00    0,00    0,00    0,00    0,00    0,00    0,00    0,00    0,00  100,00
02:59:42      11    0,00    0,00    1,32    0,00    0,00   64,47    0,00    0,00    0,00   34,21
02:59:42      12    0,00    0,00    1,27    0,00    0,00   64,56    0,00    0,00    0,00   34,18
02:59:42      13    0,00    0,00    0,00    0,00    0,00    0,00    0,00    0,00    0,00  100,00
02:59:42      14    0,00    0,00    0,00    0,00    0,00    0,00    0,00    0,00    0,00  100,00
02:59:42      15    0,00    0,00    0,00    0,00    0,00    0,00    0,00    0,00    0,00  100,00
02:59:42      16    0,00    0,00    0,00    0,00    0,00    0,00    0,00    0,00    0,00  100,00
02:59:42      17    0,00    0,00    0,00    0,00    0,00    0,00    0,00    0,00    0,00  100,00
02:59:42      18    0,00    0,00    0,00    0,00    0,00    0,00    0,00    0,00    0,00  100,00
02:59:42      19    0,00    0,00    0,00    0,00    0,00  100,00    0,00    0,00    0,00    0,00
02:59:42      20    0,00    0,00    0,00    0,00    0,00  100,00    0,00    0,00    0,00    0,00
02:59:42      21    0,00    0,00    0,00    0,00    0,00    0,00    0,00    0,00    0,00  100,00
02:59:42      22    0,00    0,00    0,00    0,00    0,00    0,00    0,00    0,00    0,00  100,00
02:59:42      23    0,00    0,00    0,00    0,00    0,00    0,00    0,00    0,00    0,00  100,00

02:59:42     CPU    %usr   %nice    %sys %iowait    %irq   %soft  %steal  %guest  %gnice   %idle
02:59:43     all    0,00    0,00    0,04    0,00    0,00   25,88    0,00    0,00    0,00   74,08
02:59:43       0    0,00    0,00    0,00    0,00    0,00   64,63    0,00    0,00    0,00   35,37
02:59:43       1    0,00    0,00    0,00    0,00    0,00    0,00    0,00    0,00    0,00  100,00
02:59:43       2    0,00    0,00    0,00    0,00    0,00    0,00    0,00    0,00    0,00  100,00
02:59:43       3    0,00    0,00    0,00    0,00    0,00  100,00    0,00    0,00    0,00    0,00
02:59:43       4    0,00    0,00    0,00    0,00    0,00  100,00    0,00    0,00    0,00    0,00
02:59:43       5    0,00    0,00    0,00    0,00    0,00    0,00    0,00    0,00    0,00  100,00
02:59:43       6    0,00    0,00    0,00    0,00    0,00    0,00    0,00    0,00    0,00  100,00
02:59:43       7    0,00    0,00    0,00    0,00    0,00   59,70    0,00    0,00    0,00   40,30
02:59:43       8    0,00    0,00    0,00    0,00    0,00    0,00    0,00    0,00    0,00  100,00
02:59:43       9    0,00    0,00    0,00    0,00    0,00    0,00    0,00    0,00    0,00  100,00
02:59:43      10    0,00    0,00    0,00    0,00    0,00    0,00    0,00    0,00    0,00  100,00
02:59:43      11    0,00    0,00    0,00    0,00    0,00   64,79    0,00    0,00    0,00   35,21
02:59:43      12    0,00    0,00    0,00    0,00    0,00   68,29    0,00    0,00    0,00   31,71
02:59:43      13    0,00    0,00    0,00    0,00    0,00    0,00    0,00    0,00    0,00  100,00
02:59:43      14    0,00    0,00    0,99    0,00    0,00    0,00    0,00    0,00    0,00   99,01
02:59:43      15    0,00    0,00    0,00    0,00    0,00    0,00    0,00    0,00    0,00  100,00
02:59:43      16    0,00    0,00    0,00    0,00    0,00    0,00    0,00    0,00    0,00  100,00
02:59:43      17    0,00    0,00    0,00    0,00    0,00    0,00    0,00    0,00    0,00  100,00
02:59:43      18    0,00    0,00    0,00    0,00    0,00    0,00    0,00    0,00    0,00  100,00
02:59:43      19    0,00    0,00    0,00    0,00    0,00  100,00    0,00    0,00    0,00    0,00
02:59:43      20    0,00    0,00    0,00    0,00    0,00  100,00    0,00    0,00    0,00    0,00
02:59:43      21    0,00    0,00    0,00    0,00    0,00    0,00    0,00    0,00    0,00  100,00
02:59:43      22    0,00    0,00    0,00    0,00    0,00    0,00    0,00    0,00    0,00  100,00
02:59:43      23    0,00    0,00    0,00    0,00    0,00    0,00    0,00    0,00    0,00  100,00

02:59:43     CPU    %usr   %nice    %sys %iowait    %irq   %soft  %steal  %guest  %gnice   %idle
02:59:44     all    0,00    0,00    0,04    0,00    0,00   26,10    0,00    0,00    0,00   73,85
02:59:44       0    0,00    0,00    0,00    0,00    0,00   65,85    0,00    0,00    0,00   34,15
02:59:44       1    0,00    0,00    0,00    0,00    0,00    0,00    0,00    0,00    0,00  100,00
02:59:44       2    0,00    0,00    0,00    0,00    0,00    0,00    0,00    0,00    0,00  100,00
02:59:44       3    0,00    0,00    0,00    0,00    0,00  100,00    0,00    0,00    0,00    0,00
02:59:44       4    0,00    0,00    0,00    0,00    0,00  100,00    0,00    0,00    0,00    0,00
02:59:44       5    0,00    0,00    0,00    0,00    0,00    0,00    0,00    0,00    0,00  100,00
02:59:44       6    0,00    0,00    0,00    0,00    0,00    0,00    0,00    0,00    0,00  100,00
02:59:44       7    0,00    0,00    0,00    0,00    0,00   62,67    0,00    0,00    0,00   37,33
02:59:44       8    0,00    0,00    0,00    0,00    0,00    0,00    0,00    0,00    0,00  100,00
02:59:44       9    0,00    0,00    0,00    0,00    0,00    0,00    0,00    0,00    0,00  100,00
02:59:44      10    0,00    0,00    0,00    0,00    0,00    0,00    0,00    0,00    0,00  100,00
02:59:44      11    0,00    0,00    0,00    0,00    0,00   64,86    0,00    0,00    0,00   35,14
02:59:44      12    0,00    0,00    0,00    0,00    0,00   67,07    0,00    0,00    0,00   32,93
02:59:44      13    0,00    0,00    0,00    0,00    0,00    0,00    0,00    0,00    0,00  100,00
02:59:44      14    0,00    0,00    0,00    0,00    0,00    0,00    0,00    0,00    0,00  100,00
02:59:44      15    0,00    0,00    0,00    0,00    0,00    0,00    0,00    0,00    0,00  100,00
02:59:44      16    0,00    0,00    0,99    0,00    0,00    0,00    0,00    0,00    0,00   99,01
02:59:44      17    0,00    0,00    0,00    0,00    0,00    0,00    0,00    0,00    0,00  100,00
02:59:44      18    0,00    0,00    0,00    0,00    0,00    0,00    0,00    0,00    0,00  100,00
02:59:44      19    0,00    0,00    0,00    0,00    0,00  100,00    0,00    0,00    0,00    0,00
02:59:44      20    0,00    0,00    0,00    0,00    0,00  100,00    0,00    0,00    0,00    0,00
02:59:44      21    0,00    0,00    0,00    0,00    0,00    0,00    0,00    0,00    0,00  100,00
02:59:44      22    0,00    0,00    0,00    0,00    0,00    0,00    0,00    0,00    0,00  100,00
02:59:44      23    0,00    0,00    0,00    0,00    0,00    0,00    0,00    0,00    0,00  100,00

02:59:44     CPU    %usr   %nice    %sys %iowait    %irq   %soft  %steal  %guest  %gnice   %idle
02:59:45     all    0,09    0,00    0,04    0,17    0,00   26,04    0,00    0,00    0,00   73,65
02:59:45       0    0,00    0,00    0,00    0,00    0,00   66,25    0,00    0,00    0,00   33,75
02:59:45       1    0,00    0,00    0,00    0,00    0,00    0,00    0,00    0,00    0,00  100,00
02:59:45       2    0,00    0,00    0,00    0,00    0,00    0,00    0,00    0,00    0,00  100,00
02:59:45       3    0,00    0,00    0,00    0,00    0,00  100,00    0,00    0,00    0,00    0,00
02:59:45       4    0,00    0,00    0,00    0,00    0,00  100,00    0,00    0,00    0,00    0,00
02:59:45       5    0,00    0,00    0,00    0,00    0,00    0,00    0,00    0,00    0,00  100,00
02:59:45       6    0,00    0,00    0,00    0,00    0,00    0,00    0,00    0,00    0,00  100,00
02:59:45       7    0,00    0,00    0,00    0,00    0,00   62,50    0,00    0,00    0,00   37,50
02:59:45       8    0,00    0,00    0,00    0,00    0,00    0,00    0,00    0,00    0,00  100,00
02:59:45       9    1,00    0,00    1,00    0,00    0,00    0,00    0,00    0,00    0,00   98,00
02:59:45      10    0,00    0,00    0,00    0,00    0,00    0,00    0,00    0,00    0,00  100,00
02:59:45      11    0,00    0,00    0,00    0,00    0,00   66,23    0,00    0,00    0,00   33,77
02:59:45      12    0,00    0,00    0,00    0,00    0,00   66,67    0,00    0,00    0,00   33,33
02:59:45      13    0,00    0,00    0,00    0,00    0,00    0,00    0,00    0,00    0,00  100,00
02:59:45      14    0,99    0,00    0,00    0,99    0,00    0,00    0,00    0,00    0,00   98,02
02:59:45      15    0,00    0,00    0,00    0,00    0,00    0,00    0,00    0,00    0,00  100,00
02:59:45      16    0,00    0,00    0,00    0,00    0,00    0,00    0,00    0,00    0,00  100,00
02:59:45      17    0,00    0,00    0,00    0,00    0,00    0,00    0,00    0,00    0,00  100,00
02:59:45      18    0,00    0,00    0,00    0,00    0,00    0,00    0,00    0,00    0,00  100,00
02:59:45      19    0,00    0,00    0,00    0,00    0,00  100,00    0,00    0,00    0,00    0,00
02:59:45      20    0,00    0,00    0,00    0,00    0,00  100,00    0,00    0,00    0,00    0,00
02:59:45      21    0,00    0,00    0,00    1,00    0,00    0,00    0,00    0,00    0,00   99,00
02:59:45      22    0,00    0,00    0,00    2,00    0,00    0,00    0,00    0,00    0,00   98,00
02:59:45      23    0,00    0,00    0,00    0,00    0,00    0,00    0,00    0,00    0,00  100,00

02:59:45     CPU    %usr   %nice    %sys %iowait    %irq   %soft  %steal  %guest  %gnice   %idle
02:59:46     all    0,00    0,00    0,00    0,00    0,00   26,36    0,00    0,00    0,00   73,64
02:59:46       0    0,00    0,00    0,00    0,00    0,00   65,00    0,00    0,00    0,00   35,00
02:59:46       1    0,00    0,00    0,00    0,00    0,00    0,00    0,00    0,00    0,00  100,00
02:59:46       2    0,00    0,00    0,00    0,00    0,00    0,00    0,00    0,00    0,00  100,00
02:59:46       3    0,00    0,00    0,00    0,00    0,00  100,00    0,00    0,00    0,00    0,00
02:59:46       4    0,00    0,00    0,00    0,00    0,00  100,00    0,00    0,00    0,00    0,00
02:59:46       5    0,00    0,00    0,00    0,00    0,00    0,00    0,00    0,00    0,00  100,00
02:59:46       6    0,00    0,00    0,00    0,00    0,00    0,00    0,00    0,00    0,00  100,00
02:59:46       7    0,00    0,00    0,00    0,00    0,00   65,43    0,00    0,00    0,00   34,57
02:59:46       8    0,00    0,00    0,00    0,00    0,00    0,00    0,00    0,00    0,00  100,00
02:59:46       9    0,00    0,00    0,00    0,00    0,00    0,00    0,00    0,00    0,00  100,00
02:59:46      10    0,00    0,00    0,00    0,00    0,00    0,00    0,00    0,00    0,00  100,00
02:59:46      11    0,00    0,00    0,00    0,00    0,00   66,23    0,00    0,00    0,00   33,77
02:59:46      12    0,00    0,00    0,00    0,00    0,00   67,07    0,00    0,00    0,00   32,93
02:59:46      13    0,00    0,00    0,00    0,00    0,00    0,00    0,00    0,00    0,00  100,00
02:59:46      14    0,00    0,00    0,00    0,00    0,00    0,00    0,00    0,00    0,00  100,00
02:59:46      15    0,00    0,00    0,00    0,00    0,00    0,00    0,00    0,00    0,00  100,00
02:59:46      16    0,00    0,00    0,00    0,00    0,00    0,00    0,00    0,00    0,00  100,00
02:59:46      17    0,00    0,00    0,00    0,00    0,00    0,00    0,00    0,00    0,00  100,00
02:59:46      18    0,00    0,00    0,00    0,00    0,00    0,00    0,00    0,00    0,00  100,00
02:59:46      19    0,00    0,00    0,00    0,00    0,00  100,00    0,00    0,00    0,00    0,00
02:59:46      20    0,00    0,00    0,00    0,00    0,00  100,00    0,00    0,00    0,00    0,00
02:59:46      21    0,00    0,00    0,00    0,00    0,00    0,00    0,00    0,00    0,00  100,00
02:59:46      22    0,00    0,00    0,00    0,00    0,00    0,00    0,00    0,00    0,00  100,00
02:59:46      23    0,00    0,00    0,00    0,00    0,00    0,00    0,00    0,00    0,00  100,00

02:59:46     CPU    %usr   %nice    %sys %iowait    %irq   %soft  %steal  %guest  %gnice   %idle
02:59:47     all    0,09    0,00    0,04    0,00    0,00   25,73    0,00    0,00    0,00   74,14
02:59:47       0    0,00    0,00    0,00    0,00    0,00   65,85    0,00    0,00    0,00   34,15
02:59:47       1    0,00    0,00    0,00    0,00    0,00    0,00    0,00    0,00    0,00  100,00
02:59:47       2    0,00    0,00    0,00    0,00    0,00    0,00    0,00    0,00    0,00  100,00
02:59:47       3    0,00    0,00    0,00    0,00    0,00  100,00    0,00    0,00    0,00    0,00
02:59:47       4    0,00    0,00    0,00    0,00    0,00  100,00    0,00    0,00    0,00    0,00
02:59:47       5    0,00    0,00    0,00    0,00    0,00    0,00    0,00    0,00    0,00  100,00
02:59:47       6    0,00    0,00    0,00    0,00    0,00    0,00    0,00    0,00    0,00  100,00
02:59:47       7    0,00    0,00    0,00    0,00    0,00   58,82    0,00    0,00    0,00   41,18
02:59:47       8    0,99    0,00    0,00    0,00    0,00    0,00    0,00    0,00    0,00   99,01
02:59:47       9    0,00    0,00    0,00    0,00    0,00    0,00    0,00    0,00    0,00  100,00
02:59:47      10    0,00    0,00    0,00    0,00    0,00    0,00    0,00    0,00    0,00  100,00
02:59:47      11    0,00    0,00    0,00    0,00    0,00   64,29    0,00    0,00    0,00   35,71
02:59:47      12    0,00    0,00    0,00    0,00    0,00   67,09    0,00    0,00    0,00   32,91
02:59:47      13    0,00    0,00    0,00    0,00    0,00    0,00    0,00    0,00    0,00  100,00
02:59:47      14    0,00    0,00    0,00    0,00    0,00    0,00    0,00    0,00    0,00  100,00
02:59:47      15    0,00    0,00    0,00    0,00    0,00    0,00    0,00    0,00    0,00  100,00
02:59:47      16    0,00    0,00    0,00    0,00    0,00    0,00    0,00    0,00    0,00  100,00
02:59:47      17    0,00    0,00    0,00    0,00    0,00    0,00    0,00    0,00    0,00  100,00
02:59:47      18    0,98    0,00    0,98    0,00    0,00    0,00    0,00    0,00    0,00   98,04
02:59:47      19    0,00    0,00    0,00    0,00    0,00  100,00    0,00    0,00    0,00    0,00
02:59:47      20    0,00    0,00    0,00    0,00    0,00  100,00    0,00    0,00    0,00    0,00
02:59:47      21    0,00    0,00    0,00    0,00    0,00    0,00    0,00    0,00    0,00  100,00
02:59:47      22    0,00    0,00    0,00    0,00    0,00    0,00    0,00    0,00    0,00  100,00
02:59:47      23    0,00    0,00    0,00    0,00    0,00    0,00    0,00    0,00    0,00  100,00

02:59:47     CPU    %usr   %nice    %sys %iowait    %irq   %soft  %steal  %guest  %gnice   %idle
02:59:48     all    0,09    0,00    0,13    0,00    0,00   25,93    0,00    0,00    0,00   73,85
02:59:48       0    0,00    0,00    0,00    0,00    0,00   64,20    0,00    0,00    0,00   35,80
02:59:48       1    0,00    0,00    0,00    0,00    0,00    0,00    0,00    0,00    0,00  100,00
02:59:48       2    0,00    0,00    0,00    0,00    0,00    0,00    0,00    0,00    0,00  100,00
02:59:48       3    0,00    0,00    0,00    0,00    0,00  100,00    0,00    0,00    0,00    0,00
02:59:48       4    0,00    0,00    0,00    0,00    0,00  100,00    0,00    0,00    0,00    0,00
02:59:48       5    0,00    0,00    0,00    0,00    0,00    0,00    0,00    0,00    0,00  100,00
02:59:48       6    0,00    0,00    0,00    0,00    0,00    0,00    0,00    0,00    0,00  100,00
02:59:48       7    0,00    0,00    0,00    0,00    0,00   61,43    0,00    0,00    0,00   38,57
02:59:48       8    1,00    0,00    2,00    0,00    0,00    0,00    0,00    0,00    0,00   97,00
02:59:48       9    0,00    0,00    0,00    0,00    0,00    0,00    0,00    0,00    0,00  100,00
02:59:48      10    0,00    0,00    0,00    0,00    0,00    0,00    0,00    0,00    0,00  100,00
02:59:48      11    0,00    0,00    0,00    0,00    0,00   65,79    0,00    0,00    0,00   34,21
02:59:48      12    0,00    0,00    0,00    0,00    0,00   67,09    0,00    0,00    0,00   32,91
02:59:48      13    0,00    0,00    0,00    0,00    0,00    0,00    0,00    0,00    0,00  100,00
02:59:48      14    0,00    0,00    0,00    0,00    0,00    0,00    0,00    0,00    0,00  100,00
02:59:48      15    0,00    0,00    0,00    0,00    0,00    0,00    0,00    0,00    0,00  100,00
02:59:48      16    0,00    0,00    0,00    0,00    0,00    0,00    0,00    0,00    0,00  100,00
02:59:48      17    0,00    0,00    0,00    0,00    0,00    0,00    0,00    0,00    0,00  100,00
02:59:48      18    0,00    0,00    0,00    0,00    0,00    0,00    0,00    0,00    0,00  100,00
02:59:48      19    0,00    0,00    0,00    0,00    0,00  100,00    0,00    0,00    0,00    0,00
02:59:48      20    0,00    0,00    0,00    0,00    0,00  100,00    0,00    0,00    0,00    0,00
02:59:48      21    0,00    0,00    0,00    0,00    0,00    0,00    0,00    0,00    0,00  100,00
02:59:48      22    0,00    0,00    0,00    0,00    0,00    0,00    0,00    0,00    0,00  100,00
02:59:48      23    0,98    0,00    0,98    0,00    0,00    0,00    0,00    0,00    0,00   98,04

02:59:48     CPU    %usr   %nice    %sys %iowait    %irq   %soft  %steal  %guest  %gnice   %idle
02:59:49     all    0,09    0,00    0,00    0,00    0,00   26,14    0,00    0,00    0,00   73,78
02:59:49       0    0,00    0,00    0,00    0,00    0,00   66,67    0,00    0,00    0,00   33,33
02:59:49       1    0,00    0,00    0,00    0,00    0,00    0,00    0,00    0,00    0,00  100,00
02:59:49       2    0,00    0,00    0,00    0,00    0,00    0,00    0,00    0,00    0,00  100,00
02:59:49       3    0,00    0,00    0,00    0,00    0,00  100,00    0,00    0,00    0,00    0,00
02:59:49       4    0,00    0,00    0,00    0,00    0,00  100,00    0,00    0,00    0,00    0,00
02:59:49       5    0,00    0,00    0,00    0,00    0,00    0,00    0,00    0,00    0,00  100,00
02:59:49       6    1,00    0,00    0,00    0,00    0,00    0,00    0,00    0,00    0,00   99,00
02:59:49       7    0,00    0,00    0,00    0,00    0,00   66,23    0,00    0,00    0,00   33,77
02:59:49       8    0,00    0,00    0,00    0,00    0,00    0,00    0,00    0,00    0,00  100,00
02:59:49       9    0,00    0,00    0,00    0,00    0,00    0,00    0,00    0,00    0,00  100,00
02:59:49      10    0,99    0,00    0,00    0,00    0,00    0,00    0,00    0,00    0,00   99,01
02:59:49      11    0,00    0,00    0,00    0,00    0,00   65,28    0,00    0,00    0,00   34,72
02:59:49      12    0,00    0,00    0,00    0,00    0,00   66,23    0,00    0,00    0,00   33,77
02:59:49      13    0,00    0,00    0,00    0,00    0,00    0,00    0,00    0,00    0,00  100,00
02:59:49      14    0,00    0,00    0,00    0,00    0,00    0,00    0,00    0,00    0,00  100,00
02:59:49      15    0,00    0,00    0,00    0,00    0,00    0,00    0,00    0,00    0,00  100,00
02:59:49      16    0,00    0,00    0,00    0,00    0,00    0,00    0,00    0,00    0,00  100,00
02:59:49      17    0,00    0,00    0,00    0,00    0,00    0,00    0,00    0,00    0,00  100,00
02:59:49      18    0,00    0,00    0,00    0,00    0,00    0,00    0,00    0,00    0,00  100,00
02:59:49      19    0,00    0,00    0,00    0,00    0,00  100,00    0,00    0,00    0,00    0,00
02:59:49      20    0,00    0,00    0,00    0,00    0,00  100,00    0,00    0,00    0,00    0,00
02:59:49      21    0,00    0,00    0,00    0,00    0,00    0,00    0,00    0,00    0,00  100,00
02:59:49      22    0,00    0,00    0,00    0,00    0,00    0,00    0,00    0,00    0,00  100,00
02:59:49      23    0,00    0,00    0,00    0,00    0,00    0,00    0,00    0,00    0,00  100,00

02:59:49     CPU    %usr   %nice    %sys %iowait    %irq   %soft  %steal  %guest  %gnice   %idle
02:59:50     all    0,09    0,00    0,00    0,17    0,00   26,25    0,00    0,00    0,00   73,49
02:59:50       0    0,00    0,00    0,00    0,00    0,00   67,07    0,00    0,00    0,00   32,93
02:59:50       1    0,00    0,00    0,00    0,00    0,00    0,00    0,00    0,00    0,00  100,00
02:59:50       2    0,00    0,00    0,00    0,00    0,00    0,00    0,00    0,00    0,00  100,00
02:59:50       3    0,00    0,00    0,00    0,00    0,00  100,00    0,00    0,00    0,00    0,00
02:59:50       4    0,00    0,00    0,00    0,00    0,00  100,00    0,00    0,00    0,00    0,00
02:59:50       5    0,00    0,00    0,00    0,00    0,00    0,00    0,00    0,00    0,00  100,00
02:59:50       6    0,00    0,00    0,00    0,00    0,00    0,00    0,00    0,00    0,00  100,00
02:59:50       7    0,00    0,00    0,00    0,00    0,00   64,56    0,00    0,00    0,00   35,44
02:59:50       8    0,00    0,00    0,00    1,00    0,00    0,00    0,00    0,00    0,00   99,00
02:59:50       9    1,00    0,00    0,00    0,00    0,00    0,00    0,00    0,00    0,00   99,00
02:59:50      10    0,00    0,00    0,00    0,00    0,00    0,00    0,00    0,00    0,00  100,00
02:59:50      11    0,00    0,00    0,00    0,00    0,00   67,11    0,00    0,00    0,00   32,89
02:59:50      12    0,00    0,00    0,00    0,00    0,00   66,67    0,00    0,00    0,00   33,33
02:59:50      13    0,00    0,00    0,00    0,00    0,00    0,00    0,00    0,00    0,00  100,00
02:59:50      14    0,00    0,00    0,00    0,00    0,00    0,00    0,00    0,00    0,00  100,00
02:59:50      15    0,00    0,00    0,00    0,00    0,00    0,00    0,00    0,00    0,00  100,00
02:59:50      16    0,00    0,00    0,00    0,00    0,00    0,00    0,00    0,00    0,00  100,00
02:59:50      17    0,00    0,00    0,00    0,00    0,00    0,00    0,00    0,00    0,00  100,00
02:59:50      18    0,00    0,00    0,00    1,00    0,00    0,00    0,00    0,00    0,00   99,00
02:59:50      19    0,00    0,00    0,00    0,00    0,00  100,00    0,00    0,00    0,00    0,00
02:59:50      20    0,00    0,00    0,00    0,00    0,00  100,00    0,00    0,00    0,00    0,00
02:59:50      21    0,00    0,00    0,00    0,00    0,00    0,00    0,00    0,00    0,00  100,00
02:59:50      22    0,99    0,00    0,00    0,00    0,00    0,00    0,00    0,00    0,00   99,01
02:59:50      23    0,00    0,00    0,00    2,00    0,00    0,00    0,00    0,00    0,00   98,00

02:59:50     CPU    %usr   %nice    %sys %iowait    %irq   %soft  %steal  %guest  %gnice   %idle
02:59:51     all    0,00    0,00    0,04    0,00    0,00   26,06    0,00    0,00    0,00   73,89
02:59:51       0    0,00    0,00    0,00    0,00    0,00   67,47    0,00    0,00    0,00   32,53
02:59:51       1    0,00    0,00    0,00    0,00    0,00    0,00    0,00    0,00    0,00  100,00
02:59:51       2    0,00    0,00    0,00    0,00    0,00    0,00    0,00    0,00    0,00  100,00
02:59:51       3    0,00    0,00    0,00    0,00    0,00  100,00    0,00    0,00    0,00    0,00
02:59:51       4    0,00    0,00    0,00    0,00    0,00  100,00    0,00    0,00    0,00    0,00
02:59:51       5    0,00    0,00    0,00    0,00    0,00    0,00    0,00    0,00    0,00  100,00
02:59:51       6    0,00    0,00    0,00    0,00    0,00    0,00    0,00    0,00    0,00  100,00
02:59:51       7    0,00    0,00    0,00    0,00    0,00   62,86    0,00    0,00    0,00   37,14
02:59:51       8    0,00    0,00    0,00    0,00    0,00    0,00    0,00    0,00    0,00  100,00
02:59:51       9    0,00    0,00    0,00    0,00    0,00    0,00    0,00    0,00    0,00  100,00
02:59:51      10    0,00    0,00    0,99    0,00    0,00    0,00    0,00    0,00    0,00   99,01
02:59:51      11    0,00    0,00    0,00    0,00    0,00   66,20    0,00    0,00    0,00   33,80
02:59:51      12    0,00    0,00    0,00    0,00    0,00   67,09    0,00    0,00    0,00   32,91
02:59:51      13    0,00    0,00    0,00    0,00    0,00    0,00    0,00    0,00    0,00  100,00
02:59:51      14    0,00    0,00    0,00    0,00    0,00    0,00    0,00    0,00    0,00  100,00
02:59:51      15    0,00    0,00    0,00    0,00    0,00    0,00    0,00    0,00    0,00  100,00
02:59:51      16    0,00    0,00    0,00    0,00    0,00    0,00    0,00    0,00    0,00  100,00
02:59:51      17    0,00    0,00    0,00    0,00    0,00    0,00    0,00    0,00    0,00  100,00
02:59:51      18    0,00    0,00    0,00    0,00    0,00    0,00    0,00    0,00    0,00  100,00
02:59:51      19    0,00    0,00    0,00    0,00    0,00  100,00    0,00    0,00    0,00    0,00
02:59:51      20    0,00    0,00    0,00    0,00    0,00  100,00    0,00    0,00    0,00    0,00
02:59:51      21    0,00    0,00    0,00    0,00    0,00    0,00    0,00    0,00    0,00  100,00
02:59:51      22    0,00    0,00    0,00    0,00    0,00    0,00    0,00    0,00    0,00  100,00
02:59:51      23    0,00    0,00    0,00    0,00    0,00    0,00    0,00    0,00    0,00  100,00

02:59:51     CPU    %usr   %nice    %sys %iowait    %irq   %soft  %steal  %guest  %gnice   %idle
02:59:52     all    0,00    0,00    0,09    0,04    0,00   26,15    0,00    0,00    0,00   73,72
02:59:52       0    0,00    0,00    0,00    0,00    0,00   66,67    0,00    0,00    0,00   33,33
02:59:52       1    0,00    0,00    0,00    0,00    0,00    0,00    0,00    0,00    0,00  100,00
02:59:52       2    0,00    0,00    0,00    0,00    0,00    0,00    0,00    0,00    0,00  100,00
02:59:52       3    0,00    0,00    0,00    0,00    0,00  100,00    0,00    0,00    0,00    0,00
02:59:52       4    0,00    0,00    0,00    0,00    0,00  100,00    0,00    0,00    0,00    0,00
02:59:52       5    0,00    0,00    0,00    0,00    0,00    0,00    0,00    0,00    0,00  100,00
02:59:52       6    0,00    0,00    0,00    0,00    0,00    0,00    0,00    0,00    0,00  100,00
02:59:52       7    0,00    0,00    1,32    0,00    0,00   64,47    0,00    0,00    0,00   34,21
02:59:52       8    0,00    0,00    0,00    0,00    0,00    0,00    0,00    0,00    0,00  100,00
02:59:52       9    0,00    0,00    0,00    0,00    0,00    0,00    0,00    0,00    0,00  100,00
02:59:52      10    0,00    0,00    0,00    0,00    0,00    0,00    0,00    0,00    0,00  100,00
02:59:52      11    0,00    0,00    0,00    0,00    0,00   66,67    0,00    0,00    0,00   33,33
02:59:52      12    0,00    0,00    0,00    0,00    0,00   67,53    0,00    0,00    0,00   32,47
02:59:52      13    0,00    0,00    0,00    0,00    0,00    0,00    0,00    0,00    0,00  100,00
02:59:52      14    0,00    0,00    0,00    1,00    0,00    0,00    0,00    0,00    0,00   99,00
02:59:52      15    0,00    0,00    0,00    0,00    0,00    0,00    0,00    0,00    0,00  100,00
02:59:52      16    0,00    0,00    0,00    0,00    0,00    0,00    0,00    0,00    0,00  100,00
02:59:52      17    0,00    0,00    0,00    0,00    0,00    0,00    0,00    0,00    0,00  100,00
02:59:52      18    0,00    0,00    0,00    0,00    0,00    0,00    0,00    0,00    0,00  100,00
02:59:52      19    0,00    0,00    0,00    0,00    0,00  100,00    0,00    0,00    0,00    0,00
02:59:52      20    0,00    0,00    0,00    0,00    0,00  100,00    0,00    0,00    0,00    0,00
02:59:52      21    0,00    0,00    0,99    0,00    0,00    0,00    0,00    0,00    0,00   99,01
02:59:52      22    0,00    0,00    0,00    0,00    0,00    0,00    0,00    0,00    0,00  100,00
02:59:52      23    0,00    0,00    0,00    0,00    0,00    0,00    0,00    0,00    0,00  100,00

02:59:52     CPU    %usr   %nice    %sys %iowait    %irq   %soft  %steal  %guest  %gnice   %idle
02:59:53     all    0,00    0,00    0,00    0,00    0,00   26,33    0,00    0,00    0,00   73,67
02:59:53       0    0,00    0,00    0,00    0,00    0,00   65,85    0,00    0,00    0,00   34,15
02:59:53       1    0,00    0,00    0,00    0,00    0,00    0,00    0,00    0,00    0,00  100,00
02:59:53       2    0,00    0,00    0,00    0,00    0,00    0,00    0,00    0,00    0,00  100,00
02:59:53       3    0,00    0,00    0,00    0,00    0,00  100,00    0,00    0,00    0,00    0,00
02:59:53       4    0,00    0,00    0,00    0,00    0,00  100,00    0,00    0,00    0,00    0,00
02:59:53       5    0,00    0,00    0,00    0,00    0,00    0,00    0,00    0,00    0,00  100,00
02:59:53       6    0,00    0,00    0,00    0,00    0,00    0,00    0,00    0,00    0,00  100,00
02:59:53       7    0,00    0,00    0,00    0,00    0,00   66,23    0,00    0,00    0,00   33,77
02:59:53       8    0,00    0,00    0,00    0,00    0,00    0,00    0,00    0,00    0,00  100,00
02:59:53       9    0,00    0,00    0,00    0,00    0,00    0,00    0,00    0,00    0,00  100,00
02:59:53      10    0,00    0,00    0,00    0,00    0,00    0,00    0,00    0,00    0,00  100,00
02:59:53      11    0,00    0,00    0,00    0,00    0,00   67,12    0,00    0,00    0,00   32,88
02:59:53      12    0,00    0,00    0,00    0,00    0,00   68,35    0,00    0,00    0,00   31,65
02:59:53      13    0,00    0,00    0,00    0,00    0,00    0,00    0,00    0,00    0,00  100,00
02:59:53      14    0,00    0,00    0,00    0,00    0,00    0,00    0,00    0,00    0,00  100,00
02:59:53      15    0,00    0,00    0,00    0,00    0,00    0,00    0,00    0,00    0,00  100,00
02:59:53      16    0,00    0,00    0,00    0,00    0,00    0,00    0,00    0,00    0,00  100,00
02:59:53      17    0,00    0,00    0,00    0,00    0,00    0,00    0,00    0,00    0,00  100,00
02:59:53      18    0,00    0,00    0,00    0,00    0,00    0,00    0,00    0,00    0,00  100,00
02:59:53      19    0,00    0,00    0,00    0,00    0,00  100,00    0,00    0,00    0,00    0,00
02:59:53      20    0,00    0,00    0,00    0,00    0,00  100,00    0,00    0,00    0,00    0,00
02:59:53      21    0,00    0,00    0,00    0,00    0,00    0,00    0,00    0,00    0,00  100,00
02:59:53      22    0,00    0,00    0,00    0,00    0,00    0,00    0,00    0,00    0,00  100,00
02:59:53      23    0,00    0,00    0,00    0,00    0,00    0,00    0,00    0,00    0,00  100,00

02:59:53     CPU    %usr   %nice    %sys %iowait    %irq   %soft  %steal  %guest  %gnice   %idle
02:59:54     all    0,04    0,00    0,04    0,00    0,00   27,82    0,00    0,00    0,00   72,10
02:59:54       0    0,00    0,00    0,00    0,00    0,00   74,71    0,00    0,00    0,00   25,29
02:59:54       1    0,00    0,00    0,00    0,00    0,00    0,00    0,00    0,00    0,00  100,00
02:59:54       2    0,00    0,00    0,00    0,00    0,00    0,00    0,00    0,00    0,00  100,00
02:59:54       3    0,00    0,00    0,00    0,00    0,00  100,00    0,00    0,00    0,00    0,00
02:59:54       4    0,00    0,00    0,00    0,00    0,00  100,00    0,00    0,00    0,00    0,00
02:59:54       5    0,00    0,00    0,00    0,00    0,00    0,00    0,00    0,00    0,00  100,00
02:59:54       6    0,00    0,00    0,00    0,00    0,00    0,00    0,00    0,00    0,00  100,00
02:59:54       7    0,00    0,00    0,00    0,00    0,00   73,49    0,00    0,00    0,00   26,51
02:59:54       8    0,00    0,00    0,00    0,00    0,00    0,00    0,00    0,00    0,00  100,00
02:59:54       9    0,00    0,00    0,00    0,00    0,00    0,00    0,00    0,00    0,00  100,00
02:59:54      10    0,00    0,00    0,00    0,00    0,00    0,00    0,00    0,00    0,00  100,00
02:59:54      11    0,00    0,00    0,00    0,00    0,00   75,61    0,00    0,00    0,00   24,39
02:59:54      12    0,00    0,00    0,00    0,00    0,00   75,31    0,00    0,00    0,00   24,69
02:59:54      13    0,00    0,00    0,00    0,00    0,00    0,00    0,00    0,00    0,00  100,00
02:59:54      14    0,00    0,00    0,00    0,00    0,00    0,00    0,00    0,00    0,00  100,00
02:59:54      15    0,00    0,00    0,00    0,00    0,00    0,00    0,00    0,00    0,00  100,00
02:59:54      16    0,00    0,00    0,00    0,00    0,00    0,00    0,00    0,00    0,00  100,00
02:59:54      17    0,00    0,00    0,00    0,00    0,00    0,00    0,00    0,00    0,00  100,00
02:59:54      18    0,00    0,00    0,00    0,00    0,00    0,00    0,00    0,00    0,00  100,00
02:59:54      19    0,00    0,00    0,00    0,00    0,00  100,00    0,00    0,00    0,00    0,00
02:59:54      20    0,00    0,00    0,00    0,00    0,00  100,00    0,00    0,00    0,00    0,00
02:59:54      21    0,99    0,00    0,00    0,00    0,00    0,00    0,00    0,00    0,00   99,01
02:59:54      22    0,00    0,00    0,00    0,00    0,00    0,00    0,00    0,00    0,00  100,00
02:59:54      23    0,00    0,00    0,99    0,00    0,00    0,00    0,00    0,00    0,00   99,01

02:59:54     CPU    %usr   %nice    %sys %iowait    %irq   %soft  %steal  %guest  %gnice   %idle
02:59:55     all    0,00    0,00    0,00    0,00    0,00   32,14    0,00    0,00    0,00   67,86
02:59:55       0    0,00    0,00    0,00    0,00    0,00   92,71    0,00    0,00    0,00    7,29
02:59:55       1    0,00    0,00    0,00    0,00    0,00    0,00    0,00    0,00    0,00  100,00
02:59:55       2    0,00    0,00    0,00    0,00    0,00    0,00    0,00    0,00    0,00  100,00
02:59:55       3    0,00    0,00    0,00    0,00    0,00  100,00    0,00    0,00    0,00    0,00
02:59:55       4    0,00    0,00    0,00    0,00    0,00  100,00    0,00    0,00    0,00    0,00
02:59:55       5    0,00    0,00    0,00    0,00    0,00    0,00    0,00    0,00    0,00  100,00
02:59:55       6    0,00    0,00    0,00    0,00    0,00    0,00    0,00    0,00    0,00  100,00
02:59:55       7    0,00    0,00    0,00    0,00    0,00   91,11    0,00    0,00    0,00    8,89
02:59:55       8    0,00    0,00    0,00    0,00    0,00    0,00    0,00    0,00    0,00  100,00
02:59:55       9    0,00    0,00    0,00    0,00    0,00    0,00    0,00    0,00    0,00  100,00
02:59:55      10    0,00    0,00    0,00    0,00    0,00    0,00    0,00    0,00    0,00  100,00
02:59:55      11    0,00    0,00    0,00    0,00    0,00   97,98    0,00    0,00    0,00    2,02
02:59:55      12    0,00    0,00    0,00    0,00    0,00   98,99    0,00    0,00    0,00    1,01
02:59:55      13    0,00    0,00    0,00    0,00    0,00    0,00    0,00    0,00    0,00  100,00
02:59:55      14    0,00    0,00    0,00    0,00    0,00    0,00    0,00    0,00    0,00  100,00
02:59:55      15    0,00    0,00    0,00    0,00    0,00    0,00    0,00    0,00    0,00  100,00
02:59:55      16    0,00    0,00    0,00    0,00    0,00    0,00    0,00    0,00    0,00  100,00
02:59:55      17    0,00    0,00    0,00    0,00    0,00    0,00    0,00    0,00    0,00  100,00
02:59:55      18    0,00    0,00    0,00    0,00    0,00    0,00    0,00    0,00    0,00  100,00
02:59:55      19    0,00    0,00    0,00    0,00    0,00  100,00    0,00    0,00    0,00    0,00
02:59:55      20    0,00    0,00    0,00    0,00    0,00  100,00    0,00    0,00    0,00    0,00
02:59:55      21    0,00    0,00    0,00    0,00    0,00    0,00    0,00    0,00    0,00  100,00
02:59:55      22    0,00    0,00    0,00    0,00    0,00    0,00    0,00    0,00    0,00  100,00
02:59:55      23    0,00    0,00    0,00    0,00    0,00    0,00    0,00    0,00    0,00  100,00

02:59:55     CPU    %usr   %nice    %sys %iowait    %irq   %soft  %steal  %guest  %gnice   %idle
02:59:56     all    0,04    0,00    0,04    0,13    0,00   32,17    0,00    0,00    0,00   67,62
02:59:56       0    0,00    0,00    0,00    0,00    0,00   90,62    0,00    0,00    0,00    9,38
02:59:56       1    0,00    0,00    0,00    0,00    0,00    0,00    0,00    0,00    0,00  100,00
02:59:56       2    0,00    0,00    0,00    0,00    0,00    0,00    0,00    0,00    0,00  100,00
02:59:56       3    0,00    0,00    0,00    0,00    0,00  100,00    0,00    0,00    0,00    0,00
02:59:56       4    0,00    0,00    0,00    0,00    0,00  100,00    0,00    0,00    0,00    0,00
02:59:56       5    0,00    0,00    0,00    0,00    0,00    0,00    0,00    0,00    0,00  100,00
02:59:56       6    0,00    0,00    0,00    0,00    0,00    0,00    0,00    0,00    0,00  100,00
02:59:56       7    0,00    0,00    0,00    0,00    0,00   90,11    0,00    0,00    0,00    9,89
02:59:56       8    0,00    0,00    0,00    0,00    0,00    0,00    0,00    0,00    0,00  100,00
02:59:56       9    0,00    0,00    0,00    0,00    0,00    0,00    0,00    0,00    0,00  100,00
02:59:56      10    0,00    0,00    0,00    0,00    0,00    0,00    0,00    0,00    0,00  100,00
02:59:56      11    0,00    0,00    0,00    0,00    0,00  100,00    0,00    0,00    0,00    0,00
02:59:56      12    0,00    0,00    0,00    0,00    0,00  100,00    0,00    0,00    0,00    0,00
02:59:56      13    0,00    0,00    0,00    0,00    0,00    0,00    0,00    0,00    0,00  100,00
02:59:56      14    0,00    0,00    0,00    0,00    0,00    0,00    0,00    0,00    0,00  100,00
02:59:56      15    0,00    0,00    0,00    0,00    0,00    0,00    0,00    0,00    0,00  100,00
02:59:56      16    0,00    0,00    0,00    1,00    0,00    0,00    0,00    0,00    0,00   99,00
02:59:56      17    0,00    0,00    0,00    1,00    0,00    0,00    0,00    0,00    0,00   99,00
02:59:56      18    0,98    0,00    0,98    0,00    0,00    0,00    0,00    0,00    0,00   98,04
02:59:56      19    0,00    0,00    0,00    0,00    0,00  100,00    0,00    0,00    0,00    0,00
02:59:56      20    0,00    0,00    0,00    0,00    0,00  100,00    0,00    0,00    0,00    0,00
02:59:56      21    0,00    0,00    0,00    0,00    0,00    0,00    0,00    0,00    0,00  100,00
02:59:56      22    0,00    0,00    0,00    0,00    0,00    0,00    0,00    0,00    0,00  100,00
02:59:56      23    0,00    0,00    0,00    1,01    0,00    0,00    0,00    0,00    0,00   98,99

02:59:56     CPU    %usr   %nice    %sys %iowait    %irq   %soft  %steal  %guest  %gnice   %idle
02:59:57     all    0,00    0,00    0,00    0,00    0,00   32,29    0,00    0,00    0,00   67,71
02:59:57       0    0,00    0,00    0,00    0,00    0,00   89,58    0,00    0,00    0,00   10,42
02:59:57       1    0,00    0,00    0,00    0,00    0,00    0,00    0,00    0,00    0,00  100,00
02:59:57       2    0,00    0,00    0,00    0,00    0,00    0,00    0,00    0,00    0,00  100,00
02:59:57       3    0,00    0,00    0,00    0,00    0,00  100,00    0,00    0,00    0,00    0,00
02:59:57       4    0,00    0,00    0,00    0,00    0,00  100,00    0,00    0,00    0,00    0,00
02:59:57       5    0,00    0,00    0,00    0,00    0,00    0,00    0,00    0,00    0,00  100,00
02:59:57       6    0,00    0,00    0,00    0,00    0,00    0,00    0,00    0,00    0,00  100,00
02:59:57       7    0,00    0,00    0,00    0,00    0,00   90,32    0,00    0,00    0,00    9,68
02:59:57       8    0,00    0,00    0,00    0,00    0,00    0,00    0,00    0,00    0,00  100,00
02:59:57       9    0,00    0,00    0,00    0,00    0,00    0,00    0,00    0,00    0,00  100,00
02:59:57      10    0,00    0,00    0,00    0,00    0,00    0,00    0,00    0,00    0,00  100,00
02:59:57      11    0,00    0,00    0,00    0,00    0,00  100,00    0,00    0,00    0,00    0,00
02:59:57      12    0,00    0,00    0,00    0,00    0,00  100,00    0,00    0,00    0,00    0,00
02:59:57      13    0,00    0,00    0,00    0,00    0,00    0,00    0,00    0,00    0,00  100,00
02:59:57      14    0,00    0,00    0,00    0,00    0,00    0,00    0,00    0,00    0,00  100,00
02:59:57      15    0,00    0,00    0,00    0,00    0,00    0,00    0,00    0,00    0,00  100,00
02:59:57      16    0,00    0,00    0,00    0,00    0,00    0,00    0,00    0,00    0,00  100,00
02:59:57      17    0,00    0,00    0,00    0,00    0,00    0,00    0,00    0,00    0,00  100,00
02:59:57      18    0,00    0,00    0,00    0,00    0,00    0,00    0,00    0,00    0,00  100,00
02:59:57      19    0,00    0,00    0,00    0,00    0,00  100,00    0,00    0,00    0,00    0,00
02:59:57      20    0,00    0,00    0,00    0,00    0,00  100,00    0,00    0,00    0,00    0,00
02:59:57      21    0,00    0,00    0,00    0,00    0,00    0,00    0,00    0,00    0,00  100,00
02:59:57      22    0,00    0,00    0,00    0,00    0,00    0,00    0,00    0,00    0,00  100,00
02:59:57      23    0,00    0,00    0,00    0,00    0,00    0,00    0,00    0,00    0,00  100,00

02:59:57     CPU    %usr   %nice    %sys %iowait    %irq   %soft  %steal  %guest  %gnice   %idle
02:59:58     all    0,00    0,00    0,04    0,00    0,00   32,22    0,00    0,00    0,00   67,74
02:59:58       0    0,00    0,00    0,00    0,00    0,00   90,62    0,00    0,00    0,00    9,38
02:59:58       1    0,00    0,00    0,00    0,00    0,00    0,00    0,00    0,00    0,00  100,00
02:59:58       2    0,00    0,00    0,00    0,00    0,00    0,00    0,00    0,00    0,00  100,00
02:59:58       3    0,00    0,00    0,00    0,00    0,00  100,00    0,00    0,00    0,00    0,00
02:59:58       4    0,00    0,00    0,00    0,00    0,00  100,00    0,00    0,00    0,00    0,00
02:59:58       5    0,00    0,00    0,00    0,00    0,00    0,00    0,00    0,00    0,00  100,00
02:59:58       6    0,00    0,00    0,00    0,00    0,00    0,00    0,00    0,00    0,00  100,00
02:59:58       7    0,00    0,00    0,00    0,00    0,00   91,21    0,00    0,00    0,00    8,79
02:59:58       8    0,00    0,00    0,00    0,00    0,00    0,00    0,00    0,00    0,00  100,00
02:59:58       9    0,00    0,00    0,00    0,00    0,00    0,00    0,00    0,00    0,00  100,00
02:59:58      10    0,00    0,00    0,00    0,00    0,00    0,00    0,00    0,00    0,00  100,00
02:59:58      11    0,00    0,00    0,00    0,00    0,00   99,00    0,00    0,00    0,00    1,00
02:59:58      12    0,00    0,00    0,00    0,00    0,00  100,00    0,00    0,00    0,00    0,00
02:59:58      13    0,00    0,00    0,00    0,00    0,00    0,00    0,00    0,00    0,00  100,00
02:59:58      14    0,00    0,00    0,00    0,00    0,00    0,00    0,00    0,00    0,00  100,00
02:59:58      15    0,00    0,00    0,00    0,00    0,00    0,00    0,00    0,00    0,00  100,00
02:59:58      16    0,00    0,00    0,99    0,00    0,00    0,00    0,00    0,00    0,00   99,01
02:59:58      17    0,00    0,00    0,00    0,00    0,00    0,00    0,00    0,00    0,00  100,00
02:59:58      18    0,00    0,00    0,00    0,00    0,00    0,00    0,00    0,00    0,00  100,00
02:59:58      19    0,00    0,00    0,00    0,00    0,00  100,00    0,00    0,00    0,00    0,00
02:59:58      20    0,00    0,00    0,00    0,00    0,00  100,00    0,00    0,00    0,00    0,00
02:59:58      21    0,00    0,00    0,00    0,00    0,00    0,00    0,00    0,00    0,00  100,00
02:59:58      22    0,00    0,00    0,00    0,00    0,00    0,00    0,00    0,00    0,00  100,00
02:59:58      23    0,00    0,00    0,00    0,00    0,00    0,00    0,00    0,00    0,00  100,00

02:59:58     CPU    %usr   %nice    %sys %iowait    %irq   %soft  %steal  %guest  %gnice   %idle
02:59:59     all    0,00    0,00    0,00    0,00    0,00   32,23    0,00    0,00    0,00   67,77
02:59:59       0    0,00    0,00    0,00    0,00    0,00   91,58    0,00    0,00    0,00    8,42
02:59:59       1    0,00    0,00    0,00    0,00    0,00    0,00    0,00    0,00    0,00  100,00
02:59:59       2    0,00    0,00    0,00    0,00    0,00    0,00    0,00    0,00    0,00  100,00
02:59:59       3    0,00    0,00    0,00    0,00    0,00  100,00    0,00    0,00    0,00    0,00
02:59:59       4    0,00    0,00    0,00    0,00    0,00  100,00    0,00    0,00    0,00    0,00
02:59:59       5    0,00    0,00    0,00    0,00    0,00    0,00    0,00    0,00    0,00  100,00
02:59:59       6    0,00    0,00    0,00    0,00    0,00    0,00    0,00    0,00    0,00  100,00
02:59:59       7    0,00    0,00    0,00    0,00    0,00   91,11    0,00    0,00    0,00    8,89
02:59:59       8    0,00    0,00    0,00    0,00    0,00    0,00    0,00    0,00    0,00  100,00
02:59:59       9    0,00    0,00    0,00    0,00    0,00    0,00    0,00    0,00    0,00  100,00
02:59:59      10    0,00    0,00    0,00    0,00    0,00    0,00    0,00    0,00    0,00  100,00
02:59:59      11    0,00    0,00    0,00    0,00    0,00  100,00    0,00    0,00    0,00    0,00
02:59:59      12    0,00    0,00    0,00    0,00    0,00  100,00    0,00    0,00    0,00    0,00
02:59:59      13    0,00    0,00    0,00    0,00    0,00    0,00    0,00    0,00    0,00  100,00
02:59:59      14    0,00    0,00    0,00    0,00    0,00    0,00    0,00    0,00    0,00  100,00
02:59:59      15    0,00    0,00    0,00    0,00    0,00    0,00    0,00    0,00    0,00  100,00
02:59:59      16    0,00    0,00    0,00    0,00    0,00    0,00    0,00    0,00    0,00  100,00
02:59:59      17    0,00    0,00    0,00    0,00    0,00    0,00    0,00    0,00    0,00  100,00
02:59:59      18    0,00    0,00    0,00    0,00    0,00    0,00    0,00    0,00    0,00  100,00
02:59:59      19    0,00    0,00    0,00    0,00    0,00  100,00    0,00    0,00    0,00    0,00
02:59:59      20    0,00    0,00    0,00    0,00    0,00  100,00    0,00    0,00    0,00    0,00
02:59:59      21    0,00    0,00    0,00    0,00    0,00    0,00    0,00    0,00    0,00  100,00
02:59:59      22    0,00    0,00    0,00    0,00    0,00    0,00    0,00    0,00    0,00  100,00
02:59:59      23    0,00    0,00    0,00    0,00    0,00    0,00    0,00    0,00    0,00  100,00

02:59:59     CPU    %usr   %nice    %sys %iowait    %irq   %soft  %steal  %guest  %gnice   %idle
03:00:00     all    0,00    0,00    0,04    0,00    0,00   32,16    0,00    0,00    0,00   67,80
03:00:00       0    0,00    0,00    0,00    0,00    0,00   90,62    0,00    0,00    0,00    9,38
03:00:00       1    0,00    0,00    0,00    0,00    0,00    0,00    0,00    0,00    0,00  100,00
03:00:00       2    0,00    0,00    0,00    0,00    0,00    0,00    0,00    0,00    0,00  100,00
03:00:00       3    0,00    0,00    0,00    0,00    0,00  100,00    0,00    0,00    0,00    0,00
03:00:00       4    0,00    0,00    0,00    0,00    0,00  100,00    0,00    0,00    0,00    0,00
03:00:00       5    0,00    0,00    0,00    0,00    0,00    0,00    0,00    0,00    0,00  100,00
03:00:00       6    0,00    0,00    0,00    0,00    0,00    0,00    0,00    0,00    0,00  100,00
03:00:00       7    0,00    0,00    0,00    0,00    0,00   90,00    0,00    0,00    0,00   10,00
03:00:00       8    0,00    0,00    0,00    0,00    0,00    0,00    0,00    0,00    0,00  100,00
03:00:00       9    0,00    0,00    0,00    0,00    0,00    0,00    0,00    0,00    0,00  100,00
03:00:00      10    0,00    0,00    0,00    0,00    0,00    0,00    0,00    0,00    0,00  100,00
03:00:00      11    0,00    0,00    0,00    0,00    0,00  100,00    0,00    0,00    0,00    0,00
03:00:00      12    0,00    0,00    0,00    0,00    0,00  100,00    0,00    0,00    0,00    0,00
03:00:00      13    0,00    0,00    0,00    0,00    0,00    0,00    0,00    0,00    0,00  100,00
03:00:00      14    0,00    0,00    0,00    0,00    0,00    0,00    0,00    0,00    0,00  100,00
03:00:00      15    0,00    0,00    0,00    0,00    0,00    0,00    0,00    0,00    0,00  100,00
03:00:00      16    0,00    0,00    0,00    0,00    0,00    0,00    0,00    0,00    0,00  100,00
03:00:00      17    0,00    0,00    0,00    0,00    0,00    0,00    0,00    0,00    0,00  100,00
03:00:00      18    0,00    0,00    0,00    0,00    0,00    0,00    0,00    0,00    0,00  100,00
03:00:00      19    0,00    0,00    0,00    0,00    0,00  100,00    0,00    0,00    0,00    0,00
03:00:00      20    0,00    0,00    0,00    0,00    0,00  100,00    0,00    0,00    0,00    0,00
03:00:00      21    0,00    0,00    0,00    0,00    0,00    0,00    0,00    0,00    0,00  100,00
03:00:00      22    0,00    0,00    0,99    0,00    0,00    0,00    0,00    0,00    0,00   99,01
03:00:00      23    0,00    0,00    0,00    0,00    0,00    0,00    0,00    0,00    0,00  100,00

03:00:00     CPU    %usr   %nice    %sys %iowait    %irq   %soft  %steal  %guest  %gnice   %idle
03:00:01     all    0,00    0,00    0,00    0,04    0,00   32,24    0,00    0,00    0,00   67,71
03:00:01       0    0,00    0,00    0,00    0,00    0,00   90,62    0,00    0,00    0,00    9,38
03:00:01       1    0,00    0,00    0,00    0,00    0,00    0,00    0,00    0,00    0,00  100,00
03:00:01       2    0,00    0,00    0,00    0,00    0,00    0,00    0,00    0,00    0,00  100,00
03:00:01       3    0,00    0,00    0,00    0,00    0,00  100,00    0,00    0,00    0,00    0,00
03:00:01       4    0,00    0,00    0,00    0,00    0,00  100,00    0,00    0,00    0,00    0,00
03:00:01       5    0,00    0,00    0,00    0,00    0,00    0,00    0,00    0,00    0,00  100,00
03:00:01       6    0,00    0,00    0,00    0,00    0,00    0,00    0,00    0,00    0,00  100,00
03:00:01       7    0,00    0,00    0,00    0,00    0,00   90,22    0,00    0,00    0,00    9,78
03:00:01       8    0,00    0,00    0,00    0,00    0,00    0,00    0,00    0,00    0,00  100,00
03:00:01       9    0,00    0,00    0,00    0,00    0,00    0,00    0,00    0,00    0,00  100,00
03:00:01      10    0,00    0,00    0,00    0,00    0,00    0,00    0,00    0,00    0,00  100,00
03:00:01      11    0,00    0,00    0,00    0,00    0,00  100,00    0,00    0,00    0,00    0,00
03:00:01      12    0,00    0,00    0,00    0,00    0,00  100,00    0,00    0,00    0,00    0,00
03:00:01      13    0,00    0,00    0,00    0,00    0,00    0,00    0,00    0,00    0,00  100,00
03:00:01      14    0,00    0,00    0,00    0,00    0,00    0,00    0,00    0,00    0,00  100,00
03:00:01      15    0,00    0,00    0,00    0,00    0,00    0,00    0,00    0,00    0,00  100,00
03:00:01      16    0,00    0,00    0,00    0,00    0,00    0,00    0,00    0,00    0,00  100,00
03:00:01      17    0,00    0,00    0,00    0,00    0,00    0,00    0,00    0,00    0,00  100,00
03:00:01      18    0,00    0,00    0,00    0,00    0,00    0,00    0,00    0,00    0,00  100,00
03:00:01      19    0,00    0,00    0,00    0,00    0,00  100,00    0,00    0,00    0,00    0,00
03:00:01      20    0,00    0,00    0,00    0,00    0,00  100,00    0,00    0,00    0,00    0,00
03:00:01      21    0,00    0,00    0,00    0,00    0,00    0,00    0,00    0,00    0,00  100,00
03:00:01      22    0,00    0,00    0,00    0,00    0,00    0,00    0,00    0,00    0,00  100,00
03:00:01      23    0,00    0,00    0,00    1,00    0,00    0,00    0,00    0,00    0,00   99,00

03:00:01     CPU    %usr   %nice    %sys %iowait    %irq   %soft  %steal  %guest  %gnice   %idle
03:00:02     all    0,04    0,00    0,00    0,00    0,00   32,27    0,00    0,00    0,00   67,69
03:00:02       0    0,00    0,00    0,00    0,00    0,00   90,72    0,00    0,00    0,00    9,28
03:00:02       1    0,00    0,00    0,00    0,00    0,00    0,00    0,00    0,00    0,00  100,00
03:00:02       2    0,00    0,00    0,00    0,00    0,00    0,00    0,00    0,00    0,00  100,00
03:00:02       3    0,00    0,00    0,00    0,00    0,00  100,00    0,00    0,00    0,00    0,00
03:00:02       4    0,00    0,00    0,00    0,00    0,00  100,00    0,00    0,00    0,00    0,00
03:00:02       5    0,00    0,00    0,00    0,00    0,00    0,00    0,00    0,00    0,00  100,00
03:00:02       6    0,00    0,00    0,00    0,00    0,00    0,00    0,00    0,00    0,00  100,00
03:00:02       7    0,00    0,00    0,00    0,00    0,00   90,32    0,00    0,00    0,00    9,68
03:00:02       8    0,00    0,00    0,00    0,00    0,00    0,00    0,00    0,00    0,00  100,00
03:00:02       9    0,00    0,00    0,00    0,00    0,00    0,00    0,00    0,00    0,00  100,00
03:00:02      10    0,00    0,00    0,00    0,00    0,00    0,00    0,00    0,00    0,00  100,00
03:00:02      11    0,00    0,00    0,00    0,00    0,00   99,00    0,00    0,00    0,00    1,00
03:00:02      12    0,00    0,00    0,00    0,00    0,00  100,00    0,00    0,00    0,00    0,00
03:00:02      13    0,00    0,00    0,00    0,00    0,00    0,00    0,00    0,00    0,00  100,00
03:00:02      14    0,00    0,00    0,00    0,00    0,00    0,00    0,00    0,00    0,00  100,00
03:00:02      15    0,00    0,00    0,00    0,00    0,00    0,00    0,00    0,00    0,00  100,00
03:00:02      16    0,00    0,00    0,00    0,00    0,00    0,00    0,00    0,00    0,00  100,00
03:00:02      17    0,99    0,00    0,00    0,00    0,00    0,00    0,00    0,00    0,00   99,01
03:00:02      18    0,00    0,00    0,00    0,00    0,00    0,00    0,00    0,00    0,00  100,00
03:00:02      19    0,00    0,00    0,00    0,00    0,00  100,00    0,00    0,00    0,00    0,00
03:00:02      20    0,00    0,00    0,00    0,00    0,00  100,00    0,00    0,00    0,00    0,00
03:00:02      21    0,00    0,00    0,00    0,00    0,00    0,00    0,00    0,00    0,00  100,00
03:00:02      22    0,00    0,00    0,00    0,00    0,00    0,00    0,00    0,00    0,00  100,00
03:00:02      23    0,00    0,00    0,00    0,00    0,00    0,00    0,00    0,00    0,00  100,00

03:00:02     CPU    %usr   %nice    %sys %iowait    %irq   %soft  %steal  %guest  %gnice   %idle
03:00:03     all    0,04    0,00    0,04    0,00    0,00   32,14    0,00    0,00    0,00   67,77
03:00:03       0    0,00    0,00    0,00    0,00    0,00   91,49    0,00    0,00    0,00    8,51
03:00:03       1    0,00    0,00    0,00    0,00    0,00    0,00    0,00    0,00    0,00  100,00
03:00:03       2    0,00    0,00    0,00    0,00    0,00    0,00    0,00    0,00    0,00  100,00
03:00:03       3    0,00    0,00    0,00    0,00    0,00  100,00    0,00    0,00    0,00    0,00
03:00:03       4    0,00    0,00    0,00    0,00    0,00  100,00    0,00    0,00    0,00    0,00
03:00:03       5    0,00    0,00    0,00    0,00    0,00    0,00    0,00    0,00    0,00  100,00
03:00:03       6    0,00    0,00    0,00    0,00    0,00    0,00    0,00    0,00    0,00  100,00
03:00:03       7    0,00    0,00    0,00    0,00    0,00   91,01    0,00    0,00    0,00    8,99
03:00:03       8    0,00    0,00    0,00    0,00    0,00    0,00    0,00    0,00    0,00  100,00
03:00:03       9    0,00    0,00    0,00    0,00    0,00    0,00    0,00    0,00    0,00  100,00
03:00:03      10    0,99    0,00    0,00    0,00    0,00    0,00    0,00    0,00    0,00   99,01
03:00:03      11    0,00    0,00    0,00    0,00    0,00  100,00    0,00    0,00    0,00    0,00
03:00:03      12    0,00    0,00    0,00    0,00    0,00  100,00    0,00    0,00    0,00    0,00
03:00:03      13    0,00    0,00    0,00    0,00    0,00    0,00    0,00    0,00    0,00  100,00
03:00:03      14    0,00    0,00    0,00    0,00    0,00    0,00    0,00    0,00    0,00  100,00
03:00:03      15    0,00    0,00    0,00    0,00    0,00    0,00    0,00    0,00    0,00  100,00
03:00:03      16    0,00    0,00    0,00    0,00    0,00    0,00    0,00    0,00    0,00  100,00
03:00:03      17    0,00    0,00    0,99    0,00    0,00    0,00    0,00    0,00    0,00   99,01
03:00:03      18    0,00    0,00    0,00    0,00    0,00    0,00    0,00    0,00    0,00  100,00
03:00:03      19    0,00    0,00    0,00    0,00    0,00  100,00    0,00    0,00    0,00    0,00
03:00:03      20    0,00    0,00    0,00    0,00    0,00  100,00    0,00    0,00    0,00    0,00
03:00:03      21    0,00    0,00    0,00    0,00    0,00    0,00    0,00    0,00    0,00  100,00
03:00:03      22    0,00    0,00    0,00    0,00    0,00    0,00    0,00    0,00    0,00  100,00
03:00:03      23    0,00    0,00    0,00    0,00    0,00    0,00    0,00    0,00    0,00  100,00

03:00:03     CPU    %usr   %nice    %sys %iowait    %irq   %soft  %steal  %guest  %gnice   %idle
03:00:04     all    0,00    0,00    0,04    0,00    0,00   32,23    0,00    0,00    0,00   67,73
03:00:04       0    0,00    0,00    0,00    0,00    0,00   90,82    0,00    0,00    0,00    9,18
03:00:04       1    0,00    0,00    0,00    0,00    0,00    0,00    0,00    0,00    0,00  100,00
03:00:04       2    0,00    0,00    0,00    0,00    0,00    0,00    0,00    0,00    0,00  100,00
03:00:04       3    0,00    0,00    0,00    0,00    0,00  100,00    0,00    0,00    0,00    0,00
03:00:04       4    0,00    0,00    0,00    0,00    0,00  100,00    0,00    0,00    0,00    0,00
03:00:04       5    0,00    0,00    0,00    0,00    0,00    0,00    0,00    0,00    0,00  100,00
03:00:04       6    0,00    0,00    0,00    0,00    0,00    0,00    0,00    0,00    0,00  100,00
03:00:04       7    0,00    0,00    0,00    0,00    0,00   90,00    0,00    0,00    0,00   10,00
03:00:04       8    0,00    0,00    0,00    0,00    0,00    0,00    0,00    0,00    0,00  100,00
03:00:04       9    0,00    0,00    0,00    0,00    0,00    0,00    0,00    0,00    0,00  100,00
03:00:04      10    0,00    0,00    0,00    0,00    0,00    0,00    0,00    0,00    0,00  100,00
03:00:04      11    0,00    0,00    0,00    0,00    0,00  100,00    0,00    0,00    0,00    0,00
03:00:04      12    0,00    0,00    0,99    0,00    0,00   99,01    0,00    0,00    0,00    0,00
03:00:04      13    0,00    0,00    0,00    0,00    0,00    0,00    0,00    0,00    0,00  100,00
03:00:04      14    0,00    0,00    0,00    0,00    0,00    0,00    0,00    0,00    0,00  100,00
03:00:04      15    0,00    0,00    0,00    0,00    0,00    0,00    0,00    0,00    0,00  100,00
03:00:04      16    0,00    0,00    0,00    0,00    0,00    0,00    0,00    0,00    0,00  100,00
03:00:04      17    0,00    0,00    0,00    0,00    0,00    0,00    0,00    0,00    0,00  100,00
03:00:04      18    0,00    0,00    0,00    0,00    0,00    0,00    0,00    0,00    0,00  100,00
03:00:04      19    0,00    0,00    0,00    0,00    0,00  100,00    0,00    0,00    0,00    0,00
03:00:04      20    0,00    0,00    0,00    0,00    0,00  100,00    0,00    0,00    0,00    0,00
03:00:04      21    0,00    0,00    0,00    0,00    0,00    0,00    0,00    0,00    0,00  100,00
03:00:04      22    0,00    0,00    0,00    0,00    0,00    0,00    0,00    0,00    0,00  100,00
03:00:04      23    0,00    0,00    0,00    0,00    0,00    0,00    0,00    0,00    0,00  100,00

03:00:04     CPU    %usr   %nice    %sys %iowait    %irq   %soft  %steal  %guest  %gnice   %idle
03:00:05     all    0,04    0,00    0,08    0,00    0,00   32,10    0,00    0,00    0,00   67,77
03:00:05       0    0,00    0,00    0,00    0,00    0,00   90,62    0,00    0,00    0,00    9,38
03:00:05       1    0,00    0,00    0,00    0,00    0,00    0,00    0,00    0,00    0,00  100,00
03:00:05       2    0,00    0,00    0,00    0,00    0,00    0,00    0,00    0,00    0,00  100,00
03:00:05       3    0,00    0,00    0,00    0,00    0,00  100,00    0,00    0,00    0,00    0,00
03:00:05       4    0,00    0,00    0,00    0,00    0,00  100,00    0,00    0,00    0,00    0,00
03:00:05       5    0,00    0,00    0,00    0,00    0,00    0,00    0,00    0,00    0,00  100,00
03:00:05       6    0,00    0,00    0,00    0,00    0,00    0,00    0,00    0,00    0,00  100,00
03:00:05       7    0,00    0,00    0,00    0,00    0,00   89,89    0,00    0,00    0,00   10,11
03:00:05       8    0,99    0,00    0,00    0,00    0,00    0,00    0,00    0,00    0,00   99,01
03:00:05       9    0,00    0,00    0,00    0,00    0,00    0,00    0,00    0,00    0,00  100,00
03:00:05      10    0,00    0,00    0,00    0,00    0,00    0,00    0,00    0,00    0,00  100,00
03:00:05      11    0,00    0,00    0,00    0,00    0,00  100,00    0,00    0,00    0,00    0,00
03:00:05      12    0,00    0,00    0,00    0,00    0,00  100,00    0,00    0,00    0,00    0,00
03:00:05      13    0,00    0,00    0,00    0,00    0,00    0,00    0,00    0,00    0,00  100,00
03:00:05      14    0,00    0,00    0,00    0,00    0,00    0,00    0,00    0,00    0,00  100,00
03:00:05      15    0,00    0,00    0,00    0,00    0,00    0,00    0,00    0,00    0,00  100,00
03:00:05      16    0,00    0,00    0,00    0,00    0,00    0,00    0,00    0,00    0,00  100,00
03:00:05      17    0,00    0,00    0,00    0,00    0,00    0,00    0,00    0,00    0,00  100,00
03:00:05      18    0,00    0,00    0,99    0,00    0,00    0,00    0,00    0,00    0,00   99,01
03:00:05      19    0,00    0,00    0,00    0,00    0,00  100,00    0,00    0,00    0,00    0,00
03:00:05      20    0,00    0,00    0,00    0,00    0,00  100,00    0,00    0,00    0,00    0,00
03:00:05      21    0,00    0,00    0,99    0,00    0,00    0,00    0,00    0,00    0,00   99,01
03:00:05      22    0,00    0,00    0,00    0,00    0,00    0,00    0,00    0,00    0,00  100,00
03:00:05      23    0,00    0,00    0,00    0,00    0,00    0,00    0,00    0,00    0,00  100,00

03:00:05     CPU    %usr   %nice    %sys %iowait    %irq   %soft  %steal  %guest  %gnice   %idle
03:00:06     all    0,00    0,00    0,00    0,00    0,00   32,26    0,00    0,00    0,00   67,74
03:00:06       0    0,00    0,00    0,00    0,00    0,00   91,49    0,00    0,00    0,00    8,51
03:00:06       1    0,00    0,00    0,00    0,00    0,00    0,00    0,00    0,00    0,00  100,00
03:00:06       2    0,00    0,00    0,00    0,00    0,00    0,00    0,00    0,00    0,00  100,00
03:00:06       3    0,00    0,00    0,00    0,00    0,00  100,00    0,00    0,00    0,00    0,00
03:00:06       4    0,00    0,00    0,00    0,00    0,00  100,00    0,00    0,00    0,00    0,00
03:00:06       5    0,00    0,00    0,00    0,00    0,00    0,00    0,00    0,00    0,00  100,00
03:00:06       6    0,00    0,00    0,00    0,00    0,00    0,00    0,00    0,00    0,00  100,00
03:00:06       7    0,00    0,00    0,00    0,00    0,00   91,21    0,00    0,00    0,00    8,79
03:00:06       8    0,00    0,00    0,00    0,00    0,00    0,00    0,00    0,00    0,00  100,00
03:00:06       9    0,00    0,00    0,00    0,00    0,00    0,00    0,00    0,00    0,00  100,00
03:00:06      10    0,00    0,00    0,00    0,00    0,00    0,00    0,00    0,00    0,00  100,00
03:00:06      11    0,00    0,00    0,00    0,00    0,00   99,01    0,00    0,00    0,00    0,99
03:00:06      12    0,00    0,00    0,00    0,00    0,00  100,00    0,00    0,00    0,00    0,00
03:00:06      13    0,00    0,00    0,00    0,00    0,00    0,00    0,00    0,00    0,00  100,00
03:00:06      14    0,00    0,00    0,00    0,00    0,00    0,00    0,00    0,00    0,00  100,00
03:00:06      15    0,00    0,00    0,00    0,00    0,00    0,00    0,00    0,00    0,00  100,00
03:00:06      16    0,00    0,00    0,00    0,00    0,00    0,00    0,00    0,00    0,00  100,00
03:00:06      17    0,00    0,00    0,00    0,00    0,00    0,00    0,00    0,00    0,00  100,00
03:00:06      18    0,00    0,00    0,00    0,00    0,00    0,00    0,00    0,00    0,00  100,00
03:00:06      19    0,00    0,00    0,00    0,00    0,00  100,00    0,00    0,00    0,00    0,00
03:00:06      20    0,00    0,00    0,00    0,00    0,00  100,00    0,00    0,00    0,00    0,00
03:00:06      21    0,00    0,00    0,00    0,00    0,00    0,00    0,00    0,00    0,00  100,00
03:00:06      22    0,00    0,00    0,00    0,00    0,00    0,00    0,00    0,00    0,00  100,00
03:00:06      23    0,00    0,00    0,00    0,00    0,00    0,00    0,00    0,00    0,00  100,00

03:00:06     CPU    %usr   %nice    %sys %iowait    %irq   %soft  %steal  %guest  %gnice   %idle
03:00:07     all    0,00    0,00    0,00    0,00    0,00   32,16    0,00    0,00    0,00   67,84
03:00:07       0    0,00    0,00    0,00    0,00    0,00   90,72    0,00    0,00    0,00    9,28
03:00:07       1    0,00    0,00    0,00    0,00    0,00    0,00    0,00    0,00    0,00  100,00
03:00:07       2    0,00    0,00    0,00    0,00    0,00    0,00    0,00    0,00    0,00  100,00
03:00:07       3    0,00    0,00    0,00    0,00    0,00  100,00    0,00    0,00    0,00    0,00
03:00:07       4    0,00    0,00    0,00    0,00    0,00  100,00    0,00    0,00    0,00    0,00
03:00:07       5    0,00    0,00    0,00    0,00    0,00    0,00    0,00    0,00    0,00  100,00
03:00:07       6    0,00    0,00    0,00    0,00    0,00    0,00    0,00    0,00    0,00  100,00
03:00:07       7    0,00    0,00    0,00    0,00    0,00   89,77    0,00    0,00    0,00   10,23
03:00:07       8    0,00    0,00    0,00    0,00    0,00    0,00    0,00    0,00    0,00  100,00
03:00:07       9    0,00    0,00    0,00    0,00    0,00    0,00    0,00    0,00    0,00  100,00
03:00:07      10    0,00    0,00    0,00    0,00    0,00    0,00    0,00    0,00    0,00  100,00
03:00:07      11    0,00    0,00    0,00    0,00    0,00  100,00    0,00    0,00    0,00    0,00
03:00:07      12    0,00    0,00    0,00    0,00    0,00  100,00    0,00    0,00    0,00    0,00
03:00:07      13    0,00    0,00    0,00    0,00    0,00    0,00    0,00    0,00    0,00  100,00
03:00:07      14    0,00    0,00    0,00    0,00    0,00    0,00    0,00    0,00    0,00  100,00
03:00:07      15    0,00    0,00    0,00    0,00    0,00    0,00    0,00    0,00    0,00  100,00
03:00:07      16    0,00    0,00    0,00    0,00    0,00    0,00    0,00    0,00    0,00  100,00
03:00:07      17    0,00    0,00    0,00    0,00    0,00    0,00    0,00    0,00    0,00  100,00
03:00:07      18    0,00    0,00    0,00    0,00    0,00    0,00    0,00    0,00    0,00  100,00
03:00:07      19    0,00    0,00    0,00    0,00    0,00  100,00    0,00    0,00    0,00    0,00
03:00:07      20    0,00    0,00    0,00    0,00    0,00  100,00    0,00    0,00    0,00    0,00
03:00:07      21    0,00    0,00    0,00    0,00    0,00    0,00    0,00    0,00    0,00  100,00
03:00:07      22    0,00    0,00    0,00    0,00    0,00    0,00    0,00    0,00    0,00  100,00
03:00:07      23    0,00    0,00    0,00    0,00    0,00    0,00    0,00    0,00    0,00  100,00

03:00:07     CPU    %usr   %nice    %sys %iowait    %irq   %soft  %steal  %guest  %gnice   %idle
03:00:08     all    0,00    0,00    0,00    0,00    0,00   32,19    0,00    0,00    0,00   67,81
03:00:08       0    0,00    0,00    0,00    0,00    0,00   90,62    0,00    0,00    0,00    9,38
03:00:08       1    0,00    0,00    0,00    0,00    0,00    0,00    0,00    0,00    0,00  100,00
03:00:08       2    0,00    0,00    0,00    0,00    0,00    0,00    0,00    0,00    0,00  100,00
03:00:08       3    0,00    0,00    0,00    0,00    0,00  100,00    0,00    0,00    0,00    0,00
03:00:08       4    0,00    0,00    0,00    0,00    0,00  100,00    0,00    0,00    0,00    0,00
03:00:08       5    0,00    0,00    0,00    0,00    0,00    0,00    0,00    0,00    0,00  100,00
03:00:08       6    0,00    0,00    0,00    0,00    0,00    0,00    0,00    0,00    0,00  100,00
03:00:08       7    0,00    0,00    0,00    0,00    0,00   91,01    0,00    0,00    0,00    8,99
03:00:08       8    0,00    0,00    0,00    0,00    0,00    0,00    0,00    0,00    0,00  100,00
03:00:08       9    0,00    0,00    0,00    0,00    0,00    0,00    0,00    0,00    0,00  100,00
03:00:08      10    0,00    0,00    0,00    0,00    0,00    0,00    0,00    0,00    0,00  100,00
03:00:08      11    0,00    0,00    0,00    0,00    0,00  100,00    0,00    0,00    0,00    0,00
03:00:08      12    0,00    0,00    0,00    0,00    0,00  100,00    0,00    0,00    0,00    0,00
03:00:08      13    0,00    0,00    0,00    0,00    0,00    0,00    0,00    0,00    0,00  100,00
03:00:08      14    0,00    0,00    0,00    0,00    0,00    0,00    0,00    0,00    0,00  100,00
03:00:08      15    0,00    0,00    0,00    0,00    0,00    0,00    0,00    0,00    0,00  100,00
03:00:08      16    0,00    0,00    0,00    0,00    0,00    0,00    0,00    0,00    0,00  100,00
03:00:08      17    0,00    0,00    0,00    0,00    0,00    0,00    0,00    0,00    0,00  100,00
03:00:08      18    0,00    0,00    0,00    0,00    0,00    0,00    0,00    0,00    0,00  100,00
03:00:08      19    0,00    0,00    0,00    0,00    0,00  100,00    0,00    0,00    0,00    0,00
03:00:08      20    0,00    0,00    0,00    0,00    0,00  100,00    0,00    0,00    0,00    0,00
03:00:08      21    0,00    0,00    0,00    0,00    0,00    0,00    0,00    0,00    0,00  100,00
03:00:08      22    0,00    0,00    0,00    0,00    0,00    0,00    0,00    0,00    0,00  100,00
03:00:08      23    0,00    0,00    0,00    0,00    0,00    0,00    0,00    0,00    0,00  100,00

03:00:08     CPU    %usr   %nice    %sys %iowait    %irq   %soft  %steal  %guest  %gnice   %idle
03:00:09     all    0,04    0,00    0,13    0,00    0,00   32,19    0,00    0,00    0,00   67,64
03:00:09       0    0,00    0,00    0,00    0,00    0,00   90,82    0,00    0,00    0,00    9,18
03:00:09       1    0,00    0,00    0,00    0,00    0,00    0,00    0,00    0,00    0,00  100,00
03:00:09       2    0,00    0,00    0,00    0,00    0,00    0,00    0,00    0,00    0,00  100,00
03:00:09       3    0,00    0,00    0,00    0,00    0,00  100,00    0,00    0,00    0,00    0,00
03:00:09       4    0,00    0,00    0,00    0,00    0,00  100,00    0,00    0,00    0,00    0,00
03:00:09       5    0,00    0,00    0,00    0,00    0,00    0,00    0,00    0,00    0,00  100,00
03:00:09       6    0,00    0,00    0,00    0,00    0,00    0,00    0,00    0,00    0,00  100,00
03:00:09       7    0,00    0,00    0,00    0,00    0,00   89,77    0,00    0,00    0,00   10,23
03:00:09       8    0,00    0,00    0,00    0,00    0,00    0,00    0,00    0,00    0,00  100,00
03:00:09       9    0,00    0,00    1,00    0,00    0,00    0,00    0,00    0,00    0,00   99,00
03:00:09      10    0,00    0,00    0,00    0,00    0,00    0,00    0,00    0,00    0,00  100,00
03:00:09      11    0,00    0,00    0,00    0,00    0,00  100,00    0,00    0,00    0,00    0,00
03:00:09      12    0,00    0,00    0,00    0,00    0,00  100,00    0,00    0,00    0,00    0,00
03:00:09      13    0,00    0,00    0,00    0,00    0,00    0,00    0,00    0,00    0,00  100,00
03:00:09      14    0,00    0,00    0,00    0,00    0,00    0,00    0,00    0,00    0,00  100,00
03:00:09      15    0,00    0,00    0,00    0,00    0,00    0,00    0,00    0,00    0,00  100,00
03:00:09      16    0,00    0,00    0,00    0,00    0,00    0,00    0,00    0,00    0,00  100,00
03:00:09      17    0,00    0,00    0,00    0,00    0,00    0,00    0,00    0,00    0,00  100,00
03:00:09      18    0,99    0,00    0,99    0,00    0,00    0,00    0,00    0,00    0,00   98,02
03:00:09      19    0,00    0,00    0,00    0,00    0,00  100,00    0,00    0,00    0,00    0,00
03:00:09      20    0,00    0,00    0,00    0,00    0,00  100,00    0,00    0,00    0,00    0,00
03:00:09      21    0,00    0,00    0,00    0,00    0,00    0,00    0,00    0,00    0,00  100,00
03:00:09      22    0,00    0,00    0,00    0,00    0,00    0,00    0,00    0,00    0,00  100,00
03:00:09      23    0,00    0,00    0,99    0,00    0,00    0,00    0,00    0,00    0,00   99,01

03:00:09     CPU    %usr   %nice    %sys %iowait    %irq   %soft  %steal  %guest  %gnice   %idle
03:00:10     all    0,04    0,00    0,04    0,00    0,00   32,26    0,00    0,00    0,00   67,66
03:00:10       0    0,00    0,00    0,00    0,00    0,00   91,67    0,00    0,00    0,00    8,33
03:00:10       1    0,00    0,00    0,00    0,00    0,00    0,00    0,00    0,00    0,00  100,00
03:00:10       2    0,00    0,00    0,00    0,00    0,00    0,00    0,00    0,00    0,00  100,00
03:00:10       3    0,00    0,00    0,00    0,00    0,00  100,00    0,00    0,00    0,00    0,00
03:00:10       4    0,00    0,00    0,00    0,00    0,00  100,00    0,00    0,00    0,00    0,00
03:00:10       5    0,00    0,00    0,00    0,00    0,00    0,00    0,00    0,00    0,00  100,00
03:00:10       6    1,00    0,00    0,00    0,00    0,00    0,00    0,00    0,00    0,00   99,00
03:00:10       7    0,00    0,00    0,00    0,00    0,00   91,11    0,00    0,00    0,00    8,89
03:00:10       8    0,00    0,00    0,00    0,00    0,00    0,00    0,00    0,00    0,00  100,00
03:00:10       9    0,00    0,00    0,00    0,00    0,00    0,00    0,00    0,00    0,00  100,00
03:00:10      10    0,00    0,00    0,00    0,00    0,00    0,00    0,00    0,00    0,00  100,00
03:00:10      11    0,00    0,00    0,00    0,00    0,00  100,00    0,00    0,00    0,00    0,00
03:00:10      12    0,00    0,00    0,00    0,00    0,00  100,00    0,00    0,00    0,00    0,00
03:00:10      13    0,00    0,00    0,00    0,00    0,00    0,00    0,00    0,00    0,00  100,00
03:00:10      14    0,00    0,00    0,00    0,00    0,00    0,00    0,00    0,00    0,00  100,00
03:00:10      15    0,00    0,00    0,00    0,00    0,00    0,00    0,00    0,00    0,00  100,00
03:00:10      16    0,00    0,00    0,99    0,00    0,00    0,00    0,00    0,00    0,00   99,01
03:00:10      17    0,00    0,00    0,00    0,00    0,00    0,00    0,00    0,00    0,00  100,00
03:00:10      18    0,00    0,00    0,00    0,00    0,00    0,00    0,00    0,00    0,00  100,00
03:00:10      19    0,00    0,00    0,00    0,00    0,00  100,00    0,00    0,00    0,00    0,00
03:00:10      20    0,00    0,00    0,00    0,00    0,00  100,00    0,00    0,00    0,00    0,00
03:00:10      21    0,00    0,00    0,00    0,00    0,00    0,00    0,00    0,00    0,00  100,00
03:00:10      22    0,00    0,00    0,00    0,00    0,00    0,00    0,00    0,00    0,00  100,00
03:00:10      23    0,00    0,00    0,00    0,00    0,00    0,00    0,00    0,00    0,00  100,00

03:00:10     CPU    %usr   %nice    %sys %iowait    %irq   %soft  %steal  %guest  %gnice   %idle
03:00:11     all    1,13    0,00    0,54    0,00    0,00   32,92    0,00    0,00    0,00   65,42
03:00:11       0    0,00    0,00    0,00    0,00    0,00   93,81    0,00    0,00    0,00    6,19
03:00:11       1    0,00    0,00    0,00    0,00    0,00    0,00    0,00    0,00    0,00  100,00
03:00:11       2    0,00    0,00    0,99    0,00    0,00    0,00    0,00    0,00    0,00   99,01
03:00:11       3    0,00    0,00    1,00    0,00    0,00   99,00    0,00    0,00    0,00    0,00
03:00:11       4    0,00    0,00    0,00    0,00    0,00  100,00    0,00    0,00    0,00    0,00
03:00:11       5    0,00    0,00    0,00    0,00    0,00    0,00    0,00    0,00    0,00  100,00
03:00:11       6    0,00    0,00    0,00    0,00    0,00    0,00    0,00    0,00    0,00  100,00
03:00:11       7    0,00    0,00    0,00    0,00    0,00  100,00    0,00    0,00    0,00    0,00
03:00:11       8    2,00    0,00    2,00    0,00    0,00    0,00    0,00    0,00    0,00   96,00
03:00:11       9    0,00    0,00    0,00    0,00    0,00    0,00    0,00    0,00    0,00  100,00
03:00:11      10    0,00    0,00    0,00    0,00    0,00    0,00    0,00    0,00    0,00  100,00
03:00:11      11    0,00    0,00    0,00    0,00    0,00   99,00    0,00    0,00    0,00    1,00
03:00:11      12    0,00    0,00    0,00    0,00    0,00  100,00    0,00    0,00    0,00    0,00
03:00:11      13    0,00    0,00    0,00    0,00    0,00    0,00    0,00    0,00    0,00  100,00
03:00:11      14    1,00    0,00    0,00    0,00    0,00    0,00    0,00    0,00    0,00   99,00
03:00:11      15    0,00    0,00    0,00    0,00    0,00    0,00    0,00    0,00    0,00  100,00
03:00:11      16    2,00    0,00    0,00    0,00    0,00    0,00    0,00    0,00    0,00   98,00
03:00:11      17   16,16    0,00    3,03    0,00    0,00    0,00    0,00    0,00    0,00   80,81
03:00:11      18    1,00    0,00    1,00    0,00    0,00    0,00    0,00    0,00    0,00   98,00
03:00:11      19    0,00    0,00    0,00    0,00    0,00  100,00    0,00    0,00    0,00    0,00
03:00:11      20    0,00    0,00    0,00    0,00    0,00  100,00    0,00    0,00    0,00    0,00
03:00:11      21    2,00    0,00    2,00    0,00    0,00    0,00    0,00    0,00    0,00   96,00
03:00:11      22    1,00    0,00    2,00    0,00    0,00    0,00    0,00    0,00    0,00   97,00
03:00:11      23    2,00    0,00    1,00    0,00    0,00    0,00    0,00    0,00    0,00   97,00
