Linux 6.8.0-106-generic (testbed-node1) 	05/05/26 	_x86_64_	(24 CPU)

12:37:20     CPU    %usr   %nice    %sys %iowait    %irq   %soft  %steal  %guest  %gnice   %idle
12:37:21     all   54,30    0,00    0,13    0,17    0,00    0,00    0,00    0,00    0,00   45,41
12:37:21       0  100,00    0,00    0,00    0,00    0,00    0,00    0,00    0,00    0,00    0,00
12:37:21       1  100,00    0,00    0,00    0,00    0,00    0,00    0,00    0,00    0,00    0,00
12:37:21       2  100,00    0,00    0,00    0,00    0,00    0,00    0,00    0,00    0,00    0,00
12:37:21       3  100,00    0,00    0,00    0,00    0,00    0,00    0,00    0,00    0,00    0,00
12:37:21       4  100,00    0,00    0,00    0,00    0,00    0,00    0,00    0,00    0,00    0,00
12:37:21       5  100,00    0,00    0,00    0,00    0,00    0,00    0,00    0,00    0,00    0,00
12:37:21       6  100,00    0,00    0,00    0,00    0,00    0,00    0,00    0,00    0,00    0,00
12:37:21       7  100,00    0,00    0,00    0,00    0,00    0,00    0,00    0,00    0,00    0,00
12:37:21       8  100,00    0,00    0,00    0,00    0,00    0,00    0,00    0,00    0,00    0,00
12:37:21       9  100,00    0,00    0,00    0,00    0,00    0,00    0,00    0,00    0,00    0,00
12:37:21      10  100,00    0,00    0,00    0,00    0,00    0,00    0,00    0,00    0,00    0,00
12:37:21      11  100,00    0,00    0,00    0,00    0,00    0,00    0,00    0,00    0,00    0,00
12:37:21      12  100,00    0,00    0,00    0,00    0,00    0,00    0,00    0,00    0,00    0,00
12:37:21      13    0,00    0,00    0,00    0,00    0,00    0,00    0,00    0,00    0,00  100,00
12:37:21      14    0,00    0,00    0,00    0,00    0,00    0,00    0,00    0,00    0,00  100,00
12:37:21      15    0,00    0,00    0,00    0,00    0,00    0,00    0,00    0,00    0,00  100,00
12:37:21      16    1,01    0,00    0,00    0,00    0,00    0,00    0,00    0,00    0,00   98,99
12:37:21      17    0,00    0,00    1,01    1,01    0,00    0,00    0,00    0,00    0,00   97,98
12:37:21      18    0,00    0,00    0,00    1,02    0,00    0,00    0,00    0,00    0,00   98,98
12:37:21      19    1,00    0,00    0,00    0,00    0,00    0,00    0,00    0,00    0,00   99,00
12:37:21      20    0,00    0,00    0,99    0,99    0,00    0,00    0,00    0,00    0,00   98,02
12:37:21      21    0,00    0,00    0,00    1,00    0,00    0,00    0,00    0,00    0,00   99,00
12:37:21      22    0,00    0,00    0,00    0,00    0,00    0,00    0,00    0,00    0,00  100,00
12:37:21      23    0,00    0,00    0,99    0,00    0,00    0,00    0,00    0,00    0,00   99,01

12:37:21     CPU    %usr   %nice    %sys %iowait    %irq   %soft  %steal  %guest  %gnice   %idle
12:37:22     all   54,17    0,00    0,00    0,00    0,00    0,00    0,00    0,00    0,00   45,83
12:37:22       0  100,00    0,00    0,00    0,00    0,00    0,00    0,00    0,00    0,00    0,00
12:37:22       1  100,00    0,00    0,00    0,00    0,00    0,00    0,00    0,00    0,00    0,00
12:37:22       2  100,00    0,00    0,00    0,00    0,00    0,00    0,00    0,00    0,00    0,00
12:37:22       3  100,00    0,00    0,00    0,00    0,00    0,00    0,00    0,00    0,00    0,00
12:37:22       4  100,00    0,00    0,00    0,00    0,00    0,00    0,00    0,00    0,00    0,00
12:37:22       5  100,00    0,00    0,00    0,00    0,00    0,00    0,00    0,00    0,00    0,00
12:37:22       6  100,00    0,00    0,00    0,00    0,00    0,00    0,00    0,00    0,00    0,00
12:37:22       7  100,00    0,00    0,00    0,00    0,00    0,00    0,00    0,00    0,00    0,00
12:37:22       8  100,00    0,00    0,00    0,00    0,00    0,00    0,00    0,00    0,00    0,00
12:37:22       9  100,00    0,00    0,00    0,00    0,00    0,00    0,00    0,00    0,00    0,00
12:37:22      10  100,00    0,00    0,00    0,00    0,00    0,00    0,00    0,00    0,00    0,00
12:37:22      11  100,00    0,00    0,00    0,00    0,00    0,00    0,00    0,00    0,00    0,00
12:37:22      12  100,00    0,00    0,00    0,00    0,00    0,00    0,00    0,00    0,00    0,00
12:37:22      13    0,00    0,00    0,00    0,00    0,00    0,00    0,00    0,00    0,00  100,00
12:37:22      14    0,00    0,00    0,00    0,00    0,00    0,00    0,00    0,00    0,00  100,00
12:37:22      15    0,00    0,00    0,00    0,00    0,00    0,00    0,00    0,00    0,00  100,00
12:37:22      16    0,00    0,00    0,00    0,00    0,00    0,00    0,00    0,00    0,00  100,00
12:37:22      17    0,00    0,00    0,00    0,00    0,00    0,00    0,00    0,00    0,00  100,00
12:37:22      18    0,00    0,00    0,00    0,00    0,00    0,00    0,00    0,00    0,00  100,00
12:37:22      19    0,00    0,00    0,00    0,00    0,00    0,00    0,00    0,00    0,00  100,00
12:37:22      20    0,00    0,00    0,00    0,00    0,00    0,00    0,00    0,00    0,00  100,00
12:37:22      21    0,00    0,00    0,00    0,00    0,00    0,00    0,00    0,00    0,00  100,00
12:37:22      22    0,00    0,00    0,00    0,00    0,00    0,00    0,00    0,00    0,00  100,00
12:37:22      23    0,00    0,00    0,00    0,00    0,00    0,00    0,00    0,00    0,00  100,00

12:37:22     CPU    %usr   %nice    %sys %iowait    %irq   %soft  %steal  %guest  %gnice   %idle
12:37:23     all   54,80    0,00    0,25    0,00    0,00    0,00    0,00    0,00    0,00   44,95
12:37:23       0  100,00    0,00    0,00    0,00    0,00    0,00    0,00    0,00    0,00    0,00
12:37:23       1  100,00    0,00    0,00    0,00    0,00    0,00    0,00    0,00    0,00    0,00
12:37:23       2  100,00    0,00    0,00    0,00    0,00    0,00    0,00    0,00    0,00    0,00
12:37:23       3  100,00    0,00    0,00    0,00    0,00    0,00    0,00    0,00    0,00    0,00
12:37:23       4  100,00    0,00    0,00    0,00    0,00    0,00    0,00    0,00    0,00    0,00
12:37:23       5  100,00    0,00    0,00    0,00    0,00    0,00    0,00    0,00    0,00    0,00
12:37:23       6  100,00    0,00    0,00    0,00    0,00    0,00    0,00    0,00    0,00    0,00
12:37:23       7  100,00    0,00    0,00    0,00    0,00    0,00    0,00    0,00    0,00    0,00
12:37:23       8  100,00    0,00    0,00    0,00    0,00    0,00    0,00    0,00    0,00    0,00
12:37:23       9  100,00    0,00    0,00    0,00    0,00    0,00    0,00    0,00    0,00    0,00
12:37:23      10  100,00    0,00    0,00    0,00    0,00    0,00    0,00    0,00    0,00    0,00
12:37:23      11  100,00    0,00    0,00    0,00    0,00    0,00    0,00    0,00    0,00    0,00
12:37:23      12  100,00    0,00    0,00    0,00    0,00    0,00    0,00    0,00    0,00    0,00
12:37:23      13    0,00    0,00    0,00    0,00    0,00    0,00    0,00    0,00    0,00  100,00
12:37:23      14    1,00    0,00    0,00    0,00    0,00    0,00    0,00    0,00    0,00   99,00
12:37:23      15    0,00    0,00    0,00    0,00    0,00    0,00    0,00    0,00    0,00  100,00
12:37:23      16    1,00    0,00    1,00    0,00    0,00    0,00    0,00    0,00    0,00   98,00
12:37:23      17    1,00    0,00    1,00    0,00    0,00    0,00    0,00    0,00    0,00   98,00
12:37:23      18    1,00    0,00    1,00    0,00    0,00    0,00    0,00    0,00    0,00   98,00
12:37:23      19    0,00    0,00    1,00    0,00    0,00    0,00    0,00    0,00    0,00   99,00
12:37:23      20   10,00    0,00    0,00    0,00    0,00    0,00    0,00    0,00    0,00   90,00
12:37:23      21    0,00    0,00    0,99    0,00    0,00    0,00    0,00    0,00    0,00   99,01
12:37:23      22    0,00    0,00    1,00    0,00    0,00    0,00    0,00    0,00    0,00   99,00
12:37:23      23    0,00    0,00    0,00    0,00    0,00    0,00    0,00    0,00    0,00  100,00

12:37:23     CPU    %usr   %nice    %sys %iowait    %irq   %soft  %steal  %guest  %gnice   %idle
12:37:24     all   54,21    0,00    0,00    0,00    0,00    0,00    0,00    0,00    0,00   45,79
12:37:24       0  100,00    0,00    0,00    0,00    0,00    0,00    0,00    0,00    0,00    0,00
12:37:24       1  100,00    0,00    0,00    0,00    0,00    0,00    0,00    0,00    0,00    0,00
12:37:24       2  100,00    0,00    0,00    0,00    0,00    0,00    0,00    0,00    0,00    0,00
12:37:24       3  100,00    0,00    0,00    0,00    0,00    0,00    0,00    0,00    0,00    0,00
12:37:24       4  100,00    0,00    0,00    0,00    0,00    0,00    0,00    0,00    0,00    0,00
12:37:24       5  100,00    0,00    0,00    0,00    0,00    0,00    0,00    0,00    0,00    0,00
12:37:24       6  100,00    0,00    0,00    0,00    0,00    0,00    0,00    0,00    0,00    0,00
12:37:24       7  100,00    0,00    0,00    0,00    0,00    0,00    0,00    0,00    0,00    0,00
12:37:24       8  100,00    0,00    0,00    0,00    0,00    0,00    0,00    0,00    0,00    0,00
12:37:24       9  100,00    0,00    0,00    0,00    0,00    0,00    0,00    0,00    0,00    0,00
12:37:24      10  100,00    0,00    0,00    0,00    0,00    0,00    0,00    0,00    0,00    0,00
12:37:24      11  100,00    0,00    0,00    0,00    0,00    0,00    0,00    0,00    0,00    0,00
12:37:24      12  100,00    0,00    0,00    0,00    0,00    0,00    0,00    0,00    0,00    0,00
12:37:24      13    0,00    0,00    0,00    0,00    0,00    0,00    0,00    0,00    0,00  100,00
12:37:24      14    0,00    0,00    0,00    0,00    0,00    0,00    0,00    0,00    0,00  100,00
12:37:24      15    0,00    0,00    0,00    0,00    0,00    0,00    0,00    0,00    0,00  100,00
12:37:24      16    0,00    0,00    0,00    0,00    0,00    0,00    0,00    0,00    0,00  100,00
12:37:24      17    0,00    0,00    0,00    0,00    0,00    0,00    0,00    0,00    0,00  100,00
12:37:24      18    0,00    0,00    0,00    0,00    0,00    0,00    0,00    0,00    0,00  100,00
12:37:24      19    0,00    0,00    0,00    0,00    0,00    0,00    0,00    0,00    0,00  100,00
12:37:24      20    0,00    0,00    0,00    0,00    0,00    0,00    0,00    0,00    0,00  100,00
12:37:24      21    0,00    0,00    0,00    0,00    0,00    0,00    0,00    0,00    0,00  100,00
12:37:24      22    0,00    0,00    0,00    0,00    0,00    0,00    0,00    0,00    0,00  100,00
12:37:24      23    0,00    0,00    0,00    0,00    0,00    0,00    0,00    0,00    0,00  100,00

12:37:24     CPU    %usr   %nice    %sys %iowait    %irq   %soft  %steal  %guest  %gnice   %idle
12:37:25     all   54,25    0,00    0,13    0,00    0,00    0,00    0,00    0,00    0,00   45,62
12:37:25       0  100,00    0,00    0,00    0,00    0,00    0,00    0,00    0,00    0,00    0,00
12:37:25       1  100,00    0,00    0,00    0,00    0,00    0,00    0,00    0,00    0,00    0,00
12:37:25       2  100,00    0,00    0,00    0,00    0,00    0,00    0,00    0,00    0,00    0,00
12:37:25       3  100,00    0,00    0,00    0,00    0,00    0,00    0,00    0,00    0,00    0,00
12:37:25       4  100,00    0,00    0,00    0,00    0,00    0,00    0,00    0,00    0,00    0,00
12:37:25       5  100,00    0,00    0,00    0,00    0,00    0,00    0,00    0,00    0,00    0,00
12:37:25       6  100,00    0,00    0,00    0,00    0,00    0,00    0,00    0,00    0,00    0,00
12:37:25       7  100,00    0,00    0,00    0,00    0,00    0,00    0,00    0,00    0,00    0,00
12:37:25       8  100,00    0,00    0,00    0,00    0,00    0,00    0,00    0,00    0,00    0,00
12:37:25       9  100,00    0,00    0,00    0,00    0,00    0,00    0,00    0,00    0,00    0,00
12:37:25      10  100,00    0,00    0,00    0,00    0,00    0,00    0,00    0,00    0,00    0,00
12:37:25      11  100,00    0,00    0,00    0,00    0,00    0,00    0,00    0,00    0,00    0,00
12:37:25      12  100,00    0,00    0,00    0,00    0,00    0,00    0,00    0,00    0,00    0,00
12:37:25      13    0,00    0,00    0,00    0,00    0,00    0,00    0,00    0,00    0,00  100,00
12:37:25      14    0,00    0,00    0,00    0,00    0,00    0,00    0,00    0,00    0,00  100,00
12:37:25      15    0,00    0,00    0,00    0,00    0,00    0,00    0,00    0,00    0,00  100,00
12:37:25      16    0,00    0,00    0,00    0,00    0,00    0,00    0,00    0,00    0,00  100,00
12:37:25      17    0,00    0,00    1,00    0,00    0,00    0,00    0,00    0,00    0,00   99,00
12:37:25      18    1,01    0,00    0,00    0,00    0,00    0,00    0,00    0,00    0,00   98,99
12:37:25      19    0,00    0,00    0,00    0,00    0,00    0,00    0,00    0,00    0,00  100,00
12:37:25      20    0,00    0,00    0,99    0,00    0,00    0,00    0,00    0,00    0,00   99,01
12:37:25      21    0,00    0,00    0,00    0,00    0,00    0,00    0,00    0,00    0,00  100,00
12:37:25      22    0,00    0,00    0,99    0,00    0,00    0,00    0,00    0,00    0,00   99,01
12:37:25      23    0,00    0,00    0,00    0,00    0,00    0,00    0,00    0,00    0,00  100,00

12:37:25     CPU    %usr   %nice    %sys %iowait    %irq   %soft  %steal  %guest  %gnice   %idle
12:37:26     all   54,14    0,00    0,00    0,12    0,00    0,00    0,00    0,00    0,00   45,73
12:37:26       0  100,00    0,00    0,00    0,00    0,00    0,00    0,00    0,00    0,00    0,00
12:37:26       1  100,00    0,00    0,00    0,00    0,00    0,00    0,00    0,00    0,00    0,00
12:37:26       2  100,00    0,00    0,00    0,00    0,00    0,00    0,00    0,00    0,00    0,00
12:37:26       3  100,00    0,00    0,00    0,00    0,00    0,00    0,00    0,00    0,00    0,00
12:37:26       4  100,00    0,00    0,00    0,00    0,00    0,00    0,00    0,00    0,00    0,00
12:37:26       5  100,00    0,00    0,00    0,00    0,00    0,00    0,00    0,00    0,00    0,00
12:37:26       6  100,00    0,00    0,00    0,00    0,00    0,00    0,00    0,00    0,00    0,00
12:37:26       7  100,00    0,00    0,00    0,00    0,00    0,00    0,00    0,00    0,00    0,00
12:37:26       8  100,00    0,00    0,00    0,00    0,00    0,00    0,00    0,00    0,00    0,00
12:37:26       9  100,00    0,00    0,00    0,00    0,00    0,00    0,00    0,00    0,00    0,00
12:37:26      10  100,00    0,00    0,00    0,00    0,00    0,00    0,00    0,00    0,00    0,00
12:37:26      11  100,00    0,00    0,00    0,00    0,00    0,00    0,00    0,00    0,00    0,00
12:37:26      12  100,00    0,00    0,00    0,00    0,00    0,00    0,00    0,00    0,00    0,00
12:37:26      13    0,00    0,00    0,00    0,00    0,00    0,00    0,00    0,00    0,00  100,00
12:37:26      14    0,00    0,00    0,00    0,00    0,00    0,00    0,00    0,00    0,00  100,00
12:37:26      15    0,00    0,00    0,00    0,00    0,00    0,00    0,00    0,00    0,00  100,00
12:37:26      16    0,00    0,00    0,00    0,00    0,00    0,00    0,00    0,00    0,00  100,00
12:37:26      17    0,00    0,00    0,00    0,00    0,00    0,00    0,00    0,00    0,00  100,00
12:37:26      18    0,00    0,00    0,00    1,98    0,00    0,00    0,00    0,00    0,00   98,02
12:37:26      19    0,00    0,00    0,00    0,99    0,00    0,00    0,00    0,00    0,00   99,01
12:37:26      20    0,00    0,00    0,00    0,00    0,00    0,00    0,00    0,00    0,00  100,00
12:37:26      21    0,00    0,00    0,00    0,00    0,00    0,00    0,00    0,00    0,00  100,00
12:37:26      22    0,00    0,00    0,00    0,00    0,00    0,00    0,00    0,00    0,00  100,00
12:37:26      23    0,00    0,00    0,00    0,00    0,00    0,00    0,00    0,00    0,00  100,00

12:37:26     CPU    %usr   %nice    %sys %iowait    %irq   %soft  %steal  %guest  %gnice   %idle
12:37:27     all   54,27    0,00    0,17    0,00    0,00    0,00    0,00    0,00    0,00   45,56
12:37:27       0  100,00    0,00    0,00    0,00    0,00    0,00    0,00    0,00    0,00    0,00
12:37:27       1  100,00    0,00    0,00    0,00    0,00    0,00    0,00    0,00    0,00    0,00
12:37:27       2  100,00    0,00    0,00    0,00    0,00    0,00    0,00    0,00    0,00    0,00
12:37:27       3  100,00    0,00    0,00    0,00    0,00    0,00    0,00    0,00    0,00    0,00
12:37:27       4  100,00    0,00    0,00    0,00    0,00    0,00    0,00    0,00    0,00    0,00
12:37:27       5  100,00    0,00    0,00    0,00    0,00    0,00    0,00    0,00    0,00    0,00
12:37:27       6  100,00    0,00    0,00    0,00    0,00    0,00    0,00    0,00    0,00    0,00
12:37:27       7  100,00    0,00    0,00    0,00    0,00    0,00    0,00    0,00    0,00    0,00
12:37:27       8  100,00    0,00    0,00    0,00    0,00    0,00    0,00    0,00    0,00    0,00
12:37:27       9  100,00    0,00    0,00    0,00    0,00    0,00    0,00    0,00    0,00    0,00
12:37:27      10  100,00    0,00    0,00    0,00    0,00    0,00    0,00    0,00    0,00    0,00
12:37:27      11  100,00    0,00    0,00    0,00    0,00    0,00    0,00    0,00    0,00    0,00
12:37:27      12  100,00    0,00    0,00    0,00    0,00    0,00    0,00    0,00    0,00    0,00
12:37:27      13    0,00    0,00    0,00    0,00    0,00    0,00    0,00    0,00    0,00  100,00
12:37:27      14    0,00    0,00    0,00    0,00    0,00    0,00    0,00    0,00    0,00  100,00
12:37:27      15    0,00    0,00    0,00    0,00    0,00    0,00    0,00    0,00    0,00  100,00
12:37:27      16    1,00    0,00    2,00    0,00    0,00    0,00    0,00    0,00    0,00   97,00
12:37:27      17    0,99    0,00    0,99    0,00    0,00    0,00    0,00    0,00    0,00   98,02
12:37:27      18    0,00    0,00    0,00    0,00    0,00    0,00    0,00    0,00    0,00  100,00
12:37:27      19    0,99    0,00    0,99    0,00    0,00    0,00    0,00    0,00    0,00   98,02
12:37:27      20    0,00    0,00    0,00    0,00    0,00    0,00    0,00    0,00    0,00  100,00
12:37:27      21    0,00    0,00    0,00    0,00    0,00    0,00    0,00    0,00    0,00  100,00
12:37:27      22    0,00    0,00    0,00    0,00    0,00    0,00    0,00    0,00    0,00  100,00
12:37:27      23    0,00    0,00    0,00    0,00    0,00    0,00    0,00    0,00    0,00  100,00

12:37:27     CPU    %usr   %nice    %sys %iowait    %irq   %soft  %steal  %guest  %gnice   %idle
12:37:28     all   54,21    0,00    0,00    0,04    0,00    0,00    0,00    0,00    0,00   45,75
12:37:28       0  100,00    0,00    0,00    0,00    0,00    0,00    0,00    0,00    0,00    0,00
12:37:28       1  100,00    0,00    0,00    0,00    0,00    0,00    0,00    0,00    0,00    0,00
12:37:28       2  100,00    0,00    0,00    0,00    0,00    0,00    0,00    0,00    0,00    0,00
12:37:28       3  100,00    0,00    0,00    0,00    0,00    0,00    0,00    0,00    0,00    0,00
12:37:28       4  100,00    0,00    0,00    0,00    0,00    0,00    0,00    0,00    0,00    0,00
12:37:28       5  100,00    0,00    0,00    0,00    0,00    0,00    0,00    0,00    0,00    0,00
12:37:28       6  100,00    0,00    0,00    0,00    0,00    0,00    0,00    0,00    0,00    0,00
12:37:28       7  100,00    0,00    0,00    0,00    0,00    0,00    0,00    0,00    0,00    0,00
12:37:28       8  100,00    0,00    0,00    0,00    0,00    0,00    0,00    0,00    0,00    0,00
12:37:28       9  100,00    0,00    0,00    0,00    0,00    0,00    0,00    0,00    0,00    0,00
12:37:28      10  100,00    0,00    0,00    0,00    0,00    0,00    0,00    0,00    0,00    0,00
12:37:28      11  100,00    0,00    0,00    0,00    0,00    0,00    0,00    0,00    0,00    0,00
12:37:28      12  100,00    0,00    0,00    0,00    0,00    0,00    0,00    0,00    0,00    0,00
12:37:28      13    0,00    0,00    0,00    0,00    0,00    0,00    0,00    0,00    0,00  100,00
12:37:28      14    0,99    0,00    0,00    0,00    0,00    0,00    0,00    0,00    0,00   99,01
12:37:28      15    0,00    0,00    0,00    0,00    0,00    0,00    0,00    0,00    0,00  100,00
12:37:28      16    0,00    0,00    0,00    0,00    0,00    0,00    0,00    0,00    0,00  100,00
12:37:28      17    0,00    0,00    0,00    0,00    0,00    0,00    0,00    0,00    0,00  100,00
12:37:28      18    0,00    0,00    0,00    0,00    0,00    0,00    0,00    0,00    0,00  100,00
12:37:28      19    0,00    0,00    0,00    0,00    0,00    0,00    0,00    0,00    0,00  100,00
12:37:28      20    0,00    0,00    0,00    0,00    0,00    0,00    0,00    0,00    0,00  100,00
12:37:28      21    0,00    0,00    0,00    1,00    0,00    0,00    0,00    0,00    0,00   99,00
12:37:28      22    0,00    0,00    0,00    0,00    0,00    0,00    0,00    0,00    0,00  100,00
12:37:28      23    0,00    0,00    0,00    0,00    0,00    0,00    0,00    0,00    0,00  100,00

12:37:28     CPU    %usr   %nice    %sys %iowait    %irq   %soft  %steal  %guest  %gnice   %idle
12:37:29     all   54,27    0,00    0,25    0,00    0,00    0,00    0,00    0,00    0,00   45,48
12:37:29       0  100,00    0,00    0,00    0,00    0,00    0,00    0,00    0,00    0,00    0,00
12:37:29       1  100,00    0,00    0,00    0,00    0,00    0,00    0,00    0,00    0,00    0,00
12:37:29       2  100,00    0,00    0,00    0,00    0,00    0,00    0,00    0,00    0,00    0,00
12:37:29       3  100,00    0,00    0,00    0,00    0,00    0,00    0,00    0,00    0,00    0,00
12:37:29       4  100,00    0,00    0,00    0,00    0,00    0,00    0,00    0,00    0,00    0,00
12:37:29       5  100,00    0,00    0,00    0,00    0,00    0,00    0,00    0,00    0,00    0,00
12:37:29       6  100,00    0,00    0,00    0,00    0,00    0,00    0,00    0,00    0,00    0,00
12:37:29       7  100,00    0,00    0,00    0,00    0,00    0,00    0,00    0,00    0,00    0,00
12:37:29       8  100,00    0,00    0,00    0,00    0,00    0,00    0,00    0,00    0,00    0,00
12:37:29       9  100,00    0,00    0,00    0,00    0,00    0,00    0,00    0,00    0,00    0,00
12:37:29      10  100,00    0,00    0,00    0,00    0,00    0,00    0,00    0,00    0,00    0,00
12:37:29      11  100,00    0,00    0,00    0,00    0,00    0,00    0,00    0,00    0,00    0,00
12:37:29      12  100,00    0,00    0,00    0,00    0,00    0,00    0,00    0,00    0,00    0,00
12:37:29      13    0,00    0,00    0,00    0,00    0,00    0,00    0,00    0,00    0,00  100,00
12:37:29      14    0,00    0,00    0,99    0,00    0,00    0,00    0,00    0,00    0,00   99,01
12:37:29      15    0,00    0,00    0,99    0,00    0,00    0,00    0,00    0,00    0,00   99,01
12:37:29      16    1,98    0,00    1,98    0,00    0,00    0,00    0,00    0,00    0,00   96,04
12:37:29      17    0,00    0,00    1,00    0,00    0,00    0,00    0,00    0,00    0,00   99,00
12:37:29      18    1,96    0,00    0,98    0,00    0,00    0,00    0,00    0,00    0,00   97,06
12:37:29      19    0,00    0,00    0,00    0,00    0,00    0,00    0,00    0,00    0,00  100,00
12:37:29      20    0,00    0,00    0,00    0,00    0,00    0,00    0,00    0,00    0,00  100,00
12:37:29      21    0,00    0,00    0,00    0,00    0,00    0,00    0,00    0,00    0,00  100,00
12:37:29      22    0,00    0,00    0,00    0,00    0,00    0,00    0,00    0,00    0,00  100,00
12:37:29      23    0,00    0,00    0,00    0,00    0,00    0,00    0,00    0,00    0,00  100,00

12:37:29     CPU    %usr   %nice    %sys %iowait    %irq   %soft  %steal  %guest  %gnice   %idle
12:37:30     all   54,19    0,00    0,00    0,00    0,00    0,00    0,00    0,00    0,00   45,81
12:37:30       0  100,00    0,00    0,00    0,00    0,00    0,00    0,00    0,00    0,00    0,00
12:37:30       1  100,00    0,00    0,00    0,00    0,00    0,00    0,00    0,00    0,00    0,00
12:37:30       2  100,00    0,00    0,00    0,00    0,00    0,00    0,00    0,00    0,00    0,00
12:37:30       3  100,00    0,00    0,00    0,00    0,00    0,00    0,00    0,00    0,00    0,00
12:37:30       4  100,00    0,00    0,00    0,00    0,00    0,00    0,00    0,00    0,00    0,00
12:37:30       5  100,00    0,00    0,00    0,00    0,00    0,00    0,00    0,00    0,00    0,00
12:37:30       6  100,00    0,00    0,00    0,00    0,00    0,00    0,00    0,00    0,00    0,00
12:37:30       7  100,00    0,00    0,00    0,00    0,00    0,00    0,00    0,00    0,00    0,00
12:37:30       8  100,00    0,00    0,00    0,00    0,00    0,00    0,00    0,00    0,00    0,00
12:37:30       9  100,00    0,00    0,00    0,00    0,00    0,00    0,00    0,00    0,00    0,00
12:37:30      10  100,00    0,00    0,00    0,00    0,00    0,00    0,00    0,00    0,00    0,00
12:37:30      11  100,00    0,00    0,00    0,00    0,00    0,00    0,00    0,00    0,00    0,00
12:37:30      12  100,00    0,00    0,00    0,00    0,00    0,00    0,00    0,00    0,00    0,00
12:37:30      13    0,00    0,00    0,00    0,00    0,00    0,00    0,00    0,00    0,00  100,00
12:37:30      14    0,00    0,00    0,00    0,00    0,00    0,00    0,00    0,00    0,00  100,00
12:37:30      15    0,00    0,00    0,00    0,00    0,00    0,00    0,00    0,00    0,00  100,00
12:37:30      16    0,00    0,00    0,00    0,00    0,00    0,00    0,00    0,00    0,00  100,00
12:37:30      17    0,00    0,00    0,00    0,00    0,00    0,00    0,00    0,00    0,00  100,00
12:37:30      18    0,00    0,00    0,00    0,00    0,00    0,00    0,00    0,00    0,00  100,00
12:37:30      19    0,00    0,00    0,00    0,00    0,00    0,00    0,00    0,00    0,00  100,00
12:37:30      20    0,00    0,00    0,00    0,00    0,00    0,00    0,00    0,00    0,00  100,00
12:37:30      21    0,00    0,00    0,00    0,00    0,00    0,00    0,00    0,00    0,00  100,00
12:37:30      22    0,00    0,00    0,00    0,00    0,00    0,00    0,00    0,00    0,00  100,00
12:37:30      23    0,00    0,00    0,00    0,00    0,00    0,00    0,00    0,00    0,00  100,00

12:37:30     CPU    %usr   %nice    %sys %iowait    %irq   %soft  %steal  %guest  %gnice   %idle
12:37:31     all   54,23    0,00    0,13    0,08    0,00    0,00    0,00    0,00    0,00   45,56
12:37:31       0  100,00    0,00    0,00    0,00    0,00    0,00    0,00    0,00    0,00    0,00
12:37:31       1  100,00    0,00    0,00    0,00    0,00    0,00    0,00    0,00    0,00    0,00
12:37:31       2  100,00    0,00    0,00    0,00    0,00    0,00    0,00    0,00    0,00    0,00
12:37:31       3  100,00    0,00    0,00    0,00    0,00    0,00    0,00    0,00    0,00    0,00
12:37:31       4  100,00    0,00    0,00    0,00    0,00    0,00    0,00    0,00    0,00    0,00
12:37:31       5  100,00    0,00    0,00    0,00    0,00    0,00    0,00    0,00    0,00    0,00
12:37:31       6  100,00    0,00    0,00    0,00    0,00    0,00    0,00    0,00    0,00    0,00
12:37:31       7  100,00    0,00    0,00    0,00    0,00    0,00    0,00    0,00    0,00    0,00
12:37:31       8  100,00    0,00    0,00    0,00    0,00    0,00    0,00    0,00    0,00    0,00
12:37:31       9  100,00    0,00    0,00    0,00    0,00    0,00    0,00    0,00    0,00    0,00
12:37:31      10  100,00    0,00    0,00    0,00    0,00    0,00    0,00    0,00    0,00    0,00
12:37:31      11  100,00    0,00    0,00    0,00    0,00    0,00    0,00    0,00    0,00    0,00
12:37:31      12  100,00    0,00    0,00    0,00    0,00    0,00    0,00    0,00    0,00    0,00
12:37:31      13    0,00    0,00    0,00    0,00    0,00    0,00    0,00    0,00    0,00  100,00
12:37:31      14    0,00    0,00    0,00    0,00    0,00    0,00    0,00    0,00    0,00  100,00
12:37:31      15    0,00    0,00    0,00    0,00    0,00    0,00    0,00    0,00    0,00  100,00
12:37:31      16    0,00    0,00    0,00    0,00    0,00    0,00    0,00    0,00    0,00  100,00
12:37:31      17    0,00    0,00    0,99    0,00    0,00    0,00    0,00    0,00    0,00   99,01
12:37:31      18    0,00    0,00    1,01    1,01    0,00    0,00    0,00    0,00    0,00   97,98
12:37:31      19    0,00    0,00    0,00    1,00    0,00    0,00    0,00    0,00    0,00   99,00
12:37:31      20    0,00    0,00    0,00    0,00    0,00    0,00    0,00    0,00    0,00  100,00
12:37:31      21    0,00    0,00    0,99    0,00    0,00    0,00    0,00    0,00    0,00   99,01
12:37:31      22    0,00    0,00    0,00    0,00    0,00    0,00    0,00    0,00    0,00  100,00
12:37:31      23    0,00    0,00    0,00    0,00    0,00    0,00    0,00    0,00    0,00  100,00

12:37:31     CPU    %usr   %nice    %sys %iowait    %irq   %soft  %steal  %guest  %gnice   %idle
12:37:32     all   54,19    0,00    0,00    0,00    0,00    0,00    0,00    0,00    0,00   45,81
12:37:32       0  100,00    0,00    0,00    0,00    0,00    0,00    0,00    0,00    0,00    0,00
12:37:32       1  100,00    0,00    0,00    0,00    0,00    0,00    0,00    0,00    0,00    0,00
12:37:32       2  100,00    0,00    0,00    0,00    0,00    0,00    0,00    0,00    0,00    0,00
12:37:32       3  100,00    0,00    0,00    0,00    0,00    0,00    0,00    0,00    0,00    0,00
12:37:32       4  100,00    0,00    0,00    0,00    0,00    0,00    0,00    0,00    0,00    0,00
12:37:32       5  100,00    0,00    0,00    0,00    0,00    0,00    0,00    0,00    0,00    0,00
12:37:32       6  100,00    0,00    0,00    0,00    0,00    0,00    0,00    0,00    0,00    0,00
12:37:32       7  100,00    0,00    0,00    0,00    0,00    0,00    0,00    0,00    0,00    0,00
12:37:32       8  100,00    0,00    0,00    0,00    0,00    0,00    0,00    0,00    0,00    0,00
12:37:32       9  100,00    0,00    0,00    0,00    0,00    0,00    0,00    0,00    0,00    0,00
12:37:32      10  100,00    0,00    0,00    0,00    0,00    0,00    0,00    0,00    0,00    0,00
12:37:32      11  100,00    0,00    0,00    0,00    0,00    0,00    0,00    0,00    0,00    0,00
12:37:32      12  100,00    0,00    0,00    0,00    0,00    0,00    0,00    0,00    0,00    0,00
12:37:32      13    0,00    0,00    0,00    0,00    0,00    0,00    0,00    0,00    0,00  100,00
12:37:32      14    0,00    0,00    0,00    0,00    0,00    0,00    0,00    0,00    0,00  100,00
12:37:32      15    0,00    0,00    0,00    0,00    0,00    0,00    0,00    0,00    0,00  100,00
12:37:32      16    0,00    0,00    0,00    0,00    0,00    0,00    0,00    0,00    0,00  100,00
12:37:32      17    0,00    0,00    0,00    0,00    0,00    0,00    0,00    0,00    0,00  100,00
12:37:32      18    0,00    0,00    0,00    0,00    0,00    0,00    0,00    0,00    0,00  100,00
12:37:32      19    0,00    0,00    0,00    0,00    0,00    0,00    0,00    0,00    0,00  100,00
12:37:32      20    0,00    0,00    0,00    0,00    0,00    0,00    0,00    0,00    0,00  100,00
12:37:32      21    0,00    0,00    0,00    0,00    0,00    0,00    0,00    0,00    0,00  100,00
12:37:32      22    0,00    0,00    0,00    0,00    0,00    0,00    0,00    0,00    0,00  100,00
12:37:32      23    0,00    0,00    0,00    0,00    0,00    0,00    0,00    0,00    0,00  100,00

12:37:32     CPU    %usr   %nice    %sys %iowait    %irq   %soft  %steal  %guest  %gnice   %idle
12:37:33     all   54,27    0,00    0,08    0,00    0,00    0,00    0,00    0,00    0,00   45,64
12:37:33       0  100,00    0,00    0,00    0,00    0,00    0,00    0,00    0,00    0,00    0,00
12:37:33       1  100,00    0,00    0,00    0,00    0,00    0,00    0,00    0,00    0,00    0,00
12:37:33       2  100,00    0,00    0,00    0,00    0,00    0,00    0,00    0,00    0,00    0,00
12:37:33       3  100,00    0,00    0,00    0,00    0,00    0,00    0,00    0,00    0,00    0,00
12:37:33       4  100,00    0,00    0,00    0,00    0,00    0,00    0,00    0,00    0,00    0,00
12:37:33       5  100,00    0,00    0,00    0,00    0,00    0,00    0,00    0,00    0,00    0,00
12:37:33       6  100,00    0,00    0,00    0,00    0,00    0,00    0,00    0,00    0,00    0,00
12:37:33       7  100,00    0,00    0,00    0,00    0,00    0,00    0,00    0,00    0,00    0,00
12:37:33       8  100,00    0,00    0,00    0,00    0,00    0,00    0,00    0,00    0,00    0,00
12:37:33       9  100,00    0,00    0,00    0,00    0,00    0,00    0,00    0,00    0,00    0,00
12:37:33      10  100,00    0,00    0,00    0,00    0,00    0,00    0,00    0,00    0,00    0,00
12:37:33      11  100,00    0,00    0,00    0,00    0,00    0,00    0,00    0,00    0,00    0,00
12:37:33      12  100,00    0,00    0,00    0,00    0,00    0,00    0,00    0,00    0,00    0,00
12:37:33      13    0,00    0,00    0,00    0,00    0,00    0,00    0,00    0,00    0,00  100,00
12:37:33      14    0,00    0,00    0,00    0,00    0,00    0,00    0,00    0,00    0,00  100,00
12:37:33      15    0,00    0,00    0,00    0,00    0,00    0,00    0,00    0,00    0,00  100,00
12:37:33      16    1,00    0,00    0,00    0,00    0,00    0,00    0,00    0,00    0,00   99,00
12:37:33      17    0,99    0,00    0,99    0,00    0,00    0,00    0,00    0,00    0,00   98,02
12:37:33      18    0,00    0,00    0,00    0,00    0,00    0,00    0,00    0,00    0,00  100,00
12:37:33      19    0,00    0,00    0,99    0,00    0,00    0,00    0,00    0,00    0,00   99,01
12:37:33      20    0,00    0,00    0,00    0,00    0,00    0,00    0,00    0,00    0,00  100,00
12:37:33      21    0,00    0,00    0,00    0,00    0,00    0,00    0,00    0,00    0,00  100,00
12:37:33      22    0,00    0,00    0,00    0,00    0,00    0,00    0,00    0,00    0,00  100,00
12:37:33      23    0,00    0,00    0,00    0,00    0,00    0,00    0,00    0,00    0,00  100,00

12:37:33     CPU    %usr   %nice    %sys %iowait    %irq   %soft  %steal  %guest  %gnice   %idle
12:37:34     all   54,21    0,00    0,00    0,00    0,00    0,00    0,00    0,00    0,00   45,79
12:37:34       0  100,00    0,00    0,00    0,00    0,00    0,00    0,00    0,00    0,00    0,00
12:37:34       1  100,00    0,00    0,00    0,00    0,00    0,00    0,00    0,00    0,00    0,00
12:37:34       2  100,00    0,00    0,00    0,00    0,00    0,00    0,00    0,00    0,00    0,00
12:37:34       3  100,00    0,00    0,00    0,00    0,00    0,00    0,00    0,00    0,00    0,00
12:37:34       4  100,00    0,00    0,00    0,00    0,00    0,00    0,00    0,00    0,00    0,00
12:37:34       5  100,00    0,00    0,00    0,00    0,00    0,00    0,00    0,00    0,00    0,00
12:37:34       6  100,00    0,00    0,00    0,00    0,00    0,00    0,00    0,00    0,00    0,00
12:37:34       7  100,00    0,00    0,00    0,00    0,00    0,00    0,00    0,00    0,00    0,00
12:37:34       8  100,00    0,00    0,00    0,00    0,00    0,00    0,00    0,00    0,00    0,00
12:37:34       9  100,00    0,00    0,00    0,00    0,00    0,00    0,00    0,00    0,00    0,00
12:37:34      10  100,00    0,00    0,00    0,00    0,00    0,00    0,00    0,00    0,00    0,00
12:37:34      11  100,00    0,00    0,00    0,00    0,00    0,00    0,00    0,00    0,00    0,00
12:37:34      12  100,00    0,00    0,00    0,00    0,00    0,00    0,00    0,00    0,00    0,00
12:37:34      13    0,00    0,00    0,00    0,00    0,00    0,00    0,00    0,00    0,00  100,00
12:37:34      14    0,00    0,00    0,00    0,00    0,00    0,00    0,00    0,00    0,00  100,00
12:37:34      15    0,00    0,00    0,00    0,00    0,00    0,00    0,00    0,00    0,00  100,00
12:37:34      16    0,00    0,00    0,00    0,00    0,00    0,00    0,00    0,00    0,00  100,00
12:37:34      17    0,00    0,00    0,00    0,00    0,00    0,00    0,00    0,00    0,00  100,00
12:37:34      18    0,00    0,00    0,00    0,00    0,00    0,00    0,00    0,00    0,00  100,00
12:37:34      19    0,00    0,00    0,00    0,00    0,00    0,00    0,00    0,00    0,00  100,00
12:37:34      20    0,99    0,00    0,00    0,00    0,00    0,00    0,00    0,00    0,00   99,01
12:37:34      21    0,00    0,00    0,00    0,00    0,00    0,00    0,00    0,00    0,00  100,00
12:37:34      22    0,00    0,00    0,00    0,00    0,00    0,00    0,00    0,00    0,00  100,00
12:37:34      23    0,00    0,00    0,00    0,00    0,00    0,00    0,00    0,00    0,00  100,00

12:37:34     CPU    %usr   %nice    %sys %iowait    %irq   %soft  %steal  %guest  %gnice   %idle
12:37:35     all   54,25    0,00    0,17    0,00    0,00    0,00    0,00    0,00    0,00   45,58
12:37:35       0  100,00    0,00    0,00    0,00    0,00    0,00    0,00    0,00    0,00    0,00
12:37:35       1  100,00    0,00    0,00    0,00    0,00    0,00    0,00    0,00    0,00    0,00
12:37:35       2  100,00    0,00    0,00    0,00    0,00    0,00    0,00    0,00    0,00    0,00
12:37:35       3  100,00    0,00    0,00    0,00    0,00    0,00    0,00    0,00    0,00    0,00
12:37:35       4  100,00    0,00    0,00    0,00    0,00    0,00    0,00    0,00    0,00    0,00
12:37:35       5  100,00    0,00    0,00    0,00    0,00    0,00    0,00    0,00    0,00    0,00
12:37:35       6  100,00    0,00    0,00    0,00    0,00    0,00    0,00    0,00    0,00    0,00
12:37:35       7  100,00    0,00    0,00    0,00    0,00    0,00    0,00    0,00    0,00    0,00
12:37:35       8  100,00    0,00    0,00    0,00    0,00    0,00    0,00    0,00    0,00    0,00
12:37:35       9  100,00    0,00    0,00    0,00    0,00    0,00    0,00    0,00    0,00    0,00
12:37:35      10  100,00    0,00    0,00    0,00    0,00    0,00    0,00    0,00    0,00    0,00
12:37:35      11  100,00    0,00    0,00    0,00    0,00    0,00    0,00    0,00    0,00    0,00
12:37:35      12  100,00    0,00    0,00    0,00    0,00    0,00    0,00    0,00    0,00    0,00
12:37:35      13    0,00    0,00    0,00    0,00    0,00    0,00    0,00    0,00    0,00  100,00
12:37:35      14    0,00    0,00    0,00    0,00    0,00    0,00    0,00    0,00    0,00  100,00
12:37:35      15    0,00    0,00    0,00    0,00    0,00    0,00    0,00    0,00    0,00  100,00
12:37:35      16    0,99    0,00    0,99    0,00    0,00    0,00    0,00    0,00    0,00   98,02
12:37:35      17    0,00    0,00    1,01    0,00    0,00    0,00    0,00    0,00    0,00   98,99
12:37:35      18    0,00    0,00    0,00    0,00    0,00    0,00    0,00    0,00    0,00  100,00
12:37:35      19    0,00    0,00    0,00    0,00    0,00    0,00    0,00    0,00    0,00  100,00
12:37:35      20    0,00    0,00    1,00    0,00    0,00    0,00    0,00    0,00    0,00   99,00
12:37:35      21    0,00    0,00    0,00    0,00    0,00    0,00    0,00    0,00    0,00  100,00
12:37:35      22    0,00    0,00    1,00    0,00    0,00    0,00    0,00    0,00    0,00   99,00
12:37:35      23    0,00    0,00    0,00    0,00    0,00    0,00    0,00    0,00    0,00  100,00

12:37:35     CPU    %usr   %nice    %sys %iowait    %irq   %soft  %steal  %guest  %gnice   %idle
12:37:36     all   54,21    0,00    0,04    0,04    0,00    0,00    0,00    0,00    0,00   45,70
12:37:36       0  100,00    0,00    0,00    0,00    0,00    0,00    0,00    0,00    0,00    0,00
12:37:36       1  100,00    0,00    0,00    0,00    0,00    0,00    0,00    0,00    0,00    0,00
12:37:36       2  100,00    0,00    0,00    0,00    0,00    0,00    0,00    0,00    0,00    0,00
12:37:36       3  100,00    0,00    0,00    0,00    0,00    0,00    0,00    0,00    0,00    0,00
12:37:36       4  100,00    0,00    0,00    0,00    0,00    0,00    0,00    0,00    0,00    0,00
12:37:36       5  100,00    0,00    0,00    0,00    0,00    0,00    0,00    0,00    0,00    0,00
12:37:36       6  100,00    0,00    0,00    0,00    0,00    0,00    0,00    0,00    0,00    0,00
12:37:36       7  100,00    0,00    0,00    0,00    0,00    0,00    0,00    0,00    0,00    0,00
12:37:36       8  100,00    0,00    0,00    0,00    0,00    0,00    0,00    0,00    0,00    0,00
12:37:36       9  100,00    0,00    0,00    0,00    0,00    0,00    0,00    0,00    0,00    0,00
12:37:36      10  100,00    0,00    0,00    0,00    0,00    0,00    0,00    0,00    0,00    0,00
12:37:36      11  100,00    0,00    0,00    0,00    0,00    0,00    0,00    0,00    0,00    0,00
12:37:36      12  100,00    0,00    0,00    0,00    0,00    0,00    0,00    0,00    0,00    0,00
12:37:36      13    0,00    0,00    0,00    0,00    0,00    0,00    0,00    0,00    0,00  100,00
12:37:36      14    0,00    0,00    0,00    0,00    0,00    0,00    0,00    0,00    0,00  100,00
12:37:36      15    0,00    0,00    0,00    0,00    0,00    0,00    0,00    0,00    0,00  100,00
12:37:36      16    0,00    0,00    0,00    0,00    0,00    0,00    0,00    0,00    0,00  100,00
12:37:36      17    0,00    0,00    0,00    0,00    0,00    0,00    0,00    0,00    0,00  100,00
12:37:36      18    0,00    0,00    0,00    1,01    0,00    0,00    0,00    0,00    0,00   98,99
12:37:36      19    0,00    0,00    0,00    0,00    0,00    0,00    0,00    0,00    0,00  100,00
12:37:36      20    0,00    0,00    0,00    0,00    0,00    0,00    0,00    0,00    0,00  100,00
12:37:36      21    0,00    0,00    0,00    0,00    0,00    0,00    0,00    0,00    0,00  100,00
12:37:36      22    0,00    0,00    0,00    0,00    0,00    0,00    0,00    0,00    0,00  100,00
12:37:36      23    0,00    0,00    0,99    0,00    0,00    0,00    0,00    0,00    0,00   99,01

12:37:36     CPU    %usr   %nice    %sys %iowait    %irq   %soft  %steal  %guest  %gnice   %idle
12:37:37     all   54,36    0,00    0,08    0,00    0,00    0,00    0,00    0,00    0,00   45,56
12:37:37       0  100,00    0,00    0,00    0,00    0,00    0,00    0,00    0,00    0,00    0,00
12:37:37       1  100,00    0,00    0,00    0,00    0,00    0,00    0,00    0,00    0,00    0,00
12:37:37       2  100,00    0,00    0,00    0,00    0,00    0,00    0,00    0,00    0,00    0,00
12:37:37       3  100,00    0,00    0,00    0,00    0,00    0,00    0,00    0,00    0,00    0,00
12:37:37       4  100,00    0,00    0,00    0,00    0,00    0,00    0,00    0,00    0,00    0,00
12:37:37       5  100,00    0,00    0,00    0,00    0,00    0,00    0,00    0,00    0,00    0,00
12:37:37       6  100,00    0,00    0,00    0,00    0,00    0,00    0,00    0,00    0,00    0,00
12:37:37       7  100,00    0,00    0,00    0,00    0,00    0,00    0,00    0,00    0,00    0,00
12:37:37       8  100,00    0,00    0,00    0,00    0,00    0,00    0,00    0,00    0,00    0,00
12:37:37       9  100,00    0,00    0,00    0,00    0,00    0,00    0,00    0,00    0,00    0,00
12:37:37      10  100,00    0,00    0,00    0,00    0,00    0,00    0,00    0,00    0,00    0,00
12:37:37      11  100,00    0,00    0,00    0,00    0,00    0,00    0,00    0,00    0,00    0,00
12:37:37      12  100,00    0,00    0,00    0,00    0,00    0,00    0,00    0,00    0,00    0,00
12:37:37      13    0,00    0,00    0,00    0,00    0,00    0,00    0,00    0,00    0,00  100,00
12:37:37      14    0,00    0,00    0,00    0,00    0,00    0,00    0,00    0,00    0,00  100,00
12:37:37      15    0,00    0,00    0,00    0,00    0,00    0,00    0,00    0,00    0,00  100,00
12:37:37      16    1,00    0,00    0,00    0,00    0,00    0,00    0,00    0,00    0,00   99,00
12:37:37      17    0,99    0,00    1,98    0,00    0,00    0,00    0,00    0,00    0,00   97,03
12:37:37      18    0,00    0,00    0,00    0,00    0,00    0,00    0,00    0,00    0,00  100,00
12:37:37      19    0,00    0,00    0,00    0,00    0,00    0,00    0,00    0,00    0,00  100,00
12:37:37      20    0,00    0,00    0,00    0,00    0,00    0,00    0,00    0,00    0,00  100,00
12:37:37      21    1,00    0,00    0,00    0,00    0,00    0,00    0,00    0,00    0,00   99,00
12:37:37      22    1,00    0,00    0,00    0,00    0,00    0,00    0,00    0,00    0,00   99,00
12:37:37      23    0,00    0,00    0,00    0,00    0,00    0,00    0,00    0,00    0,00  100,00

12:37:37     CPU    %usr   %nice    %sys %iowait    %irq   %soft  %steal  %guest  %gnice   %idle
12:37:38     all   54,14    0,00    0,04    0,00    0,00    0,00    0,00    0,00    0,00   45,81
12:37:38       0  100,00    0,00    0,00    0,00    0,00    0,00    0,00    0,00    0,00    0,00
12:37:38       1  100,00    0,00    0,00    0,00    0,00    0,00    0,00    0,00    0,00    0,00
12:37:38       2  100,00    0,00    0,00    0,00    0,00    0,00    0,00    0,00    0,00    0,00
12:37:38       3  100,00    0,00    0,00    0,00    0,00    0,00    0,00    0,00    0,00    0,00
12:37:38       4  100,00    0,00    0,00    0,00    0,00    0,00    0,00    0,00    0,00    0,00
12:37:38       5  100,00    0,00    0,00    0,00    0,00    0,00    0,00    0,00    0,00    0,00
12:37:38       6  100,00    0,00    0,00    0,00    0,00    0,00    0,00    0,00    0,00    0,00
12:37:38       7  100,00    0,00    0,00    0,00    0,00    0,00    0,00    0,00    0,00    0,00
12:37:38       8  100,00    0,00    0,00    0,00    0,00    0,00    0,00    0,00    0,00    0,00
12:37:38       9  100,00    0,00    0,00    0,00    0,00    0,00    0,00    0,00    0,00    0,00
12:37:38      10  100,00    0,00    0,00    0,00    0,00    0,00    0,00    0,00    0,00    0,00
12:37:38      11  100,00    0,00    0,00    0,00    0,00    0,00    0,00    0,00    0,00    0,00
12:37:38      12  100,00    0,00    0,00    0,00    0,00    0,00    0,00    0,00    0,00    0,00
12:37:38      13    0,00    0,00    0,00    0,00    0,00    0,00    0,00    0,00    0,00  100,00
12:37:38      14    0,00    0,00    0,00    0,00    0,00    0,00    0,00    0,00    0,00  100,00
12:37:38      15    0,00    0,00    0,00    0,00    0,00    0,00    0,00    0,00    0,00  100,00
12:37:38      16    0,00    0,00    0,00    0,00    0,00    0,00    0,00    0,00    0,00  100,00
12:37:38      17    0,00    0,00    0,00    0,00    0,00    0,00    0,00    0,00    0,00  100,00
12:37:38      18    0,00    0,00    0,99    0,00    0,00    0,00    0,00    0,00    0,00   99,01
12:37:38      19    0,00    0,00    0,00    0,00    0,00    0,00    0,00    0,00    0,00  100,00
12:37:38      20    0,00    0,00    0,00    0,00    0,00    0,00    0,00    0,00    0,00  100,00
12:37:38      21    0,00    0,00    0,00    0,00    0,00    0,00    0,00    0,00    0,00  100,00
12:37:38      22    0,00    0,00    0,00    0,00    0,00    0,00    0,00    0,00    0,00  100,00
12:37:38      23    0,00    0,00    0,00    0,00    0,00    0,00    0,00    0,00    0,00  100,00

12:37:38     CPU    %usr   %nice    %sys %iowait    %irq   %soft  %steal  %guest  %gnice   %idle
12:37:39     all   54,23    0,00    0,08    0,00    0,00    0,00    0,00    0,00    0,00   45,69
12:37:39       0  100,00    0,00    0,00    0,00    0,00    0,00    0,00    0,00    0,00    0,00
12:37:39       1  100,00    0,00    0,00    0,00    0,00    0,00    0,00    0,00    0,00    0,00
12:37:39       2  100,00    0,00    0,00    0,00    0,00    0,00    0,00    0,00    0,00    0,00
12:37:39       3  100,00    0,00    0,00    0,00    0,00    0,00    0,00    0,00    0,00    0,00
12:37:39       4  100,00    0,00    0,00    0,00    0,00    0,00    0,00    0,00    0,00    0,00
12:37:39       5  100,00    0,00    0,00    0,00    0,00    0,00    0,00    0,00    0,00    0,00
12:37:39       6  100,00    0,00    0,00    0,00    0,00    0,00    0,00    0,00    0,00    0,00
12:37:39       7  100,00    0,00    0,00    0,00    0,00    0,00    0,00    0,00    0,00    0,00
12:37:39       8  100,00    0,00    0,00    0,00    0,00    0,00    0,00    0,00    0,00    0,00
12:37:39       9  100,00    0,00    0,00    0,00    0,00    0,00    0,00    0,00    0,00    0,00
12:37:39      10  100,00    0,00    0,00    0,00    0,00    0,00    0,00    0,00    0,00    0,00
12:37:39      11  100,00    0,00    0,00    0,00    0,00    0,00    0,00    0,00    0,00    0,00
12:37:39      12  100,00    0,00    0,00    0,00    0,00    0,00    0,00    0,00    0,00    0,00
12:37:39      13    0,00    0,00    0,00    0,00    0,00    0,00    0,00    0,00    0,00  100,00
12:37:39      14    0,00    0,00    0,00    0,00    0,00    0,00    0,00    0,00    0,00  100,00
12:37:39      15    0,00    0,00    0,00    0,00    0,00    0,00    0,00    0,00    0,00  100,00
12:37:39      16    0,00    0,00    1,00    0,00    0,00    0,00    0,00    0,00    0,00   99,00
12:37:39      17    0,00    0,00    0,00    0,00    0,00    0,00    0,00    0,00    0,00  100,00
12:37:39      18    1,00    0,00    0,00    0,00    0,00    0,00    0,00    0,00    0,00   99,00
12:37:39      19    0,00    0,00    0,00    0,00    0,00    0,00    0,00    0,00    0,00  100,00
12:37:39      20    0,00    0,00    0,00    0,00    0,00    0,00    0,00    0,00    0,00  100,00
12:37:39      21    0,00    0,00    0,00    0,00    0,00    0,00    0,00    0,00    0,00  100,00
12:37:39      22    0,00    0,00    1,00    0,00    0,00    0,00    0,00    0,00    0,00   99,00
12:37:39      23    0,00    0,00    0,00    0,00    0,00    0,00    0,00    0,00    0,00  100,00
