Linux 6.8.0-111-generic (testbed-node6) 	13/05/26 	_x86_64_	(24 CPU)

05:19:40     CPU    %usr   %nice    %sys %iowait    %irq   %soft  %steal  %guest  %gnice   %idle
05:19:41     all    0,58    0,00    0,25    0,04    0,00   20,79    0,00    0,00    0,00   78,34
05:19:41       0    0,00    0,00    0,00    1,00    0,00    0,00    0,00    0,00    0,00   99,00
05:19:41       1    0,00    0,00    0,00    0,00    0,00    0,00    0,00    0,00    0,00  100,00
05:19:41       2    0,99    0,00    0,99    0,00    0,00    0,00    0,00    0,00    0,00   98,02
05:19:41       3    0,00    0,00    0,00    0,00    0,00    0,00    0,00    0,00    0,00  100,00
05:19:41       4    0,00    0,00    0,00    0,00    0,00    0,00    0,00    0,00    0,00  100,00
05:19:41       5    0,00    0,00    0,00    0,00    0,00  100,00    0,00    0,00    0,00    0,00
05:19:41       6    0,00    0,00    0,00    0,00    0,00    0,00    0,00    0,00    0,00  100,00
05:19:41       7    0,00    0,00    0,00    0,00    0,00  100,00    0,00    0,00    0,00    0,00
05:19:41       8    7,00    0,00    1,00    0,00    0,00    0,00    0,00    0,00    0,00   92,00
05:19:41       9    0,00    0,00    0,00    0,00    0,00    0,00    0,00    0,00    0,00  100,00
05:19:41      10    0,00    0,00    0,00    0,00    0,00    0,00    0,00    0,00    0,00  100,00
05:19:41      11    0,00    0,00    0,00    0,00    0,00  100,00    0,00    0,00    0,00    0,00
05:19:41      12    0,00    0,00    0,00    0,00    0,00    0,00    0,00    0,00    0,00  100,00
05:19:41      13    0,00    0,00    0,00    0,00    0,00  100,00    0,00    0,00    0,00    0,00
05:19:41      14    0,00    0,00    0,00    0,00    0,00    0,00    0,00    0,00    0,00  100,00
05:19:41      15    0,00    0,00    0,00    0,00    0,00  100,00    0,00    0,00    0,00    0,00
05:19:41      16    1,01    0,00    0,00    0,00    0,00    0,00    0,00    0,00    0,00   98,99
05:19:41      17    0,00    0,00    0,00    0,00    0,00    0,00    0,00    0,00    0,00  100,00
05:19:41      18    0,00    0,00    0,99    0,00    0,00    0,00    0,00    0,00    0,00   99,01
05:19:41      19    1,00    0,00    0,00    0,00    0,00    0,00    0,00    0,00    0,00   99,00
05:19:41      20    0,99    0,00    0,00    0,00    0,00    0,00    0,00    0,00    0,00   99,01
05:19:41      21    0,99    0,00    1,98    0,00    0,00    0,00    0,00    0,00    0,00   97,03
05:19:41      22    0,98    0,00    0,98    0,00    0,00    0,00    0,00    0,00    0,00   98,04
05:19:41      23    1,00    0,00    0,00    0,00    0,00    0,00    0,00    0,00    0,00   99,00

05:19:41     CPU    %usr   %nice    %sys %iowait    %irq   %soft  %steal  %guest  %gnice   %idle
05:19:42     all    0,00    0,00    0,00    0,17    0,00   20,86    0,00    0,00    0,00   78,97
05:19:42       0    0,00    0,00    0,00    2,00    0,00    0,00    0,00    0,00    0,00   98,00
05:19:42       1    0,00    0,00    0,00    0,00    0,00    0,00    0,00    0,00    0,00  100,00
05:19:42       2    0,00    0,00    0,00    0,00    0,00    0,00    0,00    0,00    0,00  100,00
05:19:42       3    0,00    0,00    0,00    0,00    0,00    0,00    0,00    0,00    0,00  100,00
05:19:42       4    0,00    0,00    0,00    0,00    0,00    0,00    0,00    0,00    0,00  100,00
05:19:42       5    0,00    0,00    0,00    0,00    0,00  100,00    0,00    0,00    0,00    0,00
05:19:42       6    0,00    0,00    0,00    0,00    0,00    0,00    0,00    0,00    0,00  100,00
05:19:42       7    0,00    0,00    0,00    0,00    0,00  100,00    0,00    0,00    0,00    0,00
05:19:42       8    0,00    0,00    0,00    0,00    0,00    0,00    0,00    0,00    0,00  100,00
05:19:42       9    0,00    0,00    0,00    0,00    0,00    0,00    0,00    0,00    0,00  100,00
05:19:42      10    0,00    0,00    0,00    0,00    0,00    0,00    0,00    0,00    0,00  100,00
05:19:42      11    0,00    0,00    0,00    0,00    0,00  100,00    0,00    0,00    0,00    0,00
05:19:42      12    0,00    0,00    0,00    0,00    0,00    0,00    0,00    0,00    0,00  100,00
05:19:42      13    0,00    0,00    0,00    0,00    0,00  100,00    0,00    0,00    0,00    0,00
05:19:42      14    0,00    0,00    0,00    0,00    0,00    0,00    0,00    0,00    0,00  100,00
05:19:42      15    0,00    0,00    0,00    0,00    0,00  100,00    0,00    0,00    0,00    0,00
05:19:42      16    0,00    0,00    0,00    1,00    0,00    0,00    0,00    0,00    0,00   99,00
05:19:42      17    0,00    0,00    0,00    0,00    0,00    0,00    0,00    0,00    0,00  100,00
05:19:42      18    0,00    0,00    0,00    0,00    0,00    0,00    0,00    0,00    0,00  100,00
05:19:42      19    0,00    0,00    0,00    0,00    0,00    0,00    0,00    0,00    0,00  100,00
05:19:42      20    0,00    0,00    0,00    0,00    0,00    0,00    0,00    0,00    0,00  100,00
05:19:42      21    0,00    0,00    0,00    0,00    0,00    0,00    0,00    0,00    0,00  100,00
05:19:42      22    0,00    0,00    0,00    1,00    0,00    0,00    0,00    0,00    0,00   99,00
05:19:42      23    0,00    0,00    0,00    0,00    0,00    0,00    0,00    0,00    0,00  100,00

05:19:42     CPU    %usr   %nice    %sys %iowait    %irq   %soft  %steal  %guest  %gnice   %idle
05:19:43     all    0,96    0,00    0,59    0,04    0,00   20,93    0,00    0,00    0,00   77,48
05:19:43       0    5,05    0,00    1,01    1,01    0,00    0,00    0,00    0,00    0,00   92,93
05:19:43       1    1,01    0,00    0,00    0,00    0,00    0,00    0,00    0,00    0,00   98,99
05:19:43       2    4,04    0,00    2,02    0,00    0,00    0,00    0,00    0,00    0,00   93,94
05:19:43       3    0,00    0,00    0,00    0,00    0,00    0,00    0,00    0,00    0,00  100,00
05:19:43       4    0,00    0,00    0,00    0,00    0,00    0,00    0,00    0,00    0,00  100,00
05:19:43       5    0,00    0,00    0,00    0,00    0,00  100,00    0,00    0,00    0,00    0,00
05:19:43       6    0,00    0,00    0,00    0,00    0,00    0,00    0,00    0,00    0,00  100,00
05:19:43       7    0,00    0,00    0,00    0,00    0,00  100,00    0,00    0,00    0,00    0,00
05:19:43       8    1,02    0,00    0,00    0,00    0,00    0,00    0,00    0,00    0,00   98,98
05:19:43       9    0,00    0,00    0,00    0,00    0,00    0,00    0,00    0,00    0,00  100,00
05:19:43      10    0,00    0,00    0,00    0,00    0,00    0,00    0,00    0,00    0,00  100,00
05:19:43      11    0,00    0,00    0,00    0,00    0,00  100,00    0,00    0,00    0,00    0,00
05:19:43      12    0,00    0,00    0,00    0,00    0,00    0,00    0,00    0,00    0,00  100,00
05:19:43      13    0,00    0,00    0,00    0,00    0,00  100,00    0,00    0,00    0,00    0,00
05:19:43      14    0,00    0,00    0,00    0,00    0,00    0,00    0,00    0,00    0,00  100,00
05:19:43      15    0,00    0,00    0,00    0,00    0,00  100,00    0,00    0,00    0,00    0,00
05:19:43      16    1,00    0,00    2,00    0,00    0,00    0,00    0,00    0,00    0,00   97,00
05:19:43      17    3,00    0,00    3,00    0,00    0,00    0,00    0,00    0,00    0,00   94,00
05:19:43      18    2,00    0,00    1,00    0,00    0,00    0,00    0,00    0,00    0,00   97,00
05:19:43      19    1,00    0,00    1,00    0,00    0,00    0,00    0,00    0,00    0,00   98,00
05:19:43      20    1,02    0,00    1,02    0,00    0,00    0,00    0,00    0,00    0,00   97,96
05:19:43      21    2,00    0,00    1,00    0,00    0,00    0,00    0,00    0,00    0,00   97,00
05:19:43      22    1,01    0,00    1,01    0,00    0,00    0,00    0,00    0,00    0,00   97,98
05:19:43      23    1,01    0,00    1,01    0,00    0,00    0,00    0,00    0,00    0,00   97,98

05:19:43     CPU    %usr   %nice    %sys %iowait    %irq   %soft  %steal  %guest  %gnice   %idle
05:19:44     all    0,04    0,00    0,00    0,00    0,00   20,83    0,00    0,00    0,00   79,12
05:19:44       0    0,00    0,00    0,00    0,00    0,00    0,00    0,00    0,00    0,00  100,00
05:19:44       1    0,00    0,00    0,00    0,00    0,00    0,00    0,00    0,00    0,00  100,00
05:19:44       2    0,00    0,00    0,00    0,00    0,00    0,00    0,00    0,00    0,00  100,00
05:19:44       3    0,00    0,00    0,00    0,00    0,00    0,00    0,00    0,00    0,00  100,00
05:19:44       4    0,00    0,00    0,00    0,00    0,00    0,00    0,00    0,00    0,00  100,00
05:19:44       5    0,00    0,00    0,00    0,00    0,00  100,00    0,00    0,00    0,00    0,00
05:19:44       6    0,00    0,00    0,00    0,00    0,00    0,00    0,00    0,00    0,00  100,00
05:19:44       7    0,00    0,00    0,00    0,00    0,00  100,00    0,00    0,00    0,00    0,00
05:19:44       8    0,00    0,00    0,00    0,00    0,00    0,00    0,00    0,00    0,00  100,00
05:19:44       9    0,00    0,00    0,00    0,00    0,00    0,00    0,00    0,00    0,00  100,00
05:19:44      10    0,00    0,00    0,00    0,00    0,00    0,00    0,00    0,00    0,00  100,00
05:19:44      11    0,00    0,00    0,00    0,00    0,00  100,00    0,00    0,00    0,00    0,00
05:19:44      12    0,00    0,00    0,00    0,00    0,00    0,00    0,00    0,00    0,00  100,00
05:19:44      13    0,00    0,00    0,00    0,00    0,00  100,00    0,00    0,00    0,00    0,00
05:19:44      14    0,00    0,00    0,00    0,00    0,00    0,00    0,00    0,00    0,00  100,00
05:19:44      15    0,00    0,00    0,00    0,00    0,00  100,00    0,00    0,00    0,00    0,00
05:19:44      16    0,00    0,00    0,00    0,00    0,00    0,00    0,00    0,00    0,00  100,00
05:19:44      17    0,00    0,00    0,00    0,00    0,00    0,00    0,00    0,00    0,00  100,00
05:19:44      18    0,00    0,00    0,00    0,00    0,00    0,00    0,00    0,00    0,00  100,00
05:19:44      19    0,00    0,00    0,00    0,00    0,00    0,00    0,00    0,00    0,00  100,00
05:19:44      20    0,99    0,00    0,00    0,00    0,00    0,00    0,00    0,00    0,00   99,01
05:19:44      21    0,00    0,00    0,00    0,00    0,00    0,00    0,00    0,00    0,00  100,00
05:19:44      22    0,00    0,00    0,00    0,00    0,00    0,00    0,00    0,00    0,00  100,00
05:19:44      23    0,00    0,00    0,00    0,00    0,00    0,00    0,00    0,00    0,00  100,00

05:19:44     CPU    %usr   %nice    %sys %iowait    %irq   %soft  %steal  %guest  %gnice   %idle
05:19:45     all    0,12    0,00    0,04    0,04    0,00   20,82    0,00    0,00    0,00   78,98
05:19:45       0    0,00    0,00    0,00    0,00    0,00    0,00    0,00    0,00    0,00  100,00
05:19:45       1    0,00    0,00    0,00    0,00    0,00    0,00    0,00    0,00    0,00  100,00
05:19:45       2    0,00    0,00    0,00    0,00    0,00    0,00    0,00    0,00    0,00  100,00
05:19:45       3    0,00    0,00    0,00    0,00    0,00    0,00    0,00    0,00    0,00  100,00
05:19:45       4    0,00    0,00    0,00    0,00    0,00    0,00    0,00    0,00    0,00  100,00
05:19:45       5    0,00    0,00    0,00    0,00    0,00  100,00    0,00    0,00    0,00    0,00
05:19:45       6    0,00    0,00    0,00    0,00    0,00    0,00    0,00    0,00    0,00  100,00
05:19:45       7    0,00    0,00    0,00    0,00    0,00  100,00    0,00    0,00    0,00    0,00
05:19:45       8    0,00    0,00    0,00    0,00    0,00    0,00    0,00    0,00    0,00  100,00
05:19:45       9    0,00    0,00    0,00    0,00    0,00    0,00    0,00    0,00    0,00  100,00
05:19:45      10    0,00    0,00    0,00    0,00    0,00    0,00    0,00    0,00    0,00  100,00
05:19:45      11    0,00    0,00    0,00    0,00    0,00  100,00    0,00    0,00    0,00    0,00
05:19:45      12    0,99    0,00    0,00    0,00    0,00    0,00    0,00    0,00    0,00   99,01
05:19:45      13    0,00    0,00    0,00    0,00    0,00  100,00    0,00    0,00    0,00    0,00
05:19:45      14    0,00    0,00    0,00    0,00    0,00    0,00    0,00    0,00    0,00  100,00
05:19:45      15    0,00    0,00    0,00    0,00    0,00  100,00    0,00    0,00    0,00    0,00
05:19:45      16    0,00    0,00    0,00    0,00    0,00    0,00    0,00    0,00    0,00  100,00
05:19:45      17    0,00    0,00    0,00    0,00    0,00    0,00    0,00    0,00    0,00  100,00
05:19:45      18    0,00    0,00    0,00    0,00    0,00    0,00    0,00    0,00    0,00  100,00
05:19:45      19    0,00    0,00    0,00    0,00    0,00    0,00    0,00    0,00    0,00  100,00
05:19:45      20    0,99    0,00    0,99    0,00    0,00    0,00    0,00    0,00    0,00   98,02
05:19:45      21    1,00    0,00    0,00    1,00    0,00    0,00    0,00    0,00    0,00   98,00
05:19:45      22    0,00    0,00    0,00    0,00    0,00    0,00    0,00    0,00    0,00  100,00
05:19:45      23    0,00    0,00    0,00    0,00    0,00    0,00    0,00    0,00    0,00  100,00

05:19:45     CPU    %usr   %nice    %sys %iowait    %irq   %soft  %steal  %guest  %gnice   %idle
05:19:46     all    0,12    0,00    0,04    0,00    0,00   20,83    0,00    0,00    0,00   79,00
05:19:46       0    0,00    0,00    0,00    0,00    0,00    0,00    0,00    0,00    0,00  100,00
05:19:46       1    0,00    0,00    0,00    0,00    0,00    0,00    0,00    0,00    0,00  100,00
05:19:46       2    0,00    0,00    0,00    0,00    0,00    0,00    0,00    0,00    0,00  100,00
05:19:46       3    0,00    0,00    0,00    0,00    0,00    0,00    0,00    0,00    0,00  100,00
05:19:46       4    0,00    0,00    0,00    0,00    0,00    0,00    0,00    0,00    0,00  100,00
05:19:46       5    0,00    0,00    0,00    0,00    0,00  100,00    0,00    0,00    0,00    0,00
05:19:46       6    0,00    0,00    0,00    0,00    0,00    0,00    0,00    0,00    0,00  100,00
05:19:46       7    0,00    0,00    0,00    0,00    0,00  100,00    0,00    0,00    0,00    0,00
05:19:46       8    0,00    0,00    0,00    0,00    0,00    0,00    0,00    0,00    0,00  100,00
05:19:46       9    0,00    0,00    0,00    0,00    0,00    0,00    0,00    0,00    0,00  100,00
05:19:46      10    0,00    0,00    0,00    0,00    0,00    0,00    0,00    0,00    0,00  100,00
05:19:46      11    0,00    0,00    0,00    0,00    0,00  100,00    0,00    0,00    0,00    0,00
05:19:46      12    0,00    0,00    0,00    0,00    0,00    0,00    0,00    0,00    0,00  100,00
05:19:46      13    0,00    0,00    0,00    0,00    0,00  100,00    0,00    0,00    0,00    0,00
05:19:46      14    0,00    0,00    0,00    0,00    0,00    0,00    0,00    0,00    0,00  100,00
05:19:46      15    0,00    0,00    0,00    0,00    0,00  100,00    0,00    0,00    0,00    0,00
05:19:46      16    0,99    0,00    0,00    0,00    0,00    0,00    0,00    0,00    0,00   99,01
05:19:46      17    0,99    0,00    0,00    0,00    0,00    0,00    0,00    0,00    0,00   99,01
05:19:46      18    0,00    0,00    0,00    0,00    0,00    0,00    0,00    0,00    0,00  100,00
05:19:46      19    0,00    0,00    0,00    0,00    0,00    0,00    0,00    0,00    0,00  100,00
05:19:46      20    0,00    0,00    0,00    0,00    0,00    0,00    0,00    0,00    0,00  100,00
05:19:46      21    0,00    0,00    0,00    0,00    0,00    0,00    0,00    0,00    0,00  100,00
05:19:46      22    0,00    0,00    0,00    0,00    0,00    0,00    0,00    0,00    0,00  100,00
05:19:46      23    0,99    0,00    0,99    0,00    0,00    0,00    0,00    0,00    0,00   98,02

05:19:46     CPU    %usr   %nice    %sys %iowait    %irq   %soft  %steal  %guest  %gnice   %idle
05:19:47     all    0,04    0,00    0,00    0,00    0,00   20,85    0,00    0,00    0,00   79,11
05:19:47       0    0,00    0,00    0,00    0,00    0,00    0,00    0,00    0,00    0,00  100,00
05:19:47       1    0,00    0,00    0,00    0,00    0,00    0,00    0,00    0,00    0,00  100,00
05:19:47       2    0,00    0,00    0,00    0,00    0,00    0,00    0,00    0,00    0,00  100,00
05:19:47       3    0,00    0,00    0,00    0,00    0,00    0,00    0,00    0,00    0,00  100,00
05:19:47       4    0,00    0,00    0,00    0,00    0,00    0,00    0,00    0,00    0,00  100,00
05:19:47       5    0,00    0,00    0,00    0,00    0,00  100,00    0,00    0,00    0,00    0,00
05:19:47       6    0,00    0,00    0,00    0,00    0,00    0,00    0,00    0,00    0,00  100,00
05:19:47       7    0,00    0,00    0,00    0,00    0,00  100,00    0,00    0,00    0,00    0,00
05:19:47       8    0,00    0,00    0,00    0,00    0,00    0,00    0,00    0,00    0,00  100,00
05:19:47       9    0,00    0,00    0,00    0,00    0,00    0,00    0,00    0,00    0,00  100,00
05:19:47      10    0,00    0,00    0,00    0,00    0,00    0,00    0,00    0,00    0,00  100,00
05:19:47      11    0,00    0,00    0,00    0,00    0,00  100,00    0,00    0,00    0,00    0,00
05:19:47      12    0,00    0,00    0,00    0,00    0,00    0,00    0,00    0,00    0,00  100,00
05:19:47      13    0,00    0,00    0,00    0,00    0,00  100,00    0,00    0,00    0,00    0,00
05:19:47      14    0,00    0,00    0,00    0,00    0,00    0,00    0,00    0,00    0,00  100,00
05:19:47      15    0,00    0,00    0,00    0,00    0,00  100,00    0,00    0,00    0,00    0,00
05:19:47      16    0,00    0,00    0,00    0,00    0,00    0,00    0,00    0,00    0,00  100,00
05:19:47      17    0,00    0,00    0,00    0,00    0,00    0,00    0,00    0,00    0,00  100,00
05:19:47      18    0,00    0,00    0,00    0,00    0,00    0,00    0,00    0,00    0,00  100,00
05:19:47      19    0,00    0,00    0,00    0,00    0,00    0,00    0,00    0,00    0,00  100,00
05:19:47      20    0,99    0,00    0,00    0,00    0,00    0,00    0,00    0,00    0,00   99,01
05:19:47      21    0,00    0,00    0,00    0,00    0,00    0,00    0,00    0,00    0,00  100,00
05:19:47      22    0,00    0,00    0,00    0,00    0,00    0,00    0,00    0,00    0,00  100,00
05:19:47      23    0,00    0,00    0,00    0,00    0,00    0,00    0,00    0,00    0,00  100,00

05:19:47     CPU    %usr   %nice    %sys %iowait    %irq   %soft  %steal  %guest  %gnice   %idle
05:19:48     all    0,04    0,00    0,00    0,04    0,00   20,83    0,00    0,00    0,00   79,08
05:19:48       0    0,00    0,00    0,00    1,00    0,00    0,00    0,00    0,00    0,00   99,00
05:19:48       1    0,00    0,00    0,00    0,00    0,00    0,00    0,00    0,00    0,00  100,00
05:19:48       2    0,00    0,00    0,00    0,00    0,00    0,00    0,00    0,00    0,00  100,00
05:19:48       3    0,00    0,00    0,00    0,00    0,00    0,00    0,00    0,00    0,00  100,00
05:19:48       4    0,00    0,00    0,00    0,00    0,00    0,00    0,00    0,00    0,00  100,00
05:19:48       5    0,00    0,00    0,00    0,00    0,00  100,00    0,00    0,00    0,00    0,00
05:19:48       6    0,00    0,00    0,00    0,00    0,00    0,00    0,00    0,00    0,00  100,00
05:19:48       7    0,00    0,00    0,00    0,00    0,00  100,00    0,00    0,00    0,00    0,00
05:19:48       8    0,00    0,00    0,00    0,00    0,00    0,00    0,00    0,00    0,00  100,00
05:19:48       9    0,00    0,00    0,00    0,00    0,00    0,00    0,00    0,00    0,00  100,00
05:19:48      10    0,00    0,00    0,00    0,00    0,00    0,00    0,00    0,00    0,00  100,00
05:19:48      11    0,00    0,00    0,00    0,00    0,00  100,00    0,00    0,00    0,00    0,00
05:19:48      12    0,00    0,00    0,00    0,00    0,00    0,00    0,00    0,00    0,00  100,00
05:19:48      13    0,00    0,00    0,00    0,00    0,00  100,00    0,00    0,00    0,00    0,00
05:19:48      14    0,00    0,00    0,00    0,00    0,00    0,00    0,00    0,00    0,00  100,00
05:19:48      15    0,00    0,00    0,00    0,00    0,00  100,00    0,00    0,00    0,00    0,00
05:19:48      16    0,00    0,00    0,00    0,00    0,00    0,00    0,00    0,00    0,00  100,00
05:19:48      17    0,00    0,00    0,00    0,00    0,00    0,00    0,00    0,00    0,00  100,00
05:19:48      18    0,00    0,00    0,00    0,00    0,00    0,00    0,00    0,00    0,00  100,00
05:19:48      19    0,00    0,00    0,00    0,00    0,00    0,00    0,00    0,00    0,00  100,00
05:19:48      20    0,00    0,00    0,00    0,00    0,00    0,00    0,00    0,00    0,00  100,00
05:19:48      21    0,00    0,00    0,00    0,00    0,00    0,00    0,00    0,00    0,00  100,00
05:19:48      22    0,99    0,00    0,00    0,00    0,00    0,00    0,00    0,00    0,00   99,01
05:19:48      23    0,00    0,00    0,00    0,00    0,00    0,00    0,00    0,00    0,00  100,00

05:19:48     CPU    %usr   %nice    %sys %iowait    %irq   %soft  %steal  %guest  %gnice   %idle
05:19:49     all    0,00    0,00    0,00    0,00    0,00   20,84    0,00    0,00    0,00   79,16
05:19:49       0    0,00    0,00    0,00    0,00    0,00    0,00    0,00    0,00    0,00  100,00
05:19:49       1    0,00    0,00    0,00    0,00    0,00    0,00    0,00    0,00    0,00  100,00
05:19:49       2    0,00    0,00    0,00    0,00    0,00    0,00    0,00    0,00    0,00  100,00
05:19:49       3    0,00    0,00    0,00    0,00    0,00    0,00    0,00    0,00    0,00  100,00
05:19:49       4    0,00    0,00    0,00    0,00    0,00    0,00    0,00    0,00    0,00  100,00
05:19:49       5    0,00    0,00    0,00    0,00    0,00  100,00    0,00    0,00    0,00    0,00
05:19:49       6    0,00    0,00    0,00    0,00    0,00    0,00    0,00    0,00    0,00  100,00
05:19:49       7    0,00    0,00    0,00    0,00    0,00  100,00    0,00    0,00    0,00    0,00
05:19:49       8    0,00    0,00    0,00    0,00    0,00    0,00    0,00    0,00    0,00  100,00
05:19:49       9    0,00    0,00    0,00    0,00    0,00    0,00    0,00    0,00    0,00  100,00
05:19:49      10    0,00    0,00    0,00    0,00    0,00    0,00    0,00    0,00    0,00  100,00
05:19:49      11    0,00    0,00    0,00    0,00    0,00  100,00    0,00    0,00    0,00    0,00
05:19:49      12    0,00    0,00    0,00    0,00    0,00    0,00    0,00    0,00    0,00  100,00
05:19:49      13    0,00    0,00    0,00    0,00    0,00  100,00    0,00    0,00    0,00    0,00
05:19:49      14    0,00    0,00    0,00    0,00    0,00    0,00    0,00    0,00    0,00  100,00
05:19:49      15    0,00    0,00    0,00    0,00    0,00  100,00    0,00    0,00    0,00    0,00
05:19:49      16    0,00    0,00    0,00    0,00    0,00    0,00    0,00    0,00    0,00  100,00
05:19:49      17    0,00    0,00    0,00    0,00    0,00    0,00    0,00    0,00    0,00  100,00
05:19:49      18    0,00    0,00    0,00    0,00    0,00    0,00    0,00    0,00    0,00  100,00
05:19:49      19    0,00    0,00    0,00    0,00    0,00    0,00    0,00    0,00    0,00  100,00
05:19:49      20    0,00    0,00    0,00    0,00    0,00    0,00    0,00    0,00    0,00  100,00
05:19:49      21    0,00    0,00    0,00    0,00    0,00    0,00    0,00    0,00    0,00  100,00
05:19:49      22    0,00    0,00    0,00    0,00    0,00    0,00    0,00    0,00    0,00  100,00
05:19:49      23    0,00    0,00    0,00    0,00    0,00    0,00    0,00    0,00    0,00  100,00

05:19:49     CPU    %usr   %nice    %sys %iowait    %irq   %soft  %steal  %guest  %gnice   %idle
05:19:50     all    0,00    0,00    0,04    0,00    0,00   20,83    0,00    0,00    0,00   79,12
05:19:50       0    0,00    0,00    0,00    0,00    0,00    0,00    0,00    0,00    0,00  100,00
05:19:50       1    0,00    0,00    0,00    0,00    0,00    0,00    0,00    0,00    0,00  100,00
05:19:50       2    0,00    0,00    0,00    0,00    0,00    0,00    0,00    0,00    0,00  100,00
05:19:50       3    0,00    0,00    0,00    0,00    0,00    0,00    0,00    0,00    0,00  100,00
05:19:50       4    0,00    0,00    0,00    0,00    0,00    0,00    0,00    0,00    0,00  100,00
05:19:50       5    0,00    0,00    0,00    0,00    0,00  100,00    0,00    0,00    0,00    0,00
05:19:50       6    0,00    0,00    0,00    0,00    0,00    0,00    0,00    0,00    0,00  100,00
05:19:50       7    0,00    0,00    0,00    0,00    0,00  100,00    0,00    0,00    0,00    0,00
05:19:50       8    0,00    0,00    0,00    0,00    0,00    0,00    0,00    0,00    0,00  100,00
05:19:50       9    0,00    0,00    0,00    0,00    0,00    0,00    0,00    0,00    0,00  100,00
05:19:50      10    0,00    0,00    0,00    0,00    0,00    0,00    0,00    0,00    0,00  100,00
05:19:50      11    0,00    0,00    0,00    0,00    0,00  100,00    0,00    0,00    0,00    0,00
05:19:50      12    0,00    0,00    0,00    0,00    0,00    0,00    0,00    0,00    0,00  100,00
05:19:50      13    0,00    0,00    0,00    0,00    0,00  100,00    0,00    0,00    0,00    0,00
05:19:50      14    0,00    0,00    0,00    0,00    0,00    0,00    0,00    0,00    0,00  100,00
05:19:50      15    0,00    0,00    0,00    0,00    0,00  100,00    0,00    0,00    0,00    0,00
05:19:50      16    0,00    0,00    0,00    0,00    0,00    0,00    0,00    0,00    0,00  100,00
05:19:50      17    0,00    0,00    0,00    0,00    0,00    0,00    0,00    0,00    0,00  100,00
05:19:50      18    0,00    0,00    0,99    0,00    0,00    0,00    0,00    0,00    0,00   99,01
05:19:50      19    0,00    0,00    0,00    0,00    0,00    0,00    0,00    0,00    0,00  100,00
05:19:50      20    0,00    0,00    0,00    0,00    0,00    0,00    0,00    0,00    0,00  100,00
05:19:50      21    0,00    0,00    0,00    0,00    0,00    0,00    0,00    0,00    0,00  100,00
05:19:50      22    0,00    0,00    0,00    0,00    0,00    0,00    0,00    0,00    0,00  100,00
05:19:50      23    0,00    0,00    0,00    0,00    0,00    0,00    0,00    0,00    0,00  100,00

05:19:50     CPU    %usr   %nice    %sys %iowait    %irq   %soft  %steal  %guest  %gnice   %idle
05:19:51     all    0,33    0,00    0,25    0,00    0,00   20,87    0,00    0,00    0,00   78,55
05:19:51       0    0,00    0,00    0,00    0,00    0,00    0,00    0,00    0,00    0,00  100,00
05:19:51       1    0,00    0,00    0,00    0,00    0,00    0,00    0,00    0,00    0,00  100,00
05:19:51       2    7,00    0,00    3,00    0,00    0,00    0,00    0,00    0,00    0,00   90,00
05:19:51       3    0,00    0,00    0,00    0,00    0,00    0,00    0,00    0,00    0,00  100,00
05:19:51       4    0,00    0,00    0,00    0,00    0,00    0,00    0,00    0,00    0,00  100,00
05:19:51       5    0,00    0,00    0,00    0,00    0,00  100,00    0,00    0,00    0,00    0,00
05:19:51       6    0,00    0,00    0,00    0,00    0,00    0,00    0,00    0,00    0,00  100,00
05:19:51       7    0,00    0,00    0,00    0,00    0,00  100,00    0,00    0,00    0,00    0,00
05:19:51       8    0,00    0,00    0,00    0,00    0,00    0,00    0,00    0,00    0,00  100,00
05:19:51       9    0,00    0,00    0,00    0,00    0,00    0,00    0,00    0,00    0,00  100,00
05:19:51      10    0,00    0,00    0,00    0,00    0,00    0,00    0,00    0,00    0,00  100,00
05:19:51      11    0,00    0,00    0,00    0,00    0,00  100,00    0,00    0,00    0,00    0,00
05:19:51      12    0,00    0,00    0,00    0,00    0,00    0,00    0,00    0,00    0,00  100,00
05:19:51      13    0,00    0,00    0,00    0,00    0,00  100,00    0,00    0,00    0,00    0,00
05:19:51      14    1,02    0,00    3,06    0,00    0,00    0,00    0,00    0,00    0,00   95,92
05:19:51      15    0,00    0,00    0,00    0,00    0,00  100,00    0,00    0,00    0,00    0,00
05:19:51      16    0,00    0,00    0,00    0,00    0,00    0,00    0,00    0,00    0,00  100,00
05:19:51      17    0,00    0,00    0,00    0,00    0,00    0,00    0,00    0,00    0,00  100,00
05:19:51      18    0,00    0,00    0,00    0,00    0,00    0,00    0,00    0,00    0,00  100,00
05:19:51      19    0,00    0,00    0,00    0,00    0,00    0,00    0,00    0,00    0,00  100,00
05:19:51      20    0,00    0,00    0,00    0,00    0,00    0,00    0,00    0,00    0,00  100,00
05:19:51      21    0,00    0,00    0,00    0,00    0,00    0,00    0,00    0,00    0,00  100,00
05:19:51      22    0,00    0,00    0,00    0,00    0,00    0,00    0,00    0,00    0,00  100,00
05:19:51      23    0,00    0,00    0,00    0,00    0,00    0,00    0,00    0,00    0,00  100,00

05:19:51     CPU    %usr   %nice    %sys %iowait    %irq   %soft  %steal  %guest  %gnice   %idle
05:19:52     all    0,00    0,00    0,00    0,00    0,00   20,87    0,00    0,00    0,00   79,13
05:19:52       0    0,00    0,00    0,00    0,00    0,00    0,00    0,00    0,00    0,00  100,00
05:19:52       1    0,00    0,00    0,00    0,00    0,00    0,00    0,00    0,00    0,00  100,00
05:19:52       2    0,00    0,00    0,00    0,00    0,00    0,00    0,00    0,00    0,00  100,00
05:19:52       3    0,00    0,00    0,00    0,00    0,00    0,00    0,00    0,00    0,00  100,00
05:19:52       4    0,00    0,00    0,00    0,00    0,00    0,00    0,00    0,00    0,00  100,00
05:19:52       5    0,00    0,00    0,00    0,00    0,00  100,00    0,00    0,00    0,00    0,00
05:19:52       6    0,00    0,00    0,00    0,00    0,00    0,00    0,00    0,00    0,00  100,00
05:19:52       7    0,00    0,00    0,00    0,00    0,00  100,00    0,00    0,00    0,00    0,00
05:19:52       8    0,00    0,00    0,00    0,00    0,00    0,00    0,00    0,00    0,00  100,00
05:19:52       9    0,00    0,00    0,00    0,00    0,00    0,00    0,00    0,00    0,00  100,00
05:19:52      10    0,00    0,00    0,00    0,00    0,00    0,00    0,00    0,00    0,00  100,00
05:19:52      11    0,00    0,00    0,00    0,00    0,00  100,00    0,00    0,00    0,00    0,00
05:19:52      12    0,00    0,00    0,00    0,00    0,00    0,00    0,00    0,00    0,00  100,00
05:19:52      13    0,00    0,00    0,00    0,00    0,00  100,00    0,00    0,00    0,00    0,00
05:19:52      14    0,00    0,00    0,00    0,00    0,00    0,00    0,00    0,00    0,00  100,00
05:19:52      15    0,00    0,00    0,00    0,00    0,00  100,00    0,00    0,00    0,00    0,00
05:19:52      16    0,00    0,00    0,00    0,00    0,00    0,00    0,00    0,00    0,00  100,00
05:19:52      17    0,00    0,00    0,00    0,00    0,00    0,00    0,00    0,00    0,00  100,00
05:19:52      18    0,00    0,00    0,00    0,00    0,00    0,00    0,00    0,00    0,00  100,00
05:19:52      19    0,00    0,00    0,00    0,00    0,00    0,00    0,00    0,00    0,00  100,00
05:19:52      20    0,00    0,00    0,00    0,00    0,00    0,00    0,00    0,00    0,00  100,00
05:19:52      21    0,00    0,00    0,00    0,00    0,00    0,00    0,00    0,00    0,00  100,00
05:19:52      22    0,00    0,00    0,00    0,00    0,00    0,00    0,00    0,00    0,00  100,00
05:19:52      23    0,00    0,00    0,00    0,00    0,00    0,00    0,00    0,00    0,00  100,00

05:19:52     CPU    %usr   %nice    %sys %iowait    %irq   %soft  %steal  %guest  %gnice   %idle
05:19:53     all    1,50    0,00    0,71    0,04    0,00   20,84    0,00    0,00    0,00   76,91
05:19:53       0    0,00    0,00    0,00    1,00    0,00    0,00    0,00    0,00    0,00   99,00
05:19:53       1    1,00    0,00    0,00    0,00    0,00    0,00    0,00    0,00    0,00   99,00
05:19:53       2    1,00    0,00    1,00    0,00    0,00    0,00    0,00    0,00    0,00   98,00
05:19:53       3    0,00    0,00    0,00    0,00    0,00    0,00    0,00    0,00    0,00  100,00
05:19:53       4    0,00    0,00    0,00    0,00    0,00    0,00    0,00    0,00    0,00  100,00
05:19:53       5    0,00    0,00    0,00    0,00    0,00  100,00    0,00    0,00    0,00    0,00
05:19:53       6    0,00    0,00    0,00    0,00    0,00    0,00    0,00    0,00    0,00  100,00
05:19:53       7    0,00    0,00    0,00    0,00    0,00  100,00    0,00    0,00    0,00    0,00
05:19:53       8    3,96    0,00    1,98    0,00    0,00    0,00    0,00    0,00    0,00   94,06
05:19:53       9    0,00    0,00    0,00    0,00    0,00    0,00    0,00    0,00    0,00  100,00
05:19:53      10    0,00    0,00    0,00    0,00    0,00    0,00    0,00    0,00    0,00  100,00
05:19:53      11    0,00    0,00    0,00    0,00    0,00  100,00    0,00    0,00    0,00    0,00
05:19:53      12    0,00    0,00    0,00    0,00    0,00    0,00    0,00    0,00    0,00  100,00
05:19:53      13    0,00    0,00    0,00    0,00    0,00  100,00    0,00    0,00    0,00    0,00
05:19:53      14    0,99    0,00    0,00    0,00    0,00    0,00    0,00    0,00    0,00   99,01
05:19:53      15    0,00    0,00    0,00    0,00    0,00  100,00    0,00    0,00    0,00    0,00
05:19:53      16    3,00    0,00    1,00    0,00    0,00    0,00    0,00    0,00    0,00   96,00
05:19:53      17    2,00    0,00    2,00    0,00    0,00    0,00    0,00    0,00    0,00   96,00
05:19:53      18    3,03    0,00    2,02    0,00    0,00    0,00    0,00    0,00    0,00   94,95
05:19:53      19    1,98    0,00    1,98    0,00    0,00    0,00    0,00    0,00    0,00   96,04
05:19:53      20    2,02    0,00    2,02    0,00    0,00    0,00    0,00    0,00    0,00   95,96
05:19:53      21    2,00    0,00    1,00    0,00    0,00    0,00    0,00    0,00    0,00   97,00
05:19:53      22    1,01    0,00    1,01    0,00    0,00    0,00    0,00    0,00    0,00   97,98
05:19:53      23   14,00    0,00    3,00    0,00    0,00    0,00    0,00    0,00    0,00   83,00
