Linux 6.8.0-111-generic (testbed-node6) 	05/05/26 	_x86_64_	(24 CPU)

16:03:03     CPU    %usr   %nice    %sys %iowait    %irq   %soft  %steal  %guest  %gnice   %idle
16:03:04     all    0,54    0,00    0,25    0,00    0,00   16,65    0,00    0,00    0,00   82,56
16:03:04       0    0,00    0,00    0,00    0,00    0,00    0,00    0,00    0,00    0,00  100,00
16:03:04       1    0,00    0,00    0,00    0,00    0,00    0,00    0,00    0,00    0,00  100,00
16:03:04       2    0,00    0,00    0,00    0,00    0,00    0,00    0,00    0,00    0,00  100,00
16:03:04       3    0,00    0,00    0,00    0,00    0,00    0,00    0,00    0,00    0,00  100,00
16:03:04       4    0,00    0,00    0,00    0,00    0,00    0,00    0,00    0,00    0,00  100,00
16:03:04       5    0,00    0,00    0,00    0,00    0,00    0,00    0,00    0,00    0,00  100,00
16:03:04       6    0,00    0,00    0,00    0,00    0,00    0,00    0,00    0,00    0,00  100,00
16:03:04       7    0,00    0,00    0,00    0,00    0,00    0,00    0,00    0,00    0,00  100,00
16:03:04       8    0,99    0,00    0,00    0,00    0,00   99,01    0,00    0,00    0,00    0,00
16:03:04       9    0,00    0,00    0,00    0,00    0,00  100,00    0,00    0,00    0,00    0,00
16:03:04      10    0,00    0,00    0,00    0,00    0,00    0,00    0,00    0,00    0,00  100,00
16:03:04      11    0,00    0,00    0,00    0,00    0,00    0,00    0,00    0,00    0,00  100,00
16:03:04      12    0,00    0,00    0,00    0,00    0,00    0,00    0,00    0,00    0,00  100,00
16:03:04      13    0,00    0,00    0,00    0,00    0,00    0,00    0,00    0,00    0,00  100,00
16:03:04      14    0,00    0,00    0,00    0,00    0,00    0,00    0,00    0,00    0,00  100,00
16:03:04      15    0,00    0,00    0,00    0,00    0,00    0,00    0,00    0,00    0,00  100,00
16:03:04      16    0,99    0,00    0,99    0,00    0,00    0,00    0,00    0,00    0,00   98,02
16:03:04      17    9,90    0,00    2,97    0,00    0,00    0,00    0,00    0,00    0,00   87,13
16:03:04      18    0,99    0,00    0,99    0,00    0,00    0,00    0,00    0,00    0,00   98,02
16:03:04      19    0,00    0,00    1,01    0,00    0,00    0,00    0,00    0,00    0,00   98,99
16:03:04      20    0,00    0,00    0,00    0,00    0,00    0,00    0,00    0,00    0,00  100,00
16:03:04      21    0,00    0,00    0,00    0,00    0,00    0,00    0,00    0,00    0,00  100,00
16:03:04      22    0,00    0,00    0,00    0,00    0,00  100,00    0,00    0,00    0,00    0,00
16:03:04      23    0,00    0,00    0,00    0,00    0,00  100,00    0,00    0,00    0,00    0,00

16:03:04     CPU    %usr   %nice    %sys %iowait    %irq   %soft  %steal  %guest  %gnice   %idle
16:03:05     all    0,00    0,00    0,04    0,00    0,00   16,64    0,00    0,00    0,00   83,32
16:03:05       0    0,00    0,00    0,00    0,00    0,00    0,00    0,00    0,00    0,00  100,00
16:03:05       1    0,00    0,00    0,00    0,00    0,00    0,00    0,00    0,00    0,00  100,00
16:03:05       2    0,00    0,00    0,00    0,00    0,00    0,00    0,00    0,00    0,00  100,00
16:03:05       3    0,00    0,00    0,00    0,00    0,00    0,00    0,00    0,00    0,00  100,00
16:03:05       4    0,00    0,00    0,00    0,00    0,00    0,00    0,00    0,00    0,00  100,00
16:03:05       5    0,00    0,00    0,00    0,00    0,00    0,00    0,00    0,00    0,00  100,00
16:03:05       6    0,00    0,00    0,00    0,00    0,00    0,00    0,00    0,00    0,00  100,00
16:03:05       7    0,00    0,00    0,00    0,00    0,00    0,00    0,00    0,00    0,00  100,00
16:03:05       8    0,00    0,00    1,00    0,00    0,00   99,00    0,00    0,00    0,00    0,00
16:03:05       9    0,00    0,00    0,00    0,00    0,00  100,00    0,00    0,00    0,00    0,00
16:03:05      10    0,00    0,00    0,00    0,00    0,00    0,00    0,00    0,00    0,00  100,00
16:03:05      11    0,00    0,00    0,00    0,00    0,00    0,00    0,00    0,00    0,00  100,00
16:03:05      12    0,00    0,00    0,00    0,00    0,00    0,00    0,00    0,00    0,00  100,00
16:03:05      13    0,00    0,00    0,00    0,00    0,00    0,00    0,00    0,00    0,00  100,00
16:03:05      14    0,00    0,00    0,00    0,00    0,00    0,00    0,00    0,00    0,00  100,00
16:03:05      15    0,00    0,00    0,00    0,00    0,00    0,00    0,00    0,00    0,00  100,00
16:03:05      16    0,00    0,00    0,00    0,00    0,00    0,00    0,00    0,00    0,00  100,00
16:03:05      17    0,00    0,00    0,00    0,00    0,00    0,00    0,00    0,00    0,00  100,00
16:03:05      18    0,00    0,00    0,00    0,00    0,00    0,00    0,00    0,00    0,00  100,00
16:03:05      19    0,00    0,00    0,00    0,00    0,00    0,00    0,00    0,00    0,00  100,00
16:03:05      20    0,00    0,00    0,00    0,00    0,00    0,00    0,00    0,00    0,00  100,00
16:03:05      21    0,00    0,00    0,00    0,00    0,00    0,00    0,00    0,00    0,00  100,00
16:03:05      22    0,00    0,00    0,00    0,00    0,00  100,00    0,00    0,00    0,00    0,00
16:03:05      23    0,00    0,00    0,00    0,00    0,00  100,00    0,00    0,00    0,00    0,00

16:03:05     CPU    %usr   %nice    %sys %iowait    %irq   %soft  %steal  %guest  %gnice   %idle
16:03:06     all    1,17    0,00    0,54    0,08    0,00   16,69    0,00    0,00    0,00   81,51
16:03:06       0    0,99    0,00    0,99    0,00    0,00    0,00    0,00    0,00    0,00   98,02
16:03:06       1    1,00    0,00    0,00    0,00    0,00    0,00    0,00    0,00    0,00   99,00
16:03:06       2    1,00    0,00    0,00    0,00    0,00    0,00    0,00    0,00    0,00   99,00
16:03:06       3    0,00    0,00    0,00    0,00    0,00    0,00    0,00    0,00    0,00  100,00
16:03:06       4    0,00    0,00    0,99    0,99    0,00    0,00    0,00    0,00    0,00   98,02
16:03:06       5    0,00    0,00    0,00    0,00    0,00    0,00    0,00    0,00    0,00  100,00
16:03:06       6    0,00    0,00    0,00    0,00    0,00    0,00    0,00    0,00    0,00  100,00
16:03:06       7    0,00    0,00    0,00    0,00    0,00    0,00    0,00    0,00    0,00  100,00
16:03:06       8    0,00    0,00    0,00    0,00    0,00  100,00    0,00    0,00    0,00    0,00
16:03:06       9    0,00    0,00    0,00    0,00    0,00  100,00    0,00    0,00    0,00    0,00
16:03:06      10    0,00    0,00    0,00    1,01    0,00    0,00    0,00    0,00    0,00   98,99
16:03:06      11    0,00    0,00    0,00    0,00    0,00    0,00    0,00    0,00    0,00  100,00
16:03:06      12    0,00    0,00    0,00    0,00    0,00    0,00    0,00    0,00    0,00  100,00
16:03:06      13    0,00    0,00    0,00    0,00    0,00    0,00    0,00    0,00    0,00  100,00
16:03:06      14    0,00    0,00    0,00    0,00    0,00    0,00    0,00    0,00    0,00  100,00
16:03:06      15    0,00    0,00    0,00    0,00    0,00    0,00    0,00    0,00    0,00  100,00
16:03:06      16    1,00    0,00    2,00    0,00    0,00    0,00    0,00    0,00    0,00   97,00
16:03:06      17    4,04    0,00    2,02    0,00    0,00    0,00    0,00    0,00    0,00   93,94
16:03:06      18   15,15    0,00    4,04    0,00    0,00    0,00    0,00    0,00    0,00   80,81
16:03:06      19    5,00    0,00    3,00    0,00    0,00    0,00    0,00    0,00    0,00   92,00
16:03:06      20    0,00    0,00    0,00    0,00    0,00    0,00    0,00    0,00    0,00  100,00
16:03:06      21    0,00    0,00    0,00    0,00    0,00    0,00    0,00    0,00    0,00  100,00
16:03:06      22    0,00    0,00    0,00    0,00    0,00  100,00    0,00    0,00    0,00    0,00
16:03:06      23    0,00    0,00    0,00    0,00    0,00  100,00    0,00    0,00    0,00    0,00

16:03:06     CPU    %usr   %nice    %sys %iowait    %irq   %soft  %steal  %guest  %gnice   %idle
16:03:07     all    0,08    0,00    0,12    0,00    0,00   16,58    0,00    0,00    0,00   83,22
16:03:07       0    0,00    0,00    0,00    0,00    0,00    0,00    0,00    0,00    0,00  100,00
16:03:07       1    0,00    0,00    0,00    0,00    0,00    0,00    0,00    0,00    0,00  100,00
16:03:07       2    0,00    0,00    0,00    0,00    0,00    0,00    0,00    0,00    0,00  100,00
16:03:07       3    0,00    0,00    0,00    0,00    0,00    0,00    0,00    0,00    0,00  100,00
16:03:07       4    0,00    0,00    0,00    0,00    0,00    0,00    0,00    0,00    0,00  100,00
16:03:07       5    0,00    0,00    0,00    0,00    0,00    0,00    0,00    0,00    0,00  100,00
16:03:07       6    0,00    0,00    0,00    0,00    0,00    0,00    0,00    0,00    0,00  100,00
16:03:07       7    0,00    0,00    0,00    0,00    0,00    0,00    0,00    0,00    0,00  100,00
16:03:07       8    1,00    0,00    0,00    0,00    0,00   99,00    0,00    0,00    0,00    0,00
16:03:07       9    0,00    0,00    0,00    0,00    0,00  100,00    0,00    0,00    0,00    0,00
16:03:07      10    0,00    0,00    0,00    0,00    0,00    0,00    0,00    0,00    0,00  100,00
16:03:07      11    0,00    0,00    0,00    0,00    0,00    0,00    0,00    0,00    0,00  100,00
16:03:07      12    0,00    0,00    0,99    0,00    0,00    0,00    0,00    0,00    0,00   99,01
16:03:07      13    0,00    0,00    0,00    0,00    0,00    0,00    0,00    0,00    0,00  100,00
16:03:07      14    0,00    0,00    0,99    0,00    0,00    0,00    0,00    0,00    0,00   99,01
16:03:07      15    0,00    0,00    0,00    0,00    0,00    0,00    0,00    0,00    0,00  100,00
16:03:07      16    0,00    0,00    0,00    0,00    0,00    0,00    0,00    0,00    0,00  100,00
16:03:07      17    0,00    0,00    0,99    0,00    0,00    0,00    0,00    0,00    0,00   99,01
16:03:07      18    0,00    0,00    0,00    0,00    0,00    0,00    0,00    0,00    0,00  100,00
16:03:07      19    1,00    0,00    0,00    0,00    0,00    0,00    0,00    0,00    0,00   99,00
16:03:07      20    0,00    0,00    0,00    0,00    0,00    0,00    0,00    0,00    0,00  100,00
16:03:07      21    0,00    0,00    0,00    0,00    0,00    0,00    0,00    0,00    0,00  100,00
16:03:07      22    0,00    0,00    0,00    0,00    0,00  100,00    0,00    0,00    0,00    0,00
16:03:07      23    0,00    0,00    0,00    0,00    0,00  100,00    0,00    0,00    0,00    0,00

16:03:07     CPU    %usr   %nice    %sys %iowait    %irq   %soft  %steal  %guest  %gnice   %idle
16:03:08     all    0,04    0,00    0,04    0,00    0,00   16,62    0,00    0,00    0,00   83,30
16:03:08       0    0,00    0,00    0,00    0,00    0,00    0,00    0,00    0,00    0,00  100,00
16:03:08       1    0,00    0,00    0,00    0,00    0,00    0,00    0,00    0,00    0,00  100,00
16:03:08       2    0,00    0,00    0,00    0,00    0,00    0,00    0,00    0,00    0,00  100,00
16:03:08       3    0,00    0,00    0,00    0,00    0,00    0,00    0,00    0,00    0,00  100,00
16:03:08       4    0,00    0,00    0,00    0,00    0,00    0,00    0,00    0,00    0,00  100,00
16:03:08       5    0,00    0,00    0,00    0,00    0,00    0,00    0,00    0,00    0,00  100,00
16:03:08       6    0,00    0,00    0,00    0,00    0,00    0,00    0,00    0,00    0,00  100,00
16:03:08       7    0,00    0,00    0,00    0,00    0,00    0,00    0,00    0,00    0,00  100,00
16:03:08       8    1,00    0,00    0,00    0,00    0,00   99,00    0,00    0,00    0,00    0,00
16:03:08       9    0,00    0,00    0,00    0,00    0,00  100,00    0,00    0,00    0,00    0,00
16:03:08      10    0,00    0,00    0,99    0,00    0,00    0,00    0,00    0,00    0,00   99,01
16:03:08      11    0,00    0,00    0,00    0,00    0,00    0,00    0,00    0,00    0,00  100,00
16:03:08      12    0,00    0,00    0,00    0,00    0,00    0,00    0,00    0,00    0,00  100,00
16:03:08      13    0,00    0,00    0,00    0,00    0,00    0,00    0,00    0,00    0,00  100,00
16:03:08      14    0,00    0,00    0,00    0,00    0,00    0,00    0,00    0,00    0,00  100,00
16:03:08      15    0,00    0,00    0,00    0,00    0,00    0,00    0,00    0,00    0,00  100,00
16:03:08      16    0,00    0,00    0,00    0,00    0,00    0,00    0,00    0,00    0,00  100,00
16:03:08      17    0,00    0,00    0,00    0,00    0,00    0,00    0,00    0,00    0,00  100,00
16:03:08      18    0,00    0,00    0,00    0,00    0,00    0,00    0,00    0,00    0,00  100,00
16:03:08      19    0,00    0,00    0,00    0,00    0,00    0,00    0,00    0,00    0,00  100,00
16:03:08      20    0,00    0,00    0,00    0,00    0,00    0,00    0,00    0,00    0,00  100,00
16:03:08      21    0,00    0,00    0,00    0,00    0,00    0,00    0,00    0,00    0,00  100,00
16:03:08      22    0,00    0,00    0,00    0,00    0,00  100,00    0,00    0,00    0,00    0,00
16:03:08      23    0,00    0,00    0,00    0,00    0,00  100,00    0,00    0,00    0,00    0,00

16:03:08     CPU    %usr   %nice    %sys %iowait    %irq   %soft  %steal  %guest  %gnice   %idle
16:03:09     all    0,17    0,00    0,00    0,08    0,00   16,68    0,00    0,00    0,00   83,07
16:03:09       0    0,00    0,00    0,00    0,00    0,00    0,00    0,00    0,00    0,00  100,00
16:03:09       1    0,00    0,00    0,00    0,00    0,00    0,00    0,00    0,00    0,00  100,00
16:03:09       2    0,00    0,00    0,00    0,00    0,00    0,00    0,00    0,00    0,00  100,00
16:03:09       3    0,00    0,00    0,00    1,00    0,00    0,00    0,00    0,00    0,00   99,00
16:03:09       4    0,00    0,00    0,00    0,00    0,00    0,00    0,00    0,00    0,00  100,00
16:03:09       5    0,00    0,00    0,00    0,00    0,00    0,00    0,00    0,00    0,00  100,00
16:03:09       6    0,00    0,00    0,00    0,00    0,00    0,00    0,00    0,00    0,00  100,00
16:03:09       7    0,00    0,00    0,00    0,00    0,00    0,00    0,00    0,00    0,00  100,00
16:03:09       8    0,00    0,00    0,00    0,00    0,00  100,00    0,00    0,00    0,00    0,00
16:03:09       9    0,00    0,00    0,00    0,00    0,00  100,00    0,00    0,00    0,00    0,00
16:03:09      10    0,00    0,00    0,00    0,00    0,00    0,00    0,00    0,00    0,00  100,00
16:03:09      11    0,00    0,00    0,00    0,00    0,00    0,00    0,00    0,00    0,00  100,00
16:03:09      12    0,00    0,00    0,00    0,00    0,00    0,00    0,00    0,00    0,00  100,00
16:03:09      13    0,00    0,00    0,00    0,00    0,00    0,00    0,00    0,00    0,00  100,00
16:03:09      14    0,00    0,00    0,00    1,00    0,00    0,00    0,00    0,00    0,00   99,00
16:03:09      15    0,00    0,00    0,00    0,00    0,00    0,00    0,00    0,00    0,00  100,00
16:03:09      16    0,00    0,00    0,00    0,00    0,00    0,00    0,00    0,00    0,00  100,00
16:03:09      17    0,99    0,00    0,00    0,00    0,00    0,00    0,00    0,00    0,00   99,01
16:03:09      18    0,00    0,00    0,00    0,00    0,00    0,00    0,00    0,00    0,00  100,00
16:03:09      19    3,00    0,00    0,00    0,00    0,00    0,00    0,00    0,00    0,00   97,00
16:03:09      20    0,00    0,00    0,00    0,00    0,00    0,00    0,00    0,00    0,00  100,00
16:03:09      21    0,00    0,00    0,00    0,00    0,00    0,00    0,00    0,00    0,00  100,00
16:03:09      22    0,00    0,00    0,00    0,00    0,00  100,00    0,00    0,00    0,00    0,00
16:03:09      23    0,00    0,00    0,00    0,00    0,00  100,00    0,00    0,00    0,00    0,00

16:03:09     CPU    %usr   %nice    %sys %iowait    %irq   %soft  %steal  %guest  %gnice   %idle
16:03:10     all    0,13    0,00    0,04    0,00    0,00   16,63    0,00    0,00    0,00   83,20
16:03:10       0    0,00    0,00    0,00    0,00    0,00    0,00    0,00    0,00    0,00  100,00
16:03:10       1    0,00    0,00    0,00    0,00    0,00    0,00    0,00    0,00    0,00  100,00
16:03:10       2    0,00    0,00    0,00    0,00    0,00    0,00    0,00    0,00    0,00  100,00
16:03:10       3    0,00    0,00    0,00    0,00    0,00    0,00    0,00    0,00    0,00  100,00
16:03:10       4    0,00    0,00    0,00    0,00    0,00    0,00    0,00    0,00    0,00  100,00
16:03:10       5    0,00    0,00    0,00    0,00    0,00    0,00    0,00    0,00    0,00  100,00
16:03:10       6    0,00    0,00    0,00    0,00    0,00    0,00    0,00    0,00    0,00  100,00
16:03:10       7    0,00    0,00    0,00    0,00    0,00    0,00    0,00    0,00    0,00  100,00
16:03:10       8    0,00    0,00    1,00    0,00    0,00   99,00    0,00    0,00    0,00    0,00
16:03:10       9    0,00    0,00    0,00    0,00    0,00  100,00    0,00    0,00    0,00    0,00
16:03:10      10    0,00    0,00    0,00    0,00    0,00    0,00    0,00    0,00    0,00  100,00
16:03:10      11    0,00    0,00    0,00    0,00    0,00    0,00    0,00    0,00    0,00  100,00
16:03:10      12    0,00    0,00    0,00    0,00    0,00    0,00    0,00    0,00    0,00  100,00
16:03:10      13    0,00    0,00    0,00    0,00    0,00    0,00    0,00    0,00    0,00  100,00
16:03:10      14    0,00    0,00    0,00    0,00    0,00    0,00    0,00    0,00    0,00  100,00
16:03:10      15    0,00    0,00    0,00    0,00    0,00    0,00    0,00    0,00    0,00  100,00
16:03:10      16    0,00    0,00    0,00    0,00    0,00    0,00    0,00    0,00    0,00  100,00
16:03:10      17    0,00    0,00    0,00    0,00    0,00    0,00    0,00    0,00    0,00  100,00
16:03:10      18    2,94    0,00    0,00    0,00    0,00    0,00    0,00    0,00    0,00   97,06
16:03:10      19    0,00    0,00    0,00    0,00    0,00    0,00    0,00    0,00    0,00  100,00
16:03:10      20    0,00    0,00    0,00    0,00    0,00    0,00    0,00    0,00    0,00  100,00
16:03:10      21    0,00    0,00    0,00    0,00    0,00    0,00    0,00    0,00    0,00  100,00
16:03:10      22    0,00    0,00    0,00    0,00    0,00  100,00    0,00    0,00    0,00    0,00
16:03:10      23    0,00    0,00    0,00    0,00    0,00  100,00    0,00    0,00    0,00    0,00

16:03:10     CPU    %usr   %nice    %sys %iowait    %irq   %soft  %steal  %guest  %gnice   %idle
16:03:11     all    0,17    0,00    0,00    0,08    0,00   16,65    0,00    0,00    0,00   83,10
16:03:11       0    0,00    0,00    0,00    0,00    0,00    0,00    0,00    0,00    0,00  100,00
16:03:11       1    0,00    0,00    0,00    0,00    0,00    0,00    0,00    0,00    0,00  100,00
16:03:11       2    0,00    0,00    0,00    0,00    0,00    0,00    0,00    0,00    0,00  100,00
16:03:11       3    0,00    0,00    0,00    0,00    0,00    0,00    0,00    0,00    0,00  100,00
16:03:11       4    0,00    0,00    0,00    0,00    0,00    0,00    0,00    0,00    0,00  100,00
16:03:11       5    0,00    0,00    0,00    0,00    0,00    0,00    0,00    0,00    0,00  100,00
16:03:11       6    0,00    0,00    0,00    0,00    0,00    0,00    0,00    0,00    0,00  100,00
16:03:11       7    0,00    0,00    0,00    0,00    0,00    0,00    0,00    0,00    0,00  100,00
16:03:11       8    0,00    0,00    0,00    0,00    0,00  100,00    0,00    0,00    0,00    0,00
16:03:11       9    0,00    0,00    0,00    0,00    0,00  100,00    0,00    0,00    0,00    0,00
16:03:11      10    0,00    0,00    0,00    1,00    0,00    0,00    0,00    0,00    0,00   99,00
16:03:11      11    0,00    0,00    0,00    0,00    0,00    0,00    0,00    0,00    0,00  100,00
16:03:11      12    0,00    0,00    0,00    1,00    0,00    0,00    0,00    0,00    0,00   99,00
16:03:11      13    0,00    0,00    0,00    0,00    0,00    0,00    0,00    0,00    0,00  100,00
16:03:11      14    0,00    0,00    0,00    0,00    0,00    0,00    0,00    0,00    0,00  100,00
16:03:11      15    0,00    0,00    0,00    0,00    0,00    0,00    0,00    0,00    0,00  100,00
16:03:11      16    0,00    0,00    0,00    0,00    0,00    0,00    0,00    0,00    0,00  100,00
16:03:11      17    0,00    0,00    0,00    0,00    0,00    0,00    0,00    0,00    0,00  100,00
16:03:11      18    2,91    0,00    0,00    0,00    0,00    0,00    0,00    0,00    0,00   97,09
16:03:11      19    0,99    0,00    0,00    0,00    0,00    0,00    0,00    0,00    0,00   99,01
16:03:11      20    0,00    0,00    0,00    0,00    0,00    0,00    0,00    0,00    0,00  100,00
16:03:11      21    0,00    0,00    0,00    0,00    0,00    0,00    0,00    0,00    0,00  100,00
16:03:11      22    0,00    0,00    0,00    0,00    0,00  100,00    0,00    0,00    0,00    0,00
16:03:11      23    0,00    0,00    0,00    0,00    0,00  100,00    0,00    0,00    0,00    0,00

16:03:11     CPU    %usr   %nice    %sys %iowait    %irq   %soft  %steal  %guest  %gnice   %idle
16:03:12     all    0,17    0,00    0,00    0,00    0,00   16,62    0,00    0,00    0,00   83,21
16:03:12       0    0,00    0,00    0,00    0,00    0,00    0,00    0,00    0,00    0,00  100,00
16:03:12       1    0,00    0,00    0,00    0,00    0,00    0,00    0,00    0,00    0,00  100,00
16:03:12       2    0,00    0,00    0,00    0,00    0,00    0,00    0,00    0,00    0,00  100,00
16:03:12       3    0,00    0,00    0,00    0,00    0,00    0,00    0,00    0,00    0,00  100,00
16:03:12       4    0,00    0,00    0,00    0,00    0,00    0,00    0,00    0,00    0,00  100,00
16:03:12       5    0,00    0,00    0,00    0,00    0,00    0,00    0,00    0,00    0,00  100,00
16:03:12       6    0,00    0,00    0,00    0,00    0,00    0,00    0,00    0,00    0,00  100,00
16:03:12       7    0,00    0,00    0,00    0,00    0,00    0,00    0,00    0,00    0,00  100,00
16:03:12       8    1,00    0,00    0,00    0,00    0,00   99,00    0,00    0,00    0,00    0,00
16:03:12       9    0,00    0,00    0,00    0,00    0,00  100,00    0,00    0,00    0,00    0,00
16:03:12      10    0,00    0,00    0,00    0,00    0,00    0,00    0,00    0,00    0,00  100,00
16:03:12      11    0,00    0,00    0,00    0,00    0,00    0,00    0,00    0,00    0,00  100,00
16:03:12      12    0,00    0,00    0,00    0,00    0,00    0,00    0,00    0,00    0,00  100,00
16:03:12      13    0,00    0,00    0,00    0,00    0,00    0,00    0,00    0,00    0,00  100,00
16:03:12      14    0,00    0,00    0,00    0,00    0,00    0,00    0,00    0,00    0,00  100,00
16:03:12      15    0,00    0,00    0,00    0,00    0,00    0,00    0,00    0,00    0,00  100,00
16:03:12      16    0,00    0,00    0,00    0,00    0,00    0,00    0,00    0,00    0,00  100,00
16:03:12      17    0,00    0,00    0,00    0,00    0,00    0,00    0,00    0,00    0,00  100,00
16:03:12      18    2,94    0,00    0,00    0,00    0,00    0,00    0,00    0,00    0,00   97,06
16:03:12      19    0,00    0,00    0,00    0,00    0,00    0,00    0,00    0,00    0,00  100,00
16:03:12      20    0,00    0,00    0,00    0,00    0,00    0,00    0,00    0,00    0,00  100,00
16:03:12      21    0,00    0,00    0,00    0,00    0,00    0,00    0,00    0,00    0,00  100,00
16:03:12      22    0,00    0,00    0,00    0,00    0,00  100,00    0,00    0,00    0,00    0,00
16:03:12      23    0,00    0,00    0,00    0,00    0,00  100,00    0,00    0,00    0,00    0,00

16:03:12     CPU    %usr   %nice    %sys %iowait    %irq   %soft  %steal  %guest  %gnice   %idle
16:03:13     all    0,33    0,00    0,12    0,00    0,00   16,62    0,00    0,00    0,00   82,92
16:03:13       0    6,00    0,00    0,00    0,00    0,00    0,00    0,00    0,00    0,00   94,00
16:03:13       1    0,00    0,00    0,00    0,00    0,00    0,00    0,00    0,00    0,00  100,00
16:03:13       2    0,00    0,00    0,00    0,00    0,00    0,00    0,00    0,00    0,00  100,00
16:03:13       3    0,00    0,00    0,00    0,00    0,00    0,00    0,00    0,00    0,00  100,00
16:03:13       4    0,99    0,00    0,00    0,00    0,00    0,00    0,00    0,00    0,00   99,01
16:03:13       5    0,00    0,00    0,00    0,00    0,00    0,00    0,00    0,00    0,00  100,00
16:03:13       6    0,00    0,00    0,00    0,00    0,00    0,00    0,00    0,00    0,00  100,00
16:03:13       7    0,00    0,00    0,00    0,00    0,00    0,00    0,00    0,00    0,00  100,00
16:03:13       8    0,00    0,00    0,00    0,00    0,00  100,00    0,00    0,00    0,00    0,00
16:03:13       9    0,00    0,00    0,00    0,00    0,00  100,00    0,00    0,00    0,00    0,00
16:03:13      10    0,00    0,00    0,00    0,00    0,00    0,00    0,00    0,00    0,00  100,00
16:03:13      11    0,00    0,00    0,00    0,00    0,00    0,00    0,00    0,00    0,00  100,00
16:03:13      12    0,00    0,00    0,00    0,00    0,00    0,00    0,00    0,00    0,00  100,00
16:03:13      13    0,00    0,00    0,00    0,00    0,00    0,00    0,00    0,00    0,00  100,00
16:03:13      14    0,00    0,00    0,00    0,00    0,00    0,00    0,00    0,00    0,00  100,00
16:03:13      15    0,00    0,00    0,00    0,00    0,00    0,00    0,00    0,00    0,00  100,00
16:03:13      16    0,99    0,00    0,00    0,00    0,00    0,00    0,00    0,00    0,00   99,01
16:03:13      17    0,00    0,00    0,00    0,00    0,00    0,00    0,00    0,00    0,00  100,00
16:03:13      18    0,00    0,00    1,00    0,00    0,00    0,00    0,00    0,00    0,00   99,00
16:03:13      19    0,00    0,00    1,00    0,00    0,00    0,00    0,00    0,00    0,00   99,00
16:03:13      20    0,00    0,00    0,00    0,00    0,00    0,00    0,00    0,00    0,00  100,00
16:03:13      21    0,00    0,00    0,00    0,00    0,00    0,00    0,00    0,00    0,00  100,00
16:03:13      22    0,00    0,00    0,00    0,00    0,00  100,00    0,00    0,00    0,00    0,00
16:03:13      23    0,00    0,00    0,99    0,00    0,00   99,01    0,00    0,00    0,00    0,00

16:03:13     CPU    %usr   %nice    %sys %iowait    %irq   %soft  %steal  %guest  %gnice   %idle
16:03:14     all    0,12    0,00    0,00    0,04    0,00   16,67    0,00    0,00    0,00   83,17
16:03:14       0    0,00    0,00    0,00    0,00    0,00    0,00    0,00    0,00    0,00  100,00
16:03:14       1    0,00    0,00    0,00    0,00    0,00    0,00    0,00    0,00    0,00  100,00
16:03:14       2    0,00    0,00    0,00    0,00    0,00    0,00    0,00    0,00    0,00  100,00
16:03:14       3    0,00    0,00    0,00    0,00    0,00    0,00    0,00    0,00    0,00  100,00
16:03:14       4    0,00    0,00    0,00    0,00    0,00    0,00    0,00    0,00    0,00  100,00
16:03:14       5    0,00    0,00    0,00    0,00    0,00    0,00    0,00    0,00    0,00  100,00
16:03:14       6    0,00    0,00    0,00    0,00    0,00    0,00    0,00    0,00    0,00  100,00
16:03:14       7    0,00    0,00    0,00    0,00    0,00    0,00    0,00    0,00    0,00  100,00
16:03:14       8    0,99    0,00    0,00    0,00    0,00   99,01    0,00    0,00    0,00    0,00
16:03:14       9    0,00    0,00    0,00    0,00    0,00  100,00    0,00    0,00    0,00    0,00
16:03:14      10    0,00    0,00    0,00    0,00    0,00    0,00    0,00    0,00    0,00  100,00
16:03:14      11    0,00    0,00    0,00    0,00    0,00    0,00    0,00    0,00    0,00  100,00
16:03:14      12    1,00    0,00    0,00    0,00    0,00    0,00    0,00    0,00    0,00   99,00
16:03:14      13    0,00    0,00    0,00    0,00    0,00    0,00    0,00    0,00    0,00  100,00
16:03:14      14    0,00    0,00    0,00    1,00    0,00    0,00    0,00    0,00    0,00   99,00
16:03:14      15    0,00    0,00    0,00    0,00    0,00    0,00    0,00    0,00    0,00  100,00
16:03:14      16    0,00    0,00    0,00    0,00    0,00    0,00    0,00    0,00    0,00  100,00
16:03:14      17    0,99    0,00    0,00    0,00    0,00    0,00    0,00    0,00    0,00   99,01
16:03:14      18    0,00    0,00    0,00    0,00    0,00    0,00    0,00    0,00    0,00  100,00
16:03:14      19    0,00    0,00    0,00    0,00    0,00    0,00    0,00    0,00    0,00  100,00
16:03:14      20    0,00    0,00    0,00    0,00    0,00    0,00    0,00    0,00    0,00  100,00
16:03:14      21    0,00    0,00    0,00    0,00    0,00    0,00    0,00    0,00    0,00  100,00
16:03:14      22    0,00    0,00    0,00    0,00    0,00  100,00    0,00    0,00    0,00    0,00
16:03:14      23    0,00    0,00    0,00    0,00    0,00  100,00    0,00    0,00    0,00    0,00

16:03:14     CPU    %usr   %nice    %sys %iowait    %irq   %soft  %steal  %guest  %gnice   %idle
16:03:15     all    0,17    0,00    0,04    0,00    0,00   16,62    0,00    0,00    0,00   83,17
16:03:15       0    0,00    0,00    0,00    0,00    0,00    0,00    0,00    0,00    0,00  100,00
16:03:15       1    0,00    0,00    0,00    0,00    0,00    0,00    0,00    0,00    0,00  100,00
16:03:15       2    0,00    0,00    0,00    0,00    0,00    0,00    0,00    0,00    0,00  100,00
16:03:15       3    0,00    0,00    0,99    0,00    0,00    0,00    0,00    0,00    0,00   99,01
16:03:15       4    0,00    0,00    0,00    0,00    0,00    0,00    0,00    0,00    0,00  100,00
16:03:15       5    0,00    0,00    0,00    0,00    0,00    0,00    0,00    0,00    0,00  100,00
16:03:15       6    0,99    0,00    0,00    0,00    0,00    0,00    0,00    0,00    0,00   99,01
16:03:15       7    0,00    0,00    0,00    0,00    0,00    0,00    0,00    0,00    0,00  100,00
16:03:15       8    0,00    0,00    0,00    0,00    0,00  100,00    0,00    0,00    0,00    0,00
16:03:15       9    0,00    0,00    0,00    0,00    0,00  100,00    0,00    0,00    0,00    0,00
16:03:15      10    0,00    0,00    0,00    0,00    0,00    0,00    0,00    0,00    0,00  100,00
16:03:15      11    0,00    0,00    0,00    0,00    0,00    0,00    0,00    0,00    0,00  100,00
16:03:15      12    0,00    0,00    0,00    0,00    0,00    0,00    0,00    0,00    0,00  100,00
16:03:15      13    0,00    0,00    0,00    0,00    0,00    0,00    0,00    0,00    0,00  100,00
16:03:15      14    0,00    0,00    0,00    0,00    0,00    0,00    0,00    0,00    0,00  100,00
16:03:15      15    0,00    0,00    0,00    0,00    0,00    0,00    0,00    0,00    0,00  100,00
16:03:15      16    1,00    0,00    0,00    0,00    0,00    0,00    0,00    0,00    0,00   99,00
16:03:15      17    1,00    0,00    0,00    0,00    0,00    0,00    0,00    0,00    0,00   99,00
16:03:15      18    1,00    0,00    0,00    0,00    0,00    0,00    0,00    0,00    0,00   99,00
16:03:15      19    0,00    0,00    0,00    0,00    0,00    0,00    0,00    0,00    0,00  100,00
16:03:15      20    0,00    0,00    0,00    0,00    0,00    0,00    0,00    0,00    0,00  100,00
16:03:15      21    0,00    0,00    0,00    0,00    0,00    0,00    0,00    0,00    0,00  100,00
16:03:15      22    0,00    0,00    0,00    0,00    0,00  100,00    0,00    0,00    0,00    0,00
16:03:15      23    0,00    0,00    0,00    0,00    0,00  100,00    0,00    0,00    0,00    0,00

16:03:15     CPU    %usr   %nice    %sys %iowait    %irq   %soft  %steal  %guest  %gnice   %idle
16:03:16     all    0,21    0,00    0,17    0,12    0,00   16,65    0,00    0,00    0,00   82,85
16:03:16       0    0,00    0,00    0,00    0,00    0,00    0,00    0,00    0,00    0,00  100,00
16:03:16       1    0,00    0,00    0,00    0,00    0,00    0,00    0,00    0,00    0,00  100,00
16:03:16       2    0,00    0,00    0,00    0,00    0,00    0,00    0,00    0,00    0,00  100,00
16:03:16       3    0,00    0,00    0,00    0,00    0,00    0,00    0,00    0,00    0,00  100,00
16:03:16       4    0,00    0,00    0,00    0,00    0,00    0,00    0,00    0,00    0,00  100,00
16:03:16       5    0,00    0,00    0,00    0,00    0,00    0,00    0,00    0,00    0,00  100,00
16:03:16       6    0,00    0,00    0,00    0,00    0,00    0,00    0,00    0,00    0,00  100,00
16:03:16       7    0,00    0,00    0,00    0,00    0,00    0,00    0,00    0,00    0,00  100,00
16:03:16       8    0,00    0,00    0,99    0,00    0,00   99,01    0,00    0,00    0,00    0,00
16:03:16       9    0,00    0,00    0,00    0,00    0,00  100,00    0,00    0,00    0,00    0,00
16:03:16      10    0,99    0,00    0,00    1,98    0,00    0,00    0,00    0,00    0,00   97,03
16:03:16      11    0,00    0,00    0,00    0,00    0,00    0,00    0,00    0,00    0,00  100,00
16:03:16      12    0,00    0,00    0,00    1,00    0,00    0,00    0,00    0,00    0,00   99,00
16:03:16      13    0,00    0,00    0,00    0,00    0,00    0,00    0,00    0,00    0,00  100,00
16:03:16      14    0,99    0,00    0,00    0,00    0,00    0,00    0,00    0,00    0,00   99,01
16:03:16      15    0,00    0,00    0,00    0,00    0,00    0,00    0,00    0,00    0,00  100,00
16:03:16      16    1,00    0,00    1,00    0,00    0,00    0,00    0,00    0,00    0,00   98,00
16:03:16      17    0,00    0,00    1,00    0,00    0,00    0,00    0,00    0,00    0,00   99,00
16:03:16      18    1,00    0,00    0,00    0,00    0,00    0,00    0,00    0,00    0,00   99,00
16:03:16      19    0,00    0,00    0,00    0,00    0,00    0,00    0,00    0,00    0,00  100,00
16:03:16      20    0,98    0,00    0,98    0,00    0,00    0,00    0,00    0,00    0,00   98,04
16:03:16      21    0,00    0,00    0,00    0,00    0,00    0,00    0,00    0,00    0,00  100,00
16:03:16      22    0,00    0,00    0,00    0,00    0,00  100,00    0,00    0,00    0,00    0,00
16:03:16      23    0,00    0,00    0,00    0,00    0,00  100,00    0,00    0,00    0,00    0,00

16:03:16     CPU    %usr   %nice    %sys %iowait    %irq   %soft  %steal  %guest  %gnice   %idle
16:03:17     all    0,04    0,00    0,12    0,00    0,00   16,66    0,00    0,00    0,00   83,17
16:03:17       0    0,00    0,00    0,00    0,00    0,00    0,00    0,00    0,00    0,00  100,00
16:03:17       1    0,00    0,00    0,00    0,00    0,00    0,00    0,00    0,00    0,00  100,00
16:03:17       2    0,00    0,00    0,00    0,00    0,00    0,00    0,00    0,00    0,00  100,00
16:03:17       3    0,00    0,00    0,00    0,00    0,00    0,00    0,00    0,00    0,00  100,00
16:03:17       4    0,00    0,00    0,00    0,00    0,00    0,00    0,00    0,00    0,00  100,00
16:03:17       5    0,00    0,00    0,00    0,00    0,00    0,00    0,00    0,00    0,00  100,00
16:03:17       6    0,00    0,00    0,00    0,00    0,00    0,00    0,00    0,00    0,00  100,00
16:03:17       7    0,00    0,00    0,00    0,00    0,00    0,00    0,00    0,00    0,00  100,00
16:03:17       8    0,00    0,00    0,00    0,00    0,00  100,00    0,00    0,00    0,00    0,00
16:03:17       9    0,00    0,00    0,00    0,00    0,00  100,00    0,00    0,00    0,00    0,00
16:03:17      10    0,00    0,00    0,00    0,00    0,00    0,00    0,00    0,00    0,00  100,00
16:03:17      11    0,00    0,00    0,00    0,00    0,00    0,00    0,00    0,00    0,00  100,00
16:03:17      12    0,00    0,00    0,00    0,00    0,00    0,00    0,00    0,00    0,00  100,00
16:03:17      13    0,00    0,00    0,00    0,00    0,00    0,00    0,00    0,00    0,00  100,00
16:03:17      14    0,00    0,00    0,00    0,00    0,00    0,00    0,00    0,00    0,00  100,00
16:03:17      15    0,00    0,00    0,00    0,00    0,00    0,00    0,00    0,00    0,00  100,00
16:03:17      16    0,00    0,00    1,00    0,00    0,00    0,00    0,00    0,00    0,00   99,00
16:03:17      17    0,00    0,00    0,00    0,00    0,00    0,00    0,00    0,00    0,00  100,00
16:03:17      18    0,00    0,00    0,00    0,00    0,00    0,00    0,00    0,00    0,00  100,00
16:03:17      19    0,98    0,00    0,98    0,00    0,00    0,00    0,00    0,00    0,00   98,04
16:03:17      20    0,00    0,00    0,00    0,00    0,00    0,00    0,00    0,00    0,00  100,00
16:03:17      21    0,00    0,00    0,00    0,00    0,00    0,00    0,00    0,00    0,00  100,00
16:03:17      22    0,00    0,00    0,99    0,00    0,00   99,01    0,00    0,00    0,00    0,00
16:03:17      23    0,00    0,00    0,00    0,00    0,00  100,00    0,00    0,00    0,00    0,00

16:03:17     CPU    %usr   %nice    %sys %iowait    %irq   %soft  %steal  %guest  %gnice   %idle
16:03:18     all    0,08    0,00    0,04    0,00    0,00   16,63    0,00    0,00    0,00   83,24
16:03:18       0    0,00    0,00    0,00    0,00    0,00    0,00    0,00    0,00    0,00  100,00
16:03:18       1    0,00    0,00    0,00    0,00    0,00    0,00    0,00    0,00    0,00  100,00
16:03:18       2    0,00    0,00    0,00    0,00    0,00    0,00    0,00    0,00    0,00  100,00
16:03:18       3    0,00    0,00    0,00    0,00    0,00    0,00    0,00    0,00    0,00  100,00
16:03:18       4    0,00    0,00    0,00    0,00    0,00    0,00    0,00    0,00    0,00  100,00
16:03:18       5    0,00    0,00    0,00    0,00    0,00    0,00    0,00    0,00    0,00  100,00
16:03:18       6    0,00    0,00    0,00    0,00    0,00    0,00    0,00    0,00    0,00  100,00
16:03:18       7    0,00    0,00    0,00    0,00    0,00    0,00    0,00    0,00    0,00  100,00
16:03:18       8    1,00    0,00    0,00    0,00    0,00   99,00    0,00    0,00    0,00    0,00
16:03:18       9    0,00    0,00    0,00    0,00    0,00  100,00    0,00    0,00    0,00    0,00
16:03:18      10    0,00    0,00    0,00    0,00    0,00    0,00    0,00    0,00    0,00  100,00
16:03:18      11    0,00    0,00    0,00    0,00    0,00    0,00    0,00    0,00    0,00  100,00
16:03:18      12    0,00    0,00    0,00    0,00    0,00    0,00    0,00    0,00    0,00  100,00
16:03:18      13    0,00    0,00    0,00    0,00    0,00    0,00    0,00    0,00    0,00  100,00
16:03:18      14    1,00    0,00    0,00    0,00    0,00    0,00    0,00    0,00    0,00   99,00
16:03:18      15    0,00    0,00    0,00    0,00    0,00    0,00    0,00    0,00    0,00  100,00
16:03:18      16    0,00    0,00    0,99    0,00    0,00    0,00    0,00    0,00    0,00   99,01
16:03:18      17    0,00    0,00    0,00    0,00    0,00    0,00    0,00    0,00    0,00  100,00
16:03:18      18    0,00    0,00    0,00    0,00    0,00    0,00    0,00    0,00    0,00  100,00
16:03:18      19    0,00    0,00    0,00    0,00    0,00    0,00    0,00    0,00    0,00  100,00
16:03:18      20    0,00    0,00    0,00    0,00    0,00    0,00    0,00    0,00    0,00  100,00
16:03:18      21    0,00    0,00    0,00    0,00    0,00    0,00    0,00    0,00    0,00  100,00
16:03:18      22    0,00    0,00    0,00    0,00    0,00  100,00    0,00    0,00    0,00    0,00
16:03:18      23    0,00    0,00    0,00    0,00    0,00  100,00    0,00    0,00    0,00    0,00

16:03:18     CPU    %usr   %nice    %sys %iowait    %irq   %soft  %steal  %guest  %gnice   %idle
16:03:19     all    0,08    0,00    0,00    0,00    0,00   16,62    0,00    0,00    0,00   83,29
16:03:19       0    0,00    0,00    0,00    0,00    0,00    0,00    0,00    0,00    0,00  100,00
16:03:19       1    0,00    0,00    0,00    0,00    0,00    0,00    0,00    0,00    0,00  100,00
16:03:19       2    0,00    0,00    0,00    0,00    0,00    0,00    0,00    0,00    0,00  100,00
16:03:19       3    0,00    0,00    0,00    0,00    0,00    0,00    0,00    0,00    0,00  100,00
16:03:19       4    0,00    0,00    0,00    0,00    0,00    0,00    0,00    0,00    0,00  100,00
16:03:19       5    0,00    0,00    0,00    0,00    0,00    0,00    0,00    0,00    0,00  100,00
16:03:19       6    0,00    0,00    0,00    0,00    0,00    0,00    0,00    0,00    0,00  100,00
16:03:19       7    0,00    0,00    0,00    0,00    0,00    0,00    0,00    0,00    0,00  100,00
16:03:19       8    1,00    0,00    0,00    0,00    0,00   99,00    0,00    0,00    0,00    0,00
16:03:19       9    0,00    0,00    0,00    0,00    0,00  100,00    0,00    0,00    0,00    0,00
16:03:19      10    0,00    0,00    0,00    0,00    0,00    0,00    0,00    0,00    0,00  100,00
16:03:19      11    0,00    0,00    0,00    0,00    0,00    0,00    0,00    0,00    0,00  100,00
16:03:19      12    0,00    0,00    0,00    0,00    0,00    0,00    0,00    0,00    0,00  100,00
16:03:19      13    0,00    0,00    0,00    0,00    0,00    0,00    0,00    0,00    0,00  100,00
16:03:19      14    0,00    0,00    0,00    0,00    0,00    0,00    0,00    0,00    0,00  100,00
16:03:19      15    0,00    0,00    0,00    0,00    0,00    0,00    0,00    0,00    0,00  100,00
16:03:19      16    0,00    0,00    0,00    0,00    0,00    0,00    0,00    0,00    0,00  100,00
16:03:19      17    0,99    0,00    0,00    0,00    0,00    0,00    0,00    0,00    0,00   99,01
16:03:19      18    0,00    0,00    0,00    0,00    0,00    0,00    0,00    0,00    0,00  100,00
16:03:19      19    0,00    0,00    0,00    0,00    0,00    0,00    0,00    0,00    0,00  100,00
16:03:19      20    0,00    0,00    0,00    0,00    0,00    0,00    0,00    0,00    0,00  100,00
16:03:19      21    0,00    0,00    0,00    0,00    0,00    0,00    0,00    0,00    0,00  100,00
16:03:19      22    0,00    0,00    0,00    0,00    0,00  100,00    0,00    0,00    0,00    0,00
16:03:19      23    0,00    0,00    0,00    0,00    0,00  100,00    0,00    0,00    0,00    0,00

16:03:19     CPU    %usr   %nice    %sys %iowait    %irq   %soft  %steal  %guest  %gnice   %idle
16:03:20     all    1,38    0,00    0,04    0,00    0,00   16,65    0,00    0,00    0,00   81,93
16:03:20       0    0,00    0,00    0,00    0,00    0,00    0,00    0,00    0,00    0,00  100,00
16:03:20       1    0,00    0,00    0,00    0,00    0,00    0,00    0,00    0,00    0,00  100,00
16:03:20       2    0,00    0,00    0,00    0,00    0,00    0,00    0,00    0,00    0,00  100,00
16:03:20       3    6,00    0,00    0,00    0,00    0,00    0,00    0,00    0,00    0,00   94,00
16:03:20       4    0,00    0,00    0,00    0,00    0,00    0,00    0,00    0,00    0,00  100,00
16:03:20       5    0,00    0,00    0,00    0,00    0,00    0,00    0,00    0,00    0,00  100,00
16:03:20       6    6,06    0,00    0,00    0,00    0,00    0,00    0,00    0,00    0,00   93,94
16:03:20       7    0,00    0,00    0,00    0,00    0,00    0,00    0,00    0,00    0,00  100,00
16:03:20       8    0,00    0,00    0,00    0,00    0,00  100,00    0,00    0,00    0,00    0,00
16:03:20       9    0,00    0,00    0,00    0,00    0,00  100,00    0,00    0,00    0,00    0,00
16:03:20      10    0,00    0,00    0,00    0,00    0,00    0,00    0,00    0,00    0,00  100,00
16:03:20      11    0,00    0,00    0,00    0,00    0,00    0,00    0,00    0,00    0,00  100,00
16:03:20      12    0,00    0,00    0,00    0,00    0,00    0,00    0,00    0,00    0,00  100,00
16:03:20      13    0,00    0,00    0,00    0,00    0,00    0,00    0,00    0,00    0,00  100,00
16:03:20      14    9,09    0,00    0,00    0,00    0,00    0,00    0,00    0,00    0,00   90,91
16:03:20      15    0,00    0,00    0,00    0,00    0,00    0,00    0,00    0,00    0,00  100,00
16:03:20      16    0,00    0,00    0,00    0,00    0,00    0,00    0,00    0,00    0,00  100,00
16:03:20      17    6,00    0,00    1,00    0,00    0,00    0,00    0,00    0,00    0,00   93,00
16:03:20      18    0,00    0,00    0,00    0,00    0,00    0,00    0,00    0,00    0,00  100,00
16:03:20      19    6,00    0,00    0,00    0,00    0,00    0,00    0,00    0,00    0,00   94,00
16:03:20      20    0,00    0,00    0,00    0,00    0,00    0,00    0,00    0,00    0,00  100,00
16:03:20      21    0,00    0,00    0,00    0,00    0,00    0,00    0,00    0,00    0,00  100,00
16:03:20      22    0,00    0,00    0,00    0,00    0,00  100,00    0,00    0,00    0,00    0,00
16:03:20      23    0,00    0,00    0,00    0,00    0,00  100,00    0,00    0,00    0,00    0,00

16:03:20     CPU    %usr   %nice    %sys %iowait    %irq   %soft  %steal  %guest  %gnice   %idle
16:03:21     all    0,29    0,00    0,08    0,08    0,00   16,65    0,00    0,00    0,00   82,89
16:03:21       0    0,00    0,00    0,00    0,00    0,00    0,00    0,00    0,00    0,00  100,00
16:03:21       1    0,00    0,00    0,00    0,00    0,00    0,00    0,00    0,00    0,00  100,00
16:03:21       2    0,00    0,00    0,00    0,00    0,00    0,00    0,00    0,00    0,00  100,00
16:03:21       3    0,00    0,00    0,00    0,00    0,00    0,00    0,00    0,00    0,00  100,00
16:03:21       4    0,00    0,00    0,00    0,00    0,00    0,00    0,00    0,00    0,00  100,00
16:03:21       5    0,00    0,00    0,00    0,00    0,00    0,00    0,00    0,00    0,00  100,00
16:03:21       6    0,00    0,00    0,00    0,00    0,00    0,00    0,00    0,00    0,00  100,00
16:03:21       7    0,00    0,00    0,00    0,00    0,00    0,00    0,00    0,00    0,00  100,00
16:03:21       8    0,99    0,00    0,00    0,00    0,00   99,01    0,00    0,00    0,00    0,00
16:03:21       9    0,00    0,00    0,00    0,00    0,00  100,00    0,00    0,00    0,00    0,00
16:03:21      10    1,00    0,00    0,00    1,00    0,00    0,00    0,00    0,00    0,00   98,00
16:03:21      11    0,00    0,00    0,00    0,00    0,00    0,00    0,00    0,00    0,00  100,00
16:03:21      12    0,00    0,00    0,00    1,00    0,00    0,00    0,00    0,00    0,00   99,00
16:03:21      13    0,00    0,00    0,00    0,00    0,00    0,00    0,00    0,00    0,00  100,00
16:03:21      14    0,00    0,00    0,00    0,00    0,00    0,00    0,00    0,00    0,00  100,00
16:03:21      15    0,00    0,00    0,00    0,00    0,00    0,00    0,00    0,00    0,00  100,00
16:03:21      16    0,99    0,00    0,00    0,00    0,00    0,00    0,00    0,00    0,00   99,01
16:03:21      17    0,00    0,00    0,00    0,00    0,00    0,00    0,00    0,00    0,00  100,00
16:03:21      18    1,00    0,00    1,00    0,00    0,00    0,00    0,00    0,00    0,00   98,00
16:03:21      19    3,00    0,00    1,00    0,00    0,00    0,00    0,00    0,00    0,00   96,00
16:03:21      20    0,00    0,00    0,00    0,00    0,00    0,00    0,00    0,00    0,00  100,00
16:03:21      21    0,00    0,00    0,00    0,00    0,00    0,00    0,00    0,00    0,00  100,00
16:03:21      22    0,00    0,00    0,00    0,00    0,00  100,00    0,00    0,00    0,00    0,00
16:03:21      23    0,00    0,00    0,00    0,00    0,00  100,00    0,00    0,00    0,00    0,00

16:03:21     CPU    %usr   %nice    %sys %iowait    %irq   %soft  %steal  %guest  %gnice   %idle
16:03:22     all    0,04    0,00    0,17    0,00    0,00   16,62    0,00    0,00    0,00   83,17
16:03:22       0    0,00    0,00    0,00    0,00    0,00    0,00    0,00    0,00    0,00  100,00
16:03:22       1    0,00    0,00    0,00    0,00    0,00    0,00    0,00    0,00    0,00  100,00
16:03:22       2    0,00    0,00    0,00    0,00    0,00    0,00    0,00    0,00    0,00  100,00
16:03:22       3    0,00    0,00    0,00    0,00    0,00    0,00    0,00    0,00    0,00  100,00
16:03:22       4    0,00    0,00    0,00    0,00    0,00    0,00    0,00    0,00    0,00  100,00
16:03:22       5    0,00    0,00    0,00    0,00    0,00    0,00    0,00    0,00    0,00  100,00
16:03:22       6    0,00    0,00    0,00    0,00    0,00    0,00    0,00    0,00    0,00  100,00
16:03:22       7    0,00    0,00    0,00    0,00    0,00    0,00    0,00    0,00    0,00  100,00
16:03:22       8    0,00    0,00    1,00    0,00    0,00   99,00    0,00    0,00    0,00    0,00
16:03:22       9    0,00    0,00    0,00    0,00    0,00  100,00    0,00    0,00    0,00    0,00
16:03:22      10    0,00    0,00    0,00    0,00    0,00    0,00    0,00    0,00    0,00  100,00
16:03:22      11    0,00    0,00    0,00    0,00    0,00    0,00    0,00    0,00    0,00  100,00
16:03:22      12    0,00    0,00    0,00    0,00    0,00    0,00    0,00    0,00    0,00  100,00
16:03:22      13    0,00    0,00    0,00    0,00    0,00    0,00    0,00    0,00    0,00  100,00
16:03:22      14    0,00    0,00    0,00    0,00    0,00    0,00    0,00    0,00    0,00  100,00
16:03:22      15    0,00    0,00    0,00    0,00    0,00    0,00    0,00    0,00    0,00  100,00
16:03:22      16    0,00    0,00    1,00    0,00    0,00    0,00    0,00    0,00    0,00   99,00
16:03:22      17    0,99    0,00    0,99    0,00    0,00    0,00    0,00    0,00    0,00   98,02
16:03:22      18    0,00    0,00    0,00    0,00    0,00    0,00    0,00    0,00    0,00  100,00
16:03:22      19    0,00    0,00    0,99    0,00    0,00    0,00    0,00    0,00    0,00   99,01
16:03:22      20    0,00    0,00    0,00    0,00    0,00    0,00    0,00    0,00    0,00  100,00
16:03:22      21    0,00    0,00    0,00    0,00    0,00    0,00    0,00    0,00    0,00  100,00
16:03:22      22    0,00    0,00    0,00    0,00    0,00  100,00    0,00    0,00    0,00    0,00
16:03:22      23    0,00    0,00    0,00    0,00    0,00  100,00    0,00    0,00    0,00    0,00

16:03:22     CPU    %usr   %nice    %sys %iowait    %irq   %soft  %steal  %guest  %gnice   %idle
16:03:23     all    0,00    0,00    0,04    0,00    0,00   16,67    0,00    0,00    0,00   83,28
16:03:23       0    0,00    0,00    0,00    0,00    0,00    0,00    0,00    0,00    0,00  100,00
16:03:23       1    0,00    0,00    0,00    0,00    0,00    0,00    0,00    0,00    0,00  100,00
16:03:23       2    0,00    0,00    0,00    0,00    0,00    0,00    0,00    0,00    0,00  100,00
16:03:23       3    0,00    0,00    0,00    0,00    0,00    0,00    0,00    0,00    0,00  100,00
16:03:23       4    0,00    0,00    0,00    0,00    0,00    0,00    0,00    0,00    0,00  100,00
16:03:23       5    0,00    0,00    0,00    0,00    0,00    0,00    0,00    0,00    0,00  100,00
16:03:23       6    0,00    0,00    0,00    0,00    0,00    0,00    0,00    0,00    0,00  100,00
16:03:23       7    0,00    0,00    0,00    0,00    0,00    0,00    0,00    0,00    0,00  100,00
16:03:23       8    0,00    0,00    0,00    0,00    0,00  100,00    0,00    0,00    0,00    0,00
16:03:23       9    0,00    0,00    0,00    0,00    0,00  100,00    0,00    0,00    0,00    0,00
16:03:23      10    0,00    0,00    0,00    0,00    0,00    0,00    0,00    0,00    0,00  100,00
16:03:23      11    0,00    0,00    0,00    0,00    0,00    0,00    0,00    0,00    0,00  100,00
16:03:23      12    0,00    0,00    0,00    0,00    0,00    0,00    0,00    0,00    0,00  100,00
16:03:23      13    0,00    0,00    0,00    0,00    0,00    0,00    0,00    0,00    0,00  100,00
16:03:23      14    0,00    0,00    0,00    0,00    0,00    0,00    0,00    0,00    0,00  100,00
16:03:23      15    0,00    0,00    0,00    0,00    0,00    0,00    0,00    0,00    0,00  100,00
16:03:23      16    0,00    0,00    0,00    0,00    0,00    0,00    0,00    0,00    0,00  100,00
16:03:23      17    0,00    0,00    0,00    0,00    0,00    0,00    0,00    0,00    0,00  100,00
16:03:23      18    0,00    0,00    1,00    0,00    0,00    0,00    0,00    0,00    0,00   99,00
16:03:23      19    0,00    0,00    0,00    0,00    0,00    0,00    0,00    0,00    0,00  100,00
16:03:23      20    0,00    0,00    0,00    0,00    0,00    0,00    0,00    0,00    0,00  100,00
16:03:23      21    0,00    0,00    0,00    0,00    0,00    0,00    0,00    0,00    0,00  100,00
16:03:23      22    0,00    0,00    0,00    0,00    0,00  100,00    0,00    0,00    0,00    0,00
16:03:23      23    0,00    0,00    0,00    0,00    0,00  100,00    0,00    0,00    0,00    0,00

16:03:23     CPU    %usr   %nice    %sys %iowait    %irq   %soft  %steal  %guest  %gnice   %idle
16:03:24     all    0,08    0,00    0,00    0,00    0,00   16,67    0,00    0,00    0,00   83,25
16:03:24       0    0,00    0,00    0,00    0,00    0,00    0,00    0,00    0,00    0,00  100,00
16:03:24       1    0,00    0,00    0,00    0,00    0,00    0,00    0,00    0,00    0,00  100,00
16:03:24       2    0,00    0,00    0,00    0,00    0,00    0,00    0,00    0,00    0,00  100,00
16:03:24       3    0,00    0,00    0,00    0,00    0,00    0,00    0,00    0,00    0,00  100,00
16:03:24       4    0,00    0,00    0,00    0,00    0,00    0,00    0,00    0,00    0,00  100,00
16:03:24       5    0,00    0,00    0,00    0,00    0,00    0,00    0,00    0,00    0,00  100,00
16:03:24       6    0,00    0,00    0,00    0,00    0,00    0,00    0,00    0,00    0,00  100,00
16:03:24       7    0,00    0,00    0,00    0,00    0,00    0,00    0,00    0,00    0,00  100,00
16:03:24       8    0,99    0,00    0,00    0,00    0,00   99,01    0,00    0,00    0,00    0,00
16:03:24       9    0,00    0,00    0,00    0,00    0,00  100,00    0,00    0,00    0,00    0,00
16:03:24      10    0,00    0,00    0,00    0,00    0,00    0,00    0,00    0,00    0,00  100,00
16:03:24      11    0,00    0,00    0,00    0,00    0,00    0,00    0,00    0,00    0,00  100,00
16:03:24      12    0,00    0,00    0,00    0,00    0,00    0,00    0,00    0,00    0,00  100,00
16:03:24      13    0,00    0,00    0,00    0,00    0,00    0,00    0,00    0,00    0,00  100,00
16:03:24      14    0,00    0,00    0,00    0,00    0,00    0,00    0,00    0,00    0,00  100,00
16:03:24      15    1,00    0,00    0,00    0,00    0,00    0,00    0,00    0,00    0,00   99,00
16:03:24      16    0,00    0,00    0,00    0,00    0,00    0,00    0,00    0,00    0,00  100,00
16:03:24      17    0,00    0,00    0,00    0,00    0,00    0,00    0,00    0,00    0,00  100,00
16:03:24      18    0,00    0,00    0,00    0,00    0,00    0,00    0,00    0,00    0,00  100,00
16:03:24      19    0,00    0,00    0,00    0,00    0,00    0,00    0,00    0,00    0,00  100,00
16:03:24      20    0,00    0,00    0,00    0,00    0,00    0,00    0,00    0,00    0,00  100,00
16:03:24      21    0,00    0,00    0,00    0,00    0,00    0,00    0,00    0,00    0,00  100,00
16:03:24      22    0,00    0,00    0,00    0,00    0,00  100,00    0,00    0,00    0,00    0,00
16:03:24      23    0,00    0,00    0,00    0,00    0,00  100,00    0,00    0,00    0,00    0,00

16:03:24     CPU    %usr   %nice    %sys %iowait    %irq   %soft  %steal  %guest  %gnice   %idle
16:03:25     all    0,00    0,00    0,04    0,00    0,00   16,63    0,00    0,00    0,00   83,33
16:03:25       0    0,00    0,00    0,00    0,00    0,00    0,00    0,00    0,00    0,00  100,00
16:03:25       1    0,00    0,00    0,00    0,00    0,00    0,00    0,00    0,00    0,00  100,00
16:03:25       2    0,00    0,00    0,00    0,00    0,00    0,00    0,00    0,00    0,00  100,00
16:03:25       3    0,00    0,00    0,00    0,00    0,00    0,00    0,00    0,00    0,00  100,00
16:03:25       4    0,00    0,00    0,00    0,00    0,00    0,00    0,00    0,00    0,00  100,00
16:03:25       5    0,00    0,00    0,00    0,00    0,00    0,00    0,00    0,00    0,00  100,00
16:03:25       6    0,00    0,00    0,99    0,00    0,00    0,00    0,00    0,00    0,00   99,01
16:03:25       7    0,00    0,00    0,00    0,00    0,00    0,00    0,00    0,00    0,00  100,00
16:03:25       8    0,00    0,00    0,00    0,00    0,00  100,00    0,00    0,00    0,00    0,00
16:03:25       9    0,00    0,00    0,00    0,00    0,00  100,00    0,00    0,00    0,00    0,00
16:03:25      10    0,00    0,00    0,00    0,00    0,00    0,00    0,00    0,00    0,00  100,00
16:03:25      11    0,00    0,00    0,00    0,00    0,00    0,00    0,00    0,00    0,00  100,00
16:03:25      12    0,00    0,00    0,00    0,00    0,00    0,00    0,00    0,00    0,00  100,00
16:03:25      13    0,00    0,00    0,00    0,00    0,00    0,00    0,00    0,00    0,00  100,00
16:03:25      14    0,00    0,00    0,00    0,00    0,00    0,00    0,00    0,00    0,00  100,00
16:03:25      15    0,00    0,00    0,00    0,00    0,00    0,00    0,00    0,00    0,00  100,00
16:03:25      16    0,00    0,00    0,00    0,00    0,00    0,00    0,00    0,00    0,00  100,00
16:03:25      17    0,00    0,00    0,00    0,00    0,00    0,00    0,00    0,00    0,00  100,00
16:03:25      18    0,00    0,00    0,00    0,00    0,00    0,00    0,00    0,00    0,00  100,00
16:03:25      19    0,00    0,00    0,00    0,00    0,00    0,00    0,00    0,00    0,00  100,00
16:03:25      20    0,00    0,00    0,00    0,00    0,00    0,00    0,00    0,00    0,00  100,00
16:03:25      21    0,00    0,00    0,00    0,00    0,00    0,00    0,00    0,00    0,00  100,00
16:03:25      22    0,00    0,00    0,00    0,00    0,00  100,00    0,00    0,00    0,00    0,00
16:03:25      23    0,00    0,00    0,00    0,00    0,00  100,00    0,00    0,00    0,00    0,00

16:03:25     CPU    %usr   %nice    %sys %iowait    %irq   %soft  %steal  %guest  %gnice   %idle
16:03:26     all    0,08    0,00    0,00    0,08    0,00   16,67    0,00    0,00    0,00   83,17
16:03:26       0    0,00    0,00    0,00    0,00    0,00    0,00    0,00    0,00    0,00  100,00
16:03:26       1    0,00    0,00    0,00    0,00    0,00    0,00    0,00    0,00    0,00  100,00
16:03:26       2    0,00    0,00    0,00    0,00    0,00    0,00    0,00    0,00    0,00  100,00
16:03:26       3    0,00    0,00    0,00    0,00    0,00    0,00    0,00    0,00    0,00  100,00
16:03:26       4    0,00    0,00    0,00    0,00    0,00    0,00    0,00    0,00    0,00  100,00
16:03:26       5    0,00    0,00    0,00    0,00    0,00    0,00    0,00    0,00    0,00  100,00
16:03:26       6    0,00    0,00    0,00    0,00    0,00    0,00    0,00    0,00    0,00  100,00
16:03:26       7    0,00    0,00    0,00    0,00    0,00    0,00    0,00    0,00    0,00  100,00
16:03:26       8    1,00    0,00    0,00    0,00    0,00   99,00    0,00    0,00    0,00    0,00
16:03:26       9    0,00    0,00    0,00    0,00    0,00  100,00    0,00    0,00    0,00    0,00
16:03:26      10    0,00    0,00    0,00    2,00    0,00    0,00    0,00    0,00    0,00   98,00
16:03:26      11    0,00    0,00    0,00    0,00    0,00    0,00    0,00    0,00    0,00  100,00
16:03:26      12    0,00    0,00    0,00    0,00    0,00    0,00    0,00    0,00    0,00  100,00
16:03:26      13    0,00    0,00    0,00    0,00    0,00    0,00    0,00    0,00    0,00  100,00
16:03:26      14    0,00    0,00    0,00    0,00    0,00    0,00    0,00    0,00    0,00  100,00
16:03:26      15    0,00    0,00    0,00    0,00    0,00    0,00    0,00    0,00    0,00  100,00
16:03:26      16    0,00    0,00    0,00    0,00    0,00    0,00    0,00    0,00    0,00  100,00
16:03:26      17    0,00    0,00    0,00    0,00    0,00    0,00    0,00    0,00    0,00  100,00
16:03:26      18    1,01    0,00    0,00    0,00    0,00    0,00    0,00    0,00    0,00   98,99
16:03:26      19    0,00    0,00    0,00    0,00    0,00    0,00    0,00    0,00    0,00  100,00
16:03:26      20    0,00    0,00    0,00    0,00    0,00    0,00    0,00    0,00    0,00  100,00
16:03:26      21    0,00    0,00    0,00    0,00    0,00    0,00    0,00    0,00    0,00  100,00
16:03:26      22    0,00    0,00    0,00    0,00    0,00  100,00    0,00    0,00    0,00    0,00
16:03:26      23    0,00    0,00    0,00    0,00    0,00  100,00    0,00    0,00    0,00    0,00

16:03:26     CPU    %usr   %nice    %sys %iowait    %irq   %soft  %steal  %guest  %gnice   %idle
16:03:27     all    0,00    0,00    0,12    0,00    0,00   16,67    0,00    0,00    0,00   83,21
16:03:27       0    0,00    0,00    0,00    0,00    0,00    0,00    0,00    0,00    0,00  100,00
16:03:27       1    0,00    0,00    0,00    0,00    0,00    0,00    0,00    0,00    0,00  100,00
16:03:27       2    0,00    0,00    0,00    0,00    0,00    0,00    0,00    0,00    0,00  100,00
16:03:27       3    0,00    0,00    0,00    0,00    0,00    0,00    0,00    0,00    0,00  100,00
16:03:27       4    0,00    0,00    0,00    0,00    0,00    0,00    0,00    0,00    0,00  100,00
16:03:27       5    0,00    0,00    0,00    0,00    0,00    0,00    0,00    0,00    0,00  100,00
16:03:27       6    0,00    0,00    0,00    0,00    0,00    0,00    0,00    0,00    0,00  100,00
16:03:27       7    0,00    0,00    0,00    0,00    0,00    0,00    0,00    0,00    0,00  100,00
16:03:27       8    0,00    0,00    0,00    0,00    0,00  100,00    0,00    0,00    0,00    0,00
16:03:27       9    0,00    0,00    0,00    0,00    0,00  100,00    0,00    0,00    0,00    0,00
16:03:27      10    0,00    0,00    0,00    0,00    0,00    0,00    0,00    0,00    0,00  100,00
16:03:27      11    0,00    0,00    0,00    0,00    0,00    0,00    0,00    0,00    0,00  100,00
16:03:27      12    0,00    0,00    0,00    0,00    0,00    0,00    0,00    0,00    0,00  100,00
16:03:27      13    0,00    0,00    0,00    0,00    0,00    0,00    0,00    0,00    0,00  100,00
16:03:27      14    0,00    0,00    0,00    0,00    0,00    0,00    0,00    0,00    0,00  100,00
16:03:27      15    0,00    0,00    0,00    0,00    0,00    0,00    0,00    0,00    0,00  100,00
16:03:27      16    0,00    0,00    0,00    0,00    0,00    0,00    0,00    0,00    0,00  100,00
16:03:27      17    0,00    0,00    1,00    0,00    0,00    0,00    0,00    0,00    0,00   99,00
16:03:27      18    0,00    0,00    1,00    0,00    0,00    0,00    0,00    0,00    0,00   99,00
16:03:27      19    0,00    0,00    0,99    0,00    0,00    0,00    0,00    0,00    0,00   99,01
16:03:27      20    0,00    0,00    0,00    0,00    0,00    0,00    0,00    0,00    0,00  100,00
16:03:27      21    0,00    0,00    0,00    0,00    0,00    0,00    0,00    0,00    0,00  100,00
16:03:27      22    0,00    0,00    0,00    0,00    0,00  100,00    0,00    0,00    0,00    0,00
16:03:27      23    0,00    0,00    0,00    0,00    0,00  100,00    0,00    0,00    0,00    0,00

16:03:27     CPU    %usr   %nice    %sys %iowait    %irq   %soft  %steal  %guest  %gnice   %idle
16:03:28     all    0,08    0,00    0,00    0,00    0,00   16,62    0,00    0,00    0,00   83,29
16:03:28       0    0,00    0,00    0,00    0,00    0,00    0,00    0,00    0,00    0,00  100,00
16:03:28       1    0,00    0,00    0,00    0,00    0,00    0,00    0,00    0,00    0,00  100,00
16:03:28       2    0,00    0,00    0,00    0,00    0,00    0,00    0,00    0,00    0,00  100,00
16:03:28       3    0,00    0,00    0,00    0,00    0,00    0,00    0,00    0,00    0,00  100,00
16:03:28       4    0,00    0,00    0,00    0,00    0,00    0,00    0,00    0,00    0,00  100,00
16:03:28       5    0,00    0,00    0,00    0,00    0,00    0,00    0,00    0,00    0,00  100,00
16:03:28       6    0,00    0,00    0,00    0,00    0,00    0,00    0,00    0,00    0,00  100,00
16:03:28       7    0,00    0,00    0,00    0,00    0,00    0,00    0,00    0,00    0,00  100,00
16:03:28       8    1,00    0,00    0,00    0,00    0,00   99,00    0,00    0,00    0,00    0,00
16:03:28       9    0,00    0,00    0,00    0,00    0,00  100,00    0,00    0,00    0,00    0,00
16:03:28      10    0,00    0,00    0,00    0,00    0,00    0,00    0,00    0,00    0,00  100,00
16:03:28      11    0,00    0,00    0,00    0,00    0,00    0,00    0,00    0,00    0,00  100,00
16:03:28      12    0,00    0,00    0,00    0,00    0,00    0,00    0,00    0,00    0,00  100,00
16:03:28      13    0,00    0,00    0,00    0,00    0,00    0,00    0,00    0,00    0,00  100,00
16:03:28      14    0,00    0,00    0,00    0,00    0,00    0,00    0,00    0,00    0,00  100,00
16:03:28      15    0,00    0,00    0,00    0,00    0,00    0,00    0,00    0,00    0,00  100,00
16:03:28      16    0,00    0,00    0,00    0,00    0,00    0,00    0,00    0,00    0,00  100,00
16:03:28      17    0,00    0,00    0,00    0,00    0,00    0,00    0,00    0,00    0,00  100,00
16:03:28      18    0,99    0,00    0,00    0,00    0,00    0,00    0,00    0,00    0,00   99,01
16:03:28      19    0,00    0,00    0,00    0,00    0,00    0,00    0,00    0,00    0,00  100,00
16:03:28      20    0,00    0,00    0,00    0,00    0,00    0,00    0,00    0,00    0,00  100,00
16:03:28      21    0,00    0,00    0,00    0,00    0,00    0,00    0,00    0,00    0,00  100,00
16:03:28      22    0,00    0,00    0,00    0,00    0,00  100,00    0,00    0,00    0,00    0,00
16:03:28      23    0,00    0,00    0,00    0,00    0,00  100,00    0,00    0,00    0,00    0,00

16:03:28     CPU    %usr   %nice    %sys %iowait    %irq   %soft  %steal  %guest  %gnice   %idle
16:03:29     all    0,00    0,00    0,00    0,00    0,00   16,64    0,00    0,00    0,00   83,36
16:03:29       0    0,00    0,00    0,00    0,00    0,00    0,00    0,00    0,00    0,00  100,00
16:03:29       1    0,00    0,00    0,00    0,00    0,00    0,00    0,00    0,00    0,00  100,00
16:03:29       2    0,00    0,00    0,00    0,00    0,00    0,00    0,00    0,00    0,00  100,00
16:03:29       3    0,00    0,00    0,00    0,00    0,00    0,00    0,00    0,00    0,00  100,00
16:03:29       4    0,00    0,00    0,00    0,00    0,00    0,00    0,00    0,00    0,00  100,00
16:03:29       5    0,00    0,00    0,00    0,00    0,00    0,00    0,00    0,00    0,00  100,00
16:03:29       6    0,00    0,00    0,00    0,00    0,00    0,00    0,00    0,00    0,00  100,00
16:03:29       7    0,00    0,00    0,00    0,00    0,00    0,00    0,00    0,00    0,00  100,00
16:03:29       8    0,00    0,00    0,00    0,00    0,00  100,00    0,00    0,00    0,00    0,00
16:03:29       9    0,00    0,00    0,00    0,00    0,00  100,00    0,00    0,00    0,00    0,00
16:03:29      10    0,00    0,00    0,00    0,00    0,00    0,00    0,00    0,00    0,00  100,00
16:03:29      11    0,00    0,00    0,00    0,00    0,00    0,00    0,00    0,00    0,00  100,00
16:03:29      12    0,00    0,00    0,00    0,00    0,00    0,00    0,00    0,00    0,00  100,00
16:03:29      13    0,00    0,00    0,00    0,00    0,00    0,00    0,00    0,00    0,00  100,00
16:03:29      14    0,00    0,00    0,00    0,00    0,00    0,00    0,00    0,00    0,00  100,00
16:03:29      15    0,00    0,00    0,00    0,00    0,00    0,00    0,00    0,00    0,00  100,00
16:03:29      16    0,00    0,00    0,00    0,00    0,00    0,00    0,00    0,00    0,00  100,00
16:03:29      17    0,00    0,00    0,00    0,00    0,00    0,00    0,00    0,00    0,00  100,00
16:03:29      18    0,00    0,00    0,00    0,00    0,00    0,00    0,00    0,00    0,00  100,00
16:03:29      19    0,00    0,00    0,00    0,00    0,00    0,00    0,00    0,00    0,00  100,00
16:03:29      20    0,00    0,00    0,00    0,00    0,00    0,00    0,00    0,00    0,00  100,00
16:03:29      21    0,00    0,00    0,00    0,00    0,00    0,00    0,00    0,00    0,00  100,00
16:03:29      22    0,00    0,00    0,00    0,00    0,00  100,00    0,00    0,00    0,00    0,00
16:03:29      23    0,00    0,00    0,00    0,00    0,00  100,00    0,00    0,00    0,00    0,00

16:03:29     CPU    %usr   %nice    %sys %iowait    %irq   %soft  %steal  %guest  %gnice   %idle
16:03:30     all    0,00    0,00    0,04    0,00    0,00   16,66    0,00    0,00    0,00   83,30
16:03:30       0    0,00    0,00    0,00    0,00    0,00    0,00    0,00    0,00    0,00  100,00
16:03:30       1    0,00    0,00    0,00    0,00    0,00    0,00    0,00    0,00    0,00  100,00
16:03:30       2    0,00    0,00    0,00    0,00    0,00    0,00    0,00    0,00    0,00  100,00
16:03:30       3    0,00    0,00    0,00    0,00    0,00    0,00    0,00    0,00    0,00  100,00
16:03:30       4    0,00    0,00    0,00    0,00    0,00    0,00    0,00    0,00    0,00  100,00
16:03:30       5    0,00    0,00    0,00    0,00    0,00    0,00    0,00    0,00    0,00  100,00
16:03:30       6    0,00    0,00    0,00    0,00    0,00    0,00    0,00    0,00    0,00  100,00
16:03:30       7    0,00    0,00    0,00    0,00    0,00    0,00    0,00    0,00    0,00  100,00
16:03:30       8    0,00    0,00    0,99    0,00    0,00   99,01    0,00    0,00    0,00    0,00
16:03:30       9    0,00    0,00    0,00    0,00    0,00  100,00    0,00    0,00    0,00    0,00
16:03:30      10    0,00    0,00    0,00    0,00    0,00    0,00    0,00    0,00    0,00  100,00
16:03:30      11    0,00    0,00    0,00    0,00    0,00    0,00    0,00    0,00    0,00  100,00
16:03:30      12    0,00    0,00    0,00    0,00    0,00    0,00    0,00    0,00    0,00  100,00
16:03:30      13    0,00    0,00    0,00    0,00    0,00    0,00    0,00    0,00    0,00  100,00
16:03:30      14    0,00    0,00    0,00    0,00    0,00    0,00    0,00    0,00    0,00  100,00
16:03:30      15    0,00    0,00    0,00    0,00    0,00    0,00    0,00    0,00    0,00  100,00
16:03:30      16    0,00    0,00    0,00    0,00    0,00    0,00    0,00    0,00    0,00  100,00
16:03:30      17    0,00    0,00    0,00    0,00    0,00    0,00    0,00    0,00    0,00  100,00
16:03:30      18    0,00    0,00    0,00    0,00    0,00    0,00    0,00    0,00    0,00  100,00
16:03:30      19    0,00    0,00    0,00    0,00    0,00    0,00    0,00    0,00    0,00  100,00
16:03:30      20    0,00    0,00    0,00    0,00    0,00    0,00    0,00    0,00    0,00  100,00
16:03:30      21    0,00    0,00    0,00    0,00    0,00    0,00    0,00    0,00    0,00  100,00
16:03:30      22    0,00    0,00    0,00    0,00    0,00  100,00    0,00    0,00    0,00    0,00
16:03:30      23    0,00    0,00    0,00    0,00    0,00  100,00    0,00    0,00    0,00    0,00

16:03:30     CPU    %usr   %nice    %sys %iowait    %irq   %soft  %steal  %guest  %gnice   %idle
16:03:31     all    0,08    0,00    0,17    0,08    0,00   16,66    0,00    0,00    0,00   83,01
16:03:31       0    0,00    0,00    0,00    0,00    0,00    0,00    0,00    0,00    0,00  100,00
16:03:31       1    0,00    0,00    0,00    0,00    0,00    0,00    0,00    0,00    0,00  100,00
16:03:31       2    0,00    0,00    0,00    0,00    0,00    0,00    0,00    0,00    0,00  100,00
16:03:31       3    0,00    0,00    0,00    0,00    0,00    0,00    0,00    0,00    0,00  100,00
16:03:31       4    0,00    0,00    0,00    0,00    0,00    0,00    0,00    0,00    0,00  100,00
16:03:31       5    0,00    0,00    0,00    0,00    0,00    0,00    0,00    0,00    0,00  100,00
16:03:31       6    0,00    0,00    0,00    0,00    0,00    0,00    0,00    0,00    0,00  100,00
16:03:31       7    0,00    0,00    0,00    0,00    0,00    0,00    0,00    0,00    0,00  100,00
16:03:31       8    0,00    0,00    0,00    0,00    0,00  100,00    0,00    0,00    0,00    0,00
16:03:31       9    0,00    0,00    0,00    0,00    0,00  100,00    0,00    0,00    0,00    0,00
16:03:31      10    0,00    0,00    0,00    1,01    0,00    0,00    0,00    0,00    0,00   98,99
16:03:31      11    0,00    0,00    0,00    0,00    0,00    0,00    0,00    0,00    0,00  100,00
16:03:31      12    0,00    0,00    0,00    0,00    0,00    0,00    0,00    0,00    0,00  100,00
16:03:31      13    0,00    0,00    0,00    0,00    0,00    0,00    0,00    0,00    0,00  100,00
16:03:31      14    0,00    0,00    0,00    0,00    0,00    0,00    0,00    0,00    0,00  100,00
16:03:31      15    0,00    0,00    0,00    0,00    0,00    0,00    0,00    0,00    0,00  100,00
16:03:31      16    1,00    0,00    1,00    1,00    0,00    0,00    0,00    0,00    0,00   97,00
16:03:31      17    0,00    0,00    1,00    0,00    0,00    0,00    0,00    0,00    0,00   99,00
16:03:31      18    0,00    0,00    1,00    0,00    0,00    0,00    0,00    0,00    0,00   99,00
16:03:31      19    0,98    0,00    0,98    0,00    0,00    0,00    0,00    0,00    0,00   98,04
16:03:31      20    0,00    0,00    0,00    0,00    0,00    0,00    0,00    0,00    0,00  100,00
16:03:31      21    0,00    0,00    0,00    0,00    0,00    0,00    0,00    0,00    0,00  100,00
16:03:31      22    0,00    0,00    0,00    0,00    0,00  100,00    0,00    0,00    0,00    0,00
16:03:31      23    0,00    0,00    0,00    0,00    0,00  100,00    0,00    0,00    0,00    0,00

16:03:31     CPU    %usr   %nice    %sys %iowait    %irq   %soft  %steal  %guest  %gnice   %idle
16:03:32     all    0,04    0,00    0,00    0,00    0,00   16,64    0,00    0,00    0,00   83,32
16:03:32       0    0,00    0,00    0,00    0,00    0,00    0,00    0,00    0,00    0,00  100,00
16:03:32       1    0,00    0,00    0,00    0,00    0,00    0,00    0,00    0,00    0,00  100,00
16:03:32       2    0,00    0,00    0,00    0,00    0,00    0,00    0,00    0,00    0,00  100,00
16:03:32       3    0,00    0,00    0,00    0,00    0,00    0,00    0,00    0,00    0,00  100,00
16:03:32       4    0,00    0,00    0,00    0,00    0,00    0,00    0,00    0,00    0,00  100,00
16:03:32       5    0,00    0,00    0,00    0,00    0,00    0,00    0,00    0,00    0,00  100,00
16:03:32       6    0,00    0,00    0,00    0,00    0,00    0,00    0,00    0,00    0,00  100,00
16:03:32       7    0,00    0,00    0,00    0,00    0,00    0,00    0,00    0,00    0,00  100,00
16:03:32       8    1,00    0,00    0,00    0,00    0,00   99,00    0,00    0,00    0,00    0,00
16:03:32       9    0,00    0,00    0,00    0,00    0,00  100,00    0,00    0,00    0,00    0,00
16:03:32      10    0,00    0,00    0,00    0,00    0,00    0,00    0,00    0,00    0,00  100,00
16:03:32      11    0,00    0,00    0,00    0,00    0,00    0,00    0,00    0,00    0,00  100,00
16:03:32      12    0,00    0,00    0,00    0,00    0,00    0,00    0,00    0,00    0,00  100,00
16:03:32      13    0,00    0,00    0,00    0,00    0,00    0,00    0,00    0,00    0,00  100,00
16:03:32      14    0,00    0,00    0,00    0,00    0,00    0,00    0,00    0,00    0,00  100,00
16:03:32      15    0,00    0,00    0,00    0,00    0,00    0,00    0,00    0,00    0,00  100,00
16:03:32      16    0,00    0,00    0,00    0,00    0,00    0,00    0,00    0,00    0,00  100,00
16:03:32      17    0,00    0,00    0,00    0,00    0,00    0,00    0,00    0,00    0,00  100,00
16:03:32      18    0,00    0,00    0,00    0,00    0,00    0,00    0,00    0,00    0,00  100,00
16:03:32      19    0,00    0,00    0,00    0,00    0,00    0,00    0,00    0,00    0,00  100,00
16:03:32      20    0,00    0,00    0,00    0,00    0,00    0,00    0,00    0,00    0,00  100,00
16:03:32      21    0,00    0,00    0,00    0,00    0,00    0,00    0,00    0,00    0,00  100,00
16:03:32      22    0,00    0,00    0,00    0,00    0,00  100,00    0,00    0,00    0,00    0,00
16:03:32      23    0,00    0,00    0,00    0,00    0,00  100,00    0,00    0,00    0,00    0,00

16:03:32     CPU    %usr   %nice    %sys %iowait    %irq   %soft  %steal  %guest  %gnice   %idle
16:03:33     all    0,04    0,00    0,00    0,00    0,00   16,68    0,00    0,00    0,00   83,28
16:03:33       0    0,00    0,00    0,00    0,00    0,00    0,00    0,00    0,00    0,00  100,00
16:03:33       1    0,00    0,00    0,00    0,00    0,00    0,00    0,00    0,00    0,00  100,00
16:03:33       2    0,00    0,00    0,00    0,00    0,00    0,00    0,00    0,00    0,00  100,00
16:03:33       3    0,00    0,00    0,00    0,00    0,00    0,00    0,00    0,00    0,00  100,00
16:03:33       4    0,00    0,00    0,00    0,00    0,00    0,00    0,00    0,00    0,00  100,00
16:03:33       5    0,00    0,00    0,00    0,00    0,00    0,00    0,00    0,00    0,00  100,00
16:03:33       6    0,00    0,00    0,00    0,00    0,00    0,00    0,00    0,00    0,00  100,00
16:03:33       7    0,00    0,00    0,00    0,00    0,00    0,00    0,00    0,00    0,00  100,00
16:03:33       8    0,00    0,00    0,00    0,00    0,00  100,00    0,00    0,00    0,00    0,00
16:03:33       9    0,00    0,00    0,00    0,00    0,00  100,00    0,00    0,00    0,00    0,00
16:03:33      10    0,00    0,00    0,00    0,00    0,00    0,00    0,00    0,00    0,00  100,00
16:03:33      11    0,00    0,00    0,00    0,00    0,00    0,00    0,00    0,00    0,00  100,00
16:03:33      12    0,00    0,00    0,00    0,00    0,00    0,00    0,00    0,00    0,00  100,00
16:03:33      13    0,00    0,00    0,00    0,00    0,00    0,00    0,00    0,00    0,00  100,00
16:03:33      14    0,00    0,00    0,00    0,00    0,00    0,00    0,00    0,00    0,00  100,00
16:03:33      15    0,00    0,00    0,00    0,00    0,00    0,00    0,00    0,00    0,00  100,00
16:03:33      16    0,00    0,00    0,00    0,00    0,00    0,00    0,00    0,00    0,00  100,00
16:03:33      17    1,00    0,00    0,00    0,00    0,00    0,00    0,00    0,00    0,00   99,00
16:03:33      18    0,00    0,00    0,00    0,00    0,00    0,00    0,00    0,00    0,00  100,00
16:03:33      19    0,00    0,00    0,00    0,00    0,00    0,00    0,00    0,00    0,00  100,00
16:03:33      20    0,00    0,00    0,00    0,00    0,00    0,00    0,00    0,00    0,00  100,00
16:03:33      21    0,00    0,00    0,00    0,00    0,00    0,00    0,00    0,00    0,00  100,00
16:03:33      22    0,00    0,00    0,00    0,00    0,00  100,00    0,00    0,00    0,00    0,00
16:03:33      23    0,00    0,00    0,00    0,00    0,00  100,00    0,00    0,00    0,00    0,00

16:03:33     CPU    %usr   %nice    %sys %iowait    %irq   %soft  %steal  %guest  %gnice   %idle
16:03:34     all    0,04    0,00    0,17    0,00    0,00   16,60    0,00    0,00    0,00   83,19
16:03:34       0    0,00    0,00    0,00    0,00    0,00    0,00    0,00    0,00    0,00  100,00
16:03:34       1    0,00    0,00    0,00    0,00    0,00    0,00    0,00    0,00    0,00  100,00
16:03:34       2    0,00    0,00    0,00    0,00    0,00    0,00    0,00    0,00    0,00  100,00
16:03:34       3    0,00    0,00    0,00    0,00    0,00    0,00    0,00    0,00    0,00  100,00
16:03:34       4    0,00    0,00    0,00    0,00    0,00    0,00    0,00    0,00    0,00  100,00
16:03:34       5    0,00    0,00    0,00    0,00    0,00    0,00    0,00    0,00    0,00  100,00
16:03:34       6    0,00    0,00    0,00    0,00    0,00    0,00    0,00    0,00    0,00  100,00
16:03:34       7    0,00    0,00    0,00    0,00    0,00    0,00    0,00    0,00    0,00  100,00
16:03:34       8    0,99    0,00    0,99    0,00    0,00   98,02    0,00    0,00    0,00    0,00
16:03:34       9    0,00    0,00    0,00    0,00    0,00  100,00    0,00    0,00    0,00    0,00
16:03:34      10    0,00    0,00    0,00    0,00    0,00    0,00    0,00    0,00    0,00  100,00
16:03:34      11    0,00    0,00    0,00    0,00    0,00    0,00    0,00    0,00    0,00  100,00
16:03:34      12    0,00    0,00    0,00    0,00    0,00    0,00    0,00    0,00    0,00  100,00
16:03:34      13    0,00    0,00    0,00    0,00    0,00    0,00    0,00    0,00    0,00  100,00
16:03:34      14    0,00    0,00    0,00    0,00    0,00    0,00    0,00    0,00    0,00  100,00
16:03:34      15    0,00    0,00    0,99    0,00    0,00    0,00    0,00    0,00    0,00   99,01
16:03:34      16    0,00    0,00    0,00    0,00    0,00    0,00    0,00    0,00    0,00  100,00
16:03:34      17    0,00    0,00    0,99    0,00    0,00    0,00    0,00    0,00    0,00   99,01
16:03:34      18    0,00    0,00    0,00    0,00    0,00    0,00    0,00    0,00    0,00  100,00
16:03:34      19    0,00    0,00    0,99    0,00    0,00    0,00    0,00    0,00    0,00   99,01
16:03:34      20    0,00    0,00    0,00    0,00    0,00    0,00    0,00    0,00    0,00  100,00
16:03:34      21    0,00    0,00    0,00    0,00    0,00    0,00    0,00    0,00    0,00  100,00
16:03:34      22    0,00    0,00    0,00    0,00    0,00  100,00    0,00    0,00    0,00    0,00
16:03:34      23    0,00    0,00    0,00    0,00    0,00  100,00    0,00    0,00    0,00    0,00

16:03:34     CPU    %usr   %nice    %sys %iowait    %irq   %soft  %steal  %guest  %gnice   %idle
16:03:35     all    0,04    0,00    0,04    0,00    0,00   16,62    0,00    0,00    0,00   83,29
16:03:35       0    0,00    0,00    0,00    0,00    0,00    0,00    0,00    0,00    0,00  100,00
16:03:35       1    0,00    0,00    0,00    0,00    0,00    0,00    0,00    0,00    0,00  100,00
16:03:35       2    0,00    0,00    0,00    0,00    0,00    0,00    0,00    0,00    0,00  100,00
16:03:35       3    0,00    0,00    0,00    0,00    0,00    0,00    0,00    0,00    0,00  100,00
16:03:35       4    0,00    0,00    0,00    0,00    0,00    0,00    0,00    0,00    0,00  100,00
16:03:35       5    0,00    0,00    0,00    0,00    0,00    0,00    0,00    0,00    0,00  100,00
16:03:35       6    0,00    0,00    0,00    0,00    0,00    0,00    0,00    0,00    0,00  100,00
16:03:35       7    0,00    0,00    0,00    0,00    0,00    0,00    0,00    0,00    0,00  100,00
16:03:35       8    0,00    0,00    0,00    0,00    0,00  100,00    0,00    0,00    0,00    0,00
16:03:35       9    0,00    0,00    0,00    0,00    0,00  100,00    0,00    0,00    0,00    0,00
16:03:35      10    0,00    0,00    0,00    0,00    0,00    0,00    0,00    0,00    0,00  100,00
16:03:35      11    0,00    0,00    0,00    0,00    0,00    0,00    0,00    0,00    0,00  100,00
16:03:35      12    0,00    0,00    0,00    0,00    0,00    0,00    0,00    0,00    0,00  100,00
16:03:35      13    0,00    0,00    0,00    0,00    0,00    0,00    0,00    0,00    0,00  100,00
16:03:35      14    0,00    0,00    0,00    0,00    0,00    0,00    0,00    0,00    0,00  100,00
16:03:35      15    0,00    0,00    0,00    0,00    0,00    0,00    0,00    0,00    0,00  100,00
16:03:35      16    0,00    0,00    0,99    0,00    0,00    0,00    0,00    0,00    0,00   99,01
16:03:35      17    0,00    0,00    0,00    0,00    0,00    0,00    0,00    0,00    0,00  100,00
16:03:35      18    0,00    0,00    0,00    0,00    0,00    0,00    0,00    0,00    0,00  100,00
16:03:35      19    0,99    0,00    0,00    0,00    0,00    0,00    0,00    0,00    0,00   99,01
16:03:35      20    0,00    0,00    0,00    0,00    0,00    0,00    0,00    0,00    0,00  100,00
16:03:35      21    0,00    0,00    0,00    0,00    0,00    0,00    0,00    0,00    0,00  100,00
16:03:35      22    0,00    0,00    0,00    0,00    0,00  100,00    0,00    0,00    0,00    0,00
16:03:35      23    0,00    0,00    0,00    0,00    0,00  100,00    0,00    0,00    0,00    0,00

16:03:35     CPU    %usr   %nice    %sys %iowait    %irq   %soft  %steal  %guest  %gnice   %idle
16:03:36     all    1,21    0,00    0,63    0,13    0,00   16,70    0,00    0,00    0,00   81,34
16:03:36       0    0,00    0,00    0,00    0,00    0,00    0,00    0,00    0,00    0,00  100,00
16:03:36       1    0,00    0,00    0,00    0,00    0,00    0,00    0,00    0,00    0,00  100,00
16:03:36       2    1,00    0,00    0,00    0,00    0,00    0,00    0,00    0,00    0,00   99,00
16:03:36       3    0,00    0,00    0,00    0,00    0,00    0,00    0,00    0,00    0,00  100,00
16:03:36       4    1,00    0,00    0,00    1,00    0,00    0,00    0,00    0,00    0,00   98,00
16:03:36       5    0,00    0,00    0,00    0,00    0,00    0,00    0,00    0,00    0,00  100,00
16:03:36       6    0,00    0,00    0,00    0,00    0,00    0,00    0,00    0,00    0,00  100,00
16:03:36       7    0,00    0,00    0,00    0,00    0,00    0,00    0,00    0,00    0,00  100,00
16:03:36       8    0,00    0,00    0,00    0,00    0,00  100,00    0,00    0,00    0,00    0,00
16:03:36       9    0,00    0,00    0,00    0,00    0,00  100,00    0,00    0,00    0,00    0,00
16:03:36      10    0,00    0,00    0,00    1,98    0,00    0,00    0,00    0,00    0,00   98,02
16:03:36      11    0,00    0,00    0,00    0,00    0,00    0,00    0,00    0,00    0,00  100,00
16:03:36      12    3,00    0,00    2,00    0,00    0,00    0,00    0,00    0,00    0,00   95,00
16:03:36      13    0,00    0,00    0,00    0,00    0,00    0,00    0,00    0,00    0,00  100,00
16:03:36      14    0,00    0,00    1,00    0,00    0,00    0,00    0,00    0,00    0,00   99,00
16:03:36      15    0,00    0,00    0,00    0,00    0,00    0,00    0,00    0,00    0,00  100,00
16:03:36      16    3,03    0,00    3,03    0,00    0,00    0,00    0,00    0,00    0,00   93,94
16:03:36      17   14,29    0,00    3,06    0,00    0,00    0,00    0,00    0,00    0,00   82,65
16:03:36      18    3,96    0,00    2,97    0,00    0,00    0,00    0,00    0,00    0,00   93,07
16:03:36      19    2,00    0,00    3,00    0,00    0,00    0,00    0,00    0,00    0,00   95,00
16:03:36      20    1,01    0,00    0,00    0,00    0,00    0,00    0,00    0,00    0,00   98,99
16:03:36      21    0,00    0,00    0,00    0,00    0,00    0,00    0,00    0,00    0,00  100,00
16:03:36      22    0,00    0,00    0,00    0,00    0,00  100,00    0,00    0,00    0,00    0,00
16:03:36      23    0,00    0,00    0,00    0,00    0,00  100,00    0,00    0,00    0,00    0,00
