Linux 6.8.0-111-generic (testbed-node6) 	05/05/26 	_x86_64_	(24 CPU)

16:04:54     CPU    %usr   %nice    %sys %iowait    %irq   %soft  %steal  %guest  %gnice   %idle
16:04:55     all    0,54    0,00    0,13    0,00    0,00   16,65    0,00    0,00    0,00   82,69
16:04:55       0    0,00    0,00    0,00    0,00    0,00    0,00    0,00    0,00    0,00  100,00
16:04:55       1    0,00    0,00    0,00    0,00    0,00    0,00    0,00    0,00    0,00  100,00
16:04:55       2    0,00    0,00    0,00    0,00    0,00    0,00    0,00    0,00    0,00  100,00
16:04:55       3    0,00    0,00    0,00    0,00    0,00    0,00    0,00    0,00    0,00  100,00
16:04:55       4    0,00    0,00    0,00    0,00    0,00    0,00    0,00    0,00    0,00  100,00
16:04:55       5    0,00    0,00    0,00    0,00    0,00    0,00    0,00    0,00    0,00  100,00
16:04:55       6    0,00    0,00    0,00    0,00    0,00    0,00    0,00    0,00    0,00  100,00
16:04:55       7    0,00    0,00    0,00    0,00    0,00    0,00    0,00    0,00    0,00  100,00
16:04:55       8    1,00    0,00    0,00    0,00    0,00   99,00    0,00    0,00    0,00    0,00
16:04:55       9    0,00    0,00    0,00    0,00    0,00  100,00    0,00    0,00    0,00    0,00
16:04:55      10    0,00    0,00    0,00    0,00    0,00    0,00    0,00    0,00    0,00  100,00
16:04:55      11    0,00    0,00    0,00    0,00    0,00    0,00    0,00    0,00    0,00  100,00
16:04:55      12    0,00    0,00    0,00    0,00    0,00    0,00    0,00    0,00    0,00  100,00
16:04:55      13    0,00    0,00    0,00    0,00    0,00    0,00    0,00    0,00    0,00  100,00
16:04:55      14    0,00    0,00    0,00    0,00    0,00    0,00    0,00    0,00    0,00  100,00
16:04:55      15    0,00    0,00    0,00    0,00    0,00    0,00    0,00    0,00    0,00  100,00
16:04:55      16    1,00    0,00    1,00    0,00    0,00    0,00    0,00    0,00    0,00   98,00
16:04:55      17    1,00    0,00    0,00    0,00    0,00    0,00    0,00    0,00    0,00   99,00
16:04:55      18   10,00    0,00    2,00    0,00    0,00    0,00    0,00    0,00    0,00   88,00
16:04:55      19    0,00    0,00    0,00    0,00    0,00    0,00    0,00    0,00    0,00  100,00
16:04:55      20    0,00    0,00    0,00    0,00    0,00    0,00    0,00    0,00    0,00  100,00
16:04:55      21    0,00    0,00    0,00    0,00    0,00    0,00    0,00    0,00    0,00  100,00
16:04:55      22    0,00    0,00    0,00    0,00    0,00  100,00    0,00    0,00    0,00    0,00
16:04:55      23    0,00    0,00    0,00    0,00    0,00  100,00    0,00    0,00    0,00    0,00

16:04:55     CPU    %usr   %nice    %sys %iowait    %irq   %soft  %steal  %guest  %gnice   %idle
16:04:56     all    0,04    0,00    0,00    0,17    0,00   16,64    0,00    0,00    0,00   83,15
16:04:56       0    0,00    0,00    0,00    0,00    0,00    0,00    0,00    0,00    0,00  100,00
16:04:56       1    0,00    0,00    0,00    0,00    0,00    0,00    0,00    0,00    0,00  100,00
16:04:56       2    0,00    0,00    0,00    0,00    0,00    0,00    0,00    0,00    0,00  100,00
16:04:56       3    0,00    0,00    0,00    0,00    0,00    0,00    0,00    0,00    0,00  100,00
16:04:56       4    0,00    0,00    0,00    0,00    0,00    0,00    0,00    0,00    0,00  100,00
16:04:56       5    0,00    0,00    0,00    0,00    0,00    0,00    0,00    0,00    0,00  100,00
16:04:56       6    0,00    0,00    0,00    0,00    0,00    0,00    0,00    0,00    0,00  100,00
16:04:56       7    0,00    0,00    0,00    0,00    0,00    0,00    0,00    0,00    0,00  100,00
16:04:56       8    1,00    0,00    0,00    0,00    0,00   99,00    0,00    0,00    0,00    0,00
16:04:56       9    0,00    0,00    0,00    0,00    0,00  100,00    0,00    0,00    0,00    0,00
16:04:56      10    0,00    0,00    0,00    0,00    0,00    0,00    0,00    0,00    0,00  100,00
16:04:56      11    0,00    0,00    0,00    0,00    0,00    0,00    0,00    0,00    0,00  100,00
16:04:56      12    0,00    0,00    0,00    2,00    0,00    0,00    0,00    0,00    0,00   98,00
16:04:56      13    0,00    0,00    0,00    0,00    0,00    0,00    0,00    0,00    0,00  100,00
16:04:56      14    0,00    0,00    0,00    2,00    0,00    0,00    0,00    0,00    0,00   98,00
16:04:56      15    0,00    0,00    0,00    0,00    0,00    0,00    0,00    0,00    0,00  100,00
16:04:56      16    0,00    0,00    0,00    0,00    0,00    0,00    0,00    0,00    0,00  100,00
16:04:56      17    0,00    0,00    0,00    0,00    0,00    0,00    0,00    0,00    0,00  100,00
16:04:56      18    0,00    0,00    0,00    0,00    0,00    0,00    0,00    0,00    0,00  100,00
16:04:56      19    0,00    0,00    0,00    0,00    0,00    0,00    0,00    0,00    0,00  100,00
16:04:56      20    0,00    0,00    0,00    0,00    0,00    0,00    0,00    0,00    0,00  100,00
16:04:56      21    0,00    0,00    0,00    0,00    0,00    0,00    0,00    0,00    0,00  100,00
16:04:56      22    0,00    0,00    0,00    0,00    0,00  100,00    0,00    0,00    0,00    0,00
16:04:56      23    0,00    0,00    0,00    0,00    0,00  100,00    0,00    0,00    0,00    0,00

16:04:56     CPU    %usr   %nice    %sys %iowait    %irq   %soft  %steal  %guest  %gnice   %idle
16:04:57     all    1,21    0,00    0,58    0,00    0,00   16,65    0,00    0,00    0,00   81,56
16:04:57       0    0,00    0,00    0,00    0,00    0,00    0,00    0,00    0,00    0,00  100,00
16:04:57       1    0,99    0,00    0,99    0,00    0,00    0,00    0,00    0,00    0,00   98,02
16:04:57       2    0,00    0,00    0,00    0,00    0,00    0,00    0,00    0,00    0,00  100,00
16:04:57       3    0,99    0,00    0,00    0,00    0,00    0,00    0,00    0,00    0,00   99,01
16:04:57       4    1,00    0,00    0,00    0,00    0,00    0,00    0,00    0,00    0,00   99,00
16:04:57       5    0,00    0,00    0,00    0,00    0,00    0,00    0,00    0,00    0,00  100,00
16:04:57       6    0,00    0,00    0,00    0,00    0,00    0,00    0,00    0,00    0,00  100,00
16:04:57       7    0,00    0,00    0,00    0,00    0,00    0,00    0,00    0,00    0,00  100,00
16:04:57       8    0,00    0,00    0,99    0,00    0,00   99,01    0,00    0,00    0,00    0,00
16:04:57       9    0,00    0,00    0,00    0,00    0,00  100,00    0,00    0,00    0,00    0,00
16:04:57      10    3,00    0,00    2,00    0,00    0,00    0,00    0,00    0,00    0,00   95,00
16:04:57      11    0,00    0,00    0,00    0,00    0,00    0,00    0,00    0,00    0,00  100,00
16:04:57      12    1,00    0,00    1,00    0,00    0,00    0,00    0,00    0,00    0,00   98,00
16:04:57      13    0,00    0,00    0,00    0,00    0,00    0,00    0,00    0,00    0,00  100,00
16:04:57      14    0,00    0,00    0,00    0,00    0,00    0,00    0,00    0,00    0,00  100,00
16:04:57      15    1,00    0,00    0,00    0,00    0,00    0,00    0,00    0,00    0,00   99,00
16:04:57      16    1,00    0,00    1,00    0,00    0,00    0,00    0,00    0,00    0,00   98,00
16:04:57      17    2,00    0,00    3,00    0,00    0,00    0,00    0,00    0,00    0,00   95,00
16:04:57      18    5,00    0,00    3,00    0,00    0,00    0,00    0,00    0,00    0,00   92,00
16:04:57      19   12,87    0,00    1,98    0,00    0,00    0,00    0,00    0,00    0,00   85,15
16:04:57      20    0,00    0,00    0,00    0,00    0,00    0,00    0,00    0,00    0,00  100,00
16:04:57      21    0,00    0,00    0,00    0,00    0,00    0,00    0,00    0,00    0,00  100,00
16:04:57      22    0,00    0,00    0,00    0,00    0,00  100,00    0,00    0,00    0,00    0,00
16:04:57      23    0,00    0,00    0,00    0,00    0,00  100,00    0,00    0,00    0,00    0,00

16:04:57     CPU    %usr   %nice    %sys %iowait    %irq   %soft  %steal  %guest  %gnice   %idle
16:04:58     all    0,04    0,00    0,00    0,00    0,00   16,63    0,00    0,00    0,00   83,33
16:04:58       0    0,00    0,00    0,00    0,00    0,00    0,00    0,00    0,00    0,00  100,00
16:04:58       1    0,00    0,00    0,00    0,00    0,00    0,00    0,00    0,00    0,00  100,00
16:04:58       2    0,00    0,00    0,00    0,00    0,00    0,00    0,00    0,00    0,00  100,00
16:04:58       3    0,00    0,00    0,00    0,00    0,00    0,00    0,00    0,00    0,00  100,00
16:04:58       4    0,00    0,00    0,00    0,00    0,00    0,00    0,00    0,00    0,00  100,00
16:04:58       5    0,00    0,00    0,00    0,00    0,00    0,00    0,00    0,00    0,00  100,00
16:04:58       6    0,99    0,00    0,00    0,00    0,00    0,00    0,00    0,00    0,00   99,01
16:04:58       7    0,00    0,00    0,00    0,00    0,00    0,00    0,00    0,00    0,00  100,00
16:04:58       8    0,00    0,00    0,00    0,00    0,00  100,00    0,00    0,00    0,00    0,00
16:04:58       9    0,00    0,00    0,00    0,00    0,00  100,00    0,00    0,00    0,00    0,00
16:04:58      10    0,00    0,00    0,00    0,00    0,00    0,00    0,00    0,00    0,00  100,00
16:04:58      11    0,00    0,00    0,00    0,00    0,00    0,00    0,00    0,00    0,00  100,00
16:04:58      12    0,00    0,00    0,00    0,00    0,00    0,00    0,00    0,00    0,00  100,00
16:04:58      13    0,00    0,00    0,00    0,00    0,00    0,00    0,00    0,00    0,00  100,00
16:04:58      14    0,00    0,00    0,00    0,00    0,00    0,00    0,00    0,00    0,00  100,00
16:04:58      15    0,00    0,00    0,00    0,00    0,00    0,00    0,00    0,00    0,00  100,00
16:04:58      16    0,00    0,00    0,00    0,00    0,00    0,00    0,00    0,00    0,00  100,00
16:04:58      17    0,00    0,00    0,00    0,00    0,00    0,00    0,00    0,00    0,00  100,00
16:04:58      18    0,00    0,00    0,00    0,00    0,00    0,00    0,00    0,00    0,00  100,00
16:04:58      19    0,00    0,00    0,00    0,00    0,00    0,00    0,00    0,00    0,00  100,00
16:04:58      20    0,00    0,00    0,00    0,00    0,00    0,00    0,00    0,00    0,00  100,00
16:04:58      21    0,00    0,00    0,00    0,00    0,00    0,00    0,00    0,00    0,00  100,00
16:04:58      22    0,00    0,00    0,00    0,00    0,00  100,00    0,00    0,00    0,00    0,00
16:04:58      23    0,00    0,00    0,00    0,00    0,00  100,00    0,00    0,00    0,00    0,00

16:04:58     CPU    %usr   %nice    %sys %iowait    %irq   %soft  %steal  %guest  %gnice   %idle
16:04:59     all    0,04    0,00    0,04    0,00    0,00   16,62    0,00    0,00    0,00   83,30
16:04:59       0    0,00    0,00    0,00    0,00    0,00    0,00    0,00    0,00    0,00  100,00
16:04:59       1    0,00    0,00    0,00    0,00    0,00    0,00    0,00    0,00    0,00  100,00
16:04:59       2    0,00    0,00    0,00    0,00    0,00    0,00    0,00    0,00    0,00  100,00
16:04:59       3    0,00    0,00    0,99    0,00    0,00    0,00    0,00    0,00    0,00   99,01
16:04:59       4    0,00    0,00    0,00    0,00    0,00    0,00    0,00    0,00    0,00  100,00
16:04:59       5    0,00    0,00    0,00    0,00    0,00    0,00    0,00    0,00    0,00  100,00
16:04:59       6    0,00    0,00    0,00    0,00    0,00    0,00    0,00    0,00    0,00  100,00
16:04:59       7    0,00    0,00    0,00    0,00    0,00    0,00    0,00    0,00    0,00  100,00
16:04:59       8    1,00    0,00    0,00    0,00    0,00   99,00    0,00    0,00    0,00    0,00
16:04:59       9    0,00    0,00    0,00    0,00    0,00  100,00    0,00    0,00    0,00    0,00
16:04:59      10    0,00    0,00    0,00    0,00    0,00    0,00    0,00    0,00    0,00  100,00
16:04:59      11    0,00    0,00    0,00    0,00    0,00    0,00    0,00    0,00    0,00  100,00
16:04:59      12    0,00    0,00    0,00    0,00    0,00    0,00    0,00    0,00    0,00  100,00
16:04:59      13    0,00    0,00    0,00    0,00    0,00    0,00    0,00    0,00    0,00  100,00
16:04:59      14    0,00    0,00    0,00    0,00    0,00    0,00    0,00    0,00    0,00  100,00
16:04:59      15    0,00    0,00    0,00    0,00    0,00    0,00    0,00    0,00    0,00  100,00
16:04:59      16    0,00    0,00    0,00    0,00    0,00    0,00    0,00    0,00    0,00  100,00
16:04:59      17    0,00    0,00    0,00    0,00    0,00    0,00    0,00    0,00    0,00  100,00
16:04:59      18    0,00    0,00    0,00    0,00    0,00    0,00    0,00    0,00    0,00  100,00
16:04:59      19    0,00    0,00    0,00    0,00    0,00    0,00    0,00    0,00    0,00  100,00
16:04:59      20    0,00    0,00    0,00    0,00    0,00    0,00    0,00    0,00    0,00  100,00
16:04:59      21    0,00    0,00    0,00    0,00    0,00    0,00    0,00    0,00    0,00  100,00
16:04:59      22    0,00    0,00    0,00    0,00    0,00  100,00    0,00    0,00    0,00    0,00
16:04:59      23    0,00    0,00    0,00    0,00    0,00  100,00    0,00    0,00    0,00    0,00

16:04:59     CPU    %usr   %nice    %sys %iowait    %irq   %soft  %steal  %guest  %gnice   %idle
16:05:00     all    0,00    0,00    0,00    0,08    0,00   16,69    0,00    0,00    0,00   83,23
16:05:00       0    0,00    0,00    0,00    0,00    0,00    0,00    0,00    0,00    0,00  100,00
16:05:00       1    0,00    0,00    0,00    0,00    0,00    0,00    0,00    0,00    0,00  100,00
16:05:00       2    0,00    0,00    0,00    0,00    0,00    0,00    0,00    0,00    0,00  100,00
16:05:00       3    0,00    0,00    0,00    0,00    0,00    0,00    0,00    0,00    0,00  100,00
16:05:00       4    0,00    0,00    0,00    0,00    0,00    0,00    0,00    0,00    0,00  100,00
16:05:00       5    0,00    0,00    0,00    0,00    0,00    0,00    0,00    0,00    0,00  100,00
16:05:00       6    0,00    0,00    0,00    0,00    0,00    0,00    0,00    0,00    0,00  100,00
16:05:00       7    0,00    0,00    0,00    0,00    0,00    0,00    0,00    0,00    0,00  100,00
16:05:00       8    0,00    0,00    0,00    0,00    0,00  100,00    0,00    0,00    0,00    0,00
16:05:00       9    0,00    0,00    0,00    0,00    0,00  100,00    0,00    0,00    0,00    0,00
16:05:00      10    0,00    0,00    0,00    0,00    0,00    0,00    0,00    0,00    0,00  100,00
16:05:00      11    0,00    0,00    0,00    0,00    0,00    0,00    0,00    0,00    0,00  100,00
16:05:00      12    0,00    0,00    0,00    0,00    0,00    0,00    0,00    0,00    0,00  100,00
16:05:00      13    0,00    0,00    0,00    0,00    0,00    0,00    0,00    0,00    0,00  100,00
16:05:00      14    0,00    0,00    0,00    0,00    0,00    0,00    0,00    0,00    0,00  100,00
16:05:00      15    0,00    0,00    0,00    0,00    0,00    0,00    0,00    0,00    0,00  100,00
16:05:00      16    0,00    0,00    0,00    1,00    0,00    0,00    0,00    0,00    0,00   99,00
16:05:00      17    0,00    0,00    0,00    1,00    0,00    0,00    0,00    0,00    0,00   99,00
16:05:00      18    0,00    0,00    0,00    0,00    0,00    0,00    0,00    0,00    0,00  100,00
16:05:00      19    0,00    0,00    0,00    0,00    0,00    0,00    0,00    0,00    0,00  100,00
16:05:00      20    0,00    0,00    0,00    0,00    0,00    0,00    0,00    0,00    0,00  100,00
16:05:00      21    0,00    0,00    0,00    0,00    0,00    0,00    0,00    0,00    0,00  100,00
16:05:00      22    0,00    0,00    0,00    0,00    0,00  100,00    0,00    0,00    0,00    0,00
16:05:00      23    0,00    0,00    0,00    0,00    0,00  100,00    0,00    0,00    0,00    0,00

16:05:00     CPU    %usr   %nice    %sys %iowait    %irq   %soft  %steal  %guest  %gnice   %idle
16:05:01     all    0,08    0,00    0,04    0,12    0,00   16,65    0,00    0,00    0,00   83,10
16:05:01       0    0,00    0,00    0,00    0,00    0,00    0,00    0,00    0,00    0,00  100,00
16:05:01       1    0,00    0,00    0,00    0,00    0,00    0,00    0,00    0,00    0,00  100,00
16:05:01       2    0,00    0,00    0,00    0,00    0,00    0,00    0,00    0,00    0,00  100,00
16:05:01       3    0,00    0,00    0,00    0,00    0,00    0,00    0,00    0,00    0,00  100,00
16:05:01       4    0,00    0,00    0,00    0,00    0,00    0,00    0,00    0,00    0,00  100,00
16:05:01       5    0,00    0,00    0,00    0,00    0,00    0,00    0,00    0,00    0,00  100,00
16:05:01       6    0,00    0,00    0,00    0,00    0,00    0,00    0,00    0,00    0,00  100,00
16:05:01       7    0,00    0,00    0,00    0,00    0,00    0,00    0,00    0,00    0,00  100,00
16:05:01       8    0,99    0,00    0,00    0,00    0,00   99,01    0,00    0,00    0,00    0,00
16:05:01       9    0,00    0,00    0,00    0,00    0,00  100,00    0,00    0,00    0,00    0,00
16:05:01      10    0,00    0,00    0,00    0,00    0,00    0,00    0,00    0,00    0,00  100,00
16:05:01      11    0,00    0,00    0,00    0,00    0,00    0,00    0,00    0,00    0,00  100,00
16:05:01      12    0,00    0,00    0,00    2,00    0,00    0,00    0,00    0,00    0,00   98,00
16:05:01      13    0,00    0,00    0,00    0,00    0,00    0,00    0,00    0,00    0,00  100,00
16:05:01      14    0,00    0,00    0,00    0,00    0,00    0,00    0,00    0,00    0,00  100,00
16:05:01      15    0,00    0,00    0,00    0,00    0,00    0,00    0,00    0,00    0,00  100,00
16:05:01      16    0,00    0,00    0,99    0,00    0,00    0,00    0,00    0,00    0,00   99,01
16:05:01      17    0,99    0,00    0,00    0,00    0,00    0,00    0,00    0,00    0,00   99,01
16:05:01      18    0,00    0,00    0,00    0,00    0,00    0,00    0,00    0,00    0,00  100,00
16:05:01      19    0,00    0,00    0,00    1,00    0,00    0,00    0,00    0,00    0,00   99,00
16:05:01      20    0,00    0,00    0,00    0,00    0,00    0,00    0,00    0,00    0,00  100,00
16:05:01      21    0,00    0,00    0,00    0,00    0,00    0,00    0,00    0,00    0,00  100,00
16:05:01      22    0,00    0,00    0,00    0,00    0,00  100,00    0,00    0,00    0,00    0,00
16:05:01      23    0,00    0,00    0,00    0,00    0,00  100,00    0,00    0,00    0,00    0,00

16:05:01     CPU    %usr   %nice    %sys %iowait    %irq   %soft  %steal  %guest  %gnice   %idle
16:05:02     all    0,04    0,00    0,00    0,00    0,00   16,64    0,00    0,00    0,00   83,32
16:05:02       0    0,00    0,00    0,00    0,00    0,00    0,00    0,00    0,00    0,00  100,00
16:05:02       1    0,00    0,00    0,00    0,00    0,00    0,00    0,00    0,00    0,00  100,00
16:05:02       2    0,00    0,00    0,00    0,00    0,00    0,00    0,00    0,00    0,00  100,00
16:05:02       3    0,00    0,00    0,00    0,00    0,00    0,00    0,00    0,00    0,00  100,00
16:05:02       4    0,00    0,00    0,00    0,00    0,00    0,00    0,00    0,00    0,00  100,00
16:05:02       5    0,00    0,00    0,00    0,00    0,00    0,00    0,00    0,00    0,00  100,00
16:05:02       6    0,00    0,00    0,00    0,00    0,00    0,00    0,00    0,00    0,00  100,00
16:05:02       7    0,00    0,00    0,00    0,00    0,00    0,00    0,00    0,00    0,00  100,00
16:05:02       8    0,00    0,00    0,00    0,00    0,00  100,00    0,00    0,00    0,00    0,00
16:05:02       9    0,00    0,00    0,00    0,00    0,00  100,00    0,00    0,00    0,00    0,00
16:05:02      10    0,00    0,00    0,00    0,00    0,00    0,00    0,00    0,00    0,00  100,00
16:05:02      11    0,00    0,00    0,00    0,00    0,00    0,00    0,00    0,00    0,00  100,00
16:05:02      12    0,00    0,00    0,00    0,00    0,00    0,00    0,00    0,00    0,00  100,00
16:05:02      13    0,00    0,00    0,00    0,00    0,00    0,00    0,00    0,00    0,00  100,00
16:05:02      14    0,00    0,00    0,00    0,00    0,00    0,00    0,00    0,00    0,00  100,00
16:05:02      15    0,00    0,00    0,00    0,00    0,00    0,00    0,00    0,00    0,00  100,00
16:05:02      16    0,00    0,00    0,00    0,00    0,00    0,00    0,00    0,00    0,00  100,00
16:05:02      17    0,00    0,00    0,00    0,00    0,00    0,00    0,00    0,00    0,00  100,00
16:05:02      18    0,00    0,00    0,00    0,00    0,00    0,00    0,00    0,00    0,00  100,00
16:05:02      19    0,00    0,00    0,00    0,00    0,00    0,00    0,00    0,00    0,00  100,00
16:05:02      20    0,99    0,00    0,00    0,00    0,00    0,00    0,00    0,00    0,00   99,01
16:05:02      21    0,00    0,00    0,00    0,00    0,00    0,00    0,00    0,00    0,00  100,00
16:05:02      22    0,00    0,00    0,00    0,00    0,00  100,00    0,00    0,00    0,00    0,00
16:05:02      23    0,00    0,00    0,00    0,00    0,00  100,00    0,00    0,00    0,00    0,00

16:05:02     CPU    %usr   %nice    %sys %iowait    %irq   %soft  %steal  %guest  %gnice   %idle
16:05:03     all    0,13    0,00    0,08    0,00    0,00   16,63    0,00    0,00    0,00   83,16
16:05:03       0    0,00    0,00    0,00    0,00    0,00    0,00    0,00    0,00    0,00  100,00
16:05:03       1    0,00    0,00    0,00    0,00    0,00    0,00    0,00    0,00    0,00  100,00
16:05:03       2    0,00    0,00    0,00    0,00    0,00    0,00    0,00    0,00    0,00  100,00
16:05:03       3    0,00    0,00    0,00    0,00    0,00    0,00    0,00    0,00    0,00  100,00
16:05:03       4    0,00    0,00    0,00    0,00    0,00    0,00    0,00    0,00    0,00  100,00
16:05:03       5    0,00    0,00    0,00    0,00    0,00    0,00    0,00    0,00    0,00  100,00
16:05:03       6    0,00    0,00    0,00    0,00    0,00    0,00    0,00    0,00    0,00  100,00
16:05:03       7    0,00    0,00    0,00    0,00    0,00    0,00    0,00    0,00    0,00  100,00
16:05:03       8    0,00    0,00    0,00    0,00    0,00  100,00    0,00    0,00    0,00    0,00
16:05:03       9    0,00    0,00    0,00    0,00    0,00  100,00    0,00    0,00    0,00    0,00
16:05:03      10    0,00    0,00    0,00    0,00    0,00    0,00    0,00    0,00    0,00  100,00
16:05:03      11    0,00    0,00    0,00    0,00    0,00    0,00    0,00    0,00    0,00  100,00
16:05:03      12    0,00    0,00    0,00    0,00    0,00    0,00    0,00    0,00    0,00  100,00
16:05:03      13    0,00    0,00    0,00    0,00    0,00    0,00    0,00    0,00    0,00  100,00
16:05:03      14    0,99    0,00    0,00    0,00    0,00    0,00    0,00    0,00    0,00   99,01
16:05:03      15    0,00    0,00    0,00    0,00    0,00    0,00    0,00    0,00    0,00  100,00
16:05:03      16    1,00    0,00    1,00    0,00    0,00    0,00    0,00    0,00    0,00   98,00
16:05:03      17    0,00    0,00    0,00    0,00    0,00    0,00    0,00    0,00    0,00  100,00
16:05:03      18    0,00    0,00    0,00    0,00    0,00    0,00    0,00    0,00    0,00  100,00
16:05:03      19    1,00    0,00    1,00    0,00    0,00    0,00    0,00    0,00    0,00   98,00
16:05:03      20    0,00    0,00    0,00    0,00    0,00    0,00    0,00    0,00    0,00  100,00
16:05:03      21    0,00    0,00    0,00    0,00    0,00    0,00    0,00    0,00    0,00  100,00
16:05:03      22    0,00    0,00    0,00    0,00    0,00  100,00    0,00    0,00    0,00    0,00
16:05:03      23    0,00    0,00    0,00    0,00    0,00  100,00    0,00    0,00    0,00    0,00

16:05:03     CPU    %usr   %nice    %sys %iowait    %irq   %soft  %steal  %guest  %gnice   %idle
16:05:04     all    0,04    0,00    0,08    0,00    0,00   16,67    0,00    0,00    0,00   83,21
16:05:04       0    0,00    0,00    0,00    0,00    0,00    0,00    0,00    0,00    0,00  100,00
16:05:04       1    0,00    0,00    0,00    0,00    0,00    0,00    0,00    0,00    0,00  100,00
16:05:04       2    0,00    0,00    0,00    0,00    0,00    0,00    0,00    0,00    0,00  100,00
16:05:04       3    0,00    0,00    0,00    0,00    0,00    0,00    0,00    0,00    0,00  100,00
16:05:04       4    0,00    0,00    0,00    0,00    0,00    0,00    0,00    0,00    0,00  100,00
16:05:04       5    0,00    0,00    0,00    0,00    0,00    0,00    0,00    0,00    0,00  100,00
16:05:04       6    0,00    0,00    0,00    0,00    0,00    0,00    0,00    0,00    0,00  100,00
16:05:04       7    0,00    0,00    0,00    0,00    0,00    0,00    0,00    0,00    0,00  100,00
16:05:04       8    0,99    0,00    0,00    0,00    0,00   99,01    0,00    0,00    0,00    0,00
16:05:04       9    0,00    0,00    0,00    0,00    0,00  100,00    0,00    0,00    0,00    0,00
16:05:04      10    0,00    0,00    0,00    0,00    0,00    0,00    0,00    0,00    0,00  100,00
16:05:04      11    0,00    0,00    0,00    0,00    0,00    0,00    0,00    0,00    0,00  100,00
16:05:04      12    0,00    0,00    0,00    0,00    0,00    0,00    0,00    0,00    0,00  100,00
16:05:04      13    0,00    0,00    0,00    0,00    0,00    0,00    0,00    0,00    0,00  100,00
16:05:04      14    0,00    0,00    0,00    0,00    0,00    0,00    0,00    0,00    0,00  100,00
16:05:04      15    0,00    0,00    0,00    0,00    0,00    0,00    0,00    0,00    0,00  100,00
16:05:04      16    0,00    0,00    0,00    0,00    0,00    0,00    0,00    0,00    0,00  100,00
16:05:04      17    0,00    0,00    1,00    0,00    0,00    0,00    0,00    0,00    0,00   99,00
16:05:04      18    0,00    0,00    1,00    0,00    0,00    0,00    0,00    0,00    0,00   99,00
16:05:04      19    0,00    0,00    0,00    0,00    0,00    0,00    0,00    0,00    0,00  100,00
16:05:04      20    0,00    0,00    0,00    0,00    0,00    0,00    0,00    0,00    0,00  100,00
16:05:04      21    0,00    0,00    0,00    0,00    0,00    0,00    0,00    0,00    0,00  100,00
16:05:04      22    0,00    0,00    0,00    0,00    0,00  100,00    0,00    0,00    0,00    0,00
16:05:04      23    0,00    0,00    0,00    0,00    0,00  100,00    0,00    0,00    0,00    0,00

16:05:04     CPU    %usr   %nice    %sys %iowait    %irq   %soft  %steal  %guest  %gnice   %idle
16:05:05     all    0,04    0,00    0,08    0,00    0,00   16,65    0,00    0,00    0,00   83,23
16:05:05       0    0,00    0,00    0,00    0,00    0,00    0,00    0,00    0,00    0,00  100,00
16:05:05       1    0,00    0,00    0,00    0,00    0,00    0,00    0,00    0,00    0,00  100,00
16:05:05       2    0,00    0,00    0,00    0,00    0,00    0,00    0,00    0,00    0,00  100,00
16:05:05       3    0,00    0,00    0,00    0,00    0,00    0,00    0,00    0,00    0,00  100,00
16:05:05       4    0,00    0,00    0,00    0,00    0,00    0,00    0,00    0,00    0,00  100,00
16:05:05       5    0,00    0,00    0,00    0,00    0,00    0,00    0,00    0,00    0,00  100,00
16:05:05       6    0,00    0,00    0,00    0,00    0,00    0,00    0,00    0,00    0,00  100,00
16:05:05       7    0,00    0,00    0,00    0,00    0,00    0,00    0,00    0,00    0,00  100,00
16:05:05       8    0,00    0,00    1,00    0,00    0,00   99,00    0,00    0,00    0,00    0,00
16:05:05       9    0,00    0,00    0,00    0,00    0,00  100,00    0,00    0,00    0,00    0,00
16:05:05      10    0,00    0,00    0,00    0,00    0,00    0,00    0,00    0,00    0,00  100,00
16:05:05      11    0,00    0,00    0,00    0,00    0,00    0,00    0,00    0,00    0,00  100,00
16:05:05      12    0,00    0,00    0,00    0,00    0,00    0,00    0,00    0,00    0,00  100,00
16:05:05      13    0,00    0,00    1,00    0,00    0,00    0,00    0,00    0,00    0,00   99,00
16:05:05      14    0,00    0,00    0,00    0,00    0,00    0,00    0,00    0,00    0,00  100,00
16:05:05      15    0,00    0,00    0,00    0,00    0,00    0,00    0,00    0,00    0,00  100,00
16:05:05      16    0,00    0,00    0,00    0,00    0,00    0,00    0,00    0,00    0,00  100,00
16:05:05      17    1,00    0,00    0,00    0,00    0,00    0,00    0,00    0,00    0,00   99,00
16:05:05      18    0,00    0,00    0,00    0,00    0,00    0,00    0,00    0,00    0,00  100,00
16:05:05      19    0,00    0,00    0,00    0,00    0,00    0,00    0,00    0,00    0,00  100,00
16:05:05      20    0,00    0,00    0,00    0,00    0,00    0,00    0,00    0,00    0,00  100,00
16:05:05      21    0,00    0,00    0,00    0,00    0,00    0,00    0,00    0,00    0,00  100,00
16:05:05      22    0,00    0,00    0,00    0,00    0,00  100,00    0,00    0,00    0,00    0,00
16:05:05      23    0,00    0,00    0,00    0,00    0,00  100,00    0,00    0,00    0,00    0,00

16:05:05     CPU    %usr   %nice    %sys %iowait    %irq   %soft  %steal  %guest  %gnice   %idle
16:05:06     all    0,00    0,00    0,04    0,17    0,00   16,66    0,00    0,00    0,00   83,13
16:05:06       0    0,00    0,00    0,00    0,00    0,00    0,00    0,00    0,00    0,00  100,00
16:05:06       1    0,00    0,00    0,00    0,00    0,00    0,00    0,00    0,00    0,00  100,00
16:05:06       2    0,00    0,00    0,00    0,00    0,00    0,00    0,00    0,00    0,00  100,00
16:05:06       3    0,00    0,00    0,00    0,00    0,00    0,00    0,00    0,00    0,00  100,00
16:05:06       4    0,00    0,00    1,00    0,00    0,00    0,00    0,00    0,00    0,00   99,00
16:05:06       5    0,00    0,00    0,00    0,00    0,00    0,00    0,00    0,00    0,00  100,00
16:05:06       6    0,00    0,00    0,00    0,00    0,00    0,00    0,00    0,00    0,00  100,00
16:05:06       7    0,00    0,00    0,00    0,00    0,00    0,00    0,00    0,00    0,00  100,00
16:05:06       8    0,00    0,00    0,00    0,00    0,00  100,00    0,00    0,00    0,00    0,00
16:05:06       9    0,00    0,00    0,00    0,00    0,00  100,00    0,00    0,00    0,00    0,00
16:05:06      10    0,00    0,00    0,00    0,00    0,00    0,00    0,00    0,00    0,00  100,00
16:05:06      11    0,00    0,00    0,00    0,00    0,00    0,00    0,00    0,00    0,00  100,00
16:05:06      12    0,00    0,00    0,00    3,00    0,00    0,00    0,00    0,00    0,00   97,00
16:05:06      13    0,00    0,00    0,00    0,00    0,00    0,00    0,00    0,00    0,00  100,00
16:05:06      14    0,00    0,00    0,00    0,99    0,00    0,00    0,00    0,00    0,00   99,01
16:05:06      15    0,00    0,00    0,00    0,00    0,00    0,00    0,00    0,00    0,00  100,00
16:05:06      16    0,00    0,00    0,00    0,00    0,00    0,00    0,00    0,00    0,00  100,00
16:05:06      17    0,00    0,00    0,00    0,00    0,00    0,00    0,00    0,00    0,00  100,00
16:05:06      18    0,00    0,00    0,00    0,00    0,00    0,00    0,00    0,00    0,00  100,00
16:05:06      19    0,00    0,00    0,00    0,00    0,00    0,00    0,00    0,00    0,00  100,00
16:05:06      20    0,00    0,00    0,00    0,00    0,00    0,00    0,00    0,00    0,00  100,00
16:05:06      21    0,00    0,00    0,00    0,00    0,00    0,00    0,00    0,00    0,00  100,00
16:05:06      22    0,00    0,00    0,00    0,00    0,00  100,00    0,00    0,00    0,00    0,00
16:05:06      23    0,00    0,00    0,00    0,00    0,00  100,00    0,00    0,00    0,00    0,00

16:05:06     CPU    %usr   %nice    %sys %iowait    %irq   %soft  %steal  %guest  %gnice   %idle
16:05:07     all    0,04    0,00    0,00    0,00    0,00   16,62    0,00    0,00    0,00   83,33
16:05:07       0    0,00    0,00    0,00    0,00    0,00    0,00    0,00    0,00    0,00  100,00
16:05:07       1    0,00    0,00    0,00    0,00    0,00    0,00    0,00    0,00    0,00  100,00
16:05:07       2    0,00    0,00    0,00    0,00    0,00    0,00    0,00    0,00    0,00  100,00
16:05:07       3    0,00    0,00    0,00    0,00    0,00    0,00    0,00    0,00    0,00  100,00
16:05:07       4    0,00    0,00    0,00    0,00    0,00    0,00    0,00    0,00    0,00  100,00
16:05:07       5    0,00    0,00    0,00    0,00    0,00    0,00    0,00    0,00    0,00  100,00
16:05:07       6    0,00    0,00    0,00    0,00    0,00    0,00    0,00    0,00    0,00  100,00
16:05:07       7    0,00    0,00    0,00    0,00    0,00    0,00    0,00    0,00    0,00  100,00
16:05:07       8    1,00    0,00    0,00    0,00    0,00   99,00    0,00    0,00    0,00    0,00
16:05:07       9    0,00    0,00    0,00    0,00    0,00  100,00    0,00    0,00    0,00    0,00
16:05:07      10    0,00    0,00    0,00    0,00    0,00    0,00    0,00    0,00    0,00  100,00
16:05:07      11    0,00    0,00    0,00    0,00    0,00    0,00    0,00    0,00    0,00  100,00
16:05:07      12    0,00    0,00    0,00    0,00    0,00    0,00    0,00    0,00    0,00  100,00
16:05:07      13    0,00    0,00    0,00    0,00    0,00    0,00    0,00    0,00    0,00  100,00
16:05:07      14    0,00    0,00    0,00    0,00    0,00    0,00    0,00    0,00    0,00  100,00
16:05:07      15    0,00    0,00    0,00    0,00    0,00    0,00    0,00    0,00    0,00  100,00
16:05:07      16    0,00    0,00    0,00    0,00    0,00    0,00    0,00    0,00    0,00  100,00
16:05:07      17    0,00    0,00    0,00    0,00    0,00    0,00    0,00    0,00    0,00  100,00
16:05:07      18    0,00    0,00    0,00    0,00    0,00    0,00    0,00    0,00    0,00  100,00
16:05:07      19    0,00    0,00    0,00    0,00    0,00    0,00    0,00    0,00    0,00  100,00
16:05:07      20    0,00    0,00    0,00    0,00    0,00    0,00    0,00    0,00    0,00  100,00
16:05:07      21    0,00    0,00    0,00    0,00    0,00    0,00    0,00    0,00    0,00  100,00
16:05:07      22    0,00    0,00    0,00    0,00    0,00  100,00    0,00    0,00    0,00    0,00
16:05:07      23    0,00    0,00    0,00    0,00    0,00  100,00    0,00    0,00    0,00    0,00

16:05:07     CPU    %usr   %nice    %sys %iowait    %irq   %soft  %steal  %guest  %gnice   %idle
16:05:08     all    0,08    0,00    0,13    0,00    0,00   16,67    0,00    0,00    0,00   83,12
16:05:08       0    0,00    0,00    0,00    0,00    0,00    0,00    0,00    0,00    0,00  100,00
16:05:08       1    0,00    0,00    0,00    0,00    0,00    0,00    0,00    0,00    0,00  100,00
16:05:08       2    0,00    0,00    0,00    0,00    0,00    0,00    0,00    0,00    0,00  100,00
16:05:08       3    0,00    0,00    0,00    0,00    0,00    0,00    0,00    0,00    0,00  100,00
16:05:08       4    0,00    0,00    0,00    0,00    0,00    0,00    0,00    0,00    0,00  100,00
16:05:08       5    0,00    0,00    0,00    0,00    0,00    0,00    0,00    0,00    0,00  100,00
16:05:08       6    0,00    0,00    0,00    0,00    0,00    0,00    0,00    0,00    0,00  100,00
16:05:08       7    0,00    0,00    0,00    0,00    0,00    0,00    0,00    0,00    0,00  100,00
16:05:08       8    0,00    0,00    0,00    0,00    0,00  100,00    0,00    0,00    0,00    0,00
16:05:08       9    0,00    0,00    0,00    0,00    0,00  100,00    0,00    0,00    0,00    0,00
16:05:08      10    0,00    0,00    0,00    0,00    0,00    0,00    0,00    0,00    0,00  100,00
16:05:08      11    0,00    0,00    0,00    0,00    0,00    0,00    0,00    0,00    0,00  100,00
16:05:08      12    0,00    0,00    0,00    0,00    0,00    0,00    0,00    0,00    0,00  100,00
16:05:08      13    0,00    0,00    0,00    0,00    0,00    0,00    0,00    0,00    0,00  100,00
16:05:08      14    0,00    0,00    0,00    0,00    0,00    0,00    0,00    0,00    0,00  100,00
16:05:08      15    0,00    0,00    0,00    0,00    0,00    0,00    0,00    0,00    0,00  100,00
16:05:08      16    0,99    0,00    0,99    0,00    0,00    0,00    0,00    0,00    0,00   98,02
16:05:08      17    0,00    0,00    1,00    0,00    0,00    0,00    0,00    0,00    0,00   99,00
16:05:08      18    0,99    0,00    0,99    0,00    0,00    0,00    0,00    0,00    0,00   98,02
16:05:08      19    0,00    0,00    0,00    0,00    0,00    0,00    0,00    0,00    0,00  100,00
16:05:08      20    0,00    0,00    0,00    0,00    0,00    0,00    0,00    0,00    0,00  100,00
16:05:08      21    0,00    0,00    0,00    0,00    0,00    0,00    0,00    0,00    0,00  100,00
16:05:08      22    0,00    0,00    0,00    0,00    0,00  100,00    0,00    0,00    0,00    0,00
16:05:08      23    0,00    0,00    0,00    0,00    0,00  100,00    0,00    0,00    0,00    0,00

16:05:08     CPU    %usr   %nice    %sys %iowait    %irq   %soft  %steal  %guest  %gnice   %idle
16:05:09     all    1,46    0,00    0,63    0,00    0,00   16,67    0,00    0,00    0,00   81,24
16:05:09       0    0,99    0,00    0,99    0,00    0,00    0,00    0,00    0,00    0,00   98,02
16:05:09       1    0,00    0,00    0,00    0,00    0,00    0,00    0,00    0,00    0,00  100,00
16:05:09       2    0,00    0,00    1,00    0,00    0,00    0,00    0,00    0,00    0,00   99,00
16:05:09       3    0,00    0,00    0,00    0,00    0,00    0,00    0,00    0,00    0,00  100,00
16:05:09       4    0,00    0,00    0,00    0,00    0,00    0,00    0,00    0,00    0,00  100,00
16:05:09       5    0,00    0,00    0,00    0,00    0,00    0,00    0,00    0,00    0,00  100,00
16:05:09       6    0,00    0,00    0,00    0,00    0,00    0,00    0,00    0,00    0,00  100,00
16:05:09       7    0,00    0,00    0,00    0,00    0,00    0,00    0,00    0,00    0,00  100,00
16:05:09       8    0,00    0,00    0,00    0,00    0,00  100,00    0,00    0,00    0,00    0,00
16:05:09       9    0,00    0,00    0,00    0,00    0,00  100,00    0,00    0,00    0,00    0,00
16:05:09      10    0,00    0,00    0,00    0,00    0,00    0,00    0,00    0,00    0,00  100,00
16:05:09      11    4,00    0,00    1,00    0,00    0,00    0,00    0,00    0,00    0,00   95,00
16:05:09      12    0,00    0,00    0,99    0,00    0,00    0,00    0,00    0,00    0,00   99,01
16:05:09      13    0,00    0,00    0,00    0,00    0,00    0,00    0,00    0,00    0,00  100,00
16:05:09      14    0,00    0,00    0,00    0,00    0,00    0,00    0,00    0,00    0,00  100,00
16:05:09      15    0,00    0,00    0,00    0,00    0,00    0,00    0,00    0,00    0,00  100,00
16:05:09      16   19,19    0,00    3,03    0,00    0,00    0,00    0,00    0,00    0,00   77,78
16:05:09      17    3,96    0,00    2,97    0,00    0,00    0,00    0,00    0,00    0,00   93,07
16:05:09      18    3,03    0,00    2,02    0,00    0,00    0,00    0,00    0,00    0,00   94,95
16:05:09      19    3,96    0,00    2,97    0,00    0,00    0,00    0,00    0,00    0,00   93,07
16:05:09      20    0,00    0,00    0,00    0,00    0,00    0,00    0,00    0,00    0,00  100,00
16:05:09      21    0,00    0,00    0,00    0,00    0,00    0,00    0,00    0,00    0,00  100,00
16:05:09      22    0,00    0,00    0,00    0,00    0,00  100,00    0,00    0,00    0,00    0,00
16:05:09      23    0,00    0,00    0,00    0,00    0,00  100,00    0,00    0,00    0,00    0,00
