Linux 6.8.0-111-generic (testbed-node6) 	05/05/26 	_x86_64_	(24 CPU)

17:16:18     CPU    %usr   %nice    %sys %iowait    %irq   %soft  %steal  %guest  %gnice   %idle
17:16:19     all    0,54    0,00    0,21    0,04    0,00   41,59    0,00    0,00    0,00   57,62
17:16:19       0    1,00    0,00    0,00    0,00    0,00    0,00    0,00    0,00    0,00   99,00
17:16:19       1    0,00    0,00    0,00    0,00    0,00    0,00    0,00    0,00    0,00  100,00
17:16:19       2    0,00    0,00    0,00    1,00    0,00    0,00    0,00    0,00    0,00   99,00
17:16:19       3    0,00    0,00    0,00    0,00    0,00  100,00    0,00    0,00    0,00    0,00
17:16:19       4    0,00    0,00    0,00    0,00    0,00  100,00    0,00    0,00    0,00    0,00
17:16:19       5    0,00    0,00    0,00    0,00    0,00  100,00    0,00    0,00    0,00    0,00
17:16:19       6    0,00    0,00    1,00    0,00    0,00    0,00    0,00    0,00    0,00   99,00
17:16:19       7    0,00    0,00    0,00    0,00    0,00    0,00    0,00    0,00    0,00  100,00
17:16:19       8    1,00    0,00    0,00    0,00    0,00   99,00    0,00    0,00    0,00    0,00
17:16:19       9    0,00    0,00    0,00    0,00    0,00  100,00    0,00    0,00    0,00    0,00
17:16:19      10    0,00    0,00    0,00    0,00    0,00    0,00    0,00    0,00    0,00  100,00
17:16:19      11    0,00    0,00    0,00    0,00    0,00    0,00    0,00    0,00    0,00  100,00
17:16:19      12    0,98    0,00    0,98    0,00    0,00    0,00    0,00    0,00    0,00   98,04
17:16:19      13    0,00    0,00    0,00    0,00    0,00  100,00    0,00    0,00    0,00    0,00
17:16:19      14    9,09    0,00    1,01    0,00    0,00    0,00    0,00    0,00    0,00   89,90
17:16:19      15    0,00    0,00    0,00    0,00    0,00    0,00    0,00    0,00    0,00  100,00
17:16:19      16    0,99    0,00    0,00    0,00    0,00    0,00    0,00    0,00    0,00   99,01
17:16:19      17    0,00    0,00    0,99    0,00    0,00    0,00    0,00    0,00    0,00   99,01
17:16:19      18    0,00    0,00    0,00    0,00    0,00  100,00    0,00    0,00    0,00    0,00
17:16:19      19    0,00    0,00    0,00    0,00    0,00  100,00    0,00    0,00    0,00    0,00
17:16:19      20    0,00    0,00    0,99    0,00    0,00    0,00    0,00    0,00    0,00   99,01
17:16:19      21    0,00    0,00    0,00    0,00    0,00    0,00    0,00    0,00    0,00  100,00
17:16:19      22    0,00    0,00    0,00    0,00    0,00  100,00    0,00    0,00    0,00    0,00
17:16:19      23    0,00    0,00    0,00    0,00    0,00  100,00    0,00    0,00    0,00    0,00

17:16:19     CPU    %usr   %nice    %sys %iowait    %irq   %soft  %steal  %guest  %gnice   %idle
17:16:20     all    0,00    0,00    0,00    0,00    0,00   41,69    0,00    0,00    0,00   58,31
17:16:20       0    0,00    0,00    0,00    0,00    0,00    0,00    0,00    0,00    0,00  100,00
17:16:20       1    0,00    0,00    0,00    0,00    0,00    0,00    0,00    0,00    0,00  100,00
17:16:20       2    0,00    0,00    0,00    0,00    0,00    0,00    0,00    0,00    0,00  100,00
17:16:20       3    0,00    0,00    0,00    0,00    0,00  100,00    0,00    0,00    0,00    0,00
17:16:20       4    0,00    0,00    0,00    0,00    0,00  100,00    0,00    0,00    0,00    0,00
17:16:20       5    0,00    0,00    0,00    0,00    0,00  100,00    0,00    0,00    0,00    0,00
17:16:20       6    0,00    0,00    0,00    0,00    0,00    0,00    0,00    0,00    0,00  100,00
17:16:20       7    0,00    0,00    0,00    0,00    0,00    0,00    0,00    0,00    0,00  100,00
17:16:20       8    0,00    0,00    0,00    0,00    0,00  100,00    0,00    0,00    0,00    0,00
17:16:20       9    0,00    0,00    0,00    0,00    0,00  100,00    0,00    0,00    0,00    0,00
17:16:20      10    0,00    0,00    0,00    0,00    0,00    0,00    0,00    0,00    0,00  100,00
17:16:20      11    0,00    0,00    0,00    0,00    0,00    0,00    0,00    0,00    0,00  100,00
17:16:20      12    0,00    0,00    0,00    0,00    0,00    0,00    0,00    0,00    0,00  100,00
17:16:20      13    0,00    0,00    0,00    0,00    0,00  100,00    0,00    0,00    0,00    0,00
17:16:20      14    0,00    0,00    0,00    0,00    0,00    0,00    0,00    0,00    0,00  100,00
17:16:20      15    0,00    0,00    0,00    0,00    0,00    0,00    0,00    0,00    0,00  100,00
17:16:20      16    0,00    0,00    0,00    0,00    0,00    0,00    0,00    0,00    0,00  100,00
17:16:20      17    0,00    0,00    0,00    0,00    0,00    0,00    0,00    0,00    0,00  100,00
17:16:20      18    0,00    0,00    0,00    0,00    0,00  100,00    0,00    0,00    0,00    0,00
17:16:20      19    0,00    0,00    0,00    0,00    0,00  100,00    0,00    0,00    0,00    0,00
17:16:20      20    0,00    0,00    0,00    0,00    0,00    0,00    0,00    0,00    0,00  100,00
17:16:20      21    0,00    0,00    0,00    0,00    0,00    0,00    0,00    0,00    0,00  100,00
17:16:20      22    0,00    0,00    0,00    0,00    0,00  100,00    0,00    0,00    0,00    0,00
17:16:20      23    0,00    0,00    0,00    0,00    0,00  100,00    0,00    0,00    0,00    0,00

17:16:20     CPU    %usr   %nice    %sys %iowait    %irq   %soft  %steal  %guest  %gnice   %idle
17:16:21     all    1,13    0,00    0,54    0,08    0,00   41,66    0,00    0,00    0,00   56,59
17:16:21       0    3,00    0,00    3,00    0,00    0,00    0,00    0,00    0,00    0,00   94,00
17:16:21       1    1,00    0,00    0,00    0,00    0,00    0,00    0,00    0,00    0,00   99,00
17:16:21       2    0,00    0,00    0,00    1,01    0,00    0,00    0,00    0,00    0,00   98,99
17:16:21       3    0,00    0,00    0,00    0,00    0,00  100,00    0,00    0,00    0,00    0,00
17:16:21       4    0,00    0,00    0,00    0,00    0,00  100,00    0,00    0,00    0,00    0,00
17:16:21       5    0,00    0,00    0,00    0,00    0,00  100,00    0,00    0,00    0,00    0,00
17:16:21       6    2,02    0,00    1,01    0,00    0,00    0,00    0,00    0,00    0,00   96,97
17:16:21       7    8,08    0,00    1,01    0,00    0,00    0,00    0,00    0,00    0,00   90,91
17:16:21       8    0,99    0,00    0,99    0,00    0,00   98,02    0,00    0,00    0,00    0,00
17:16:21       9    0,00    0,00    0,00    0,00    0,00  100,00    0,00    0,00    0,00    0,00
17:16:21      10    1,98    0,00    1,98    0,00    0,00    0,00    0,00    0,00    0,00   96,04
17:16:21      11    1,00    0,00    0,00    0,00    0,00    0,00    0,00    0,00    0,00   99,00
17:16:21      12    0,00    0,00    0,00    0,00    0,00    0,00    0,00    0,00    0,00  100,00
17:16:21      13    0,00    0,00    0,00    0,00    0,00  100,00    0,00    0,00    0,00    0,00
17:16:21      14    2,00    0,00    2,00    0,00    0,00    0,00    0,00    0,00    0,00   96,00
17:16:21      15    1,00    0,00    0,00    0,00    0,00    0,00    0,00    0,00    0,00   99,00
17:16:21      16    0,00    0,00    1,00    0,00    0,00    0,00    0,00    0,00    0,00   99,00
17:16:21      17    4,04    0,00    2,02    0,00    0,00    0,00    0,00    0,00    0,00   93,94
17:16:21      18    0,00    0,00    0,00    0,00    0,00  100,00    0,00    0,00    0,00    0,00
17:16:21      19    0,00    0,00    0,00    0,00    0,00  100,00    0,00    0,00    0,00    0,00
17:16:21      20    1,00    0,00    0,00    0,00    0,00    0,00    0,00    0,00    0,00   99,00
17:16:21      21    0,99    0,00    0,00    0,99    0,00    0,00    0,00    0,00    0,00   98,02
17:16:21      22    0,00    0,00    0,00    0,00    0,00  100,00    0,00    0,00    0,00    0,00
17:16:21      23    0,00    0,00    0,00    0,00    0,00  100,00    0,00    0,00    0,00    0,00

17:16:21     CPU    %usr   %nice    %sys %iowait    %irq   %soft  %steal  %guest  %gnice   %idle
17:16:22     all    0,13    0,00    0,13    0,00    0,00   41,64    0,00    0,00    0,00   58,11
17:16:22       0    0,00    0,00    0,00    0,00    0,00    0,00    0,00    0,00    0,00  100,00
17:16:22       1    0,00    0,00    0,00    0,00    0,00    0,00    0,00    0,00    0,00  100,00
17:16:22       2    0,00    0,00    0,00    0,00    0,00    0,00    0,00    0,00    0,00  100,00
17:16:22       3    0,00    0,00    0,00    0,00    0,00  100,00    0,00    0,00    0,00    0,00
17:16:22       4    0,00    0,00    0,00    0,00    0,00  100,00    0,00    0,00    0,00    0,00
17:16:22       5    0,00    0,00    1,00    0,00    0,00   99,00    0,00    0,00    0,00    0,00
17:16:22       6    0,99    0,00    0,99    0,00    0,00    0,00    0,00    0,00    0,00   98,02
17:16:22       7    0,00    0,00    0,00    0,00    0,00    0,00    0,00    0,00    0,00  100,00
17:16:22       8    0,00    0,00    0,00    0,00    0,00  100,00    0,00    0,00    0,00    0,00
17:16:22       9    0,00    0,00    0,00    0,00    0,00  100,00    0,00    0,00    0,00    0,00
17:16:22      10    1,00    0,00    1,00    0,00    0,00    0,00    0,00    0,00    0,00   98,00
17:16:22      11    0,00    0,00    0,00    0,00    0,00    0,00    0,00    0,00    0,00  100,00
17:16:22      12    0,00    0,00    0,00    0,00    0,00    0,00    0,00    0,00    0,00  100,00
17:16:22      13    0,00    0,00    0,00    0,00    0,00  100,00    0,00    0,00    0,00    0,00
17:16:22      14    0,00    0,00    0,00    0,00    0,00    0,00    0,00    0,00    0,00  100,00
17:16:22      15    0,00    0,00    0,00    0,00    0,00    0,00    0,00    0,00    0,00  100,00
17:16:22      16    1,00    0,00    0,00    0,00    0,00    0,00    0,00    0,00    0,00   99,00
17:16:22      17    0,00    0,00    0,00    0,00    0,00    0,00    0,00    0,00    0,00  100,00
17:16:22      18    0,00    0,00    0,00    0,00    0,00  100,00    0,00    0,00    0,00    0,00
17:16:22      19    0,00    0,00    0,00    0,00    0,00  100,00    0,00    0,00    0,00    0,00
17:16:22      20    0,00    0,00    0,00    0,00    0,00    0,00    0,00    0,00    0,00  100,00
17:16:22      21    0,00    0,00    0,00    0,00    0,00    0,00    0,00    0,00    0,00  100,00
17:16:22      22    0,00    0,00    0,00    0,00    0,00  100,00    0,00    0,00    0,00    0,00
17:16:22      23    0,00    0,00    0,00    0,00    0,00  100,00    0,00    0,00    0,00    0,00

17:16:22     CPU    %usr   %nice    %sys %iowait    %irq   %soft  %steal  %guest  %gnice   %idle
17:16:23     all    0,12    0,00    0,04    0,04    0,00   41,62    0,00    0,00    0,00   58,17
17:16:23       0    1,00    0,00    0,00    0,00    0,00    0,00    0,00    0,00    0,00   99,00
17:16:23       1    0,00    0,00    0,00    0,00    0,00    0,00    0,00    0,00    0,00  100,00
17:16:23       2    0,00    0,00    0,00    0,00    0,00    0,00    0,00    0,00    0,00  100,00
17:16:23       3    0,00    0,00    0,00    0,00    0,00  100,00    0,00    0,00    0,00    0,00
17:16:23       4    0,00    0,00    0,00    0,00    0,00  100,00    0,00    0,00    0,00    0,00
17:16:23       5    0,00    0,00    0,00    0,00    0,00  100,00    0,00    0,00    0,00    0,00
17:16:23       6    0,00    0,00    0,00    0,00    0,00    0,00    0,00    0,00    0,00  100,00
17:16:23       7    0,00    0,00    0,00    0,00    0,00    0,00    0,00    0,00    0,00  100,00
17:16:23       8    1,00    0,00    0,00    0,00    0,00   99,00    0,00    0,00    0,00    0,00
17:16:23       9    0,00    0,00    0,00    0,00    0,00  100,00    0,00    0,00    0,00    0,00
17:16:23      10    0,00    0,00    0,00    0,00    0,00    0,00    0,00    0,00    0,00  100,00
17:16:23      11    0,00    0,00    0,99    0,00    0,00    0,00    0,00    0,00    0,00   99,01
17:16:23      12    0,00    0,00    0,00    0,00    0,00    0,00    0,00    0,00    0,00  100,00
17:16:23      13    0,00    0,00    0,00    0,00    0,00  100,00    0,00    0,00    0,00    0,00
17:16:23      14    0,00    0,00    0,00    0,00    0,00    0,00    0,00    0,00    0,00  100,00
17:16:23      15    0,00    0,00    0,00    0,00    0,00    0,00    0,00    0,00    0,00  100,00
17:16:23      16    0,00    0,00    0,00    1,00    0,00    0,00    0,00    0,00    0,00   99,00
17:16:23      17    1,00    0,00    0,00    0,00    0,00    0,00    0,00    0,00    0,00   99,00
17:16:23      18    0,00    0,00    0,00    0,00    0,00  100,00    0,00    0,00    0,00    0,00
17:16:23      19    0,00    0,00    0,00    0,00    0,00  100,00    0,00    0,00    0,00    0,00
17:16:23      20    0,00    0,00    0,00    0,00    0,00    0,00    0,00    0,00    0,00  100,00
17:16:23      21    0,00    0,00    0,00    0,00    0,00    0,00    0,00    0,00    0,00  100,00
17:16:23      22    0,00    0,00    0,00    0,00    0,00  100,00    0,00    0,00    0,00    0,00
17:16:23      23    0,00    0,00    0,00    0,00    0,00  100,00    0,00    0,00    0,00    0,00

17:16:23     CPU    %usr   %nice    %sys %iowait    %irq   %soft  %steal  %guest  %gnice   %idle
17:16:24     all    0,04    0,00    0,04    0,00    0,00   41,68    0,00    0,00    0,00   58,24
17:16:24       0    0,00    0,00    0,00    0,00    0,00    0,00    0,00    0,00    0,00  100,00
17:16:24       1    0,00    0,00    0,00    0,00    0,00    0,00    0,00    0,00    0,00  100,00
17:16:24       2    0,00    0,00    0,00    0,00    0,00    0,00    0,00    0,00    0,00  100,00
17:16:24       3    0,00    0,00    0,00    0,00    0,00  100,00    0,00    0,00    0,00    0,00
17:16:24       4    0,00    0,00    0,00    0,00    0,00  100,00    0,00    0,00    0,00    0,00
17:16:24       5    0,00    0,00    0,00    0,00    0,00  100,00    0,00    0,00    0,00    0,00
17:16:24       6    0,00    0,00    0,00    0,00    0,00    0,00    0,00    0,00    0,00  100,00
17:16:24       7    0,00    0,00    0,00    0,00    0,00    0,00    0,00    0,00    0,00  100,00
17:16:24       8    0,00    0,00    0,00    0,00    0,00  100,00    0,00    0,00    0,00    0,00
17:16:24       9    0,00    0,00    0,00    0,00    0,00  100,00    0,00    0,00    0,00    0,00
17:16:24      10    0,00    0,00    0,00    0,00    0,00    0,00    0,00    0,00    0,00  100,00
17:16:24      11    0,00    0,00    0,00    0,00    0,00    0,00    0,00    0,00    0,00  100,00
17:16:24      12    0,00    0,00    0,00    0,00    0,00    0,00    0,00    0,00    0,00  100,00
17:16:24      13    0,00    0,00    0,00    0,00    0,00  100,00    0,00    0,00    0,00    0,00
17:16:24      14    0,00    0,00    0,00    0,00    0,00    0,00    0,00    0,00    0,00  100,00
17:16:24      15    0,00    0,00    0,00    0,00    0,00    0,00    0,00    0,00    0,00  100,00
17:16:24      16    0,00    0,00    0,00    0,00    0,00    0,00    0,00    0,00    0,00  100,00
17:16:24      17    0,99    0,00    0,99    0,00    0,00    0,00    0,00    0,00    0,00   98,02
17:16:24      18    0,00    0,00    0,00    0,00    0,00  100,00    0,00    0,00    0,00    0,00
17:16:24      19    0,00    0,00    0,00    0,00    0,00  100,00    0,00    0,00    0,00    0,00
17:16:24      20    0,00    0,00    0,00    0,00    0,00    0,00    0,00    0,00    0,00  100,00
17:16:24      21    0,00    0,00    0,00    0,00    0,00    0,00    0,00    0,00    0,00  100,00
17:16:24      22    0,00    0,00    0,00    0,00    0,00  100,00    0,00    0,00    0,00    0,00
17:16:24      23    0,00    0,00    0,00    0,00    0,00  100,00    0,00    0,00    0,00    0,00

17:16:24     CPU    %usr   %nice    %sys %iowait    %irq   %soft  %steal  %guest  %gnice   %idle
17:16:25     all    0,12    0,00    0,04    0,00    0,00   41,61    0,00    0,00    0,00   58,23
17:16:25       0    0,00    0,00    0,00    0,00    0,00    0,00    0,00    0,00    0,00  100,00
17:16:25       1    0,00    0,00    0,00    0,00    0,00    0,00    0,00    0,00    0,00  100,00
17:16:25       2    0,00    0,00    0,00    0,00    0,00    0,00    0,00    0,00    0,00  100,00
17:16:25       3    0,00    0,00    0,00    0,00    0,00  100,00    0,00    0,00    0,00    0,00
17:16:25       4    0,00    0,00    0,00    0,00    0,00  100,00    0,00    0,00    0,00    0,00
17:16:25       5    0,00    0,00    0,00    0,00    0,00  100,00    0,00    0,00    0,00    0,00
17:16:25       6    0,00    0,00    0,00    0,00    0,00    0,00    0,00    0,00    0,00  100,00
17:16:25       7    0,00    0,00    0,00    0,00    0,00    0,00    0,00    0,00    0,00  100,00
17:16:25       8    1,96    0,00    0,98    0,00    0,00   97,06    0,00    0,00    0,00    0,00
17:16:25       9    0,00    0,00    0,00    0,00    0,00  100,00    0,00    0,00    0,00    0,00
17:16:25      10    0,00    0,00    0,00    0,00    0,00    0,00    0,00    0,00    0,00  100,00
17:16:25      11    0,00    0,00    0,00    0,00    0,00    0,00    0,00    0,00    0,00  100,00
17:16:25      12    0,00    0,00    0,00    0,00    0,00    0,00    0,00    0,00    0,00  100,00
17:16:25      13    0,00    0,00    0,00    0,00    0,00  100,00    0,00    0,00    0,00    0,00
17:16:25      14    0,00    0,00    0,00    0,00    0,00    0,00    0,00    0,00    0,00  100,00
17:16:25      15    0,00    0,00    0,00    0,00    0,00    0,00    0,00    0,00    0,00  100,00
17:16:25      16    0,00    0,00    0,00    0,00    0,00    0,00    0,00    0,00    0,00  100,00
17:16:25      17    1,00    0,00    0,00    0,00    0,00    0,00    0,00    0,00    0,00   99,00
17:16:25      18    0,00    0,00    0,00    0,00    0,00  100,00    0,00    0,00    0,00    0,00
17:16:25      19    0,00    0,00    0,00    0,00    0,00  100,00    0,00    0,00    0,00    0,00
17:16:25      20    0,00    0,00    0,00    0,00    0,00    0,00    0,00    0,00    0,00  100,00
17:16:25      21    0,00    0,00    0,00    0,00    0,00    0,00    0,00    0,00    0,00  100,00
17:16:25      22    0,00    0,00    0,00    0,00    0,00  100,00    0,00    0,00    0,00    0,00
17:16:25      23    0,00    0,00    0,00    0,00    0,00  100,00    0,00    0,00    0,00    0,00

17:16:25     CPU    %usr   %nice    %sys %iowait    %irq   %soft  %steal  %guest  %gnice   %idle
17:16:26     all    0,12    0,00    0,04    0,17    0,00   41,58    0,00    0,00    0,00   58,08
17:16:26       0    0,00    0,00    0,00    0,00    0,00    0,00    0,00    0,00    0,00  100,00
17:16:26       1    0,00    0,00    0,00    0,00    0,00    0,00    0,00    0,00    0,00  100,00
17:16:26       2    0,00    0,00    0,00    2,00    0,00    0,00    0,00    0,00    0,00   98,00
17:16:26       3    0,00    0,00    0,00    0,00    0,00  100,00    0,00    0,00    0,00    0,00
17:16:26       4    0,00    0,00    0,00    0,00    0,00  100,00    0,00    0,00    0,00    0,00
17:16:26       5    0,00    0,00    0,00    0,00    0,00  100,00    0,00    0,00    0,00    0,00
17:16:26       6    0,00    0,00    0,00    0,00    0,00    0,00    0,00    0,00    0,00  100,00
17:16:26       7    0,00    0,00    0,00    0,00    0,00    0,00    0,00    0,00    0,00  100,00
17:16:26       8    0,00    0,00    0,00    0,00    0,00  100,00    0,00    0,00    0,00    0,00
17:16:26       9    0,00    0,00    0,00    0,00    0,00  100,00    0,00    0,00    0,00    0,00
17:16:26      10    0,00    0,00    0,00    0,00    0,00    0,00    0,00    0,00    0,00  100,00
17:16:26      11    0,00    0,00    0,00    0,00    0,00    0,00    0,00    0,00    0,00  100,00
17:16:26      12    0,00    0,00    0,00    0,00    0,00    0,00    0,00    0,00    0,00  100,00
17:16:26      13    0,00    0,00    0,00    0,00    0,00  100,00    0,00    0,00    0,00    0,00
17:16:26      14    0,99    0,00    0,00    0,00    0,00    0,00    0,00    0,00    0,00   99,01
17:16:26      15    0,99    0,00    0,00    0,00    0,00    0,00    0,00    0,00    0,00   99,01
17:16:26      16    0,00    0,00    0,00    1,00    0,00    0,00    0,00    0,00    0,00   99,00
17:16:26      17    1,00    0,00    0,00    0,00    0,00    0,00    0,00    0,00    0,00   99,00
17:16:26      18    0,00    0,00    0,00    0,00    0,00  100,00    0,00    0,00    0,00    0,00
17:16:26      19    0,00    0,00    0,00    0,00    0,00  100,00    0,00    0,00    0,00    0,00
17:16:26      20    0,00    0,00    0,00    0,00    0,00    0,00    0,00    0,00    0,00  100,00
17:16:26      21    0,00    0,00    0,00    1,00    0,00    0,00    0,00    0,00    0,00   99,00
17:16:26      22    0,00    0,00    1,00    0,00    0,00   99,00    0,00    0,00    0,00    0,00
17:16:26      23    0,00    0,00    0,00    0,00    0,00  100,00    0,00    0,00    0,00    0,00

17:16:26     CPU    %usr   %nice    %sys %iowait    %irq   %soft  %steal  %guest  %gnice   %idle
17:16:27     all    0,08    0,00    0,04    0,00    0,00   41,69    0,00    0,00    0,00   58,19
17:16:27       0    0,00    0,00    0,00    0,00    0,00    0,00    0,00    0,00    0,00  100,00
17:16:27       1    0,00    0,00    0,00    0,00    0,00    0,00    0,00    0,00    0,00  100,00
17:16:27       2    0,00    0,00    0,00    0,00    0,00    0,00    0,00    0,00    0,00  100,00
17:16:27       3    0,00    0,00    0,00    0,00    0,00  100,00    0,00    0,00    0,00    0,00
17:16:27       4    0,00    0,00    0,00    0,00    0,00  100,00    0,00    0,00    0,00    0,00
17:16:27       5    0,00    0,00    0,00    0,00    0,00  100,00    0,00    0,00    0,00    0,00
17:16:27       6    0,00    0,00    0,00    0,00    0,00    0,00    0,00    0,00    0,00  100,00
17:16:27       7    0,00    0,00    0,00    0,00    0,00    0,00    0,00    0,00    0,00  100,00
17:16:27       8    1,00    0,00    0,00    0,00    0,00   99,00    0,00    0,00    0,00    0,00
17:16:27       9    0,00    0,00    0,00    0,00    0,00  100,00    0,00    0,00    0,00    0,00
17:16:27      10    1,00    0,00    0,00    0,00    0,00    0,00    0,00    0,00    0,00   99,00
17:16:27      11    0,00    0,00    0,00    0,00    0,00    0,00    0,00    0,00    0,00  100,00
17:16:27      12    0,00    0,00    0,00    0,00    0,00    0,00    0,00    0,00    0,00  100,00
17:16:27      13    0,00    0,00    0,00    0,00    0,00  100,00    0,00    0,00    0,00    0,00
17:16:27      14    0,00    0,00    1,01    0,00    0,00    0,00    0,00    0,00    0,00   98,99
17:16:27      15    0,00    0,00    0,00    0,00    0,00    0,00    0,00    0,00    0,00  100,00
17:16:27      16    0,00    0,00    0,00    0,00    0,00    0,00    0,00    0,00    0,00  100,00
17:16:27      17    0,00    0,00    0,00    0,00    0,00    0,00    0,00    0,00    0,00  100,00
17:16:27      18    0,00    0,00    0,00    0,00    0,00  100,00    0,00    0,00    0,00    0,00
17:16:27      19    0,00    0,00    0,00    0,00    0,00  100,00    0,00    0,00    0,00    0,00
17:16:27      20    0,00    0,00    0,00    0,00    0,00    0,00    0,00    0,00    0,00  100,00
17:16:27      21    0,00    0,00    0,00    0,00    0,00    0,00    0,00    0,00    0,00  100,00
17:16:27      22    0,00    0,00    0,00    0,00    0,00  100,00    0,00    0,00    0,00    0,00
17:16:27      23    0,00    0,00    0,00    0,00    0,00  100,00    0,00    0,00    0,00    0,00

17:16:27     CPU    %usr   %nice    %sys %iowait    %irq   %soft  %steal  %guest  %gnice   %idle
17:16:28     all    0,08    0,00    0,13    0,00    0,00   41,68    0,00    0,00    0,00   58,11
17:16:28       0    0,00    0,00    1,00    0,00    0,00    0,00    0,00    0,00    0,00   99,00
17:16:28       1    0,00    0,00    0,00    0,00    0,00    0,00    0,00    0,00    0,00  100,00
17:16:28       2    0,00    0,00    0,00    0,00    0,00    0,00    0,00    0,00    0,00  100,00
17:16:28       3    0,00    0,00    0,00    0,00    0,00  100,00    0,00    0,00    0,00    0,00
17:16:28       4    0,00    0,00    0,00    0,00    0,00  100,00    0,00    0,00    0,00    0,00
17:16:28       5    0,00    0,00    0,00    0,00    0,00  100,00    0,00    0,00    0,00    0,00
17:16:28       6    0,00    0,00    0,00    0,00    0,00    0,00    0,00    0,00    0,00  100,00
17:16:28       7    0,00    0,00    0,00    0,00    0,00    0,00    0,00    0,00    0,00  100,00
17:16:28       8    1,00    0,00    0,00    0,00    0,00   99,00    0,00    0,00    0,00    0,00
17:16:28       9    0,00    0,00    0,00    0,00    0,00  100,00    0,00    0,00    0,00    0,00
17:16:28      10    0,00    0,00    0,99    0,00    0,00    0,00    0,00    0,00    0,00   99,01
17:16:28      11    0,00    0,00    0,00    0,00    0,00    0,00    0,00    0,00    0,00  100,00
17:16:28      12    0,00    0,00    0,00    0,00    0,00    0,00    0,00    0,00    0,00  100,00
17:16:28      13    0,00    0,00    0,00    0,00    0,00  100,00    0,00    0,00    0,00    0,00
17:16:28      14    0,00    0,00    1,00    0,00    0,00    0,00    0,00    0,00    0,00   99,00
17:16:28      15    0,00    0,00    0,00    0,00    0,00    0,00    0,00    0,00    0,00  100,00
17:16:28      16    0,00    0,00    0,00    0,00    0,00    0,00    0,00    0,00    0,00  100,00
17:16:28      17    0,00    0,00    0,00    0,00    0,00    0,00    0,00    0,00    0,00  100,00
17:16:28      18    0,00    0,00    0,00    0,00    0,00  100,00    0,00    0,00    0,00    0,00
17:16:28      19    0,00    0,00    0,00    0,00    0,00  100,00    0,00    0,00    0,00    0,00
17:16:28      20    0,99    0,00    0,00    0,00    0,00    0,00    0,00    0,00    0,00   99,01
17:16:28      21    0,00    0,00    0,00    0,00    0,00    0,00    0,00    0,00    0,00  100,00
17:16:28      22    0,00    0,00    0,00    0,00    0,00  100,00    0,00    0,00    0,00    0,00
17:16:28      23    0,00    0,00    0,00    0,00    0,00  100,00    0,00    0,00    0,00    0,00

17:16:28     CPU    %usr   %nice    %sys %iowait    %irq   %soft  %steal  %guest  %gnice   %idle
17:16:29     all    0,17    0,00    0,08    0,00    0,00   41,61    0,00    0,00    0,00   58,14
17:16:29       0    0,00    0,00    0,00    0,00    0,00    0,00    0,00    0,00    0,00  100,00
17:16:29       1    0,00    0,00    0,00    0,00    0,00    0,00    0,00    0,00    0,00  100,00
17:16:29       2    0,99    0,00    0,99    0,00    0,00    0,00    0,00    0,00    0,00   98,02
17:16:29       3    0,00    0,00    0,00    0,00    0,00  100,00    0,00    0,00    0,00    0,00
17:16:29       4    0,00    0,00    0,00    0,00    0,00  100,00    0,00    0,00    0,00    0,00
17:16:29       5    0,00    0,00    0,00    0,00    0,00  100,00    0,00    0,00    0,00    0,00
17:16:29       6    0,00    0,00    0,99    0,00    0,00    0,00    0,00    0,00    0,00   99,01
17:16:29       7    0,00    0,00    0,00    0,00    0,00    0,00    0,00    0,00    0,00  100,00
17:16:29       8    0,00    0,00    0,00    0,00    0,00  100,00    0,00    0,00    0,00    0,00
17:16:29       9    0,00    0,00    0,00    0,00    0,00  100,00    0,00    0,00    0,00    0,00
17:16:29      10    1,00    0,00    0,00    0,00    0,00    0,00    0,00    0,00    0,00   99,00
17:16:29      11    0,00    0,00    0,00    0,00    0,00    0,00    0,00    0,00    0,00  100,00
17:16:29      12    0,00    0,00    0,00    0,00    0,00    0,00    0,00    0,00    0,00  100,00
17:16:29      13    0,00    0,00    0,00    0,00    0,00  100,00    0,00    0,00    0,00    0,00
17:16:29      14    0,99    0,00    0,00    0,00    0,00    0,00    0,00    0,00    0,00   99,01
17:16:29      15    0,00    0,00    0,00    0,00    0,00    0,00    0,00    0,00    0,00  100,00
17:16:29      16    1,00    0,00    0,00    0,00    0,00    0,00    0,00    0,00    0,00   99,00
17:16:29      17    0,00    0,00    0,00    0,00    0,00    0,00    0,00    0,00    0,00  100,00
17:16:29      18    0,00    0,00    0,00    0,00    0,00  100,00    0,00    0,00    0,00    0,00
17:16:29      19    0,00    0,00    0,00    0,00    0,00  100,00    0,00    0,00    0,00    0,00
17:16:29      20    0,00    0,00    0,00    0,00    0,00    0,00    0,00    0,00    0,00  100,00
17:16:29      21    0,00    0,00    0,00    0,00    0,00    0,00    0,00    0,00    0,00  100,00
17:16:29      22    0,00    0,00    0,00    0,00    0,00  100,00    0,00    0,00    0,00    0,00
17:16:29      23    0,00    0,00    0,00    0,00    0,00  100,00    0,00    0,00    0,00    0,00

17:16:29     CPU    %usr   %nice    %sys %iowait    %irq   %soft  %steal  %guest  %gnice   %idle
17:16:30     all    0,12    0,00    0,04    0,00    0,00   41,67    0,00    0,00    0,00   58,16
17:16:30       0    0,00    0,00    0,00    0,00    0,00    0,00    0,00    0,00    0,00  100,00
17:16:30       1    0,00    0,00    0,00    0,00    0,00    0,00    0,00    0,00    0,00  100,00
17:16:30       2    0,00    0,00    0,00    0,00    0,00    0,00    0,00    0,00    0,00  100,00
17:16:30       3    0,00    0,00    0,00    0,00    0,00  100,00    0,00    0,00    0,00    0,00
17:16:30       4    0,00    0,00    0,00    0,00    0,00  100,00    0,00    0,00    0,00    0,00
17:16:30       5    0,00    0,00    0,00    0,00    0,00  100,00    0,00    0,00    0,00    0,00
17:16:30       6    0,00    0,00    0,00    0,00    0,00    0,00    0,00    0,00    0,00  100,00
17:16:30       7    0,00    0,00    0,00    0,00    0,00    0,00    0,00    0,00    0,00  100,00
17:16:30       8    0,99    0,00    0,99    0,00    0,00   98,02    0,00    0,00    0,00    0,00
17:16:30       9    0,00    0,00    0,00    0,00    0,00  100,00    0,00    0,00    0,00    0,00
17:16:30      10    0,00    0,00    0,00    0,00    0,00    0,00    0,00    0,00    0,00  100,00
17:16:30      11    0,00    0,00    0,00    0,00    0,00    0,00    0,00    0,00    0,00  100,00
17:16:30      12    0,99    0,00    0,00    0,00    0,00    0,00    0,00    0,00    0,00   99,01
17:16:30      13    0,00    0,00    0,00    0,00    0,00  100,00    0,00    0,00    0,00    0,00
17:16:30      14    0,00    0,00    0,00    0,00    0,00    0,00    0,00    0,00    0,00  100,00
17:16:30      15    0,00    0,00    0,00    0,00    0,00    0,00    0,00    0,00    0,00  100,00
17:16:30      16    0,00    0,00    0,00    0,00    0,00    0,00    0,00    0,00    0,00  100,00
17:16:30      17    0,00    0,00    0,00    0,00    0,00    0,00    0,00    0,00    0,00  100,00
17:16:30      18    0,00    0,00    0,00    0,00    0,00  100,00    0,00    0,00    0,00    0,00
17:16:30      19    0,00    0,00    0,00    0,00    0,00  100,00    0,00    0,00    0,00    0,00
17:16:30      20    0,00    0,00    0,00    0,00    0,00    0,00    0,00    0,00    0,00  100,00
17:16:30      21    1,00    0,00    0,00    0,00    0,00    0,00    0,00    0,00    0,00   99,00
17:16:30      22    0,00    0,00    0,00    0,00    0,00  100,00    0,00    0,00    0,00    0,00
17:16:30      23    0,00    0,00    0,00    0,00    0,00  100,00    0,00    0,00    0,00    0,00

17:16:30     CPU    %usr   %nice    %sys %iowait    %irq   %soft  %steal  %guest  %gnice   %idle
17:16:31     all    0,04    0,00    0,00    0,13    0,00   41,64    0,00    0,00    0,00   58,19
17:16:31       0    0,00    0,00    0,00    0,00    0,00    0,00    0,00    0,00    0,00  100,00
17:16:31       1    0,00    0,00    0,00    0,00    0,00    0,00    0,00    0,00    0,00  100,00
17:16:31       2    0,00    0,00    0,00    2,00    0,00    0,00    0,00    0,00    0,00   98,00
17:16:31       3    0,00    0,00    0,00    0,00    0,00  100,00    0,00    0,00    0,00    0,00
17:16:31       4    0,00    0,00    0,00    0,00    0,00  100,00    0,00    0,00    0,00    0,00
17:16:31       5    0,00    0,00    0,00    0,00    0,00  100,00    0,00    0,00    0,00    0,00
17:16:31       6    0,00    0,00    0,00    0,00    0,00    0,00    0,00    0,00    0,00  100,00
17:16:31       7    0,00    0,00    0,00    0,00    0,00    0,00    0,00    0,00    0,00  100,00
17:16:31       8    1,00    0,00    0,00    0,00    0,00   99,00    0,00    0,00    0,00    0,00
17:16:31       9    0,00    0,00    0,00    0,00    0,00  100,00    0,00    0,00    0,00    0,00
17:16:31      10    0,00    0,00    0,00    0,00    0,00    0,00    0,00    0,00    0,00  100,00
17:16:31      11    0,00    0,00    0,00    0,00    0,00    0,00    0,00    0,00    0,00  100,00
17:16:31      12    0,00    0,00    0,00    0,00    0,00    0,00    0,00    0,00    0,00  100,00
17:16:31      13    0,00    0,00    0,00    0,00    0,00  100,00    0,00    0,00    0,00    0,00
17:16:31      14    0,00    0,00    0,00    0,00    0,00    0,00    0,00    0,00    0,00  100,00
17:16:31      15    0,00    0,00    0,00    0,00    0,00    0,00    0,00    0,00    0,00  100,00
17:16:31      16    0,00    0,00    0,00    1,00    0,00    0,00    0,00    0,00    0,00   99,00
17:16:31      17    0,00    0,00    0,00    0,00    0,00    0,00    0,00    0,00    0,00  100,00
17:16:31      18    0,00    0,00    0,00    0,00    0,00  100,00    0,00    0,00    0,00    0,00
17:16:31      19    0,00    0,00    0,00    0,00    0,00  100,00    0,00    0,00    0,00    0,00
17:16:31      20    0,00    0,00    0,00    0,00    0,00    0,00    0,00    0,00    0,00  100,00
17:16:31      21    0,00    0,00    0,00    0,00    0,00    0,00    0,00    0,00    0,00  100,00
17:16:31      22    0,00    0,00    0,00    0,00    0,00  100,00    0,00    0,00    0,00    0,00
17:16:31      23    0,00    0,00    0,00    0,00    0,00  100,00    0,00    0,00    0,00    0,00

17:16:31     CPU    %usr   %nice    %sys %iowait    %irq   %soft  %steal  %guest  %gnice   %idle
17:16:32     all    0,04    0,00    0,04    0,00    0,00   41,69    0,00    0,00    0,00   58,23
17:16:32       0    0,00    0,00    0,00    0,00    0,00    0,00    0,00    0,00    0,00  100,00
17:16:32       1    0,00    0,00    0,00    0,00    0,00    0,00    0,00    0,00    0,00  100,00
17:16:32       2    0,00    0,00    0,00    0,00    0,00    0,00    0,00    0,00    0,00  100,00
17:16:32       3    0,00    0,00    0,00    0,00    0,00  100,00    0,00    0,00    0,00    0,00
17:16:32       4    0,00    0,00    0,00    0,00    0,00  100,00    0,00    0,00    0,00    0,00
17:16:32       5    0,00    0,00    0,00    0,00    0,00  100,00    0,00    0,00    0,00    0,00
17:16:32       6    1,00    0,00    0,00    0,00    0,00    0,00    0,00    0,00    0,00   99,00
17:16:32       7    0,00    0,00    0,00    0,00    0,00    0,00    0,00    0,00    0,00  100,00
17:16:32       8    0,00    0,00    0,00    0,00    0,00  100,00    0,00    0,00    0,00    0,00
17:16:32       9    0,00    0,00    0,00    0,00    0,00  100,00    0,00    0,00    0,00    0,00
17:16:32      10    0,00    0,00    0,00    0,00    0,00    0,00    0,00    0,00    0,00  100,00
17:16:32      11    0,00    0,00    0,00    0,00    0,00    0,00    0,00    0,00    0,00  100,00
17:16:32      12    0,00    0,00    0,00    0,00    0,00    0,00    0,00    0,00    0,00  100,00
17:16:32      13    0,00    0,00    0,00    0,00    0,00  100,00    0,00    0,00    0,00    0,00
17:16:32      14    0,00    0,00    1,00    0,00    0,00    0,00    0,00    0,00    0,00   99,00
17:16:32      15    0,00    0,00    0,00    0,00    0,00    0,00    0,00    0,00    0,00  100,00
17:16:32      16    0,00    0,00    0,00    0,00    0,00    0,00    0,00    0,00    0,00  100,00
17:16:32      17    0,00    0,00    0,00    0,00    0,00    0,00    0,00    0,00    0,00  100,00
17:16:32      18    0,00    0,00    0,00    0,00    0,00  100,00    0,00    0,00    0,00    0,00
17:16:32      19    0,00    0,00    0,00    0,00    0,00  100,00    0,00    0,00    0,00    0,00
17:16:32      20    0,00    0,00    0,00    0,00    0,00    0,00    0,00    0,00    0,00  100,00
17:16:32      21    0,00    0,00    0,00    0,00    0,00    0,00    0,00    0,00    0,00  100,00
17:16:32      22    0,00    0,00    0,00    0,00    0,00  100,00    0,00    0,00    0,00    0,00
17:16:32      23    0,00    0,00    0,00    0,00    0,00  100,00    0,00    0,00    0,00    0,00
