Linux 6.8.0-110-generic (testbed-node6) 	28/04/26 	_x86_64_	(24 CPU)

16:08:50     CPU    %usr   %nice    %sys %iowait    %irq   %soft  %steal  %guest  %gnice   %idle
16:08:51     all    0,54    0,00    0,17    0,00    0,00   11,99    0,00    0,00    0,00   87,30
16:08:51       0    0,00    0,00    0,00    0,00    0,00    0,00    0,00    0,00    0,00  100,00
16:08:51       1    0,00    0,00    0,00    0,00    0,00    0,00    0,00    0,00    0,00  100,00
16:08:51       2    0,00    0,00    0,00    0,00    0,00    0,00    0,00    0,00    0,00  100,00
16:08:51       3    0,00    0,00    0,00    0,00    0,00    0,00    0,00    0,00    0,00  100,00
16:08:51       4    3,00    0,00    1,00    0,00    0,00   41,00    0,00    0,00    0,00   55,00
16:08:51       5    6,00    0,00    1,00    0,00    0,00    0,00    0,00    0,00    0,00   93,00
16:08:51       6    0,00    0,00    0,00    0,00    0,00    0,00    0,00    0,00    0,00  100,00
16:08:51       7    0,00    0,00    0,00    0,00    0,00    0,00    0,00    0,00    0,00  100,00
16:08:51       8    1,00    0,00    0,00    0,00    0,00    0,00    0,00    0,00    0,00   99,00
16:08:51       9    0,00    0,00    0,00    0,00    0,00    0,00    0,00    0,00    0,00  100,00
16:08:51      10    0,00    0,00    0,00    0,00    0,00    0,00    0,00    0,00    0,00  100,00
16:08:51      11    0,00    0,00    0,00    0,00    0,00    0,00    0,00    0,00    0,00  100,00
16:08:51      12    0,00    0,00    0,00    0,00    0,00   40,82    0,00    0,00    0,00   59,18
16:08:51      13    0,00    0,00    0,00    0,00    0,00   41,00    0,00    0,00    0,00   59,00
16:08:51      14    0,00    0,00    0,00    0,00    0,00   54,46    0,00    0,00    0,00   45,54
16:08:51      15    0,00    0,00    0,00    0,00    0,00    0,00    0,00    0,00    0,00  100,00
16:08:51      16    0,00    0,00    0,00    0,00    0,00    0,00    0,00    0,00    0,00  100,00
16:08:51      17    1,98    0,00    0,99    0,00    0,00    0,00    0,00    0,00    0,00   97,03
16:08:51      18    0,00    0,00    0,00    0,00    0,00    0,00    0,00    0,00    0,00  100,00
16:08:51      19    0,99    0,00    0,00    0,00    0,00    0,00    0,00    0,00    0,00   99,01
16:08:51      20    0,00    0,00    0,00    0,00    0,00    0,00    0,00    0,00    0,00  100,00
16:08:51      21    0,00    0,00    0,00    0,00    0,00    0,00    0,00    0,00    0,00  100,00
16:08:51      22    0,00    0,00    0,00    0,00    0,00   64,00    0,00    0,00    0,00   36,00
16:08:51      23    0,00    0,00    1,05    0,00    0,00   48,42    0,00    0,00    0,00   50,53

16:08:51     CPU    %usr   %nice    %sys %iowait    %irq   %soft  %steal  %guest  %gnice   %idle
16:08:52     all    0,04    0,00    0,00    0,00    0,00   12,04    0,00    0,00    0,00   87,92
16:08:52       0    0,00    0,00    0,00    0,00    0,00    0,00    0,00    0,00    0,00  100,00
16:08:52       1    0,00    0,00    0,00    0,00    0,00    0,00    0,00    0,00    0,00  100,00
16:08:52       2    0,00    0,00    0,00    0,00    0,00    0,00    0,00    0,00    0,00  100,00
16:08:52       3    0,00    0,00    0,00    0,00    0,00    0,00    0,00    0,00    0,00  100,00
16:08:52       4    0,00    0,00    0,00    0,00    0,00   39,60    0,00    0,00    0,00   60,40
16:08:52       5    0,00    0,00    0,00    0,00    0,00    0,00    0,00    0,00    0,00  100,00
16:08:52       6    1,00    0,00    0,00    0,00    0,00    0,00    0,00    0,00    0,00   99,00
16:08:52       7    0,00    0,00    0,00    0,00    0,00    0,00    0,00    0,00    0,00  100,00
16:08:52       8    0,00    0,00    0,00    0,00    0,00    0,00    0,00    0,00    0,00  100,00
16:08:52       9    0,00    0,00    0,00    0,00    0,00    0,00    0,00    0,00    0,00  100,00
16:08:52      10    0,00    0,00    0,00    0,00    0,00    0,00    0,00    0,00    0,00  100,00
16:08:52      11    0,00    0,00    0,00    0,00    0,00    0,00    0,00    0,00    0,00  100,00
16:08:52      12    0,00    0,00    0,00    0,00    0,00   41,58    0,00    0,00    0,00   58,42
16:08:52      13    0,00    0,00    0,00    0,00    0,00   40,59    0,00    0,00    0,00   59,41
16:08:52      14    0,00    0,00    0,00    0,00    0,00   53,54    0,00    0,00    0,00   46,46
16:08:52      15    0,00    0,00    0,00    0,00    0,00    0,00    0,00    0,00    0,00  100,00
16:08:52      16    0,00    0,00    0,00    0,00    0,00    0,00    0,00    0,00    0,00  100,00
16:08:52      17    0,00    0,00    0,00    0,00    0,00    0,00    0,00    0,00    0,00  100,00
16:08:52      18    0,00    0,00    0,00    0,00    0,00    0,00    0,00    0,00    0,00  100,00
16:08:52      19    0,00    0,00    0,00    0,00    0,00    0,00    0,00    0,00    0,00  100,00
16:08:52      20    0,00    0,00    0,00    0,00    0,00    0,00    0,00    0,00    0,00  100,00
16:08:52      21    0,00    0,00    0,00    0,00    0,00    0,00    0,00    0,00    0,00  100,00
16:08:52      22    0,00    0,00    0,00    0,00    0,00   64,36    0,00    0,00    0,00   35,64
16:08:52      23    0,00    0,00    0,00    0,00    0,00   49,48    0,00    0,00    0,00   50,52

16:08:52     CPU    %usr   %nice    %sys %iowait    %irq   %soft  %steal  %guest  %gnice   %idle
16:08:53     all    1,08    0,00    0,58    0,08    0,00   12,44    0,00    0,00    0,00   85,82
16:08:53       0    0,00    0,00    0,00    0,00    0,00    0,00    0,00    0,00    0,00  100,00
16:08:53       1    0,00    0,00    0,00    0,00    0,00    0,00    0,00    0,00    0,00  100,00
16:08:53       2    0,00    0,00    0,00    0,00    0,00    0,00    0,00    0,00    0,00  100,00
16:08:53       3    0,00    0,00    0,00    0,00    0,00    0,00    0,00    0,00    0,00  100,00
16:08:53       4    1,96    0,00    0,98    0,00    0,00   43,14    0,00    0,00    0,00   53,92
16:08:53       5    1,00    0,00    0,00    0,00    0,00    0,00    0,00    0,00    0,00   99,00
16:08:53       6    0,00    0,00    0,00    0,00    0,00    0,00    0,00    0,00    0,00  100,00
16:08:53       7    0,00    0,00    0,00    0,00    0,00    0,00    0,00    0,00    0,00  100,00
16:08:53       8    1,00    0,00    1,00    0,00    0,00    0,00    0,00    0,00    0,00   98,00
16:08:53       9    0,00    0,00    0,00    0,00    0,00    0,00    0,00    0,00    0,00  100,00
16:08:53      10    3,00    0,00    2,00    1,00    0,00    0,00    0,00    0,00    0,00   94,00
16:08:53      11    0,00    0,00    0,00    0,00    0,00    0,00    0,00    0,00    0,00  100,00
16:08:53      12    0,99    0,00    0,99    0,00    0,00   45,54    0,00    0,00    0,00   52,48
16:08:53      13    0,00    0,00    0,00    0,00    0,00   44,00    0,00    0,00    0,00   56,00
16:08:53      14    5,71    0,00    0,95    0,00    0,00   46,67    0,00    0,00    0,00   46,67
16:08:53      15    2,00    0,00    0,00    0,00    0,00    0,00    0,00    0,00    0,00   98,00
16:08:53      16    2,00    0,00    2,00    0,00    0,00    0,00    0,00    0,00    0,00   96,00
16:08:53      17    3,03    0,00    2,02    1,01    0,00    0,00    0,00    0,00    0,00   93,94
16:08:53      18    2,00    0,00    2,00    0,00    0,00    0,00    0,00    0,00    0,00   96,00
16:08:53      19    1,00    0,00    1,00    0,00    0,00    0,00    0,00    0,00    0,00   98,00
16:08:53      20    0,00    0,00    0,00    0,00    0,00    0,00    0,00    0,00    0,00  100,00
16:08:53      21    1,00    0,00    0,00    0,00    0,00    0,00    0,00    0,00    0,00   99,00
16:08:53      22    0,98    0,00    0,98    0,00    0,00   65,69    0,00    0,00    0,00   32,35
16:08:53      23    0,00    0,00    0,00    0,00    0,00   51,58    0,00    0,00    0,00   48,42

16:08:53     CPU    %usr   %nice    %sys %iowait    %irq   %soft  %steal  %guest  %gnice   %idle
16:08:54     all    0,00    0,00    0,04    0,00    0,00   11,62    0,00    0,00    0,00   88,34
16:08:54       0    0,00    0,00    0,00    0,00    0,00    0,00    0,00    0,00    0,00  100,00
16:08:54       1    0,00    0,00    0,00    0,00    0,00    0,00    0,00    0,00    0,00  100,00
16:08:54       2    0,00    0,00    0,00    0,00    0,00    0,00    0,00    0,00    0,00  100,00
16:08:54       3    0,00    0,00    0,00    0,00    0,00    0,00    0,00    0,00    0,00  100,00
16:08:54       4    0,00    0,00    0,00    0,00    0,00   40,82    0,00    0,00    0,00   59,18
16:08:54       5    0,00    0,00    0,00    0,00    0,00    0,00    0,00    0,00    0,00  100,00
16:08:54       6    0,00    0,00    0,00    0,00    0,00    0,00    0,00    0,00    0,00  100,00
16:08:54       7    0,00    0,00    0,00    0,00    0,00    0,00    0,00    0,00    0,00  100,00
16:08:54       8    0,00    0,00    0,00    0,00    0,00    0,00    0,00    0,00    0,00  100,00
16:08:54       9    0,00    0,00    0,00    0,00    0,00    0,00    0,00    0,00    0,00  100,00
16:08:54      10    0,00    0,00    0,00    0,00    0,00    0,00    0,00    0,00    0,00  100,00
16:08:54      11    0,00    0,00    0,00    0,00    0,00    0,00    0,00    0,00    0,00  100,00
16:08:54      12    0,00    0,00    0,00    0,00    0,00   45,63    0,00    0,00    0,00   54,37
16:08:54      13    0,00    0,00    1,00    0,00    0,00   42,00    0,00    0,00    0,00   57,00
16:08:54      14    0,00    0,00    0,00    0,00    0,00   32,04    0,00    0,00    0,00   67,96
16:08:54      15    0,00    0,00    0,00    0,00    0,00    0,00    0,00    0,00    0,00  100,00
16:08:54      16    0,00    0,00    0,00    0,00    0,00    0,00    0,00    0,00    0,00  100,00
16:08:54      17    0,00    0,00    0,00    0,00    0,00    0,00    0,00    0,00    0,00  100,00
16:08:54      18    0,00    0,00    0,00    0,00    0,00    0,00    0,00    0,00    0,00  100,00
16:08:54      19    0,00    0,00    0,00    0,00    0,00    0,00    0,00    0,00    0,00  100,00
16:08:54      20    0,00    0,00    0,00    0,00    0,00    0,00    0,00    0,00    0,00  100,00
16:08:54      21    0,00    0,00    0,00    0,00    0,00    0,00    0,00    0,00    0,00  100,00
16:08:54      22    0,00    0,00    0,00    0,00    0,00   66,02    0,00    0,00    0,00   33,98
16:08:54      23    0,00    0,00    0,00    0,00    0,00   51,04    0,00    0,00    0,00   48,96

16:08:54     CPU    %usr   %nice    %sys %iowait    %irq   %soft  %steal  %guest  %gnice   %idle
16:08:55     all    0,00    0,00    0,00    0,04    0,00   11,31    0,00    0,00    0,00   88,65
16:08:55       0    0,00    0,00    0,00    0,00    0,00    0,00    0,00    0,00    0,00  100,00
16:08:55       1    0,00    0,00    0,00    0,00    0,00    0,00    0,00    0,00    0,00  100,00
16:08:55       2    0,00    0,00    0,00    0,00    0,00    0,00    0,00    0,00    0,00  100,00
16:08:55       3    0,00    0,00    0,00    0,00    0,00    0,00    0,00    0,00    0,00  100,00
16:08:55       4    0,00    0,00    0,00    0,00    0,00   40,40    0,00    0,00    0,00   59,60
16:08:55       5    0,00    0,00    0,00    0,00    0,00    0,00    0,00    0,00    0,00  100,00
16:08:55       6    0,00    0,00    0,00    0,00    0,00    0,00    0,00    0,00    0,00  100,00
16:08:55       7    0,00    0,00    0,00    0,00    0,00    0,00    0,00    0,00    0,00  100,00
16:08:55       8    0,00    0,00    0,00    0,00    0,00    0,00    0,00    0,00    0,00  100,00
16:08:55       9    0,00    0,00    0,00    0,00    0,00    0,00    0,00    0,00    0,00  100,00
16:08:55      10    0,00    0,00    0,00    0,00    0,00    0,00    0,00    0,00    0,00  100,00
16:08:55      11    0,00    0,00    0,00    0,00    0,00    0,00    0,00    0,00    0,00  100,00
16:08:55      12    0,00    0,00    0,00    0,00    0,00   42,42    0,00    0,00    0,00   57,58
16:08:55      13    0,00    0,00    0,00    0,00    0,00   40,40    0,00    0,00    0,00   59,60
16:08:55      14    0,00    0,00    0,00    0,99    0,00   30,69    0,00    0,00    0,00   68,32
16:08:55      15    0,00    0,00    0,00    0,00    0,00    0,00    0,00    0,00    0,00  100,00
16:08:55      16    0,00    0,00    0,00    0,00    0,00    0,00    0,00    0,00    0,00  100,00
16:08:55      17    0,00    0,00    0,00    0,00    0,00    0,00    0,00    0,00    0,00  100,00
16:08:55      18    0,00    0,00    0,00    0,00    0,00    0,00    0,00    0,00    0,00  100,00
16:08:55      19    0,00    0,00    0,00    0,00    0,00    0,00    0,00    0,00    0,00  100,00
16:08:55      20    0,00    0,00    0,00    0,00    0,00    0,00    0,00    0,00    0,00  100,00
16:08:55      21    0,00    0,00    0,00    0,00    0,00    0,00    0,00    0,00    0,00  100,00
16:08:55      22    0,00    0,00    0,00    0,00    0,00   66,67    0,00    0,00    0,00   33,33
16:08:55      23    0,00    0,00    0,00    0,00    0,00   51,02    0,00    0,00    0,00   48,98

16:08:55     CPU    %usr   %nice    %sys %iowait    %irq   %soft  %steal  %guest  %gnice   %idle
16:08:56     all    0,04    0,00    0,00    0,00    0,00   11,45    0,00    0,00    0,00   88,51
16:08:56       0    0,00    0,00    0,00    0,00    0,00    0,00    0,00    0,00    0,00  100,00
16:08:56       1    0,00    0,00    0,00    0,00    0,00    0,00    0,00    0,00    0,00  100,00
16:08:56       2    0,00    0,00    0,00    0,00    0,00    0,00    0,00    0,00    0,00  100,00
16:08:56       3    0,00    0,00    0,00    0,00    0,00    0,00    0,00    0,00    0,00  100,00
16:08:56       4    0,00    0,00    0,00    0,00    0,00   40,40    0,00    0,00    0,00   59,60
16:08:56       5    0,00    0,00    0,00    0,00    0,00    0,00    0,00    0,00    0,00  100,00
16:08:56       6    0,00    0,00    0,00    0,00    0,00    0,00    0,00    0,00    0,00  100,00
16:08:56       7    0,00    0,00    0,00    0,00    0,00    0,00    0,00    0,00    0,00  100,00
16:08:56       8    0,00    0,00    0,00    0,00    0,00    0,00    0,00    0,00    0,00  100,00
16:08:56       9    0,00    0,00    0,00    0,00    0,00    0,00    0,00    0,00    0,00  100,00
16:08:56      10    0,99    0,00    0,00    0,00    0,00    0,00    0,00    0,00    0,00   99,01
16:08:56      11    0,00    0,00    0,00    0,00    0,00    0,00    0,00    0,00    0,00  100,00
16:08:56      12    0,00    0,00    0,00    0,00    0,00   43,69    0,00    0,00    0,00   56,31
16:08:56      13    0,00    0,00    0,00    0,00    0,00   42,00    0,00    0,00    0,00   58,00
16:08:56      14    0,00    0,00    0,00    0,00    0,00   32,04    0,00    0,00    0,00   67,96
16:08:56      15    0,00    0,00    0,00    0,00    0,00    0,00    0,00    0,00    0,00  100,00
16:08:56      16    0,00    0,00    0,00    0,00    0,00    0,00    0,00    0,00    0,00  100,00
16:08:56      17    0,00    0,00    0,00    0,00    0,00    0,00    0,00    0,00    0,00  100,00
16:08:56      18    0,00    0,00    0,00    0,00    0,00    0,00    0,00    0,00    0,00  100,00
16:08:56      19    0,00    0,00    0,00    0,00    0,00    0,00    0,00    0,00    0,00  100,00
16:08:56      20    0,00    0,00    0,00    0,00    0,00    0,00    0,00    0,00    0,00  100,00
16:08:56      21    0,00    0,00    0,00    0,00    0,00    0,00    0,00    0,00    0,00  100,00
16:08:56      22    0,00    0,00    0,00    0,00    0,00   65,35    0,00    0,00    0,00   34,65
16:08:56      23    0,00    0,00    0,00    0,00    0,00   50,52    0,00    0,00    0,00   49,48

16:08:56     CPU    %usr   %nice    %sys %iowait    %irq   %soft  %steal  %guest  %gnice   %idle
16:08:57     all    0,00    0,00    0,00    0,00    0,00   11,15    0,00    0,00    0,00   88,85
16:08:57       0    0,00    0,00    0,00    0,00    0,00    0,00    0,00    0,00    0,00  100,00
16:08:57       1    0,00    0,00    0,00    0,00    0,00    0,00    0,00    0,00    0,00  100,00
16:08:57       2    0,00    0,00    0,00    0,00    0,00    0,00    0,00    0,00    0,00  100,00
16:08:57       3    0,00    0,00    0,00    0,00    0,00    0,00    0,00    0,00    0,00  100,00
16:08:57       4    0,00    0,00    0,00    0,00    0,00   38,46    0,00    0,00    0,00   61,54
16:08:57       5    0,00    0,00    0,00    0,00    0,00    0,00    0,00    0,00    0,00  100,00
16:08:57       6    0,00    0,00    0,00    0,00    0,00    0,00    0,00    0,00    0,00  100,00
16:08:57       7    0,00    0,00    0,00    0,00    0,00    0,00    0,00    0,00    0,00  100,00
16:08:57       8    0,00    0,00    0,00    0,00    0,00    0,00    0,00    0,00    0,00  100,00
16:08:57       9    0,00    0,00    0,00    0,00    0,00    0,00    0,00    0,00    0,00  100,00
16:08:57      10    0,00    0,00    0,00    0,00    0,00    0,00    0,00    0,00    0,00  100,00
16:08:57      11    0,00    0,00    0,00    0,00    0,00    0,00    0,00    0,00    0,00  100,00
16:08:57      12    0,00    0,00    0,00    0,00    0,00   42,86    0,00    0,00    0,00   57,14
16:08:57      13    0,00    0,00    0,00    0,00    0,00   40,62    0,00    0,00    0,00   59,38
16:08:57      14    0,00    0,00    0,00    0,00    0,00   32,35    0,00    0,00    0,00   67,65
16:08:57      15    0,00    0,00    0,00    0,00    0,00    0,00    0,00    0,00    0,00  100,00
16:08:57      16    0,00    0,00    0,00    0,00    0,00    0,00    0,00    0,00    0,00  100,00
16:08:57      17    0,00    0,00    0,00    0,00    0,00    0,00    0,00    0,00    0,00  100,00
16:08:57      18    0,00    0,00    0,00    0,00    0,00    0,00    0,00    0,00    0,00  100,00
16:08:57      19    0,00    0,00    0,00    0,00    0,00    0,00    0,00    0,00    0,00  100,00
16:08:57      20    0,00    0,00    0,00    0,00    0,00    0,00    0,00    0,00    0,00  100,00
16:08:57      21    0,00    0,00    0,00    0,00    0,00    0,00    0,00    0,00    0,00  100,00
16:08:57      22    0,00    0,00    0,00    0,00    0,00   65,69    0,00    0,00    0,00   34,31
16:08:57      23    0,00    0,00    0,00    0,00    0,00   51,55    0,00    0,00    0,00   48,45

16:08:57     CPU    %usr   %nice    %sys %iowait    %irq   %soft  %steal  %guest  %gnice   %idle
16:08:58     all    0,04    0,00    0,04    0,00    0,00   10,80    0,00    0,00    0,00   89,12
16:08:58       0    0,00    0,00    0,00    0,00    0,00    0,00    0,00    0,00    0,00  100,00
16:08:58       1    0,00    0,00    0,00    0,00    0,00    0,00    0,00    0,00    0,00  100,00
16:08:58       2    0,00    0,00    0,00    0,00    0,00    0,00    0,00    0,00    0,00  100,00
16:08:58       3    0,00    0,00    0,00    0,00    0,00    0,00    0,00    0,00    0,00  100,00
16:08:58       4    0,00    0,00    0,00    0,00    0,00   36,78    0,00    0,00    0,00   63,22
16:08:58       5    0,00    0,00    0,00    0,00    0,00    0,00    0,00    0,00    0,00  100,00
16:08:58       6    0,00    0,00    0,00    0,00    0,00    0,00    0,00    0,00    0,00  100,00
16:08:58       7    0,00    0,00    0,00    0,00    0,00    0,00    0,00    0,00    0,00  100,00
16:08:58       8    0,00    0,00    0,00    0,00    0,00    0,00    0,00    0,00    0,00  100,00
16:08:58       9    0,00    0,00    0,00    0,00    0,00    0,00    0,00    0,00    0,00  100,00
16:08:58      10    0,00    0,00    0,00    0,00    0,00    0,00    0,00    0,00    0,00  100,00
16:08:58      11    0,00    0,00    0,00    0,00    0,00    0,00    0,00    0,00    0,00  100,00
16:08:58      12    0,00    0,00    0,00    0,00    0,00   41,00    0,00    0,00    0,00   59,00
16:08:58      13    0,00    0,00    0,00    0,00    0,00   36,84    0,00    0,00    0,00   63,16
16:08:58      14    0,00    0,00    0,00    0,00    0,00   32,04    0,00    0,00    0,00   67,96
16:08:58      15    0,00    0,00    0,00    0,00    0,00    0,00    0,00    0,00    0,00  100,00
16:08:58      16    0,00    0,00    0,00    0,00    0,00    0,00    0,00    0,00    0,00  100,00
16:08:58      17    0,00    0,00    1,00    0,00    0,00    0,00    0,00    0,00    0,00   99,00
16:08:58      18    0,99    0,00    0,00    0,00    0,00    0,00    0,00    0,00    0,00   99,01
16:08:58      19    0,00    0,00    0,00    0,00    0,00    0,00    0,00    0,00    0,00  100,00
16:08:58      20    0,00    0,00    0,00    0,00    0,00    0,00    0,00    0,00    0,00  100,00
16:08:58      21    0,00    0,00    0,00    0,00    0,00    0,00    0,00    0,00    0,00  100,00
16:08:58      22    0,00    0,00    0,00    0,00    0,00   66,99    0,00    0,00    0,00   33,01
16:08:58      23    0,00    0,00    0,00    0,00    0,00   50,00    0,00    0,00    0,00   50,00

16:08:58     CPU    %usr   %nice    %sys %iowait    %irq   %soft  %steal  %guest  %gnice   %idle
16:08:59     all    0,04    0,00    0,17    0,00    0,00   11,33    0,00    0,00    0,00   88,46
16:08:59       0    0,00    0,00    0,00    0,00    0,00    0,00    0,00    0,00    0,00  100,00
16:08:59       1    0,00    0,00    0,00    0,00    0,00    0,00    0,00    0,00    0,00  100,00
16:08:59       2    0,00    0,00    0,00    0,00    0,00    0,00    0,00    0,00    0,00  100,00
16:08:59       3    0,00    0,00    0,00    0,00    0,00    0,00    0,00    0,00    0,00  100,00
16:08:59       4    0,00    0,00    0,00    0,00    0,00   37,93    0,00    0,00    0,00   62,07
16:08:59       5    0,00    0,00    0,00    0,00    0,00    0,00    0,00    0,00    0,00  100,00
16:08:59       6    0,00    0,00    0,00    0,00    0,00    0,00    0,00    0,00    0,00  100,00
16:08:59       7    0,00    0,00    0,00    0,00    0,00    0,00    0,00    0,00    0,00  100,00
16:08:59       8    0,00    0,00    0,00    0,00    0,00    0,00    0,00    0,00    0,00  100,00
16:08:59       9    0,00    0,00    0,00    0,00    0,00    0,00    0,00    0,00    0,00  100,00
16:08:59      10    0,00    0,00    0,00    0,00    0,00    0,00    0,00    0,00    0,00  100,00
16:08:59      11    0,00    0,00    0,00    0,00    0,00    0,00    0,00    0,00    0,00  100,00
16:08:59      12    0,00    0,00    0,00    0,00    0,00   44,12    0,00    0,00    0,00   55,88
16:08:59      13    0,00    0,00    0,00    0,00    0,00   41,00    0,00    0,00    0,00   59,00
16:08:59      14    0,00    0,00    0,98    0,00    0,00   30,39    0,00    0,00    0,00   68,63
16:08:59      15    0,00    0,00    0,00    0,00    0,00    0,00    0,00    0,00    0,00  100,00
16:08:59      16    0,00    0,00    0,00    0,00    0,00    0,00    0,00    0,00    0,00  100,00
16:08:59      17    1,00    0,00    1,00    0,00    0,00    0,00    0,00    0,00    0,00   98,00
16:08:59      18    0,00    0,00    0,00    0,00    0,00    0,00    0,00    0,00    0,00  100,00
16:08:59      19    0,00    0,00    0,00    0,00    0,00    0,00    0,00    0,00    0,00  100,00
16:08:59      20    0,00    0,00    0,00    0,00    0,00    0,00    0,00    0,00    0,00  100,00
16:08:59      21    0,00    0,00    0,00    0,00    0,00    0,00    0,00    0,00    0,00  100,00
16:08:59      22    0,00    0,00    0,95    0,00    0,00   65,71    0,00    0,00    0,00   33,33
16:08:59      23    0,00    0,00    0,99    0,00    0,00   51,49    0,00    0,00    0,00   47,52

16:08:59     CPU    %usr   %nice    %sys %iowait    %irq   %soft  %steal  %guest  %gnice   %idle
16:09:00     all    0,17    0,00    0,13    0,04    0,00   10,71    0,00    0,00    0,00   88,96
16:09:00       0    0,00    0,00    0,00    0,00    0,00    0,00    0,00    0,00    0,00  100,00
16:09:00       1    0,00    0,00    0,00    0,00    0,00    0,00    0,00    0,00    0,00  100,00
16:09:00       2    0,00    0,00    0,00    0,00    0,00    0,00    0,00    0,00    0,00  100,00
16:09:00       3    0,00    0,00    0,00    0,00    0,00    0,00    0,00    0,00    0,00  100,00
16:09:00       4    0,00    0,00    0,00    0,00    0,00   32,10    0,00    0,00    0,00   67,90
16:09:00       5    0,00    0,00    0,00    0,00    0,00    0,00    0,00    0,00    0,00  100,00
16:09:00       6    0,00    0,00    0,00    0,00    0,00    0,00    0,00    0,00    0,00  100,00
16:09:00       7    0,00    0,00    0,00    0,00    0,00    0,00    0,00    0,00    0,00  100,00
16:09:00       8    0,00    0,00    0,00    1,01    0,00    0,00    0,00    0,00    0,00   98,99
16:09:00       9    0,00    0,00    0,00    0,00    0,00    0,00    0,00    0,00    0,00  100,00
16:09:00      10    2,00    0,00    1,00    0,00    0,00    0,00    0,00    0,00    0,00   97,00
16:09:00      11    0,00    0,00    0,00    0,00    0,00    0,00    0,00    0,00    0,00  100,00
16:09:00      12    0,00    0,00    0,00    0,00    0,00   41,58    0,00    0,00    0,00   58,42
16:09:00      13    0,00    0,00    0,00    0,00    0,00   41,00    0,00    0,00    0,00   59,00
16:09:00      14    0,00    0,00    0,00    0,00    0,00   32,04    0,00    0,00    0,00   67,96
16:09:00      15    0,00    0,00    0,00    0,00    0,00    0,00    0,00    0,00    0,00  100,00
16:09:00      16    0,98    0,00    0,98    0,00    0,00    0,00    0,00    0,00    0,00   98,04
16:09:00      17    0,00    0,00    0,99    0,00    0,00    0,00    0,00    0,00    0,00   99,01
16:09:00      18    0,00    0,00    0,00    0,00    0,00    0,00    0,00    0,00    0,00  100,00
16:09:00      19    0,99    0,00    0,00    0,00    0,00    0,00    0,00    0,00    0,00   99,01
16:09:00      20    0,00    0,00    0,00    0,00    0,00    0,00    0,00    0,00    0,00  100,00
16:09:00      21    0,00    0,00    0,00    0,00    0,00    0,00    0,00    0,00    0,00  100,00
16:09:00      22    0,00    0,00    0,00    0,00    0,00   64,29    0,00    0,00    0,00   35,71
16:09:00      23    0,00    0,00    0,00    0,00    0,00   51,55    0,00    0,00    0,00   48,45

16:09:00     CPU    %usr   %nice    %sys %iowait    %irq   %soft  %steal  %guest  %gnice   %idle
16:09:01     all    0,00    0,00    0,00    0,00    0,00   11,05    0,00    0,00    0,00   88,95
16:09:01       0    0,00    0,00    0,00    0,00    0,00    0,00    0,00    0,00    0,00  100,00
16:09:01       1    0,00    0,00    0,00    0,00    0,00    0,00    0,00    0,00    0,00  100,00
16:09:01       2    0,00    0,00    0,00    0,00    0,00    0,00    0,00    0,00    0,00  100,00
16:09:01       3    0,00    0,00    0,00    0,00    0,00    0,00    0,00    0,00    0,00  100,00
16:09:01       4    0,00    0,00    0,00    0,00    0,00   36,05    0,00    0,00    0,00   63,95
16:09:01       5    0,00    0,00    0,00    0,00    0,00    0,00    0,00    0,00    0,00  100,00
16:09:01       6    0,00    0,00    0,00    0,00    0,00    0,00    0,00    0,00    0,00  100,00
16:09:01       7    0,00    0,00    0,00    0,00    0,00    0,00    0,00    0,00    0,00  100,00
16:09:01       8    0,00    0,00    0,00    0,00    0,00    0,00    0,00    0,00    0,00  100,00
16:09:01       9    0,00    0,00    0,00    0,00    0,00    0,00    0,00    0,00    0,00  100,00
16:09:01      10    0,00    0,00    0,00    0,00    0,00    0,00    0,00    0,00    0,00  100,00
16:09:01      11    0,00    0,00    0,00    0,00    0,00    0,00    0,00    0,00    0,00  100,00
16:09:01      12    0,00    0,00    0,00    0,00    0,00   42,86    0,00    0,00    0,00   57,14
16:09:01      13    0,00    0,00    0,00    0,00    0,00   40,82    0,00    0,00    0,00   59,18
16:09:01      14    0,00    0,00    0,00    0,00    0,00   32,35    0,00    0,00    0,00   67,65
16:09:01      15    0,00    0,00    0,00    0,00    0,00    0,00    0,00    0,00    0,00  100,00
16:09:01      16    0,00    0,00    0,00    0,00    0,00    0,00    0,00    0,00    0,00  100,00
16:09:01      17    0,00    0,00    0,00    0,00    0,00    0,00    0,00    0,00    0,00  100,00
16:09:01      18    0,00    0,00    0,00    0,00    0,00    0,00    0,00    0,00    0,00  100,00
16:09:01      19    0,00    0,00    0,00    0,00    0,00    0,00    0,00    0,00    0,00  100,00
16:09:01      20    0,00    0,00    0,00    0,00    0,00    0,00    0,00    0,00    0,00  100,00
16:09:01      21    0,00    0,00    0,00    0,00    0,00    0,00    0,00    0,00    0,00  100,00
16:09:01      22    0,00    0,00    0,00    0,00    0,00   66,00    0,00    0,00    0,00   34,00
16:09:01      23    0,00    0,00    0,00    0,00    0,00   52,04    0,00    0,00    0,00   47,96

16:09:01     CPU    %usr   %nice    %sys %iowait    %irq   %soft  %steal  %guest  %gnice   %idle
16:09:02     all    0,08    0,00    0,08    0,00    0,00   11,13    0,00    0,00    0,00   88,70
16:09:02       0    0,00    0,00    0,00    0,00    0,00    0,00    0,00    0,00    0,00  100,00
16:09:02       1    0,00    0,00    0,00    0,00    0,00    0,00    0,00    0,00    0,00  100,00
16:09:02       2    0,00    0,00    0,00    0,00    0,00    0,00    0,00    0,00    0,00  100,00
16:09:02       3    0,00    0,00    0,00    0,00    0,00    0,00    0,00    0,00    0,00  100,00
16:09:02       4    0,00    0,00    0,00    0,00    0,00   35,71    0,00    0,00    0,00   64,29
16:09:02       5    0,00    0,00    0,00    0,00    0,00    0,00    0,00    0,00    0,00  100,00
16:09:02       6    0,99    0,00    0,00    0,00    0,00    0,00    0,00    0,00    0,00   99,01
16:09:02       7    0,00    0,00    0,00    0,00    0,00    0,00    0,00    0,00    0,00  100,00
16:09:02       8    0,00    0,00    0,00    0,00    0,00    0,00    0,00    0,00    0,00  100,00
16:09:02       9    0,00    0,00    0,00    0,00    0,00    0,00    0,00    0,00    0,00  100,00
16:09:02      10    0,00    0,00    0,99    0,00    0,00    0,00    0,00    0,00    0,00   99,01
16:09:02      11    0,00    0,00    0,00    0,00    0,00    0,00    0,00    0,00    0,00  100,00
16:09:02      12    0,00    0,00    0,98    0,00    0,00   43,14    0,00    0,00    0,00   55,88
16:09:02      13    0,00    0,00    0,00    0,00    0,00   41,58    0,00    0,00    0,00   58,42
16:09:02      14    0,00    0,00    0,00    0,00    0,00   30,00    0,00    0,00    0,00   70,00
16:09:02      15    0,00    0,00    0,00    0,00    0,00    0,00    0,00    0,00    0,00  100,00
16:09:02      16    0,00    0,00    0,00    0,00    0,00    0,00    0,00    0,00    0,00  100,00
16:09:02      17    0,00    0,00    0,00    0,00    0,00    0,00    0,00    0,00    0,00  100,00
16:09:02      18    0,00    0,00    0,00    0,00    0,00    0,00    0,00    0,00    0,00  100,00
16:09:02      19    0,00    0,00    0,00    0,00    0,00    0,00    0,00    0,00    0,00  100,00
16:09:02      20    0,99    0,00    0,00    0,00    0,00    0,00    0,00    0,00    0,00   99,01
16:09:02      21    0,00    0,00    0,00    0,00    0,00    0,00    0,00    0,00    0,00  100,00
16:09:02      22    0,00    0,00    0,00    0,00    0,00   66,34    0,00    0,00    0,00   33,66
16:09:02      23    0,00    0,00    0,00    0,00    0,00   52,48    0,00    0,00    0,00   47,52

16:09:02     CPU    %usr   %nice    %sys %iowait    %irq   %soft  %steal  %guest  %gnice   %idle
16:09:03     all    0,00    0,00    0,00    0,00    0,00   11,03    0,00    0,00    0,00   88,97
16:09:03       0    0,00    0,00    0,00    0,00    0,00    0,00    0,00    0,00    0,00  100,00
16:09:03       1    0,00    0,00    0,00    0,00    0,00    0,00    0,00    0,00    0,00  100,00
16:09:03       2    0,00    0,00    0,00    0,00    0,00    0,00    0,00    0,00    0,00  100,00
16:09:03       3    0,00    0,00    0,00    0,00    0,00    0,00    0,00    0,00    0,00  100,00
16:09:03       4    0,00    0,00    0,00    0,00    0,00   36,78    0,00    0,00    0,00   63,22
16:09:03       5    0,00    0,00    0,00    0,00    0,00    0,00    0,00    0,00    0,00  100,00
16:09:03       6    0,00    0,00    0,00    0,00    0,00    0,00    0,00    0,00    0,00  100,00
16:09:03       7    0,00    0,00    0,00    0,00    0,00    0,00    0,00    0,00    0,00  100,00
16:09:03       8    0,00    0,00    0,00    0,00    0,00    0,00    0,00    0,00    0,00  100,00
16:09:03       9    0,00    0,00    0,00    0,00    0,00    0,00    0,00    0,00    0,00  100,00
16:09:03      10    0,00    0,00    0,00    0,00    0,00    0,00    0,00    0,00    0,00  100,00
16:09:03      11    0,00    0,00    0,00    0,00    0,00    0,00    0,00    0,00    0,00  100,00
16:09:03      12    0,00    0,00    0,00    0,00    0,00   43,69    0,00    0,00    0,00   56,31
16:09:03      13    0,00    0,00    0,00    0,00    0,00   41,41    0,00    0,00    0,00   58,59
16:09:03      14    0,00    0,00    0,00    0,00    0,00   31,37    0,00    0,00    0,00   68,63
16:09:03      15    0,00    0,00    0,00    0,00    0,00    0,00    0,00    0,00    0,00  100,00
16:09:03      16    0,00    0,00    0,00    0,00    0,00    0,00    0,00    0,00    0,00  100,00
16:09:03      17    0,00    0,00    0,00    0,00    0,00    0,00    0,00    0,00    0,00  100,00
16:09:03      18    0,00    0,00    0,00    0,00    0,00    0,00    0,00    0,00    0,00  100,00
16:09:03      19    0,00    0,00    0,00    0,00    0,00    0,00    0,00    0,00    0,00  100,00
16:09:03      20    0,00    0,00    0,00    0,00    0,00    0,00    0,00    0,00    0,00  100,00
16:09:03      21    0,00    0,00    0,00    0,00    0,00    0,00    0,00    0,00    0,00  100,00
16:09:03      22    0,00    0,00    0,00    0,00    0,00   66,34    0,00    0,00    0,00   33,66
16:09:03      23    0,00    0,00    0,00    0,00    0,00   49,46    0,00    0,00    0,00   50,54

16:09:03     CPU    %usr   %nice    %sys %iowait    %irq   %soft  %steal  %guest  %gnice   %idle
16:09:04     all    0,00    0,00    0,13    0,00    0,00   10,96    0,00    0,00    0,00   88,92
16:09:04       0    0,00    0,00    0,00    0,00    0,00    0,00    0,00    0,00    0,00  100,00
16:09:04       1    0,00    0,00    0,00    0,00    0,00    0,00    0,00    0,00    0,00  100,00
16:09:04       2    0,00    0,00    0,00    0,00    0,00    0,00    0,00    0,00    0,00  100,00
16:09:04       3    0,00    0,00    0,00    0,00    0,00    0,00    0,00    0,00    0,00  100,00
16:09:04       4    0,00    0,00    0,00    0,00    0,00   34,94    0,00    0,00    0,00   65,06
16:09:04       5    0,00    0,00    0,00    0,00    0,00    0,00    0,00    0,00    0,00  100,00
16:09:04       6    0,00    0,00    0,00    0,00    0,00    0,00    0,00    0,00    0,00  100,00
16:09:04       7    0,00    0,00    0,00    0,00    0,00    0,00    0,00    0,00    0,00  100,00
16:09:04       8    0,00    0,00    0,00    0,00    0,00    0,00    0,00    0,00    0,00  100,00
16:09:04       9    0,00    0,00    0,00    0,00    0,00    0,00    0,00    0,00    0,00  100,00
16:09:04      10    0,00    0,00    0,00    0,00    0,00    0,00    0,00    0,00    0,00  100,00
16:09:04      11    0,00    0,00    0,00    0,00    0,00    0,00    0,00    0,00    0,00  100,00
16:09:04      12    0,00    0,00    0,00    0,00    0,00   41,58    0,00    0,00    0,00   58,42
16:09:04      13    0,00    0,00    0,00    0,00    0,00   40,59    0,00    0,00    0,00   59,41
16:09:04      14    0,00    0,00    0,00    0,00    0,00   32,04    0,00    0,00    0,00   67,96
16:09:04      15    0,00    0,00    0,00    0,00    0,00    0,00    0,00    0,00    0,00  100,00
16:09:04      16    0,00    0,00    0,00    0,00    0,00    0,00    0,00    0,00    0,00  100,00
16:09:04      17    0,00    0,00    0,00    0,00    0,00    0,00    0,00    0,00    0,00  100,00
16:09:04      18    0,00    0,00    0,00    0,00    0,00    0,00    0,00    0,00    0,00  100,00
16:09:04      19    0,00    0,00    1,00    0,00    0,00    0,00    0,00    0,00    0,00   99,00
16:09:04      20    0,00    0,00    1,01    0,00    0,00    0,00    0,00    0,00    0,00   98,99
16:09:04      21    0,00    0,00    0,99    0,00    0,00    0,00    0,00    0,00    0,00   99,01
16:09:04      22    0,00    0,00    0,00    0,00    0,00   66,02    0,00    0,00    0,00   33,98
16:09:04      23    0,00    0,00    0,00    0,00    0,00   50,53    0,00    0,00    0,00   49,47

16:09:04     CPU    %usr   %nice    %sys %iowait    %irq   %soft  %steal  %guest  %gnice   %idle
16:09:05     all    0,04    0,00    0,00    0,00    0,00   11,47    0,00    0,00    0,00   88,49
16:09:05       0    0,00    0,00    0,00    0,00    0,00    0,00    0,00    0,00    0,00  100,00
16:09:05       1    0,00    0,00    0,00    0,00    0,00    0,00    0,00    0,00    0,00  100,00
16:09:05       2    0,00    0,00    0,00    0,00    0,00    0,00    0,00    0,00    0,00  100,00
16:09:05       3    0,00    0,00    0,00    0,00    0,00    0,00    0,00    0,00    0,00  100,00
16:09:05       4    0,00    0,00    0,00    0,00    0,00   36,78    0,00    0,00    0,00   63,22
16:09:05       5    0,00    0,00    0,00    0,00    0,00    0,00    0,00    0,00    0,00  100,00
16:09:05       6    0,00    0,00    0,00    0,00    0,00    0,00    0,00    0,00    0,00  100,00
16:09:05       7    0,00    0,00    0,00    0,00    0,00    0,00    0,00    0,00    0,00  100,00
16:09:05       8    0,00    0,00    0,00    0,00    0,00    0,00    0,00    0,00    0,00  100,00
16:09:05       9    0,00    0,00    0,00    0,00    0,00    0,00    0,00    0,00    0,00  100,00
16:09:05      10    0,00    0,00    0,00    0,00    0,00    0,00    0,00    0,00    0,00  100,00
16:09:05      11    0,00    0,00    0,00    0,00    0,00    0,00    0,00    0,00    0,00  100,00
16:09:05      12    0,00    0,00    0,00    0,00    0,00   42,57    0,00    0,00    0,00   57,43
16:09:05      13    0,00    0,00    0,00    0,00    0,00   41,58    0,00    0,00    0,00   58,42
16:09:05      14    0,00    0,00    0,00    0,00    0,00   32,35    0,00    0,00    0,00   67,65
16:09:05      15    0,99    0,00    0,00    0,00    0,00    0,00    0,00    0,00    0,00   99,01
16:09:05      16    0,00    0,00    0,00    0,00    0,00    0,00    0,00    0,00    0,00  100,00
16:09:05      17    0,00    0,00    0,00    0,00    0,00    0,00    0,00    0,00    0,00  100,00
16:09:05      18    0,00    0,00    0,00    0,00    0,00    0,00    0,00    0,00    0,00  100,00
16:09:05      19    0,00    0,00    0,00    0,00    0,00    0,00    0,00    0,00    0,00  100,00
16:09:05      20    0,00    0,00    0,00    0,00    0,00    0,00    0,00    0,00    0,00  100,00
16:09:05      21    0,00    0,00    0,00    0,00    0,00    0,00    0,00    0,00    0,00  100,00
16:09:05      22    0,00    0,00    0,00    0,00    0,00   67,31    0,00    0,00    0,00   32,69
16:09:05      23    0,00    0,00    0,00    0,00    0,00   53,92    0,00    0,00    0,00   46,08

16:09:05     CPU    %usr   %nice    %sys %iowait    %irq   %soft  %steal  %guest  %gnice   %idle
16:09:06     all    0,00    0,00    0,00    0,00    0,00   11,32    0,00    0,00    0,00   88,68
16:09:06       0    0,00    0,00    0,00    0,00    0,00    0,00    0,00    0,00    0,00  100,00
16:09:06       1    0,00    0,00    0,00    0,00    0,00    0,00    0,00    0,00    0,00  100,00
16:09:06       2    0,00    0,00    0,00    0,00    0,00    0,00    0,00    0,00    0,00  100,00
16:09:06       3    0,00    0,00    0,00    0,00    0,00    0,00    0,00    0,00    0,00  100,00
16:09:06       4    0,00    0,00    0,00    0,00    0,00   39,58    0,00    0,00    0,00   60,42
16:09:06       5    0,00    0,00    0,00    0,00    0,00    0,00    0,00    0,00    0,00  100,00
16:09:06       6    0,00    0,00    0,00    0,00    0,00    0,00    0,00    0,00    0,00  100,00
16:09:06       7    0,00    0,00    0,00    0,00    0,00    0,00    0,00    0,00    0,00  100,00
16:09:06       8    0,00    0,00    0,00    0,00    0,00    0,00    0,00    0,00    0,00  100,00
16:09:06       9    0,00    0,00    0,00    0,00    0,00    0,00    0,00    0,00    0,00  100,00
16:09:06      10    0,00    0,00    0,00    0,00    0,00    0,00    0,00    0,00    0,00  100,00
16:09:06      11    0,00    0,00    0,00    0,00    0,00    0,00    0,00    0,00    0,00  100,00
16:09:06      12    0,00    0,00    0,00    0,00    0,00   43,56    0,00    0,00    0,00   56,44
16:09:06      13    0,00    0,00    0,00    0,00    0,00   42,00    0,00    0,00    0,00   58,00
16:09:06      14    0,00    0,00    0,00    0,00    0,00   32,04    0,00    0,00    0,00   67,96
16:09:06      15    0,00    0,00    0,00    0,00    0,00    0,00    0,00    0,00    0,00  100,00
16:09:06      16    0,00    0,00    0,00    0,00    0,00    0,00    0,00    0,00    0,00  100,00
16:09:06      17    0,00    0,00    0,00    0,00    0,00    0,00    0,00    0,00    0,00  100,00
16:09:06      18    0,00    0,00    0,00    0,00    0,00    0,00    0,00    0,00    0,00  100,00
16:09:06      19    0,00    0,00    0,00    0,00    0,00    0,00    0,00    0,00    0,00  100,00
16:09:06      20    0,00    0,00    0,00    0,00    0,00    0,00    0,00    0,00    0,00  100,00
16:09:06      21    0,00    0,00    0,00    0,00    0,00    0,00    0,00    0,00    0,00  100,00
16:09:06      22    0,00    0,00    0,00    0,00    0,00   66,67    0,00    0,00    0,00   33,33
16:09:06      23    0,00    0,00    0,00    0,00    0,00   48,94    0,00    0,00    0,00   51,06

16:09:06     CPU    %usr   %nice    %sys %iowait    %irq   %soft  %steal  %guest  %gnice   %idle
16:09:07     all    0,00    0,00    0,00    0,00    0,00   11,36    0,00    0,00    0,00   88,64
16:09:07       0    0,00    0,00    0,00    0,00    0,00    0,00    0,00    0,00    0,00  100,00
16:09:07       1    0,00    0,00    0,00    0,00    0,00    0,00    0,00    0,00    0,00  100,00
16:09:07       2    0,00    0,00    0,00    0,00    0,00    0,00    0,00    0,00    0,00  100,00
16:09:07       3    0,00    0,00    0,00    0,00    0,00    0,00    0,00    0,00    0,00  100,00
16:09:07       4    0,00    0,00    0,00    0,00    0,00   42,00    0,00    0,00    0,00   58,00
16:09:07       5    0,00    0,00    0,00    0,00    0,00    0,00    0,00    0,00    0,00  100,00
16:09:07       6    0,00    0,00    0,00    0,00    0,00    0,00    0,00    0,00    0,00  100,00
16:09:07       7    0,00    0,00    0,00    0,00    0,00    0,00    0,00    0,00    0,00  100,00
16:09:07       8    0,00    0,00    0,00    0,00    0,00    0,00    0,00    0,00    0,00  100,00
16:09:07       9    0,00    0,00    0,00    0,00    0,00    0,00    0,00    0,00    0,00  100,00
16:09:07      10    0,00    0,00    0,00    0,00    0,00    0,00    0,00    0,00    0,00  100,00
16:09:07      11    0,00    0,00    0,00    0,00    0,00    0,00    0,00    0,00    0,00  100,00
16:09:07      12    0,00    0,00    0,00    0,00    0,00   43,00    0,00    0,00    0,00   57,00
16:09:07      13    0,00    0,00    0,00    0,00    0,00   40,82    0,00    0,00    0,00   59,18
16:09:07      14    0,00    0,00    0,00    0,00    0,00   31,00    0,00    0,00    0,00   69,00
16:09:07      15    0,00    0,00    0,00    0,00    0,00    0,00    0,00    0,00    0,00  100,00
16:09:07      16    0,00    0,00    0,00    0,00    0,00    0,00    0,00    0,00    0,00  100,00
16:09:07      17    0,00    0,00    0,00    0,00    0,00    0,00    0,00    0,00    0,00  100,00
16:09:07      18    0,00    0,00    0,00    0,00    0,00    0,00    0,00    0,00    0,00  100,00
16:09:07      19    0,00    0,00    0,00    0,00    0,00    0,00    0,00    0,00    0,00  100,00
16:09:07      20    0,00    0,00    0,00    0,00    0,00    0,00    0,00    0,00    0,00  100,00
16:09:07      21    0,00    0,00    0,00    0,00    0,00    0,00    0,00    0,00    0,00  100,00
16:09:07      22    0,00    0,00    0,00    0,00    0,00   65,69    0,00    0,00    0,00   34,31
16:09:07      23    0,00    0,00    0,00    0,00    0,00   50,52    0,00    0,00    0,00   49,48

16:09:07     CPU    %usr   %nice    %sys %iowait    %irq   %soft  %steal  %guest  %gnice   %idle
16:09:08     all    0,00    0,00    0,00    0,00    0,00   11,03    0,00    0,00    0,00   88,97
16:09:08       0    0,00    0,00    0,00    0,00    0,00    0,00    0,00    0,00    0,00  100,00
16:09:08       1    0,00    0,00    0,00    0,00    0,00    0,00    0,00    0,00    0,00  100,00
16:09:08       2    0,00    0,00    0,00    0,00    0,00    0,00    0,00    0,00    0,00  100,00
16:09:08       3    0,00    0,00    0,00    0,00    0,00    0,00    0,00    0,00    0,00  100,00
16:09:08       4    0,00    0,00    0,00    0,00    0,00   35,29    0,00    0,00    0,00   64,71
16:09:08       5    0,00    0,00    0,00    0,00    0,00    0,00    0,00    0,00    0,00  100,00
16:09:08       6    0,00    0,00    0,00    0,00    0,00    0,00    0,00    0,00    0,00  100,00
16:09:08       7    0,00    0,00    0,00    0,00    0,00    0,00    0,00    0,00    0,00  100,00
16:09:08       8    0,00    0,00    0,00    0,00    0,00    0,00    0,00    0,00    0,00  100,00
16:09:08       9    0,00    0,00    0,00    0,00    0,00    0,00    0,00    0,00    0,00  100,00
16:09:08      10    0,00    0,00    0,00    0,00    0,00    0,00    0,00    0,00    0,00  100,00
16:09:08      11    0,00    0,00    0,00    0,00    0,00    0,00    0,00    0,00    0,00  100,00
16:09:08      12    0,00    0,00    0,00    0,00    0,00   43,14    0,00    0,00    0,00   56,86
16:09:08      13    0,00    0,00    0,00    0,00    0,00   41,58    0,00    0,00    0,00   58,42
16:09:08      14    0,00    0,00    0,00    0,00    0,00   32,04    0,00    0,00    0,00   67,96
16:09:08      15    0,00    0,00    0,00    0,00    0,00    0,00    0,00    0,00    0,00  100,00
16:09:08      16    0,00    0,00    0,00    0,00    0,00    0,00    0,00    0,00    0,00  100,00
16:09:08      17    0,00    0,00    0,00    0,00    0,00    0,00    0,00    0,00    0,00  100,00
16:09:08      18    0,00    0,00    0,00    0,00    0,00    0,00    0,00    0,00    0,00  100,00
16:09:08      19    0,00    0,00    0,00    0,00    0,00    0,00    0,00    0,00    0,00  100,00
16:09:08      20    0,00    0,00    0,00    0,00    0,00    0,00    0,00    0,00    0,00  100,00
16:09:08      21    0,00    0,00    0,00    0,00    0,00    0,00    0,00    0,00    0,00  100,00
16:09:08      22    0,00    0,00    0,00    0,00    0,00   66,34    0,00    0,00    0,00   33,66
16:09:08      23    0,00    0,00    0,00    0,00    0,00   50,00    0,00    0,00    0,00   50,00

16:09:08     CPU    %usr   %nice    %sys %iowait    %irq   %soft  %steal  %guest  %gnice   %idle
16:09:09     all    0,04    0,00    0,25    0,00    0,00   11,14    0,00    0,00    0,00   88,57
16:09:09       0    0,00    0,00    0,00    0,00    0,00    0,00    0,00    0,00    0,00  100,00
16:09:09       1    0,00    0,00    0,00    0,00    0,00    0,00    0,00    0,00    0,00  100,00
16:09:09       2    0,00    0,00    0,00    0,00    0,00    0,00    0,00    0,00    0,00  100,00
16:09:09       3    0,00    0,00    0,00    0,00    0,00    0,00    0,00    0,00    0,00  100,00
16:09:09       4    0,00    0,00    0,00    0,00    0,00   34,94    0,00    0,00    0,00   65,06
16:09:09       5    0,00    0,00    0,00    0,00    0,00    0,00    0,00    0,00    0,00  100,00
16:09:09       6    0,00    0,00    0,99    0,00    0,00    0,00    0,00    0,00    0,00   99,01
16:09:09       7    0,00    0,00    0,00    0,00    0,00    0,00    0,00    0,00    0,00  100,00
16:09:09       8    0,00    0,00    0,00    0,00    0,00    0,00    0,00    0,00    0,00  100,00
16:09:09       9    0,00    0,00    0,00    0,00    0,00    0,00    0,00    0,00    0,00  100,00
16:09:09      10    0,00    0,00    0,00    0,00    0,00    0,00    0,00    0,00    0,00  100,00
16:09:09      11    0,00    0,00    0,00    0,00    0,00    0,00    0,00    0,00    0,00  100,00
16:09:09      12    0,00    0,00    0,00    0,00    0,00   44,00    0,00    0,00    0,00   56,00
16:09:09      13    0,00    0,00    0,00    0,00    0,00   41,84    0,00    0,00    0,00   58,16
16:09:09      14    0,00    0,00    0,00    0,00    0,00   30,69    0,00    0,00    0,00   69,31
16:09:09      15    0,00    0,00    0,00    0,00    0,00    0,00    0,00    0,00    0,00  100,00
16:09:09      16    0,00    0,00    0,00    0,00    0,00    0,00    0,00    0,00    0,00  100,00
16:09:09      17    0,99    0,00    0,00    0,00    0,00    0,00    0,00    0,00    0,00   99,01
16:09:09      18    0,00    0,00    2,00    0,00    0,00    0,00    0,00    0,00    0,00   98,00
16:09:09      19    0,00    0,00    0,99    0,00    0,00    0,00    0,00    0,00    0,00   99,01
16:09:09      20    0,00    0,00    0,99    0,00    0,00    0,00    0,00    0,00    0,00   99,01
16:09:09      21    0,00    0,00    0,00    0,00    0,00    0,00    0,00    0,00    0,00  100,00
16:09:09      22    0,00    0,00    0,00    0,00    0,00   66,35    0,00    0,00    0,00   33,65
16:09:09      23    0,00    0,00    1,00    0,00    0,00   52,00    0,00    0,00    0,00   47,00

16:09:09     CPU    %usr   %nice    %sys %iowait    %irq   %soft  %steal  %guest  %gnice   %idle
16:09:10     all    0,08    0,00    0,17    0,00    0,00   10,52    0,00    0,00    0,00   89,23
16:09:10       0    0,00    0,00    0,00    0,00    0,00    0,00    0,00    0,00    0,00  100,00
16:09:10       1    0,00    0,00    0,00    0,00    0,00    0,00    0,00    0,00    0,00  100,00
16:09:10       2    0,00    0,00    0,00    0,00    0,00    0,00    0,00    0,00    0,00  100,00
16:09:10       3    0,00    0,00    0,00    0,00    0,00    0,00    0,00    0,00    0,00  100,00
16:09:10       4    0,00    0,00    0,00    0,00    0,00   33,73    0,00    0,00    0,00   66,27
16:09:10       5    0,00    0,00    0,00    0,00    0,00    0,00    0,00    0,00    0,00  100,00
16:09:10       6    0,00    0,00    0,00    0,00    0,00    0,00    0,00    0,00    0,00  100,00
16:09:10       7    0,00    0,00    0,00    0,00    0,00    0,00    0,00    0,00    0,00  100,00
16:09:10       8    0,00    0,00    0,00    0,00    0,00    0,00    0,00    0,00    0,00  100,00
16:09:10       9    0,00    0,00    0,00    0,00    0,00    0,00    0,00    0,00    0,00  100,00
16:09:10      10    0,00    0,00    0,00    0,00    0,00    0,00    0,00    0,00    0,00  100,00
16:09:10      11    0,00    0,00    0,00    0,00    0,00    0,00    0,00    0,00    0,00  100,00
16:09:10      12    0,00    0,00    0,98    0,00    0,00   43,14    0,00    0,00    0,00   55,88
16:09:10      13    0,00    0,00    1,03    0,00    0,00   39,18    0,00    0,00    0,00   59,79
16:09:10      14    0,97    0,00    0,00    0,00    0,00   32,04    0,00    0,00    0,00   66,99
16:09:10      15    0,00    0,00    0,00    0,00    0,00    0,00    0,00    0,00    0,00  100,00
16:09:10      16    0,00    0,00    0,99    0,00    0,00    0,00    0,00    0,00    0,00   99,01
16:09:10      17    0,00    0,00    1,00    0,00    0,00    0,00    0,00    0,00    0,00   99,00
16:09:10      18    0,00    0,00    0,00    0,00    0,00    0,00    0,00    0,00    0,00  100,00
16:09:10      19    1,00    0,00    0,00    0,00    0,00    0,00    0,00    0,00    0,00   99,00
16:09:10      20    0,00    0,00    0,00    0,00    0,00    0,00    0,00    0,00    0,00  100,00
16:09:10      21    0,00    0,00    0,00    0,00    0,00    0,00    0,00    0,00    0,00  100,00
16:09:10      22    0,00    0,00    0,00    0,00    0,00   65,00    0,00    0,00    0,00   35,00
16:09:10      23    0,00    0,00    0,00    0,00    0,00   45,65    0,00    0,00    0,00   54,35

16:09:10     CPU    %usr   %nice    %sys %iowait    %irq   %soft  %steal  %guest  %gnice   %idle
16:09:11     all    0,00    0,00    0,00    0,04    0,00   10,73    0,00    0,00    0,00   89,22
16:09:11       0    0,00    0,00    0,00    0,00    0,00    0,00    0,00    0,00    0,00  100,00
16:09:11       1    0,00    0,00    0,00    0,00    0,00    0,00    0,00    0,00    0,00  100,00
16:09:11       2    0,00    0,00    0,00    0,00    0,00    0,00    0,00    0,00    0,00  100,00
16:09:11       3    0,00    0,00    0,00    0,00    0,00    0,00    0,00    0,00    0,00  100,00
16:09:11       4    0,00    0,00    0,00    0,00    0,00   37,63    0,00    0,00    0,00   62,37
16:09:11       5    0,00    0,00    0,00    0,00    0,00    0,00    0,00    0,00    0,00  100,00
16:09:11       6    0,00    0,00    0,00    0,00    0,00    0,00    0,00    0,00    0,00  100,00
16:09:11       7    0,00    0,00    0,00    0,00    0,00    0,00    0,00    0,00    0,00  100,00
16:09:11       8    0,00    0,00    0,00    0,00    0,00    0,00    0,00    0,00    0,00  100,00
16:09:11       9    0,00    0,00    0,00    0,00    0,00    0,00    0,00    0,00    0,00  100,00
16:09:11      10    0,00    0,00    0,00    0,00    0,00    0,00    0,00    0,00    0,00  100,00
16:09:11      11    0,00    0,00    0,00    0,00    0,00    0,00    0,00    0,00    0,00  100,00
16:09:11      12    0,00    0,00    0,00    0,00    0,00   41,84    0,00    0,00    0,00   58,16
16:09:11      13    0,00    0,00    0,00    0,00    0,00   41,00    0,00    0,00    0,00   59,00
16:09:11      14    0,00    0,00    0,00    0,98    0,00   31,37    0,00    0,00    0,00   67,65
16:09:11      15    0,00    0,00    0,00    0,00    0,00    0,00    0,00    0,00    0,00  100,00
16:09:11      16    0,00    0,00    0,00    0,00    0,00    0,00    0,00    0,00    0,00  100,00
16:09:11      17    0,00    0,00    0,00    0,00    0,00    0,00    0,00    0,00    0,00  100,00
16:09:11      18    0,00    0,00    0,00    0,00    0,00    0,00    0,00    0,00    0,00  100,00
16:09:11      19    0,00    0,00    0,00    0,00    0,00    0,00    0,00    0,00    0,00  100,00
16:09:11      20    0,00    0,00    0,00    0,00    0,00    0,00    0,00    0,00    0,00  100,00
16:09:11      21    0,00    0,00    0,00    0,00    0,00    0,00    0,00    0,00    0,00  100,00
16:09:11      22    0,00    0,00    0,00    0,00    0,00   64,00    0,00    0,00    0,00   36,00
16:09:11      23    0,00    0,00    0,00    0,00    0,00   46,24    0,00    0,00    0,00   53,76

16:09:11     CPU    %usr   %nice    %sys %iowait    %irq   %soft  %steal  %guest  %gnice   %idle
16:09:12     all    0,04    0,00    0,08    0,00    0,00   11,43    0,00    0,00    0,00   88,45
16:09:12       0    0,00    0,00    0,00    0,00    0,00    0,00    0,00    0,00    0,00  100,00
16:09:12       1    0,00    0,00    0,00    0,00    0,00    0,00    0,00    0,00    0,00  100,00
16:09:12       2    0,99    0,00    0,00    0,00    0,00    0,00    0,00    0,00    0,00   99,01
16:09:12       3    0,00    0,00    0,00    0,00    0,00    0,00    0,00    0,00    0,00  100,00
16:09:12       4    0,00    0,00    0,00    0,00    0,00   41,41    0,00    0,00    0,00   58,59
16:09:12       5    0,00    0,00    0,99    0,00    0,00    0,00    0,00    0,00    0,00   99,01
16:09:12       6    0,00    0,00    0,00    0,00    0,00    0,00    0,00    0,00    0,00  100,00
16:09:12       7    0,00    0,00    0,00    0,00    0,00    0,00    0,00    0,00    0,00  100,00
16:09:12       8    0,00    0,00    0,00    0,00    0,00    0,00    0,00    0,00    0,00  100,00
16:09:12       9    0,00    0,00    0,00    0,00    0,00    0,00    0,00    0,00    0,00  100,00
16:09:12      10    0,00    0,00    0,00    0,00    0,00    0,00    0,00    0,00    0,00  100,00
16:09:12      11    0,00    0,00    0,00    0,00    0,00    0,00    0,00    0,00    0,00  100,00
16:09:12      12    0,00    0,00    0,00    0,00    0,00   43,69    0,00    0,00    0,00   56,31
16:09:12      13    0,00    0,00    0,00    0,00    0,00   43,81    0,00    0,00    0,00   56,19
16:09:12      14    0,00    0,00    0,96    0,00    0,00   31,73    0,00    0,00    0,00   67,31
16:09:12      15    0,00    0,00    0,00    0,00    0,00    0,00    0,00    0,00    0,00  100,00
16:09:12      16    0,00    0,00    0,00    0,00    0,00    0,00    0,00    0,00    0,00  100,00
16:09:12      17    0,00    0,00    0,00    0,00    0,00    0,00    0,00    0,00    0,00  100,00
16:09:12      18    0,00    0,00    0,00    0,00    0,00    0,00    0,00    0,00    0,00  100,00
16:09:12      19    0,00    0,00    0,00    0,00    0,00    0,00    0,00    0,00    0,00  100,00
16:09:12      20    0,00    0,00    0,00    0,00    0,00    0,00    0,00    0,00    0,00  100,00
16:09:12      21    0,00    0,00    0,00    0,00    0,00    0,00    0,00    0,00    0,00  100,00
16:09:12      22    0,00    0,00    0,00    0,00    0,00   66,02    0,00    0,00    0,00   33,98
16:09:12      23    0,00    0,00    0,00    0,00    0,00   45,65    0,00    0,00    0,00   54,35

16:09:12     CPU    %usr   %nice    %sys %iowait    %irq   %soft  %steal  %guest  %gnice   %idle
16:09:13     all    0,04    0,00    0,08    0,00    0,00   11,29    0,00    0,00    0,00   88,59
16:09:13       0    0,00    0,00    0,00    0,00    0,00    0,00    0,00    0,00    0,00  100,00
16:09:13       1    0,00    0,00    0,00    0,00    0,00    0,00    0,00    0,00    0,00  100,00
16:09:13       2    0,00    0,00    0,00    0,00    0,00    0,00    0,00    0,00    0,00  100,00
16:09:13       3    0,00    0,00    0,00    0,00    0,00    0,00    0,00    0,00    0,00  100,00
16:09:13       4    0,00    0,00    0,98    0,00    0,00   41,18    0,00    0,00    0,00   57,84
16:09:13       5    0,00    0,00    0,00    0,00    0,00    0,00    0,00    0,00    0,00  100,00
16:09:13       6    0,00    0,00    0,00    0,00    0,00    0,00    0,00    0,00    0,00  100,00
16:09:13       7    0,00    0,00    0,00    0,00    0,00    0,00    0,00    0,00    0,00  100,00
16:09:13       8    0,00    0,00    0,00    0,00    0,00    0,00    0,00    0,00    0,00  100,00
16:09:13       9    0,00    0,00    0,00    0,00    0,00    0,00    0,00    0,00    0,00  100,00
16:09:13      10    0,00    0,00    0,00    0,00    0,00    0,00    0,00    0,00    0,00  100,00
16:09:13      11    0,00    0,00    0,00    0,00    0,00    0,00    0,00    0,00    0,00  100,00
16:09:13      12    0,00    0,00    0,00    0,00    0,00   42,00    0,00    0,00    0,00   58,00
16:09:13      13    0,00    0,00    0,00    0,00    0,00   41,58    0,00    0,00    0,00   58,42
16:09:13      14    0,00    0,00    0,00    0,00    0,00   31,37    0,00    0,00    0,00   68,63
16:09:13      15    0,00    0,00    0,00    0,00    0,00    0,00    0,00    0,00    0,00  100,00
16:09:13      16    0,00    0,00    0,00    0,00    0,00    0,00    0,00    0,00    0,00  100,00
16:09:13      17    0,00    0,00    0,00    0,00    0,00    0,00    0,00    0,00    0,00  100,00
16:09:13      18    0,99    0,00    0,00    0,00    0,00    0,00    0,00    0,00    0,00   99,01
16:09:13      19    0,00    0,00    0,00    0,00    0,00    0,00    0,00    0,00    0,00  100,00
16:09:13      20    0,00    0,00    0,00    0,00    0,00    0,00    0,00    0,00    0,00  100,00
16:09:13      21    0,00    0,00    0,00    0,00    0,00    0,00    0,00    0,00    0,00  100,00
16:09:13      22    0,00    0,00    0,95    0,00    0,00   66,67    0,00    0,00    0,00   32,38
16:09:13      23    0,00    0,00    0,00    0,00    0,00   46,74    0,00    0,00    0,00   53,26

16:09:13     CPU    %usr   %nice    %sys %iowait    %irq   %soft  %steal  %guest  %gnice   %idle
16:09:14     all    0,08    0,00    0,04    0,00    0,00   11,17    0,00    0,00    0,00   88,71
16:09:14       0    0,00    0,00    0,00    0,00    0,00    0,00    0,00    0,00    0,00  100,00
16:09:14       1    0,00    0,00    0,00    0,00    0,00    0,00    0,00    0,00    0,00  100,00
16:09:14       2    0,00    0,00    0,00    0,00    0,00    0,00    0,00    0,00    0,00  100,00
16:09:14       3    0,00    0,00    0,00    0,00    0,00    0,00    0,00    0,00    0,00  100,00
16:09:14       4    0,00    0,00    0,00    0,00    0,00   40,40    0,00    0,00    0,00   59,60
16:09:14       5    0,00    0,00    0,00    0,00    0,00    0,00    0,00    0,00    0,00  100,00
16:09:14       6    0,00    0,00    0,00    0,00    0,00    0,00    0,00    0,00    0,00  100,00
16:09:14       7    0,00    0,00    0,00    0,00    0,00    0,00    0,00    0,00    0,00  100,00
16:09:14       8    0,00    0,00    0,00    0,00    0,00    0,00    0,00    0,00    0,00  100,00
16:09:14       9    0,00    0,00    0,00    0,00    0,00    0,00    0,00    0,00    0,00  100,00
16:09:14      10    0,00    0,00    0,00    0,00    0,00    0,00    0,00    0,00    0,00  100,00
16:09:14      11    0,00    0,00    0,00    0,00    0,00    0,00    0,00    0,00    0,00  100,00
16:09:14      12    0,00    0,00    0,00    0,00    0,00   41,84    0,00    0,00    0,00   58,16
16:09:14      13    0,00    0,00    0,00    0,00    0,00   38,95    0,00    0,00    0,00   61,05
16:09:14      14    0,00    0,00    0,00    0,00    0,00   32,35    0,00    0,00    0,00   67,65
16:09:14      15    0,00    0,00    0,00    0,00    0,00    0,00    0,00    0,00    0,00  100,00
16:09:14      16    0,99    0,00    0,00    0,00    0,00    0,00    0,00    0,00    0,00   99,01
16:09:14      17    0,99    0,00    0,99    0,00    0,00    0,00    0,00    0,00    0,00   98,02
16:09:14      18    0,00    0,00    0,00    0,00    0,00    0,00    0,00    0,00    0,00  100,00
16:09:14      19    0,00    0,00    0,00    0,00    0,00    0,00    0,00    0,00    0,00  100,00
16:09:14      20    0,00    0,00    0,00    0,00    0,00    0,00    0,00    0,00    0,00  100,00
16:09:14      21    0,00    0,00    0,00    0,00    0,00    0,00    0,00    0,00    0,00  100,00
16:09:14      22    0,00    0,00    0,00    0,00    0,00   67,65    0,00    0,00    0,00   32,35
16:09:14      23    0,00    0,00    0,00    0,00    0,00   48,96    0,00    0,00    0,00   51,04

16:09:14     CPU    %usr   %nice    %sys %iowait    %irq   %soft  %steal  %guest  %gnice   %idle
16:09:15     all    0,04    0,00    0,08    0,00    0,00   11,27    0,00    0,00    0,00   88,61
16:09:15       0    0,00    0,00    0,00    0,00    0,00    0,00    0,00    0,00    0,00  100,00
16:09:15       1    0,00    0,00    0,00    0,00    0,00    0,00    0,00    0,00    0,00  100,00
16:09:15       2    0,00    0,00    0,00    0,00    0,00    0,00    0,00    0,00    0,00  100,00
16:09:15       3    0,00    0,00    0,00    0,00    0,00    0,00    0,00    0,00    0,00  100,00
16:09:15       4    0,00    0,00    0,00    0,00    0,00   41,41    0,00    0,00    0,00   58,59
16:09:15       5    0,00    0,00    0,00    0,00    0,00    0,00    0,00    0,00    0,00  100,00
16:09:15       6    0,00    0,00    0,00    0,00    0,00    0,00    0,00    0,00    0,00  100,00
16:09:15       7    0,00    0,00    0,00    0,00    0,00    0,00    0,00    0,00    0,00  100,00
16:09:15       8    0,00    0,00    0,00    0,00    0,00    0,00    0,00    0,00    0,00  100,00
16:09:15       9    0,00    0,00    0,00    0,00    0,00    0,00    0,00    0,00    0,00  100,00
16:09:15      10    0,00    0,00    0,00    0,00    0,00    0,00    0,00    0,00    0,00  100,00
16:09:15      11    0,00    0,00    0,00    0,00    0,00    0,00    0,00    0,00    0,00  100,00
16:09:15      12    0,00    0,00    0,00    0,00    0,00   44,12    0,00    0,00    0,00   55,88
16:09:15      13    0,00    0,00    0,00    0,00    0,00   39,58    0,00    0,00    0,00   60,42
16:09:15      14    0,00    0,00    0,00    0,00    0,00   30,69    0,00    0,00    0,00   69,31
16:09:15      15    0,00    0,00    0,00    0,00    0,00    0,00    0,00    0,00    0,00  100,00
16:09:15      16    0,00    0,00    1,00    0,00    0,00    0,00    0,00    0,00    0,00   99,00
16:09:15      17    0,00    0,00    1,00    0,00    0,00    0,00    0,00    0,00    0,00   99,00
16:09:15      18    0,00    0,00    0,00    0,00    0,00    0,00    0,00    0,00    0,00  100,00
16:09:15      19    0,00    0,00    0,00    0,00    0,00    0,00    0,00    0,00    0,00  100,00
16:09:15      20    0,00    0,00    0,00    0,00    0,00    0,00    0,00    0,00    0,00  100,00
16:09:15      21    0,00    0,00    0,00    0,00    0,00    0,00    0,00    0,00    0,00  100,00
16:09:15      22    0,00    0,00    0,00    0,00    0,00   66,34    0,00    0,00    0,00   33,66
16:09:15      23    1,03    0,00    0,00    0,00    0,00   49,48    0,00    0,00    0,00   49,48

16:09:15     CPU    %usr   %nice    %sys %iowait    %irq   %soft  %steal  %guest  %gnice   %idle
16:09:16     all    0,04    0,00    0,00    0,00    0,00   11,62    0,00    0,00    0,00   88,34
16:09:16       0    0,00    0,00    0,00    0,00    0,00    0,00    0,00    0,00    0,00  100,00
16:09:16       1    0,00    0,00    0,00    0,00    0,00    0,00    0,00    0,00    0,00  100,00
16:09:16       2    0,00    0,00    0,00    0,00    0,00    0,00    0,00    0,00    0,00  100,00
16:09:16       3    0,00    0,00    0,00    0,00    0,00    0,00    0,00    0,00    0,00  100,00
16:09:16       4    0,00    0,00    0,00    0,00    0,00   40,40    0,00    0,00    0,00   59,60
16:09:16       5    0,00    0,00    0,00    0,00    0,00    0,00    0,00    0,00    0,00  100,00
16:09:16       6    0,00    0,00    0,00    0,00    0,00    0,00    0,00    0,00    0,00  100,00
16:09:16       7    0,00    0,00    0,00    0,00    0,00    0,00    0,00    0,00    0,00  100,00
16:09:16       8    0,00    0,00    0,00    0,00    0,00    0,00    0,00    0,00    0,00  100,00
16:09:16       9    0,00    0,00    0,00    0,00    0,00    0,00    0,00    0,00    0,00  100,00
16:09:16      10    0,00    0,00    0,00    0,00    0,00    0,00    0,00    0,00    0,00  100,00
16:09:16      11    0,00    0,00    0,00    0,00    0,00    0,00    0,00    0,00    0,00  100,00
16:09:16      12    0,00    0,00    0,00    0,00    0,00   44,55    0,00    0,00    0,00   55,45
16:09:16      13    0,00    0,00    0,00    0,00    0,00   41,41    0,00    0,00    0,00   58,59
16:09:16      14    0,00    0,00    0,00    0,00    0,00   31,37    0,00    0,00    0,00   68,63
16:09:16      15    0,00    0,00    0,00    0,00    0,00    0,00    0,00    0,00    0,00  100,00
16:09:16      16    0,00    0,00    0,00    0,00    0,00    0,00    0,00    0,00    0,00  100,00
16:09:16      17    0,00    0,00    0,00    0,00    0,00    0,00    0,00    0,00    0,00  100,00
16:09:16      18    0,00    0,00    0,00    0,00    0,00    0,00    0,00    0,00    0,00  100,00
16:09:16      19    0,00    0,00    0,00    0,00    0,00    0,00    0,00    0,00    0,00  100,00
16:09:16      20    0,00    0,00    0,00    0,00    0,00    0,00    0,00    0,00    0,00  100,00
16:09:16      21    0,99    0,00    0,00    0,00    0,00    0,00    0,00    0,00    0,00   99,01
16:09:16      22    0,00    0,00    0,00    0,00    0,00   66,67    0,00    0,00    0,00   33,33
16:09:16      23    0,00    0,00    0,00    0,00    0,00   52,04    0,00    0,00    0,00   47,96

16:09:16     CPU    %usr   %nice    %sys %iowait    %irq   %soft  %steal  %guest  %gnice   %idle
16:09:17     all    0,04    0,00    0,08    0,04    0,00   11,21    0,00    0,00    0,00   88,62
16:09:17       0    0,00    0,00    0,00    0,00    0,00    0,00    0,00    0,00    0,00  100,00
16:09:17       1    0,00    0,00    0,00    0,00    0,00    0,00    0,00    0,00    0,00  100,00
16:09:17       2    0,00    0,00    0,00    0,00    0,00    0,00    0,00    0,00    0,00  100,00
16:09:17       3    0,00    0,00    0,00    0,00    0,00    0,00    0,00    0,00    0,00  100,00
16:09:17       4    0,00    0,00    0,00    0,00    0,00   36,78    0,00    0,00    0,00   63,22
16:09:17       5    0,00    0,00    0,00    0,00    0,00    0,00    0,00    0,00    0,00  100,00
16:09:17       6    1,00    0,00    0,00    0,00    0,00    0,00    0,00    0,00    0,00   99,00
16:09:17       7    0,00    0,00    0,00    0,00    0,00    0,00    0,00    0,00    0,00  100,00
16:09:17       8    0,00    0,00    0,00    0,00    0,00    0,00    0,00    0,00    0,00  100,00
16:09:17       9    0,00    0,00    0,00    0,00    0,00    0,00    0,00    0,00    0,00  100,00
16:09:17      10    0,00    0,00    0,00    0,00    0,00    0,00    0,00    0,00    0,00  100,00
16:09:17      11    0,00    0,00    0,00    0,00    0,00    0,00    0,00    0,00    0,00  100,00
16:09:17      12    0,00    0,00    0,00    0,00    0,00   43,69    0,00    0,00    0,00   56,31
16:09:17      13    0,00    0,00    0,00    0,00    0,00   42,00    0,00    0,00    0,00   58,00
16:09:17      14    0,00    0,00    0,00    1,00    0,00   31,00    0,00    0,00    0,00   68,00
16:09:17      15    0,00    0,00    0,00    0,00    0,00    0,00    0,00    0,00    0,00  100,00
16:09:17      16    0,00    0,00    0,00    0,00    0,00    0,00    0,00    0,00    0,00  100,00
16:09:17      17    0,00    0,00    0,00    0,00    0,00    0,00    0,00    0,00    0,00  100,00
16:09:17      18    0,00    0,00    0,00    0,00    0,00    0,00    0,00    0,00    0,00  100,00
16:09:17      19    0,00    0,00    0,00    0,00    0,00    0,00    0,00    0,00    0,00  100,00
16:09:17      20    0,00    0,00    0,00    0,00    0,00    0,00    0,00    0,00    0,00  100,00
16:09:17      21    0,00    0,00    0,00    0,00    0,00    0,00    0,00    0,00    0,00  100,00
16:09:17      22    0,00    0,00    0,94    0,00    0,00   66,98    0,00    0,00    0,00   32,08
16:09:17      23    0,00    0,00    1,03    0,00    0,00   48,45    0,00    0,00    0,00   50,52

16:09:17     CPU    %usr   %nice    %sys %iowait    %irq   %soft  %steal  %guest  %gnice   %idle
16:09:18     all    0,00    0,00    0,00    0,00    0,00   10,76    0,00    0,00    0,00   89,24
16:09:18       0    0,00    0,00    0,00    0,00    0,00    0,00    0,00    0,00    0,00  100,00
16:09:18       1    0,00    0,00    0,00    0,00    0,00    0,00    0,00    0,00    0,00  100,00
16:09:18       2    0,00    0,00    0,00    0,00    0,00    0,00    0,00    0,00    0,00  100,00
16:09:18       3    0,00    0,00    0,00    0,00    0,00    0,00    0,00    0,00    0,00  100,00
16:09:18       4    0,00    0,00    0,00    0,00    0,00   32,93    0,00    0,00    0,00   67,07
16:09:18       5    0,00    0,00    0,00    0,00    0,00    0,00    0,00    0,00    0,00  100,00
16:09:18       6    0,00    0,00    0,00    0,00    0,00    0,00    0,00    0,00    0,00  100,00
16:09:18       7    0,00    0,00    0,00    0,00    0,00    0,00    0,00    0,00    0,00  100,00
16:09:18       8    0,00    0,00    0,00    0,00    0,00    0,00    0,00    0,00    0,00  100,00
16:09:18       9    0,00    0,00    0,00    0,00    0,00    0,00    0,00    0,00    0,00  100,00
16:09:18      10    0,00    0,00    0,00    0,00    0,00    0,00    0,00    0,00    0,00  100,00
16:09:18      11    0,00    0,00    0,00    0,00    0,00    0,00    0,00    0,00    0,00  100,00
16:09:18      12    0,00    0,00    0,00    0,00    0,00   44,23    0,00    0,00    0,00   55,77
16:09:18      13    0,00    0,00    0,00    0,00    0,00   41,00    0,00    0,00    0,00   59,00
16:09:18      14    0,00    0,00    0,00    0,00    0,00   31,37    0,00    0,00    0,00   68,63
16:09:18      15    0,00    0,00    0,00    0,00    0,00    0,00    0,00    0,00    0,00  100,00
16:09:18      16    0,00    0,00    0,00    0,00    0,00    0,00    0,00    0,00    0,00  100,00
16:09:18      17    0,00    0,00    0,00    0,00    0,00    0,00    0,00    0,00    0,00  100,00
16:09:18      18    0,00    0,00    0,00    0,00    0,00    0,00    0,00    0,00    0,00  100,00
16:09:18      19    0,00    0,00    0,00    0,00    0,00    0,00    0,00    0,00    0,00  100,00
16:09:18      20    0,00    0,00    0,00    0,00    0,00    0,00    0,00    0,00    0,00  100,00
16:09:18      21    0,00    0,00    0,00    0,00    0,00    0,00    0,00    0,00    0,00  100,00
16:09:18      22    0,00    0,00    0,00    0,00    0,00   65,35    0,00    0,00    0,00   34,65
16:09:18      23    0,00    0,00    0,00    0,00    0,00   47,83    0,00    0,00    0,00   52,17

16:09:18     CPU    %usr   %nice    %sys %iowait    %irq   %soft  %steal  %guest  %gnice   %idle
16:09:19     all    0,00    0,00    0,13    0,00    0,00   10,88    0,00    0,00    0,00   88,99
16:09:19       0    0,00    0,00    0,00    0,00    0,00    0,00    0,00    0,00    0,00  100,00
16:09:19       1    0,00    0,00    0,00    0,00    0,00    0,00    0,00    0,00    0,00  100,00
16:09:19       2    0,00    0,00    0,00    0,00    0,00    0,00    0,00    0,00    0,00  100,00
16:09:19       3    0,00    0,00    0,00    0,00    0,00    0,00    0,00    0,00    0,00  100,00
16:09:19       4    0,00    0,00    0,00    0,00    0,00   36,47    0,00    0,00    0,00   63,53
16:09:19       5    0,00    0,00    0,00    0,00    0,00    0,00    0,00    0,00    0,00  100,00
16:09:19       6    0,00    0,00    0,00    0,00    0,00    0,00    0,00    0,00    0,00  100,00
16:09:19       7    0,00    0,00    0,00    0,00    0,00    0,00    0,00    0,00    0,00  100,00
16:09:19       8    0,00    0,00    0,99    0,00    0,00    0,00    0,00    0,00    0,00   99,01
16:09:19       9    0,00    0,00    0,00    0,00    0,00    0,00    0,00    0,00    0,00  100,00
16:09:19      10    0,00    0,00    0,00    0,00    0,00    0,00    0,00    0,00    0,00  100,00
16:09:19      11    0,00    0,00    0,00    0,00    0,00    0,00    0,00    0,00    0,00  100,00
16:09:19      12    0,00    0,00    0,00    0,00    0,00   43,00    0,00    0,00    0,00   57,00
16:09:19      13    0,00    0,00    0,00    0,00    0,00   41,00    0,00    0,00    0,00   59,00
16:09:19      14    0,00    0,00    0,00    0,00    0,00   32,04    0,00    0,00    0,00   67,96
16:09:19      15    0,00    0,00    0,00    0,00    0,00    0,00    0,00    0,00    0,00  100,00
16:09:19      16    0,00    0,00    0,00    0,00    0,00    0,00    0,00    0,00    0,00  100,00
16:09:19      17    0,00    0,00    0,00    0,00    0,00    0,00    0,00    0,00    0,00  100,00
16:09:19      18    0,00    0,00    2,00    0,00    0,00    0,00    0,00    0,00    0,00   98,00
16:09:19      19    0,00    0,00    0,00    0,00    0,00    0,00    0,00    0,00    0,00  100,00
16:09:19      20    0,00    0,00    0,00    0,00    0,00    0,00    0,00    0,00    0,00  100,00
16:09:19      21    0,00    0,00    0,00    0,00    0,00    0,00    0,00    0,00    0,00  100,00
16:09:19      22    0,00    0,00    0,00    0,00    0,00   65,35    0,00    0,00    0,00   34,65
16:09:19      23    0,00    0,00    0,00    0,00    0,00   48,91    0,00    0,00    0,00   51,09

16:09:19     CPU    %usr   %nice    %sys %iowait    %irq   %soft  %steal  %guest  %gnice   %idle
16:09:20     all    1,05    0,00    0,59    0,00    0,00   11,40    0,00    0,00    0,00   86,97
16:09:20       0    0,00    0,00    0,00    0,00    0,00    0,00    0,00    0,00    0,00  100,00
16:09:20       1    0,00    0,00    0,00    0,00    0,00    0,00    0,00    0,00    0,00  100,00
16:09:20       2    0,00    0,00    0,00    0,00    0,00    0,00    0,00    0,00    0,00  100,00
16:09:20       3    0,00    0,00    0,00    0,00    0,00    0,00    0,00    0,00    0,00  100,00
16:09:20       4    0,00    0,00    0,00    0,00    0,00   38,64    0,00    0,00    0,00   61,36
16:09:20       5    0,00    0,00    0,00    0,00    0,00    0,00    0,00    0,00    0,00  100,00
16:09:20       6    0,00    0,00    0,00    0,00    0,00    0,00    0,00    0,00    0,00  100,00
16:09:20       7    0,00    0,00    0,00    0,00    0,00    0,00    0,00    0,00    0,00  100,00
16:09:20       8    3,00    0,00    2,00    0,00    0,00    0,00    0,00    0,00    0,00   95,00
16:09:20       9    0,00    0,00    0,00    0,00    0,00    0,00    0,00    0,00    0,00  100,00
16:09:20      10    8,08    0,00    0,00    0,00    0,00    0,00    0,00    0,00    0,00   91,92
16:09:20      11    0,00    0,00    0,00    0,00    0,00    0,00    0,00    0,00    0,00  100,00
16:09:20      12    0,00    0,00    0,97    0,00    0,00   45,63    0,00    0,00    0,00   53,40
16:09:20      13    0,00    0,00    0,00    0,00    0,00   42,42    0,00    0,00    0,00   57,58
16:09:20      14    0,00    0,00    0,00    0,00    0,00   31,00    0,00    0,00    0,00   69,00
16:09:20      15    0,00    0,00    0,00    0,00    0,00    0,00    0,00    0,00    0,00  100,00
16:09:20      16    2,00    0,00    1,00    0,00    0,00    0,00    0,00    0,00    0,00   97,00
16:09:20      17    2,02    0,00    2,02    0,00    0,00    0,00    0,00    0,00    0,00   95,96
16:09:20      18    3,96    0,00    2,97    0,00    0,00    0,00    0,00    0,00    0,00   93,07
16:09:20      19    2,00    0,00    2,00    0,00    0,00    0,00    0,00    0,00    0,00   96,00
16:09:20      20    0,99    0,00    0,99    0,00    0,00    0,00    0,00    0,00    0,00   98,02
16:09:20      21    1,00    0,00    1,00    0,00    0,00    0,00    0,00    0,00    0,00   98,00
16:09:20      22    0,97    0,00    0,00    0,00    0,00   67,96    0,00    0,00    0,00   31,07
16:09:20      23    1,04    0,00    1,04    0,00    0,00   50,00    0,00    0,00    0,00   47,92
