Linux 6.8.0-111-generic (testbed-node6) 	06/05/26 	_x86_64_	(24 CPU)

12:54:34     CPU    %usr   %nice    %sys %iowait    %irq   %soft  %steal  %guest  %gnice   %idle
12:54:35     all    0,75    0,00    0,13    0,08    0,00    4,17    0,00    0,00    0,00   94,87
12:54:35       0    0,00    0,00    0,00    0,00    0,00    0,00    0,00    0,00    0,00  100,00
12:54:35       1    0,00    0,00    0,00    0,00    0,00    0,00    0,00    0,00    0,00  100,00
12:54:35       2    0,00    0,00    0,00    0,00    0,00  100,00    0,00    0,00    0,00    0,00
12:54:35       3    0,00    0,00    0,00    0,00    0,00    0,00    0,00    0,00    0,00  100,00
12:54:35       4    0,00    0,00    0,00    0,00    0,00    0,00    0,00    0,00    0,00  100,00
12:54:35       5    0,00    0,00    0,00    0,00    0,00    0,00    0,00    0,00    0,00  100,00
12:54:35       6    1,00    0,00    0,00    1,00    0,00    0,00    0,00    0,00    0,00   98,00
12:54:35       7    0,00    0,00    0,00    0,00    0,00    0,00    0,00    0,00    0,00  100,00
12:54:35       8    0,00    0,00    0,00    0,00    0,00    0,00    0,00    0,00    0,00  100,00
12:54:35       9    0,00    0,00    0,00    0,00    0,00    0,00    0,00    0,00    0,00  100,00
12:54:35      10    9,09    0,00    0,00    0,00    0,00    0,00    0,00    0,00    0,00   90,91
12:54:35      11    0,00    0,00    0,00    0,00    0,00    0,00    0,00    0,00    0,00  100,00
12:54:35      12    1,00    0,00    0,00    0,00    0,00    0,00    0,00    0,00    0,00   99,00
12:54:35      13    0,00    0,00    0,00    0,00    0,00    0,00    0,00    0,00    0,00  100,00
12:54:35      14    4,00    0,00    0,00    1,00    0,00    0,00    0,00    0,00    0,00   95,00
12:54:35      15    0,00    0,00    0,00    0,00    0,00    0,00    0,00    0,00    0,00  100,00
12:54:35      16    1,00    0,00    0,00    0,00    0,00    0,00    0,00    0,00    0,00   99,00
12:54:35      17    1,00    0,00    0,00    0,00    0,00    0,00    0,00    0,00    0,00   99,00
12:54:35      18    0,99    0,00    0,99    0,00    0,00    0,00    0,00    0,00    0,00   98,02
12:54:35      19    0,00    0,00    0,00    0,00    0,00    0,00    0,00    0,00    0,00  100,00
12:54:35      20    0,00    0,00    1,00    0,00    0,00    0,00    0,00    0,00    0,00   99,00
12:54:35      21    0,00    0,00    0,00    0,00    0,00    0,00    0,00    0,00    0,00  100,00
12:54:35      22    0,00    0,00    0,00    0,00    0,00    0,00    0,00    0,00    0,00  100,00
12:54:35      23    0,00    0,00    1,00    0,00    0,00    0,00    0,00    0,00    0,00   99,00

12:54:35     CPU    %usr   %nice    %sys %iowait    %irq   %soft  %steal  %guest  %gnice   %idle
12:54:36     all    0,00    0,00    0,04    0,13    0,00    4,17    0,00    0,00    0,00   95,66
12:54:36       0    0,00    0,00    0,00    0,00    0,00    0,00    0,00    0,00    0,00  100,00
12:54:36       1    0,00    0,00    0,00    0,00    0,00    0,00    0,00    0,00    0,00  100,00
12:54:36       2    0,00    0,00    0,00    0,00    0,00  100,00    0,00    0,00    0,00    0,00
12:54:36       3    0,00    0,00    0,00    0,00    0,00    0,00    0,00    0,00    0,00  100,00
12:54:36       4    0,00    0,00    0,00    0,00    0,00    0,00    0,00    0,00    0,00  100,00
12:54:36       5    0,00    0,00    0,00    0,00    0,00    0,00    0,00    0,00    0,00  100,00
12:54:36       6    0,00    0,00    0,00    2,00    0,00    0,00    0,00    0,00    0,00   98,00
12:54:36       7    0,00    0,00    0,00    0,00    0,00    0,00    0,00    0,00    0,00  100,00
12:54:36       8    0,00    0,00    0,00    0,00    0,00    0,00    0,00    0,00    0,00  100,00
12:54:36       9    0,00    0,00    0,00    0,00    0,00    0,00    0,00    0,00    0,00  100,00
12:54:36      10    0,00    0,00    0,00    0,00    0,00    0,00    0,00    0,00    0,00  100,00
12:54:36      11    0,00    0,00    0,00    0,00    0,00    0,00    0,00    0,00    0,00  100,00
12:54:36      12    0,00    0,00    0,00    0,00    0,00    0,00    0,00    0,00    0,00  100,00
12:54:36      13    0,00    0,00    0,00    0,00    0,00    0,00    0,00    0,00    0,00  100,00
12:54:36      14    0,00    0,00    0,00    0,00    0,00    0,00    0,00    0,00    0,00  100,00
12:54:36      15    0,00    0,00    0,00    0,00    0,00    0,00    0,00    0,00    0,00  100,00
12:54:36      16    0,00    0,00    0,99    0,99    0,00    0,00    0,00    0,00    0,00   98,02
12:54:36      17    0,00    0,00    0,00    0,00    0,00    0,00    0,00    0,00    0,00  100,00
12:54:36      18    0,00    0,00    0,00    0,00    0,00    0,00    0,00    0,00    0,00  100,00
12:54:36      19    0,00    0,00    0,00    0,00    0,00    0,00    0,00    0,00    0,00  100,00
12:54:36      20    0,00    0,00    0,00    0,00    0,00    0,00    0,00    0,00    0,00  100,00
12:54:36      21    0,00    0,00    0,00    0,00    0,00    0,00    0,00    0,00    0,00  100,00
12:54:36      22    0,00    0,00    0,00    0,00    0,00    0,00    0,00    0,00    0,00  100,00
12:54:36      23    0,00    0,00    0,00    0,00    0,00    0,00    0,00    0,00    0,00  100,00

12:54:36     CPU    %usr   %nice    %sys %iowait    %irq   %soft  %steal  %guest  %gnice   %idle
12:54:37     all    1,63    0,00    0,42    0,08    0,00    4,17    0,00    0,00    0,00   93,70
12:54:37       0    7,07    0,00    1,01    0,00    0,00    0,00    0,00    0,00    0,00   91,92
12:54:37       1    0,00    0,00    0,00    0,00    0,00    0,00    0,00    0,00    0,00  100,00
12:54:37       2    0,00    0,00    0,00    0,00    0,00  100,00    0,00    0,00    0,00    0,00
12:54:37       3    0,00    0,00    0,00    0,00    0,00    0,00    0,00    0,00    0,00  100,00
12:54:37       4    1,01    0,00    1,01    0,00    0,00    0,00    0,00    0,00    0,00   97,98
12:54:37       5    0,00    0,00    0,00    0,00    0,00    0,00    0,00    0,00    0,00  100,00
12:54:37       6    3,00    0,00    0,00    1,00    0,00    0,00    0,00    0,00    0,00   96,00
12:54:37       7    0,00    0,00    0,00    0,00    0,00    0,00    0,00    0,00    0,00  100,00
12:54:37       8    1,00    0,00    0,00    0,00    0,00    0,00    0,00    0,00    0,00   99,00
12:54:37       9    0,00    0,00    0,00    0,00    0,00    0,00    0,00    0,00    0,00  100,00
12:54:37      10   10,00    0,00    1,00    0,00    0,00    0,00    0,00    0,00    0,00   89,00
12:54:37      11    0,00    0,00    0,00    0,00    0,00    0,00    0,00    0,00    0,00  100,00
12:54:37      12    3,00    0,00    2,00    0,00    0,00    0,00    0,00    0,00    0,00   95,00
12:54:37      13    0,00    0,00    0,00    0,00    0,00    0,00    0,00    0,00    0,00  100,00
12:54:37      14    3,00    0,00    0,00    1,00    0,00    0,00    0,00    0,00    0,00   96,00
12:54:37      15    0,00    0,00    0,00    0,00    0,00    0,00    0,00    0,00    0,00  100,00
12:54:37      16    1,01    0,00    1,01    0,00    0,00    0,00    0,00    0,00    0,00   97,98
12:54:37      17    0,98    0,00    1,96    0,00    0,00    0,00    0,00    0,00    0,00   97,06
12:54:37      18    1,01    0,00    0,00    0,00    0,00    0,00    0,00    0,00    0,00   98,99
12:54:37      19    1,00    0,00    0,00    0,00    0,00    0,00    0,00    0,00    0,00   99,00
12:54:37      20    3,00    0,00    0,00    0,00    0,00    0,00    0,00    0,00    0,00   97,00
12:54:37      21    0,99    0,00    0,00    0,00    0,00    0,00    0,00    0,00    0,00   99,01
12:54:37      22    1,01    0,00    0,00    0,00    0,00    0,00    0,00    0,00    0,00   98,99
12:54:37      23    2,00    0,00    2,00    0,00    0,00    0,00    0,00    0,00    0,00   96,00

12:54:37     CPU    %usr   %nice    %sys %iowait    %irq   %soft  %steal  %guest  %gnice   %idle
12:54:38     all    0,21    0,00    0,00    0,00    0,00    4,17    0,00    0,00    0,00   95,62
12:54:38       0    0,00    0,00    0,00    0,00    0,00    0,00    0,00    0,00    0,00  100,00
12:54:38       1    0,00    0,00    0,00    0,00    0,00    0,00    0,00    0,00    0,00  100,00
12:54:38       2    0,00    0,00    0,00    0,00    0,00  100,00    0,00    0,00    0,00    0,00
12:54:38       3    0,00    0,00    0,00    0,00    0,00    0,00    0,00    0,00    0,00  100,00
12:54:38       4    0,00    0,00    0,00    0,00    0,00    0,00    0,00    0,00    0,00  100,00
12:54:38       5    0,00    0,00    0,00    0,00    0,00    0,00    0,00    0,00    0,00  100,00
12:54:38       6    0,99    0,00    0,00    0,00    0,00    0,00    0,00    0,00    0,00   99,01
12:54:38       7    0,00    0,00    0,00    0,00    0,00    0,00    0,00    0,00    0,00  100,00
12:54:38       8    0,00    0,00    0,00    0,00    0,00    0,00    0,00    0,00    0,00  100,00
12:54:38       9    0,00    0,00    0,00    0,00    0,00    0,00    0,00    0,00    0,00  100,00
12:54:38      10    3,00    0,00    0,00    0,00    0,00    0,00    0,00    0,00    0,00   97,00
12:54:38      11    0,00    0,00    0,00    0,00    0,00    0,00    0,00    0,00    0,00  100,00
12:54:38      12    0,00    0,00    0,00    0,00    0,00    0,00    0,00    0,00    0,00  100,00
12:54:38      13    0,00    0,00    0,00    0,00    0,00    0,00    0,00    0,00    0,00  100,00
12:54:38      14    0,00    0,00    0,00    0,00    0,00    0,00    0,00    0,00    0,00  100,00
12:54:38      15    0,00    0,00    0,00    0,00    0,00    0,00    0,00    0,00    0,00  100,00
12:54:38      16    0,99    0,00    0,00    0,00    0,00    0,00    0,00    0,00    0,00   99,01
12:54:38      17    0,00    0,00    0,00    0,00    0,00    0,00    0,00    0,00    0,00  100,00
12:54:38      18    0,00    0,00    0,00    0,00    0,00    0,00    0,00    0,00    0,00  100,00
12:54:38      19    0,00    0,00    0,00    0,00    0,00    0,00    0,00    0,00    0,00  100,00
12:54:38      20    0,00    0,00    0,00    0,00    0,00    0,00    0,00    0,00    0,00  100,00
12:54:38      21    0,00    0,00    0,00    0,00    0,00    0,00    0,00    0,00    0,00  100,00
12:54:38      22    0,00    0,00    0,00    0,00    0,00    0,00    0,00    0,00    0,00  100,00
12:54:38      23    0,00    0,00    0,00    0,00    0,00    0,00    0,00    0,00    0,00  100,00

12:54:38     CPU    %usr   %nice    %sys %iowait    %irq   %soft  %steal  %guest  %gnice   %idle
12:54:39     all    0,17    0,00    0,04    0,00    0,00    4,17    0,00    0,00    0,00   95,62
12:54:39       0    0,00    0,00    0,00    0,00    0,00    0,00    0,00    0,00    0,00  100,00
12:54:39       1    0,00    0,00    0,00    0,00    0,00    0,00    0,00    0,00    0,00  100,00
12:54:39       2    0,00    0,00    0,00    0,00    0,00  100,00    0,00    0,00    0,00    0,00
12:54:39       3    0,00    0,00    0,00    0,00    0,00    0,00    0,00    0,00    0,00  100,00
12:54:39       4    0,00    0,00    0,00    0,00    0,00    0,00    0,00    0,00    0,00  100,00
12:54:39       5    0,00    0,00    0,00    0,00    0,00    0,00    0,00    0,00    0,00  100,00
12:54:39       6    0,00    0,00    1,00    0,00    0,00    0,00    0,00    0,00    0,00   99,00
12:54:39       7    0,00    0,00    0,00    0,00    0,00    0,00    0,00    0,00    0,00  100,00
12:54:39       8    0,00    0,00    0,00    0,00    0,00    0,00    0,00    0,00    0,00  100,00
12:54:39       9    0,00    0,00    0,00    0,00    0,00    0,00    0,00    0,00    0,00  100,00
12:54:39      10    4,00    0,00    0,00    0,00    0,00    0,00    0,00    0,00    0,00   96,00
12:54:39      11    0,00    0,00    0,00    0,00    0,00    0,00    0,00    0,00    0,00  100,00
12:54:39      12    0,00    0,00    0,00    0,00    0,00    0,00    0,00    0,00    0,00  100,00
12:54:39      13    0,00    0,00    0,00    0,00    0,00    0,00    0,00    0,00    0,00  100,00
12:54:39      14    0,00    0,00    0,00    0,00    0,00    0,00    0,00    0,00    0,00  100,00
12:54:39      15    0,00    0,00    0,00    0,00    0,00    0,00    0,00    0,00    0,00  100,00
12:54:39      16    0,00    0,00    0,00    0,00    0,00    0,00    0,00    0,00    0,00  100,00
12:54:39      17    0,00    0,00    0,00    0,00    0,00    0,00    0,00    0,00    0,00  100,00
12:54:39      18    0,00    0,00    0,00    0,00    0,00    0,00    0,00    0,00    0,00  100,00
12:54:39      19    0,00    0,00    0,00    0,00    0,00    0,00    0,00    0,00    0,00  100,00
12:54:39      20    0,00    0,00    0,00    0,00    0,00    0,00    0,00    0,00    0,00  100,00
12:54:39      21    0,00    0,00    0,00    0,00    0,00    0,00    0,00    0,00    0,00  100,00
12:54:39      22    0,00    0,00    0,00    0,00    0,00    0,00    0,00    0,00    0,00  100,00
12:54:39      23    0,00    0,00    0,00    0,00    0,00    0,00    0,00    0,00    0,00  100,00

12:54:39     CPU    %usr   %nice    %sys %iowait    %irq   %soft  %steal  %guest  %gnice   %idle
12:54:40     all    0,17    0,00    0,00    0,00    0,00    4,17    0,00    0,00    0,00   95,66
12:54:40       0    0,00    0,00    0,00    0,00    0,00    0,00    0,00    0,00    0,00  100,00
12:54:40       1    0,00    0,00    0,00    0,00    0,00    0,00    0,00    0,00    0,00  100,00
12:54:40       2    0,00    0,00    0,00    0,00    0,00  100,00    0,00    0,00    0,00    0,00
12:54:40       3    0,00    0,00    0,00    0,00    0,00    0,00    0,00    0,00    0,00  100,00
12:54:40       4    0,00    0,00    0,00    0,00    0,00    0,00    0,00    0,00    0,00  100,00
12:54:40       5    0,00    0,00    0,00    0,00    0,00    0,00    0,00    0,00    0,00  100,00
12:54:40       6    0,00    0,00    0,00    0,00    0,00    0,00    0,00    0,00    0,00  100,00
12:54:40       7    0,00    0,00    0,00    0,00    0,00    0,00    0,00    0,00    0,00  100,00
12:54:40       8    0,00    0,00    0,00    0,00    0,00    0,00    0,00    0,00    0,00  100,00
12:54:40       9    0,00    0,00    0,00    0,00    0,00    0,00    0,00    0,00    0,00  100,00
12:54:40      10    4,00    0,00    0,00    0,00    0,00    0,00    0,00    0,00    0,00   96,00
12:54:40      11    0,00    0,00    0,00    0,00    0,00    0,00    0,00    0,00    0,00  100,00
12:54:40      12    0,00    0,00    0,00    0,00    0,00    0,00    0,00    0,00    0,00  100,00
12:54:40      13    0,00    0,00    0,00    0,00    0,00    0,00    0,00    0,00    0,00  100,00
12:54:40      14    0,00    0,00    0,00    0,00    0,00    0,00    0,00    0,00    0,00  100,00
12:54:40      15    0,00    0,00    0,00    0,00    0,00    0,00    0,00    0,00    0,00  100,00
12:54:40      16    0,00    0,00    0,00    0,00    0,00    0,00    0,00    0,00    0,00  100,00
12:54:40      17    0,00    0,00    0,00    0,00    0,00    0,00    0,00    0,00    0,00  100,00
12:54:40      18    0,00    0,00    0,00    0,00    0,00    0,00    0,00    0,00    0,00  100,00
12:54:40      19    0,00    0,00    0,00    0,00    0,00    0,00    0,00    0,00    0,00  100,00
12:54:40      20    0,00    0,00    0,00    0,00    0,00    0,00    0,00    0,00    0,00  100,00
12:54:40      21    0,00    0,00    0,00    0,00    0,00    0,00    0,00    0,00    0,00  100,00
12:54:40      22    0,00    0,00    0,00    0,00    0,00    0,00    0,00    0,00    0,00  100,00
12:54:40      23    0,00    0,00    0,00    0,00    0,00    0,00    0,00    0,00    0,00  100,00

12:54:40     CPU    %usr   %nice    %sys %iowait    %irq   %soft  %steal  %guest  %gnice   %idle
12:54:41     all    0,17    0,00    0,00    0,00    0,00    4,17    0,00    0,00    0,00   95,66
12:54:41       0    0,00    0,00    0,00    0,00    0,00    0,00    0,00    0,00    0,00  100,00
12:54:41       1    0,00    0,00    0,00    0,00    0,00    0,00    0,00    0,00    0,00  100,00
12:54:41       2    0,00    0,00    0,00    0,00    0,00  100,00    0,00    0,00    0,00    0,00
12:54:41       3    0,00    0,00    0,00    0,00    0,00    0,00    0,00    0,00    0,00  100,00
12:54:41       4    0,00    0,00    0,00    0,00    0,00    0,00    0,00    0,00    0,00  100,00
12:54:41       5    0,00    0,00    0,00    0,00    0,00    0,00    0,00    0,00    0,00  100,00
12:54:41       6    1,00    0,00    0,00    0,00    0,00    0,00    0,00    0,00    0,00   99,00
12:54:41       7    0,00    0,00    0,00    0,00    0,00    0,00    0,00    0,00    0,00  100,00
12:54:41       8    0,00    0,00    0,00    0,00    0,00    0,00    0,00    0,00    0,00  100,00
12:54:41       9    0,00    0,00    0,00    0,00    0,00    0,00    0,00    0,00    0,00  100,00
12:54:41      10    3,03    0,00    0,00    0,00    0,00    0,00    0,00    0,00    0,00   96,97
12:54:41      11    0,00    0,00    0,00    0,00    0,00    0,00    0,00    0,00    0,00  100,00
12:54:41      12    0,00    0,00    0,00    0,00    0,00    0,00    0,00    0,00    0,00  100,00
12:54:41      13    0,00    0,00    0,00    0,00    0,00    0,00    0,00    0,00    0,00  100,00
12:54:41      14    0,00    0,00    0,00    0,00    0,00    0,00    0,00    0,00    0,00  100,00
12:54:41      15    0,00    0,00    0,00    0,00    0,00    0,00    0,00    0,00    0,00  100,00
12:54:41      16    0,00    0,00    0,00    0,00    0,00    0,00    0,00    0,00    0,00  100,00
12:54:41      17    0,00    0,00    0,00    0,00    0,00    0,00    0,00    0,00    0,00  100,00
12:54:41      18    0,00    0,00    0,00    0,00    0,00    0,00    0,00    0,00    0,00  100,00
12:54:41      19    0,00    0,00    0,00    0,00    0,00    0,00    0,00    0,00    0,00  100,00
12:54:41      20    0,00    0,00    0,00    0,00    0,00    0,00    0,00    0,00    0,00  100,00
12:54:41      21    0,00    0,00    0,00    0,00    0,00    0,00    0,00    0,00    0,00  100,00
12:54:41      22    0,00    0,00    0,00    0,00    0,00    0,00    0,00    0,00    0,00  100,00
12:54:41      23    0,00    0,00    0,00    0,00    0,00    0,00    0,00    0,00    0,00  100,00

12:54:41     CPU    %usr   %nice    %sys %iowait    %irq   %soft  %steal  %guest  %gnice   %idle
12:54:42     all    1,25    0,00    0,17    0,17    0,00    4,16    0,00    0,00    0,00   94,26
12:54:42       0    0,00    0,00    0,00    0,00    0,00    0,00    0,00    0,00    0,00  100,00
12:54:42       1    0,00    0,00    0,00    0,00    0,00    0,00    0,00    0,00    0,00  100,00
12:54:42       2    0,00    0,00    0,00    0,00    0,00  100,00    0,00    0,00    0,00    0,00
12:54:42       3    0,99    0,00    0,99    0,00    0,00    0,00    0,00    0,00    0,00   98,02
12:54:42       4    0,99    0,00    0,00    0,00    0,00    0,00    0,00    0,00    0,00   99,01
12:54:42       5    0,00    0,00    0,00    0,00    0,00    0,00    0,00    0,00    0,00  100,00
12:54:42       6    3,00    0,00    0,00    2,00    0,00    0,00    0,00    0,00    0,00   95,00
12:54:42       7    0,00    0,00    0,00    0,00    0,00    0,00    0,00    0,00    0,00  100,00
12:54:42       8    7,00    0,00    0,00    0,00    0,00    0,00    0,00    0,00    0,00   93,00
12:54:42       9    1,01    0,00    0,00    0,00    0,00    0,00    0,00    0,00    0,00   98,99
12:54:42      10   10,78    0,00    0,98    0,00    0,00    0,00    0,00    0,00    0,00   88,24
12:54:42      11    2,00    0,00    1,00    0,00    0,00    0,00    0,00    0,00    0,00   97,00
12:54:42      12    0,00    0,00    0,00    0,00    0,00    0,00    0,00    0,00    0,00  100,00
12:54:42      13    0,00    0,00    0,00    0,00    0,00    0,00    0,00    0,00    0,00  100,00
12:54:42      14    0,00    0,00    0,00    1,00    0,00    0,00    0,00    0,00    0,00   99,00
12:54:42      15    0,00    0,00    0,00    0,00    0,00    0,00    0,00    0,00    0,00  100,00
12:54:42      16    0,00    0,00    0,00    0,00    0,00    0,00    0,00    0,00    0,00  100,00
12:54:42      17    0,99    0,00    0,00    0,99    0,00    0,00    0,00    0,00    0,00   98,02
12:54:42      18    0,99    0,00    0,00    0,00    0,00    0,00    0,00    0,00    0,00   99,01
12:54:42      19    1,00    0,00    0,00    0,00    0,00    0,00    0,00    0,00    0,00   99,00
12:54:42      20    0,00    0,00    0,00    0,00    0,00    0,00    0,00    0,00    0,00  100,00
12:54:42      21    0,00    0,00    0,99    0,00    0,00    0,00    0,00    0,00    0,00   99,01
12:54:42      22    0,00    0,00    0,00    0,00    0,00    0,00    0,00    0,00    0,00  100,00
12:54:42      23    0,99    0,00    0,00    0,00    0,00    0,00    0,00    0,00    0,00   99,01

12:54:42     CPU    %usr   %nice    %sys %iowait    %irq   %soft  %steal  %guest  %gnice   %idle
12:54:43     all    0,33    0,00    0,00    0,04    0,00    4,17    0,00    0,00    0,00   95,46
12:54:43       0    0,00    0,00    0,00    1,00    0,00    0,00    0,00    0,00    0,00   99,00
12:54:43       1    0,00    0,00    0,00    0,00    0,00    0,00    0,00    0,00    0,00  100,00
12:54:43       2    0,00    0,00    0,00    0,00    0,00  100,00    0,00    0,00    0,00    0,00
12:54:43       3    0,00    0,00    0,00    0,00    0,00    0,00    0,00    0,00    0,00  100,00
12:54:43       4    0,00    0,00    0,00    0,00    0,00    0,00    0,00    0,00    0,00  100,00
12:54:43       5    0,00    0,00    0,00    0,00    0,00    0,00    0,00    0,00    0,00  100,00
12:54:43       6    0,00    0,00    0,00    0,00    0,00    0,00    0,00    0,00    0,00  100,00
12:54:43       7    0,00    0,00    0,00    0,00    0,00    0,00    0,00    0,00    0,00  100,00
12:54:43       8    0,00    0,00    0,00    0,00    0,00    0,00    0,00    0,00    0,00  100,00
12:54:43       9    6,93    0,00    0,00    0,00    0,00    0,00    0,00    0,00    0,00   93,07
12:54:43      10    0,00    0,00    0,00    0,00    0,00    0,00    0,00    0,00    0,00  100,00
12:54:43      11    0,00    0,00    0,00    0,00    0,00    0,00    0,00    0,00    0,00  100,00
12:54:43      12    1,00    0,00    0,00    0,00    0,00    0,00    0,00    0,00    0,00   99,00
12:54:43      13    0,00    0,00    0,00    0,00    0,00    0,00    0,00    0,00    0,00  100,00
12:54:43      14    0,00    0,00    0,00    0,00    0,00    0,00    0,00    0,00    0,00  100,00
12:54:43      15    0,00    0,00    0,00    0,00    0,00    0,00    0,00    0,00    0,00  100,00
12:54:43      16    0,00    0,00    0,00    0,00    0,00    0,00    0,00    0,00    0,00  100,00
12:54:43      17    0,00    0,00    0,00    0,00    0,00    0,00    0,00    0,00    0,00  100,00
12:54:43      18    0,00    0,00    0,00    0,00    0,00    0,00    0,00    0,00    0,00  100,00
12:54:43      19    0,00    0,00    0,00    0,00    0,00    0,00    0,00    0,00    0,00  100,00
12:54:43      20    0,00    0,00    0,00    0,00    0,00    0,00    0,00    0,00    0,00  100,00
12:54:43      21    0,00    0,00    0,00    0,00    0,00    0,00    0,00    0,00    0,00  100,00
12:54:43      22    0,00    0,00    0,00    0,00    0,00    0,00    0,00    0,00    0,00  100,00
12:54:43      23    0,00    0,00    0,00    0,00    0,00    0,00    0,00    0,00    0,00  100,00
