Linux 6.8.0-111-generic (testbed-node6) 	13/05/26 	_x86_64_	(24 CPU)

04:55:41     CPU    %usr   %nice    %sys %iowait    %irq   %soft  %steal  %guest  %gnice   %idle
04:55:42     all    0,54    0,00    0,25    0,08    0,00   20,86    0,00    0,00    0,00   78,27
04:55:42       0    7,00    0,00    1,00    0,00    0,00    0,00    0,00    0,00    0,00   92,00
04:55:42       1    0,00    0,00    0,00    0,00    0,00    0,99    0,00    0,00    0,00   99,01
04:55:42       2    1,00    0,00    0,00    0,00    0,00    0,00    0,00    0,00    0,00   99,00
04:55:42       3    0,00    0,00    0,00    0,00    0,00    0,00    0,00    0,00    0,00  100,00
04:55:42       4    0,00    0,00    0,00    0,00    0,00    0,00    0,00    0,00    0,00  100,00
04:55:42       5    0,00    0,00    0,00    0,00    0,00  100,00    0,00    0,00    0,00    0,00
04:55:42       6    0,00    0,00    0,00    0,99    0,00    0,00    0,00    0,00    0,00   99,01
04:55:42       7    0,00    0,00    0,00    0,00    0,00  100,00    0,00    0,00    0,00    0,00
04:55:42       8    0,00    0,00    0,00    0,00    0,00    0,00    0,00    0,00    0,00  100,00
04:55:42       9    0,00    0,00    0,00    0,00    0,00    0,00    0,00    0,00    0,00  100,00
04:55:42      10    0,00    0,00    0,00    0,00    0,00    0,00    0,00    0,00    0,00  100,00
04:55:42      11    0,00    0,00    0,00    0,00    0,00  100,00    0,00    0,00    0,00    0,00
04:55:42      12    0,00    0,00    0,00    0,00    0,00    0,00    0,00    0,00    0,00  100,00
04:55:42      13    0,00    0,00    0,00    0,00    0,00  100,00    0,00    0,00    0,00    0,00
04:55:42      14    0,00    0,00    0,00    0,00    0,00    0,00    0,00    0,00    0,00  100,00
04:55:42      15    0,00    0,00    0,00    0,00    0,00  100,00    0,00    0,00    0,00    0,00
04:55:42      16    0,00    0,00    0,00    1,02    0,00    0,00    0,00    0,00    0,00   98,98
04:55:42      17    0,99    0,00    0,99    0,00    0,00    0,00    0,00    0,00    0,00   98,02
04:55:42      18    0,00    0,00    0,00    0,00    0,00    0,00    0,00    0,00    0,00  100,00
04:55:42      19    0,98    0,00    0,98    0,00    0,00    0,00    0,00    0,00    0,00   98,04
04:55:42      20    1,00    0,00    0,00    0,00    0,00    0,00    0,00    0,00    0,00   99,00
04:55:42      21    0,99    0,00    0,99    0,00    0,00    0,00    0,00    0,00    0,00   98,02
04:55:42      22    0,00    0,00    0,00    0,00    0,00    0,00    0,00    0,00    0,00  100,00
04:55:42      23    1,00    0,00    2,00    0,00    0,00    0,00    0,00    0,00    0,00   97,00

04:55:42     CPU    %usr   %nice    %sys %iowait    %irq   %soft  %steal  %guest  %gnice   %idle
04:55:43     all    0,04    0,00    0,04    0,00    0,00   20,83    0,00    0,00    0,00   79,09
04:55:43       0    0,00    0,00    0,00    0,00    0,00    0,00    0,00    0,00    0,00  100,00
04:55:43       1    0,00    0,00    0,00    0,00    0,00    0,00    0,00    0,00    0,00  100,00
04:55:43       2    0,00    0,00    0,00    0,00    0,00    0,00    0,00    0,00    0,00  100,00
04:55:43       3    0,00    0,00    0,00    0,00    0,00    0,00    0,00    0,00    0,00  100,00
04:55:43       4    0,00    0,00    0,00    0,00    0,00    0,00    0,00    0,00    0,00  100,00
04:55:43       5    0,00    0,00    0,00    0,00    0,00  100,00    0,00    0,00    0,00    0,00
04:55:43       6    0,00    0,00    0,00    0,00    0,00    0,00    0,00    0,00    0,00  100,00
04:55:43       7    0,00    0,00    0,00    0,00    0,00  100,00    0,00    0,00    0,00    0,00
04:55:43       8    0,00    0,00    0,00    0,00    0,00    0,00    0,00    0,00    0,00  100,00
04:55:43       9    0,00    0,00    0,00    0,00    0,00    0,00    0,00    0,00    0,00  100,00
04:55:43      10    0,00    0,00    0,00    0,00    0,00    0,00    0,00    0,00    0,00  100,00
04:55:43      11    0,00    0,00    0,00    0,00    0,00  100,00    0,00    0,00    0,00    0,00
04:55:43      12    0,00    0,00    0,00    0,00    0,00    0,00    0,00    0,00    0,00  100,00
04:55:43      13    0,00    0,00    0,00    0,00    0,00  100,00    0,00    0,00    0,00    0,00
04:55:43      14    0,00    0,00    0,00    0,00    0,00    0,00    0,00    0,00    0,00  100,00
04:55:43      15    0,00    0,00    0,00    0,00    0,00  100,00    0,00    0,00    0,00    0,00
04:55:43      16    0,00    0,00    0,00    0,00    0,00    0,00    0,00    0,00    0,00  100,00
04:55:43      17    0,00    0,00    0,00    0,00    0,00    0,00    0,00    0,00    0,00  100,00
04:55:43      18    1,00    0,00    0,00    0,00    0,00    0,00    0,00    0,00    0,00   99,00
04:55:43      19    0,00    0,00    0,00    0,00    0,00    0,00    0,00    0,00    0,00  100,00
04:55:43      20    0,00    0,00    0,99    0,00    0,00    0,00    0,00    0,00    0,00   99,01
04:55:43      21    0,00    0,00    0,00    0,00    0,00    0,00    0,00    0,00    0,00  100,00
04:55:43      22    0,00    0,00    0,00    0,00    0,00    0,00    0,00    0,00    0,00  100,00
04:55:43      23    0,00    0,00    0,00    0,00    0,00    0,00    0,00    0,00    0,00  100,00

04:55:43     CPU    %usr   %nice    %sys %iowait    %irq   %soft  %steal  %guest  %gnice   %idle
04:55:44     all    1,21    0,00    0,67    0,00    0,00   20,83    0,00    0,00    0,00   77,29
04:55:44       0    3,03    0,00    2,02    0,00    0,00    0,00    0,00    0,00    0,00   94,95
04:55:44       1    0,00    0,00    0,00    0,00    0,00    0,00    0,00    0,00    0,00  100,00
04:55:44       2    0,00    0,00    0,99    0,00    0,00    0,00    0,00    0,00    0,00   99,01
04:55:44       3    0,00    0,00    0,00    0,00    0,00    0,00    0,00    0,00    0,00  100,00
04:55:44       4    0,00    0,00    0,99    0,00    0,00    0,00    0,00    0,00    0,00   99,01
04:55:44       5    0,00    0,00    0,00    0,00    0,00  100,00    0,00    0,00    0,00    0,00
04:55:44       6    1,00    0,00    0,00    0,00    0,00    0,00    0,00    0,00    0,00   99,00
04:55:44       7    0,00    0,00    0,00    0,00    0,00  100,00    0,00    0,00    0,00    0,00
04:55:44       8    5,05    0,00    1,01    0,00    0,00    0,00    0,00    0,00    0,00   93,94
04:55:44       9    3,00    0,00    0,00    0,00    0,00    0,00    0,00    0,00    0,00   97,00
04:55:44      10    0,00    0,00    0,00    0,00    0,00    0,00    0,00    0,00    0,00  100,00
04:55:44      11    0,00    0,00    0,00    0,00    0,00  100,00    0,00    0,00    0,00    0,00
04:55:44      12    0,99    0,00    0,00    0,00    0,00    0,00    0,00    0,00    0,00   99,01
04:55:44      13    0,00    0,00    0,00    0,00    0,00  100,00    0,00    0,00    0,00    0,00
04:55:44      14    0,00    0,00    0,00    0,00    0,00    0,00    0,00    0,00    0,00  100,00
04:55:44      15    0,00    0,00    0,99    0,00    0,00   99,01    0,00    0,00    0,00    0,00
04:55:44      16    1,00    0,00    1,00    0,00    0,00    0,00    0,00    0,00    0,00   98,00
04:55:44      17    2,00    0,00    1,00    0,00    0,00    0,00    0,00    0,00    0,00   97,00
04:55:44      18    3,00    0,00    2,00    0,00    0,00    0,00    0,00    0,00    0,00   95,00
04:55:44      19    2,00    0,00    1,00    0,00    0,00    0,00    0,00    0,00    0,00   97,00
04:55:44      20    4,95    0,00    2,97    0,00    0,00    0,00    0,00    0,00    0,00   92,08
04:55:44      21    1,01    0,00    1,01    0,00    0,00    0,00    0,00    0,00    0,00   97,98
04:55:44      22    0,00    0,00    1,00    0,00    0,00    0,00    0,00    0,00    0,00   99,00
04:55:44      23    2,02    0,00    0,00    0,00    0,00    0,00    0,00    0,00    0,00   97,98

04:55:44     CPU    %usr   %nice    %sys %iowait    %irq   %soft  %steal  %guest  %gnice   %idle
04:55:45     all    0,04    0,00    0,00    0,00    0,00   20,80    0,00    0,00    0,00   79,16
04:55:45       0    0,00    0,00    0,00    0,00    0,00    0,00    0,00    0,00    0,00  100,00
04:55:45       1    0,00    0,00    0,00    0,00    0,00    0,00    0,00    0,00    0,00  100,00
04:55:45       2    0,00    0,00    0,00    0,00    0,00    0,00    0,00    0,00    0,00  100,00
04:55:45       3    0,00    0,00    0,00    0,00    0,00    0,00    0,00    0,00    0,00  100,00
04:55:45       4    0,00    0,00    0,00    0,00    0,00    0,00    0,00    0,00    0,00  100,00
04:55:45       5    0,00    0,00    0,00    0,00    0,00  100,00    0,00    0,00    0,00    0,00
04:55:45       6    0,00    0,00    0,00    0,00    0,00    0,00    0,00    0,00    0,00  100,00
04:55:45       7    0,00    0,00    0,00    0,00    0,00  100,00    0,00    0,00    0,00    0,00
04:55:45       8    0,00    0,00    0,00    0,00    0,00    0,00    0,00    0,00    0,00  100,00
04:55:45       9    0,00    0,00    0,00    0,00    0,00    0,00    0,00    0,00    0,00  100,00
04:55:45      10    0,00    0,00    0,00    0,00    0,00    0,00    0,00    0,00    0,00  100,00
04:55:45      11    0,00    0,00    0,00    0,00    0,00  100,00    0,00    0,00    0,00    0,00
04:55:45      12    0,00    0,00    0,00    0,00    0,00    0,00    0,00    0,00    0,00  100,00
04:55:45      13    0,00    0,00    0,00    0,00    0,00  100,00    0,00    0,00    0,00    0,00
04:55:45      14    0,00    0,00    0,00    0,00    0,00    0,00    0,00    0,00    0,00  100,00
04:55:45      15    0,00    0,00    0,00    0,00    0,00  100,00    0,00    0,00    0,00    0,00
04:55:45      16    0,99    0,00    0,00    0,00    0,00    0,00    0,00    0,00    0,00   99,01
04:55:45      17    0,00    0,00    0,00    0,00    0,00    0,00    0,00    0,00    0,00  100,00
04:55:45      18    0,00    0,00    0,00    0,00    0,00    0,00    0,00    0,00    0,00  100,00
04:55:45      19    0,00    0,00    0,00    0,00    0,00    0,00    0,00    0,00    0,00  100,00
04:55:45      20    0,00    0,00    0,00    0,00    0,00    0,00    0,00    0,00    0,00  100,00
04:55:45      21    0,00    0,00    0,00    0,00    0,00    0,00    0,00    0,00    0,00  100,00
04:55:45      22    0,00    0,00    0,00    0,00    0,00    0,00    0,00    0,00    0,00  100,00
04:55:45      23    0,00    0,00    0,00    0,00    0,00    0,00    0,00    0,00    0,00  100,00

04:55:45     CPU    %usr   %nice    %sys %iowait    %irq   %soft  %steal  %guest  %gnice   %idle
04:55:46     all    0,13    0,00    0,08    0,00    0,00   20,84    0,00    0,00    0,00   78,95
04:55:46       0    0,00    0,00    0,00    0,00    0,00    0,00    0,00    0,00    0,00  100,00
04:55:46       1    0,00    0,00    0,00    0,00    0,00    0,00    0,00    0,00    0,00  100,00
04:55:46       2    0,00    0,00    0,00    0,00    0,00    0,00    0,00    0,00    0,00  100,00
04:55:46       3    0,00    0,00    0,00    0,00    0,00    0,00    0,00    0,00    0,00  100,00
04:55:46       4    0,00    0,00    0,00    0,00    0,00    0,00    0,00    0,00    0,00  100,00
04:55:46       5    0,00    0,00    0,99    0,00    0,00   99,01    0,00    0,00    0,00    0,00
04:55:46       6    0,00    0,00    0,00    0,00    0,00    0,00    0,00    0,00    0,00  100,00
04:55:46       7    0,00    0,00    0,00    0,00    0,00  100,00    0,00    0,00    0,00    0,00
04:55:46       8    0,00    0,00    0,99    0,00    0,00    0,00    0,00    0,00    0,00   99,01
04:55:46       9    0,00    0,00    0,00    0,00    0,00    0,00    0,00    0,00    0,00  100,00
04:55:46      10    1,01    0,00    0,00    0,00    0,00    0,00    0,00    0,00    0,00   98,99
04:55:46      11    0,00    0,00    0,00    0,00    0,00  100,00    0,00    0,00    0,00    0,00
04:55:46      12    0,00    0,00    0,00    0,00    0,00    0,00    0,00    0,00    0,00  100,00
04:55:46      13    0,00    0,00    0,00    0,00    0,00  100,00    0,00    0,00    0,00    0,00
04:55:46      14    0,00    0,00    0,00    0,00    0,00    0,00    0,00    0,00    0,00  100,00
04:55:46      15    0,00    0,00    0,00    0,00    0,00  100,00    0,00    0,00    0,00    0,00
04:55:46      16    1,00    0,00    0,00    0,00    0,00    0,00    0,00    0,00    0,00   99,00
04:55:46      17    0,00    0,00    0,00    0,00    0,00    0,00    0,00    0,00    0,00  100,00
04:55:46      18    0,99    0,00    0,00    0,00    0,00    0,00    0,00    0,00    0,00   99,01
04:55:46      19    0,00    0,00    0,00    0,00    0,00    0,00    0,00    0,00    0,00  100,00
04:55:46      20    0,00    0,00    0,00    0,00    0,00    0,00    0,00    0,00    0,00  100,00
04:55:46      21    0,00    0,00    0,00    0,00    0,00    0,00    0,00    0,00    0,00  100,00
04:55:46      22    0,00    0,00    0,00    0,00    0,00    0,00    0,00    0,00    0,00  100,00
04:55:46      23    0,00    0,00    0,00    0,00    0,00    0,00    0,00    0,00    0,00  100,00

04:55:46     CPU    %usr   %nice    %sys %iowait    %irq   %soft  %steal  %guest  %gnice   %idle
04:55:47     all    0,00    0,00    0,00    0,25    0,00   20,86    0,00    0,00    0,00   78,89
04:55:47       0    0,00    0,00    0,00    0,00    0,00    0,00    0,00    0,00    0,00  100,00
04:55:47       1    0,00    0,00    0,00    0,00    0,00    0,00    0,00    0,00    0,00  100,00
04:55:47       2    0,00    0,00    0,00    0,00    0,00    0,00    0,00    0,00    0,00  100,00
04:55:47       3    0,00    0,00    0,00    0,00    0,00    0,00    0,00    0,00    0,00  100,00
04:55:47       4    0,00    0,00    0,00    0,00    0,00    0,00    0,00    0,00    0,00  100,00
04:55:47       5    0,00    0,00    0,00    0,00    0,00  100,00    0,00    0,00    0,00    0,00
04:55:47       6    0,00    0,00    0,00    0,00    0,00    0,00    0,00    0,00    0,00  100,00
04:55:47       7    0,00    0,00    0,00    0,00    0,00  100,00    0,00    0,00    0,00    0,00
04:55:47       8    0,00    0,00    0,00    0,00    0,00    0,00    0,00    0,00    0,00  100,00
04:55:47       9    0,00    0,00    0,00    1,00    0,00    0,00    0,00    0,00    0,00   99,00
04:55:47      10    0,00    0,00    0,00    0,00    0,00    0,00    0,00    0,00    0,00  100,00
04:55:47      11    0,00    0,00    0,00    0,00    0,00  100,00    0,00    0,00    0,00    0,00
04:55:47      12    0,00    0,00    0,00    0,00    0,00    0,00    0,00    0,00    0,00  100,00
04:55:47      13    0,00    0,00    0,00    0,00    0,00  100,00    0,00    0,00    0,00    0,00
04:55:47      14    0,00    0,00    0,00    0,00    0,00    0,00    0,00    0,00    0,00  100,00
04:55:47      15    0,00    0,00    0,00    0,00    0,00  100,00    0,00    0,00    0,00    0,00
04:55:47      16    0,00    0,00    0,00    1,00    0,00    0,00    0,00    0,00    0,00   99,00
04:55:47      17    0,00    0,00    0,00    1,00    0,00    0,00    0,00    0,00    0,00   99,00
04:55:47      18    0,00    0,00    0,00    1,00    0,00    0,00    0,00    0,00    0,00   99,00
04:55:47      19    0,00    0,00    0,00    0,00    0,00    0,00    0,00    0,00    0,00  100,00
04:55:47      20    0,00    0,00    0,00    0,00    0,00    0,00    0,00    0,00    0,00  100,00
04:55:47      21    0,00    0,00    0,00    1,00    0,00    0,00    0,00    0,00    0,00   99,00
04:55:47      22    0,00    0,00    0,00    1,00    0,00    0,00    0,00    0,00    0,00   99,00
04:55:47      23    0,00    0,00    0,00    0,00    0,00    0,00    0,00    0,00    0,00  100,00

04:55:47     CPU    %usr   %nice    %sys %iowait    %irq   %soft  %steal  %guest  %gnice   %idle
04:55:48     all    0,04    0,00    0,00    0,00    0,00   20,83    0,00    0,00    0,00   79,12
04:55:48       0    0,00    0,00    0,00    0,00    0,00    0,00    0,00    0,00    0,00  100,00
04:55:48       1    0,00    0,00    0,00    0,00    0,00    0,00    0,00    0,00    0,00  100,00
04:55:48       2    0,00    0,00    0,00    0,00    0,00    0,00    0,00    0,00    0,00  100,00
04:55:48       3    0,00    0,00    0,00    0,00    0,00    0,00    0,00    0,00    0,00  100,00
04:55:48       4    0,00    0,00    0,00    0,00    0,00    0,00    0,00    0,00    0,00  100,00
04:55:48       5    0,00    0,00    0,00    0,00    0,00  100,00    0,00    0,00    0,00    0,00
04:55:48       6    0,00    0,00    0,00    0,00    0,00    0,00    0,00    0,00    0,00  100,00
04:55:48       7    0,00    0,00    0,00    0,00    0,00  100,00    0,00    0,00    0,00    0,00
04:55:48       8    0,00    0,00    0,00    0,00    0,00    0,00    0,00    0,00    0,00  100,00
04:55:48       9    0,00    0,00    0,00    0,00    0,00    0,00    0,00    0,00    0,00  100,00
04:55:48      10    0,99    0,00    0,00    0,00    0,00    0,00    0,00    0,00    0,00   99,01
04:55:48      11    0,00    0,00    0,00    0,00    0,00  100,00    0,00    0,00    0,00    0,00
04:55:48      12    0,00    0,00    0,00    0,00    0,00    0,00    0,00    0,00    0,00  100,00
04:55:48      13    0,00    0,00    0,00    0,00    0,00  100,00    0,00    0,00    0,00    0,00
04:55:48      14    0,00    0,00    0,00    0,00    0,00    0,00    0,00    0,00    0,00  100,00
04:55:48      15    0,00    0,00    0,00    0,00    0,00  100,00    0,00    0,00    0,00    0,00
04:55:48      16    0,00    0,00    0,00    0,00    0,00    0,00    0,00    0,00    0,00  100,00
04:55:48      17    0,00    0,00    0,00    0,00    0,00    0,00    0,00    0,00    0,00  100,00
04:55:48      18    0,00    0,00    0,00    0,00    0,00    0,00    0,00    0,00    0,00  100,00
04:55:48      19    0,00    0,00    0,00    0,00    0,00    0,00    0,00    0,00    0,00  100,00
04:55:48      20    0,00    0,00    0,00    0,00    0,00    0,00    0,00    0,00    0,00  100,00
04:55:48      21    0,00    0,00    0,00    0,00    0,00    0,00    0,00    0,00    0,00  100,00
04:55:48      22    0,00    0,00    0,00    0,00    0,00    0,00    0,00    0,00    0,00  100,00
04:55:48      23    0,00    0,00    0,00    0,00    0,00    0,00    0,00    0,00    0,00  100,00

04:55:48     CPU    %usr   %nice    %sys %iowait    %irq   %soft  %steal  %guest  %gnice   %idle
04:55:49     all    0,00    0,00    0,04    0,00    0,00   20,84    0,00    0,00    0,00   79,12
04:55:49       0    0,00    0,00    0,00    0,00    0,00    0,00    0,00    0,00    0,00  100,00
04:55:49       1    0,00    0,00    0,00    0,00    0,00    0,00    0,00    0,00    0,00  100,00
04:55:49       2    0,00    0,00    0,00    0,00    0,00    0,00    0,00    0,00    0,00  100,00
04:55:49       3    0,00    0,00    0,00    0,00    0,00    0,00    0,00    0,00    0,00  100,00
04:55:49       4    0,00    0,00    0,00    0,00    0,00    0,00    0,00    0,00    0,00  100,00
04:55:49       5    0,00    0,00    0,00    0,00    0,00  100,00    0,00    0,00    0,00    0,00
04:55:49       6    0,00    0,00    0,00    0,00    0,00    0,00    0,00    0,00    0,00  100,00
04:55:49       7    0,00    0,00    0,00    0,00    0,00  100,00    0,00    0,00    0,00    0,00
04:55:49       8    0,00    0,00    0,00    0,00    0,00    0,00    0,00    0,00    0,00  100,00
04:55:49       9    0,00    0,00    0,00    0,00    0,00    0,00    0,00    0,00    0,00  100,00
04:55:49      10    0,00    0,00    0,00    0,00    0,00    0,00    0,00    0,00    0,00  100,00
04:55:49      11    0,00    0,00    0,00    0,00    0,00  100,00    0,00    0,00    0,00    0,00
04:55:49      12    0,00    0,00    0,99    0,00    0,00    0,00    0,00    0,00    0,00   99,01
04:55:49      13    0,00    0,00    0,00    0,00    0,00  100,00    0,00    0,00    0,00    0,00
04:55:49      14    0,00    0,00    0,00    0,00    0,00    0,00    0,00    0,00    0,00  100,00
04:55:49      15    0,00    0,00    0,00    0,00    0,00  100,00    0,00    0,00    0,00    0,00
04:55:49      16    0,00    0,00    0,00    0,00    0,00    0,00    0,00    0,00    0,00  100,00
04:55:49      17    0,00    0,00    0,00    0,00    0,00    0,00    0,00    0,00    0,00  100,00
04:55:49      18    0,00    0,00    0,00    0,00    0,00    0,00    0,00    0,00    0,00  100,00
04:55:49      19    0,00    0,00    0,00    0,00    0,00    0,00    0,00    0,00    0,00  100,00
04:55:49      20    0,00    0,00    0,00    0,00    0,00    0,00    0,00    0,00    0,00  100,00
04:55:49      21    0,00    0,00    0,00    0,00    0,00    0,00    0,00    0,00    0,00  100,00
04:55:49      22    0,00    0,00    0,00    0,00    0,00    0,00    0,00    0,00    0,00  100,00
04:55:49      23    0,00    0,00    0,00    0,00    0,00    0,00    0,00    0,00    0,00  100,00

04:55:49     CPU    %usr   %nice    %sys %iowait    %irq   %soft  %steal  %guest  %gnice   %idle
04:55:50     all    0,04    0,00    0,00    0,00    0,00   20,84    0,00    0,00    0,00   79,12
04:55:50       0    0,00    0,00    0,00    0,00    0,00    0,00    0,00    0,00    0,00  100,00
04:55:50       1    0,00    0,00    0,00    0,00    0,00    0,00    0,00    0,00    0,00  100,00
04:55:50       2    0,00    0,00    0,00    0,00    0,00    0,00    0,00    0,00    0,00  100,00
04:55:50       3    0,00    0,00    0,00    0,00    0,00    0,00    0,00    0,00    0,00  100,00
04:55:50       4    0,00    0,00    0,00    0,00    0,00    0,00    0,00    0,00    0,00  100,00
04:55:50       5    0,00    0,00    0,00    0,00    0,00  100,00    0,00    0,00    0,00    0,00
04:55:50       6    0,00    0,00    0,00    0,00    0,00    0,00    0,00    0,00    0,00  100,00
04:55:50       7    0,00    0,00    0,00    0,00    0,00  100,00    0,00    0,00    0,00    0,00
04:55:50       8    1,00    0,00    0,00    0,00    0,00    0,00    0,00    0,00    0,00   99,00
04:55:50       9    0,00    0,00    0,00    0,00    0,00    0,00    0,00    0,00    0,00  100,00
04:55:50      10    0,00    0,00    0,00    0,00    0,00    0,00    0,00    0,00    0,00  100,00
04:55:50      11    0,00    0,00    0,00    0,00    0,00  100,00    0,00    0,00    0,00    0,00
04:55:50      12    0,00    0,00    0,00    0,00    0,00    0,00    0,00    0,00    0,00  100,00
04:55:50      13    0,00    0,00    0,00    0,00    0,00  100,00    0,00    0,00    0,00    0,00
04:55:50      14    0,00    0,00    0,00    0,00    0,00    0,00    0,00    0,00    0,00  100,00
04:55:50      15    0,00    0,00    0,00    0,00    0,00  100,00    0,00    0,00    0,00    0,00
04:55:50      16    0,00    0,00    0,00    0,00    0,00    0,00    0,00    0,00    0,00  100,00
04:55:50      17    0,00    0,00    0,00    0,00    0,00    0,00    0,00    0,00    0,00  100,00
04:55:50      18    0,00    0,00    0,00    0,00    0,00    0,00    0,00    0,00    0,00  100,00
04:55:50      19    0,00    0,00    0,00    0,00    0,00    0,00    0,00    0,00    0,00  100,00
04:55:50      20    0,00    0,00    0,00    0,00    0,00    0,00    0,00    0,00    0,00  100,00
04:55:50      21    0,00    0,00    0,00    0,00    0,00    0,00    0,00    0,00    0,00  100,00
04:55:50      22    0,00    0,00    0,00    0,00    0,00    0,00    0,00    0,00    0,00  100,00
04:55:50      23    0,00    0,00    0,00    0,00    0,00    0,00    0,00    0,00    0,00  100,00

04:55:50     CPU    %usr   %nice    %sys %iowait    %irq   %soft  %steal  %guest  %gnice   %idle
04:55:51     all    0,00    0,00    0,00    0,00    0,00   20,83    0,00    0,00    0,00   79,17
04:55:51       0    0,00    0,00    0,00    0,00    0,00    0,00    0,00    0,00    0,00  100,00
04:55:51       1    0,00    0,00    0,00    0,00    0,00    0,00    0,00    0,00    0,00  100,00
04:55:51       2    0,00    0,00    0,00    0,00    0,00    0,00    0,00    0,00    0,00  100,00
04:55:51       3    0,00    0,00    0,00    0,00    0,00    0,00    0,00    0,00    0,00  100,00
04:55:51       4    0,00    0,00    0,00    0,00    0,00    0,00    0,00    0,00    0,00  100,00
04:55:51       5    0,00    0,00    0,00    0,00    0,00  100,00    0,00    0,00    0,00    0,00
04:55:51       6    0,00    0,00    0,00    0,00    0,00    0,00    0,00    0,00    0,00  100,00
04:55:51       7    0,00    0,00    0,00    0,00    0,00  100,00    0,00    0,00    0,00    0,00
04:55:51       8    0,00    0,00    0,00    0,00    0,00    0,00    0,00    0,00    0,00  100,00
04:55:51       9    0,00    0,00    0,00    0,00    0,00    0,00    0,00    0,00    0,00  100,00
04:55:51      10    0,00    0,00    0,00    0,00    0,00    0,00    0,00    0,00    0,00  100,00
04:55:51      11    0,00    0,00    0,00    0,00    0,00  100,00    0,00    0,00    0,00    0,00
04:55:51      12    0,00    0,00    0,00    0,00    0,00    0,00    0,00    0,00    0,00  100,00
04:55:51      13    0,00    0,00    0,00    0,00    0,00  100,00    0,00    0,00    0,00    0,00
04:55:51      14    0,00    0,00    0,00    0,00    0,00    0,00    0,00    0,00    0,00  100,00
04:55:51      15    0,00    0,00    0,00    0,00    0,00  100,00    0,00    0,00    0,00    0,00
04:55:51      16    0,00    0,00    0,00    0,00    0,00    0,00    0,00    0,00    0,00  100,00
04:55:51      17    0,00    0,00    0,00    0,00    0,00    0,00    0,00    0,00    0,00  100,00
04:55:51      18    0,00    0,00    0,00    0,00    0,00    0,00    0,00    0,00    0,00  100,00
04:55:51      19    0,00    0,00    0,00    0,00    0,00    0,00    0,00    0,00    0,00  100,00
04:55:51      20    0,00    0,00    0,00    0,00    0,00    0,00    0,00    0,00    0,00  100,00
04:55:51      21    0,00    0,00    0,00    0,00    0,00    0,00    0,00    0,00    0,00  100,00
04:55:51      22    0,00    0,00    0,00    0,00    0,00    0,00    0,00    0,00    0,00  100,00
04:55:51      23    0,00    0,00    0,00    0,00    0,00    0,00    0,00    0,00    0,00  100,00

04:55:51     CPU    %usr   %nice    %sys %iowait    %irq   %soft  %steal  %guest  %gnice   %idle
04:55:52     all    0,42    0,00    0,33    0,08    0,00   20,82    0,00    0,00    0,00   78,34
04:55:52       0    7,00    0,00    6,00    0,00    0,00    0,00    0,00    0,00    0,00   87,00
04:55:52       1    0,00    0,00    0,00    0,00    0,00    0,00    0,00    0,00    0,00  100,00
04:55:52       2    0,00    0,00    0,00    0,00    0,00    0,00    0,00    0,00    0,00  100,00
04:55:52       3    0,00    0,00    0,00    0,00    0,00    0,00    0,00    0,00    0,00  100,00
04:55:52       4    0,00    0,00    0,00    0,00    0,00    0,00    0,00    0,00    0,00  100,00
04:55:52       5    0,00    0,00    0,00    0,00    0,00  100,00    0,00    0,00    0,00    0,00
04:55:52       6    0,00    0,00    0,00    0,00    0,00    0,00    0,00    0,00    0,00  100,00
04:55:52       7    0,00    0,00    0,00    0,00    0,00  100,00    0,00    0,00    0,00    0,00
04:55:52       8    0,00    0,00    0,00    0,00    0,00    0,00    0,00    0,00    0,00  100,00
04:55:52       9    0,00    0,00    0,00    0,00    0,00    0,00    0,00    0,00    0,00  100,00
04:55:52      10    0,00    0,00    0,00    0,00    0,00    0,00    0,00    0,00    0,00  100,00
04:55:52      11    0,00    0,00    0,00    0,00    0,00  100,00    0,00    0,00    0,00    0,00
04:55:52      12    0,00    0,00    0,00    0,00    0,00    0,00    0,00    0,00    0,00  100,00
04:55:52      13    0,00    0,00    0,00    0,00    0,00  100,00    0,00    0,00    0,00    0,00
04:55:52      14    0,99    0,00    0,00    0,99    0,00    0,00    0,00    0,00    0,00   98,02
04:55:52      15    0,00    0,00    0,00    0,00    0,00  100,00    0,00    0,00    0,00    0,00
04:55:52      16    0,00    0,00    0,00    0,00    0,00    0,00    0,00    0,00    0,00  100,00
04:55:52      17    0,99    0,00    0,00    0,00    0,00    0,00    0,00    0,00    0,00   99,01
04:55:52      18    0,00    0,00    0,00    1,01    0,00    0,00    0,00    0,00    0,00   98,99
04:55:52      19    1,01    0,00    1,01    0,00    0,00    0,00    0,00    0,00    0,00   97,98
04:55:52      20    0,00    0,00    0,00    0,00    0,00    0,00    0,00    0,00    0,00  100,00
04:55:52      21    0,00    0,00    0,00    0,00    0,00    0,00    0,00    0,00    0,00  100,00
04:55:52      22    0,00    0,00    0,00    0,00    0,00    0,00    0,00    0,00    0,00  100,00
04:55:52      23    0,00    0,00    0,99    0,00    0,00    0,00    0,00    0,00    0,00   99,01

04:55:52     CPU    %usr   %nice    %sys %iowait    %irq   %soft  %steal  %guest  %gnice   %idle
04:55:53     all    0,08    0,00    0,04    0,00    0,00   20,83    0,00    0,00    0,00   79,04
04:55:53       0    0,00    0,00    0,00    0,00    0,00    0,00    0,00    0,00    0,00  100,00
04:55:53       1    0,00    0,00    0,00    0,00    0,00    0,00    0,00    0,00    0,00  100,00
04:55:53       2    0,00    0,00    0,00    0,00    0,00    0,00    0,00    0,00    0,00  100,00
04:55:53       3    0,00    0,00    0,00    0,00    0,00    0,00    0,00    0,00    0,00  100,00
04:55:53       4    0,00    0,00    0,00    0,00    0,00    0,00    0,00    0,00    0,00  100,00
04:55:53       5    0,00    0,00    0,00    0,00    0,00  100,00    0,00    0,00    0,00    0,00
04:55:53       6    0,00    0,00    0,00    0,00    0,00    0,00    0,00    0,00    0,00  100,00
04:55:53       7    0,00    0,00    0,00    0,00    0,00  100,00    0,00    0,00    0,00    0,00
04:55:53       8    0,00    0,00    0,00    0,00    0,00    0,00    0,00    0,00    0,00  100,00
04:55:53       9    0,00    0,00    0,00    0,00    0,00    0,00    0,00    0,00    0,00  100,00
04:55:53      10    0,00    0,00    0,00    0,00    0,00    0,00    0,00    0,00    0,00  100,00
04:55:53      11    0,00    0,00    0,00    0,00    0,00  100,00    0,00    0,00    0,00    0,00
04:55:53      12    0,00    0,00    0,00    0,00    0,00    0,00    0,00    0,00    0,00  100,00
04:55:53      13    0,00    0,00    0,00    0,00    0,00  100,00    0,00    0,00    0,00    0,00
04:55:53      14    0,00    0,00    0,00    0,00    0,00    0,00    0,00    0,00    0,00  100,00
04:55:53      15    0,00    0,00    0,00    0,00    0,00  100,00    0,00    0,00    0,00    0,00
04:55:53      16    0,99    0,00    0,00    0,00    0,00    0,00    0,00    0,00    0,00   99,01
04:55:53      17    0,00    0,00    0,00    0,00    0,00    0,00    0,00    0,00    0,00  100,00
04:55:53      18    0,00    0,00    0,99    0,00    0,00    0,00    0,00    0,00    0,00   99,01
04:55:53      19    1,00    0,00    0,00    0,00    0,00    0,00    0,00    0,00    0,00   99,00
04:55:53      20    0,00    0,00    0,00    0,00    0,00    0,00    0,00    0,00    0,00  100,00
04:55:53      21    0,00    0,00    0,00    0,00    0,00    0,00    0,00    0,00    0,00  100,00
04:55:53      22    0,00    0,00    0,00    0,00    0,00    0,00    0,00    0,00    0,00  100,00
04:55:53      23    0,00    0,00    0,00    0,00    0,00    0,00    0,00    0,00    0,00  100,00

04:55:53     CPU    %usr   %nice    %sys %iowait    %irq   %soft  %steal  %guest  %gnice   %idle
04:55:54     all    1,29    0,00    0,67    0,00    0,00   20,91    0,00    0,00    0,00   77,13
04:55:54       0   11,22    0,00    2,04    0,00    0,00    0,00    0,00    0,00    0,00   86,73
04:55:54       1    0,00    0,00    0,00    0,00    0,00    1,00    0,00    0,00    0,00   99,00
04:55:54       2    1,00    0,00    0,00    0,00    0,00    0,00    0,00    0,00    0,00   99,00
04:55:54       3    0,00    0,00    0,00    0,00    0,00    0,00    0,00    0,00    0,00  100,00
04:55:54       4    0,00    0,00    0,00    0,00    0,00    0,00    0,00    0,00    0,00  100,00
04:55:54       5    0,00    0,00    0,00    0,00    0,00  100,00    0,00    0,00    0,00    0,00
04:55:54       6    0,00    0,00    0,00    0,00    0,00    0,00    0,00    0,00    0,00  100,00
04:55:54       7    0,00    0,00    0,00    0,00    0,00  100,00    0,00    0,00    0,00    0,00
04:55:54       8    0,00    0,00    0,00    0,00    0,00    0,00    0,00    0,00    0,00  100,00
04:55:54       9    1,00    0,00    0,00    0,00    0,00    0,00    0,00    0,00    0,00   99,00
04:55:54      10    0,00    0,00    0,00    0,00    0,00    0,00    0,00    0,00    0,00  100,00
04:55:54      11    0,00    0,00    0,00    0,00    0,00  100,00    0,00    0,00    0,00    0,00
04:55:54      12    0,00    0,00    0,00    0,00    0,00    0,00    0,00    0,00    0,00  100,00
04:55:54      13    0,00    0,00    0,00    0,00    0,00  100,00    0,00    0,00    0,00    0,00
04:55:54      14    0,00    0,00    0,00    0,00    0,00    0,00    0,00    0,00    0,00  100,00
04:55:54      15    0,00    0,00    0,00    0,00    0,00  100,00    0,00    0,00    0,00    0,00
04:55:54      16    3,00    0,00    3,00    0,00    0,00    0,00    0,00    0,00    0,00   94,00
04:55:54      17    3,00    0,00    3,00    0,00    0,00    0,00    0,00    0,00    0,00   94,00
04:55:54      18    3,03    0,00    1,01    0,00    0,00    0,00    0,00    0,00    0,00   95,96
04:55:54      19    1,01    0,00    2,02    0,00    0,00    0,00    0,00    0,00    0,00   96,97
04:55:54      20    2,00    0,00    1,00    0,00    0,00    0,00    0,00    0,00    0,00   97,00
04:55:54      21    2,00    0,00    1,00    0,00    0,00    0,00    0,00    0,00    0,00   97,00
04:55:54      22    0,99    0,00    1,98    0,00    0,00    0,00    0,00    0,00    0,00   97,03
04:55:54      23    3,00    0,00    1,00    0,00    0,00    0,00    0,00    0,00    0,00   96,00
