Linux 6.8.0-110-generic (testbed-node1) 	12/05/26 	_x86_64_	(24 CPU)

21:48:27     CPU    %usr   %nice    %sys %iowait    %irq   %soft  %steal  %guest  %gnice   %idle
21:48:28     all   69,00    0,00    1,04    0,13    0,00    0,00    0,00    0,00    0,00   29,83
21:48:28       0  100,00    0,00    0,00    0,00    0,00    0,00    0,00    0,00    0,00    0,00
21:48:28       1  100,00    0,00    0,00    0,00    0,00    0,00    0,00    0,00    0,00    0,00
21:48:28       2  100,00    0,00    0,00    0,00    0,00    0,00    0,00    0,00    0,00    0,00
21:48:28       3  100,00    0,00    0,00    0,00    0,00    0,00    0,00    0,00    0,00    0,00
21:48:28       4  100,00    0,00    0,00    0,00    0,00    0,00    0,00    0,00    0,00    0,00
21:48:28       5  100,00    0,00    0,00    0,00    0,00    0,00    0,00    0,00    0,00    0,00
21:48:28       6  100,00    0,00    0,00    0,00    0,00    0,00    0,00    0,00    0,00    0,00
21:48:28       7  100,00    0,00    0,00    0,00    0,00    0,00    0,00    0,00    0,00    0,00
21:48:28       8  100,00    0,00    0,00    0,00    0,00    0,00    0,00    0,00    0,00    0,00
21:48:28       9  100,00    0,00    0,00    0,00    0,00    0,00    0,00    0,00    0,00    0,00
21:48:28      10  100,00    0,00    0,00    0,00    0,00    0,00    0,00    0,00    0,00    0,00
21:48:28      11  100,00    0,00    0,00    0,00    0,00    0,00    0,00    0,00    0,00    0,00
21:48:28      12  100,00    0,00    0,00    0,00    0,00    0,00    0,00    0,00    0,00    0,00
21:48:28      13    0,00    0,00    2,00    1,00    0,00    0,00    0,00    0,00    0,00   97,00
21:48:28      14   33,00    0,00    1,00    0,00    0,00    0,00    0,00    0,00    0,00   66,00
21:48:28      15   66,67    0,00    0,00    0,00    0,00    0,00    0,00    0,00    0,00   33,33
21:48:28      16    3,03    0,00    1,01    1,01    0,00    0,00    0,00    0,00    0,00   94,95
21:48:28      17    6,00    0,00    2,00    0,00    0,00    0,00    0,00    0,00    0,00   92,00
21:48:28      18  100,00    0,00    0,00    0,00    0,00    0,00    0,00    0,00    0,00    0,00
21:48:28      19    5,94    0,00    0,99    0,00    0,00    0,00    0,00    0,00    0,00   93,07
21:48:28      20   28,00    0,00   14,00    0,00    0,00    0,00    0,00    0,00    0,00   58,00
21:48:28      21    5,05    0,00    1,01    1,01    0,00    0,00    0,00    0,00    0,00   92,93
21:48:28      22  100,00    0,00    0,00    0,00    0,00    0,00    0,00    0,00    0,00    0,00
21:48:28      23    7,07    0,00    3,03    0,00    0,00    0,00    0,00    0,00    0,00   89,90

21:48:28     CPU    %usr   %nice    %sys %iowait    %irq   %soft  %steal  %guest  %gnice   %idle
21:48:29     all   67,68    0,00    0,88    0,00    0,00    0,04    0,00    0,00    0,00   31,40
21:48:29       0  100,00    0,00    0,00    0,00    0,00    0,00    0,00    0,00    0,00    0,00
21:48:29       1  100,00    0,00    0,00    0,00    0,00    0,00    0,00    0,00    0,00    0,00
21:48:29       2  100,00    0,00    0,00    0,00    0,00    0,00    0,00    0,00    0,00    0,00
21:48:29       3  100,00    0,00    0,00    0,00    0,00    0,00    0,00    0,00    0,00    0,00
21:48:29       4  100,00    0,00    0,00    0,00    0,00    0,00    0,00    0,00    0,00    0,00
21:48:29       5  100,00    0,00    0,00    0,00    0,00    0,00    0,00    0,00    0,00    0,00
21:48:29       6  100,00    0,00    0,00    0,00    0,00    0,00    0,00    0,00    0,00    0,00
21:48:29       7  100,00    0,00    0,00    0,00    0,00    0,00    0,00    0,00    0,00    0,00
21:48:29       8  100,00    0,00    0,00    0,00    0,00    0,00    0,00    0,00    0,00    0,00
21:48:29       9  100,00    0,00    0,00    0,00    0,00    0,00    0,00    0,00    0,00    0,00
21:48:29      10  100,00    0,00    0,00    0,00    0,00    0,00    0,00    0,00    0,00    0,00
21:48:29      11  100,00    0,00    0,00    0,00    0,00    0,00    0,00    0,00    0,00    0,00
21:48:29      12  100,00    0,00    0,00    0,00    0,00    0,00    0,00    0,00    0,00    0,00
21:48:29      13    1,00    0,00    0,00    0,00    0,00    0,00    0,00    0,00    0,00   99,00
21:48:29      14    0,00    0,00    0,00    0,00    0,00    0,00    0,00    0,00    0,00  100,00
21:48:29      15  100,00    0,00    0,00    0,00    0,00    0,00    0,00    0,00    0,00    0,00
21:48:29      16    2,00    0,00    4,00    0,00    0,00    0,00    0,00    0,00    0,00   94,00
21:48:29      17    1,00    0,00    1,00    0,00    0,00    1,00    0,00    0,00    0,00   97,00
21:48:29      18   99,00    0,00    1,00    0,00    0,00    0,00    0,00    0,00    0,00    0,00
21:48:29      19    2,02    0,00    0,00    0,00    0,00    0,00    0,00    0,00    0,00   97,98
21:48:29      20   11,00    0,00    6,00    0,00    0,00    0,00    0,00    0,00    0,00   83,00
21:48:29      21    4,00    0,00    4,00    0,00    0,00    0,00    0,00    0,00    0,00   92,00
21:48:29      22  100,00    0,00    0,00    0,00    0,00    0,00    0,00    0,00    0,00    0,00
21:48:29      23    3,03    0,00    5,05    0,00    0,00    0,00    0,00    0,00    0,00   91,92

21:48:29     CPU    %usr   %nice    %sys %iowait    %irq   %soft  %steal  %guest  %gnice   %idle
21:48:30     all   67,63    0,00    0,46    0,00    0,00    0,00    0,00    0,00    0,00   31,91
21:48:30       0  100,00    0,00    0,00    0,00    0,00    0,00    0,00    0,00    0,00    0,00
21:48:30       1  100,00    0,00    0,00    0,00    0,00    0,00    0,00    0,00    0,00    0,00
21:48:30       2  100,00    0,00    0,00    0,00    0,00    0,00    0,00    0,00    0,00    0,00
21:48:30       3  100,00    0,00    0,00    0,00    0,00    0,00    0,00    0,00    0,00    0,00
21:48:30       4  100,00    0,00    0,00    0,00    0,00    0,00    0,00    0,00    0,00    0,00
21:48:30       5  100,00    0,00    0,00    0,00    0,00    0,00    0,00    0,00    0,00    0,00
21:48:30       6  100,00    0,00    0,00    0,00    0,00    0,00    0,00    0,00    0,00    0,00
21:48:30       7  100,00    0,00    0,00    0,00    0,00    0,00    0,00    0,00    0,00    0,00
21:48:30       8  100,00    0,00    0,00    0,00    0,00    0,00    0,00    0,00    0,00    0,00
21:48:30       9  100,00    0,00    0,00    0,00    0,00    0,00    0,00    0,00    0,00    0,00
21:48:30      10  100,00    0,00    0,00    0,00    0,00    0,00    0,00    0,00    0,00    0,00
21:48:30      11  100,00    0,00    0,00    0,00    0,00    0,00    0,00    0,00    0,00    0,00
21:48:30      12  100,00    0,00    0,00    0,00    0,00    0,00    0,00    0,00    0,00    0,00
21:48:30      13    0,00    0,00    0,00    0,00    0,00    0,00    0,00    0,00    0,00  100,00
21:48:30      14    0,00    0,00    0,00    0,00    0,00    0,00    0,00    0,00    0,00  100,00
21:48:30      15  100,00    0,00    0,00    0,00    0,00    0,00    0,00    0,00    0,00    0,00
21:48:30      16    2,00    0,00    4,00    0,00    0,00    0,00    0,00    0,00    0,00   94,00
21:48:30      17    1,00    0,00    2,00    0,00    0,00    0,00    0,00    0,00    0,00   97,00
21:48:30      18  100,00    0,00    0,00    0,00    0,00    0,00    0,00    0,00    0,00    0,00
21:48:30      19    3,03    0,00    1,01    0,00    0,00    0,00    0,00    0,00    0,00   95,96
21:48:30      20    1,01    0,00    0,00    0,00    0,00    0,00    0,00    0,00    0,00   98,99
21:48:30      21   14,00    0,00    3,00    0,00    0,00    0,00    0,00    0,00    0,00   83,00
21:48:30      22  100,00    0,00    0,00    0,00    0,00    0,00    0,00    0,00    0,00    0,00
21:48:30      23    0,00    0,00    1,01    0,00    0,00    0,00    0,00    0,00    0,00   98,99

21:48:30     CPU    %usr   %nice    %sys %iowait    %irq   %soft  %steal  %guest  %gnice   %idle
21:48:31     all   67,35    0,00    0,50    0,00    0,00    0,00    0,00    0,00    0,00   32,15
21:48:31       0  100,00    0,00    0,00    0,00    0,00    0,00    0,00    0,00    0,00    0,00
21:48:31       1  100,00    0,00    0,00    0,00    0,00    0,00    0,00    0,00    0,00    0,00
21:48:31       2  100,00    0,00    0,00    0,00    0,00    0,00    0,00    0,00    0,00    0,00
21:48:31       3  100,00    0,00    0,00    0,00    0,00    0,00    0,00    0,00    0,00    0,00
21:48:31       4  100,00    0,00    0,00    0,00    0,00    0,00    0,00    0,00    0,00    0,00
21:48:31       5  100,00    0,00    0,00    0,00    0,00    0,00    0,00    0,00    0,00    0,00
21:48:31       6  100,00    0,00    0,00    0,00    0,00    0,00    0,00    0,00    0,00    0,00
21:48:31       7  100,00    0,00    0,00    0,00    0,00    0,00    0,00    0,00    0,00    0,00
21:48:31       8  100,00    0,00    0,00    0,00    0,00    0,00    0,00    0,00    0,00    0,00
21:48:31       9  100,00    0,00    0,00    0,00    0,00    0,00    0,00    0,00    0,00    0,00
21:48:31      10  100,00    0,00    0,00    0,00    0,00    0,00    0,00    0,00    0,00    0,00
21:48:31      11  100,00    0,00    0,00    0,00    0,00    0,00    0,00    0,00    0,00    0,00
21:48:31      12  100,00    0,00    0,00    0,00    0,00    0,00    0,00    0,00    0,00    0,00
21:48:31      13    0,00    0,00    0,00    0,00    0,00    0,00    0,00    0,00    0,00  100,00
21:48:31      14    0,00    0,00    0,00    0,00    0,00    0,00    0,00    0,00    0,00  100,00
21:48:31      15  100,00    0,00    0,00    0,00    0,00    0,00    0,00    0,00    0,00    0,00
21:48:31      16    2,02    0,00    1,01    0,00    0,00    0,00    0,00    0,00    0,00   96,97
21:48:31      17    3,03    0,00    2,02    0,00    0,00    0,00    0,00    0,00    0,00   94,95
21:48:31      18   99,00    0,00    1,00    0,00    0,00    0,00    0,00    0,00    0,00    0,00
21:48:31      19    7,07    0,00    5,05    0,00    0,00    0,00    0,00    0,00    0,00   87,88
21:48:31      20    0,99    0,00    0,99    0,00    0,00    0,00    0,00    0,00    0,00   98,02
21:48:31      21    1,01    0,00    0,00    0,00    0,00    0,00    0,00    0,00    0,00   98,99
21:48:31      22  100,00    0,00    0,00    0,00    0,00    0,00    0,00    0,00    0,00    0,00
21:48:31      23    0,00    0,00    2,02    0,00    0,00    0,00    0,00    0,00    0,00   97,98

21:48:31     CPU    %usr   %nice    %sys %iowait    %irq   %soft  %steal  %guest  %gnice   %idle
21:48:32     all   67,21    0,00    0,42    0,04    0,00    0,00    0,00    0,00    0,00   32,33
21:48:32       0  100,00    0,00    0,00    0,00    0,00    0,00    0,00    0,00    0,00    0,00
21:48:32       1  100,00    0,00    0,00    0,00    0,00    0,00    0,00    0,00    0,00    0,00
21:48:32       2  100,00    0,00    0,00    0,00    0,00    0,00    0,00    0,00    0,00    0,00
21:48:32       3  100,00    0,00    0,00    0,00    0,00    0,00    0,00    0,00    0,00    0,00
21:48:32       4  100,00    0,00    0,00    0,00    0,00    0,00    0,00    0,00    0,00    0,00
21:48:32       5  100,00    0,00    0,00    0,00    0,00    0,00    0,00    0,00    0,00    0,00
21:48:32       6  100,00    0,00    0,00    0,00    0,00    0,00    0,00    0,00    0,00    0,00
21:48:32       7  100,00    0,00    0,00    0,00    0,00    0,00    0,00    0,00    0,00    0,00
21:48:32       8  100,00    0,00    0,00    0,00    0,00    0,00    0,00    0,00    0,00    0,00
21:48:32       9  100,00    0,00    0,00    0,00    0,00    0,00    0,00    0,00    0,00    0,00
21:48:32      10  100,00    0,00    0,00    0,00    0,00    0,00    0,00    0,00    0,00    0,00
21:48:32      11  100,00    0,00    0,00    0,00    0,00    0,00    0,00    0,00    0,00    0,00
21:48:32      12  100,00    0,00    0,00    0,00    0,00    0,00    0,00    0,00    0,00    0,00
21:48:32      13    0,00    0,00    0,00    0,00    0,00    0,00    0,00    0,00    0,00  100,00
21:48:32      14    0,00    0,00    0,00    0,00    0,00    0,00    0,00    0,00    0,00  100,00
21:48:32      15  100,00    0,00    0,00    0,00    0,00    0,00    0,00    0,00    0,00    0,00
21:48:32      16    6,06    0,00    4,04    0,00    0,00    0,00    0,00    0,00    0,00   89,90
21:48:32      17    1,00    0,00    2,00    0,00    0,00    0,00    0,00    0,00    0,00   97,00
21:48:32      18  100,00    0,00    0,00    0,00    0,00    0,00    0,00    0,00    0,00    0,00
21:48:32      19    1,00    0,00    0,00    0,00    0,00    0,00    0,00    0,00    0,00   99,00
21:48:32      20    1,01    0,00    1,01    0,00    0,00    0,00    0,00    0,00    0,00   97,98
21:48:32      21    0,99    0,00    2,97    0,00    0,00    0,00    0,00    0,00    0,00   96,04
21:48:32      22  100,00    0,00    0,00    0,00    0,00    0,00    0,00    0,00    0,00    0,00
21:48:32      23    1,00    0,00    0,00    1,00    0,00    0,00    0,00    0,00    0,00   98,00

21:48:32     CPU    %usr   %nice    %sys %iowait    %irq   %soft  %steal  %guest  %gnice   %idle
21:48:33     all   68,28    0,00    0,71    0,08    0,00    0,00    0,00    0,00    0,00   30,93
21:48:33       0  100,00    0,00    0,00    0,00    0,00    0,00    0,00    0,00    0,00    0,00
21:48:33       1  100,00    0,00    0,00    0,00    0,00    0,00    0,00    0,00    0,00    0,00
21:48:33       2  100,00    0,00    0,00    0,00    0,00    0,00    0,00    0,00    0,00    0,00
21:48:33       3  100,00    0,00    0,00    0,00    0,00    0,00    0,00    0,00    0,00    0,00
21:48:33       4  100,00    0,00    0,00    0,00    0,00    0,00    0,00    0,00    0,00    0,00
21:48:33       5  100,00    0,00    0,00    0,00    0,00    0,00    0,00    0,00    0,00    0,00
21:48:33       6  100,00    0,00    0,00    0,00    0,00    0,00    0,00    0,00    0,00    0,00
21:48:33       7  100,00    0,00    0,00    0,00    0,00    0,00    0,00    0,00    0,00    0,00
21:48:33       8  100,00    0,00    0,00    0,00    0,00    0,00    0,00    0,00    0,00    0,00
21:48:33       9  100,00    0,00    0,00    0,00    0,00    0,00    0,00    0,00    0,00    0,00
21:48:33      10  100,00    0,00    0,00    0,00    0,00    0,00    0,00    0,00    0,00    0,00
21:48:33      11  100,00    0,00    0,00    0,00    0,00    0,00    0,00    0,00    0,00    0,00
21:48:33      12  100,00    0,00    0,00    0,00    0,00    0,00    0,00    0,00    0,00    0,00
21:48:33      13    4,00    0,00    1,00    1,00    0,00    0,00    0,00    0,00    0,00   94,00
21:48:33      14    0,00    0,00    1,00    0,00    0,00    0,00    0,00    0,00    0,00   99,00
21:48:33      15  100,00    0,00    0,00    0,00    0,00    0,00    0,00    0,00    0,00    0,00
21:48:33      16    1,00    0,00    1,00    0,00    0,00    0,00    0,00    0,00    0,00   98,00
21:48:33      17   10,00    0,00    5,00    0,00    0,00    0,00    0,00    0,00    0,00   85,00
21:48:33      18   99,00    0,00    1,00    0,00    0,00    0,00    0,00    0,00    0,00    0,00
21:48:33      19    6,00    0,00    2,00    0,00    0,00    0,00    0,00    0,00    0,00   92,00
21:48:33      20    4,00    0,00    4,00    1,00    0,00    0,00    0,00    0,00    0,00   91,00
21:48:33      21    6,06    0,00    0,00    0,00    0,00    0,00    0,00    0,00    0,00   93,94
21:48:33      22  100,00    0,00    0,00    0,00    0,00    0,00    0,00    0,00    0,00    0,00
21:48:33      23    8,00    0,00    2,00    0,00    0,00    0,00    0,00    0,00    0,00   90,00

21:48:33     CPU    %usr   %nice    %sys %iowait    %irq   %soft  %steal  %guest  %gnice   %idle
21:48:34     all   67,53    0,00    0,67    0,00    0,00    0,00    0,00    0,00    0,00   31,80
21:48:34       0   99,01    0,00    0,99    0,00    0,00    0,00    0,00    0,00    0,00    0,00
21:48:34       1  100,00    0,00    0,00    0,00    0,00    0,00    0,00    0,00    0,00    0,00
21:48:34       2  100,00    0,00    0,00    0,00    0,00    0,00    0,00    0,00    0,00    0,00
21:48:34       3  100,00    0,00    0,00    0,00    0,00    0,00    0,00    0,00    0,00    0,00
21:48:34       4  100,00    0,00    0,00    0,00    0,00    0,00    0,00    0,00    0,00    0,00
21:48:34       5  100,00    0,00    0,00    0,00    0,00    0,00    0,00    0,00    0,00    0,00
21:48:34       6  100,00    0,00    0,00    0,00    0,00    0,00    0,00    0,00    0,00    0,00
21:48:34       7  100,00    0,00    0,00    0,00    0,00    0,00    0,00    0,00    0,00    0,00
21:48:34       8  100,00    0,00    0,00    0,00    0,00    0,00    0,00    0,00    0,00    0,00
21:48:34       9  100,00    0,00    0,00    0,00    0,00    0,00    0,00    0,00    0,00    0,00
21:48:34      10  100,00    0,00    0,00    0,00    0,00    0,00    0,00    0,00    0,00    0,00
21:48:34      11  100,00    0,00    0,00    0,00    0,00    0,00    0,00    0,00    0,00    0,00
21:48:34      12  100,00    0,00    0,00    0,00    0,00    0,00    0,00    0,00    0,00    0,00
21:48:34      13    0,00    0,00    0,00    0,00    0,00    0,00    0,00    0,00    0,00  100,00
21:48:34      14    0,00    0,00    0,00    0,00    0,00    0,00    0,00    0,00    0,00  100,00
21:48:34      15  100,00    0,00    0,00    0,00    0,00    0,00    0,00    0,00    0,00    0,00
21:48:34      16    3,03    0,00    1,01    0,00    0,00    0,00    0,00    0,00    0,00   95,96
21:48:34      17    7,07    0,00    5,05    0,00    0,00    0,00    0,00    0,00    0,00   87,88
21:48:34      18  100,00    0,00    0,00    0,00    0,00    0,00    0,00    0,00    0,00    0,00
21:48:34      19    2,02    0,00    1,01    0,00    0,00    0,00    0,00    0,00    0,00   96,97
21:48:34      20    1,01    0,00    2,02    0,00    0,00    0,00    0,00    0,00    0,00   96,97
21:48:34      21    2,00    0,00    2,00    0,00    0,00    0,00    0,00    0,00    0,00   96,00
21:48:34      22  100,00    0,00    0,00    0,00    0,00    0,00    0,00    0,00    0,00    0,00
21:48:34      23    3,03    0,00    4,04    0,00    0,00    0,00    0,00    0,00    0,00   92,93

21:48:34     CPU    %usr   %nice    %sys %iowait    %irq   %soft  %steal  %guest  %gnice   %idle
21:48:35     all   67,57    0,00    0,46    0,00    0,00    0,00    0,00    0,00    0,00   31,97
21:48:35       0  100,00    0,00    0,00    0,00    0,00    0,00    0,00    0,00    0,00    0,00
21:48:35       1  100,00    0,00    0,00    0,00    0,00    0,00    0,00    0,00    0,00    0,00
21:48:35       2  100,00    0,00    0,00    0,00    0,00    0,00    0,00    0,00    0,00    0,00
21:48:35       3  100,00    0,00    0,00    0,00    0,00    0,00    0,00    0,00    0,00    0,00
21:48:35       4  100,00    0,00    0,00    0,00    0,00    0,00    0,00    0,00    0,00    0,00
21:48:35       5  100,00    0,00    0,00    0,00    0,00    0,00    0,00    0,00    0,00    0,00
21:48:35       6  100,00    0,00    0,00    0,00    0,00    0,00    0,00    0,00    0,00    0,00
21:48:35       7  100,00    0,00    0,00    0,00    0,00    0,00    0,00    0,00    0,00    0,00
21:48:35       8  100,00    0,00    0,00    0,00    0,00    0,00    0,00    0,00    0,00    0,00
21:48:35       9  100,00    0,00    0,00    0,00    0,00    0,00    0,00    0,00    0,00    0,00
21:48:35      10  100,00    0,00    0,00    0,00    0,00    0,00    0,00    0,00    0,00    0,00
21:48:35      11  100,00    0,00    0,00    0,00    0,00    0,00    0,00    0,00    0,00    0,00
21:48:35      12  100,00    0,00    0,00    0,00    0,00    0,00    0,00    0,00    0,00    0,00
21:48:35      13    2,02    0,00    0,00    0,00    0,00    0,00    0,00    0,00    0,00   97,98
21:48:35      14    0,99    0,00    0,00    0,00    0,00    0,00    0,00    0,00    0,00   99,01
21:48:35      15  100,00    0,00    0,00    0,00    0,00    0,00    0,00    0,00    0,00    0,00
21:48:35      16    3,03    0,00    1,01    0,00    0,00    0,00    0,00    0,00    0,00   95,96
21:48:35      17    4,00    0,00    2,00    0,00    0,00    0,00    0,00    0,00    0,00   94,00
21:48:35      18   99,00    0,00    1,00    0,00    0,00    0,00    0,00    0,00    0,00    0,00
21:48:35      19    4,04    0,00    1,01    0,00    0,00    0,00    0,00    0,00    0,00   94,95
21:48:35      20    1,01    0,00    1,01    0,00    0,00    0,00    0,00    0,00    0,00   97,98
21:48:35      21    3,03    0,00    1,01    0,00    0,00    0,00    0,00    0,00    0,00   95,96
21:48:35      22  100,00    0,00    0,00    0,00    0,00    0,00    0,00    0,00    0,00    0,00
21:48:35      23    2,00    0,00    4,00    0,00    0,00    0,00    0,00    0,00    0,00   94,00

21:48:35     CPU    %usr   %nice    %sys %iowait    %irq   %soft  %steal  %guest  %gnice   %idle
21:48:36     all   67,56    0,00    0,42    0,04    0,00    0,00    0,00    0,00    0,00   31,98
21:48:36       0  100,00    0,00    0,00    0,00    0,00    0,00    0,00    0,00    0,00    0,00
21:48:36       1  100,00    0,00    0,00    0,00    0,00    0,00    0,00    0,00    0,00    0,00
21:48:36       2  100,00    0,00    0,00    0,00    0,00    0,00    0,00    0,00    0,00    0,00
21:48:36       3  100,00    0,00    0,00    0,00    0,00    0,00    0,00    0,00    0,00    0,00
21:48:36       4  100,00    0,00    0,00    0,00    0,00    0,00    0,00    0,00    0,00    0,00
21:48:36       5  100,00    0,00    0,00    0,00    0,00    0,00    0,00    0,00    0,00    0,00
21:48:36       6  100,00    0,00    0,00    0,00    0,00    0,00    0,00    0,00    0,00    0,00
21:48:36       7  100,00    0,00    0,00    0,00    0,00    0,00    0,00    0,00    0,00    0,00
21:48:36       8  100,00    0,00    0,00    0,00    0,00    0,00    0,00    0,00    0,00    0,00
21:48:36       9  100,00    0,00    0,00    0,00    0,00    0,00    0,00    0,00    0,00    0,00
21:48:36      10  100,00    0,00    0,00    0,00    0,00    0,00    0,00    0,00    0,00    0,00
21:48:36      11  100,00    0,00    0,00    0,00    0,00    0,00    0,00    0,00    0,00    0,00
21:48:36      12  100,00    0,00    0,00    0,00    0,00    0,00    0,00    0,00    0,00    0,00
21:48:36      13    1,01    0,00    0,00    0,00    0,00    0,00    0,00    0,00    0,00   98,99
21:48:36      14    0,00    0,00    0,00    0,00    0,00    0,00    0,00    0,00    0,00  100,00
21:48:36      15  100,00    0,00    0,00    0,00    0,00    0,00    0,00    0,00    0,00    0,00
21:48:36      16    3,03    0,00    1,01    0,00    0,00    0,00    0,00    0,00    0,00   95,96
21:48:36      17    7,07    0,00    5,05    0,00    0,00    0,00    0,00    0,00    0,00   87,88
21:48:36      18  100,00    0,00    0,00    0,00    0,00    0,00    0,00    0,00    0,00    0,00
21:48:36      19    2,00    0,00    1,00    1,00    0,00    0,00    0,00    0,00    0,00   96,00
21:48:36      20    2,00    0,00    1,00    0,00    0,00    0,00    0,00    0,00    0,00   97,00
21:48:36      21    0,00    0,00    1,02    0,00    0,00    0,00    0,00    0,00    0,00   98,98
21:48:36      22  100,00    0,00    0,00    0,00    0,00    0,00    0,00    0,00    0,00    0,00
21:48:36      23    1,02    0,00    1,02    0,00    0,00    0,00    0,00    0,00    0,00   97,96

21:48:36     CPU    %usr   %nice    %sys %iowait    %irq   %soft  %steal  %guest  %gnice   %idle
21:48:37     all   68,24    0,00    0,92    0,04    0,00    0,00    0,00    0,00    0,00   30,80
21:48:37       0  100,00    0,00    0,00    0,00    0,00    0,00    0,00    0,00    0,00    0,00
21:48:37       1  100,00    0,00    0,00    0,00    0,00    0,00    0,00    0,00    0,00    0,00
21:48:37       2  100,00    0,00    0,00    0,00    0,00    0,00    0,00    0,00    0,00    0,00
21:48:37       3  100,00    0,00    0,00    0,00    0,00    0,00    0,00    0,00    0,00    0,00
21:48:37       4  100,00    0,00    0,00    0,00    0,00    0,00    0,00    0,00    0,00    0,00
21:48:37       5  100,00    0,00    0,00    0,00    0,00    0,00    0,00    0,00    0,00    0,00
21:48:37       6  100,00    0,00    0,00    0,00    0,00    0,00    0,00    0,00    0,00    0,00
21:48:37       7  100,00    0,00    0,00    0,00    0,00    0,00    0,00    0,00    0,00    0,00
21:48:37       8  100,00    0,00    0,00    0,00    0,00    0,00    0,00    0,00    0,00    0,00
21:48:37       9  100,00    0,00    0,00    0,00    0,00    0,00    0,00    0,00    0,00    0,00
21:48:37      10  100,00    0,00    0,00    0,00    0,00    0,00    0,00    0,00    0,00    0,00
21:48:37      11  100,00    0,00    0,00    0,00    0,00    0,00    0,00    0,00    0,00    0,00
21:48:37      12  100,00    0,00    0,00    0,00    0,00    0,00    0,00    0,00    0,00    0,00
21:48:37      13    2,00    0,00    1,00    1,00    0,00    0,00    0,00    0,00    0,00   96,00
21:48:37      14    0,00    0,00    0,00    0,00    0,00    0,00    0,00    0,00    0,00  100,00
21:48:37      15  100,00    0,00    0,00    0,00    0,00    0,00    0,00    0,00    0,00    0,00
21:48:37      16    6,00    0,00    8,00    0,00    0,00    0,00    0,00    0,00    0,00   86,00
21:48:37      17    1,02    0,00    2,04    0,00    0,00    0,00    0,00    0,00    0,00   96,94
21:48:37      18   99,00    0,00    1,00    0,00    0,00    0,00    0,00    0,00    0,00    0,00
21:48:37      19    5,05    0,00    3,03    0,00    0,00    0,00    0,00    0,00    0,00   91,92
21:48:37      20   18,18    0,00    4,04    0,00    0,00    0,00    0,00    0,00    0,00   77,78
21:48:37      21    2,02    0,00    1,01    0,00    0,00    0,00    0,00    0,00    0,00   96,97
21:48:37      22  100,00    0,00    0,00    0,00    0,00    0,00    0,00    0,00    0,00    0,00
21:48:37      23    1,98    0,00    1,98    0,00    0,00    0,00    0,00    0,00    0,00   96,04
