Linux 6.8.0-111-generic (testbed-node5) 	13/05/26 	_x86_64_	(24 CPU)

04:32:36     CPU    %usr   %nice    %sys %iowait    %irq   %soft  %steal  %guest  %gnice   %idle
04:32:37     all   29,25    0,00    0,00    0,00    0,00    0,00    0,00    0,00    0,00   70,75
04:32:37       0  100,00    0,00    0,00    0,00    0,00    0,00    0,00    0,00    0,00    0,00
04:32:37       1  100,00    0,00    0,00    0,00    0,00    0,00    0,00    0,00    0,00    0,00
04:32:37       2  100,00    0,00    0,00    0,00    0,00    0,00    0,00    0,00    0,00    0,00
04:32:37       3  100,00    0,00    0,00    0,00    0,00    0,00    0,00    0,00    0,00    0,00
04:32:37       4  100,00    0,00    0,00    0,00    0,00    0,00    0,00    0,00    0,00    0,00
04:32:37       5  100,00    0,00    0,00    0,00    0,00    0,00    0,00    0,00    0,00    0,00
04:32:37       6  100,00    0,00    0,00    0,00    0,00    0,00    0,00    0,00    0,00    0,00
04:32:37       7    0,00    0,00    0,00    0,00    0,00    0,00    0,00    0,00    0,00  100,00
04:32:37       8    0,00    0,00    0,00    0,00    0,00    0,00    0,00    0,00    0,00  100,00
04:32:37       9    0,00    0,00    0,00    0,00    0,00    0,00    0,00    0,00    0,00  100,00
04:32:37      10    1,00    0,00    0,00    0,00    0,00    0,00    0,00    0,00    0,00   99,00
04:32:37      11    0,00    0,00    0,00    0,00    0,00    0,00    0,00    0,00    0,00  100,00
04:32:37      12    0,00    0,00    0,00    0,00    0,00    0,00    0,00    0,00    0,00  100,00
04:32:37      13    0,00    0,00    0,00    0,00    0,00    0,00    0,00    0,00    0,00  100,00
04:32:37      14    0,00    0,00    0,00    0,00    0,00    0,00    0,00    0,00    0,00  100,00
04:32:37      15    0,00    0,00    0,00    0,00    0,00    0,00    0,00    0,00    0,00  100,00
04:32:37      16    0,00    0,00    0,00    0,00    0,00    0,00    0,00    0,00    0,00  100,00
04:32:37      17    0,00    0,00    0,00    0,00    0,00    0,00    0,00    0,00    0,00  100,00
04:32:37      18    0,00    0,00    0,00    0,00    0,00    0,00    0,00    0,00    0,00  100,00
04:32:37      19    0,99    0,00    0,00    0,00    0,00    0,00    0,00    0,00    0,00   99,01
04:32:37      20    0,00    0,00    0,00    0,00    0,00    0,00    0,00    0,00    0,00  100,00
04:32:37      21    0,00    0,00    0,00    0,00    0,00    0,00    0,00    0,00    0,00  100,00
04:32:37      22    0,00    0,00    0,00    0,00    0,00    0,00    0,00    0,00    0,00  100,00
04:32:37      23    0,00    0,00    0,00    0,00    0,00    0,00    0,00    0,00    0,00  100,00

04:32:37     CPU    %usr   %nice    %sys %iowait    %irq   %soft  %steal  %guest  %gnice   %idle
04:32:38     all   29,17    0,00    0,00    0,00    0,00    0,00    0,00    0,00    0,00   70,83
04:32:38       0  100,00    0,00    0,00    0,00    0,00    0,00    0,00    0,00    0,00    0,00
04:32:38       1  100,00    0,00    0,00    0,00    0,00    0,00    0,00    0,00    0,00    0,00
04:32:38       2  100,00    0,00    0,00    0,00    0,00    0,00    0,00    0,00    0,00    0,00
04:32:38       3  100,00    0,00    0,00    0,00    0,00    0,00    0,00    0,00    0,00    0,00
04:32:38       4  100,00    0,00    0,00    0,00    0,00    0,00    0,00    0,00    0,00    0,00
04:32:38       5  100,00    0,00    0,00    0,00    0,00    0,00    0,00    0,00    0,00    0,00
04:32:38       6  100,00    0,00    0,00    0,00    0,00    0,00    0,00    0,00    0,00    0,00
04:32:38       7    0,00    0,00    0,00    0,00    0,00    0,00    0,00    0,00    0,00  100,00
04:32:38       8    0,00    0,00    0,00    0,00    0,00    0,00    0,00    0,00    0,00  100,00
04:32:38       9    0,00    0,00    0,00    0,00    0,00    0,00    0,00    0,00    0,00  100,00
04:32:38      10    0,00    0,00    0,00    0,00    0,00    0,00    0,00    0,00    0,00  100,00
04:32:38      11    0,00    0,00    0,00    0,00    0,00    0,00    0,00    0,00    0,00  100,00
04:32:38      12    0,00    0,00    0,00    0,00    0,00    0,00    0,00    0,00    0,00  100,00
04:32:38      13    0,00    0,00    0,00    0,00    0,00    0,00    0,00    0,00    0,00  100,00
04:32:38      14    0,00    0,00    0,00    0,00    0,00    0,00    0,00    0,00    0,00  100,00
04:32:38      15    0,00    0,00    0,00    0,00    0,00    0,00    0,00    0,00    0,00  100,00
04:32:38      16    0,00    0,00    0,00    0,00    0,00    0,00    0,00    0,00    0,00  100,00
04:32:38      17    0,00    0,00    0,00    0,00    0,00    0,00    0,00    0,00    0,00  100,00
04:32:38      18    0,00    0,00    0,00    0,00    0,00    0,00    0,00    0,00    0,00  100,00
04:32:38      19    0,00    0,00    0,00    0,00    0,00    0,00    0,00    0,00    0,00  100,00
04:32:38      20    0,00    0,00    0,00    0,00    0,00    0,00    0,00    0,00    0,00  100,00
04:32:38      21    0,00    0,00    0,00    0,00    0,00    0,00    0,00    0,00    0,00  100,00
04:32:38      22    0,00    0,00    0,00    0,00    0,00    0,00    0,00    0,00    0,00  100,00
04:32:38      23    0,00    0,00    0,00    0,00    0,00    0,00    0,00    0,00    0,00  100,00

04:32:38     CPU    %usr   %nice    %sys %iowait    %irq   %soft  %steal  %guest  %gnice   %idle
04:32:39     all   29,55    0,00    0,13    0,04    0,00    0,00    0,00    0,00    0,00   70,28
04:32:39       0  100,00    0,00    0,00    0,00    0,00    0,00    0,00    0,00    0,00    0,00
04:32:39       1  100,00    0,00    0,00    0,00    0,00    0,00    0,00    0,00    0,00    0,00
04:32:39       2  100,00    0,00    0,00    0,00    0,00    0,00    0,00    0,00    0,00    0,00
04:32:39       3  100,00    0,00    0,00    0,00    0,00    0,00    0,00    0,00    0,00    0,00
04:32:39       4  100,00    0,00    0,00    0,00    0,00    0,00    0,00    0,00    0,00    0,00
04:32:39       5  100,00    0,00    0,00    0,00    0,00    0,00    0,00    0,00    0,00    0,00
04:32:39       6  100,00    0,00    0,00    0,00    0,00    0,00    0,00    0,00    0,00    0,00
04:32:39       7    0,00    0,00    0,00    0,00    0,00    0,00    0,00    0,00    0,00  100,00
04:32:39       8    3,00    0,00    0,00    0,00    0,00    0,00    0,00    0,00    0,00   97,00
04:32:39       9    0,00    0,00    0,00    0,00    0,00    0,00    0,00    0,00    0,00  100,00
04:32:39      10    0,00    0,00    0,00    0,00    0,00    0,00    0,00    0,00    0,00  100,00
04:32:39      11    0,00    0,00    0,00    0,00    0,00    0,00    0,00    0,00    0,00  100,00
04:32:39      12    0,00    0,00    0,00    0,00    0,00    0,00    0,00    0,00    0,00  100,00
04:32:39      13    0,00    0,00    0,00    0,00    0,00    0,00    0,00    0,00    0,00  100,00
04:32:39      14    0,00    0,00    0,00    0,00    0,00    0,00    0,00    0,00    0,00  100,00
04:32:39      15    0,00    0,00    0,00    0,00    0,00    0,00    0,00    0,00    0,00  100,00
04:32:39      16    5,00    0,00    1,00    0,00    0,00    0,00    0,00    0,00    0,00   94,00
04:32:39      17    0,00    0,00    0,00    1,01    0,00    0,00    0,00    0,00    0,00   98,99
04:32:39      18    0,00    0,00    0,00    0,00    0,00    0,00    0,00    0,00    0,00  100,00
04:32:39      19    0,00    0,00    1,00    0,00    0,00    0,00    0,00    0,00    0,00   99,00
04:32:39      20    0,00    0,00    0,00    0,00    0,00    0,00    0,00    0,00    0,00  100,00
04:32:39      21    0,99    0,00    0,99    0,00    0,00    0,00    0,00    0,00    0,00   98,02
04:32:39      22    0,00    0,00    0,00    0,00    0,00    0,00    0,00    0,00    0,00  100,00
04:32:39      23    0,00    0,00    0,00    0,00    0,00    0,00    0,00    0,00    0,00  100,00

04:32:39     CPU    %usr   %nice    %sys %iowait    %irq   %soft  %steal  %guest  %gnice   %idle
04:32:40     all   29,18    0,00    0,00    0,00    0,00    0,00    0,00    0,00    0,00   70,82
04:32:40       0  100,00    0,00    0,00    0,00    0,00    0,00    0,00    0,00    0,00    0,00
04:32:40       1  100,00    0,00    0,00    0,00    0,00    0,00    0,00    0,00    0,00    0,00
04:32:40       2  100,00    0,00    0,00    0,00    0,00    0,00    0,00    0,00    0,00    0,00
04:32:40       3  100,00    0,00    0,00    0,00    0,00    0,00    0,00    0,00    0,00    0,00
04:32:40       4  100,00    0,00    0,00    0,00    0,00    0,00    0,00    0,00    0,00    0,00
04:32:40       5  100,00    0,00    0,00    0,00    0,00    0,00    0,00    0,00    0,00    0,00
04:32:40       6  100,00    0,00    0,00    0,00    0,00    0,00    0,00    0,00    0,00    0,00
04:32:40       7    0,00    0,00    0,00    0,00    0,00    0,00    0,00    0,00    0,00  100,00
04:32:40       8    0,00    0,00    0,00    0,00    0,00    0,00    0,00    0,00    0,00  100,00
04:32:40       9    0,00    0,00    0,00    0,00    0,00    0,00    0,00    0,00    0,00  100,00
04:32:40      10    0,00    0,00    0,00    0,00    0,00    0,00    0,00    0,00    0,00  100,00
04:32:40      11    0,00    0,00    0,00    0,00    0,00    0,00    0,00    0,00    0,00  100,00
04:32:40      12    0,00    0,00    0,00    0,00    0,00    0,00    0,00    0,00    0,00  100,00
04:32:40      13    0,00    0,00    0,00    0,00    0,00    0,00    0,00    0,00    0,00  100,00
04:32:40      14    0,00    0,00    0,00    0,00    0,00    0,00    0,00    0,00    0,00  100,00
04:32:40      15    0,00    0,00    0,00    0,00    0,00    0,00    0,00    0,00    0,00  100,00
04:32:40      16    0,00    0,00    0,00    0,00    0,00    0,00    0,00    0,00    0,00  100,00
04:32:40      17    0,00    0,00    0,00    0,00    0,00    0,00    0,00    0,00    0,00  100,00
04:32:40      18    0,00    0,00    0,00    0,00    0,00    0,00    0,00    0,00    0,00  100,00
04:32:40      19    0,00    0,00    0,00    0,00    0,00    0,00    0,00    0,00    0,00  100,00
04:32:40      20    0,00    0,00    0,00    0,00    0,00    0,00    0,00    0,00    0,00  100,00
04:32:40      21    0,00    0,00    0,00    0,00    0,00    0,00    0,00    0,00    0,00  100,00
04:32:40      22    0,00    0,00    0,00    0,00    0,00    0,00    0,00    0,00    0,00  100,00
04:32:40      23    0,00    0,00    0,00    0,00    0,00    0,00    0,00    0,00    0,00  100,00

04:32:40     CPU    %usr   %nice    %sys %iowait    %irq   %soft  %steal  %guest  %gnice   %idle
04:32:41     all   29,15    0,00    0,00    0,00    0,00    0,00    0,00    0,00    0,00   70,85
04:32:41       0  100,00    0,00    0,00    0,00    0,00    0,00    0,00    0,00    0,00    0,00
04:32:41       1  100,00    0,00    0,00    0,00    0,00    0,00    0,00    0,00    0,00    0,00
04:32:41       2  100,00    0,00    0,00    0,00    0,00    0,00    0,00    0,00    0,00    0,00
04:32:41       3  100,00    0,00    0,00    0,00    0,00    0,00    0,00    0,00    0,00    0,00
04:32:41       4  100,00    0,00    0,00    0,00    0,00    0,00    0,00    0,00    0,00    0,00
04:32:41       5  100,00    0,00    0,00    0,00    0,00    0,00    0,00    0,00    0,00    0,00
04:32:41       6  100,00    0,00    0,00    0,00    0,00    0,00    0,00    0,00    0,00    0,00
04:32:41       7    0,00    0,00    0,00    0,00    0,00    0,00    0,00    0,00    0,00  100,00
04:32:41       8    0,00    0,00    0,00    0,00    0,00    0,00    0,00    0,00    0,00  100,00
04:32:41       9    0,00    0,00    0,00    0,00    0,00    0,00    0,00    0,00    0,00  100,00
04:32:41      10    0,00    0,00    0,00    0,00    0,00    0,00    0,00    0,00    0,00  100,00
04:32:41      11    0,00    0,00    0,00    0,00    0,00    0,00    0,00    0,00    0,00  100,00
04:32:41      12    0,00    0,00    0,00    0,00    0,00    0,00    0,00    0,00    0,00  100,00
04:32:41      13    0,00    0,00    0,00    0,00    0,00    0,00    0,00    0,00    0,00  100,00
04:32:41      14    0,00    0,00    0,00    0,00    0,00    0,00    0,00    0,00    0,00  100,00
04:32:41      15    0,00    0,00    0,00    0,00    0,00    0,00    0,00    0,00    0,00  100,00
04:32:41      16    0,00    0,00    0,00    0,00    0,00    0,00    0,00    0,00    0,00  100,00
04:32:41      17    0,00    0,00    0,00    0,00    0,00    0,00    0,00    0,00    0,00  100,00
04:32:41      18    0,00    0,00    0,00    0,00    0,00    0,00    0,00    0,00    0,00  100,00
04:32:41      19    0,00    0,00    0,00    0,00    0,00    0,00    0,00    0,00    0,00  100,00
04:32:41      20    0,00    0,00    0,00    0,00    0,00    0,00    0,00    0,00    0,00  100,00
04:32:41      21    0,00    0,00    0,00    0,00    0,00    0,00    0,00    0,00    0,00  100,00
04:32:41      22    0,00    0,00    0,00    0,00    0,00    0,00    0,00    0,00    0,00  100,00
04:32:41      23    0,00    0,00    0,00    0,00    0,00    0,00    0,00    0,00    0,00  100,00

04:32:41     CPU    %usr   %nice    %sys %iowait    %irq   %soft  %steal  %guest  %gnice   %idle
04:32:42     all   29,20    0,00    0,00    0,00    0,00    0,00    0,00    0,00    0,00   70,80
04:32:42       0  100,00    0,00    0,00    0,00    0,00    0,00    0,00    0,00    0,00    0,00
04:32:42       1  100,00    0,00    0,00    0,00    0,00    0,00    0,00    0,00    0,00    0,00
04:32:42       2  100,00    0,00    0,00    0,00    0,00    0,00    0,00    0,00    0,00    0,00
04:32:42       3  100,00    0,00    0,00    0,00    0,00    0,00    0,00    0,00    0,00    0,00
04:32:42       4  100,00    0,00    0,00    0,00    0,00    0,00    0,00    0,00    0,00    0,00
04:32:42       5  100,00    0,00    0,00    0,00    0,00    0,00    0,00    0,00    0,00    0,00
04:32:42       6  100,00    0,00    0,00    0,00    0,00    0,00    0,00    0,00    0,00    0,00
04:32:42       7    0,00    0,00    0,00    0,00    0,00    0,00    0,00    0,00    0,00  100,00
04:32:42       8    0,00    0,00    0,00    0,00    0,00    0,00    0,00    0,00    0,00  100,00
04:32:42       9    0,00    0,00    0,00    0,00    0,00    0,00    0,00    0,00    0,00  100,00
04:32:42      10    0,00    0,00    0,00    0,00    0,00    0,00    0,00    0,00    0,00  100,00
04:32:42      11    0,00    0,00    0,00    0,00    0,00    0,00    0,00    0,00    0,00  100,00
04:32:42      12    0,00    0,00    0,00    0,00    0,00    0,00    0,00    0,00    0,00  100,00
04:32:42      13    0,00    0,00    0,00    0,00    0,00    0,00    0,00    0,00    0,00  100,00
04:32:42      14    0,00    0,00    0,00    0,00    0,00    0,00    0,00    0,00    0,00  100,00
04:32:42      15    0,00    0,00    0,00    0,00    0,00    0,00    0,00    0,00    0,00  100,00
04:32:42      16    0,00    0,00    0,00    0,00    0,00    0,00    0,00    0,00    0,00  100,00
04:32:42      17    0,00    0,00    0,00    0,00    0,00    0,00    0,00    0,00    0,00  100,00
04:32:42      18    0,00    0,00    0,00    0,00    0,00    0,00    0,00    0,00    0,00  100,00
04:32:42      19    0,00    0,00    0,00    0,00    0,00    0,00    0,00    0,00    0,00  100,00
04:32:42      20    0,00    0,00    0,00    0,00    0,00    0,00    0,00    0,00    0,00  100,00
04:32:42      21    0,00    0,00    0,00    0,00    0,00    0,00    0,00    0,00    0,00  100,00
04:32:42      22    0,00    0,00    0,00    0,00    0,00    0,00    0,00    0,00    0,00  100,00
04:32:42      23    0,00    0,00    0,00    0,00    0,00    0,00    0,00    0,00    0,00  100,00

04:32:42     CPU    %usr   %nice    %sys %iowait    %irq   %soft  %steal  %guest  %gnice   %idle
04:32:43     all   29,17    0,00    0,00    0,00    0,00    0,00    0,00    0,00    0,00   70,83
04:32:43       0  100,00    0,00    0,00    0,00    0,00    0,00    0,00    0,00    0,00    0,00
04:32:43       1  100,00    0,00    0,00    0,00    0,00    0,00    0,00    0,00    0,00    0,00
04:32:43       2  100,00    0,00    0,00    0,00    0,00    0,00    0,00    0,00    0,00    0,00
04:32:43       3  100,00    0,00    0,00    0,00    0,00    0,00    0,00    0,00    0,00    0,00
04:32:43       4  100,00    0,00    0,00    0,00    0,00    0,00    0,00    0,00    0,00    0,00
04:32:43       5  100,00    0,00    0,00    0,00    0,00    0,00    0,00    0,00    0,00    0,00
04:32:43       6  100,00    0,00    0,00    0,00    0,00    0,00    0,00    0,00    0,00    0,00
04:32:43       7    0,00    0,00    0,00    0,00    0,00    0,00    0,00    0,00    0,00  100,00
04:32:43       8    0,00    0,00    0,00    0,00    0,00    0,00    0,00    0,00    0,00  100,00
04:32:43       9    0,00    0,00    0,00    0,00    0,00    0,00    0,00    0,00    0,00  100,00
04:32:43      10    0,00    0,00    0,00    0,00    0,00    0,00    0,00    0,00    0,00  100,00
04:32:43      11    0,00    0,00    0,00    0,00    0,00    0,00    0,00    0,00    0,00  100,00
04:32:43      12    0,00    0,00    0,00    0,00    0,00    0,00    0,00    0,00    0,00  100,00
04:32:43      13    0,00    0,00    0,00    0,00    0,00    0,00    0,00    0,00    0,00  100,00
04:32:43      14    0,00    0,00    0,00    0,00    0,00    0,00    0,00    0,00    0,00  100,00
04:32:43      15    0,00    0,00    0,00    0,00    0,00    0,00    0,00    0,00    0,00  100,00
04:32:43      16    0,00    0,00    0,00    0,00    0,00    0,00    0,00    0,00    0,00  100,00
04:32:43      17    0,00    0,00    0,00    0,00    0,00    0,00    0,00    0,00    0,00  100,00
04:32:43      18    0,00    0,00    0,00    0,00    0,00    0,00    0,00    0,00    0,00  100,00
04:32:43      19    0,00    0,00    0,00    0,00    0,00    0,00    0,00    0,00    0,00  100,00
04:32:43      20    0,00    0,00    0,00    0,00    0,00    0,00    0,00    0,00    0,00  100,00
04:32:43      21    0,00    0,00    0,00    0,00    0,00    0,00    0,00    0,00    0,00  100,00
04:32:43      22    0,00    0,00    0,00    0,00    0,00    0,00    0,00    0,00    0,00  100,00
04:32:43      23    0,00    0,00    0,00    0,00    0,00    0,00    0,00    0,00    0,00  100,00

04:32:43     CPU    %usr   %nice    %sys %iowait    %irq   %soft  %steal  %guest  %gnice   %idle
04:32:44     all   29,57    0,00    0,29    0,04    0,00    0,00    0,00    0,00    0,00   70,10
04:32:44       0  100,00    0,00    0,00    0,00    0,00    0,00    0,00    0,00    0,00    0,00
04:32:44       1  100,00    0,00    0,00    0,00    0,00    0,00    0,00    0,00    0,00    0,00
04:32:44       2  100,00    0,00    0,00    0,00    0,00    0,00    0,00    0,00    0,00    0,00
04:32:44       3  100,00    0,00    0,00    0,00    0,00    0,00    0,00    0,00    0,00    0,00
04:32:44       4  100,00    0,00    0,00    0,00    0,00    0,00    0,00    0,00    0,00    0,00
04:32:44       5  100,00    0,00    0,00    0,00    0,00    0,00    0,00    0,00    0,00    0,00
04:32:44       6  100,00    0,00    0,00    0,00    0,00    0,00    0,00    0,00    0,00    0,00
04:32:44       7    0,00    0,00    0,00    0,00    0,00    0,00    0,00    0,00    0,00  100,00
04:32:44       8    0,00    0,00    0,00    0,00    0,00    0,00    0,00    0,00    0,00  100,00
04:32:44       9    0,00    0,00    0,00    0,00    0,00    0,00    0,00    0,00    0,00  100,00
04:32:44      10    0,00    0,00    0,00    0,00    0,00    0,00    0,00    0,00    0,00  100,00
04:32:44      11    8,00    0,00    7,00    0,00    0,00    0,00    0,00    0,00    0,00   85,00
04:32:44      12    0,00    0,00    0,00    0,00    0,00    0,00    0,00    0,00    0,00  100,00
04:32:44      13    0,00    0,00    0,00    0,00    0,00    0,00    0,00    0,00    0,00  100,00
04:32:44      14    0,00    0,00    0,00    0,00    0,00    0,00    0,00    0,00    0,00  100,00
04:32:44      15    0,00    0,00    0,00    0,00    0,00    0,00    0,00    0,00    0,00  100,00
04:32:44      16    0,00    0,00    0,00    0,00    0,00    0,00    0,00    0,00    0,00  100,00
04:32:44      17    0,00    0,00    0,00    0,99    0,00    0,00    0,00    0,00    0,00   99,01
04:32:44      18    0,00    0,00    0,00    0,00    0,00    0,00    0,00    0,00    0,00  100,00
04:32:44      19    0,00    0,00    0,00    0,00    0,00    0,00    0,00    0,00    0,00  100,00
04:32:44      20    0,00    0,00    0,00    0,00    0,00    0,00    0,00    0,00    0,00  100,00
04:32:44      21    0,00    0,00    0,00    0,00    0,00    0,00    0,00    0,00    0,00  100,00
04:32:44      22    0,00    0,00    0,00    0,00    0,00    0,00    0,00    0,00    0,00  100,00
04:32:44      23    2,00    0,00    0,00    0,00    0,00    0,00    0,00    0,00    0,00   98,00

04:32:44     CPU    %usr   %nice    %sys %iowait    %irq   %soft  %steal  %guest  %gnice   %idle
04:32:45     all   29,22    0,00    0,00    0,04    0,00    0,00    0,00    0,00    0,00   70,74
04:32:45       0  100,00    0,00    0,00    0,00    0,00    0,00    0,00    0,00    0,00    0,00
04:32:45       1  100,00    0,00    0,00    0,00    0,00    0,00    0,00    0,00    0,00    0,00
04:32:45       2  100,00    0,00    0,00    0,00    0,00    0,00    0,00    0,00    0,00    0,00
04:32:45       3  100,00    0,00    0,00    0,00    0,00    0,00    0,00    0,00    0,00    0,00
04:32:45       4  100,00    0,00    0,00    0,00    0,00    0,00    0,00    0,00    0,00    0,00
04:32:45       5  100,00    0,00    0,00    0,00    0,00    0,00    0,00    0,00    0,00    0,00
04:32:45       6  100,00    0,00    0,00    0,00    0,00    0,00    0,00    0,00    0,00    0,00
04:32:45       7    0,00    0,00    0,00    0,00    0,00    0,00    0,00    0,00    0,00  100,00
04:32:45       8    0,00    0,00    0,00    0,00    0,00    0,00    0,00    0,00    0,00  100,00
04:32:45       9    0,00    0,00    0,00    0,00    0,00    0,00    0,00    0,00    0,00  100,00
04:32:45      10    0,00    0,00    0,00    0,00    0,00    0,00    0,00    0,00    0,00  100,00
04:32:45      11    0,00    0,00    0,00    0,00    0,00    0,00    0,00    0,00    0,00  100,00
04:32:45      12    0,00    0,00    0,00    0,00    0,00    0,00    0,00    0,00    0,00  100,00
04:32:45      13    0,00    0,00    0,00    0,00    0,00    0,00    0,00    0,00    0,00  100,00
04:32:45      14    0,00    0,00    0,00    0,00    0,00    0,00    0,00    0,00    0,00  100,00
04:32:45      15    0,00    0,00    0,00    0,00    0,00    0,00    0,00    0,00    0,00  100,00
04:32:45      16    0,00    0,00    0,00    0,00    0,00    0,00    0,00    0,00    0,00  100,00
04:32:45      17    0,00    0,00    0,00    0,00    0,00    0,00    0,00    0,00    0,00  100,00
04:32:45      18    0,99    0,00    0,00    0,99    0,00    0,00    0,00    0,00    0,00   98,02
04:32:45      19    0,00    0,00    0,00    0,00    0,00    0,00    0,00    0,00    0,00  100,00
04:32:45      20    0,00    0,00    0,00    0,00    0,00    0,00    0,00    0,00    0,00  100,00
04:32:45      21    0,00    0,00    0,00    0,00    0,00    0,00    0,00    0,00    0,00  100,00
04:32:45      22    0,00    0,00    0,00    0,00    0,00    0,00    0,00    0,00    0,00  100,00
04:32:45      23    0,00    0,00    0,00    0,00    0,00    0,00    0,00    0,00    0,00  100,00

04:32:45     CPU    %usr   %nice    %sys %iowait    %irq   %soft  %steal  %guest  %gnice   %idle
04:32:46     all   29,17    0,00    0,00    0,00    0,00    0,00    0,00    0,00    0,00   70,83
04:32:46       0  100,00    0,00    0,00    0,00    0,00    0,00    0,00    0,00    0,00    0,00
04:32:46       1  100,00    0,00    0,00    0,00    0,00    0,00    0,00    0,00    0,00    0,00
04:32:46       2  100,00    0,00    0,00    0,00    0,00    0,00    0,00    0,00    0,00    0,00
04:32:46       3  100,00    0,00    0,00    0,00    0,00    0,00    0,00    0,00    0,00    0,00
04:32:46       4  100,00    0,00    0,00    0,00    0,00    0,00    0,00    0,00    0,00    0,00
04:32:46       5  100,00    0,00    0,00    0,00    0,00    0,00    0,00    0,00    0,00    0,00
04:32:46       6  100,00    0,00    0,00    0,00    0,00    0,00    0,00    0,00    0,00    0,00
04:32:46       7    0,00    0,00    0,00    0,00    0,00    0,00    0,00    0,00    0,00  100,00
04:32:46       8    0,00    0,00    0,00    0,00    0,00    0,00    0,00    0,00    0,00  100,00
04:32:46       9    0,00    0,00    0,00    0,00    0,00    0,00    0,00    0,00    0,00  100,00
04:32:46      10    0,00    0,00    0,00    0,00    0,00    0,00    0,00    0,00    0,00  100,00
04:32:46      11    0,00    0,00    0,00    0,00    0,00    0,00    0,00    0,00    0,00  100,00
04:32:46      12    0,00    0,00    0,00    0,00    0,00    0,00    0,00    0,00    0,00  100,00
04:32:46      13    0,00    0,00    0,00    0,00    0,00    0,00    0,00    0,00    0,00  100,00
04:32:46      14    0,00    0,00    0,00    0,00    0,00    0,00    0,00    0,00    0,00  100,00
04:32:46      15    0,00    0,00    0,00    0,00    0,00    0,00    0,00    0,00    0,00  100,00
04:32:46      16    0,00    0,00    0,00    0,00    0,00    0,00    0,00    0,00    0,00  100,00
04:32:46      17    0,00    0,00    0,00    0,00    0,00    0,00    0,00    0,00    0,00  100,00
04:32:46      18    0,00    0,00    0,00    0,00    0,00    0,00    0,00    0,00    0,00  100,00
04:32:46      19    0,00    0,00    0,00    0,00    0,00    0,00    0,00    0,00    0,00  100,00
04:32:46      20    0,00    0,00    0,00    0,00    0,00    0,00    0,00    0,00    0,00  100,00
04:32:46      21    0,00    0,00    0,00    0,00    0,00    0,00    0,00    0,00    0,00  100,00
04:32:46      22    0,00    0,00    0,00    0,00    0,00    0,00    0,00    0,00    0,00  100,00
04:32:46      23    0,00    0,00    0,00    0,00    0,00    0,00    0,00    0,00    0,00  100,00

04:32:46     CPU    %usr   %nice    %sys %iowait    %irq   %soft  %steal  %guest  %gnice   %idle
04:32:47     all   29,19    0,00    0,00    0,00    0,00    0,00    0,00    0,00    0,00   70,81
04:32:47       0  100,00    0,00    0,00    0,00    0,00    0,00    0,00    0,00    0,00    0,00
04:32:47       1  100,00    0,00    0,00    0,00    0,00    0,00    0,00    0,00    0,00    0,00
04:32:47       2  100,00    0,00    0,00    0,00    0,00    0,00    0,00    0,00    0,00    0,00
04:32:47       3  100,00    0,00    0,00    0,00    0,00    0,00    0,00    0,00    0,00    0,00
04:32:47       4  100,00    0,00    0,00    0,00    0,00    0,00    0,00    0,00    0,00    0,00
04:32:47       5  100,00    0,00    0,00    0,00    0,00    0,00    0,00    0,00    0,00    0,00
04:32:47       6  100,00    0,00    0,00    0,00    0,00    0,00    0,00    0,00    0,00    0,00
04:32:47       7    0,00    0,00    0,00    0,00    0,00    0,00    0,00    0,00    0,00  100,00
04:32:47       8    0,00    0,00    0,00    0,00    0,00    0,00    0,00    0,00    0,00  100,00
04:32:47       9    0,00    0,00    0,00    0,00    0,00    0,00    0,00    0,00    0,00  100,00
04:32:47      10    0,00    0,00    0,00    0,00    0,00    0,00    0,00    0,00    0,00  100,00
04:32:47      11    0,00    0,00    0,00    0,00    0,00    0,00    0,00    0,00    0,00  100,00
04:32:47      12    0,00    0,00    0,00    0,00    0,00    0,00    0,00    0,00    0,00  100,00
04:32:47      13    0,00    0,00    0,00    0,00    0,00    0,00    0,00    0,00    0,00  100,00
04:32:47      14    0,00    0,00    0,00    0,00    0,00    0,00    0,00    0,00    0,00  100,00
04:32:47      15    0,00    0,00    0,00    0,00    0,00    0,00    0,00    0,00    0,00  100,00
04:32:47      16    0,00    0,00    0,00    0,00    0,00    0,00    0,00    0,00    0,00  100,00
04:32:47      17    0,00    0,00    0,00    0,00    0,00    0,00    0,00    0,00    0,00  100,00
04:32:47      18    0,00    0,00    0,00    0,00    0,00    0,00    0,00    0,00    0,00  100,00
04:32:47      19    0,00    0,00    0,00    0,00    0,00    0,00    0,00    0,00    0,00  100,00
04:32:47      20    0,00    0,00    0,00    0,00    0,00    0,00    0,00    0,00    0,00  100,00
04:32:47      21    0,00    0,00    0,00    0,00    0,00    0,00    0,00    0,00    0,00  100,00
04:32:47      22    0,00    0,00    0,00    0,00    0,00    0,00    0,00    0,00    0,00  100,00
04:32:47      23    0,00    0,00    0,00    0,00    0,00    0,00    0,00    0,00    0,00  100,00

04:32:47     CPU    %usr   %nice    %sys %iowait    %irq   %soft  %steal  %guest  %gnice   %idle
04:32:48     all   29,17    0,00    0,00    0,00    0,00    0,00    0,00    0,00    0,00   70,83
04:32:48       0  100,00    0,00    0,00    0,00    0,00    0,00    0,00    0,00    0,00    0,00
04:32:48       1  100,00    0,00    0,00    0,00    0,00    0,00    0,00    0,00    0,00    0,00
04:32:48       2  100,00    0,00    0,00    0,00    0,00    0,00    0,00    0,00    0,00    0,00
04:32:48       3  100,00    0,00    0,00    0,00    0,00    0,00    0,00    0,00    0,00    0,00
04:32:48       4  100,00    0,00    0,00    0,00    0,00    0,00    0,00    0,00    0,00    0,00
04:32:48       5  100,00    0,00    0,00    0,00    0,00    0,00    0,00    0,00    0,00    0,00
04:32:48       6  100,00    0,00    0,00    0,00    0,00    0,00    0,00    0,00    0,00    0,00
04:32:48       7    0,00    0,00    0,00    0,00    0,00    0,00    0,00    0,00    0,00  100,00
04:32:48       8    0,00    0,00    0,00    0,00    0,00    0,00    0,00    0,00    0,00  100,00
04:32:48       9    0,00    0,00    0,00    0,00    0,00    0,00    0,00    0,00    0,00  100,00
04:32:48      10    0,00    0,00    0,00    0,00    0,00    0,00    0,00    0,00    0,00  100,00
04:32:48      11    0,00    0,00    0,00    0,00    0,00    0,00    0,00    0,00    0,00  100,00
04:32:48      12    0,00    0,00    0,00    0,00    0,00    0,00    0,00    0,00    0,00  100,00
04:32:48      13    0,00    0,00    0,00    0,00    0,00    0,00    0,00    0,00    0,00  100,00
04:32:48      14    0,00    0,00    0,00    0,00    0,00    0,00    0,00    0,00    0,00  100,00
04:32:48      15    0,00    0,00    0,00    0,00    0,00    0,00    0,00    0,00    0,00  100,00
04:32:48      16    0,00    0,00    0,00    0,00    0,00    0,00    0,00    0,00    0,00  100,00
04:32:48      17    0,00    0,00    0,00    0,00    0,00    0,00    0,00    0,00    0,00  100,00
04:32:48      18    0,00    0,00    0,00    0,00    0,00    0,00    0,00    0,00    0,00  100,00
04:32:48      19    0,00    0,00    0,00    0,00    0,00    0,00    0,00    0,00    0,00  100,00
04:32:48      20    0,00    0,00    0,00    0,00    0,00    0,00    0,00    0,00    0,00  100,00
04:32:48      21    0,00    0,00    0,00    0,00    0,00    0,00    0,00    0,00    0,00  100,00
04:32:48      22    0,00    0,00    0,00    0,00    0,00    0,00    0,00    0,00    0,00  100,00
04:32:48      23    0,00    0,00    0,00    0,00    0,00    0,00    0,00    0,00    0,00  100,00

04:32:48     CPU    %usr   %nice    %sys %iowait    %irq   %soft  %steal  %guest  %gnice   %idle
04:32:49     all   29,36    0,00    0,17    0,00    0,00    0,00    0,00    0,00    0,00   70,47
04:32:49       0  100,00    0,00    0,00    0,00    0,00    0,00    0,00    0,00    0,00    0,00
04:32:49       1  100,00    0,00    0,00    0,00    0,00    0,00    0,00    0,00    0,00    0,00
04:32:49       2  100,00    0,00    0,00    0,00    0,00    0,00    0,00    0,00    0,00    0,00
04:32:49       3  100,00    0,00    0,00    0,00    0,00    0,00    0,00    0,00    0,00    0,00
04:32:49       4  100,00    0,00    0,00    0,00    0,00    0,00    0,00    0,00    0,00    0,00
04:32:49       5  100,00    0,00    0,00    0,00    0,00    0,00    0,00    0,00    0,00    0,00
04:32:49       6  100,00    0,00    0,00    0,00    0,00    0,00    0,00    0,00    0,00    0,00
04:32:49       7    0,00    0,00    0,00    0,00    0,00    0,00    0,00    0,00    0,00  100,00
04:32:49       8    0,00    0,00    0,00    0,00    0,00    0,00    0,00    0,00    0,00  100,00
04:32:49       9    0,00    0,00    0,00    0,00    0,00    0,00    0,00    0,00    0,00  100,00
04:32:49      10    0,00    0,00    0,00    0,00    0,00    0,00    0,00    0,00    0,00  100,00
04:32:49      11    0,00    0,00    0,00    0,00    0,00    0,00    0,00    0,00    0,00  100,00
04:32:49      12    0,00    0,00    0,00    0,00    0,00    0,00    0,00    0,00    0,00  100,00
04:32:49      13    0,00    0,00    0,00    0,00    0,00    0,00    0,00    0,00    0,00  100,00
04:32:49      14    0,00    0,00    0,00    0,00    0,00    0,00    0,00    0,00    0,00  100,00
04:32:49      15    0,00    0,00    0,00    0,00    0,00    0,00    0,00    0,00    0,00  100,00
04:32:49      16    0,00    0,00    1,00    0,00    0,00    0,00    0,00    0,00    0,00   99,00
04:32:49      17    0,00    0,00    0,00    0,00    0,00    0,00    0,00    0,00    0,00  100,00
04:32:49      18    0,00    0,00    0,00    0,00    0,00    0,00    0,00    0,00    0,00  100,00
04:32:49      19    0,00    0,00    0,00    0,00    0,00    0,00    0,00    0,00    0,00  100,00
04:32:49      20    0,00    0,00    0,99    0,00    0,00    0,00    0,00    0,00    0,00   99,01
04:32:49      21    5,00    0,00    1,00    0,00    0,00    0,00    0,00    0,00    0,00   94,00
04:32:49      22    0,00    0,00    0,00    0,00    0,00    0,00    0,00    0,00    0,00  100,00
04:32:49      23    0,00    0,00    0,99    0,00    0,00    0,00    0,00    0,00    0,00   99,01
