Linux 6.8.0-110-generic (testbed-node1) 	13/05/26 	_x86_64_	(24 CPU)

13:27:40     CPU    %usr   %nice    %sys %iowait    %irq   %soft  %steal  %guest  %gnice   %idle
13:27:41     all   64,16    0,00    0,71    0,00    0,00    0,00    0,00    0,00    0,00   35,13
13:27:41       0  100,00    0,00    0,00    0,00    0,00    0,00    0,00    0,00    0,00    0,00
13:27:41       1  100,00    0,00    0,00    0,00    0,00    0,00    0,00    0,00    0,00    0,00
13:27:41       2  100,00    0,00    0,00    0,00    0,00    0,00    0,00    0,00    0,00    0,00
13:27:41       3  100,00    0,00    0,00    0,00    0,00    0,00    0,00    0,00    0,00    0,00
13:27:41       4  100,00    0,00    0,00    0,00    0,00    0,00    0,00    0,00    0,00    0,00
13:27:41       5  100,00    0,00    0,00    0,00    0,00    0,00    0,00    0,00    0,00    0,00
13:27:41       6  100,00    0,00    0,00    0,00    0,00    0,00    0,00    0,00    0,00    0,00
13:27:41       7  100,00    0,00    0,00    0,00    0,00    0,00    0,00    0,00    0,00    0,00
13:27:41       8  100,00    0,00    0,00    0,00    0,00    0,00    0,00    0,00    0,00    0,00
13:27:41       9  100,00    0,00    0,00    0,00    0,00    0,00    0,00    0,00    0,00    0,00
13:27:41      10  100,00    0,00    0,00    0,00    0,00    0,00    0,00    0,00    0,00    0,00
13:27:41      11  100,00    0,00    0,00    0,00    0,00    0,00    0,00    0,00    0,00    0,00
13:27:41      12  100,00    0,00    0,00    0,00    0,00    0,00    0,00    0,00    0,00    0,00
13:27:41      13    1,01    0,00    0,00    0,00    0,00    0,00    0,00    0,00    0,00   98,99
13:27:41      14  100,00    0,00    0,00    0,00    0,00    0,00    0,00    0,00    0,00    0,00
13:27:41      15    2,04    0,00    1,02    0,00    0,00    0,00    0,00    0,00    0,00   96,94
13:27:41      16    8,08    0,00    2,02    0,00    0,00    0,00    0,00    0,00    0,00   89,90
13:27:41      17    6,00    0,00    8,00    0,00    0,00    0,00    0,00    0,00    0,00   86,00
13:27:41      18    8,08    0,00    2,02    0,00    0,00    0,00    0,00    0,00    0,00   89,90
13:27:41      19    3,03    0,00    1,01    0,00    0,00    0,00    0,00    0,00    0,00   95,96
13:27:41      20    3,00    0,00    0,00    0,00    0,00    0,00    0,00    0,00    0,00   97,00
13:27:41      21  100,00    0,00    0,00    0,00    0,00    0,00    0,00    0,00    0,00    0,00
13:27:41      22    1,98    0,00    0,99    0,00    0,00    0,00    0,00    0,00    0,00   97,03
13:27:41      23    3,03    0,00    2,02    0,00    0,00    0,00    0,00    0,00    0,00   94,95

13:27:41     CPU    %usr   %nice    %sys %iowait    %irq   %soft  %steal  %guest  %gnice   %idle
13:27:42     all   62,73    0,00    0,04    0,00    0,00    0,00    0,00    0,00    0,00   37,22
13:27:42       0  100,00    0,00    0,00    0,00    0,00    0,00    0,00    0,00    0,00    0,00
13:27:42       1  100,00    0,00    0,00    0,00    0,00    0,00    0,00    0,00    0,00    0,00
13:27:42       2  100,00    0,00    0,00    0,00    0,00    0,00    0,00    0,00    0,00    0,00
13:27:42       3  100,00    0,00    0,00    0,00    0,00    0,00    0,00    0,00    0,00    0,00
13:27:42       4  100,00    0,00    0,00    0,00    0,00    0,00    0,00    0,00    0,00    0,00
13:27:42       5  100,00    0,00    0,00    0,00    0,00    0,00    0,00    0,00    0,00    0,00
13:27:42       6  100,00    0,00    0,00    0,00    0,00    0,00    0,00    0,00    0,00    0,00
13:27:42       7  100,00    0,00    0,00    0,00    0,00    0,00    0,00    0,00    0,00    0,00
13:27:42       8  100,00    0,00    0,00    0,00    0,00    0,00    0,00    0,00    0,00    0,00
13:27:42       9  100,00    0,00    0,00    0,00    0,00    0,00    0,00    0,00    0,00    0,00
13:27:42      10  100,00    0,00    0,00    0,00    0,00    0,00    0,00    0,00    0,00    0,00
13:27:42      11  100,00    0,00    0,00    0,00    0,00    0,00    0,00    0,00    0,00    0,00
13:27:42      12  100,00    0,00    0,00    0,00    0,00    0,00    0,00    0,00    0,00    0,00
13:27:42      13    0,00    0,00    0,00    0,00    0,00    0,00    0,00    0,00    0,00  100,00
13:27:42      14  100,00    0,00    0,00    0,00    0,00    0,00    0,00    0,00    0,00    0,00
13:27:42      15    0,99    0,00    0,00    0,00    0,00    0,00    0,00    0,00    0,00   99,01
13:27:42      16    0,00    0,00    0,00    0,00    0,00    0,00    0,00    0,00    0,00  100,00
13:27:42      17    0,00    0,00    1,00    0,00    0,00    0,00    0,00    0,00    0,00   99,00
13:27:42      18    1,00    0,00    0,00    0,00    0,00    0,00    0,00    0,00    0,00   99,00
13:27:42      19    3,00    0,00    0,00    0,00    0,00    0,00    0,00    0,00    0,00   97,00
13:27:42      20    0,00    0,00    0,00    0,00    0,00    0,00    0,00    0,00    0,00  100,00
13:27:42      21  100,00    0,00    0,00    0,00    0,00    0,00    0,00    0,00    0,00    0,00
13:27:42      22    0,00    0,00    0,00    0,00    0,00    0,00    0,00    0,00    0,00  100,00
13:27:42      23    0,00    0,00    0,00    0,00    0,00    0,00    0,00    0,00    0,00  100,00

13:27:42     CPU    %usr   %nice    %sys %iowait    %irq   %soft  %steal  %guest  %gnice   %idle
13:27:43     all   64,57    0,00    0,79    0,00    0,00    0,00    0,00    0,00    0,00   34,64
13:27:43       0  100,00    0,00    0,00    0,00    0,00    0,00    0,00    0,00    0,00    0,00
13:27:43       1  100,00    0,00    0,00    0,00    0,00    0,00    0,00    0,00    0,00    0,00
13:27:43       2  100,00    0,00    0,00    0,00    0,00    0,00    0,00    0,00    0,00    0,00
13:27:43       3  100,00    0,00    0,00    0,00    0,00    0,00    0,00    0,00    0,00    0,00
13:27:43       4  100,00    0,00    0,00    0,00    0,00    0,00    0,00    0,00    0,00    0,00
13:27:43       5  100,00    0,00    0,00    0,00    0,00    0,00    0,00    0,00    0,00    0,00
13:27:43       6  100,00    0,00    0,00    0,00    0,00    0,00    0,00    0,00    0,00    0,00
13:27:43       7  100,00    0,00    0,00    0,00    0,00    0,00    0,00    0,00    0,00    0,00
13:27:43       8  100,00    0,00    0,00    0,00    0,00    0,00    0,00    0,00    0,00    0,00
13:27:43       9  100,00    0,00    0,00    0,00    0,00    0,00    0,00    0,00    0,00    0,00
13:27:43      10  100,00    0,00    0,00    0,00    0,00    0,00    0,00    0,00    0,00    0,00
13:27:43      11  100,00    0,00    0,00    0,00    0,00    0,00    0,00    0,00    0,00    0,00
13:27:43      12  100,00    0,00    0,00    0,00    0,00    0,00    0,00    0,00    0,00    0,00
13:27:43      13    3,00    0,00    0,00    0,00    0,00    0,00    0,00    0,00    0,00   97,00
13:27:43      14  100,00    0,00    0,00    0,00    0,00    0,00    0,00    0,00    0,00    0,00
13:27:43      15    1,00    0,00    0,00    0,00    0,00    0,00    0,00    0,00    0,00   99,00
13:27:43      16    7,07    0,00    4,04    0,00    0,00    0,00    0,00    0,00    0,00   88,89
13:27:43      17    6,06    0,00    3,03    0,00    0,00    0,00    0,00    0,00    0,00   90,91
13:27:43      18    4,04    0,00    4,04    0,00    0,00    0,00    0,00    0,00    0,00   91,92
13:27:43      19    5,05    0,00    5,05    0,00    0,00    0,00    0,00    0,00    0,00   89,90
13:27:43      20    2,00    0,00    1,00    0,00    0,00    0,00    0,00    0,00    0,00   97,00
13:27:43      21  100,00    0,00    0,00    0,00    0,00    0,00    0,00    0,00    0,00    0,00
13:27:43      22    4,00    0,00    0,00    0,00    0,00    0,00    0,00    0,00    0,00   96,00
13:27:43      23   15,00    0,00    2,00    0,00    0,00    0,00    0,00    0,00    0,00   83,00

13:27:43     CPU    %usr   %nice    %sys %iowait    %irq   %soft  %steal  %guest  %gnice   %idle
13:27:44     all   62,65    0,00    0,21    0,13    0,00    0,00    0,00    0,00    0,00   37,02
13:27:44       0  100,00    0,00    0,00    0,00    0,00    0,00    0,00    0,00    0,00    0,00
13:27:44       1  100,00    0,00    0,00    0,00    0,00    0,00    0,00    0,00    0,00    0,00
13:27:44       2  100,00    0,00    0,00    0,00    0,00    0,00    0,00    0,00    0,00    0,00
13:27:44       3  100,00    0,00    0,00    0,00    0,00    0,00    0,00    0,00    0,00    0,00
13:27:44       4  100,00    0,00    0,00    0,00    0,00    0,00    0,00    0,00    0,00    0,00
13:27:44       5  100,00    0,00    0,00    0,00    0,00    0,00    0,00    0,00    0,00    0,00
13:27:44       6  100,00    0,00    0,00    0,00    0,00    0,00    0,00    0,00    0,00    0,00
13:27:44       7  100,00    0,00    0,00    0,00    0,00    0,00    0,00    0,00    0,00    0,00
13:27:44       8  100,00    0,00    0,00    0,00    0,00    0,00    0,00    0,00    0,00    0,00
13:27:44       9  100,00    0,00    0,00    0,00    0,00    0,00    0,00    0,00    0,00    0,00
13:27:44      10  100,00    0,00    0,00    0,00    0,00    0,00    0,00    0,00    0,00    0,00
13:27:44      11  100,00    0,00    0,00    0,00    0,00    0,00    0,00    0,00    0,00    0,00
13:27:44      12  100,00    0,00    0,00    0,00    0,00    0,00    0,00    0,00    0,00    0,00
13:27:44      13    0,00    0,00    0,00    0,00    0,00    0,00    0,00    0,00    0,00  100,00
13:27:44      14  100,00    0,00    0,00    0,00    0,00    0,00    0,00    0,00    0,00    0,00
13:27:44      15    0,00    0,00    0,00    1,00    0,00    0,00    0,00    0,00    0,00   99,00
13:27:44      16    0,00    0,00    0,00    0,00    0,00    0,00    0,00    0,00    0,00  100,00
13:27:44      17    0,99    0,00    0,00    0,99    0,00    0,00    0,00    0,00    0,00   98,02
13:27:44      18    0,00    0,00    1,00    1,00    0,00    0,00    0,00    0,00    0,00   98,00
13:27:44      19    0,00    0,00    0,00    0,00    0,00    0,00    0,00    0,00    0,00  100,00
13:27:44      20    1,98    0,00    3,96    0,00    0,00    0,00    0,00    0,00    0,00   94,06
13:27:44      21  100,00    0,00    0,00    0,00    0,00    0,00    0,00    0,00    0,00    0,00
13:27:44      22    0,00    0,00    0,00    0,00    0,00    0,00    0,00    0,00    0,00  100,00
13:27:44      23    0,00    0,00    0,00    0,00    0,00    0,00    0,00    0,00    0,00  100,00

13:27:44     CPU    %usr   %nice    %sys %iowait    %irq   %soft  %steal  %guest  %gnice   %idle
13:27:45     all   63,42    0,00    0,38    0,00    0,00    0,00    0,00    0,00    0,00   36,20
13:27:45       0  100,00    0,00    0,00    0,00    0,00    0,00    0,00    0,00    0,00    0,00
13:27:45       1  100,00    0,00    0,00    0,00    0,00    0,00    0,00    0,00    0,00    0,00
13:27:45       2  100,00    0,00    0,00    0,00    0,00    0,00    0,00    0,00    0,00    0,00
13:27:45       3  100,00    0,00    0,00    0,00    0,00    0,00    0,00    0,00    0,00    0,00
13:27:45       4  100,00    0,00    0,00    0,00    0,00    0,00    0,00    0,00    0,00    0,00
13:27:45       5  100,00    0,00    0,00    0,00    0,00    0,00    0,00    0,00    0,00    0,00
13:27:45       6  100,00    0,00    0,00    0,00    0,00    0,00    0,00    0,00    0,00    0,00
13:27:45       7  100,00    0,00    0,00    0,00    0,00    0,00    0,00    0,00    0,00    0,00
13:27:45       8  100,00    0,00    0,00    0,00    0,00    0,00    0,00    0,00    0,00    0,00
13:27:45       9  100,00    0,00    0,00    0,00    0,00    0,00    0,00    0,00    0,00    0,00
13:27:45      10  100,00    0,00    0,00    0,00    0,00    0,00    0,00    0,00    0,00    0,00
13:27:45      11  100,00    0,00    0,00    0,00    0,00    0,00    0,00    0,00    0,00    0,00
13:27:45      12  100,00    0,00    0,00    0,00    0,00    0,00    0,00    0,00    0,00    0,00
13:27:45      13    2,02    0,00    0,00    0,00    0,00    0,00    0,00    0,00    0,00   97,98
13:27:45      14  100,00    0,00    0,00    0,00    0,00    0,00    0,00    0,00    0,00    0,00
13:27:45      15    0,00    0,00    0,00    0,00    0,00    0,00    0,00    0,00    0,00  100,00
13:27:45      16    7,00    0,00    1,00    0,00    0,00    0,00    0,00    0,00    0,00   92,00
13:27:45      17    2,02    0,00    1,01    0,00    0,00    0,00    0,00    0,00    0,00   96,97
13:27:45      18    3,00    0,00    1,00    0,00    0,00    0,00    0,00    0,00    0,00   96,00
13:27:45      19    1,01    0,00    4,04    0,00    0,00    0,00    0,00    0,00    0,00   94,95
13:27:45      20    0,00    0,00    1,00    0,00    0,00    0,00    0,00    0,00    0,00   99,00
13:27:45      21  100,00    0,00    0,00    0,00    0,00    0,00    0,00    0,00    0,00    0,00
13:27:45      22    0,00    0,00    1,01    0,00    0,00    0,00    0,00    0,00    0,00   98,99
13:27:45      23    4,00    0,00    0,00    0,00    0,00    0,00    0,00    0,00    0,00   96,00

13:27:45     CPU    %usr   %nice    %sys %iowait    %irq   %soft  %steal  %guest  %gnice   %idle
13:27:46     all   63,36    0,00    0,54    0,00    0,00    0,00    0,00    0,00    0,00   36,10
13:27:46       0  100,00    0,00    0,00    0,00    0,00    0,00    0,00    0,00    0,00    0,00
13:27:46       1  100,00    0,00    0,00    0,00    0,00    0,00    0,00    0,00    0,00    0,00
13:27:46       2  100,00    0,00    0,00    0,00    0,00    0,00    0,00    0,00    0,00    0,00
13:27:46       3  100,00    0,00    0,00    0,00    0,00    0,00    0,00    0,00    0,00    0,00
13:27:46       4  100,00    0,00    0,00    0,00    0,00    0,00    0,00    0,00    0,00    0,00
13:27:46       5  100,00    0,00    0,00    0,00    0,00    0,00    0,00    0,00    0,00    0,00
13:27:46       6  100,00    0,00    0,00    0,00    0,00    0,00    0,00    0,00    0,00    0,00
13:27:46       7  100,00    0,00    0,00    0,00    0,00    0,00    0,00    0,00    0,00    0,00
13:27:46       8  100,00    0,00    0,00    0,00    0,00    0,00    0,00    0,00    0,00    0,00
13:27:46       9  100,00    0,00    0,00    0,00    0,00    0,00    0,00    0,00    0,00    0,00
13:27:46      10  100,00    0,00    0,00    0,00    0,00    0,00    0,00    0,00    0,00    0,00
13:27:46      11  100,00    0,00    0,00    0,00    0,00    0,00    0,00    0,00    0,00    0,00
13:27:46      12  100,00    0,00    0,00    0,00    0,00    0,00    0,00    0,00    0,00    0,00
13:27:46      13    0,00    0,00    0,00    0,00    0,00    0,00    0,00    0,00    0,00  100,00
13:27:46      14  100,00    0,00    0,00    0,00    0,00    0,00    0,00    0,00    0,00    0,00
13:27:46      15    1,98    0,00    0,99    0,00    0,00    0,00    0,00    0,00    0,00   97,03
13:27:46      16    1,00    0,00    3,00    0,00    0,00    0,00    0,00    0,00    0,00   96,00
13:27:46      17    1,00    0,00    1,00    0,00    0,00    0,00    0,00    0,00    0,00   98,00
13:27:46      18    6,06    0,00    2,02    0,00    0,00    0,00    0,00    0,00    0,00   91,92
13:27:46      19    4,00    0,00    4,00    0,00    0,00    0,00    0,00    0,00    0,00   92,00
13:27:46      20    2,00    0,00    1,00    0,00    0,00    0,00    0,00    0,00    0,00   97,00
13:27:46      21  100,00    0,00    0,00    0,00    0,00    0,00    0,00    0,00    0,00    0,00
13:27:46      22    3,00    0,00    0,00    0,00    0,00    0,00    0,00    0,00    0,00   97,00
13:27:46      23    1,00    0,00    1,00    0,00    0,00    0,00    0,00    0,00    0,00   98,00

13:27:46     CPU    %usr   %nice    %sys %iowait    %irq   %soft  %steal  %guest  %gnice   %idle
13:27:47     all   62,93    0,00    0,38    0,00    0,00    0,00    0,00    0,00    0,00   36,70
13:27:47       0  100,00    0,00    0,00    0,00    0,00    0,00    0,00    0,00    0,00    0,00
13:27:47       1  100,00    0,00    0,00    0,00    0,00    0,00    0,00    0,00    0,00    0,00
13:27:47       2  100,00    0,00    0,00    0,00    0,00    0,00    0,00    0,00    0,00    0,00
13:27:47       3  100,00    0,00    0,00    0,00    0,00    0,00    0,00    0,00    0,00    0,00
13:27:47       4  100,00    0,00    0,00    0,00    0,00    0,00    0,00    0,00    0,00    0,00
13:27:47       5  100,00    0,00    0,00    0,00    0,00    0,00    0,00    0,00    0,00    0,00
13:27:47       6  100,00    0,00    0,00    0,00    0,00    0,00    0,00    0,00    0,00    0,00
13:27:47       7  100,00    0,00    0,00    0,00    0,00    0,00    0,00    0,00    0,00    0,00
13:27:47       8  100,00    0,00    0,00    0,00    0,00    0,00    0,00    0,00    0,00    0,00
13:27:47       9  100,00    0,00    0,00    0,00    0,00    0,00    0,00    0,00    0,00    0,00
13:27:47      10  100,00    0,00    0,00    0,00    0,00    0,00    0,00    0,00    0,00    0,00
13:27:47      11  100,00    0,00    0,00    0,00    0,00    0,00    0,00    0,00    0,00    0,00
13:27:47      12  100,00    0,00    0,00    0,00    0,00    0,00    0,00    0,00    0,00    0,00
13:27:47      13    0,00    0,00    0,00    0,00    0,00    0,00    0,00    0,00    0,00  100,00
13:27:47      14  100,00    0,00    0,00    0,00    0,00    0,00    0,00    0,00    0,00    0,00
13:27:47      15    0,00    0,00    0,00    0,00    0,00    0,00    0,00    0,00    0,00  100,00
13:27:47      16    2,02    0,00    1,01    0,00    0,00    0,00    0,00    0,00    0,00   96,97
13:27:47      17    2,00    0,00    1,00    0,00    0,00    0,00    0,00    0,00    0,00   97,00
13:27:47      18    1,01    0,00    4,04    0,00    0,00    0,00    0,00    0,00    0,00   94,95
13:27:47      19    0,99    0,00    1,98    0,00    0,00    0,00    0,00    0,00    0,00   97,03
13:27:47      20    1,00    0,00    0,00    0,00    0,00    0,00    0,00    0,00    0,00   99,00
13:27:47      21  100,00    0,00    0,00    0,00    0,00    0,00    0,00    0,00    0,00    0,00
13:27:47      22    1,00    0,00    1,00    0,00    0,00    0,00    0,00    0,00    0,00   98,00
13:27:47      23    1,01    0,00    0,00    0,00    0,00    0,00    0,00    0,00    0,00   98,99

13:27:47     CPU    %usr   %nice    %sys %iowait    %irq   %soft  %steal  %guest  %gnice   %idle
13:27:48     all   63,07    0,00    0,04    0,00    0,00    0,00    0,00    0,00    0,00   36,89
13:27:48       0  100,00    0,00    0,00    0,00    0,00    0,00    0,00    0,00    0,00    0,00
13:27:48       1  100,00    0,00    0,00    0,00    0,00    0,00    0,00    0,00    0,00    0,00
13:27:48       2  100,00    0,00    0,00    0,00    0,00    0,00    0,00    0,00    0,00    0,00
13:27:48       3  100,00    0,00    0,00    0,00    0,00    0,00    0,00    0,00    0,00    0,00
13:27:48       4  100,00    0,00    0,00    0,00    0,00    0,00    0,00    0,00    0,00    0,00
13:27:48       5  100,00    0,00    0,00    0,00    0,00    0,00    0,00    0,00    0,00    0,00
13:27:48       6  100,00    0,00    0,00    0,00    0,00    0,00    0,00    0,00    0,00    0,00
13:27:48       7  100,00    0,00    0,00    0,00    0,00    0,00    0,00    0,00    0,00    0,00
13:27:48       8  100,00    0,00    0,00    0,00    0,00    0,00    0,00    0,00    0,00    0,00
13:27:48       9  100,00    0,00    0,00    0,00    0,00    0,00    0,00    0,00    0,00    0,00
13:27:48      10  100,00    0,00    0,00    0,00    0,00    0,00    0,00    0,00    0,00    0,00
13:27:48      11  100,00    0,00    0,00    0,00    0,00    0,00    0,00    0,00    0,00    0,00
13:27:48      12  100,00    0,00    0,00    0,00    0,00    0,00    0,00    0,00    0,00    0,00
13:27:48      13    2,97    0,00    0,99    0,00    0,00    0,00    0,00    0,00    0,00   96,04
13:27:48      14  100,00    0,00    0,00    0,00    0,00    0,00    0,00    0,00    0,00    0,00
13:27:48      15    0,00    0,00    0,00    0,00    0,00    0,00    0,00    0,00    0,00  100,00
13:27:48      16    3,00    0,00    0,00    0,00    0,00    0,00    0,00    0,00    0,00   97,00
13:27:48      17    2,00    0,00    0,00    0,00    0,00    0,00    0,00    0,00    0,00   98,00
13:27:48      18    2,00    0,00    0,00    0,00    0,00    0,00    0,00    0,00    0,00   98,00
13:27:48      19    1,98    0,00    0,00    0,00    0,00    0,00    0,00    0,00    0,00   98,02
13:27:48      20    0,00    0,00    0,00    0,00    0,00    0,00    0,00    0,00    0,00  100,00
13:27:48      21  100,00    0,00    0,00    0,00    0,00    0,00    0,00    0,00    0,00    0,00
13:27:48      22    0,00    0,00    0,00    0,00    0,00    0,00    0,00    0,00    0,00  100,00
13:27:48      23    2,97    0,00    0,00    0,00    0,00    0,00    0,00    0,00    0,00   97,03

13:27:48     CPU    %usr   %nice    %sys %iowait    %irq   %soft  %steal  %guest  %gnice   %idle
13:27:49     all   64,21    0,00    0,92    0,13    0,00    0,00    0,00    0,00    0,00   34,75
13:27:49       0  100,00    0,00    0,00    0,00    0,00    0,00    0,00    0,00    0,00    0,00
13:27:49       1  100,00    0,00    0,00    0,00    0,00    0,00    0,00    0,00    0,00    0,00
13:27:49       2  100,00    0,00    0,00    0,00    0,00    0,00    0,00    0,00    0,00    0,00
13:27:49       3  100,00    0,00    0,00    0,00    0,00    0,00    0,00    0,00    0,00    0,00
13:27:49       4  100,00    0,00    0,00    0,00    0,00    0,00    0,00    0,00    0,00    0,00
13:27:49       5  100,00    0,00    0,00    0,00    0,00    0,00    0,00    0,00    0,00    0,00
13:27:49       6  100,00    0,00    0,00    0,00    0,00    0,00    0,00    0,00    0,00    0,00
13:27:49       7  100,00    0,00    0,00    0,00    0,00    0,00    0,00    0,00    0,00    0,00
13:27:49       8  100,00    0,00    0,00    0,00    0,00    0,00    0,00    0,00    0,00    0,00
13:27:49       9  100,00    0,00    0,00    0,00    0,00    0,00    0,00    0,00    0,00    0,00
13:27:49      10  100,00    0,00    0,00    0,00    0,00    0,00    0,00    0,00    0,00    0,00
13:27:49      11  100,00    0,00    0,00    0,00    0,00    0,00    0,00    0,00    0,00    0,00
13:27:49      12  100,00    0,00    0,00    0,00    0,00    0,00    0,00    0,00    0,00    0,00
13:27:49      13   15,00    0,00   12,00    0,00    0,00    0,00    0,00    0,00    0,00   73,00
13:27:49      14  100,00    0,00    0,00    0,00    0,00    0,00    0,00    0,00    0,00    0,00
13:27:49      15    2,00    0,00    0,00    0,00    0,00    0,00    0,00    0,00    0,00   98,00
13:27:49      16    1,00    0,00    1,00    0,00    0,00    0,00    0,00    0,00    0,00   98,00
13:27:49      17    7,07    0,00    3,03    0,00    0,00    0,00    0,00    0,00    0,00   89,90
13:27:49      18    5,00    0,00    4,00    2,00    0,00    0,00    0,00    0,00    0,00   89,00
13:27:49      19    2,00    0,00    1,00    0,00    0,00    0,00    0,00    0,00    0,00   97,00
13:27:49      20    5,00    0,00    0,00    0,00    0,00    0,00    0,00    0,00    0,00   95,00
13:27:49      21  100,00    0,00    0,00    0,00    0,00    0,00    0,00    0,00    0,00    0,00
13:27:49      22    2,00    0,00    0,00    1,00    0,00    0,00    0,00    0,00    0,00   97,00
13:27:49      23    0,00    0,00    1,02    0,00    0,00    0,00    0,00    0,00    0,00   98,98

13:27:49     CPU    %usr   %nice    %sys %iowait    %irq   %soft  %steal  %guest  %gnice   %idle
13:27:50     all   63,45    0,00    0,38    0,00    0,00    0,00    0,00    0,00    0,00   36,17
13:27:50       0  100,00    0,00    0,00    0,00    0,00    0,00    0,00    0,00    0,00    0,00
13:27:50       1  100,00    0,00    0,00    0,00    0,00    0,00    0,00    0,00    0,00    0,00
13:27:50       2  100,00    0,00    0,00    0,00    0,00    0,00    0,00    0,00    0,00    0,00
13:27:50       3  100,00    0,00    0,00    0,00    0,00    0,00    0,00    0,00    0,00    0,00
13:27:50       4  100,00    0,00    0,00    0,00    0,00    0,00    0,00    0,00    0,00    0,00
13:27:50       5  100,00    0,00    0,00    0,00    0,00    0,00    0,00    0,00    0,00    0,00
13:27:50       6  100,00    0,00    0,00    0,00    0,00    0,00    0,00    0,00    0,00    0,00
13:27:50       7  100,00    0,00    0,00    0,00    0,00    0,00    0,00    0,00    0,00    0,00
13:27:50       8  100,00    0,00    0,00    0,00    0,00    0,00    0,00    0,00    0,00    0,00
13:27:50       9  100,00    0,00    0,00    0,00    0,00    0,00    0,00    0,00    0,00    0,00
13:27:50      10  100,00    0,00    0,00    0,00    0,00    0,00    0,00    0,00    0,00    0,00
13:27:50      11  100,00    0,00    0,00    0,00    0,00    0,00    0,00    0,00    0,00    0,00
13:27:50      12  100,00    0,00    0,00    0,00    0,00    0,00    0,00    0,00    0,00    0,00
13:27:50      13    0,00    0,00    0,00    0,00    0,00    0,00    0,00    0,00    0,00  100,00
13:27:50      14  100,00    0,00    0,00    0,00    0,00    0,00    0,00    0,00    0,00    0,00
13:27:50      15    0,00    0,00    0,00    0,00    0,00    0,00    0,00    0,00    0,00  100,00
13:27:50      16    7,07    0,00    1,01    0,00    0,00    0,00    0,00    0,00    0,00   91,92
13:27:50      17    3,03    0,00    0,00    0,00    0,00    0,00    0,00    0,00    0,00   96,97
13:27:50      18    4,04    0,00    4,04    0,00    0,00    0,00    0,00    0,00    0,00   91,92
13:27:50      19    3,00    0,00    1,00    0,00    0,00    0,00    0,00    0,00    0,00   96,00
13:27:50      20    0,99    0,00    1,98    0,00    0,00    0,00    0,00    0,00    0,00   97,03
13:27:50      21  100,00    0,00    0,00    0,00    0,00    0,00    0,00    0,00    0,00    0,00
13:27:50      22    0,00    0,00    1,00    0,00    0,00    0,00    0,00    0,00    0,00   99,00
13:27:50      23    3,00    0,00    0,00    0,00    0,00    0,00    0,00    0,00    0,00   97,00

13:27:50     CPU    %usr   %nice    %sys %iowait    %irq   %soft  %steal  %guest  %gnice   %idle
13:27:51     all   63,21    0,00    0,46    0,00    0,00    0,00    0,00    0,00    0,00   36,33
13:27:51       0  100,00    0,00    0,00    0,00    0,00    0,00    0,00    0,00    0,00    0,00
13:27:51       1  100,00    0,00    0,00    0,00    0,00    0,00    0,00    0,00    0,00    0,00
13:27:51       2  100,00    0,00    0,00    0,00    0,00    0,00    0,00    0,00    0,00    0,00
13:27:51       3  100,00    0,00    0,00    0,00    0,00    0,00    0,00    0,00    0,00    0,00
13:27:51       4  100,00    0,00    0,00    0,00    0,00    0,00    0,00    0,00    0,00    0,00
13:27:51       5  100,00    0,00    0,00    0,00    0,00    0,00    0,00    0,00    0,00    0,00
13:27:51       6  100,00    0,00    0,00    0,00    0,00    0,00    0,00    0,00    0,00    0,00
13:27:51       7  100,00    0,00    0,00    0,00    0,00    0,00    0,00    0,00    0,00    0,00
13:27:51       8  100,00    0,00    0,00    0,00    0,00    0,00    0,00    0,00    0,00    0,00
13:27:51       9  100,00    0,00    0,00    0,00    0,00    0,00    0,00    0,00    0,00    0,00
13:27:51      10  100,00    0,00    0,00    0,00    0,00    0,00    0,00    0,00    0,00    0,00
13:27:51      11  100,00    0,00    0,00    0,00    0,00    0,00    0,00    0,00    0,00    0,00
13:27:51      12  100,00    0,00    0,00    0,00    0,00    0,00    0,00    0,00    0,00    0,00
13:27:51      13    1,00    0,00    0,00    0,00    0,00    0,00    0,00    0,00    0,00   99,00
13:27:51      14  100,00    0,00    0,00    0,00    0,00    0,00    0,00    0,00    0,00    0,00
13:27:51      15    3,03    0,00    1,01    0,00    0,00    0,00    0,00    0,00    0,00   95,96
13:27:51      16    1,00    0,00    1,00    0,00    0,00    0,00    0,00    0,00    0,00   98,00
13:27:51      17    2,00    0,00    1,00    0,00    0,00    0,00    0,00    0,00    0,00   97,00
13:27:51      18    4,95    0,00    4,95    0,00    0,00    0,00    0,00    0,00    0,00   90,10
13:27:51      19    1,98    0,00    0,99    0,00    0,00    0,00    0,00    0,00    0,00   97,03
13:27:51      20    1,98    0,00    0,99    0,00    0,00    0,00    0,00    0,00    0,00   97,03
13:27:51      21  100,00    0,00    0,00    0,00    0,00    0,00    0,00    0,00    0,00    0,00
13:27:51      22    2,00    0,00    0,00    0,00    0,00    0,00    0,00    0,00    0,00   98,00
13:27:51      23    0,99    0,00    0,99    0,00    0,00    0,00    0,00    0,00    0,00   98,02

13:27:51     CPU    %usr   %nice    %sys %iowait    %irq   %soft  %steal  %guest  %gnice   %idle
13:27:52     all   63,38    0,00    0,29    0,00    0,00    0,00    0,00    0,00    0,00   36,33
13:27:52       0  100,00    0,00    0,00    0,00    0,00    0,00    0,00    0,00    0,00    0,00
13:27:52       1  100,00    0,00    0,00    0,00    0,00    0,00    0,00    0,00    0,00    0,00
13:27:52       2  100,00    0,00    0,00    0,00    0,00    0,00    0,00    0,00    0,00    0,00
13:27:52       3  100,00    0,00    0,00    0,00    0,00    0,00    0,00    0,00    0,00    0,00
13:27:52       4  100,00    0,00    0,00    0,00    0,00    0,00    0,00    0,00    0,00    0,00
13:27:52       5  100,00    0,00    0,00    0,00    0,00    0,00    0,00    0,00    0,00    0,00
13:27:52       6  100,00    0,00    0,00    0,00    0,00    0,00    0,00    0,00    0,00    0,00
13:27:52       7  100,00    0,00    0,00    0,00    0,00    0,00    0,00    0,00    0,00    0,00
13:27:52       8  100,00    0,00    0,00    0,00    0,00    0,00    0,00    0,00    0,00    0,00
13:27:52       9  100,00    0,00    0,00    0,00    0,00    0,00    0,00    0,00    0,00    0,00
13:27:52      10  100,00    0,00    0,00    0,00    0,00    0,00    0,00    0,00    0,00    0,00
13:27:52      11  100,00    0,00    0,00    0,00    0,00    0,00    0,00    0,00    0,00    0,00
13:27:52      12  100,00    0,00    0,00    0,00    0,00    0,00    0,00    0,00    0,00    0,00
13:27:52      13    0,00    0,00    0,00    0,00    0,00    0,00    0,00    0,00    0,00  100,00
13:27:52      14  100,00    0,00    0,00    0,00    0,00    0,00    0,00    0,00    0,00    0,00
13:27:52      15    0,99    0,00    0,00    0,00    0,00    0,00    0,00    0,00    0,00   99,01
13:27:52      16    8,08    0,00    4,04    0,00    0,00    0,00    0,00    0,00    0,00   87,88
13:27:52      17    1,98    0,00    1,98    0,00    0,00    0,00    0,00    0,00    0,00   96,04
13:27:52      18    2,02    0,00    0,00    0,00    0,00    0,00    0,00    0,00    0,00   97,98
13:27:52      19    2,02    0,00    0,00    0,00    0,00    0,00    0,00    0,00    0,00   97,98
13:27:52      20    1,01    0,00    0,00    0,00    0,00    0,00    0,00    0,00    0,00   98,99
13:27:52      21  100,00    0,00    0,00    0,00    0,00    0,00    0,00    0,00    0,00    0,00
13:27:52      22    1,01    0,00    1,01    0,00    0,00    0,00    0,00    0,00    0,00   97,98
13:27:52      23    2,00    0,00    0,00    0,00    0,00    0,00    0,00    0,00    0,00   98,00

13:27:52     CPU    %usr   %nice    %sys %iowait    %irq   %soft  %steal  %guest  %gnice   %idle
13:27:53     all   62,57    0,00    0,08    0,00    0,00    0,00    0,00    0,00    0,00   37,34
13:27:53       0   99,01    0,00    0,99    0,00    0,00    0,00    0,00    0,00    0,00    0,00
13:27:53       1  100,00    0,00    0,00    0,00    0,00    0,00    0,00    0,00    0,00    0,00
13:27:53       2  100,00    0,00    0,00    0,00    0,00    0,00    0,00    0,00    0,00    0,00
13:27:53       3  100,00    0,00    0,00    0,00    0,00    0,00    0,00    0,00    0,00    0,00
13:27:53       4  100,00    0,00    0,00    0,00    0,00    0,00    0,00    0,00    0,00    0,00
13:27:53       5  100,00    0,00    0,00    0,00    0,00    0,00    0,00    0,00    0,00    0,00
13:27:53       6  100,00    0,00    0,00    0,00    0,00    0,00    0,00    0,00    0,00    0,00
13:27:53       7  100,00    0,00    0,00    0,00    0,00    0,00    0,00    0,00    0,00    0,00
13:27:53       8  100,00    0,00    0,00    0,00    0,00    0,00    0,00    0,00    0,00    0,00
13:27:53       9  100,00    0,00    0,00    0,00    0,00    0,00    0,00    0,00    0,00    0,00
13:27:53      10  100,00    0,00    0,00    0,00    0,00    0,00    0,00    0,00    0,00    0,00
13:27:53      11  100,00    0,00    0,00    0,00    0,00    0,00    0,00    0,00    0,00    0,00
13:27:53      12  100,00    0,00    0,00    0,00    0,00    0,00    0,00    0,00    0,00    0,00
13:27:53      13    0,00    0,00    0,00    0,00    0,00    0,00    0,00    0,00    0,00  100,00
13:27:53      14  100,00    0,00    0,00    0,00    0,00    0,00    0,00    0,00    0,00    0,00
13:27:53      15    0,00    0,00    0,00    0,00    0,00    0,00    0,00    0,00    0,00  100,00
13:27:53      16    0,00    0,00    0,99    0,00    0,00    0,00    0,00    0,00    0,00   99,01
13:27:53      17    1,00    0,00    0,00    0,00    0,00    0,00    0,00    0,00    0,00   99,00
13:27:53      18    0,99    0,00    0,00    0,00    0,00    0,00    0,00    0,00    0,00   99,01
13:27:53      19    1,00    0,00    0,00    0,00    0,00    0,00    0,00    0,00    0,00   99,00
13:27:53      20    0,00    0,00    0,00    0,00    0,00    0,00    0,00    0,00    0,00  100,00
13:27:53      21  100,00    0,00    0,00    0,00    0,00    0,00    0,00    0,00    0,00    0,00
13:27:53      22    0,00    0,00    0,00    0,00    0,00    0,00    0,00    0,00    0,00  100,00
13:27:53      23    0,00    0,00    0,00    0,00    0,00    0,00    0,00    0,00    0,00  100,00

13:27:53     CPU    %usr   %nice    %sys %iowait    %irq   %soft  %steal  %guest  %gnice   %idle
13:27:54     all   64,02    0,00    0,71    0,08    0,00    0,00    0,00    0,00    0,00   35,19
13:27:54       0  100,00    0,00    0,00    0,00    0,00    0,00    0,00    0,00    0,00    0,00
13:27:54       1  100,00    0,00    0,00    0,00    0,00    0,00    0,00    0,00    0,00    0,00
13:27:54       2  100,00    0,00    0,00    0,00    0,00    0,00    0,00    0,00    0,00    0,00
13:27:54       3  100,00    0,00    0,00    0,00    0,00    0,00    0,00    0,00    0,00    0,00
13:27:54       4  100,00    0,00    0,00    0,00    0,00    0,00    0,00    0,00    0,00    0,00
13:27:54       5  100,00    0,00    0,00    0,00    0,00    0,00    0,00    0,00    0,00    0,00
13:27:54       6  100,00    0,00    0,00    0,00    0,00    0,00    0,00    0,00    0,00    0,00
13:27:54       7  100,00    0,00    0,00    0,00    0,00    0,00    0,00    0,00    0,00    0,00
13:27:54       8  100,00    0,00    0,00    0,00    0,00    0,00    0,00    0,00    0,00    0,00
13:27:54       9  100,00    0,00    0,00    0,00    0,00    0,00    0,00    0,00    0,00    0,00
13:27:54      10  100,00    0,00    0,00    0,00    0,00    0,00    0,00    0,00    0,00    0,00
13:27:54      11  100,00    0,00    0,00    0,00    0,00    0,00    0,00    0,00    0,00    0,00
13:27:54      12  100,00    0,00    0,00    0,00    0,00    0,00    0,00    0,00    0,00    0,00
13:27:54      13    0,00    0,00    1,01    1,01    0,00    0,00    0,00    0,00    0,00   97,98
13:27:54      14  100,00    0,00    0,00    0,00    0,00    0,00    0,00    0,00    0,00    0,00
13:27:54      15    0,00    0,00    0,00    0,00    0,00    0,00    0,00    0,00    0,00  100,00
13:27:54      16   10,20    0,00    2,04    0,00    0,00    0,00    0,00    0,00    0,00   87,76
13:27:54      17    5,10    0,00    4,08    0,00    0,00    0,00    0,00    0,00    0,00   90,82
13:27:54      18    4,04    0,00    1,01    1,01    0,00    0,00    0,00    0,00    0,00   93,94
13:27:54      19    5,00    0,00    6,00    0,00    0,00    0,00    0,00    0,00    0,00   89,00
13:27:54      20    3,00    0,00    1,00    0,00    0,00    0,00    0,00    0,00    0,00   96,00
13:27:54      21  100,00    0,00    0,00    0,00    0,00    0,00    0,00    0,00    0,00    0,00
13:27:54      22    2,00    0,00    1,00    0,00    0,00    0,00    0,00    0,00    0,00   97,00
13:27:54      23    3,00    0,00    1,00    0,00    0,00    0,00    0,00    0,00    0,00   96,00

13:27:54     CPU    %usr   %nice    %sys %iowait    %irq   %soft  %steal  %guest  %gnice   %idle
13:27:55     all   62,79    0,00    0,04    0,00    0,00    0,00    0,00    0,00    0,00   37,17
13:27:55       0  100,00    0,00    0,00    0,00    0,00    0,00    0,00    0,00    0,00    0,00
13:27:55       1  100,00    0,00    0,00    0,00    0,00    0,00    0,00    0,00    0,00    0,00
13:27:55       2  100,00    0,00    0,00    0,00    0,00    0,00    0,00    0,00    0,00    0,00
13:27:55       3  100,00    0,00    0,00    0,00    0,00    0,00    0,00    0,00    0,00    0,00
13:27:55       4  100,00    0,00    0,00    0,00    0,00    0,00    0,00    0,00    0,00    0,00
13:27:55       5  100,00    0,00    0,00    0,00    0,00    0,00    0,00    0,00    0,00    0,00
13:27:55       6  100,00    0,00    0,00    0,00    0,00    0,00    0,00    0,00    0,00    0,00
13:27:55       7  100,00    0,00    0,00    0,00    0,00    0,00    0,00    0,00    0,00    0,00
13:27:55       8  100,00    0,00    0,00    0,00    0,00    0,00    0,00    0,00    0,00    0,00
13:27:55       9  100,00    0,00    0,00    0,00    0,00    0,00    0,00    0,00    0,00    0,00
13:27:55      10  100,00    0,00    0,00    0,00    0,00    0,00    0,00    0,00    0,00    0,00
13:27:55      11  100,00    0,00    0,00    0,00    0,00    0,00    0,00    0,00    0,00    0,00
13:27:55      12  100,00    0,00    0,00    0,00    0,00    0,00    0,00    0,00    0,00    0,00
13:27:55      13    0,00    0,00    0,00    0,00    0,00    0,00    0,00    0,00    0,00  100,00
13:27:55      14  100,00    0,00    0,00    0,00    0,00    0,00    0,00    0,00    0,00    0,00
13:27:55      15    0,00    0,00    0,00    0,00    0,00    0,00    0,00    0,00    0,00  100,00
13:27:55      16    1,00    0,00    0,00    0,00    0,00    0,00    0,00    0,00    0,00   99,00
13:27:55      17    0,99    0,00    0,99    0,00    0,00    0,00    0,00    0,00    0,00   98,02
13:27:55      18    2,00    0,00    0,00    0,00    0,00    0,00    0,00    0,00    0,00   98,00
13:27:55      19    0,00    0,00    0,00    0,00    0,00    0,00    0,00    0,00    0,00  100,00
13:27:55      20    1,00    0,00    0,00    0,00    0,00    0,00    0,00    0,00    0,00   99,00
13:27:55      21  100,00    0,00    0,00    0,00    0,00    0,00    0,00    0,00    0,00    0,00
13:27:55      22    0,00    0,00    0,00    0,00    0,00    0,00    0,00    0,00    0,00  100,00
13:27:55      23    0,00    0,00    0,00    0,00    0,00    0,00    0,00    0,00    0,00  100,00
