Linux 6.8.0-110-generic (testbed-node6) 	04/05/26 	_x86_64_	(24 CPU)

16:55:01     CPU    %usr   %nice    %sys %iowait    %irq   %soft  %steal  %guest  %gnice   %idle
16:55:02     all    0,58    0,00    0,29    0,08    0,00    8,32    0,00    0,00    0,00   90,72
16:55:02       0    0,00    0,00    0,00    0,00    0,00    0,00    0,00    0,00    0,00  100,00
16:55:02       1    0,00    0,00    0,00    0,00    0,00    0,00    0,00    0,00    0,00  100,00
16:55:02       2    0,00    0,00    0,00    0,00    0,00    0,00    0,00    0,00    0,00  100,00
16:55:02       3    0,00    0,00    0,00    0,00    0,00    0,00    0,00    0,00    0,00  100,00
16:55:02       4    0,00    0,00    0,00    0,00    0,00    0,00    0,00    0,00    0,00  100,00
16:55:02       5    0,00    0,00    0,00    0,00    0,00    0,00    0,00    0,00    0,00  100,00
16:55:02       6    2,00    0,00    1,00    0,00    0,00    0,00    0,00    0,00    0,00   97,00
16:55:02       7    0,00    0,00    0,00    0,00    0,00    0,00    0,00    0,00    0,00  100,00
16:55:02       8    0,00    0,00    0,99    0,00    0,00    0,00    0,00    0,00    0,00   99,01
16:55:02       9    0,00    0,00    0,00    0,00    0,00    0,00    0,00    0,00    0,00  100,00
16:55:02      10    0,00    0,00    0,00    0,00    0,00  100,00    0,00    0,00    0,00    0,00
16:55:02      11    0,00    0,00    0,00    0,00    0,00    0,00    0,00    0,00    0,00  100,00
16:55:02      12    0,00    0,00    0,00    0,00    0,00    0,00    0,00    0,00    0,00  100,00
16:55:02      13    0,99    0,00    0,00    0,00    0,00    0,00    0,00    0,00    0,00   99,01
16:55:02      14    0,00    0,00    0,00    0,00    0,00    0,00    0,00    0,00    0,00  100,00
16:55:02      15    0,00    0,00    0,00    0,00    0,00    0,00    0,00    0,00    0,00  100,00
16:55:02      16    0,00    0,00    0,00    1,00    0,00    0,00    0,00    0,00    0,00   99,00
16:55:02      17    0,00    0,00    1,00    0,00    0,00    0,00    0,00    0,00    0,00   99,00
16:55:02      18   10,00    0,00    2,00    0,00    0,00    0,00    0,00    0,00    0,00   88,00
16:55:02      19    0,00    0,00    0,99    0,00    0,00    0,00    0,00    0,00    0,00   99,01
16:55:02      20    0,00    0,00    0,00    0,99    0,00    0,00    0,00    0,00    0,00   99,01
16:55:02      21    0,00    0,00    0,00    0,00    0,00    0,00    0,00    0,00    0,00  100,00
16:55:02      22    0,00    0,00    0,00    0,00    0,00  100,00    0,00    0,00    0,00    0,00
16:55:02      23    0,99    0,00    0,99    0,00    0,00    0,00    0,00    0,00    0,00   98,02

16:55:02     CPU    %usr   %nice    %sys %iowait    %irq   %soft  %steal  %guest  %gnice   %idle
16:55:03     all    0,08    0,00    0,08    0,00    0,00    8,34    0,00    0,00    0,00   91,50
16:55:03       0    0,00    0,00    0,00    0,00    0,00    0,00    0,00    0,00    0,00  100,00
16:55:03       1    0,00    0,00    0,00    0,00    0,00    0,00    0,00    0,00    0,00  100,00
16:55:03       2    0,00    0,00    0,00    0,00    0,00    0,00    0,00    0,00    0,00  100,00
16:55:03       3    0,00    0,00    0,00    0,00    0,00    0,00    0,00    0,00    0,00  100,00
16:55:03       4    0,00    0,00    0,00    0,00    0,00    0,00    0,00    0,00    0,00  100,00
16:55:03       5    0,00    0,00    0,00    0,00    0,00    0,00    0,00    0,00    0,00  100,00
16:55:03       6    2,00    0,00    1,00    0,00    0,00    0,00    0,00    0,00    0,00   97,00
16:55:03       7    0,00    0,00    0,00    0,00    0,00    0,00    0,00    0,00    0,00  100,00
16:55:03       8    0,00    0,00    0,00    0,00    0,00    0,00    0,00    0,00    0,00  100,00
16:55:03       9    0,00    0,00    0,00    0,00    0,00    0,00    0,00    0,00    0,00  100,00
16:55:03      10    0,00    0,00    0,00    0,00    0,00  100,00    0,00    0,00    0,00    0,00
16:55:03      11    0,00    0,00    0,00    0,00    0,00    0,00    0,00    0,00    0,00  100,00
16:55:03      12    0,00    0,00    0,00    0,00    0,00    0,00    0,00    0,00    0,00  100,00
16:55:03      13    0,00    0,00    0,00    0,00    0,00    0,00    0,00    0,00    0,00  100,00
16:55:03      14    0,00    0,00    0,00    0,00    0,00    0,00    0,00    0,00    0,00  100,00
16:55:03      15    0,00    0,00    0,00    0,00    0,00    0,00    0,00    0,00    0,00  100,00
16:55:03      16    0,00    0,00    0,00    0,00    0,00    0,00    0,00    0,00    0,00  100,00
16:55:03      17    0,00    0,00    0,00    0,00    0,00    0,00    0,00    0,00    0,00  100,00
16:55:03      18    0,00    0,00    0,00    0,00    0,00    0,00    0,00    0,00    0,00  100,00
16:55:03      19    0,00    0,00    0,00    0,00    0,00    0,00    0,00    0,00    0,00  100,00
16:55:03      20    0,00    0,00    0,00    0,00    0,00    0,00    0,00    0,00    0,00  100,00
16:55:03      21    0,00    0,00    0,00    0,00    0,00    0,00    0,00    0,00    0,00  100,00
16:55:03      22    0,00    0,00    0,99    0,00    0,00   99,01    0,00    0,00    0,00    0,00
16:55:03      23    0,00    0,00    0,00    0,00    0,00    0,00    0,00    0,00    0,00  100,00

16:55:03     CPU    %usr   %nice    %sys %iowait    %irq   %soft  %steal  %guest  %gnice   %idle
16:55:04     all    1,33    0,00    0,54    0,00    0,00    8,38    0,00    0,00    0,00   89,75
16:55:04       0    1,00    0,00    0,00    0,00    0,00    0,00    0,00    0,00    0,00   99,00
16:55:04       1    0,00    0,00    0,00    0,00    0,00    0,00    0,00    0,00    0,00  100,00
16:55:04       2    0,00    0,00    0,00    0,00    0,00    0,00    0,00    0,00    0,00  100,00
16:55:04       3    0,00    0,00    0,00    0,00    0,00    0,00    0,00    0,00    0,00  100,00
16:55:04       4    0,00    0,00    0,00    0,00    0,00    0,00    0,00    0,00    0,00  100,00
16:55:04       5    0,00    0,00    0,00    0,00    0,00    0,00    0,00    0,00    0,00  100,00
16:55:04       6    2,97    0,00    0,99    0,00    0,00    0,00    0,00    0,00    0,00   96,04
16:55:04       7    0,00    0,00    0,00    0,00    0,00    0,00    0,00    0,00    0,00  100,00
16:55:04       8    0,00    0,00    0,00    0,00    0,00    0,00    0,00    0,00    0,00  100,00
16:55:04       9    0,00    0,00    0,00    0,00    0,00    0,00    0,00    0,00    0,00  100,00
16:55:04      10    0,00    0,00    0,00    0,00    0,00  100,00    0,00    0,00    0,00    0,00
16:55:04      11    0,00    0,00    0,00    0,00    0,00    0,00    0,00    0,00    0,00  100,00
16:55:04      12    0,99    0,00    0,00    0,00    0,00    0,99    0,00    0,00    0,00   98,02
16:55:04      13    3,00    0,00    2,00    0,00    0,00    0,00    0,00    0,00    0,00   95,00
16:55:04      14    0,00    0,00    0,00    0,00    0,00    0,00    0,00    0,00    0,00  100,00
16:55:04      15    0,00    0,00    0,00    0,00    0,00    0,00    0,00    0,00    0,00  100,00
16:55:04      16    2,97    0,00    2,97    0,00    0,00    0,00    0,00    0,00    0,00   94,06
16:55:04      17   12,87    0,00    2,97    0,00    0,00    0,00    0,00    0,00    0,00   84,16
16:55:04      18    4,00    0,00    2,00    0,00    0,00    0,00    0,00    0,00    0,00   94,00
16:55:04      19    2,02    0,00    1,01    0,00    0,00    0,00    0,00    0,00    0,00   96,97
16:55:04      20    1,01    0,00    0,00    0,00    0,00    0,00    0,00    0,00    0,00   98,99
16:55:04      21    1,00    0,00    1,00    0,00    0,00    0,00    0,00    0,00    0,00   98,00
16:55:04      22    0,00    0,00    0,00    0,00    0,00  100,00    0,00    0,00    0,00    0,00
16:55:04      23    0,00    0,00    0,00    0,00    0,00    0,00    0,00    0,00    0,00  100,00

16:55:04     CPU    %usr   %nice    %sys %iowait    %irq   %soft  %steal  %guest  %gnice   %idle
16:55:05     all    0,04    0,00    0,08    0,00    0,00    8,33    0,00    0,00    0,00   91,54
16:55:05       0    0,00    0,00    0,00    0,00    0,00    0,00    0,00    0,00    0,00  100,00
16:55:05       1    0,00    0,00    0,00    0,00    0,00    0,00    0,00    0,00    0,00  100,00
16:55:05       2    0,00    0,00    0,00    0,00    0,00    0,00    0,00    0,00    0,00  100,00
16:55:05       3    0,00    0,00    0,00    0,00    0,00    0,00    0,00    0,00    0,00  100,00
16:55:05       4    0,00    0,00    0,00    0,00    0,00    0,00    0,00    0,00    0,00  100,00
16:55:05       5    0,00    0,00    0,00    0,00    0,00    0,00    0,00    0,00    0,00  100,00
16:55:05       6    1,01    0,00    1,01    0,00    0,00    0,00    0,00    0,00    0,00   97,98
16:55:05       7    0,00    0,00    0,00    0,00    0,00    0,00    0,00    0,00    0,00  100,00
16:55:05       8    0,00    0,00    0,00    0,00    0,00    0,00    0,00    0,00    0,00  100,00
16:55:05       9    0,00    0,00    0,00    0,00    0,00    0,00    0,00    0,00    0,00  100,00
16:55:05      10    0,00    0,00    0,00    0,00    0,00  100,00    0,00    0,00    0,00    0,00
16:55:05      11    0,00    0,00    0,00    0,00    0,00    0,00    0,00    0,00    0,00  100,00
16:55:05      12    0,00    0,00    0,00    0,00    0,00    0,00    0,00    0,00    0,00  100,00
16:55:05      13    0,00    0,00    0,00    0,00    0,00    0,00    0,00    0,00    0,00  100,00
16:55:05      14    0,00    0,00    0,00    0,00    0,00    0,00    0,00    0,00    0,00  100,00
16:55:05      15    0,00    0,00    0,00    0,00    0,00    0,00    0,00    0,00    0,00  100,00
16:55:05      16    0,00    0,00    0,00    0,00    0,00    0,00    0,00    0,00    0,00  100,00
16:55:05      17    0,00    0,00    0,00    0,00    0,00    0,00    0,00    0,00    0,00  100,00
16:55:05      18    0,00    0,00    0,00    0,00    0,00    0,00    0,00    0,00    0,00  100,00
16:55:05      19    0,00    0,00    0,00    0,00    0,00    0,00    0,00    0,00    0,00  100,00
16:55:05      20    0,00    0,00    0,99    0,00    0,00    0,00    0,00    0,00    0,00   99,01
16:55:05      21    0,00    0,00    0,00    0,00    0,00    0,00    0,00    0,00    0,00  100,00
16:55:05      22    0,00    0,00    0,00    0,00    0,00  100,00    0,00    0,00    0,00    0,00
16:55:05      23    0,00    0,00    0,00    0,00    0,00    0,00    0,00    0,00    0,00  100,00

16:55:05     CPU    %usr   %nice    %sys %iowait    %irq   %soft  %steal  %guest  %gnice   %idle
16:55:06     all    0,12    0,00    0,08    0,00    0,00    8,33    0,00    0,00    0,00   91,46
16:55:06       0    0,00    0,00    0,00    0,00    0,00    0,00    0,00    0,00    0,00  100,00
16:55:06       1    0,00    0,00    0,00    0,00    0,00    0,00    0,00    0,00    0,00  100,00
16:55:06       2    0,00    0,00    0,00    0,00    0,00    0,00    0,00    0,00    0,00  100,00
16:55:06       3    0,00    0,00    0,00    0,00    0,00    0,00    0,00    0,00    0,00  100,00
16:55:06       4    0,00    0,00    0,00    0,00    0,00    0,00    0,00    0,00    0,00  100,00
16:55:06       5    0,00    0,00    0,00    0,00    0,00    0,00    0,00    0,00    0,00  100,00
16:55:06       6    1,98    0,00    1,98    0,00    0,00    0,00    0,00    0,00    0,00   96,04
16:55:06       7    0,00    0,00    0,00    0,00    0,00    0,00    0,00    0,00    0,00  100,00
16:55:06       8    0,00    0,00    0,00    0,00    0,00    0,00    0,00    0,00    0,00  100,00
16:55:06       9    0,00    0,00    0,00    0,00    0,00    0,00    0,00    0,00    0,00  100,00
16:55:06      10    0,00    0,00    0,00    0,00    0,00  100,00    0,00    0,00    0,00    0,00
16:55:06      11    0,00    0,00    0,00    0,00    0,00    0,00    0,00    0,00    0,00  100,00
16:55:06      12    0,00    0,00    0,00    0,00    0,00    0,00    0,00    0,00    0,00  100,00
16:55:06      13    0,00    0,00    0,00    0,00    0,00    0,00    0,00    0,00    0,00  100,00
16:55:06      14    0,00    0,00    0,00    0,00    0,00    0,00    0,00    0,00    0,00  100,00
16:55:06      15    0,00    0,00    0,00    0,00    0,00    0,00    0,00    0,00    0,00  100,00
16:55:06      16    1,00    0,00    0,00    0,00    0,00    0,00    0,00    0,00    0,00   99,00
16:55:06      17    0,00    0,00    0,00    0,00    0,00    0,00    0,00    0,00    0,00  100,00
16:55:06      18    0,00    0,00    0,00    0,00    0,00    0,00    0,00    0,00    0,00  100,00
16:55:06      19    0,00    0,00    0,00    0,00    0,00    0,00    0,00    0,00    0,00  100,00
16:55:06      20    0,00    0,00    0,00    0,00    0,00    0,00    0,00    0,00    0,00  100,00
16:55:06      21    0,00    0,00    0,00    0,00    0,00    0,00    0,00    0,00    0,00  100,00
16:55:06      22    0,00    0,00    0,00    0,00    0,00  100,00    0,00    0,00    0,00    0,00
16:55:06      23    0,00    0,00    0,00    0,00    0,00    0,00    0,00    0,00    0,00  100,00

16:55:06     CPU    %usr   %nice    %sys %iowait    %irq   %soft  %steal  %guest  %gnice   %idle
16:55:07     all    0,17    0,00    0,13    0,04    0,00    8,34    0,00    0,00    0,00   91,33
16:55:07       0    0,00    0,00    0,00    0,00    0,00    0,00    0,00    0,00    0,00  100,00
16:55:07       1    0,00    0,00    0,00    0,00    0,00    0,00    0,00    0,00    0,00  100,00
16:55:07       2    0,00    0,00    0,00    0,00    0,00    0,00    0,00    0,00    0,00  100,00
16:55:07       3    0,00    0,00    0,00    0,00    0,00    0,00    0,00    0,00    0,00  100,00
16:55:07       4    0,00    0,00    0,00    0,00    0,00    0,00    0,00    0,00    0,00  100,00
16:55:07       5    0,00    0,00    0,00    0,00    0,00    0,00    0,00    0,00    0,00  100,00
16:55:07       6    2,97    0,00    0,99    0,00    0,00    0,00    0,00    0,00    0,00   96,04
16:55:07       7    0,00    0,00    0,00    0,00    0,00    0,00    0,00    0,00    0,00  100,00
16:55:07       8    0,00    0,00    0,00    0,00    0,00    0,00    0,00    0,00    0,00  100,00
16:55:07       9    0,00    0,00    0,00    0,00    0,00    0,00    0,00    0,00    0,00  100,00
16:55:07      10    0,00    0,00    0,00    0,00    0,00  100,00    0,00    0,00    0,00    0,00
16:55:07      11    0,00    0,00    0,00    0,00    0,00    0,00    0,00    0,00    0,00  100,00
16:55:07      12    0,00    0,00    0,00    0,00    0,00    0,00    0,00    0,00    0,00  100,00
16:55:07      13    0,00    0,00    0,00    0,00    0,00    0,00    0,00    0,00    0,00  100,00
16:55:07      14    0,00    0,00    0,00    0,00    0,00    0,00    0,00    0,00    0,00  100,00
16:55:07      15    0,00    0,00    0,00    0,00    0,00    0,00    0,00    0,00    0,00  100,00
16:55:07      16    0,00    0,00    0,00    1,00    0,00    0,00    0,00    0,00    0,00   99,00
16:55:07      17    1,00    0,00    1,00    0,00    0,00    0,00    0,00    0,00    0,00   98,00
16:55:07      18    0,00    0,00    0,00    0,00    0,00    0,00    0,00    0,00    0,00  100,00
16:55:07      19    0,00    0,00    0,99    0,00    0,00    0,00    0,00    0,00    0,00   99,01
16:55:07      20    0,00    0,00    0,00    0,00    0,00    0,00    0,00    0,00    0,00  100,00
16:55:07      21    0,00    0,00    0,00    0,00    0,00    0,00    0,00    0,00    0,00  100,00
16:55:07      22    0,00    0,00    0,00    0,00    0,00  100,00    0,00    0,00    0,00    0,00
16:55:07      23    0,00    0,00    0,00    0,00    0,00    0,00    0,00    0,00    0,00  100,00

16:55:07     CPU    %usr   %nice    %sys %iowait    %irq   %soft  %steal  %guest  %gnice   %idle
16:55:08     all    0,04    0,00    0,13    0,00    0,00    8,34    0,00    0,00    0,00   91,50
16:55:08       0    0,00    0,00    0,00    0,00    0,00    0,00    0,00    0,00    0,00  100,00
16:55:08       1    0,00    0,00    0,00    0,00    0,00    0,00    0,00    0,00    0,00  100,00
16:55:08       2    0,00    0,00    0,00    0,00    0,00    0,00    0,00    0,00    0,00  100,00
16:55:08       3    0,00    0,00    0,00    0,00    0,00    0,00    0,00    0,00    0,00  100,00
16:55:08       4    0,00    0,00    0,00    0,00    0,00    0,00    0,00    0,00    0,00  100,00
16:55:08       5    0,00    0,00    0,00    0,00    0,00    0,00    0,00    0,00    0,00  100,00
16:55:08       6    1,01    0,00    1,01    0,00    0,00    0,00    0,00    0,00    0,00   97,98
16:55:08       7    0,00    0,00    0,00    0,00    0,00    0,00    0,00    0,00    0,00  100,00
16:55:08       8    0,00    0,00    0,00    0,00    0,00    0,00    0,00    0,00    0,00  100,00
16:55:08       9    0,00    0,00    0,00    0,00    0,00    0,00    0,00    0,00    0,00  100,00
16:55:08      10    0,00    0,00    0,00    0,00    0,00  100,00    0,00    0,00    0,00    0,00
16:55:08      11    0,00    0,00    0,00    0,00    0,00    0,00    0,00    0,00    0,00  100,00
16:55:08      12    0,00    0,00    0,00    0,00    0,00    0,00    0,00    0,00    0,00  100,00
16:55:08      13    0,00    0,00    0,00    0,00    0,00    0,00    0,00    0,00    0,00  100,00
16:55:08      14    0,00    0,00    0,00    0,00    0,00    0,00    0,00    0,00    0,00  100,00
16:55:08      15    0,00    0,00    0,00    0,00    0,00    0,00    0,00    0,00    0,00  100,00
16:55:08      16    0,00    0,00    0,00    0,00    0,00    0,00    0,00    0,00    0,00  100,00
16:55:08      17    0,00    0,00    0,99    0,00    0,00    0,00    0,00    0,00    0,00   99,01
16:55:08      18    0,00    0,00    0,99    0,00    0,00    0,00    0,00    0,00    0,00   99,01
16:55:08      19    0,00    0,00    0,00    0,00    0,00    0,00    0,00    0,00    0,00  100,00
16:55:08      20    0,00    0,00    0,00    0,00    0,00    0,00    0,00    0,00    0,00  100,00
16:55:08      21    0,00    0,00    0,00    0,00    0,00    0,00    0,00    0,00    0,00  100,00
16:55:08      22    0,00    0,00    0,00    0,00    0,00  100,00    0,00    0,00    0,00    0,00
16:55:08      23    0,00    0,00    0,00    0,00    0,00    0,00    0,00    0,00    0,00  100,00

16:55:08     CPU    %usr   %nice    %sys %iowait    %irq   %soft  %steal  %guest  %gnice   %idle
16:55:09     all    0,08    0,00    0,04    0,00    0,00    8,34    0,00    0,00    0,00   91,54
16:55:09       0    0,00    0,00    0,00    0,00    0,00    0,00    0,00    0,00    0,00  100,00
16:55:09       1    0,00    0,00    0,00    0,00    0,00    0,00    0,00    0,00    0,00  100,00
16:55:09       2    0,00    0,00    0,00    0,00    0,00    0,00    0,00    0,00    0,00  100,00
16:55:09       3    0,00    0,00    0,00    0,00    0,00    0,00    0,00    0,00    0,00  100,00
16:55:09       4    0,00    0,00    0,00    0,00    0,00    0,00    0,00    0,00    0,00  100,00
16:55:09       5    0,00    0,00    0,00    0,00    0,00    0,00    0,00    0,00    0,00  100,00
16:55:09       6    2,00    0,00    1,00    0,00    0,00    0,00    0,00    0,00    0,00   97,00
16:55:09       7    0,00    0,00    0,00    0,00    0,00    0,00    0,00    0,00    0,00  100,00
16:55:09       8    0,00    0,00    0,00    0,00    0,00    0,00    0,00    0,00    0,00  100,00
16:55:09       9    0,00    0,00    0,00    0,00    0,00    0,00    0,00    0,00    0,00  100,00
16:55:09      10    0,00    0,00    0,00    0,00    0,00  100,00    0,00    0,00    0,00    0,00
16:55:09      11    0,00    0,00    0,00    0,00    0,00    0,00    0,00    0,00    0,00  100,00
16:55:09      12    0,00    0,00    0,00    0,00    0,00    0,00    0,00    0,00    0,00  100,00
16:55:09      13    0,00    0,00    0,00    0,00    0,00    0,00    0,00    0,00    0,00  100,00
16:55:09      14    0,00    0,00    0,00    0,00    0,00    0,00    0,00    0,00    0,00  100,00
16:55:09      15    0,00    0,00    0,00    0,00    0,00    0,00    0,00    0,00    0,00  100,00
16:55:09      16    0,00    0,00    0,00    0,00    0,00    0,00    0,00    0,00    0,00  100,00
16:55:09      17    0,00    0,00    0,00    0,00    0,00    0,00    0,00    0,00    0,00  100,00
16:55:09      18    0,00    0,00    0,00    0,00    0,00    0,00    0,00    0,00    0,00  100,00
16:55:09      19    0,00    0,00    0,00    0,00    0,00    0,00    0,00    0,00    0,00  100,00
16:55:09      20    0,00    0,00    0,00    0,00    0,00    0,00    0,00    0,00    0,00  100,00
16:55:09      21    0,00    0,00    0,00    0,00    0,00    0,00    0,00    0,00    0,00  100,00
16:55:09      22    0,00    0,00    0,00    0,00    0,00  100,00    0,00    0,00    0,00    0,00
16:55:09      23    0,00    0,00    0,00    0,00    0,00    0,00    0,00    0,00    0,00  100,00

16:55:09     CPU    %usr   %nice    %sys %iowait    %irq   %soft  %steal  %guest  %gnice   %idle
16:55:10     all    0,08    0,00    0,08    0,00    0,00    8,34    0,00    0,00    0,00   91,50
16:55:10       0    0,00    0,00    0,00    0,00    0,00    0,00    0,00    0,00    0,00  100,00
16:55:10       1    0,00    0,00    0,00    0,00    0,00    0,00    0,00    0,00    0,00  100,00
16:55:10       2    0,00    0,00    0,00    0,00    0,00    0,00    0,00    0,00    0,00  100,00
16:55:10       3    0,00    0,00    0,00    0,00    0,00    0,00    0,00    0,00    0,00  100,00
16:55:10       4    0,00    0,00    0,00    0,00    0,00    0,00    0,00    0,00    0,00  100,00
16:55:10       5    0,00    0,00    0,00    0,00    0,00    0,00    0,00    0,00    0,00  100,00
16:55:10       6    1,00    0,00    2,00    0,00    0,00    0,00    0,00    0,00    0,00   97,00
16:55:10       7    0,00    0,00    0,00    0,00    0,00    0,00    0,00    0,00    0,00  100,00
16:55:10       8    0,00    0,00    0,00    0,00    0,00    0,00    0,00    0,00    0,00  100,00
16:55:10       9    0,00    0,00    0,00    0,00    0,00    0,00    0,00    0,00    0,00  100,00
16:55:10      10    0,00    0,00    0,00    0,00    0,00  100,00    0,00    0,00    0,00    0,00
16:55:10      11    0,00    0,00    0,00    0,00    0,00    0,00    0,00    0,00    0,00  100,00
16:55:10      12    0,99    0,00    0,00    0,00    0,00    0,00    0,00    0,00    0,00   99,01
16:55:10      13    0,00    0,00    0,00    0,00    0,00    0,00    0,00    0,00    0,00  100,00
16:55:10      14    0,00    0,00    0,00    0,00    0,00    0,00    0,00    0,00    0,00  100,00
16:55:10      15    0,00    0,00    0,00    0,00    0,00    0,00    0,00    0,00    0,00  100,00
16:55:10      16    0,00    0,00    0,00    0,00    0,00    0,00    0,00    0,00    0,00  100,00
16:55:10      17    0,00    0,00    0,00    0,00    0,00    0,00    0,00    0,00    0,00  100,00
16:55:10      18    0,00    0,00    0,00    0,00    0,00    0,00    0,00    0,00    0,00  100,00
16:55:10      19    0,00    0,00    0,00    0,00    0,00    0,00    0,00    0,00    0,00  100,00
16:55:10      20    0,00    0,00    0,00    0,00    0,00    0,00    0,00    0,00    0,00  100,00
16:55:10      21    0,00    0,00    0,00    0,00    0,00    0,00    0,00    0,00    0,00  100,00
16:55:10      22    0,00    0,00    0,00    0,00    0,00  100,00    0,00    0,00    0,00    0,00
16:55:10      23    0,00    0,00    0,00    0,00    0,00    0,00    0,00    0,00    0,00  100,00

16:55:10     CPU    %usr   %nice    %sys %iowait    %irq   %soft  %steal  %guest  %gnice   %idle
16:55:11     all    1,62    0,00    0,71    0,00    0,00    8,33    0,00    0,00    0,00   89,34
16:55:11       0    0,00    0,00    1,00    0,00    0,00    0,00    0,00    0,00    0,00   99,00
16:55:11       1    0,00    0,00    0,00    0,00    0,00    0,00    0,00    0,00    0,00  100,00
16:55:11       2    0,00    0,00    0,00    0,00    0,00    0,00    0,00    0,00    0,00  100,00
16:55:11       3    0,00    0,00    0,00    0,00    0,00    0,00    0,00    0,00    0,00  100,00
16:55:11       4    0,99    0,00    0,00    0,00    0,00    0,00    0,00    0,00    0,00   99,01
16:55:11       5    0,00    0,00    0,00    0,00    0,00    0,00    0,00    0,00    0,00  100,00
16:55:11       6    2,00    0,00    1,00    0,00    0,00    0,00    0,00    0,00    0,00   97,00
16:55:11       7    0,00    0,00    0,00    0,00    0,00    0,00    0,00    0,00    0,00  100,00
16:55:11       8    0,99    0,00    0,00    0,00    0,00    0,00    0,00    0,00    0,00   99,01
16:55:11       9    0,00    0,00    0,00    0,00    0,00    0,00    0,00    0,00    0,00  100,00
16:55:11      10    0,00    0,00    0,00    0,00    0,00  100,00    0,00    0,00    0,00    0,00
16:55:11      11    0,00    0,00    0,00    0,00    0,00    0,00    0,00    0,00    0,00  100,00
16:55:11      12    0,00    0,00    0,00    0,00    0,00    0,00    0,00    0,00    0,00  100,00
16:55:11      13    2,97    0,00    1,98    0,00    0,00    0,00    0,00    0,00    0,00   95,05
16:55:11      14    0,00    0,00    0,00    0,00    0,00    0,00    0,00    0,00    0,00  100,00
16:55:11      15    0,00    0,00    0,00    0,00    0,00    0,00    0,00    0,00    0,00  100,00
16:55:11      16   13,13    0,00    4,04    0,00    0,00    0,00    0,00    0,00    0,00   82,83
16:55:11      17    3,00    0,00    2,00    0,00    0,00    0,00    0,00    0,00    0,00   95,00
16:55:11      18    8,91    0,00    2,97    0,00    0,00    0,00    0,00    0,00    0,00   88,12
16:55:11      19    2,00    0,00    2,00    0,00    0,00    0,00    0,00    0,00    0,00   96,00
16:55:11      20    2,00    0,00    1,00    0,00    0,00    0,00    0,00    0,00    0,00   97,00
16:55:11      21    2,00    0,00    1,00    0,00    0,00    0,00    0,00    0,00    0,00   97,00
16:55:11      22    0,00    0,00    0,00    0,00    0,00  100,00    0,00    0,00    0,00    0,00
16:55:11      23    1,00    0,00    0,00    0,00    0,00    0,00    0,00    0,00    0,00   99,00
