Linux 6.8.0-111-generic (testbed-node6) 	12/05/26 	_x86_64_	(24 CPU)

21:45:58     CPU    %usr   %nice    %sys %iowait    %irq   %soft  %steal  %guest  %gnice   %idle
21:45:59     all    0,96    0,00    0,17    0,00    0,00    0,00    0,00    0,00    0,00   98,87
21:45:59       0    0,00    0,00    0,00    0,00    0,00    0,00    0,00    0,00    0,00  100,00
21:45:59       1    0,00    0,00    0,00    0,00    0,00    0,00    0,00    0,00    0,00  100,00
21:45:59       2    0,00    0,00    0,00    0,00    0,00    0,00    0,00    0,00    0,00  100,00
21:45:59       3    0,00    0,00    0,00    0,00    0,00    0,00    0,00    0,00    0,00  100,00
21:45:59       4    0,99    0,00    0,00    0,00    0,00    0,00    0,00    0,00    0,00   99,01
21:45:59       5    0,00    0,00    0,00    0,00    0,00    0,00    0,00    0,00    0,00  100,00
21:45:59       6    0,00    0,00    0,00    0,00    0,00    0,00    0,00    0,00    0,00  100,00
21:45:59       7    0,00    0,00    0,00    0,00    0,00    0,00    0,00    0,00    0,00  100,00
21:45:59       8    6,00    0,00    0,00    0,00    0,00    0,00    0,00    0,00    0,00   94,00
21:45:59       9    9,00    0,00    0,00    0,00    0,00    0,00    0,00    0,00    0,00   91,00
21:45:59      10    0,99    0,00    0,99    0,00    0,00    0,00    0,00    0,00    0,00   98,02
21:45:59      11    0,00    0,00    0,00    0,00    0,00    0,00    0,00    0,00    0,00  100,00
21:45:59      12    0,00    0,00    0,00    0,00    0,00    0,00    0,00    0,00    0,00  100,00
21:45:59      13    0,00    0,00    0,00    0,00    0,00    0,00    0,00    0,00    0,00  100,00
21:45:59      14    2,02    0,00    0,00    0,00    0,00    0,00    0,00    0,00    0,00   97,98
21:45:59      15    0,00    0,00    0,00    0,00    0,00    0,00    0,00    0,00    0,00  100,00
21:45:59      16    0,00    0,00    0,99    0,00    0,00    0,00    0,00    0,00    0,00   99,01
21:45:59      17    1,98    0,00    0,99    0,00    0,00    0,00    0,00    0,00    0,00   97,03
21:45:59      18    1,00    0,00    0,00    0,00    0,00    0,00    0,00    0,00    0,00   99,00
21:45:59      19    0,00    0,00    0,00    0,00    0,00    0,00    0,00    0,00    0,00  100,00
21:45:59      20    1,00    0,00    1,00    0,00    0,00    0,00    0,00    0,00    0,00   98,00
21:45:59      21    0,00    0,00    0,00    0,00    0,00    0,00    0,00    0,00    0,00  100,00
21:45:59      22    0,00    0,00    0,00    0,00    0,00    0,00    0,00    0,00    0,00  100,00
21:45:59      23    0,00    0,00    0,00    0,00    0,00    0,00    0,00    0,00    0,00  100,00

21:45:59     CPU    %usr   %nice    %sys %iowait    %irq   %soft  %steal  %guest  %gnice   %idle
21:46:00     all    0,08    0,00    0,04    0,00    0,00   10,14    0,00    0,00    0,00   89,73
21:46:00       0    0,00    0,00    0,00    0,00    0,00   73,27    0,00    0,00    0,00   26,73
21:46:00       1    0,00    0,00    0,00    0,00    0,00   64,42    0,00    0,00    0,00   35,58
21:46:00       2    0,00    0,00    0,00    0,00    0,00   37,62    0,00    0,00    0,00   62,38
21:46:00       3    0,00    0,00    0,00    0,00    0,00   64,36    0,00    0,00    0,00   35,64
21:46:00       4    0,00    0,00    0,00    0,00    0,00    0,00    0,00    0,00    0,00  100,00
21:46:00       5    0,00    0,00    0,00    0,00    0,00    0,00    0,00    0,00    0,00  100,00
21:46:00       6    2,00    0,00    0,00    0,00    0,00    0,00    0,00    0,00    0,00   98,00
21:46:00       7    0,00    0,00    0,00    0,00    0,00    0,00    0,00    0,00    0,00  100,00
21:46:00       8    0,00    0,00    0,00    0,00    0,00    0,00    0,00    0,00    0,00  100,00
21:46:00       9    0,00    0,00    0,00    0,00    0,00    0,00    0,00    0,00    0,00  100,00
21:46:00      10    0,00    0,00    0,00    0,00    0,00    0,00    0,00    0,00    0,00  100,00
21:46:00      11    0,00    0,00    0,00    0,00    0,00    0,00    0,00    0,00    0,00  100,00
21:46:00      12    0,00    0,00    0,00    0,00    0,00    0,00    0,00    0,00    0,00  100,00
21:46:00      13    0,00    0,00    0,00    0,00    0,00    0,00    0,00    0,00    0,00  100,00
21:46:00      14    0,00    0,00    0,00    0,00    0,00    0,00    0,00    0,00    0,00  100,00
21:46:00      15    0,00    0,00    0,00    0,00    0,00    0,00    0,00    0,00    0,00  100,00
21:46:00      16    0,00    0,00    0,00    0,00    0,00    0,00    0,00    0,00    0,00  100,00
21:46:00      17    0,00    0,00    0,00    0,00    0,00    0,00    0,00    0,00    0,00  100,00
21:46:00      18    0,00    0,00    0,99    0,00    0,00    0,00    0,00    0,00    0,00   99,01
21:46:00      19    0,00    0,00    0,00    0,00    0,00    0,00    0,00    0,00    0,00  100,00
21:46:00      20    0,00    0,00    0,00    0,00    0,00    0,00    0,00    0,00    0,00  100,00
21:46:00      21    0,00    0,00    0,00    0,00    0,00    0,00    0,00    0,00    0,00  100,00
21:46:00      22    0,00    0,00    0,00    0,00    0,00    0,00    0,00    0,00    0,00  100,00
21:46:00      23    0,00    0,00    0,00    0,00    0,00    0,00    0,00    0,00    0,00  100,00

21:46:00     CPU    %usr   %nice    %sys %iowait    %irq   %soft  %steal  %guest  %gnice   %idle
21:46:01     all    1,95    0,00    0,67    0,12    0,00   14,10    0,00    0,00    0,00   83,16
21:46:01       0    0,00    0,00    0,00    0,00    0,00  100,00    0,00    0,00    0,00    0,00
21:46:01       1    0,00    0,00    0,00    0,00    0,00   89,52    0,00    0,00    0,00   10,48
21:46:01       2    0,00    0,00    0,00    0,00    0,00   51,52    0,00    0,00    0,00   48,48
21:46:01       3    0,00    0,00    0,00    0,00    0,00   91,26    0,00    0,00    0,00    8,74
21:46:01       4    0,00    0,00    0,00    0,00    0,00    0,00    0,00    0,00    0,00  100,00
21:46:01       5    0,00    0,00    0,00    0,00    0,00    0,00    0,00    0,00    0,00  100,00
21:46:01       6    3,03    0,00    2,02    0,00    0,00    0,00    0,00    0,00    0,00   94,95
21:46:01       7    0,00    0,00    0,00    0,00    0,00    0,00    0,00    0,00    0,00  100,00
21:46:01       8    2,00    0,00    1,00    0,00    0,00    0,00    0,00    0,00    0,00   97,00
21:46:01       9   15,84    0,00    0,00    0,00    0,00    0,00    0,00    0,00    0,00   84,16
21:46:01      10    1,01    0,00    0,00    0,00    0,00    0,00    0,00    0,00    0,00   98,99
21:46:01      11    0,00    0,00    0,00    0,00    0,00    0,00    0,00    0,00    0,00  100,00
21:46:01      12    9,00    0,00    1,00    0,00    0,00    0,00    0,00    0,00    0,00   90,00
21:46:01      13    0,00    0,00    0,00    0,00    0,00    0,00    0,00    0,00    0,00  100,00
21:46:01      14    1,00    0,00    1,00    0,00    0,00    0,00    0,00    0,00    0,00   98,00
21:46:01      15    0,00    0,00    0,00    0,00    0,00    0,00    0,00    0,00    0,00  100,00
21:46:01      16    2,00    0,00    1,00    2,00    0,00    0,00    0,00    0,00    0,00   95,00
21:46:01      17    3,00    0,00    2,00    0,00    0,00    0,00    0,00    0,00    0,00   95,00
21:46:01      18    3,00    0,00    1,00    1,00    0,00    0,00    0,00    0,00    0,00   95,00
21:46:01      19    1,00    0,00    1,00    0,00    0,00    0,00    0,00    0,00    0,00   98,00
21:46:01      20    0,00    0,00    1,00    0,00    0,00    0,00    0,00    0,00    0,00   99,00
21:46:01      21    2,00    0,00    2,00    0,00    0,00    0,00    0,00    0,00    0,00   96,00
21:46:01      22    1,00    0,00    1,00    0,00    0,00    0,00    0,00    0,00    0,00   98,00
21:46:01      23    3,00    0,00    2,00    0,00    0,00    0,00    0,00    0,00    0,00   95,00

21:46:01     CPU    %usr   %nice    %sys %iowait    %irq   %soft  %steal  %guest  %gnice   %idle
21:46:02     all    0,21    0,00    0,08    0,00    0,00   13,75    0,00    0,00    0,00   85,96
21:46:02       0    0,00    0,00    0,00    0,00    0,00  100,00    0,00    0,00    0,00    0,00
21:46:02       1    0,00    0,00    0,00    0,00    0,00   87,62    0,00    0,00    0,00   12,38
21:46:02       2    2,02    0,00    0,00    0,00    0,00   49,49    0,00    0,00    0,00   48,48
21:46:02       3    0,96    0,00    0,00    0,00    0,00   86,54    0,00    0,00    0,00   12,50
21:46:02       4    0,00    0,00    0,00    0,00    0,00    0,00    0,00    0,00    0,00  100,00
21:46:02       5    0,00    0,00    0,00    0,00    0,00    0,00    0,00    0,00    0,00  100,00
21:46:02       6    0,00    0,00    1,00    0,00    0,00    0,00    0,00    0,00    0,00   99,00
21:46:02       7    0,00    0,00    0,00    0,00    0,00    0,00    0,00    0,00    0,00  100,00
21:46:02       8    0,00    0,00    0,00    0,00    0,00    0,00    0,00    0,00    0,00  100,00
21:46:02       9    0,00    0,00    0,00    0,00    0,00    0,00    0,00    0,00    0,00  100,00
21:46:02      10    0,99    0,00    0,99    0,00    0,00    0,00    0,00    0,00    0,00   98,02
21:46:02      11    0,00    0,00    0,00    0,00    0,00    0,00    0,00    0,00    0,00  100,00
21:46:02      12    1,00    0,00    0,00    0,00    0,00    0,00    0,00    0,00    0,00   99,00
21:46:02      13    0,00    0,00    0,00    0,00    0,00    0,00    0,00    0,00    0,00  100,00
21:46:02      14    0,00    0,00    0,00    0,00    0,00    0,00    0,00    0,00    0,00  100,00
21:46:02      15    0,00    0,00    0,00    0,00    0,00    0,00    0,00    0,00    0,00  100,00
21:46:02      16    0,00    0,00    0,00    0,00    0,00    0,00    0,00    0,00    0,00  100,00
21:46:02      17    0,00    0,00    0,00    0,00    0,00    0,00    0,00    0,00    0,00  100,00
21:46:02      18    0,00    0,00    0,00    0,00    0,00    0,00    0,00    0,00    0,00  100,00
21:46:02      19    0,00    0,00    0,00    0,00    0,00    0,00    0,00    0,00    0,00  100,00
21:46:02      20    0,00    0,00    0,00    0,00    0,00    0,00    0,00    0,00    0,00  100,00
21:46:02      21    0,00    0,00    0,00    0,00    0,00    0,00    0,00    0,00    0,00  100,00
21:46:02      22    0,00    0,00    0,00    0,00    0,00    0,00    0,00    0,00    0,00  100,00
21:46:02      23    0,00    0,00    0,00    0,00    0,00    0,00    0,00    0,00    0,00  100,00

21:46:02     CPU    %usr   %nice    %sys %iowait    %irq   %soft  %steal  %guest  %gnice   %idle
21:46:03     all    0,04    0,00    0,04    0,04    0,00   13,61    0,00    0,00    0,00   86,26
21:46:03       0    0,00    0,00    0,00    0,00    0,00  100,00    0,00    0,00    0,00    0,00
21:46:03       1    0,00    0,00    0,00    0,00    0,00   86,54    0,00    0,00    0,00   13,46
21:46:03       2    0,00    0,00    0,00    0,00    0,00   48,98    0,00    0,00    0,00   51,02
21:46:03       3    0,00    0,00    0,00    0,00    0,00   87,25    0,00    0,00    0,00   12,75
21:46:03       4    0,00    0,00    0,00    0,00    0,00    0,00    0,00    0,00    0,00  100,00
21:46:03       5    0,00    0,00    0,00    0,00    0,00    0,00    0,00    0,00    0,00  100,00
21:46:03       6    0,00    0,00    0,00    0,00    0,00    0,00    0,00    0,00    0,00  100,00
21:46:03       7    0,00    0,00    0,00    0,00    0,00    0,00    0,00    0,00    0,00  100,00
21:46:03       8    0,99    0,00    0,99    0,99    0,00    0,00    0,00    0,00    0,00   97,03
21:46:03       9    0,00    0,00    0,00    0,00    0,00    0,00    0,00    0,00    0,00  100,00
21:46:03      10    0,00    0,00    0,00    0,00    0,00    0,00    0,00    0,00    0,00  100,00
21:46:03      11    0,00    0,00    0,00    0,00    0,00    0,00    0,00    0,00    0,00  100,00
21:46:03      12    0,00    0,00    0,00    0,00    0,00    0,00    0,00    0,00    0,00  100,00
21:46:03      13    0,00    0,00    0,00    0,00    0,00    0,00    0,00    0,00    0,00  100,00
21:46:03      14    0,00    0,00    0,00    0,00    0,00    0,00    0,00    0,00    0,00  100,00
21:46:03      15    0,00    0,00    0,00    0,00    0,00    0,00    0,00    0,00    0,00  100,00
21:46:03      16    0,00    0,00    0,00    0,00    0,00    0,00    0,00    0,00    0,00  100,00
21:46:03      17    0,00    0,00    0,00    0,00    0,00    0,00    0,00    0,00    0,00  100,00
21:46:03      18    0,00    0,00    0,00    0,00    0,00    0,00    0,00    0,00    0,00  100,00
21:46:03      19    0,00    0,00    0,00    0,00    0,00    0,00    0,00    0,00    0,00  100,00
21:46:03      20    0,00    0,00    0,00    0,00    0,00    0,00    0,00    0,00    0,00  100,00
21:46:03      21    0,00    0,00    0,00    0,00    0,00    0,00    0,00    0,00    0,00  100,00
21:46:03      22    0,00    0,00    0,00    0,00    0,00    0,00    0,00    0,00    0,00  100,00
21:46:03      23    0,00    0,00    0,00    0,00    0,00    0,00    0,00    0,00    0,00  100,00

21:46:03     CPU    %usr   %nice    %sys %iowait    %irq   %soft  %steal  %guest  %gnice   %idle
21:46:04     all    0,08    0,00    0,00    0,00    0,00   14,04    0,00    0,00    0,00   85,88
21:46:04       0    0,00    0,00    0,00    0,00    0,00  100,00    0,00    0,00    0,00    0,00
21:46:04       1    0,00    0,00    0,00    0,00    0,00   90,48    0,00    0,00    0,00    9,52
21:46:04       2    0,00    0,00    0,00    0,00    0,00   51,52    0,00    0,00    0,00   48,48
21:46:04       3    0,00    0,00    0,00    0,00    0,00   87,62    0,00    0,00    0,00   12,38
21:46:04       4    0,00    0,00    0,00    0,00    0,00    0,00    0,00    0,00    0,00  100,00
21:46:04       5    0,00    0,00    0,00    0,00    0,00    0,00    0,00    0,00    0,00  100,00
21:46:04       6    0,00    0,00    0,00    0,00    0,00    0,00    0,00    0,00    0,00  100,00
21:46:04       7    0,00    0,00    0,00    0,00    0,00    0,00    0,00    0,00    0,00  100,00
21:46:04       8    0,00    0,00    0,00    0,00    0,00    0,00    0,00    0,00    0,00  100,00
21:46:04       9    0,00    0,00    0,00    0,00    0,00    0,00    0,00    0,00    0,00  100,00
21:46:04      10    0,99    0,00    0,00    0,00    0,00    0,00    0,00    0,00    0,00   99,01
21:46:04      11    0,00    0,00    0,00    0,00    0,00    0,00    0,00    0,00    0,00  100,00
21:46:04      12    0,00    0,00    0,00    0,00    0,00    0,00    0,00    0,00    0,00  100,00
21:46:04      13    0,00    0,00    0,00    0,00    0,00    0,00    0,00    0,00    0,00  100,00
21:46:04      14    0,00    0,00    0,00    0,00    0,00    0,00    0,00    0,00    0,00  100,00
21:46:04      15    0,00    0,00    0,00    0,00    0,00    0,00    0,00    0,00    0,00  100,00
21:46:04      16    1,00    0,00    0,00    0,00    0,00    0,00    0,00    0,00    0,00   99,00
21:46:04      17    0,00    0,00    0,00    0,00    0,00    0,00    0,00    0,00    0,00  100,00
21:46:04      18    0,00    0,00    0,00    0,00    0,00    0,00    0,00    0,00    0,00  100,00
21:46:04      19    0,00    0,00    0,00    0,00    0,00    0,00    0,00    0,00    0,00  100,00
21:46:04      20    0,00    0,00    0,00    0,00    0,00    0,00    0,00    0,00    0,00  100,00
21:46:04      21    0,00    0,00    0,00    0,00    0,00    0,00    0,00    0,00    0,00  100,00
21:46:04      22    0,00    0,00    0,00    0,00    0,00    0,00    0,00    0,00    0,00  100,00
21:46:04      23    0,00    0,00    0,00    0,00    0,00    0,00    0,00    0,00    0,00  100,00

21:46:04     CPU    %usr   %nice    %sys %iowait    %irq   %soft  %steal  %guest  %gnice   %idle
21:46:05     all    0,21    0,00    0,00    0,00    0,00   14,34    0,00    0,00    0,00   85,45
21:46:05       0    0,00    0,00    0,00    0,00    0,00  100,00    0,00    0,00    0,00    0,00
21:46:05       1    0,00    0,00    0,00    0,00    0,00   95,15    0,00    0,00    0,00    4,85
21:46:05       2    0,00    0,00    0,00    0,00    0,00   53,00    0,00    0,00    0,00   47,00
21:46:05       3    0,00    0,00    0,00    0,00    0,00   90,38    0,00    0,00    0,00    9,62
21:46:05       4    0,00    0,00    0,00    0,00    0,00    0,00    0,00    0,00    0,00  100,00
21:46:05       5    0,99    0,00    0,00    0,00    0,00    0,00    0,00    0,00    0,00   99,01
21:46:05       6    0,99    0,00    0,00    0,00    0,00    0,00    0,00    0,00    0,00   99,01
21:46:05       7    0,00    0,00    0,00    0,00    0,00    0,00    0,00    0,00    0,00  100,00
21:46:05       8    1,00    0,00    0,00    0,00    0,00    0,00    0,00    0,00    0,00   99,00
21:46:05       9    0,00    0,00    0,00    0,00    0,00    0,00    0,00    0,00    0,00  100,00
21:46:05      10    0,00    0,00    0,00    0,00    0,00    0,00    0,00    0,00    0,00  100,00
21:46:05      11    0,00    0,00    0,00    0,00    0,00    0,00    0,00    0,00    0,00  100,00
21:46:05      12    1,00    0,00    0,00    0,00    0,00    0,00    0,00    0,00    0,00   99,00
21:46:05      13    0,00    0,00    0,00    0,00    0,00    0,00    0,00    0,00    0,00  100,00
21:46:05      14    0,00    0,00    0,00    0,00    0,00    0,00    0,00    0,00    0,00  100,00
21:46:05      15    0,00    0,00    0,00    0,00    0,00    0,00    0,00    0,00    0,00  100,00
21:46:05      16    0,00    0,00    0,00    0,00    0,00    0,00    0,00    0,00    0,00  100,00
21:46:05      17    1,00    0,00    0,00    0,00    0,00    0,00    0,00    0,00    0,00   99,00
21:46:05      18    0,00    0,00    0,00    0,00    0,00    0,00    0,00    0,00    0,00  100,00
21:46:05      19    0,00    0,00    0,00    0,00    0,00    0,00    0,00    0,00    0,00  100,00
21:46:05      20    0,00    0,00    0,00    0,00    0,00    0,00    0,00    0,00    0,00  100,00
21:46:05      21    0,00    0,00    0,00    0,00    0,00    0,00    0,00    0,00    0,00  100,00
21:46:05      22    0,00    0,00    0,00    0,00    0,00    0,00    0,00    0,00    0,00  100,00
21:46:05      23    0,00    0,00    0,00    0,00    0,00    0,00    0,00    0,00    0,00  100,00

21:46:05     CPU    %usr   %nice    %sys %iowait    %irq   %soft  %steal  %guest  %gnice   %idle
21:46:06     all    0,04    0,00    0,04    0,17    0,00   13,42    0,00    0,00    0,00   86,33
21:46:06       0    0,00    0,00    0,00    0,00    0,00  100,00    0,00    0,00    0,00    0,00
21:46:06       1    0,00    0,00    0,94    0,00    0,00   85,85    0,00    0,00    0,00   13,21
21:46:06       2    0,00    0,00    0,00    0,00    0,00   47,47    0,00    0,00    0,00   52,53
21:46:06       3    0,00    0,00    0,00    0,00    0,00   82,52    0,00    0,00    0,00   17,48
21:46:06       4    0,00    0,00    0,00    0,00    0,00    0,00    0,00    0,00    0,00  100,00
21:46:06       5    0,00    0,00    0,00    0,00    0,00    0,00    0,00    0,00    0,00  100,00
21:46:06       6    0,00    0,00    0,00    0,00    0,00    0,00    0,00    0,00    0,00  100,00
21:46:06       7    0,00    0,00    0,00    0,00    0,00    0,00    0,00    0,00    0,00  100,00
21:46:06       8    0,00    0,00    0,00    1,00    0,00    0,00    0,00    0,00    0,00   99,00
21:46:06       9    0,00    0,00    0,00    0,00    0,00    0,00    0,00    0,00    0,00  100,00
21:46:06      10    1,00    0,00    0,00    0,00    0,00    0,00    0,00    0,00    0,00   99,00
21:46:06      11    0,00    0,00    0,00    0,00    0,00    0,00    0,00    0,00    0,00  100,00
21:46:06      12    0,00    0,00    0,00    0,00    0,00    0,00    0,00    0,00    0,00  100,00
21:46:06      13    0,00    0,00    0,00    0,00    0,00    0,00    0,00    0,00    0,00  100,00
21:46:06      14    0,00    0,00    0,00    0,00    0,00    0,00    0,00    0,00    0,00  100,00
21:46:06      15    0,00    0,00    0,00    0,00    0,00    0,00    0,00    0,00    0,00  100,00
21:46:06      16    0,00    0,00    0,00    2,02    0,00    0,00    0,00    0,00    0,00   97,98
21:46:06      17    0,00    0,00    0,00    0,00    0,00    0,00    0,00    0,00    0,00  100,00
21:46:06      18    0,00    0,00    0,00    1,00    0,00    0,00    0,00    0,00    0,00   99,00
21:46:06      19    0,00    0,00    0,00    0,00    0,00    0,00    0,00    0,00    0,00  100,00
21:46:06      20    0,00    0,00    0,00    0,00    0,00    0,00    0,00    0,00    0,00  100,00
21:46:06      21    0,00    0,00    0,00    0,00    0,00    0,00    0,00    0,00    0,00  100,00
21:46:06      22    0,00    0,00    0,00    0,00    0,00    0,00    0,00    0,00    0,00  100,00
21:46:06      23    0,00    0,00    0,00    0,00    0,00    0,00    0,00    0,00    0,00  100,00

21:46:06     CPU    %usr   %nice    %sys %iowait    %irq   %soft  %steal  %guest  %gnice   %idle
21:46:07     all    0,12    0,00    0,00    0,00    0,00   13,52    0,00    0,00    0,00   86,36
21:46:07       0    0,00    0,00    0,00    0,00    0,00  100,00    0,00    0,00    0,00    0,00
21:46:07       1    0,00    0,00    0,00    0,00    0,00   87,38    0,00    0,00    0,00   12,62
21:46:07       2    0,00    0,00    0,00    0,00    0,00   47,52    0,00    0,00    0,00   52,48
21:46:07       3    0,00    0,00    0,00    0,00    0,00   83,65    0,00    0,00    0,00   16,35
21:46:07       4    1,00    0,00    0,00    0,00    0,00    0,00    0,00    0,00    0,00   99,00
21:46:07       5    0,00    0,00    0,00    0,00    0,00    0,00    0,00    0,00    0,00  100,00
21:46:07       6    0,00    0,00    0,00    0,00    0,00    0,00    0,00    0,00    0,00  100,00
21:46:07       7    0,00    0,00    0,00    0,00    0,00    0,00    0,00    0,00    0,00  100,00
21:46:07       8    1,00    0,00    0,00    0,00    0,00    0,00    0,00    0,00    0,00   99,00
21:46:07       9    0,00    0,00    0,00    0,00    0,00    0,00    0,00    0,00    0,00  100,00
21:46:07      10    0,00    0,00    0,00    0,00    0,00    0,00    0,00    0,00    0,00  100,00
21:46:07      11    0,00    0,00    0,00    0,00    0,00    0,00    0,00    0,00    0,00  100,00
21:46:07      12    0,00    0,00    0,00    0,00    0,00    0,00    0,00    0,00    0,00  100,00
21:46:07      13    0,00    0,00    0,00    0,00    0,00    0,00    0,00    0,00    0,00  100,00
21:46:07      14    0,00    0,00    0,00    0,00    0,00    0,00    0,00    0,00    0,00  100,00
21:46:07      15    0,00    0,00    0,00    0,00    0,00    0,00    0,00    0,00    0,00  100,00
21:46:07      16    0,99    0,00    0,00    0,00    0,00    0,00    0,00    0,00    0,00   99,01
21:46:07      17    0,00    0,00    0,00    0,00    0,00    0,00    0,00    0,00    0,00  100,00
21:46:07      18    0,00    0,00    0,00    0,00    0,00    0,00    0,00    0,00    0,00  100,00
21:46:07      19    0,00    0,00    0,00    0,00    0,00    0,00    0,00    0,00    0,00  100,00
21:46:07      20    0,00    0,00    0,00    0,00    0,00    0,00    0,00    0,00    0,00  100,00
21:46:07      21    0,00    0,00    0,00    0,00    0,00    0,00    0,00    0,00    0,00  100,00
21:46:07      22    0,00    0,00    0,00    0,00    0,00    0,00    0,00    0,00    0,00  100,00
21:46:07      23    0,00    0,00    0,00    0,00    0,00    0,00    0,00    0,00    0,00  100,00

21:46:07     CPU    %usr   %nice    %sys %iowait    %irq   %soft  %steal  %guest  %gnice   %idle
21:46:08     all    1,99    0,00    0,66    0,00    0,00   13,95    0,00    0,00    0,00   83,39
21:46:08       0    0,00    0,00    0,00    0,00    0,00  100,00    0,00    0,00    0,00    0,00
21:46:08       1    0,00    0,00    0,00    0,00    0,00   90,57    0,00    0,00    0,00    9,43
21:46:08       2    0,00    0,00    1,02    0,00    0,00   48,98    0,00    0,00    0,00   50,00
21:46:08       3    0,00    0,00    0,00    0,00    0,00   89,32    0,00    0,00    0,00   10,68
21:46:08       4    2,00    0,00    3,00    0,00    0,00    0,00    0,00    0,00    0,00   95,00
21:46:08       5    0,00    0,00    0,00    0,00    0,00    0,00    0,00    0,00    0,00  100,00
21:46:08       6    0,00    0,00    0,00    0,00    0,00    0,00    0,00    0,00    0,00  100,00
21:46:08       7    0,99    0,00    0,00    0,00    0,00    0,00    0,00    0,00    0,00   99,01
21:46:08       8    0,00    0,00    0,00    0,00    0,00    0,00    0,00    0,00    0,00  100,00
21:46:08       9   16,00    0,00    0,00    0,00    0,00    0,00    0,00    0,00    0,00   84,00
21:46:08      10   10,00    0,00    3,00    0,00    0,00    0,00    0,00    0,00    0,00   87,00
21:46:08      11    0,00    0,00    0,00    0,00    0,00    0,00    0,00    0,00    0,00  100,00
21:46:08      12    1,98    0,00    0,99    0,00    0,00    0,00    0,00    0,00    0,00   97,03
21:46:08      13    0,00    0,00    0,00    0,00    0,00    0,00    0,00    0,00    0,00  100,00
21:46:08      14    0,99    0,00    0,00    0,00    0,00    0,00    0,00    0,00    0,00   99,01
21:46:08      15    1,00    0,00    0,00    0,00    0,00    0,00    0,00    0,00    0,00   99,00
21:46:08      16    0,00    0,00    1,01    0,00    0,00    0,00    0,00    0,00    0,00   98,99
21:46:08      17    1,01    0,00    2,02    0,00    0,00    0,00    0,00    0,00    0,00   96,97
21:46:08      18    0,00    0,00    1,00    0,00    0,00    0,00    0,00    0,00    0,00   99,00
21:46:08      19    0,99    0,00    0,00    0,00    0,00    0,00    0,00    0,00    0,00   99,01
21:46:08      20    1,00    0,00    0,00    0,00    0,00    0,00    0,00    0,00    0,00   99,00
21:46:08      21    2,97    0,00    1,98    0,00    0,00    0,00    0,00    0,00    0,00   95,05
21:46:08      22    8,08    0,00    1,01    0,00    0,00    0,00    0,00    0,00    0,00   90,91
21:46:08      23    0,99    0,00    0,99    0,00    0,00    0,00    0,00    0,00    0,00   98,02
