Linux 6.8.0-111-generic (testbed-node6) 	05/05/26 	_x86_64_	(24 CPU)

15:48:47     CPU    %usr   %nice    %sys %iowait    %irq   %soft  %steal  %guest  %gnice   %idle
15:48:48     all    0,58    0,00    0,17    0,00    0,00   16,65    0,00    0,00    0,00   82,60
15:48:48       0    0,00    0,00    0,00    0,00    0,00    0,00    0,00    0,00    0,00  100,00
15:48:48       1    0,00    0,00    0,00    0,00    0,00    0,00    0,00    0,00    0,00  100,00
15:48:48       2    0,00    0,00    0,00    0,00    0,00  100,00    0,00    0,00    0,00    0,00
15:48:48       3    0,00    0,00    0,00    0,00    0,00    0,00    0,00    0,00    0,00  100,00
15:48:48       4    0,00    0,00    0,99    0,00    0,00   99,01    0,00    0,00    0,00    0,00
15:48:48       5    0,00    0,00    0,00    0,00    0,00    0,00    0,00    0,00    0,00  100,00
15:48:48       6    0,00    0,00    0,00    0,00    0,00    0,00    0,00    0,00    0,00  100,00
15:48:48       7    0,00    0,00    0,00    0,00    0,00    0,00    0,00    0,00    0,00  100,00
15:48:48       8    0,99    0,00    0,00    0,00    0,00   99,01    0,00    0,00    0,00    0,00
15:48:48       9    0,00    0,00    0,00    0,00    0,00    0,00    0,00    0,00    0,00  100,00
15:48:48      10    0,00    0,00    0,00    0,00    0,00    0,00    0,00    0,00    0,00  100,00
15:48:48      11    0,00    0,00    0,00    0,00    0,00    0,00    0,00    0,00    0,00  100,00
15:48:48      12    0,00    0,00    0,00    0,00    0,00    0,00    0,00    0,00    0,00  100,00
15:48:48      13    0,00    0,00    0,00    0,00    0,00    0,00    0,00    0,00    0,00  100,00
15:48:48      14    0,00    0,00    0,00    0,00    0,00    0,00    0,00    0,00    0,00  100,00
15:48:48      15    0,00    0,00    0,00    0,00    0,00    0,00    0,00    0,00    0,00  100,00
15:48:48      16    1,98    0,00    0,99    0,00    0,00    0,00    0,00    0,00    0,00   97,03
15:48:48      17    1,00    0,00    0,00    0,00    0,00    0,00    0,00    0,00    0,00   99,00
15:48:48      18    9,90    0,00    1,98    0,00    0,00    0,00    0,00    0,00    0,00   88,12
15:48:48      19    0,00    0,00    0,00    0,00    0,00    0,00    0,00    0,00    0,00  100,00
15:48:48      20    0,00    0,00    0,00    0,00    0,00    0,00    0,00    0,00    0,00  100,00
15:48:48      21    0,00    0,00    0,00    0,00    0,00    0,00    0,00    0,00    0,00  100,00
15:48:48      22    0,00    0,00    0,00    0,00    0,00  100,00    0,00    0,00    0,00    0,00
15:48:48      23    0,00    0,00    0,00    0,00    0,00    0,00    0,00    0,00    0,00  100,00

15:48:48     CPU    %usr   %nice    %sys %iowait    %irq   %soft  %steal  %guest  %gnice   %idle
15:48:49     all    0,00    0,00    0,00    0,00    0,00   16,65    0,00    0,00    0,00   83,35
15:48:49       0    0,00    0,00    0,00    0,00    0,00    0,00    0,00    0,00    0,00  100,00
15:48:49       1    0,00    0,00    0,00    0,00    0,00    0,00    0,00    0,00    0,00  100,00
15:48:49       2    0,00    0,00    0,00    0,00    0,00  100,00    0,00    0,00    0,00    0,00
15:48:49       3    0,00    0,00    0,00    0,00    0,00    0,00    0,00    0,00    0,00  100,00
15:48:49       4    0,00    0,00    0,00    0,00    0,00  100,00    0,00    0,00    0,00    0,00
15:48:49       5    0,00    0,00    0,00    0,00    0,00    0,00    0,00    0,00    0,00  100,00
15:48:49       6    0,00    0,00    0,00    0,00    0,00    0,00    0,00    0,00    0,00  100,00
15:48:49       7    0,00    0,00    0,00    0,00    0,00    0,00    0,00    0,00    0,00  100,00
15:48:49       8    0,00    0,00    0,00    0,00    0,00  100,00    0,00    0,00    0,00    0,00
15:48:49       9    0,00    0,00    0,00    0,00    0,00    0,00    0,00    0,00    0,00  100,00
15:48:49      10    0,00    0,00    0,00    0,00    0,00    0,00    0,00    0,00    0,00  100,00
15:48:49      11    0,00    0,00    0,00    0,00    0,00    0,00    0,00    0,00    0,00  100,00
15:48:49      12    0,00    0,00    0,00    0,00    0,00    0,00    0,00    0,00    0,00  100,00
15:48:49      13    0,00    0,00    0,00    0,00    0,00    0,00    0,00    0,00    0,00  100,00
15:48:49      14    0,00    0,00    0,00    0,00    0,00    0,00    0,00    0,00    0,00  100,00
15:48:49      15    0,00    0,00    0,00    0,00    0,00    0,00    0,00    0,00    0,00  100,00
15:48:49      16    0,00    0,00    0,00    0,00    0,00    0,00    0,00    0,00    0,00  100,00
15:48:49      17    0,00    0,00    0,00    0,00    0,00    0,00    0,00    0,00    0,00  100,00
15:48:49      18    0,00    0,00    0,00    0,00    0,00    0,00    0,00    0,00    0,00  100,00
15:48:49      19    0,00    0,00    0,00    0,00    0,00    0,00    0,00    0,00    0,00  100,00
15:48:49      20    0,00    0,00    0,00    0,00    0,00    0,00    0,00    0,00    0,00  100,00
15:48:49      21    0,00    0,00    0,00    0,00    0,00    0,00    0,00    0,00    0,00  100,00
15:48:49      22    0,00    0,00    0,00    0,00    0,00  100,00    0,00    0,00    0,00    0,00
15:48:49      23    0,00    0,00    0,00    0,00    0,00    0,00    0,00    0,00    0,00  100,00

15:48:49     CPU    %usr   %nice    %sys %iowait    %irq   %soft  %steal  %guest  %gnice   %idle
15:48:50     all    1,50    0,00    0,71    0,00    0,00   16,61    0,00    0,00    0,00   81,18
15:48:50       0    0,00    0,00    0,00    0,00    0,00    0,00    0,00    0,00    0,00  100,00
15:48:50       1    0,00    0,00    0,00    0,00    0,00    0,00    0,00    0,00    0,00  100,00
15:48:50       2    0,00    0,00    0,00    0,00    0,00  100,00    0,00    0,00    0,00    0,00
15:48:50       3    0,00    0,00    0,00    0,00    0,00    0,00    0,00    0,00    0,00  100,00
15:48:50       4    0,00    0,00    0,00    0,00    0,00  100,00    0,00    0,00    0,00    0,00
15:48:50       5    0,00    0,00    0,00    0,00    0,00    0,00    0,00    0,00    0,00  100,00
15:48:50       6    0,00    0,00    0,00    0,00    0,00    0,00    0,00    0,00    0,00  100,00
15:48:50       7    0,00    0,00    0,00    0,00    0,00    0,00    0,00    0,00    0,00  100,00
15:48:50       8    0,99    0,00    0,99    0,00    0,00   98,02    0,00    0,00    0,00    0,00
15:48:50       9    0,00    0,00    0,00    0,00    0,00    0,00    0,00    0,00    0,00  100,00
15:48:50      10    1,00    0,00    0,00    0,00    0,00    0,00    0,00    0,00    0,00   99,00
15:48:50      11    0,00    0,00    0,00    0,00    0,00    0,00    0,00    0,00    0,00  100,00
15:48:50      12    0,00    0,00    0,00    0,00    0,00    0,00    0,00    0,00    0,00  100,00
15:48:50      13    0,00    0,00    0,00    0,00    0,00    0,00    0,00    0,00    0,00  100,00
15:48:50      14    0,99    0,00    0,00    0,00    0,00    0,00    0,00    0,00    0,00   99,01
15:48:50      15    0,00    0,00    0,00    0,00    0,00    0,00    0,00    0,00    0,00  100,00
15:48:50      16    2,02    0,00    1,01    0,00    0,00    0,00    0,00    0,00    0,00   96,97
15:48:50      17    5,00    0,00    3,00    0,00    0,00    0,00    0,00    0,00    0,00   92,00
15:48:50      18   15,15    0,00    3,03    0,00    0,00    0,00    0,00    0,00    0,00   81,82
15:48:50      19    5,88    0,00    5,88    0,00    0,00    0,00    0,00    0,00    0,00   88,24
15:48:50      20    2,02    0,00    1,01    0,00    0,00    0,00    0,00    0,00    0,00   96,97
15:48:50      21    0,99    0,00    0,99    0,00    0,00    0,00    0,00    0,00    0,00   98,02
15:48:50      22    0,00    0,00    0,00    0,00    0,00  100,00    0,00    0,00    0,00    0,00
15:48:50      23    1,98    0,00    0,99    0,00    0,00    0,00    0,00    0,00    0,00   97,03

15:48:50     CPU    %usr   %nice    %sys %iowait    %irq   %soft  %steal  %guest  %gnice   %idle
15:48:51     all    0,00    0,00    0,00    0,17    0,00   16,65    0,00    0,00    0,00   83,18
15:48:51       0    0,00    0,00    0,00    3,00    0,00    0,00    0,00    0,00    0,00   97,00
15:48:51       1    0,00    0,00    0,00    0,00    0,00    0,00    0,00    0,00    0,00  100,00
15:48:51       2    0,00    0,00    0,00    0,00    0,00  100,00    0,00    0,00    0,00    0,00
15:48:51       3    0,00    0,00    0,00    0,00    0,00    0,00    0,00    0,00    0,00  100,00
15:48:51       4    0,00    0,00    0,00    0,00    0,00  100,00    0,00    0,00    0,00    0,00
15:48:51       5    0,00    0,00    0,00    0,00    0,00    0,00    0,00    0,00    0,00  100,00
15:48:51       6    0,00    0,00    0,00    0,00    0,00    0,00    0,00    0,00    0,00  100,00
15:48:51       7    0,00    0,00    0,00    0,00    0,00    0,00    0,00    0,00    0,00  100,00
15:48:51       8    0,00    0,00    0,00    0,00    0,00  100,00    0,00    0,00    0,00    0,00
15:48:51       9    0,00    0,00    0,00    0,00    0,00    0,00    0,00    0,00    0,00  100,00
15:48:51      10    0,00    0,00    0,00    0,00    0,00    0,00    0,00    0,00    0,00  100,00
15:48:51      11    0,00    0,00    0,00    0,00    0,00    0,00    0,00    0,00    0,00  100,00
15:48:51      12    0,00    0,00    0,00    1,00    0,00    0,00    0,00    0,00    0,00   99,00
15:48:51      13    0,00    0,00    0,00    0,00    0,00    0,00    0,00    0,00    0,00  100,00
15:48:51      14    0,00    0,00    0,00    0,00    0,00    0,00    0,00    0,00    0,00  100,00
15:48:51      15    0,00    0,00    0,00    0,00    0,00    0,00    0,00    0,00    0,00  100,00
15:48:51      16    0,00    0,00    0,00    0,00    0,00    0,00    0,00    0,00    0,00  100,00
15:48:51      17    0,00    0,00    0,00    0,00    0,00    0,00    0,00    0,00    0,00  100,00
15:48:51      18    0,00    0,00    0,00    0,00    0,00    0,00    0,00    0,00    0,00  100,00
15:48:51      19    0,00    0,00    0,00    0,00    0,00    0,00    0,00    0,00    0,00  100,00
15:48:51      20    0,00    0,00    0,00    0,00    0,00    0,00    0,00    0,00    0,00  100,00
15:48:51      21    0,00    0,00    0,00    0,00    0,00    0,00    0,00    0,00    0,00  100,00
15:48:51      22    0,00    0,00    0,00    0,00    0,00  100,00    0,00    0,00    0,00    0,00
15:48:51      23    0,00    0,00    0,00    0,00    0,00    0,00    0,00    0,00    0,00  100,00

15:48:51     CPU    %usr   %nice    %sys %iowait    %irq   %soft  %steal  %guest  %gnice   %idle
15:48:52     all    0,04    0,00    0,08    0,00    0,00   16,60    0,00    0,00    0,00   83,28
15:48:52       0    0,00    0,00    0,00    0,00    0,00    0,00    0,00    0,00    0,00  100,00
15:48:52       1    0,00    0,00    0,00    0,00    0,00    0,00    0,00    0,00    0,00  100,00
15:48:52       2    0,00    0,00    0,00    0,00    0,00  100,00    0,00    0,00    0,00    0,00
15:48:52       3    0,00    0,00    0,00    0,00    0,00    0,00    0,00    0,00    0,00  100,00
15:48:52       4    0,00    0,00    0,00    0,00    0,00  100,00    0,00    0,00    0,00    0,00
15:48:52       5    0,00    0,00    0,00    0,00    0,00    0,00    0,00    0,00    0,00  100,00
15:48:52       6    0,00    0,00    0,00    0,00    0,00    0,00    0,00    0,00    0,00  100,00
15:48:52       7    0,00    0,00    0,00    0,00    0,00    0,00    0,00    0,00    0,00  100,00
15:48:52       8    0,99    0,00    0,99    0,00    0,00   98,02    0,00    0,00    0,00    0,00
15:48:52       9    0,00    0,00    0,00    0,00    0,00    0,00    0,00    0,00    0,00  100,00
15:48:52      10    0,00    0,00    0,00    0,00    0,00    0,00    0,00    0,00    0,00  100,00
15:48:52      11    0,00    0,00    0,00    0,00    0,00    0,00    0,00    0,00    0,00  100,00
15:48:52      12    0,00    0,00    0,00    0,00    0,00    0,00    0,00    0,00    0,00  100,00
15:48:52      13    0,00    0,00    0,00    0,00    0,00    0,00    0,00    0,00    0,00  100,00
15:48:52      14    0,00    0,00    0,00    0,00    0,00    0,00    0,00    0,00    0,00  100,00
15:48:52      15    0,00    0,00    0,00    0,00    0,00    0,00    0,00    0,00    0,00  100,00
15:48:52      16    0,00    0,00    1,00    0,00    0,00    0,00    0,00    0,00    0,00   99,00
15:48:52      17    0,00    0,00    0,00    0,00    0,00    0,00    0,00    0,00    0,00  100,00
15:48:52      18    0,00    0,00    0,00    0,00    0,00    0,00    0,00    0,00    0,00  100,00
15:48:52      19    0,00    0,00    0,00    0,00    0,00    0,00    0,00    0,00    0,00  100,00
15:48:52      20    0,00    0,00    0,00    0,00    0,00    0,00    0,00    0,00    0,00  100,00
15:48:52      21    0,00    0,00    0,00    0,00    0,00    0,00    0,00    0,00    0,00  100,00
15:48:52      22    0,00    0,00    0,00    0,00    0,00  100,00    0,00    0,00    0,00    0,00
15:48:52      23    0,00    0,00    0,00    0,00    0,00    0,00    0,00    0,00    0,00  100,00

15:48:52     CPU    %usr   %nice    %sys %iowait    %irq   %soft  %steal  %guest  %gnice   %idle
15:48:53     all    0,00    0,00    0,04    0,00    0,00   16,63    0,00    0,00    0,00   83,33
15:48:53       0    0,00    0,00    0,00    0,00    0,00    0,00    0,00    0,00    0,00  100,00
15:48:53       1    0,00    0,00    0,00    0,00    0,00    0,00    0,00    0,00    0,00  100,00
15:48:53       2    0,00    0,00    0,00    0,00    0,00  100,00    0,00    0,00    0,00    0,00
15:48:53       3    0,00    0,00    0,00    0,00    0,00    0,00    0,00    0,00    0,00  100,00
15:48:53       4    0,00    0,00    0,00    0,00    0,00  100,00    0,00    0,00    0,00    0,00
15:48:53       5    0,00    0,00    0,00    0,00    0,00    0,00    0,00    0,00    0,00  100,00
15:48:53       6    0,00    0,00    0,00    0,00    0,00    0,00    0,00    0,00    0,00  100,00
15:48:53       7    0,00    0,00    0,00    0,00    0,00    0,00    0,00    0,00    0,00  100,00
15:48:53       8    0,00    0,00    0,00    0,00    0,00  100,00    0,00    0,00    0,00    0,00
15:48:53       9    0,00    0,00    0,00    0,00    0,00    0,00    0,00    0,00    0,00  100,00
15:48:53      10    0,00    0,00    0,00    0,00    0,00    0,00    0,00    0,00    0,00  100,00
15:48:53      11    0,00    0,00    0,00    0,00    0,00    0,00    0,00    0,00    0,00  100,00
15:48:53      12    0,00    0,00    0,00    0,00    0,00    0,00    0,00    0,00    0,00  100,00
15:48:53      13    0,00    0,00    0,00    0,00    0,00    0,00    0,00    0,00    0,00  100,00
15:48:53      14    0,00    0,00    0,00    0,00    0,00    0,00    0,00    0,00    0,00  100,00
15:48:53      15    0,00    0,00    0,00    0,00    0,00    0,00    0,00    0,00    0,00  100,00
15:48:53      16    0,00    0,00    0,00    0,00    0,00    0,00    0,00    0,00    0,00  100,00
15:48:53      17    0,00    0,00    0,99    0,00    0,00    0,00    0,00    0,00    0,00   99,01
15:48:53      18    0,00    0,00    0,00    0,00    0,00    0,00    0,00    0,00    0,00  100,00
15:48:53      19    0,00    0,00    0,00    0,00    0,00    0,00    0,00    0,00    0,00  100,00
15:48:53      20    0,00    0,00    0,00    0,00    0,00    0,00    0,00    0,00    0,00  100,00
15:48:53      21    0,00    0,00    0,00    0,00    0,00    0,00    0,00    0,00    0,00  100,00
15:48:53      22    0,00    0,00    0,00    0,00    0,00  100,00    0,00    0,00    0,00    0,00
15:48:53      23    0,00    0,00    0,00    0,00    0,00    0,00    0,00    0,00    0,00  100,00

15:48:53     CPU    %usr   %nice    %sys %iowait    %irq   %soft  %steal  %guest  %gnice   %idle
15:48:54     all    0,08    0,00    0,04    0,00    0,00   16,62    0,00    0,00    0,00   83,25
15:48:54       0    0,00    0,00    0,00    0,00    0,00    0,00    0,00    0,00    0,00  100,00
15:48:54       1    0,00    0,00    0,00    0,00    0,00    0,00    0,00    0,00    0,00  100,00
15:48:54       2    0,00    0,00    0,99    0,00    0,00   99,01    0,00    0,00    0,00    0,00
15:48:54       3    0,00    0,00    0,00    0,00    0,00    0,00    0,00    0,00    0,00  100,00
15:48:54       4    0,00    0,00    0,00    0,00    0,00  100,00    0,00    0,00    0,00    0,00
15:48:54       5    0,00    0,00    0,00    0,00    0,00    0,00    0,00    0,00    0,00  100,00
15:48:54       6    0,00    0,00    0,00    0,00    0,00    0,00    0,00    0,00    0,00  100,00
15:48:54       7    0,00    0,00    0,00    0,00    0,00    0,00    0,00    0,00    0,00  100,00
15:48:54       8    1,00    0,00    0,00    0,00    0,00   99,00    0,00    0,00    0,00    0,00
15:48:54       9    0,00    0,00    0,00    0,00    0,00    0,00    0,00    0,00    0,00  100,00
15:48:54      10    0,00    0,00    0,00    0,00    0,00    0,00    0,00    0,00    0,00  100,00
15:48:54      11    0,00    0,00    0,00    0,00    0,00    0,00    0,00    0,00    0,00  100,00
15:48:54      12    0,00    0,00    0,00    0,00    0,00    0,00    0,00    0,00    0,00  100,00
15:48:54      13    0,00    0,00    0,00    0,00    0,00    0,00    0,00    0,00    0,00  100,00
15:48:54      14    0,00    0,00    0,00    0,00    0,00    0,00    0,00    0,00    0,00  100,00
15:48:54      15    0,00    0,00    0,00    0,00    0,00    0,00    0,00    0,00    0,00  100,00
15:48:54      16    0,99    0,00    0,00    0,00    0,00    0,00    0,00    0,00    0,00   99,01
15:48:54      17    0,00    0,00    0,00    0,00    0,00    0,00    0,00    0,00    0,00  100,00
15:48:54      18    0,00    0,00    0,00    0,00    0,00    0,00    0,00    0,00    0,00  100,00
15:48:54      19    0,00    0,00    0,00    0,00    0,00    0,00    0,00    0,00    0,00  100,00
15:48:54      20    0,00    0,00    0,00    0,00    0,00    0,00    0,00    0,00    0,00  100,00
15:48:54      21    0,00    0,00    0,00    0,00    0,00    0,00    0,00    0,00    0,00  100,00
15:48:54      22    0,00    0,00    0,00    0,00    0,00  100,00    0,00    0,00    0,00    0,00
15:48:54      23    0,00    0,00    0,00    0,00    0,00    0,00    0,00    0,00    0,00  100,00

15:48:54     CPU    %usr   %nice    %sys %iowait    %irq   %soft  %steal  %guest  %gnice   %idle
15:48:55     all    0,08    0,00    0,00    0,00    0,00   16,64    0,00    0,00    0,00   83,28
15:48:55       0    0,00    0,00    0,00    0,00    0,00    0,00    0,00    0,00    0,00  100,00
15:48:55       1    0,00    0,00    0,00    0,00    0,00    0,00    0,00    0,00    0,00  100,00
15:48:55       2    0,00    0,00    0,00    0,00    0,00  100,00    0,00    0,00    0,00    0,00
15:48:55       3    0,00    0,00    0,00    0,00    0,00    0,00    0,00    0,00    0,00  100,00
15:48:55       4    0,00    0,00    0,00    0,00    0,00  100,00    0,00    0,00    0,00    0,00
15:48:55       5    0,00    0,00    0,00    0,00    0,00    0,00    0,00    0,00    0,00  100,00
15:48:55       6    0,00    0,00    0,00    0,00    0,00    0,00    0,00    0,00    0,00  100,00
15:48:55       7    0,00    0,00    0,00    0,00    0,00    0,00    0,00    0,00    0,00  100,00
15:48:55       8    1,00    0,00    0,00    0,00    0,00   99,00    0,00    0,00    0,00    0,00
15:48:55       9    0,00    0,00    0,00    0,00    0,00    0,00    0,00    0,00    0,00  100,00
15:48:55      10    1,00    0,00    0,00    0,00    0,00    0,00    0,00    0,00    0,00   99,00
15:48:55      11    0,00    0,00    0,00    0,00    0,00    0,00    0,00    0,00    0,00  100,00
15:48:55      12    0,00    0,00    0,00    0,00    0,00    0,00    0,00    0,00    0,00  100,00
15:48:55      13    0,00    0,00    0,00    0,00    0,00    0,00    0,00    0,00    0,00  100,00
15:48:55      14    0,00    0,00    0,00    0,00    0,00    0,00    0,00    0,00    0,00  100,00
15:48:55      15    0,00    0,00    0,00    0,00    0,00    0,00    0,00    0,00    0,00  100,00
15:48:55      16    0,00    0,00    0,00    0,00    0,00    0,00    0,00    0,00    0,00  100,00
15:48:55      17    0,00    0,00    0,00    0,00    0,00    0,00    0,00    0,00    0,00  100,00
15:48:55      18    0,00    0,00    0,00    0,00    0,00    0,00    0,00    0,00    0,00  100,00
15:48:55      19    0,00    0,00    0,00    0,00    0,00    0,00    0,00    0,00    0,00  100,00
15:48:55      20    0,00    0,00    0,00    0,00    0,00    0,00    0,00    0,00    0,00  100,00
15:48:55      21    0,00    0,00    0,00    0,00    0,00    0,00    0,00    0,00    0,00  100,00
15:48:55      22    0,00    0,00    0,00    0,00    0,00  100,00    0,00    0,00    0,00    0,00
15:48:55      23    0,00    0,00    0,00    0,00    0,00    0,00    0,00    0,00    0,00  100,00

15:48:55     CPU    %usr   %nice    %sys %iowait    %irq   %soft  %steal  %guest  %gnice   %idle
15:48:56     all    0,00    0,00    0,00    0,08    0,00   16,69    0,00    0,00    0,00   83,23
15:48:56       0    0,00    0,00    0,00    1,01    0,00    0,00    0,00    0,00    0,00   98,99
15:48:56       1    0,00    0,00    0,00    0,00    0,00    0,00    0,00    0,00    0,00  100,00
15:48:56       2    0,00    0,00    0,00    0,00    0,00  100,00    0,00    0,00    0,00    0,00
15:48:56       3    0,00    0,00    0,00    0,00    0,00    0,00    0,00    0,00    0,00  100,00
15:48:56       4    0,00    0,00    0,00    0,00    0,00  100,00    0,00    0,00    0,00    0,00
15:48:56       5    0,00    0,00    0,00    0,00    0,00    0,00    0,00    0,00    0,00  100,00
15:48:56       6    0,00    0,00    0,00    1,00    0,00    0,00    0,00    0,00    0,00   99,00
15:48:56       7    0,00    0,00    0,00    0,00    0,00    0,00    0,00    0,00    0,00  100,00
15:48:56       8    0,00    0,00    0,00    0,00    0,00  100,00    0,00    0,00    0,00    0,00
15:48:56       9    0,00    0,00    0,00    0,00    0,00    0,00    0,00    0,00    0,00  100,00
15:48:56      10    0,00    0,00    0,00    0,00    0,00    0,00    0,00    0,00    0,00  100,00
15:48:56      11    0,00    0,00    0,00    0,00    0,00    0,00    0,00    0,00    0,00  100,00
15:48:56      12    0,00    0,00    0,00    0,00    0,00    0,00    0,00    0,00    0,00  100,00
15:48:56      13    0,00    0,00    0,00    0,00    0,00    0,00    0,00    0,00    0,00  100,00
15:48:56      14    0,00    0,00    0,00    0,00    0,00    0,00    0,00    0,00    0,00  100,00
15:48:56      15    0,00    0,00    0,00    0,00    0,00    0,00    0,00    0,00    0,00  100,00
15:48:56      16    0,00    0,00    0,00    0,00    0,00    0,00    0,00    0,00    0,00  100,00
15:48:56      17    0,00    0,00    0,00    0,00    0,00    0,00    0,00    0,00    0,00  100,00
15:48:56      18    0,00    0,00    0,00    0,00    0,00    0,00    0,00    0,00    0,00  100,00
15:48:56      19    0,00    0,00    0,00    0,00    0,00    0,00    0,00    0,00    0,00  100,00
15:48:56      20    0,00    0,00    0,00    0,00    0,00    0,00    0,00    0,00    0,00  100,00
15:48:56      21    0,00    0,00    0,00    0,00    0,00    0,00    0,00    0,00    0,00  100,00
15:48:56      22    0,00    0,00    0,00    0,00    0,00  100,00    0,00    0,00    0,00    0,00
15:48:56      23    0,00    0,00    0,00    0,00    0,00    0,00    0,00    0,00    0,00  100,00

15:48:56     CPU    %usr   %nice    %sys %iowait    %irq   %soft  %steal  %guest  %gnice   %idle
15:48:57     all    0,08    0,00    0,08    0,00    0,00   16,58    0,00    0,00    0,00   83,25
15:48:57       0    0,00    0,00    0,00    0,00    0,00    0,00    0,00    0,00    0,00  100,00
15:48:57       1    0,00    0,00    0,00    0,00    0,00    0,00    0,00    0,00    0,00  100,00
15:48:57       2    0,00    0,00    0,00    0,00    0,00  100,00    0,00    0,00    0,00    0,00
15:48:57       3    0,00    0,00    0,00    0,00    0,00    0,00    0,00    0,00    0,00  100,00
15:48:57       4    0,00    0,00    0,00    0,00    0,00  100,00    0,00    0,00    0,00    0,00
15:48:57       5    0,00    0,00    0,00    0,00    0,00    0,00    0,00    0,00    0,00  100,00
15:48:57       6    0,00    0,00    0,00    0,00    0,00    0,00    0,00    0,00    0,00  100,00
15:48:57       7    0,00    0,00    0,00    0,00    0,00    0,00    0,00    0,00    0,00  100,00
15:48:57       8    1,00    0,00    1,00    0,00    0,00   98,00    0,00    0,00    0,00    0,00
15:48:57       9    0,00    0,00    0,00    0,00    0,00    0,00    0,00    0,00    0,00  100,00
15:48:57      10    0,00    0,00    0,00    0,00    0,00    0,00    0,00    0,00    0,00  100,00
15:48:57      11    0,00    0,00    0,00    0,00    0,00    0,00    0,00    0,00    0,00  100,00
15:48:57      12    0,99    0,00    0,00    0,00    0,00    0,00    0,00    0,00    0,00   99,01
15:48:57      13    0,00    0,00    0,00    0,00    0,00    0,00    0,00    0,00    0,00  100,00
15:48:57      14    0,00    0,00    0,00    0,00    0,00    0,00    0,00    0,00    0,00  100,00
15:48:57      15    0,00    0,00    0,00    0,00    0,00    0,00    0,00    0,00    0,00  100,00
15:48:57      16    0,00    0,00    0,00    0,00    0,00    0,00    0,00    0,00    0,00  100,00
15:48:57      17    0,00    0,00    0,00    0,00    0,00    0,00    0,00    0,00    0,00  100,00
15:48:57      18    0,00    0,00    0,00    0,00    0,00    0,00    0,00    0,00    0,00  100,00
15:48:57      19    0,00    0,00    0,00    0,00    0,00    0,00    0,00    0,00    0,00  100,00
15:48:57      20    0,00    0,00    0,00    0,00    0,00    0,00    0,00    0,00    0,00  100,00
15:48:57      21    0,00    0,00    0,00    0,00    0,00    0,00    0,00    0,00    0,00  100,00
15:48:57      22    0,00    0,00    0,99    0,00    0,00   99,01    0,00    0,00    0,00    0,00
15:48:57      23    0,00    0,00    0,00    0,00    0,00    0,00    0,00    0,00    0,00  100,00

15:48:57     CPU    %usr   %nice    %sys %iowait    %irq   %soft  %steal  %guest  %gnice   %idle
15:48:58     all    1,50    0,00    0,79    0,00    0,00   16,63    0,00    0,00    0,00   81,08
15:48:58       0    1,00    0,00    0,00    0,00    0,00    0,00    0,00    0,00    0,00   99,00
15:48:58       1    0,00    0,00    0,00    0,00    0,00    0,00    0,00    0,00    0,00  100,00
15:48:58       2    0,00    0,00    0,00    0,00    0,00  100,00    0,00    0,00    0,00    0,00
15:48:58       3    0,00    0,00    0,00    0,00    0,00    0,00    0,00    0,00    0,00  100,00
15:48:58       4    0,00    0,00    0,00    0,00    0,00  100,00    0,00    0,00    0,00    0,00
15:48:58       5    0,00    0,00    0,00    0,00    0,00    0,00    0,00    0,00    0,00  100,00
15:48:58       6    0,00    0,00    0,00    0,00    0,00    0,00    0,00    0,00    0,00  100,00
15:48:58       7    0,00    0,00    0,00    0,00    0,00    0,00    0,00    0,00    0,00  100,00
15:48:58       8    1,98    0,00    0,00    0,00    0,00   98,02    0,00    0,00    0,00    0,00
15:48:58       9    0,00    0,00    0,00    0,00    0,00    0,00    0,00    0,00    0,00  100,00
15:48:58      10    0,00    0,00    0,99    0,00    0,00    0,00    0,00    0,00    0,00   99,01
15:48:58      11    0,00    0,00    0,00    0,00    0,00    0,00    0,00    0,00    0,00  100,00
15:48:58      12    0,00    0,00    0,00    0,00    0,00    0,00    0,00    0,00    0,00  100,00
15:48:58      13    0,00    0,00    0,00    0,00    0,00    0,00    0,00    0,00    0,00  100,00
15:48:58      14    0,00    0,00    0,00    0,00    0,00    0,00    0,00    0,00    0,00  100,00
15:48:58      15    1,00    0,00    0,00    0,00    0,00    0,00    0,00    0,00    0,00   99,00
15:48:58      16    4,04    0,00    3,03    0,00    0,00    0,00    0,00    0,00    0,00   92,93
15:48:58      17    3,06    0,00    2,04    0,00    0,00    0,00    0,00    0,00    0,00   94,90
15:48:58      18   16,00    0,00    4,00    0,00    0,00    0,00    0,00    0,00    0,00   80,00
15:48:58      19    5,00    0,00    5,00    0,00    0,00    0,00    0,00    0,00    0,00   90,00
15:48:58      20    1,00    0,00    1,00    0,00    0,00    0,00    0,00    0,00    0,00   98,00
15:48:58      21    1,98    0,00    0,99    0,00    0,00    0,00    0,00    0,00    0,00   97,03
15:48:58      22    0,00    0,00    0,00    0,00    0,00  100,00    0,00    0,00    0,00    0,00
15:48:58      23    1,01    0,00    2,02    0,00    0,00    0,00    0,00    0,00    0,00   96,97
