Linux 6.8.0-110-generic (testbed-node6) 	28/04/26 	_x86_64_	(24 CPU)

16:06:23     CPU    %usr   %nice    %sys %iowait    %irq   %soft  %steal  %guest  %gnice   %idle
16:06:24     all    0,46    0,00    0,08    0,00    0,00   13,30    0,00    0,00    0,00   86,16
16:06:24       0    0,00    0,00    0,00    0,00    0,00    0,00    0,00    0,00    0,00  100,00
16:06:24       1    0,00    0,00    0,00    0,00    0,00    0,00    0,00    0,00    0,00  100,00
16:06:24       2    0,00    0,00    0,00    0,00    0,00   56,57    0,00    0,00    0,00   43,43
16:06:24       3    0,00    0,00    0,00    0,00    0,00   56,57    0,00    0,00    0,00   43,43
16:06:24       4    6,00    0,00    1,00    0,00    0,00    0,00    0,00    0,00    0,00   93,00
16:06:24       5    0,00    0,00    0,00    0,00    0,00    0,00    0,00    0,00    0,00  100,00
16:06:24       6    0,99    0,00    0,00    0,00    0,00    0,00    0,00    0,00    0,00   99,01
16:06:24       7    0,00    0,00    0,00    0,00    0,00    0,00    0,00    0,00    0,00  100,00
16:06:24       8    0,94    0,00    0,00    0,00    0,00   44,34    0,00    0,00    0,00   54,72
16:06:24       9    0,00    0,00    0,00    0,00    0,00   46,60    0,00    0,00    0,00   53,40
16:06:24      10    2,00    0,00    0,00    0,00    0,00    0,00    0,00    0,00    0,00   98,00
16:06:24      11    0,00    0,00    0,00    0,00    0,00    0,00    0,00    0,00    0,00  100,00
16:06:24      12    0,00    0,00    0,00    0,00    0,00    0,00    0,00    0,00    0,00  100,00
16:06:24      13    0,00    0,00    0,00    0,00    0,00    0,00    0,00    0,00    0,00  100,00
16:06:24      14    0,00    0,00    0,00    0,00    0,00    0,00    0,00    0,00    0,00  100,00
16:06:24      15    0,00    0,00    0,00    0,00    0,00    0,00    0,00    0,00    0,00  100,00
16:06:24      16    0,00    0,00    0,00    0,00    0,00    0,00    0,00    0,00    0,00  100,00
16:06:24      17    0,00    0,00    0,00    0,00    0,00   54,21    0,00    0,00    0,00   45,79
16:06:24      18    0,00    0,00    0,00    0,00    0,00    0,00    0,00    0,00    0,00  100,00
16:06:24      19    0,00    0,00    0,00    0,00    0,00   55,45    0,00    0,00    0,00   44,55
16:06:24      20    0,00    0,00    0,00    0,00    0,00    0,00    0,00    0,00    0,00  100,00
16:06:24      21    1,00    0,00    1,00    0,00    0,00    0,00    0,00    0,00    0,00   98,00
16:06:24      22    0,00    0,00    0,00    0,00    0,00    0,00    0,00    0,00    0,00  100,00
16:06:24      23    0,00    0,00    0,00    0,00    0,00    0,00    0,00    0,00    0,00  100,00

16:06:24     CPU    %usr   %nice    %sys %iowait    %irq   %soft  %steal  %guest  %gnice   %idle
16:06:25     all    0,04    0,00    0,08    0,08    0,00   13,05    0,00    0,00    0,00   86,74
16:06:25       0    0,00    0,00    0,00    0,00    0,00    0,00    0,00    0,00    0,00  100,00
16:06:25       1    0,00    0,00    0,00    0,00    0,00    0,00    0,00    0,00    0,00  100,00
16:06:25       2    0,00    0,00    0,00    0,00    0,00   56,57    0,00    0,00    0,00   43,43
16:06:25       3    0,00    0,00    0,00    0,00    0,00   59,05    0,00    0,00    0,00   40,95
16:06:25       4    0,00    0,00    0,00    0,00    0,00    0,00    0,00    0,00    0,00  100,00
16:06:25       5    0,00    0,00    0,00    0,00    0,00    0,00    0,00    0,00    0,00  100,00
16:06:25       6    0,00    0,00    0,00    0,00    0,00    0,00    0,00    0,00    0,00  100,00
16:06:25       7    0,00    0,00    0,00    0,00    0,00    0,00    0,00    0,00    0,00  100,00
16:06:25       8    0,00    0,00    0,00    0,00    0,00   41,75    0,00    0,00    0,00   58,25
16:06:25       9    0,00    0,00    0,00    0,00    0,00   43,43    0,00    0,00    0,00   56,57
16:06:25      10    0,00    0,00    0,99    1,98    0,00    0,00    0,00    0,00    0,00   97,03
16:06:25      11    0,00    0,00    0,00    0,00    0,00    0,00    0,00    0,00    0,00  100,00
16:06:25      12    0,00    0,00    0,00    0,00    0,00    0,00    0,00    0,00    0,00  100,00
16:06:25      13    0,00    0,00    0,00    0,00    0,00    0,00    0,00    0,00    0,00  100,00
16:06:25      14    0,00    0,00    0,00    0,00    0,00    0,00    0,00    0,00    0,00  100,00
16:06:25      15    0,00    0,00    0,00    0,00    0,00    0,00    0,00    0,00    0,00  100,00
16:06:25      16    0,00    0,00    0,00    0,00    0,00    0,00    0,00    0,00    0,00  100,00
16:06:25      17    0,00    0,00    0,00    0,00    0,00   53,33    0,00    0,00    0,00   46,67
16:06:25      18    0,00    0,00    0,00    0,00    0,00    0,00    0,00    0,00    0,00  100,00
16:06:25      19    0,00    0,00    0,00    0,00    0,00   54,46    0,00    0,00    0,00   45,54
16:06:25      20    0,99    0,00    0,00    0,00    0,00    0,00    0,00    0,00    0,00   99,01
16:06:25      21    0,00    0,00    0,99    0,00    0,00    0,00    0,00    0,00    0,00   99,01
16:06:25      22    0,00    0,00    0,00    0,00    0,00    0,00    0,00    0,00    0,00  100,00
16:06:25      23    0,00    0,00    0,00    0,00    0,00    0,00    0,00    0,00    0,00  100,00

16:06:25     CPU    %usr   %nice    %sys %iowait    %irq   %soft  %steal  %guest  %gnice   %idle
16:06:26     all    1,08    0,00    0,58    0,04    0,00   13,25    0,00    0,00    0,00   85,04
16:06:26       0    0,00    0,00    0,00    0,00    0,00    0,00    0,00    0,00    0,00  100,00
16:06:26       1    0,00    0,00    0,00    0,00    0,00    0,00    0,00    0,00    0,00  100,00
16:06:26       2    0,00    0,00    0,00    0,00    0,00   58,42    0,00    0,00    0,00   41,58
16:06:26       3    0,00    0,00    0,00    0,00    0,00   57,73    0,00    0,00    0,00   42,27
16:06:26       4    3,03    0,00    1,01    0,00    0,00    0,00    0,00    0,00    0,00   95,96
16:06:26       5    0,00    0,00    0,00    0,00    0,00    0,00    0,00    0,00    0,00  100,00
16:06:26       6    0,00    0,00    0,00    1,00    0,00    0,00    0,00    0,00    0,00   99,00
16:06:26       7    0,00    0,00    0,00    0,00    0,00    0,00    0,00    0,00    0,00  100,00
16:06:26       8    0,96    0,00    0,00    0,00    0,00   46,15    0,00    0,00    0,00   52,88
16:06:26       9    1,00    0,00    1,00    0,00    0,00   46,00    0,00    0,00    0,00   52,00
16:06:26      10    1,01    0,00    0,00    0,00    0,00    0,00    0,00    0,00    0,00   98,99
16:06:26      11    0,00    0,00    0,00    0,00    0,00    0,00    0,00    0,00    0,00  100,00
16:06:26      12    7,00    0,00    0,00    0,00    0,00    0,00    0,00    0,00    0,00   93,00
16:06:26      13    0,00    0,00    0,00    0,00    0,00    0,00    0,00    0,00    0,00  100,00
16:06:26      14    0,00    0,00    0,00    0,00    0,00    0,00    0,00    0,00    0,00  100,00
16:06:26      15    0,00    0,00    0,00    0,00    0,00    0,00    0,00    0,00    0,00  100,00
16:06:26      16    1,00    0,00    1,00    0,00    0,00    0,00    0,00    0,00    0,00   98,00
16:06:26      17    1,92    0,00    0,96    0,00    0,00   53,85    0,00    0,00    0,00   43,27
16:06:26      18    0,00    0,00    1,01    0,00    0,00    0,00    0,00    0,00    0,00   98,99
16:06:26      19    1,01    0,00    1,01    0,00    0,00   53,54    0,00    0,00    0,00   44,44
16:06:26      20    2,02    0,00    2,02    0,00    0,00    0,00    0,00    0,00    0,00   95,96
16:06:26      21    2,00    0,00    2,00    0,00    0,00    0,00    0,00    0,00    0,00   96,00
16:06:26      22    4,00    0,00    3,00    0,00    0,00    0,00    0,00    0,00    0,00   93,00
16:06:26      23    1,00    0,00    1,00    0,00    0,00    0,00    0,00    0,00    0,00   98,00

16:06:26     CPU    %usr   %nice    %sys %iowait    %irq   %soft  %steal  %guest  %gnice   %idle
16:06:27     all    0,04    0,00    0,04    0,00    0,00   12,90    0,00    0,00    0,00   87,02
16:06:27       0    0,00    0,00    0,00    0,00    0,00    0,00    0,00    0,00    0,00  100,00
16:06:27       1    0,00    0,00    0,00    0,00    0,00    0,00    0,00    0,00    0,00  100,00
16:06:27       2    0,00    0,00    0,00    0,00    0,00   57,00    0,00    0,00    0,00   43,00
16:06:27       3    0,00    0,00    0,00    0,00    0,00   57,43    0,00    0,00    0,00   42,57
16:06:27       4    0,00    0,00    0,00    0,00    0,00    0,00    0,00    0,00    0,00  100,00
16:06:27       5    0,00    0,00    0,00    0,00    0,00    0,00    0,00    0,00    0,00  100,00
16:06:27       6    0,00    0,00    0,00    0,00    0,00    0,00    0,00    0,00    0,00  100,00
16:06:27       7    0,00    0,00    0,00    0,00    0,00    0,00    0,00    0,00    0,00  100,00
16:06:27       8    0,00    0,00    0,00    0,00    0,00   42,45    0,00    0,00    0,00   57,55
16:06:27       9    0,00    0,00    0,00    0,00    0,00   42,86    0,00    0,00    0,00   57,14
16:06:27      10    0,00    0,00    0,00    0,00    0,00    0,00    0,00    0,00    0,00  100,00
16:06:27      11    0,00    0,00    0,00    0,00    0,00    0,00    0,00    0,00    0,00  100,00
16:06:27      12    0,00    0,00    0,00    0,00    0,00    0,00    0,00    0,00    0,00  100,00
16:06:27      13    0,00    0,00    0,00    0,00    0,00    0,00    0,00    0,00    0,00  100,00
16:06:27      14    0,00    0,00    0,00    0,00    0,00    0,00    0,00    0,00    0,00  100,00
16:06:27      15    0,00    0,00    0,00    0,00    0,00    0,00    0,00    0,00    0,00  100,00
16:06:27      16    0,00    0,00    0,00    0,00    0,00    0,00    0,00    0,00    0,00  100,00
16:06:27      17    0,00    0,00    0,95    0,00    0,00   52,38    0,00    0,00    0,00   46,67
16:06:27      18    0,00    0,00    0,00    0,00    0,00    0,00    0,00    0,00    0,00  100,00
16:06:27      19    0,00    0,00    0,00    0,00    0,00   53,47    0,00    0,00    0,00   46,53
16:06:27      20    0,00    0,00    0,00    0,00    0,00    0,00    0,00    0,00    0,00  100,00
16:06:27      21    0,99    0,00    0,00    0,00    0,00    0,00    0,00    0,00    0,00   99,01
16:06:27      22    0,00    0,00    0,00    0,00    0,00    0,00    0,00    0,00    0,00  100,00
16:06:27      23    0,00    0,00    0,00    0,00    0,00    0,00    0,00    0,00    0,00  100,00

16:06:27     CPU    %usr   %nice    %sys %iowait    %irq   %soft  %steal  %guest  %gnice   %idle
16:06:28     all    0,04    0,00    0,08    0,00    0,00   13,16    0,00    0,00    0,00   86,72
16:06:28       0    0,00    0,00    0,00    0,00    0,00    0,00    0,00    0,00    0,00  100,00
16:06:28       1    0,00    0,00    0,00    0,00    0,00    0,00    0,00    0,00    0,00  100,00
16:06:28       2    0,00    0,00    0,00    0,00    0,00   57,43    0,00    0,00    0,00   42,57
16:06:28       3    0,00    0,00    0,00    0,00    0,00   57,00    0,00    0,00    0,00   43,00
16:06:28       4    0,00    0,00    0,00    0,00    0,00    0,00    0,00    0,00    0,00  100,00
16:06:28       5    0,99    0,00    0,00    0,00    0,00    0,00    0,00    0,00    0,00   99,01
16:06:28       6    0,00    0,00    0,00    0,00    0,00    0,00    0,00    0,00    0,00  100,00
16:06:28       7    0,00    0,00    0,00    0,00    0,00    0,00    0,00    0,00    0,00  100,00
16:06:28       8    0,00    0,00    0,93    0,00    0,00   43,52    0,00    0,00    0,00   55,56
16:06:28       9    0,00    0,00    0,97    0,00    0,00   43,69    0,00    0,00    0,00   55,34
16:06:28      10    0,00    0,00    0,00    0,00    0,00    0,00    0,00    0,00    0,00  100,00
16:06:28      11    0,00    0,00    0,00    0,00    0,00    0,00    0,00    0,00    0,00  100,00
16:06:28      12    0,00    0,00    0,00    0,00    0,00    0,00    0,00    0,00    0,00  100,00
16:06:28      13    0,00    0,00    0,00    0,00    0,00    0,00    0,00    0,00    0,00  100,00
16:06:28      14    0,00    0,00    0,00    0,00    0,00    0,00    0,00    0,00    0,00  100,00
16:06:28      15    0,00    0,00    0,00    0,00    0,00    0,00    0,00    0,00    0,00  100,00
16:06:28      16    0,00    0,00    0,00    0,00    0,00    0,00    0,00    0,00    0,00  100,00
16:06:28      17    0,00    0,00    0,00    0,00    0,00   53,70    0,00    0,00    0,00   46,30
16:06:28      18    0,00    0,00    0,00    0,00    0,00    0,00    0,00    0,00    0,00  100,00
16:06:28      19    0,00    0,00    0,00    0,00    0,00   53,54    0,00    0,00    0,00   46,46
16:06:28      20    0,00    0,00    0,00    0,00    0,00    0,00    0,00    0,00    0,00  100,00
16:06:28      21    0,00    0,00    0,00    0,00    0,00    0,00    0,00    0,00    0,00  100,00
16:06:28      22    0,00    0,00    0,00    0,00    0,00    0,00    0,00    0,00    0,00  100,00
16:06:28      23    0,00    0,00    0,00    0,00    0,00    0,00    0,00    0,00    0,00  100,00

16:06:28     CPU    %usr   %nice    %sys %iowait    %irq   %soft  %steal  %guest  %gnice   %idle
16:06:29     all    0,00    0,00    0,08    0,00    0,00   12,98    0,00    0,00    0,00   86,93
16:06:29       0    0,00    0,00    0,00    0,00    0,00    0,00    0,00    0,00    0,00  100,00
16:06:29       1    0,00    0,00    0,00    0,00    0,00    0,00    0,00    0,00    0,00  100,00
16:06:29       2    0,00    0,00    1,01    0,00    0,00   54,55    0,00    0,00    0,00   44,44
16:06:29       3    0,00    0,00    0,00    0,00    0,00   57,00    0,00    0,00    0,00   43,00
16:06:29       4    0,00    0,00    0,00    0,00    0,00    0,00    0,00    0,00    0,00  100,00
16:06:29       5    0,00    0,00    0,00    0,00    0,00    0,00    0,00    0,00    0,00  100,00
16:06:29       6    0,00    0,00    0,00    0,00    0,00    0,00    0,00    0,00    0,00  100,00
16:06:29       7    0,00    0,00    0,00    0,00    0,00    0,00    0,00    0,00    0,00  100,00
16:06:29       8    0,00    0,00    0,00    0,00    0,00   42,86    0,00    0,00    0,00   57,14
16:06:29       9    0,00    0,00    0,00    0,00    0,00   45,00    0,00    0,00    0,00   55,00
16:06:29      10    0,00    0,00    0,00    0,00    0,00    0,00    0,00    0,00    0,00  100,00
16:06:29      11    0,00    0,00    0,00    0,00    0,00    0,00    0,00    0,00    0,00  100,00
16:06:29      12    0,00    0,00    0,00    0,00    0,00    0,00    0,00    0,00    0,00  100,00
16:06:29      13    0,00    0,00    0,00    0,00    0,00    0,00    0,00    0,00    0,00  100,00
16:06:29      14    0,00    0,00    0,00    0,00    0,00    0,00    0,00    0,00    0,00  100,00
16:06:29      15    0,00    0,00    0,00    0,00    0,00    0,00    0,00    0,00    0,00  100,00
16:06:29      16    0,00    0,00    0,00    0,00    0,00    0,00    0,00    0,00    0,00  100,00
16:06:29      17    0,00    0,00    0,00    0,00    0,00   53,33    0,00    0,00    0,00   46,67
16:06:29      18    0,00    0,00    0,00    0,00    0,00    0,00    0,00    0,00    0,00  100,00
16:06:29      19    0,00    0,00    0,97    0,00    0,00   54,37    0,00    0,00    0,00   44,66
16:06:29      20    0,00    0,00    0,00    0,00    0,00    0,00    0,00    0,00    0,00  100,00
16:06:29      21    0,00    0,00    0,00    0,00    0,00    0,00    0,00    0,00    0,00  100,00
16:06:29      22    0,00    0,00    0,00    0,00    0,00    0,00    0,00    0,00    0,00  100,00
16:06:29      23    0,00    0,00    0,00    0,00    0,00    0,00    0,00    0,00    0,00  100,00

16:06:29     CPU    %usr   %nice    %sys %iowait    %irq   %soft  %steal  %guest  %gnice   %idle
16:06:30     all    0,04    0,00    0,12    0,00    0,00   13,17    0,00    0,00    0,00   86,67
16:06:30       0    0,00    0,00    0,00    0,00    0,00    0,00    0,00    0,00    0,00  100,00
16:06:30       1    0,00    0,00    0,00    0,00    0,00    0,00    0,00    0,00    0,00  100,00
16:06:30       2    0,00    0,00    0,00    0,00    0,00   57,84    0,00    0,00    0,00   42,16
16:06:30       3    0,00    0,00    0,00    0,00    0,00   57,69    0,00    0,00    0,00   42,31
16:06:30       4    0,00    0,00    0,99    0,00    0,00    0,00    0,00    0,00    0,00   99,01
16:06:30       5    0,00    0,00    0,00    0,00    0,00    0,00    0,00    0,00    0,00  100,00
16:06:30       6    0,00    0,00    0,00    0,00    0,00    0,00    0,00    0,00    0,00  100,00
16:06:30       7    0,00    0,00    0,00    0,00    0,00    0,00    0,00    0,00    0,00  100,00
16:06:30       8    0,00    0,00    0,00    0,00    0,00   43,52    0,00    0,00    0,00   56,48
16:06:30       9    0,00    0,00    0,00    0,00    0,00   43,69    0,00    0,00    0,00   56,31
16:06:30      10    0,00    0,00    0,00    0,00    0,00    0,00    0,00    0,00    0,00  100,00
16:06:30      11    0,00    0,00    0,00    0,00    0,00    0,00    0,00    0,00    0,00  100,00
16:06:30      12    0,00    0,00    0,00    0,00    0,00    0,00    0,00    0,00    0,00  100,00
16:06:30      13    0,00    0,00    0,00    0,00    0,00    0,00    0,00    0,00    0,00  100,00
16:06:30      14    0,00    0,00    0,00    0,00    0,00    0,00    0,00    0,00    0,00  100,00
16:06:30      15    0,00    0,00    0,00    0,00    0,00    0,00    0,00    0,00    0,00  100,00
16:06:30      16    0,00    0,00    0,00    0,00    0,00    0,00    0,00    0,00    0,00  100,00
16:06:30      17    0,00    0,00    0,00    0,00    0,00   53,33    0,00    0,00    0,00   46,67
16:06:30      18    0,00    0,00    0,99    0,00    0,00    0,00    0,00    0,00    0,00   99,01
16:06:30      19    0,00    0,00    0,00    0,00    0,00   53,06    0,00    0,00    0,00   46,94
16:06:30      20    0,99    0,00    0,00    0,00    0,00    0,00    0,00    0,00    0,00   99,01
16:06:30      21    0,00    0,00    0,00    0,00    0,00    0,00    0,00    0,00    0,00  100,00
16:06:30      22    0,00    0,00    0,00    0,00    0,00    0,00    0,00    0,00    0,00  100,00
16:06:30      23    0,00    0,00    0,99    0,00    0,00    0,00    0,00    0,00    0,00   99,01

16:06:30     CPU    %usr   %nice    %sys %iowait    %irq   %soft  %steal  %guest  %gnice   %idle
16:06:31     all    0,04    0,00    0,00    0,08    0,00   12,89    0,00    0,00    0,00   86,99
16:06:31       0    0,00    0,00    0,00    0,00    0,00    0,00    0,00    0,00    0,00  100,00
16:06:31       1    0,00    0,00    0,00    0,00    0,00    0,00    0,00    0,00    0,00  100,00
16:06:31       2    0,00    0,00    0,00    0,00    0,00   56,00    0,00    0,00    0,00   44,00
16:06:31       3    0,00    0,00    0,00    0,00    0,00   57,14    0,00    0,00    0,00   42,86
16:06:31       4    0,00    0,00    0,00    0,00    0,00    0,00    0,00    0,00    0,00  100,00
16:06:31       5    0,00    0,00    0,00    0,00    0,00    0,00    0,00    0,00    0,00  100,00
16:06:31       6    0,00    0,00    0,00    0,00    0,00    0,00    0,00    0,00    0,00  100,00
16:06:31       7    0,00    0,00    0,00    0,00    0,00    0,00    0,00    0,00    0,00  100,00
16:06:31       8    0,00    0,00    0,00    0,00    0,00   41,75    0,00    0,00    0,00   58,25
16:06:31       9    0,00    0,00    0,00    0,00    0,00   44,00    0,00    0,00    0,00   56,00
16:06:31      10    0,00    0,00    0,00    1,01    0,00    0,00    0,00    0,00    0,00   98,99
16:06:31      11    0,00    0,00    0,00    0,00    0,00    0,00    0,00    0,00    0,00  100,00
16:06:31      12    0,00    0,00    0,00    1,00    0,00    0,00    0,00    0,00    0,00   99,00
16:06:31      13    0,00    0,00    0,00    0,00    0,00    0,00    0,00    0,00    0,00  100,00
16:06:31      14    0,00    0,00    0,00    0,00    0,00    0,00    0,00    0,00    0,00  100,00
16:06:31      15    0,00    0,00    0,00    0,00    0,00    0,00    0,00    0,00    0,00  100,00
16:06:31      16    0,99    0,00    0,00    0,00    0,00    0,00    0,00    0,00    0,00   99,01
16:06:31      17    0,00    0,00    0,00    0,00    0,00   52,88    0,00    0,00    0,00   47,12
16:06:31      18    0,00    0,00    0,00    0,00    0,00    0,00    0,00    0,00    0,00  100,00
16:06:31      19    0,00    0,00    0,00    0,00    0,00   54,90    0,00    0,00    0,00   45,10
16:06:31      20    0,00    0,00    0,00    0,00    0,00    0,00    0,00    0,00    0,00  100,00
16:06:31      21    0,00    0,00    0,00    0,00    0,00    0,00    0,00    0,00    0,00  100,00
16:06:31      22    0,00    0,00    0,00    0,00    0,00    0,00    0,00    0,00    0,00  100,00
16:06:31      23    0,00    0,00    0,00    0,00    0,00    0,00    0,00    0,00    0,00  100,00

16:06:31     CPU    %usr   %nice    %sys %iowait    %irq   %soft  %steal  %guest  %gnice   %idle
16:06:32     all    0,08    0,00    0,08    0,00    0,00   12,65    0,00    0,00    0,00   87,19
16:06:32       0    0,00    0,00    0,00    0,00    0,00    0,00    0,00    0,00    0,00  100,00
16:06:32       1    0,00    0,00    0,00    0,00    0,00    0,00    0,00    0,00    0,00  100,00
16:06:32       2    0,00    0,00    0,00    0,00    0,00   55,67    0,00    0,00    0,00   44,33
16:06:32       3    0,00    0,00    1,01    0,00    0,00   55,56    0,00    0,00    0,00   43,43
16:06:32       4    0,00    0,00    0,00    0,00    0,00    0,00    0,00    0,00    0,00  100,00
16:06:32       5    0,00    0,00    0,00    0,00    0,00    0,00    0,00    0,00    0,00  100,00
16:06:32       6    0,00    0,00    0,00    0,00    0,00    0,00    0,00    0,00    0,00  100,00
16:06:32       7    0,00    0,00    0,00    0,00    0,00    0,00    0,00    0,00    0,00  100,00
16:06:32       8    0,00    0,00    0,00    0,00    0,00   41,90    0,00    0,00    0,00   58,10
16:06:32       9    0,00    0,00    0,97    0,00    0,00   42,72    0,00    0,00    0,00   56,31
16:06:32      10    0,00    0,00    0,00    0,00    0,00    0,00    0,00    0,00    0,00  100,00
16:06:32      11    0,00    0,00    0,00    0,00    0,00    0,00    0,00    0,00    0,00  100,00
16:06:32      12    0,00    0,00    0,00    0,00    0,00    0,00    0,00    0,00    0,00  100,00
16:06:32      13    0,00    0,00    0,00    0,00    0,00    0,00    0,00    0,00    0,00  100,00
16:06:32      14    1,00    0,00    0,00    0,00    0,00    0,00    0,00    0,00    0,00   99,00
16:06:32      15    0,00    0,00    0,00    0,00    0,00    0,00    0,00    0,00    0,00  100,00
16:06:32      16    0,00    0,00    0,00    0,00    0,00    0,00    0,00    0,00    0,00  100,00
16:06:32      17    0,00    0,00    0,00    0,00    0,00   53,33    0,00    0,00    0,00   46,67
16:06:32      18    1,00    0,00    0,00    0,00    0,00    0,00    0,00    0,00    0,00   99,00
16:06:32      19    0,00    0,00    0,00    0,00    0,00   52,04    0,00    0,00    0,00   47,96
16:06:32      20    0,00    0,00    0,00    0,00    0,00    0,00    0,00    0,00    0,00  100,00
16:06:32      21    0,00    0,00    0,00    0,00    0,00    0,00    0,00    0,00    0,00  100,00
16:06:32      22    0,00    0,00    0,00    0,00    0,00    0,00    0,00    0,00    0,00  100,00
16:06:32      23    0,00    0,00    0,00    0,00    0,00    0,00    0,00    0,00    0,00  100,00

16:06:32     CPU    %usr   %nice    %sys %iowait    %irq   %soft  %steal  %guest  %gnice   %idle
16:06:33     all    0,08    0,00    0,17    0,00    0,00   12,87    0,00    0,00    0,00   86,88
16:06:33       0    0,00    0,00    0,00    0,00    0,00    0,00    0,00    0,00    0,00  100,00
16:06:33       1    0,00    0,00    0,00    0,00    0,00    0,00    0,00    0,00    0,00  100,00
16:06:33       2    0,00    0,00    0,00    0,00    0,00   56,12    0,00    0,00    0,00   43,88
16:06:33       3    0,00    0,00    0,00    0,00    0,00   56,44    0,00    0,00    0,00   43,56
16:06:33       4    0,00    0,00    0,00    0,00    0,00    0,00    0,00    0,00    0,00  100,00
16:06:33       5    0,00    0,00    0,00    0,00    0,00    0,00    0,00    0,00    0,00  100,00
16:06:33       6    2,02    0,00    0,00    0,00    0,00    0,00    0,00    0,00    0,00   97,98
16:06:33       7    0,00    0,00    0,00    0,00    0,00    0,00    0,00    0,00    0,00  100,00
16:06:33       8    0,00    0,00    0,00    0,00    0,00   42,45    0,00    0,00    0,00   57,55
16:06:33       9    0,00    0,00    0,00    0,00    0,00   43,56    0,00    0,00    0,00   56,44
16:06:33      10    0,00    0,00    0,00    0,00    0,00    0,00    0,00    0,00    0,00  100,00
16:06:33      11    0,00    0,00    0,00    0,00    0,00    0,00    0,00    0,00    0,00  100,00
16:06:33      12    0,00    0,00    0,00    0,00    0,00    0,00    0,00    0,00    0,00  100,00
16:06:33      13    0,00    0,00    0,00    0,00    0,00    0,00    0,00    0,00    0,00  100,00
16:06:33      14    0,00    0,00    0,00    0,00    0,00    0,00    0,00    0,00    0,00  100,00
16:06:33      15    0,00    0,00    0,00    0,00    0,00    0,00    0,00    0,00    0,00  100,00
16:06:33      16    0,00    0,00    0,00    0,00    0,00    0,00    0,00    0,00    0,00  100,00
16:06:33      17    0,00    0,00    0,00    0,00    0,00   53,33    0,00    0,00    0,00   46,67
16:06:33      18    0,00    0,00    0,00    0,00    0,00    0,00    0,00    0,00    0,00  100,00
16:06:33      19    0,00    0,00    2,00    0,00    0,00   53,00    0,00    0,00    0,00   45,00
16:06:33      20    0,00    0,00    1,00    0,00    0,00    0,00    0,00    0,00    0,00   99,00
16:06:33      21    0,00    0,00    0,00    0,00    0,00    0,00    0,00    0,00    0,00  100,00
16:06:33      22    0,00    0,00    1,00    0,00    0,00    0,00    0,00    0,00    0,00   99,00
16:06:33      23    0,00    0,00    0,00    0,00    0,00    0,00    0,00    0,00    0,00  100,00

16:06:33     CPU    %usr   %nice    %sys %iowait    %irq   %soft  %steal  %guest  %gnice   %idle
16:06:34     all    0,12    0,00    0,17    0,00    0,00   13,07    0,00    0,00    0,00   86,64
16:06:34       0    0,00    0,00    0,00    0,00    0,00    0,00    0,00    0,00    0,00  100,00
16:06:34       1    0,00    0,00    0,00    0,00    0,00    0,00    0,00    0,00    0,00  100,00
16:06:34       2    0,00    0,00    0,00    0,00    0,00   57,84    0,00    0,00    0,00   42,16
16:06:34       3    0,00    0,00    0,00    0,00    0,00   57,58    0,00    0,00    0,00   42,42
16:06:34       4    0,00    0,00    0,00    0,00    0,00    0,00    0,00    0,00    0,00  100,00
16:06:34       5    0,00    0,00    0,00    0,00    0,00    0,00    0,00    0,00    0,00  100,00
16:06:34       6    0,00    0,00    0,00    0,00    0,00    0,00    0,00    0,00    0,00  100,00
16:06:34       7    0,00    0,00    0,00    0,00    0,00    0,00    0,00    0,00    0,00  100,00
16:06:34       8    0,00    0,00    0,00    0,00    0,00   42,72    0,00    0,00    0,00   57,28
16:06:34       9    0,00    0,00    0,00    0,00    0,00   45,00    0,00    0,00    0,00   55,00
16:06:34      10    0,00    0,00    0,99    0,00    0,00    0,00    0,00    0,00    0,00   99,01
16:06:34      11    2,00    0,00    1,00    0,00    0,00    0,00    0,00    0,00    0,00   97,00
16:06:34      12    0,00    0,00    0,00    0,00    0,00    0,00    0,00    0,00    0,00  100,00
16:06:34      13    0,00    0,00    0,00    0,00    0,00    0,00    0,00    0,00    0,00  100,00
16:06:34      14    0,00    0,00    0,00    0,00    0,00    0,00    0,00    0,00    0,00  100,00
16:06:34      15    0,00    0,00    0,00    0,00    0,00    0,00    0,00    0,00    0,00  100,00
16:06:34      16    0,00    0,00    0,00    0,00    0,00    0,00    0,00    0,00    0,00  100,00
16:06:34      17    0,00    0,00    0,95    0,00    0,00   53,33    0,00    0,00    0,00   45,71
16:06:34      18    0,00    0,00    0,00    0,00    0,00    0,00    0,00    0,00    0,00  100,00
16:06:34      19    0,00    0,00    0,00    0,00    0,00   54,55    0,00    0,00    0,00   45,45
16:06:34      20    0,00    0,00    0,00    0,00    0,00    0,00    0,00    0,00    0,00  100,00
16:06:34      21    0,99    0,00    0,00    0,00    0,00    0,00    0,00    0,00    0,00   99,01
16:06:34      22    0,00    0,00    0,00    0,00    0,00    0,00    0,00    0,00    0,00  100,00
16:06:34      23    0,00    0,00    0,99    0,00    0,00    0,00    0,00    0,00    0,00   99,01

16:06:34     CPU    %usr   %nice    %sys %iowait    %irq   %soft  %steal  %guest  %gnice   %idle
16:06:35     all    0,00    0,00    0,00    0,00    0,00   13,21    0,00    0,00    0,00   86,79
16:06:35       0    0,00    0,00    0,00    0,00    0,00    0,00    0,00    0,00    0,00  100,00
16:06:35       1    0,00    0,00    0,00    0,00    0,00    0,00    0,00    0,00    0,00  100,00
16:06:35       2    0,00    0,00    0,00    0,00    0,00   56,57    0,00    0,00    0,00   43,43
16:06:35       3    0,00    0,00    0,00    0,00    0,00   57,58    0,00    0,00    0,00   42,42
16:06:35       4    0,00    0,00    0,00    0,00    0,00    0,00    0,00    0,00    0,00  100,00
16:06:35       5    0,00    0,00    0,00    0,00    0,00    0,00    0,00    0,00    0,00  100,00
16:06:35       6    0,00    0,00    0,00    0,00    0,00    0,00    0,00    0,00    0,00  100,00
16:06:35       7    0,00    0,00    0,00    0,00    0,00    0,00    0,00    0,00    0,00  100,00
16:06:35       8    0,00    0,00    0,00    0,00    0,00   43,56    0,00    0,00    0,00   56,44
16:06:35       9    0,00    0,00    0,00    0,00    0,00   48,08    0,00    0,00    0,00   51,92
16:06:35      10    0,00    0,00    0,00    0,00    0,00    0,00    0,00    0,00    0,00  100,00
16:06:35      11    0,00    0,00    0,00    0,00    0,00    0,00    0,00    0,00    0,00  100,00
16:06:35      12    0,00    0,00    0,00    0,00    0,00    0,00    0,00    0,00    0,00  100,00
16:06:35      13    0,00    0,00    0,00    0,00    0,00    0,00    0,00    0,00    0,00  100,00
16:06:35      14    0,00    0,00    0,00    0,00    0,00    0,00    0,00    0,00    0,00  100,00
16:06:35      15    0,00    0,00    0,00    0,00    0,00    0,00    0,00    0,00    0,00  100,00
16:06:35      16    0,00    0,00    0,00    0,00    0,00    0,00    0,00    0,00    0,00  100,00
16:06:35      17    0,00    0,00    0,00    0,00    0,00   55,14    0,00    0,00    0,00   44,86
16:06:35      18    0,00    0,00    0,00    0,00    0,00    0,00    0,00    0,00    0,00  100,00
16:06:35      19    0,00    0,00    0,00    0,00    0,00   53,06    0,00    0,00    0,00   46,94
16:06:35      20    0,00    0,00    0,00    0,00    0,00    0,00    0,00    0,00    0,00  100,00
16:06:35      21    0,00    0,00    0,00    0,00    0,00    0,00    0,00    0,00    0,00  100,00
16:06:35      22    0,00    0,00    0,00    0,00    0,00    0,00    0,00    0,00    0,00  100,00
16:06:35      23    0,00    0,00    0,00    0,00    0,00    0,00    0,00    0,00    0,00  100,00

16:06:35     CPU    %usr   %nice    %sys %iowait    %irq   %soft  %steal  %guest  %gnice   %idle
16:06:36     all    0,04    0,00    0,00    0,17    0,00   13,03    0,00    0,00    0,00   86,76
16:06:36       0    0,00    0,00    0,00    0,00    0,00    0,00    0,00    0,00    0,00  100,00
16:06:36       1    0,00    0,00    0,00    0,00    0,00    0,00    0,00    0,00    0,00  100,00
16:06:36       2    0,00    0,00    0,00    0,00    0,00   56,57    0,00    0,00    0,00   43,43
16:06:36       3    0,00    0,00    0,00    0,00    0,00   56,86    0,00    0,00    0,00   43,14
16:06:36       4    0,00    0,00    0,00    1,00    0,00    0,00    0,00    0,00    0,00   99,00
16:06:36       5    0,00    0,00    0,00    0,00    0,00    0,00    0,00    0,00    0,00  100,00
16:06:36       6    0,00    0,00    0,00    0,00    0,00    0,00    0,00    0,00    0,00  100,00
16:06:36       7    0,00    0,00    0,00    0,00    0,00    0,00    0,00    0,00    0,00  100,00
16:06:36       8    0,00    0,00    0,00    0,00    0,00   43,27    0,00    0,00    0,00   56,73
16:06:36       9    0,00    0,00    0,00    0,00    0,00   44,00    0,00    0,00    0,00   56,00
16:06:36      10    0,00    0,00    0,00    2,00    0,00    0,00    0,00    0,00    0,00   98,00
16:06:36      11    0,00    0,00    0,00    0,00    0,00    0,00    0,00    0,00    0,00  100,00
16:06:36      12    0,00    0,00    0,00    0,00    0,00    0,00    0,00    0,00    0,00  100,00
16:06:36      13    0,00    0,00    0,00    0,00    0,00    0,00    0,00    0,00    0,00  100,00
16:06:36      14    0,00    0,00    0,00    0,00    0,00    0,00    0,00    0,00    0,00  100,00
16:06:36      15    0,00    0,00    0,00    0,00    0,00    0,00    0,00    0,00    0,00  100,00
16:06:36      16    0,00    0,00    0,00    0,00    0,00    0,00    0,00    0,00    0,00  100,00
16:06:36      17    0,00    0,00    0,00    0,00    0,00   53,70    0,00    0,00    0,00   46,30
16:06:36      18    0,99    0,00    0,00    0,00    0,00    0,00    0,00    0,00    0,00   99,01
16:06:36      19    0,00    0,00    0,00    0,00    0,00   54,08    0,00    0,00    0,00   45,92
16:06:36      20    0,00    0,00    0,00    0,00    0,00    0,00    0,00    0,00    0,00  100,00
16:06:36      21    0,00    0,00    0,00    1,00    0,00    0,00    0,00    0,00    0,00   99,00
16:06:36      22    0,00    0,00    0,00    0,00    0,00    0,00    0,00    0,00    0,00  100,00
16:06:36      23    0,00    0,00    0,00    0,00    0,00    0,00    0,00    0,00    0,00  100,00

16:06:36     CPU    %usr   %nice    %sys %iowait    %irq   %soft  %steal  %guest  %gnice   %idle
16:06:37     all    0,04    0,00    0,08    0,00    0,00   13,43    0,00    0,00    0,00   86,45
16:06:37       0    0,00    0,00    0,00    0,00    0,00    0,00    0,00    0,00    0,00  100,00
16:06:37       1    0,00    0,00    0,00    0,00    0,00    0,00    0,00    0,00    0,00  100,00
16:06:37       2    0,00    0,00    0,96    0,00    0,00   57,69    0,00    0,00    0,00   41,35
16:06:37       3    0,00    0,00    0,00    0,00    0,00   58,65    0,00    0,00    0,00   41,35
16:06:37       4    0,00    0,00    0,00    0,00    0,00    0,00    0,00    0,00    0,00  100,00
16:06:37       5    0,00    0,00    0,00    0,00    0,00    0,00    0,00    0,00    0,00  100,00
16:06:37       6    0,00    0,00    0,00    0,00    0,00    0,00    0,00    0,00    0,00  100,00
16:06:37       7    0,00    0,00    0,00    0,00    0,00    0,00    0,00    0,00    0,00  100,00
16:06:37       8    0,00    0,00    0,00    0,00    0,00   43,27    0,00    0,00    0,00   56,73
16:06:37       9    0,00    0,00    0,00    0,00    0,00   44,44    0,00    0,00    0,00   55,56
16:06:37      10    0,00    0,00    0,00    0,00    0,00    0,00    0,00    0,00    0,00  100,00
16:06:37      11    0,00    0,00    0,00    0,00    0,00    0,00    0,00    0,00    0,00  100,00
16:06:37      12    0,00    0,00    0,00    0,00    0,00    0,00    0,00    0,00    0,00  100,00
16:06:37      13    0,00    0,00    0,00    0,00    0,00    0,00    0,00    0,00    0,00  100,00
16:06:37      14    0,00    0,00    0,00    0,00    0,00    0,00    0,00    0,00    0,00  100,00
16:06:37      15    0,00    0,00    0,00    0,00    0,00    0,00    0,00    0,00    0,00  100,00
16:06:37      16    0,00    0,00    0,00    0,00    0,00    0,00    0,00    0,00    0,00  100,00
16:06:37      17    0,00    0,00    0,00    0,00    0,00   54,72    0,00    0,00    0,00   45,28
16:06:37      18    0,00    0,00    0,00    0,00    0,00    0,00    0,00    0,00    0,00  100,00
16:06:37      19    0,00    0,00    0,00    0,00    0,00   55,34    0,00    0,00    0,00   44,66
16:06:37      20    0,99    0,00    0,00    0,00    0,00    0,00    0,00    0,00    0,00   99,01
16:06:37      21    0,00    0,00    1,00    0,00    0,00    0,00    0,00    0,00    0,00   99,00
16:06:37      22    0,00    0,00    0,00    0,00    0,00    0,00    0,00    0,00    0,00  100,00
16:06:37      23    0,00    0,00    0,00    0,00    0,00    0,00    0,00    0,00    0,00  100,00

16:06:37     CPU    %usr   %nice    %sys %iowait    %irq   %soft  %steal  %guest  %gnice   %idle
16:06:38     all    0,08    0,00    0,08    0,08    0,00   13,48    0,00    0,00    0,00   86,28
16:06:38       0    0,00    0,00    0,00    0,00    0,00    0,00    0,00    0,00    0,00  100,00
16:06:38       1    0,00    0,00    0,00    0,00    0,00    0,00    0,00    0,00    0,00  100,00
16:06:38       2    0,00    0,00    0,00    0,00    0,00   57,69    0,00    0,00    0,00   42,31
16:06:38       3    0,00    0,00    0,00    0,00    0,00   57,84    0,00    0,00    0,00   42,16
16:06:38       4    0,00    0,00    0,00    1,00    0,00    0,00    0,00    0,00    0,00   99,00
16:06:38       5    0,00    0,00    0,00    0,00    0,00    0,00    0,00    0,00    0,00  100,00
16:06:38       6    0,00    0,00    0,00    1,00    0,00    0,00    0,00    0,00    0,00   99,00
16:06:38       7    0,00    0,00    0,00    0,00    0,00    0,00    0,00    0,00    0,00  100,00
16:06:38       8    0,94    0,00    0,00    0,00    0,00   43,40    0,00    0,00    0,00   55,66
16:06:38       9    0,00    0,00    0,00    0,00    0,00   46,60    0,00    0,00    0,00   53,40
16:06:38      10    0,00    0,00    0,00    0,00    0,00    0,00    0,00    0,00    0,00  100,00
16:06:38      11    0,00    0,00    0,00    0,00    0,00    0,00    0,00    0,00    0,00  100,00
16:06:38      12    0,00    0,00    0,00    0,00    0,00    0,00    0,00    0,00    0,00  100,00
16:06:38      13    0,00    0,00    0,00    0,00    0,00    0,00    0,00    0,00    0,00  100,00
16:06:38      14    0,00    0,00    0,00    0,00    0,00    0,00    0,00    0,00    0,00  100,00
16:06:38      15    0,00    0,00    0,00    0,00    0,00    0,00    0,00    0,00    0,00  100,00
16:06:38      16    0,00    0,00    0,00    0,00    0,00    0,00    0,00    0,00    0,00  100,00
16:06:38      17    0,00    0,00    0,00    0,00    0,00   53,70    0,00    0,00    0,00   46,30
16:06:38      18    0,00    0,00    0,00    0,00    0,00    0,00    0,00    0,00    0,00  100,00
16:06:38      19    0,00    0,00    0,98    0,00    0,00   53,92    0,00    0,00    0,00   45,10
16:06:38      20    0,00    0,00    0,00    0,00    0,00    0,00    0,00    0,00    0,00  100,00
16:06:38      21    1,00    0,00    1,00    0,00    0,00    0,00    0,00    0,00    0,00   98,00
16:06:38      22    0,00    0,00    0,00    0,00    0,00    0,00    0,00    0,00    0,00  100,00
16:06:38      23    0,00    0,00    0,00    0,00    0,00    0,00    0,00    0,00    0,00  100,00

16:06:38     CPU    %usr   %nice    %sys %iowait    %irq   %soft  %steal  %guest  %gnice   %idle
16:06:39     all    0,00    0,00    0,08    0,00    0,00   12,77    0,00    0,00    0,00   87,15
16:06:39       0    0,00    0,00    0,00    0,00    0,00    0,00    0,00    0,00    0,00  100,00
16:06:39       1    0,00    0,00    0,00    0,00    0,00    0,00    0,00    0,00    0,00  100,00
16:06:39       2    0,00    0,00    0,00    0,00    0,00   56,57    0,00    0,00    0,00   43,43
16:06:39       3    0,00    0,00    0,00    0,00    0,00   56,57    0,00    0,00    0,00   43,43
16:06:39       4    0,00    0,00    0,00    0,00    0,00    0,00    0,00    0,00    0,00  100,00
16:06:39       5    0,00    0,00    0,00    0,00    0,00    0,00    0,00    0,00    0,00  100,00
16:06:39       6    0,00    0,00    0,00    0,00    0,00    0,00    0,00    0,00    0,00  100,00
16:06:39       7    0,00    0,00    0,00    0,00    0,00    0,00    0,00    0,00    0,00  100,00
16:06:39       8    0,00    0,00    0,94    0,00    0,00   43,40    0,00    0,00    0,00   55,66
16:06:39       9    0,00    0,00    0,00    0,00    0,00   44,00    0,00    0,00    0,00   56,00
16:06:39      10    0,00    0,00    0,00    0,00    0,00    0,00    0,00    0,00    0,00  100,00
16:06:39      11    0,00    0,00    0,00    0,00    0,00    0,00    0,00    0,00    0,00  100,00
16:06:39      12    0,00    0,00    0,00    0,00    0,00    0,00    0,00    0,00    0,00  100,00
16:06:39      13    0,00    0,00    0,00    0,00    0,00    0,00    0,00    0,00    0,00  100,00
16:06:39      14    0,00    0,00    0,00    0,00    0,00    0,00    0,00    0,00    0,00  100,00
16:06:39      15    0,00    0,00    0,00    0,00    0,00    0,00    0,00    0,00    0,00  100,00
16:06:39      16    0,00    0,00    0,00    0,00    0,00    0,00    0,00    0,00    0,00  100,00
16:06:39      17    0,00    0,00    0,00    0,00    0,00   52,43    0,00    0,00    0,00   47,57
16:06:39      18    0,00    0,00    0,00    0,00    0,00    0,00    0,00    0,00    0,00  100,00
16:06:39      19    0,00    0,00    0,00    0,00    0,00   52,58    0,00    0,00    0,00   47,42
16:06:39      20    0,00    0,00    0,00    0,00    0,00    0,00    0,00    0,00    0,00  100,00
16:06:39      21    0,00    0,00    0,00    0,00    0,00    0,00    0,00    0,00    0,00  100,00
16:06:39      22    0,00    0,00    0,00    0,00    0,00    0,00    0,00    0,00    0,00  100,00
16:06:39      23    0,00    0,00    0,99    0,00    0,00    0,00    0,00    0,00    0,00   99,01

16:06:39     CPU    %usr   %nice    %sys %iowait    %irq   %soft  %steal  %guest  %gnice   %idle
16:06:40     all    0,04    0,00    0,00    0,00    0,00   13,21    0,00    0,00    0,00   86,74
16:06:40       0    0,00    0,00    0,00    0,00    0,00    0,00    0,00    0,00    0,00  100,00
16:06:40       1    0,00    0,00    0,00    0,00    0,00    0,00    0,00    0,00    0,00  100,00
16:06:40       2    0,00    0,00    0,00    0,00    0,00   57,43    0,00    0,00    0,00   42,57
16:06:40       3    0,00    0,00    0,00    0,00    0,00   58,25    0,00    0,00    0,00   41,75
16:06:40       4    0,00    0,00    0,00    0,00    0,00    0,00    0,00    0,00    0,00  100,00
16:06:40       5    0,00    0,00    0,00    0,00    0,00    0,00    0,00    0,00    0,00  100,00
16:06:40       6    0,00    0,00    0,00    0,00    0,00    0,00    0,00    0,00    0,00  100,00
16:06:40       7    0,00    0,00    0,00    0,00    0,00    0,00    0,00    0,00    0,00  100,00
16:06:40       8    0,00    0,00    0,00    0,00    0,00   43,93    0,00    0,00    0,00   56,07
16:06:40       9    0,00    0,00    0,00    0,00    0,00   45,63    0,00    0,00    0,00   54,37
16:06:40      10    0,00    0,00    0,00    0,00    0,00    0,00    0,00    0,00    0,00  100,00
16:06:40      11    0,00    0,00    0,00    0,00    0,00    0,00    0,00    0,00    0,00  100,00
16:06:40      12    0,00    0,00    0,00    0,00    0,00    0,00    0,00    0,00    0,00  100,00
16:06:40      13    0,00    0,00    0,00    0,00    0,00    0,00    0,00    0,00    0,00  100,00
16:06:40      14    0,00    0,00    0,00    0,00    0,00    0,00    0,00    0,00    0,00  100,00
16:06:40      15    0,00    0,00    0,00    0,00    0,00    0,00    0,00    0,00    0,00  100,00
16:06:40      16    0,00    0,00    0,00    0,00    0,00    0,00    0,00    0,00    0,00  100,00
16:06:40      17    0,00    0,00    0,00    0,00    0,00   52,88    0,00    0,00    0,00   47,12
16:06:40      18    0,00    0,00    0,00    0,00    0,00    0,00    0,00    0,00    0,00  100,00
16:06:40      19    0,00    0,00    0,00    0,00    0,00   53,06    0,00    0,00    0,00   46,94
16:06:40      20    0,99    0,00    0,00    0,00    0,00    0,00    0,00    0,00    0,00   99,01
16:06:40      21    0,00    0,00    0,00    0,00    0,00    0,00    0,00    0,00    0,00  100,00
16:06:40      22    0,00    0,00    0,00    0,00    0,00    0,00    0,00    0,00    0,00  100,00
16:06:40      23    0,00    0,00    0,00    0,00    0,00    0,00    0,00    0,00    0,00  100,00

16:06:40     CPU    %usr   %nice    %sys %iowait    %irq   %soft  %steal  %guest  %gnice   %idle
16:06:41     all    0,08    0,00    0,12    0,04    0,00   13,01    0,00    0,00    0,00   86,74
16:06:41       0    0,00    0,00    0,00    0,00    0,00    0,00    0,00    0,00    0,00  100,00
16:06:41       1    0,00    0,00    0,00    0,00    0,00    0,00    0,00    0,00    0,00  100,00
16:06:41       2    0,00    0,00    0,00    0,00    0,00   56,86    0,00    0,00    0,00   43,14
16:06:41       3    0,00    0,00    0,00    0,00    0,00   56,44    0,00    0,00    0,00   43,56
16:06:41       4    0,00    0,00    0,00    0,00    0,00    0,00    0,00    0,00    0,00  100,00
16:06:41       5    0,00    0,00    0,00    0,00    0,00    0,00    0,00    0,00    0,00  100,00
16:06:41       6    0,00    0,00    0,00    0,00    0,00    0,00    0,00    0,00    0,00  100,00
16:06:41       7    0,00    0,00    0,00    0,00    0,00    0,00    0,00    0,00    0,00  100,00
16:06:41       8    0,00    0,00    0,00    0,00    0,00   44,34    0,00    0,00    0,00   55,66
16:06:41       9    0,00    0,00    1,00    0,00    0,00   44,00    0,00    0,00    0,00   55,00
16:06:41      10    0,00    0,00    0,00    1,01    0,00    0,00    0,00    0,00    0,00   98,99
16:06:41      11    0,00    0,00    0,00    0,00    0,00    0,00    0,00    0,00    0,00  100,00
16:06:41      12    0,00    0,00    0,00    0,00    0,00    0,00    0,00    0,00    0,00  100,00
16:06:41      13    0,00    0,00    0,00    0,00    0,00    0,00    0,00    0,00    0,00  100,00
16:06:41      14    0,00    0,00    0,00    0,00    0,00    0,00    0,00    0,00    0,00  100,00
16:06:41      15    0,00    0,00    0,00    0,00    0,00    0,00    0,00    0,00    0,00  100,00
16:06:41      16    0,99    0,00    0,00    0,00    0,00    0,00    0,00    0,00    0,00   99,01
16:06:41      17    0,00    0,00    0,95    0,00    0,00   52,38    0,00    0,00    0,00   46,67
16:06:41      18    0,00    0,00    0,00    0,00    0,00    0,00    0,00    0,00    0,00  100,00
16:06:41      19    0,00    0,00    0,99    0,00    0,00   52,48    0,00    0,00    0,00   46,53
16:06:41      20    0,00    0,00    0,00    0,00    0,00    0,00    0,00    0,00    0,00  100,00
16:06:41      21    0,99    0,00    0,00    0,00    0,00    0,00    0,00    0,00    0,00   99,01
16:06:41      22    0,00    0,00    0,00    0,00    0,00    0,00    0,00    0,00    0,00  100,00
16:06:41      23    0,00    0,00    0,00    0,00    0,00    0,00    0,00    0,00    0,00  100,00

16:06:41     CPU    %usr   %nice    %sys %iowait    %irq   %soft  %steal  %guest  %gnice   %idle
16:06:42     all    0,08    0,00    0,00    0,00    0,00   13,15    0,00    0,00    0,00   86,77
16:06:42       0    0,00    0,00    0,00    0,00    0,00    0,00    0,00    0,00    0,00  100,00
16:06:42       1    0,00    0,00    0,00    0,00    0,00    0,00    0,00    0,00    0,00  100,00
16:06:42       2    0,00    0,00    0,00    0,00    0,00   57,58    0,00    0,00    0,00   42,42
16:06:42       3    0,00    0,00    0,00    0,00    0,00   57,43    0,00    0,00    0,00   42,57
16:06:42       4    0,00    0,00    0,00    0,00    0,00    0,00    0,00    0,00    0,00  100,00
16:06:42       5    0,00    0,00    0,00    0,00    0,00    0,00    0,00    0,00    0,00  100,00
16:06:42       6    0,00    0,00    0,00    0,00    0,00    0,00    0,00    0,00    0,00  100,00
16:06:42       7    0,00    0,00    0,00    0,00    0,00    0,00    0,00    0,00    0,00  100,00
16:06:42       8    0,00    0,00    0,00    0,00    0,00   44,55    0,00    0,00    0,00   55,45
16:06:42       9    0,97    0,00    0,00    0,00    0,00   43,69    0,00    0,00    0,00   55,34
16:06:42      10    0,00    0,00    0,00    0,00    0,00    0,00    0,00    0,00    0,00  100,00
16:06:42      11    0,00    0,00    0,00    0,00    0,00    0,00    0,00    0,00    0,00  100,00
16:06:42      12    0,00    0,00    0,00    0,00    0,00    0,00    0,00    0,00    0,00  100,00
16:06:42      13    0,00    0,00    0,00    0,00    0,00    0,00    0,00    0,00    0,00  100,00
16:06:42      14    0,00    0,00    0,00    0,00    0,00    0,00    0,00    0,00    0,00  100,00
16:06:42      15    0,00    0,00    0,00    0,00    0,00    0,00    0,00    0,00    0,00  100,00
16:06:42      16    0,00    0,00    0,00    0,00    0,00    0,00    0,00    0,00    0,00  100,00
16:06:42      17    0,00    0,00    0,00    0,00    0,00   54,21    0,00    0,00    0,00   45,79
16:06:42      18    0,99    0,00    0,00    0,00    0,00    0,00    0,00    0,00    0,00   99,01
16:06:42      19    0,00    0,00    0,00    0,00    0,00   52,58    0,00    0,00    0,00   47,42
16:06:42      20    0,00    0,00    0,00    0,00    0,00    0,00    0,00    0,00    0,00  100,00
16:06:42      21    0,00    0,00    0,00    0,00    0,00    0,00    0,00    0,00    0,00  100,00
16:06:42      22    0,00    0,00    0,00    0,00    0,00    0,00    0,00    0,00    0,00  100,00
16:06:42      23    0,00    0,00    0,00    0,00    0,00    0,00    0,00    0,00    0,00  100,00

16:06:42     CPU    %usr   %nice    %sys %iowait    %irq   %soft  %steal  %guest  %gnice   %idle
16:06:43     all    0,00    0,00    0,17    0,00    0,00   13,31    0,00    0,00    0,00   86,53
16:06:43       0    0,00    0,00    0,00    0,00    0,00    0,00    0,00    0,00    0,00  100,00
16:06:43       1    0,00    0,00    0,00    0,00    0,00    0,00    0,00    0,00    0,00  100,00
16:06:43       2    0,00    0,00    0,00    0,00    0,00   58,49    0,00    0,00    0,00   41,51
16:06:43       3    0,00    0,00    1,01    0,00    0,00   55,56    0,00    0,00    0,00   43,43
16:06:43       4    0,00    0,00    0,00    0,00    0,00    0,00    0,00    0,00    0,00  100,00
16:06:43       5    0,00    0,00    0,00    0,00    0,00    0,00    0,00    0,00    0,00  100,00
16:06:43       6    0,00    0,00    0,00    0,00    0,00    0,00    0,00    0,00    0,00  100,00
16:06:43       7    0,00    0,00    0,00    0,00    0,00    0,00    0,00    0,00    0,00  100,00
16:06:43       8    0,00    0,00    0,00    0,00    0,00   44,44    0,00    0,00    0,00   55,56
16:06:43       9    0,00    0,00    0,00    0,00    0,00   45,63    0,00    0,00    0,00   54,37
16:06:43      10    0,00    0,00    0,00    0,00    0,00    0,00    0,00    0,00    0,00  100,00
16:06:43      11    0,00    0,00    0,00    0,00    0,00    0,00    0,00    0,00    0,00  100,00
16:06:43      12    0,00    0,00    0,00    0,00    0,00    0,00    0,00    0,00    0,00  100,00
16:06:43      13    0,00    0,00    0,00    0,00    0,00    0,00    0,00    0,00    0,00  100,00
16:06:43      14    0,00    0,00    0,00    0,00    0,00    0,00    0,00    0,00    0,00  100,00
16:06:43      15    0,00    0,00    0,00    0,00    0,00    0,00    0,00    0,00    0,00  100,00
16:06:43      16    0,00    0,00    0,00    0,00    0,00    0,00    0,00    0,00    0,00  100,00
16:06:43      17    0,00    0,00    0,94    0,00    0,00   54,72    0,00    0,00    0,00   44,34
16:06:43      18    0,00    0,00    0,00    0,00    0,00    0,00    0,00    0,00    0,00  100,00
16:06:43      19    0,00    0,00    0,00    0,00    0,00   52,53    0,00    0,00    0,00   47,47
16:06:43      20    0,00    0,00    1,00    0,00    0,00    0,00    0,00    0,00    0,00   99,00
16:06:43      21    0,00    0,00    0,00    0,00    0,00    0,00    0,00    0,00    0,00  100,00
16:06:43      22    0,00    0,00    0,99    0,00    0,00    0,00    0,00    0,00    0,00   99,01
16:06:43      23    0,00    0,00    0,00    0,00    0,00    0,00    0,00    0,00    0,00  100,00

16:06:43     CPU    %usr   %nice    %sys %iowait    %irq   %soft  %steal  %guest  %gnice   %idle
16:06:44     all    0,08    0,00    0,04    0,00    0,00   13,14    0,00    0,00    0,00   86,73
16:06:44       0    0,00    0,00    0,00    0,00    0,00    0,00    0,00    0,00    0,00  100,00
16:06:44       1    0,00    0,00    0,00    0,00    0,00    0,00    0,00    0,00    0,00  100,00
16:06:44       2    0,00    0,00    0,00    0,00    0,00   57,84    0,00    0,00    0,00   42,16
16:06:44       3    0,00    0,00    0,00    0,00    0,00   56,12    0,00    0,00    0,00   43,88
16:06:44       4    0,00    0,00    0,00    0,00    0,00    0,00    0,00    0,00    0,00  100,00
16:06:44       5    0,00    0,00    0,00    0,00    0,00    0,00    0,00    0,00    0,00  100,00
16:06:44       6    0,00    0,00    0,00    0,00    0,00    0,00    0,00    0,00    0,00  100,00
16:06:44       7    0,00    0,00    0,00    0,00    0,00    0,00    0,00    0,00    0,00  100,00
16:06:44       8    0,00    0,00    0,00    0,00    0,00   44,86    0,00    0,00    0,00   55,14
16:06:44       9    0,00    0,00    0,00    0,00    0,00   44,55    0,00    0,00    0,00   55,45
16:06:44      10    1,00    0,00    0,00    0,00    0,00    0,00    0,00    0,00    0,00   99,00
16:06:44      11    0,00    0,00    0,00    0,00    0,00    0,00    0,00    0,00    0,00  100,00
16:06:44      12    0,00    0,00    0,00    0,00    0,00    0,00    0,00    0,00    0,00  100,00
16:06:44      13    0,00    0,00    0,00    0,00    0,00    0,00    0,00    0,00    0,00  100,00
16:06:44      14    0,00    0,00    0,00    0,00    0,00    0,00    0,00    0,00    0,00  100,00
16:06:44      15    0,00    0,00    0,00    0,00    0,00    0,00    0,00    0,00    0,00  100,00
16:06:44      16    0,00    0,00    0,00    0,00    0,00    0,00    0,00    0,00    0,00  100,00
16:06:44      17    0,00    0,00    0,00    0,00    0,00   53,77    0,00    0,00    0,00   46,23
16:06:44      18    0,00    0,00    0,00    0,00    0,00    0,00    0,00    0,00    0,00  100,00
16:06:44      19    0,00    0,00    0,00    0,00    0,00   53,54    0,00    0,00    0,00   46,46
16:06:44      20    0,00    0,00    0,00    0,00    0,00    0,00    0,00    0,00    0,00  100,00
16:06:44      21    0,00    0,00    1,00    0,00    0,00    0,00    0,00    0,00    0,00   99,00
16:06:44      22    0,99    0,00    0,00    0,00    0,00    0,00    0,00    0,00    0,00   99,01
16:06:44      23    0,00    0,00    0,00    0,00    0,00    0,00    0,00    0,00    0,00  100,00

16:06:44     CPU    %usr   %nice    %sys %iowait    %irq   %soft  %steal  %guest  %gnice   %idle
16:06:45     all    0,00    0,00    0,08    0,00    0,00   12,88    0,00    0,00    0,00   87,04
16:06:45       0    0,00    0,00    0,00    0,00    0,00    0,00    0,00    0,00    0,00  100,00
16:06:45       1    0,00    0,00    0,00    0,00    0,00    0,00    0,00    0,00    0,00  100,00
16:06:45       2    0,00    0,00    0,00    0,00    0,00   57,00    0,00    0,00    0,00   43,00
16:06:45       3    0,00    0,00    0,00    0,00    0,00   58,25    0,00    0,00    0,00   41,75
16:06:45       4    0,00    0,00    0,00    0,00    0,00    0,00    0,00    0,00    0,00  100,00
16:06:45       5    0,00    0,00    0,00    0,00    0,00    0,00    0,00    0,00    0,00  100,00
16:06:45       6    0,00    0,00    0,00    0,00    0,00    0,00    0,00    0,00    0,00  100,00
16:06:45       7    0,00    0,00    0,00    0,00    0,00    0,00    0,00    0,00    0,00  100,00
16:06:45       8    0,00    0,00    0,00    0,00    0,00   42,99    0,00    0,00    0,00   57,01
16:06:45       9    0,00    0,00    0,00    0,00    0,00   41,84    0,00    0,00    0,00   58,16
16:06:45      10    0,00    0,00    0,00    0,00    0,00    0,00    0,00    0,00    0,00  100,00
16:06:45      11    0,00    0,00    0,00    0,00    0,00    0,00    0,00    0,00    0,00  100,00
16:06:45      12    0,00    0,00    0,00    0,00    0,00    0,00    0,00    0,00    0,00  100,00
16:06:45      13    0,00    0,00    0,00    0,00    0,00    0,00    0,00    0,00    0,00  100,00
16:06:45      14    0,00    0,00    0,00    0,00    0,00    0,00    0,00    0,00    0,00  100,00
16:06:45      15    0,00    0,00    0,00    0,00    0,00    0,00    0,00    0,00    0,00  100,00
16:06:45      16    0,00    0,00    0,00    0,00    0,00    0,00    0,00    0,00    0,00  100,00
16:06:45      17    0,00    0,00    0,00    0,00    0,00   53,33    0,00    0,00    0,00   46,67
16:06:45      18    0,00    0,00    1,00    0,00    0,00    0,00    0,00    0,00    0,00   99,00
16:06:45      19    0,00    0,00    1,03    0,00    0,00   51,55    0,00    0,00    0,00   47,42
16:06:45      20    0,00    0,00    0,00    0,00    0,00    0,00    0,00    0,00    0,00  100,00
16:06:45      21    0,00    0,00    0,00    0,00    0,00    0,00    0,00    0,00    0,00  100,00
16:06:45      22    0,00    0,00    0,00    0,00    0,00    0,00    0,00    0,00    0,00  100,00
16:06:45      23    0,00    0,00    0,00    0,00    0,00    0,00    0,00    0,00    0,00  100,00

16:06:45     CPU    %usr   %nice    %sys %iowait    %irq   %soft  %steal  %guest  %gnice   %idle
16:06:46     all    0,00    0,00    0,04    0,08    0,00   13,05    0,00    0,00    0,00   86,82
16:06:46       0    0,00    0,00    0,00    0,00    0,00    0,00    0,00    0,00    0,00  100,00
16:06:46       1    0,00    0,00    0,00    0,00    0,00    0,00    0,00    0,00    0,00  100,00
16:06:46       2    0,00    0,00    0,00    0,00    0,00   57,28    0,00    0,00    0,00   42,72
16:06:46       3    0,00    0,00    0,00    0,00    0,00   56,86    0,00    0,00    0,00   43,14
16:06:46       4    0,00    0,00    0,00    0,00    0,00    0,00    0,00    0,00    0,00  100,00
16:06:46       5    0,00    0,00    0,00    0,00    0,00    0,00    0,00    0,00    0,00  100,00
16:06:46       6    0,00    0,00    0,00    0,00    0,00    0,00    0,00    0,00    0,00  100,00
16:06:46       7    0,00    0,00    0,00    0,00    0,00    0,00    0,00    0,00    0,00  100,00
16:06:46       8    0,00    0,00    0,00    0,00    0,00   43,40    0,00    0,00    0,00   56,60
16:06:46       9    0,00    0,00    0,00    0,00    0,00   45,54    0,00    0,00    0,00   54,46
16:06:46      10    0,00    0,00    1,00    2,00    0,00    0,00    0,00    0,00    0,00   97,00
16:06:46      11    0,00    0,00    0,00    0,00    0,00    0,00    0,00    0,00    0,00  100,00
16:06:46      12    0,00    0,00    0,00    0,00    0,00    0,00    0,00    0,00    0,00  100,00
16:06:46      13    0,00    0,00    0,00    0,00    0,00    0,00    0,00    0,00    0,00  100,00
16:06:46      14    0,00    0,00    0,00    0,00    0,00    0,00    0,00    0,00    0,00  100,00
16:06:46      15    0,00    0,00    0,00    0,00    0,00    0,00    0,00    0,00    0,00  100,00
16:06:46      16    0,00    0,00    0,00    0,00    0,00    0,00    0,00    0,00    0,00  100,00
16:06:46      17    0,00    0,00    0,00    0,00    0,00   52,43    0,00    0,00    0,00   47,57
16:06:46      18    0,00    0,00    0,00    0,00    0,00    0,00    0,00    0,00    0,00  100,00
16:06:46      19    0,00    0,00    0,00    0,00    0,00   53,06    0,00    0,00    0,00   46,94
16:06:46      20    0,00    0,00    0,00    0,00    0,00    0,00    0,00    0,00    0,00  100,00
16:06:46      21    0,00    0,00    0,00    0,00    0,00    0,00    0,00    0,00    0,00  100,00
16:06:46      22    0,00    0,00    0,00    0,00    0,00    0,00    0,00    0,00    0,00  100,00
16:06:46      23    0,00    0,00    0,00    0,00    0,00    0,00    0,00    0,00    0,00  100,00

16:06:46     CPU    %usr   %nice    %sys %iowait    %irq   %soft  %steal  %guest  %gnice   %idle
16:06:47     all    0,04    0,00    0,08    0,00    0,00   12,98    0,00    0,00    0,00   86,89
16:06:47       0    0,00    0,00    0,00    0,00    0,00    0,00    0,00    0,00    0,00  100,00
16:06:47       1    0,00    0,00    0,00    0,00    0,00    0,00    0,00    0,00    0,00  100,00
16:06:47       2    0,00    0,00    0,00    0,00    0,00   57,00    0,00    0,00    0,00   43,00
16:06:47       3    0,00    0,00    0,00    0,00    0,00   56,57    0,00    0,00    0,00   43,43
16:06:47       4    0,00    0,00    0,00    0,00    0,00    0,00    0,00    0,00    0,00  100,00
16:06:47       5    0,00    0,00    0,00    0,00    0,00    0,00    0,00    0,00    0,00  100,00
16:06:47       6    0,00    0,00    0,00    0,00    0,00    0,00    0,00    0,00    0,00  100,00
16:06:47       7    0,00    0,00    0,00    0,00    0,00    0,00    0,00    0,00    0,00  100,00
16:06:47       8    0,00    0,00    0,95    0,00    0,00   42,86    0,00    0,00    0,00   56,19
16:06:47       9    0,00    0,00    0,98    0,00    0,00   44,12    0,00    0,00    0,00   54,90
16:06:47      10    0,00    0,00    0,00    0,00    0,00    0,00    0,00    0,00    0,00  100,00
16:06:47      11    0,00    0,00    0,00    0,00    0,00    0,00    0,00    0,00    0,00  100,00
16:06:47      12    0,00    0,00    0,00    0,00    0,00    0,00    0,00    0,00    0,00  100,00
16:06:47      13    0,00    0,00    0,00    0,00    0,00    0,00    0,00    0,00    0,00  100,00
16:06:47      14    0,00    0,00    0,00    0,00    0,00    0,00    0,00    0,00    0,00  100,00
16:06:47      15    0,00    0,00    0,00    0,00    0,00    0,00    0,00    0,00    0,00  100,00
16:06:47      16    0,00    0,00    0,00    0,00    0,00    0,00    0,00    0,00    0,00  100,00
16:06:47      17    0,00    0,00    0,00    0,00    0,00   53,27    0,00    0,00    0,00   46,73
16:06:47      18    0,00    0,00    0,00    0,00    0,00    0,00    0,00    0,00    0,00  100,00
16:06:47      19    0,00    0,00    0,00    0,00    0,00   53,54    0,00    0,00    0,00   46,46
16:06:47      20    0,99    0,00    0,00    0,00    0,00    0,00    0,00    0,00    0,00   99,01
16:06:47      21    0,00    0,00    0,00    0,00    0,00    0,00    0,00    0,00    0,00  100,00
16:06:47      22    0,00    0,00    0,00    0,00    0,00    0,00    0,00    0,00    0,00  100,00
16:06:47      23    0,00    0,00    0,00    0,00    0,00    0,00    0,00    0,00    0,00  100,00

16:06:47     CPU    %usr   %nice    %sys %iowait    %irq   %soft  %steal  %guest  %gnice   %idle
16:06:48     all    0,17    0,00    0,04    0,00    0,00   13,02    0,00    0,00    0,00   86,77
16:06:48       0    0,00    0,00    0,00    0,00    0,00    0,00    0,00    0,00    0,00  100,00
16:06:48       1    0,00    0,00    0,00    0,00    0,00    0,00    0,00    0,00    0,00  100,00
16:06:48       2    0,00    0,00    0,97    0,00    0,00   56,31    0,00    0,00    0,00   42,72
16:06:48       3    0,00    0,00    0,00    0,00    0,00   57,00    0,00    0,00    0,00   43,00
16:06:48       4    0,99    0,00    0,00    0,00    0,00    0,00    0,00    0,00    0,00   99,01
16:06:48       5    0,00    0,00    0,00    0,00    0,00    0,00    0,00    0,00    0,00  100,00
16:06:48       6    0,00    0,00    0,00    0,00    0,00    0,00    0,00    0,00    0,00  100,00
16:06:48       7    0,00    0,00    0,00    0,00    0,00    0,00    0,00    0,00    0,00  100,00
16:06:48       8    0,00    0,00    0,00    0,00    0,00   44,34    0,00    0,00    0,00   55,66
16:06:48       9    0,00    0,00    0,00    0,00    0,00   45,63    0,00    0,00    0,00   54,37
16:06:48      10    0,00    0,00    0,00    0,00    0,00    0,00    0,00    0,00    0,00  100,00
16:06:48      11    0,00    0,00    0,00    0,00    0,00    0,00    0,00    0,00    0,00  100,00
16:06:48      12    0,00    0,00    0,00    0,00    0,00    0,00    0,00    0,00    0,00  100,00
16:06:48      13    0,00    0,00    0,00    0,00    0,00    0,00    0,00    0,00    0,00  100,00
16:06:48      14    0,00    0,00    0,00    0,00    0,00    0,00    0,00    0,00    0,00  100,00
16:06:48      15    0,00    0,00    0,00    0,00    0,00    0,00    0,00    0,00    0,00  100,00
16:06:48      16    0,00    0,00    0,00    0,00    0,00    0,00    0,00    0,00    0,00  100,00
16:06:48      17    0,98    0,00    0,00    0,00    0,00   50,98    0,00    0,00    0,00   48,04
16:06:48      18    0,00    0,00    0,00    0,00    0,00    0,00    0,00    0,00    0,00  100,00
16:06:48      19    0,99    0,00    0,00    0,00    0,00   52,48    0,00    0,00    0,00   46,53
16:06:48      20    0,00    0,00    0,00    0,00    0,00    0,00    0,00    0,00    0,00  100,00
16:06:48      21    0,00    0,00    0,00    0,00    0,00    0,00    0,00    0,00    0,00  100,00
16:06:48      22    0,00    0,00    0,00    0,00    0,00    0,00    0,00    0,00    0,00  100,00
16:06:48      23    0,99    0,00    0,00    0,00    0,00    0,00    0,00    0,00    0,00   99,01

16:06:48     CPU    %usr   %nice    %sys %iowait    %irq   %soft  %steal  %guest  %gnice   %idle
16:06:49     all    0,00    0,00    0,08    0,00    0,00   13,29    0,00    0,00    0,00   86,63
16:06:49       0    0,00    0,00    0,00    0,00    0,00    0,00    0,00    0,00    0,00  100,00
16:06:49       1    0,00    0,00    0,00    0,00    0,00    0,00    0,00    0,00    0,00  100,00
16:06:49       2    0,00    0,00    0,00    0,00    0,00   58,42    0,00    0,00    0,00   41,58
16:06:49       3    0,00    0,00    0,00    0,00    0,00   57,43    0,00    0,00    0,00   42,57
16:06:49       4    0,00    0,00    0,00    0,00    0,00    0,00    0,00    0,00    0,00  100,00
16:06:49       5    0,00    0,00    0,00    0,00    0,00    0,00    0,00    0,00    0,00  100,00
16:06:49       6    0,00    0,00    0,00    0,00    0,00    0,00    0,00    0,00    0,00  100,00
16:06:49       7    0,00    0,00    0,00    0,00    0,00    0,00    0,00    0,00    0,00  100,00
16:06:49       8    0,00    0,00    0,00    0,00    0,00   44,86    0,00    0,00    0,00   55,14
16:06:49       9    0,00    0,00    0,00    0,00    0,00   45,10    0,00    0,00    0,00   54,90
16:06:49      10    0,00    0,00    0,00    0,00    0,00    0,00    0,00    0,00    0,00  100,00
16:06:49      11    0,00    0,00    0,00    0,00    0,00    0,00    0,00    0,00    0,00  100,00
16:06:49      12    0,00    0,00    0,00    0,00    0,00    0,00    0,00    0,00    0,00  100,00
16:06:49      13    0,00    0,00    0,00    0,00    0,00    0,00    0,00    0,00    0,00  100,00
16:06:49      14    0,00    0,00    0,00    0,00    0,00    0,00    0,00    0,00    0,00  100,00
16:06:49      15    0,00    0,00    0,00    0,00    0,00    0,00    0,00    0,00    0,00  100,00
16:06:49      16    0,00    0,00    0,00    0,00    0,00    0,00    0,00    0,00    0,00  100,00
16:06:49      17    0,00    0,00    0,94    0,00    0,00   52,83    0,00    0,00    0,00   46,23
16:06:49      18    0,00    0,00    0,00    0,00    0,00    0,00    0,00    0,00    0,00  100,00
16:06:49      19    0,00    0,00    0,00    0,00    0,00   54,00    0,00    0,00    0,00   46,00
16:06:49      20    0,00    0,00    0,99    0,00    0,00    0,00    0,00    0,00    0,00   99,01
16:06:49      21    0,00    0,00    0,00    0,00    0,00    0,00    0,00    0,00    0,00  100,00
16:06:49      22    0,00    0,00    0,00    0,00    0,00    0,00    0,00    0,00    0,00  100,00
16:06:49      23    0,00    0,00    0,00    0,00    0,00    0,00    0,00    0,00    0,00  100,00

16:06:49     CPU    %usr   %nice    %sys %iowait    %irq   %soft  %steal  %guest  %gnice   %idle
16:06:50     all    0,83    0,00    0,41    0,00    0,00   13,61    0,00    0,00    0,00   85,15
16:06:50       0    0,00    0,00    0,00    0,00    0,00    0,00    0,00    0,00    0,00  100,00
16:06:50       1    0,00    0,00    0,00    0,00    0,00    0,00    0,00    0,00    0,00  100,00
16:06:50       2    0,00    0,00    0,00    0,00    0,00   57,84    0,00    0,00    0,00   42,16
16:06:50       3    1,00    0,00    0,00    0,00    0,00   57,00    0,00    0,00    0,00   42,00
16:06:50       4    0,00    0,00    0,00    0,00    0,00    0,00    0,00    0,00    0,00  100,00
16:06:50       5    0,00    0,00    0,00    0,00    0,00    0,00    0,00    0,00    0,00  100,00
16:06:50       6    0,00    0,00    0,00    0,00    0,00    0,00    0,00    0,00    0,00  100,00
16:06:50       7    0,00    0,00    0,00    0,00    0,00    0,00    0,00    0,00    0,00  100,00
16:06:50       8    7,55    0,00    1,89    0,00    0,00   47,17    0,00    0,00    0,00   43,40
16:06:50       9    5,94    0,00    0,99    0,00    0,00   48,51    0,00    0,00    0,00   44,55
16:06:50      10    0,99    0,00    0,99    0,00    0,00    0,00    0,00    0,00    0,00   98,02
16:06:50      11    0,00    0,00    0,00    0,00    0,00    0,00    0,00    0,00    0,00  100,00
16:06:50      12    2,00    0,00    0,00    0,00    0,00    0,00    0,00    0,00    0,00   98,00
16:06:50      13    0,00    0,00    0,00    0,00    0,00    0,00    0,00    0,00    0,00  100,00
16:06:50      14    0,00    0,00    0,99    0,00    0,00    0,00    0,00    0,00    0,00   99,01
16:06:50      15    0,00    0,00    0,00    0,00    0,00    0,00    0,00    0,00    0,00  100,00
16:06:50      16    1,00    0,00    0,00    0,00    0,00    0,00    0,00    0,00    0,00   99,00
16:06:50      17    0,00    0,00    0,00    0,00    0,00   55,14    0,00    0,00    0,00   44,86
16:06:50      18    0,00    0,00    0,00    0,00    0,00    0,00    0,00    0,00    0,00  100,00
16:06:50      19    0,00    0,00    0,99    0,00    0,00   54,46    0,00    0,00    0,00   44,55
16:06:50      20    0,00    0,00    0,00    0,00    0,00    0,00    0,00    0,00    0,00  100,00
16:06:50      21    0,00    0,00    0,99    0,00    0,00    0,00    0,00    0,00    0,00   99,01
16:06:50      22    1,00    0,00    1,00    0,00    0,00    0,00    0,00    0,00    0,00   98,00
16:06:50      23    0,00    0,00    2,00    0,00    0,00    0,00    0,00    0,00    0,00   98,00
