Linux 6.8.0-111-generic (testbed-node6) 	05/05/26 	_x86_64_	(24 CPU)

17:08:25     CPU    %usr   %nice    %sys %iowait    %irq   %soft  %steal  %guest  %gnice   %idle
17:08:26     all    0,46    0,00    0,21    0,08    0,00   37,50    0,00    0,00    0,00   61,75
17:08:26       0    0,99    0,00    0,00    0,00    0,00    0,00    0,00    0,00    0,00   99,01
17:08:26       1    0,00    0,00    1,00    0,00    0,00    0,00    0,00    0,00    0,00   99,00
17:08:26       2    0,00    0,00    0,00    0,00    0,00    0,99    0,00    0,00    0,00   99,01
17:08:26       3    0,00    0,00    0,00    0,00    0,00  100,00    0,00    0,00    0,00    0,00
17:08:26       4    0,00    0,00    0,00    0,00    0,00  100,00    0,00    0,00    0,00    0,00
17:08:26       5    0,00    0,00    0,00    0,00    0,00    0,00    0,00    0,00    0,00  100,00
17:08:26       6    8,00    0,00    2,00    0,00    0,00    0,00    0,00    0,00    0,00   90,00
17:08:26       7    0,00    0,00    0,00    0,00    0,00    0,00    0,00    0,00    0,00  100,00
17:08:26       8    0,00    0,00    0,00    0,00    0,00  100,00    0,00    0,00    0,00    0,00
17:08:26       9    0,00    0,00    0,00    0,00    0,00  100,00    0,00    0,00    0,00    0,00
17:08:26      10    1,01    0,00    0,00    0,00    0,00    0,00    0,00    0,00    0,00   98,99
17:08:26      11    0,00    0,00    0,00    0,00    0,00    0,00    0,00    0,00    0,00  100,00
17:08:26      12    0,00    0,00    0,00    0,00    0,00    0,00    0,00    0,00    0,00  100,00
17:08:26      13    0,00    0,00    0,00    0,00    0,00  100,00    0,00    0,00    0,00    0,00
17:08:26      14    1,00    0,00    0,00    0,00    0,00    0,00    0,00    0,00    0,00   99,00
17:08:26      15    0,00    0,00    0,00    0,00    0,00    0,00    0,00    0,00    0,00  100,00
17:08:26      16    0,00    0,00    0,00    0,00    0,00    0,00    0,00    0,00    0,00  100,00
17:08:26      17    0,00    0,00    0,00    0,00    0,00    0,00    0,00    0,00    0,00  100,00
17:08:26      18    0,00    0,00    0,00    0,00    0,00  100,00    0,00    0,00    0,00    0,00
17:08:26      19    0,00    0,00    0,00    0,00    0,00  100,00    0,00    0,00    0,00    0,00
17:08:26      20    0,00    0,00    0,99    1,98    0,00    0,00    0,00    0,00    0,00   97,03
17:08:26      21    0,00    0,00    0,00    0,00    0,00    0,00    0,00    0,00    0,00  100,00
17:08:26      22    0,00    0,00    0,99    0,00    0,00   99,01    0,00    0,00    0,00    0,00
17:08:26      23    0,00    0,00    0,00    0,00    0,00  100,00    0,00    0,00    0,00    0,00

17:08:26     CPU    %usr   %nice    %sys %iowait    %irq   %soft  %steal  %guest  %gnice   %idle
17:08:27     all    0,04    0,00    0,00    0,00    0,00   37,45    0,00    0,00    0,00   62,51
17:08:27       0    0,00    0,00    0,00    0,00    0,00    0,00    0,00    0,00    0,00  100,00
17:08:27       1    0,00    0,00    0,00    0,00    0,00    0,00    0,00    0,00    0,00  100,00
17:08:27       2    0,00    0,00    0,00    0,00    0,00    0,00    0,00    0,00    0,00  100,00
17:08:27       3    0,00    0,00    0,00    0,00    0,00  100,00    0,00    0,00    0,00    0,00
17:08:27       4    0,00    0,00    0,00    0,00    0,00  100,00    0,00    0,00    0,00    0,00
17:08:27       5    0,00    0,00    0,00    0,00    0,00    0,00    0,00    0,00    0,00  100,00
17:08:27       6    0,00    0,00    0,00    0,00    0,00    0,00    0,00    0,00    0,00  100,00
17:08:27       7    0,00    0,00    0,00    0,00    0,00    0,00    0,00    0,00    0,00  100,00
17:08:27       8    1,00    0,00    0,00    0,00    0,00   99,00    0,00    0,00    0,00    0,00
17:08:27       9    0,00    0,00    0,00    0,00    0,00  100,00    0,00    0,00    0,00    0,00
17:08:27      10    0,00    0,00    0,00    0,00    0,00    0,00    0,00    0,00    0,00  100,00
17:08:27      11    0,00    0,00    0,00    0,00    0,00    0,00    0,00    0,00    0,00  100,00
17:08:27      12    0,00    0,00    0,00    0,00    0,00    0,00    0,00    0,00    0,00  100,00
17:08:27      13    0,00    0,00    0,00    0,00    0,00  100,00    0,00    0,00    0,00    0,00
17:08:27      14    0,00    0,00    0,00    0,00    0,00    0,00    0,00    0,00    0,00  100,00
17:08:27      15    0,00    0,00    0,00    0,00    0,00    0,00    0,00    0,00    0,00  100,00
17:08:27      16    0,00    0,00    0,00    0,00    0,00    0,00    0,00    0,00    0,00  100,00
17:08:27      17    0,00    0,00    0,00    0,00    0,00    0,00    0,00    0,00    0,00  100,00
17:08:27      18    0,00    0,00    0,00    0,00    0,00  100,00    0,00    0,00    0,00    0,00
17:08:27      19    0,00    0,00    0,00    0,00    0,00  100,00    0,00    0,00    0,00    0,00
17:08:27      20    0,00    0,00    0,00    0,00    0,00    0,00    0,00    0,00    0,00  100,00
17:08:27      21    0,00    0,00    0,00    0,00    0,00    0,00    0,00    0,00    0,00  100,00
17:08:27      22    0,00    0,00    0,00    0,00    0,00  100,00    0,00    0,00    0,00    0,00
17:08:27      23    0,00    0,00    0,00    0,00    0,00  100,00    0,00    0,00    0,00    0,00

17:08:27     CPU    %usr   %nice    %sys %iowait    %irq   %soft  %steal  %guest  %gnice   %idle
17:08:28     all    1,00    0,00    0,46    0,00    0,00   37,56    0,00    0,00    0,00   60,98
17:08:28       0    3,00    0,00    2,00    0,00    0,00    0,00    0,00    0,00    0,00   95,00
17:08:28       1    0,00    0,00    0,00    0,00    0,00    0,00    0,00    0,00    0,00  100,00
17:08:28       2    0,00    0,00    0,00    0,00    0,00    0,00    0,00    0,00    0,00  100,00
17:08:28       3    0,00    0,00    0,00    0,00    0,00  100,00    0,00    0,00    0,00    0,00
17:08:28       4    0,00    0,00    0,00    0,00    0,00  100,00    0,00    0,00    0,00    0,00
17:08:28       5    0,00    0,00    0,00    0,00    0,00    0,00    0,00    0,00    0,00  100,00
17:08:28       6   12,12    0,00    3,03    0,00    0,00    0,00    0,00    0,00    0,00   84,85
17:08:28       7    0,00    0,00    0,00    0,00    0,00    0,00    0,00    0,00    0,00  100,00
17:08:28       8    0,00    0,00    0,99    0,00    0,00   99,01    0,00    0,00    0,00    0,00
17:08:28       9    0,00    0,00    0,00    0,00    0,00  100,00    0,00    0,00    0,00    0,00
17:08:28      10    2,02    0,00    2,02    0,00    0,00    0,00    0,00    0,00    0,00   95,96
17:08:28      11    0,00    0,00    0,00    0,00    0,00    0,00    0,00    0,00    0,00  100,00
17:08:28      12    0,00    0,00    0,00    0,00    0,00    0,00    0,00    0,00    0,00  100,00
17:08:28      13    0,00    0,00    0,00    0,00    0,00  100,00    0,00    0,00    0,00    0,00
17:08:28      14    2,02    0,00    1,01    0,00    0,00    0,00    0,00    0,00    0,00   96,97
17:08:28      15    1,00    0,00    0,00    0,00    0,00    0,00    0,00    0,00    0,00   99,00
17:08:28      16    2,02    0,00    1,01    0,00    0,00    0,00    0,00    0,00    0,00   96,97
17:08:28      17    1,00    0,00    0,00    0,00    0,00    0,00    0,00    0,00    0,00   99,00
17:08:28      18    0,00    0,00    0,00    0,00    0,00  100,00    0,00    0,00    0,00    0,00
17:08:28      19    0,00    0,00    0,00    0,00    0,00  100,00    0,00    0,00    0,00    0,00
17:08:28      20    1,00    0,00    1,00    0,00    0,00    0,00    0,00    0,00    0,00   98,00
17:08:28      21    0,00    0,00    0,00    0,00    0,00    0,00    0,00    0,00    0,00  100,00
17:08:28      22    0,00    0,00    0,00    0,00    0,00  100,00    0,00    0,00    0,00    0,00
17:08:28      23    0,00    0,00    0,00    0,00    0,00  100,00    0,00    0,00    0,00    0,00

17:08:28     CPU    %usr   %nice    %sys %iowait    %irq   %soft  %steal  %guest  %gnice   %idle
17:08:29     all    0,17    0,00    0,13    0,00    0,00   37,49    0,00    0,00    0,00   62,22
17:08:29       0    0,00    0,00    0,00    0,00    0,00    0,00    0,00    0,00    0,00  100,00
17:08:29       1    0,00    0,00    0,00    0,00    0,00    0,00    0,00    0,00    0,00  100,00
17:08:29       2    0,00    0,00    0,00    0,00    0,00    0,00    0,00    0,00    0,00  100,00
17:08:29       3    0,00    0,00    0,00    0,00    0,00  100,00    0,00    0,00    0,00    0,00
17:08:29       4    0,00    0,00    0,99    0,00    0,00   99,01    0,00    0,00    0,00    0,00
17:08:29       5    0,00    0,00    0,00    0,00    0,00    0,00    0,00    0,00    0,00  100,00
17:08:29       6    0,00    0,00    0,00    0,00    0,00    0,00    0,00    0,00    0,00  100,00
17:08:29       7    0,00    0,00    0,00    0,00    0,00    0,00    0,00    0,00    0,00  100,00
17:08:29       8    1,00    0,00    0,00    0,00    0,00   99,00    0,00    0,00    0,00    0,00
17:08:29       9    0,00    0,00    0,00    0,00    0,00  100,00    0,00    0,00    0,00    0,00
17:08:29      10    0,99    0,00    1,98    0,00    0,00    0,00    0,00    0,00    0,00   97,03
17:08:29      11    0,00    0,00    0,00    0,00    0,00    0,00    0,00    0,00    0,00  100,00
17:08:29      12    0,00    0,00    0,00    0,00    0,00    0,00    0,00    0,00    0,00  100,00
17:08:29      13    0,00    0,00    0,00    0,00    0,00  100,00    0,00    0,00    0,00    0,00
17:08:29      14    1,00    0,00    0,00    0,00    0,00    0,00    0,00    0,00    0,00   99,00
17:08:29      15    0,00    0,00    0,00    0,00    0,00    0,00    0,00    0,00    0,00  100,00
17:08:29      16    1,00    0,00    0,00    0,00    0,00    0,00    0,00    0,00    0,00   99,00
17:08:29      17    0,00    0,00    0,00    0,00    0,00    0,00    0,00    0,00    0,00  100,00
17:08:29      18    0,00    0,00    0,00    0,00    0,00  100,00    0,00    0,00    0,00    0,00
17:08:29      19    0,00    0,00    0,00    0,00    0,00  100,00    0,00    0,00    0,00    0,00
17:08:29      20    0,00    0,00    0,00    0,00    0,00    0,00    0,00    0,00    0,00  100,00
17:08:29      21    0,00    0,00    0,00    0,00    0,00    0,00    0,00    0,00    0,00  100,00
17:08:29      22    0,00    0,00    0,00    0,00    0,00  100,00    0,00    0,00    0,00    0,00
17:08:29      23    0,00    0,00    0,00    0,00    0,00  100,00    0,00    0,00    0,00    0,00

17:08:29     CPU    %usr   %nice    %sys %iowait    %irq   %soft  %steal  %guest  %gnice   %idle
17:08:30     all    0,04    0,00    0,04    0,00    0,00   37,47    0,00    0,00    0,00   62,44
17:08:30       0    0,00    0,00    0,00    0,00    0,00    0,00    0,00    0,00    0,00  100,00
17:08:30       1    0,00    0,00    0,00    0,00    0,00    0,00    0,00    0,00    0,00  100,00
17:08:30       2    0,00    0,00    0,00    0,00    0,00    0,00    0,00    0,00    0,00  100,00
17:08:30       3    0,00    0,00    0,00    0,00    0,00  100,00    0,00    0,00    0,00    0,00
17:08:30       4    0,00    0,00    0,00    0,00    0,00  100,00    0,00    0,00    0,00    0,00
17:08:30       5    0,00    0,00    0,00    0,00    0,00    0,00    0,00    0,00    0,00  100,00
17:08:30       6    1,00    0,00    0,00    0,00    0,00    0,00    0,00    0,00    0,00   99,00
17:08:30       7    0,00    0,00    0,00    0,00    0,00    0,00    0,00    0,00    0,00  100,00
17:08:30       8    0,00    0,00    1,00    0,00    0,00   99,00    0,00    0,00    0,00    0,00
17:08:30       9    0,00    0,00    0,00    0,00    0,00  100,00    0,00    0,00    0,00    0,00
17:08:30      10    0,00    0,00    0,00    0,00    0,00    0,00    0,00    0,00    0,00  100,00
17:08:30      11    0,00    0,00    0,00    0,00    0,00    0,00    0,00    0,00    0,00  100,00
17:08:30      12    0,00    0,00    0,00    0,00    0,00    0,00    0,00    0,00    0,00  100,00
17:08:30      13    0,00    0,00    0,00    0,00    0,00  100,00    0,00    0,00    0,00    0,00
17:08:30      14    0,00    0,00    0,00    0,00    0,00    0,00    0,00    0,00    0,00  100,00
17:08:30      15    0,00    0,00    0,00    0,00    0,00    0,00    0,00    0,00    0,00  100,00
17:08:30      16    0,00    0,00    0,00    0,00    0,00    0,00    0,00    0,00    0,00  100,00
17:08:30      17    0,00    0,00    0,00    0,00    0,00    0,00    0,00    0,00    0,00  100,00
17:08:30      18    0,00    0,00    0,00    0,00    0,00  100,00    0,00    0,00    0,00    0,00
17:08:30      19    0,00    0,00    0,00    0,00    0,00  100,00    0,00    0,00    0,00    0,00
17:08:30      20    0,00    0,00    0,00    0,00    0,00    0,00    0,00    0,00    0,00  100,00
17:08:30      21    0,00    0,00    0,00    0,00    0,00    0,00    0,00    0,00    0,00  100,00
17:08:30      22    0,00    0,00    0,00    0,00    0,00  100,00    0,00    0,00    0,00    0,00
17:08:30      23    0,00    0,00    0,00    0,00    0,00  100,00    0,00    0,00    0,00    0,00

17:08:30     CPU    %usr   %nice    %sys %iowait    %irq   %soft  %steal  %guest  %gnice   %idle
17:08:31     all    0,04    0,00    0,04    0,13    0,00   37,51    0,00    0,00    0,00   62,29
17:08:31       0    0,00    0,00    0,00    0,00    0,00    0,00    0,00    0,00    0,00  100,00
17:08:31       1    0,00    0,00    0,00    1,00    0,00    0,00    0,00    0,00    0,00   99,00
17:08:31       2    0,00    0,00    0,00    0,00    0,00    0,00    0,00    0,00    0,00  100,00
17:08:31       3    0,00    0,00    0,00    0,00    0,00  100,00    0,00    0,00    0,00    0,00
17:08:31       4    0,00    0,00    0,00    0,00    0,00  100,00    0,00    0,00    0,00    0,00
17:08:31       5    0,00    0,00    0,00    0,00    0,00    0,00    0,00    0,00    0,00  100,00
17:08:31       6    0,00    0,00    0,00    0,00    0,00    0,00    0,00    0,00    0,00  100,00
17:08:31       7    0,00    0,00    0,00    0,00    0,00    0,00    0,00    0,00    0,00  100,00
17:08:31       8    0,00    0,00    0,00    0,00    0,00  100,00    0,00    0,00    0,00    0,00
17:08:31       9    0,00    0,00    0,00    0,00    0,00  100,00    0,00    0,00    0,00    0,00
17:08:31      10    0,00    0,00    0,00    0,00    0,00    0,00    0,00    0,00    0,00  100,00
17:08:31      11    0,00    0,00    0,00    0,00    0,00    0,00    0,00    0,00    0,00  100,00
17:08:31      12    0,00    0,00    0,00    0,00    0,00    0,00    0,00    0,00    0,00  100,00
17:08:31      13    0,00    0,00    0,00    0,00    0,00  100,00    0,00    0,00    0,00    0,00
17:08:31      14    0,00    0,00    0,99    0,00    0,00    0,00    0,00    0,00    0,00   99,01
17:08:31      15    0,00    0,00    0,00    0,00    0,00    0,00    0,00    0,00    0,00  100,00
17:08:31      16    0,00    0,00    0,00    0,00    0,00    0,00    0,00    0,00    0,00  100,00
17:08:31      17    0,00    0,00    0,00    0,00    0,00    0,00    0,00    0,00    0,00  100,00
17:08:31      18    0,00    0,00    0,00    0,00    0,00  100,00    0,00    0,00    0,00    0,00
17:08:31      19    0,00    0,00    0,00    0,00    0,00  100,00    0,00    0,00    0,00    0,00
17:08:31      20    0,00    0,00    0,00    1,01    0,00    0,00    0,00    0,00    0,00   98,99
17:08:31      21    0,99    0,00    0,00    0,99    0,00    0,00    0,00    0,00    0,00   98,02
17:08:31      22    0,00    0,00    0,00    0,00    0,00  100,00    0,00    0,00    0,00    0,00
17:08:31      23    0,00    0,00    0,00    0,00    0,00  100,00    0,00    0,00    0,00    0,00

17:08:31     CPU    %usr   %nice    %sys %iowait    %irq   %soft  %steal  %guest  %gnice   %idle
17:08:32     all    0,04    0,00    0,04    0,00    0,00   37,48    0,00    0,00    0,00   62,43
17:08:32       0    0,00    0,00    0,00    0,00    0,00    0,00    0,00    0,00    0,00  100,00
17:08:32       1    0,00    0,00    0,00    0,00    0,00    0,00    0,00    0,00    0,00  100,00
17:08:32       2    0,00    0,00    0,00    0,00    0,00    0,00    0,00    0,00    0,00  100,00
17:08:32       3    0,00    0,00    0,00    0,00    0,00  100,00    0,00    0,00    0,00    0,00
17:08:32       4    0,00    0,00    0,00    0,00    0,00  100,00    0,00    0,00    0,00    0,00
17:08:32       5    0,00    0,00    0,00    0,00    0,00    0,00    0,00    0,00    0,00  100,00
17:08:32       6    0,00    0,00    0,00    0,00    0,00    0,00    0,00    0,00    0,00  100,00
17:08:32       7    0,00    0,00    0,00    0,00    0,00    0,00    0,00    0,00    0,00  100,00
17:08:32       8    0,99    0,00    0,00    0,00    0,00   99,01    0,00    0,00    0,00    0,00
17:08:32       9    0,00    0,00    0,00    0,00    0,00  100,00    0,00    0,00    0,00    0,00
17:08:32      10    0,00    0,00    0,00    0,00    0,00    0,00    0,00    0,00    0,00  100,00
17:08:32      11    0,00    0,00    0,00    0,00    0,00    0,00    0,00    0,00    0,00  100,00
17:08:32      12    0,00    0,00    0,00    0,00    0,00    0,00    0,00    0,00    0,00  100,00
17:08:32      13    0,00    0,00    0,00    0,00    0,00  100,00    0,00    0,00    0,00    0,00
17:08:32      14    0,00    0,00    0,00    0,00    0,00    0,00    0,00    0,00    0,00  100,00
17:08:32      15    0,00    0,00    0,00    0,00    0,00    0,00    0,00    0,00    0,00  100,00
17:08:32      16    0,00    0,00    0,00    0,00    0,00    0,00    0,00    0,00    0,00  100,00
17:08:32      17    0,00    0,00    0,99    0,00    0,00    0,00    0,00    0,00    0,00   99,01
17:08:32      18    0,00    0,00    0,00    0,00    0,00  100,00    0,00    0,00    0,00    0,00
17:08:32      19    0,00    0,00    0,00    0,00    0,00  100,00    0,00    0,00    0,00    0,00
17:08:32      20    0,00    0,00    0,00    0,00    0,00    0,00    0,00    0,00    0,00  100,00
17:08:32      21    0,00    0,00    0,00    0,00    0,00    0,00    0,00    0,00    0,00  100,00
17:08:32      22    0,00    0,00    0,00    0,00    0,00  100,00    0,00    0,00    0,00    0,00
17:08:32      23    0,00    0,00    0,00    0,00    0,00  100,00    0,00    0,00    0,00    0,00

17:08:32     CPU    %usr   %nice    %sys %iowait    %irq   %soft  %steal  %guest  %gnice   %idle
17:08:33     all    0,00    0,00    0,04    0,00    0,00   37,50    0,00    0,00    0,00   62,46
17:08:33       0    0,00    0,00    0,00    0,00    0,00    0,00    0,00    0,00    0,00  100,00
17:08:33       1    0,00    0,00    0,00    0,00    0,00    0,00    0,00    0,00    0,00  100,00
17:08:33       2    0,00    0,00    0,00    0,00    0,00    0,00    0,00    0,00    0,00  100,00
17:08:33       3    0,00    0,00    0,00    0,00    0,00  100,00    0,00    0,00    0,00    0,00
17:08:33       4    0,00    0,00    0,00    0,00    0,00  100,00    0,00    0,00    0,00    0,00
17:08:33       5    0,00    0,00    0,00    0,00    0,00    0,00    0,00    0,00    0,00  100,00
17:08:33       6    0,00    0,00    0,00    0,00    0,00    0,00    0,00    0,00    0,00  100,00
17:08:33       7    0,00    0,00    0,00    0,00    0,00    0,00    0,00    0,00    0,00  100,00
17:08:33       8    0,00    0,00    0,00    0,00    0,00  100,00    0,00    0,00    0,00    0,00
17:08:33       9    0,00    0,00    0,00    0,00    0,00  100,00    0,00    0,00    0,00    0,00
17:08:33      10    0,00    0,00    1,00    0,00    0,00    0,00    0,00    0,00    0,00   99,00
17:08:33      11    0,00    0,00    0,00    0,00    0,00    0,00    0,00    0,00    0,00  100,00
17:08:33      12    0,00    0,00    0,00    0,00    0,00    0,00    0,00    0,00    0,00  100,00
17:08:33      13    0,00    0,00    0,00    0,00    0,00  100,00    0,00    0,00    0,00    0,00
17:08:33      14    0,00    0,00    0,00    0,00    0,00    0,00    0,00    0,00    0,00  100,00
17:08:33      15    0,00    0,00    0,00    0,00    0,00    0,00    0,00    0,00    0,00  100,00
17:08:33      16    0,00    0,00    0,00    0,00    0,00    0,00    0,00    0,00    0,00  100,00
17:08:33      17    0,00    0,00    0,00    0,00    0,00    0,00    0,00    0,00    0,00  100,00
17:08:33      18    0,00    0,00    0,00    0,00    0,00  100,00    0,00    0,00    0,00    0,00
17:08:33      19    0,00    0,00    0,00    0,00    0,00  100,00    0,00    0,00    0,00    0,00
17:08:33      20    0,00    0,00    0,00    0,00    0,00    0,00    0,00    0,00    0,00  100,00
17:08:33      21    0,00    0,00    0,00    0,00    0,00    0,00    0,00    0,00    0,00  100,00
17:08:33      22    0,00    0,00    0,00    0,00    0,00  100,00    0,00    0,00    0,00    0,00
17:08:33      23    0,00    0,00    0,00    0,00    0,00  100,00    0,00    0,00    0,00    0,00

17:08:33     CPU    %usr   %nice    %sys %iowait    %irq   %soft  %steal  %guest  %gnice   %idle
17:08:34     all    0,04    0,00    0,13    0,00    0,00   37,55    0,00    0,00    0,00   62,29
17:08:34       0    0,00    0,00    0,00    0,00    0,00    0,00    0,00    0,00    0,00  100,00
17:08:34       1    0,00    0,00    0,99    0,00    0,00    0,00    0,00    0,00    0,00   99,01
17:08:34       2    0,00    0,00    0,00    0,00    0,00    0,00    0,00    0,00    0,00  100,00
17:08:34       3    0,00    0,00    0,00    0,00    0,00  100,00    0,00    0,00    0,00    0,00
17:08:34       4    0,00    0,00    0,00    0,00    0,00  100,00    0,00    0,00    0,00    0,00
17:08:34       5    0,00    0,00    0,00    0,00    0,00    0,00    0,00    0,00    0,00  100,00
17:08:34       6    0,00    0,00    1,00    0,00    0,00    0,00    0,00    0,00    0,00   99,00
17:08:34       7    0,00    0,00    0,00    0,00    0,00    0,00    0,00    0,00    0,00  100,00
17:08:34       8    0,00    0,00    0,00    0,00    0,00  100,00    0,00    0,00    0,00    0,00
17:08:34       9    0,00    0,00    0,00    0,00    0,00  100,00    0,00    0,00    0,00    0,00
17:08:34      10    0,00    0,00    0,00    0,00    0,00    0,00    0,00    0,00    0,00  100,00
17:08:34      11    0,00    0,00    0,00    0,00    0,00    0,00    0,00    0,00    0,00  100,00
17:08:34      12    0,00    0,00    0,00    0,00    0,00    0,00    0,00    0,00    0,00  100,00
17:08:34      13    0,00    0,00    0,00    0,00    0,00  100,00    0,00    0,00    0,00    0,00
17:08:34      14    0,99    0,00    0,99    0,00    0,00    0,00    0,00    0,00    0,00   98,02
17:08:34      15    0,00    0,00    0,00    0,00    0,00    0,00    0,00    0,00    0,00  100,00
17:08:34      16    0,00    0,00    0,00    0,00    0,00    0,00    0,00    0,00    0,00  100,00
17:08:34      17    0,00    0,00    0,00    0,00    0,00    0,00    0,00    0,00    0,00  100,00
17:08:34      18    0,00    0,00    0,00    0,00    0,00  100,00    0,00    0,00    0,00    0,00
17:08:34      19    0,00    0,00    0,00    0,00    0,00  100,00    0,00    0,00    0,00    0,00
17:08:34      20    0,00    0,00    0,00    0,00    0,00    0,00    0,00    0,00    0,00  100,00
17:08:34      21    0,00    0,00    0,00    0,00    0,00    0,00    0,00    0,00    0,00  100,00
17:08:34      22    0,00    0,00    0,00    0,00    0,00  100,00    0,00    0,00    0,00    0,00
17:08:34      23    0,00    0,00    0,00    0,00    0,00  100,00    0,00    0,00    0,00    0,00

17:08:34     CPU    %usr   %nice    %sys %iowait    %irq   %soft  %steal  %guest  %gnice   %idle
17:08:35     all    0,08    0,00    0,08    0,00    0,00   37,47    0,00    0,00    0,00   62,36
17:08:35       0    0,00    0,00    1,00    0,00    0,00    0,00    0,00    0,00    0,00   99,00
17:08:35       1    0,00    0,00    0,00    0,00    0,00    0,00    0,00    0,00    0,00  100,00
17:08:35       2    0,00    0,00    0,00    0,00    0,00    0,00    0,00    0,00    0,00  100,00
17:08:35       3    0,00    0,00    0,00    0,00    0,00  100,00    0,00    0,00    0,00    0,00
17:08:35       4    0,00    0,00    0,00    0,00    0,00  100,00    0,00    0,00    0,00    0,00
17:08:35       5    0,00    0,00    0,00    0,00    0,00    0,00    0,00    0,00    0,00  100,00
17:08:35       6    0,00    0,00    0,00    0,00    0,00    0,00    0,00    0,00    0,00  100,00
17:08:35       7    0,00    0,00    0,00    0,00    0,00    0,00    0,00    0,00    0,00  100,00
17:08:35       8    0,99    0,00    0,99    0,00    0,00   98,02    0,00    0,00    0,00    0,00
17:08:35       9    0,00    0,00    0,00    0,00    0,00  100,00    0,00    0,00    0,00    0,00
17:08:35      10    1,00    0,00    0,00    0,00    0,00    0,00    0,00    0,00    0,00   99,00
17:08:35      11    0,00    0,00    0,00    0,00    0,00    0,00    0,00    0,00    0,00  100,00
17:08:35      12    0,00    0,00    0,00    0,00    0,00    0,00    0,00    0,00    0,00  100,00
17:08:35      13    0,00    0,00    0,00    0,00    0,00  100,00    0,00    0,00    0,00    0,00
17:08:35      14    0,00    0,00    0,00    0,00    0,00    0,00    0,00    0,00    0,00  100,00
17:08:35      15    0,00    0,00    0,00    0,00    0,00    0,00    0,00    0,00    0,00  100,00
17:08:35      16    0,00    0,00    0,00    0,00    0,00    0,00    0,00    0,00    0,00  100,00
17:08:35      17    0,00    0,00    0,00    0,00    0,00    0,00    0,00    0,00    0,00  100,00
17:08:35      18    0,00    0,00    0,00    0,00    0,00  100,00    0,00    0,00    0,00    0,00
17:08:35      19    0,00    0,00    0,00    0,00    0,00  100,00    0,00    0,00    0,00    0,00
17:08:35      20    0,00    0,00    0,00    0,00    0,00    0,00    0,00    0,00    0,00  100,00
17:08:35      21    0,00    0,00    0,00    0,00    0,00    0,00    0,00    0,00    0,00  100,00
17:08:35      22    0,00    0,00    0,00    0,00    0,00  100,00    0,00    0,00    0,00    0,00
17:08:35      23    0,00    0,00    0,00    0,00    0,00  100,00    0,00    0,00    0,00    0,00

17:08:35     CPU    %usr   %nice    %sys %iowait    %irq   %soft  %steal  %guest  %gnice   %idle
17:08:36     all    0,21    0,00    0,00    0,08    0,00   37,43    0,00    0,00    0,00   62,28
17:08:36       0    0,99    0,00    0,00    0,00    0,00    0,00    0,00    0,00    0,00   99,01
17:08:36       1    1,00    0,00    0,00    0,00    0,00    0,00    0,00    0,00    0,00   99,00
17:08:36       2    0,00    0,00    0,00    0,00    0,00    0,00    0,00    0,00    0,00  100,00
17:08:36       3    0,00    0,00    0,00    0,00    0,00  100,00    0,00    0,00    0,00    0,00
17:08:36       4    0,00    0,00    0,00    0,00    0,00  100,00    0,00    0,00    0,00    0,00
17:08:36       5    0,00    0,00    0,00    0,00    0,00    0,00    0,00    0,00    0,00  100,00
17:08:36       6    0,99    0,00    0,00    0,00    0,00    0,00    0,00    0,00    0,00   99,01
17:08:36       7    0,00    0,00    0,00    0,00    0,00    0,00    0,00    0,00    0,00  100,00
17:08:36       8    1,00    0,00    0,00    0,00    0,00   99,00    0,00    0,00    0,00    0,00
17:08:36       9    0,00    0,00    0,00    0,00    0,00  100,00    0,00    0,00    0,00    0,00
17:08:36      10    0,00    0,00    0,00    0,00    0,00    0,00    0,00    0,00    0,00  100,00
17:08:36      11    0,00    0,00    0,00    0,00    0,00    0,00    0,00    0,00    0,00  100,00
17:08:36      12    0,00    0,00    0,00    0,00    0,00    0,00    0,00    0,00    0,00  100,00
17:08:36      13    0,00    0,00    0,00    0,00    0,00  100,00    0,00    0,00    0,00    0,00
17:08:36      14    0,00    0,00    0,00    0,00    0,00    0,00    0,00    0,00    0,00  100,00
17:08:36      15    0,00    0,00    0,00    0,00    0,00    0,00    0,00    0,00    0,00  100,00
17:08:36      16    0,00    0,00    0,00    0,00    0,00    0,00    0,00    0,00    0,00  100,00
17:08:36      17    0,99    0,00    0,00    0,00    0,00    0,00    0,00    0,00    0,00   99,01
17:08:36      18    0,00    0,00    0,00    0,00    0,00  100,00    0,00    0,00    0,00    0,00
17:08:36      19    0,00    0,00    0,00    0,00    0,00  100,00    0,00    0,00    0,00    0,00
17:08:36      20    0,00    0,00    0,00    1,98    0,00    0,00    0,00    0,00    0,00   98,02
17:08:36      21    0,00    0,00    0,00    0,00    0,00    0,00    0,00    0,00    0,00  100,00
17:08:36      22    0,00    0,00    0,00    0,00    0,00  100,00    0,00    0,00    0,00    0,00
17:08:36      23    0,00    0,00    0,00    0,00    0,00  100,00    0,00    0,00    0,00    0,00

17:08:36     CPU    %usr   %nice    %sys %iowait    %irq   %soft  %steal  %guest  %gnice   %idle
17:08:37     all    0,04    0,00    0,00    0,00    0,00   37,49    0,00    0,00    0,00   62,47
17:08:37       0    0,00    0,00    0,00    0,00    0,00    0,00    0,00    0,00    0,00  100,00
17:08:37       1    0,00    0,00    0,00    0,00    0,00    0,00    0,00    0,00    0,00  100,00
17:08:37       2    0,00    0,00    0,00    0,00    0,00    0,00    0,00    0,00    0,00  100,00
17:08:37       3    0,00    0,00    0,00    0,00    0,00  100,00    0,00    0,00    0,00    0,00
17:08:37       4    0,00    0,00    0,00    0,00    0,00  100,00    0,00    0,00    0,00    0,00
17:08:37       5    0,00    0,00    0,00    0,00    0,00    0,00    0,00    0,00    0,00  100,00
17:08:37       6    0,00    0,00    0,00    0,00    0,00    0,00    0,00    0,00    0,00  100,00
17:08:37       7    0,00    0,00    0,00    0,00    0,00    0,00    0,00    0,00    0,00  100,00
17:08:37       8    0,00    0,00    0,00    0,00    0,00  100,00    0,00    0,00    0,00    0,00
17:08:37       9    0,00    0,00    0,00    0,00    0,00  100,00    0,00    0,00    0,00    0,00
17:08:37      10    0,00    0,00    0,00    0,00    0,00    0,00    0,00    0,00    0,00  100,00
17:08:37      11    0,00    0,00    0,00    0,00    0,00    0,00    0,00    0,00    0,00  100,00
17:08:37      12    0,00    0,00    0,00    0,00    0,00    0,00    0,00    0,00    0,00  100,00
17:08:37      13    0,00    0,00    0,00    0,00    0,00  100,00    0,00    0,00    0,00    0,00
17:08:37      14    1,00    0,00    0,00    0,00    0,00    0,00    0,00    0,00    0,00   99,00
17:08:37      15    0,00    0,00    0,00    0,00    0,00    0,00    0,00    0,00    0,00  100,00
17:08:37      16    0,00    0,00    0,00    0,00    0,00    0,00    0,00    0,00    0,00  100,00
17:08:37      17    0,00    0,00    0,00    0,00    0,00    0,00    0,00    0,00    0,00  100,00
17:08:37      18    0,00    0,00    0,00    0,00    0,00  100,00    0,00    0,00    0,00    0,00
17:08:37      19    0,00    0,00    0,00    0,00    0,00  100,00    0,00    0,00    0,00    0,00
17:08:37      20    0,00    0,00    0,00    0,00    0,00    0,00    0,00    0,00    0,00  100,00
17:08:37      21    0,00    0,00    0,00    0,00    0,00    0,00    0,00    0,00    0,00  100,00
17:08:37      22    0,00    0,00    0,00    0,00    0,00  100,00    0,00    0,00    0,00    0,00
17:08:37      23    0,00    0,00    0,00    0,00    0,00  100,00    0,00    0,00    0,00    0,00

17:08:37     CPU    %usr   %nice    %sys %iowait    %irq   %soft  %steal  %guest  %gnice   %idle
17:08:38     all    0,08    0,00    0,00    0,00    0,00   37,49    0,00    0,00    0,00   62,43
17:08:38       0    0,00    0,00    0,00    0,00    0,00    0,00    0,00    0,00    0,00  100,00
17:08:38       1    0,00    0,00    0,00    0,00    0,00    0,00    0,00    0,00    0,00  100,00
17:08:38       2    0,00    0,00    0,00    0,00    0,00    0,00    0,00    0,00    0,00  100,00
17:08:38       3    0,00    0,00    0,00    0,00    0,00  100,00    0,00    0,00    0,00    0,00
17:08:38       4    0,00    0,00    0,00    0,00    0,00  100,00    0,00    0,00    0,00    0,00
17:08:38       5    0,00    0,00    0,00    0,00    0,00    0,00    0,00    0,00    0,00  100,00
17:08:38       6    0,00    0,00    0,00    0,00    0,00    0,00    0,00    0,00    0,00  100,00
17:08:38       7    0,00    0,00    0,00    0,00    0,00    0,00    0,00    0,00    0,00  100,00
17:08:38       8    1,00    0,00    0,00    0,00    0,00   99,00    0,00    0,00    0,00    0,00
17:08:38       9    0,00    0,00    0,00    0,00    0,00  100,00    0,00    0,00    0,00    0,00
17:08:38      10    0,00    0,00    0,00    0,00    0,00    0,00    0,00    0,00    0,00  100,00
17:08:38      11    0,00    0,00    0,00    0,00    0,00    0,00    0,00    0,00    0,00  100,00
17:08:38      12    0,00    0,00    0,00    0,00    0,00    0,00    0,00    0,00    0,00  100,00
17:08:38      13    0,00    0,00    0,00    0,00    0,00  100,00    0,00    0,00    0,00    0,00
17:08:38      14    0,00    0,00    0,00    0,00    0,00    0,00    0,00    0,00    0,00  100,00
17:08:38      15    0,00    0,00    0,00    0,00    0,00    0,00    0,00    0,00    0,00  100,00
17:08:38      16    0,99    0,00    0,00    0,00    0,00    0,00    0,00    0,00    0,00   99,01
17:08:38      17    0,00    0,00    0,00    0,00    0,00    0,00    0,00    0,00    0,00  100,00
17:08:38      18    0,00    0,00    0,00    0,00    0,00  100,00    0,00    0,00    0,00    0,00
17:08:38      19    0,00    0,00    0,00    0,00    0,00  100,00    0,00    0,00    0,00    0,00
17:08:38      20    0,00    0,00    0,00    0,00    0,00    0,00    0,00    0,00    0,00  100,00
17:08:38      21    0,00    0,00    0,00    0,00    0,00    0,00    0,00    0,00    0,00  100,00
17:08:38      22    0,00    0,00    0,00    0,00    0,00  100,00    0,00    0,00    0,00    0,00
17:08:38      23    0,00    0,00    0,00    0,00    0,00  100,00    0,00    0,00    0,00    0,00
