Linux 6.8.0-110-generic (testbed-node6) 	28/04/26 	_x86_64_	(24 CPU)

13:29:48     CPU    %usr   %nice    %sys %iowait    %irq   %soft  %steal  %guest  %gnice   %idle
13:29:49     all    0,58    0,00    0,17    0,04    0,00   13,95    0,00    0,00    0,00   85,26
13:29:49       0    1,00    0,00    0,00    0,00    0,00    0,00    0,00    0,00    0,00   99,00
13:29:49       1    0,00    0,00    0,00    0,00    0,00    0,00    0,00    0,00    0,00  100,00
13:29:49       2    0,00    0,00    0,00    0,00    0,00   50,52    0,00    0,00    0,00   49,48
13:29:49       3    0,00    0,00    0,00    0,00    0,00    0,00    0,00    0,00    0,00  100,00
13:29:49       4    0,00    0,00    0,00    0,00    0,00   47,37    0,00    0,00    0,00   52,63
13:29:49       5    1,00    0,00    0,00    0,00    0,00    0,00    0,00    0,00    0,00   99,00
13:29:49       6    0,00    0,00    0,00    0,00    0,00    0,00    0,00    0,00    0,00  100,00
13:29:49       7    0,00    0,00    0,00    0,00    0,00    0,00    0,00    0,00    0,00  100,00
13:29:49       8    9,00    0,00    1,00    0,00    0,00    0,00    0,00    0,00    0,00   90,00
13:29:49       9    0,00    0,00    0,00    0,00    0,00   43,88    0,00    0,00    0,00   56,12
13:29:49      10    0,99    0,00    0,00    0,00    0,00    0,00    0,00    0,00    0,00   99,01
13:29:49      11    0,00    0,00    0,00    0,00    0,00    0,00    0,00    0,00    0,00  100,00
13:29:49      12    0,00    0,00    0,00    0,00    0,00    0,00    0,00    0,00    0,00  100,00
13:29:49      13    0,00    0,00    0,00    0,00    0,00    0,00    0,00    0,00    0,00  100,00
13:29:49      14    1,00    0,00    0,00    0,00    0,00    0,00    0,00    0,00    0,00   99,00
13:29:49      15    0,00    0,00    0,00    0,00    0,00    0,00    0,00    0,00    0,00  100,00
13:29:49      16    0,00    0,00    1,00    0,00    0,00    0,00    0,00    0,00    0,00   99,00
13:29:49      17    0,00    0,00    1,00    0,00    0,00    0,00    0,00    0,00    0,00   99,00
13:29:49      18    0,00    0,00    0,00    0,00    0,00    0,00    0,00    0,00    0,00  100,00
13:29:49      19    0,98    0,00    0,98    0,00    0,00   59,80    0,00    0,00    0,00   38,24
13:29:49      20    0,00    0,00    0,00    1,00    0,00    0,00    0,00    0,00    0,00   99,00
13:29:49      21    0,00    0,00    0,00    0,00    0,00    0,00    0,00    0,00    0,00  100,00
13:29:49      22    0,00    0,00    0,00    0,00    0,00   75,96    0,00    0,00    0,00   24,04
13:29:49      23    0,00    0,00    0,00    0,00    0,00   57,00    0,00    0,00    0,00   43,00

13:29:49     CPU    %usr   %nice    %sys %iowait    %irq   %soft  %steal  %guest  %gnice   %idle
13:29:50     all    0,00    0,00    0,00    0,00    0,00   13,44    0,00    0,00    0,00   86,56
13:29:50       0    0,00    0,00    0,00    0,00    0,00    0,00    0,00    0,00    0,00  100,00
13:29:50       1    0,00    0,00    0,00    0,00    0,00    0,00    0,00    0,00    0,00  100,00
13:29:50       2    0,00    0,00    0,00    0,00    0,00   48,39    0,00    0,00    0,00   51,61
13:29:50       3    0,00    0,00    0,00    0,00    0,00    0,00    0,00    0,00    0,00  100,00
13:29:50       4    0,00    0,00    0,00    0,00    0,00   44,57    0,00    0,00    0,00   55,43
13:29:50       5    0,00    0,00    0,00    0,00    0,00    0,00    0,00    0,00    0,00  100,00
13:29:50       6    0,00    0,00    0,00    0,00    0,00    0,00    0,00    0,00    0,00  100,00
13:29:50       7    0,00    0,00    0,00    0,00    0,00    0,00    0,00    0,00    0,00  100,00
13:29:50       8    0,00    0,00    0,00    0,00    0,00    0,00    0,00    0,00    0,00  100,00
13:29:50       9    0,00    0,00    0,00    0,00    0,00   40,43    0,00    0,00    0,00   59,57
13:29:50      10    0,00    0,00    0,00    0,00    0,00    0,00    0,00    0,00    0,00  100,00
13:29:50      11    0,00    0,00    0,00    0,00    0,00    0,00    0,00    0,00    0,00  100,00
13:29:50      12    0,00    0,00    0,00    0,00    0,00    0,00    0,00    0,00    0,00  100,00
13:29:50      13    0,00    0,00    0,00    0,00    0,00    0,00    0,00    0,00    0,00  100,00
13:29:50      14    0,00    0,00    0,00    0,00    0,00    0,00    0,00    0,00    0,00  100,00
13:29:50      15    0,00    0,00    0,00    0,00    0,00    0,00    0,00    0,00    0,00  100,00
13:29:50      16    0,00    0,00    0,00    0,00    0,00    0,00    0,00    0,00    0,00  100,00
13:29:50      17    0,00    0,00    0,00    0,00    0,00    0,00    0,00    0,00    0,00  100,00
13:29:50      18    0,00    0,00    0,00    0,00    0,00    0,00    0,00    0,00    0,00  100,00
13:29:50      19    0,00    0,00    0,00    0,00    0,00   61,00    0,00    0,00    0,00   39,00
13:29:50      20    0,00    0,00    0,00    0,00    0,00    0,00    0,00    0,00    0,00  100,00
13:29:50      21    0,00    0,00    0,00    0,00    0,00    0,00    0,00    0,00    0,00  100,00
13:29:50      22    0,00    0,00    0,00    0,00    0,00   75,00    0,00    0,00    0,00   25,00
13:29:50      23    0,00    0,00    0,00    0,00    0,00   56,44    0,00    0,00    0,00   43,56

13:29:50     CPU    %usr   %nice    %sys %iowait    %irq   %soft  %steal  %guest  %gnice   %idle
13:29:51     all    1,22    0,00    0,63    0,00    0,00   14,00    0,00    0,00    0,00   84,16
13:29:51       0    0,00    0,00    1,01    0,00    0,00    0,00    0,00    0,00    0,00   98,99
13:29:51       1    0,00    0,00    0,00    0,00    0,00    0,00    0,00    0,00    0,00  100,00
13:29:51       2    0,00    0,00    0,00    0,00    0,00   51,58    0,00    0,00    0,00   48,42
13:29:51       3    0,00    0,00    0,00    0,00    0,00    0,00    0,00    0,00    0,00  100,00
13:29:51       4    0,00    0,00    0,00    0,00    0,00   48,45    0,00    0,00    0,00   51,55
13:29:51       5    0,00    0,00    0,00    0,00    0,00    0,00    0,00    0,00    0,00  100,00
13:29:51       6    0,00    0,00    0,00    0,00    0,00    0,00    0,00    0,00    0,00  100,00
13:29:51       7    0,00    0,00    0,00    0,00    0,00    0,00    0,00    0,00    0,00  100,00
13:29:51       8    1,98    0,00    0,99    0,00    0,00    0,00    0,00    0,00    0,00   97,03
13:29:51       9    0,00    0,00    0,00    0,00    0,00   42,11    0,00    0,00    0,00   57,89
13:29:51      10    0,00    0,00    0,00    0,00    0,00    0,00    0,00    0,00    0,00  100,00
13:29:51      11    0,00    0,00    0,00    0,00    0,00    0,00    0,00    0,00    0,00  100,00
13:29:51      12    0,00    0,00    0,00    0,00    0,00    0,00    0,00    0,00    0,00  100,00
13:29:51      13    0,00    0,00    0,00    0,00    0,00    0,00    0,00    0,00    0,00  100,00
13:29:51      14    9,00    0,00    3,00    0,00    0,00    0,00    0,00    0,00    0,00   88,00
13:29:51      15    0,00    0,00    0,00    0,00    0,00    0,00    0,00    0,00    0,00  100,00
13:29:51      16    4,04    0,00    2,02    0,00    0,00    0,00    0,00    0,00    0,00   93,94
13:29:51      17    2,02    0,00    1,01    0,00    0,00    1,01    0,00    0,00    0,00   95,96
13:29:51      18    2,00    0,00    1,00    0,00    0,00    0,00    0,00    0,00    0,00   97,00
13:29:51      19    4,95    0,00    1,98    0,00    0,00   61,39    0,00    0,00    0,00   31,68
13:29:51      20    3,00    0,00    2,00    0,00    0,00    0,00    0,00    0,00    0,00   95,00
13:29:51      21    1,00    0,00    1,00    0,00    0,00    0,00    0,00    0,00    0,00   98,00
13:29:51      22    0,00    0,00    0,00    0,00    0,00   76,70    0,00    0,00    0,00   23,30
13:29:51      23    1,01    0,00    1,01    0,00    0,00   56,57    0,00    0,00    0,00   41,41

13:29:51     CPU    %usr   %nice    %sys %iowait    %irq   %soft  %steal  %guest  %gnice   %idle
13:29:52     all    0,04    0,00    0,04    0,08    0,00   13,56    0,00    0,00    0,00   86,27
13:29:52       0    0,00    0,00    0,00    0,00    0,00    0,00    0,00    0,00    0,00  100,00
13:29:52       1    0,00    0,00    0,00    0,00    0,00    0,00    0,00    0,00    0,00  100,00
13:29:52       2    0,00    0,00    0,00    0,00    0,00   51,02    0,00    0,00    0,00   48,98
13:29:52       3    0,00    0,00    0,00    0,00    0,00    0,00    0,00    0,00    0,00  100,00
13:29:52       4    0,00    0,00    0,00    0,00    0,00   44,57    0,00    0,00    0,00   55,43
13:29:52       5    0,00    0,00    0,00    0,00    0,00    0,00    0,00    0,00    0,00  100,00
13:29:52       6    0,00    0,00    0,00    0,00    0,00    0,00    0,00    0,00    0,00  100,00
13:29:52       7    0,00    0,00    0,00    0,00    0,00    0,00    0,00    0,00    0,00  100,00
13:29:52       8    0,00    0,00    0,00    0,00    0,00    0,00    0,00    0,00    0,00  100,00
13:29:52       9    0,00    0,00    0,00    0,00    0,00   41,24    0,00    0,00    0,00   58,76
13:29:52      10    1,00    0,00    0,00    0,00    0,00    0,00    0,00    0,00    0,00   99,00
13:29:52      11    0,00    0,00    0,00    0,00    0,00    0,00    0,00    0,00    0,00  100,00
13:29:52      12    0,00    0,00    0,00    0,00    0,00    0,00    0,00    0,00    0,00  100,00
13:29:52      13    0,00    0,00    0,00    1,98    0,00    0,00    0,00    0,00    0,00   98,02
13:29:52      14    0,00    0,00    0,00    0,00    0,00    0,00    0,00    0,00    0,00  100,00
13:29:52      15    0,00    0,00    0,00    0,00    0,00    0,00    0,00    0,00    0,00  100,00
13:29:52      16    0,00    0,00    0,00    0,00    0,00    0,00    0,00    0,00    0,00  100,00
13:29:52      17    0,00    0,00    0,00    0,00    0,00    0,00    0,00    0,00    0,00  100,00
13:29:52      18    0,00    0,00    0,00    0,00    0,00    0,00    0,00    0,00    0,00  100,00
13:29:52      19    0,00    0,00    0,00    0,00    0,00   59,41    0,00    0,00    0,00   40,59
13:29:52      20    0,00    0,00    0,00    0,00    0,00    0,00    0,00    0,00    0,00  100,00
13:29:52      21    0,00    0,00    0,00    0,00    0,00    0,00    0,00    0,00    0,00  100,00
13:29:52      22    0,00    0,00    0,97    0,00    0,00   73,79    0,00    0,00    0,00   25,24
13:29:52      23    0,00    0,00    0,00    0,00    0,00   57,00    0,00    0,00    0,00   43,00

13:29:52     CPU    %usr   %nice    %sys %iowait    %irq   %soft  %steal  %guest  %gnice   %idle
13:29:53     all    0,04    0,00    0,00    0,00    0,00   13,03    0,00    0,00    0,00   86,93
13:29:53       0    0,00    0,00    0,00    0,00    0,00    0,00    0,00    0,00    0,00  100,00
13:29:53       1    0,00    0,00    0,00    0,00    0,00    0,00    0,00    0,00    0,00  100,00
13:29:53       2    0,00    0,00    0,00    0,00    0,00   48,39    0,00    0,00    0,00   51,61
13:29:53       3    0,00    0,00    0,00    0,00    0,00    0,00    0,00    0,00    0,00  100,00
13:29:53       4    0,00    0,00    0,00    0,00    0,00   42,70    0,00    0,00    0,00   57,30
13:29:53       5    0,00    0,00    0,00    0,00    0,00    0,00    0,00    0,00    0,00  100,00
13:29:53       6    0,00    0,00    0,00    0,00    0,00    0,00    0,00    0,00    0,00  100,00
13:29:53       7    0,00    0,00    0,00    0,00    0,00    0,00    0,00    0,00    0,00  100,00
13:29:53       8    0,00    0,00    0,00    0,00    0,00    0,00    0,00    0,00    0,00  100,00
13:29:53       9    0,00    0,00    0,00    0,00    0,00   40,86    0,00    0,00    0,00   59,14
13:29:53      10    0,00    0,00    0,00    0,00    0,00    0,00    0,00    0,00    0,00  100,00
13:29:53      11    0,00    0,00    0,00    0,00    0,00    0,00    0,00    0,00    0,00  100,00
13:29:53      12    0,99    0,00    0,00    0,00    0,00    0,00    0,00    0,00    0,00   99,01
13:29:53      13    0,00    0,00    0,00    0,00    0,00    0,00    0,00    0,00    0,00  100,00
13:29:53      14    0,00    0,00    0,00    0,00    0,00    0,00    0,00    0,00    0,00  100,00
13:29:53      15    0,00    0,00    0,00    0,00    0,00    0,00    0,00    0,00    0,00  100,00
13:29:53      16    0,00    0,00    0,00    0,00    0,00    0,00    0,00    0,00    0,00  100,00
13:29:53      17    0,00    0,00    0,00    0,00    0,00    0,00    0,00    0,00    0,00  100,00
13:29:53      18    0,00    0,00    0,00    0,00    0,00    0,00    0,00    0,00    0,00  100,00
13:29:53      19    0,00    0,00    0,00    0,00    0,00   58,33    0,00    0,00    0,00   41,67
13:29:53      20    0,00    0,00    0,00    0,00    0,00    0,00    0,00    0,00    0,00  100,00
13:29:53      21    0,00    0,00    0,00    0,00    0,00    0,00    0,00    0,00    0,00  100,00
13:29:53      22    0,00    0,00    0,00    0,00    0,00   75,25    0,00    0,00    0,00   24,75
13:29:53      23    0,00    0,00    0,00    0,00    0,00   56,00    0,00    0,00    0,00   44,00

13:29:53     CPU    %usr   %nice    %sys %iowait    %irq   %soft  %steal  %guest  %gnice   %idle
13:29:54     all    0,04    0,00    0,04    0,00    0,00   13,39    0,00    0,00    0,00   86,52
13:29:54       0    0,00    0,00    0,00    0,00    0,00    0,00    0,00    0,00    0,00  100,00
13:29:54       1    0,00    0,00    0,00    0,00    0,00    0,00    0,00    0,00    0,00  100,00
13:29:54       2    0,00    0,00    0,00    0,00    0,00   49,47    0,00    0,00    0,00   50,53
13:29:54       3    0,00    0,00    0,00    0,00    0,00    0,00    0,00    0,00    0,00  100,00
13:29:54       4    0,00    0,00    0,00    0,00    0,00   43,82    0,00    0,00    0,00   56,18
13:29:54       5    0,00    0,00    0,00    0,00    0,00    0,00    0,00    0,00    0,00  100,00
13:29:54       6    0,00    0,00    0,00    0,00    0,00    0,00    0,00    0,00    0,00  100,00
13:29:54       7    0,00    0,00    0,99    0,00    0,00    0,00    0,00    0,00    0,00   99,01
13:29:54       8    0,00    0,00    0,00    0,00    0,00    0,00    0,00    0,00    0,00  100,00
13:29:54       9    0,00    0,00    0,00    0,00    0,00   40,22    0,00    0,00    0,00   59,78
13:29:54      10    0,00    0,00    0,00    0,00    0,00    0,00    0,00    0,00    0,00  100,00
13:29:54      11    0,00    0,00    0,00    0,00    0,00    0,00    0,00    0,00    0,00  100,00
13:29:54      12    0,00    0,00    0,00    0,00    0,00    0,00    0,00    0,00    0,00  100,00
13:29:54      13    0,00    0,00    0,00    0,00    0,00    0,00    0,00    0,00    0,00  100,00
13:29:54      14    0,00    0,00    0,00    0,00    0,00    0,00    0,00    0,00    0,00  100,00
13:29:54      15    0,00    0,00    0,00    0,00    0,00    0,00    0,00    0,00    0,00  100,00
13:29:54      16    0,00    0,00    0,00    0,00    0,00    0,00    0,00    0,00    0,00  100,00
13:29:54      17    1,00    0,00    0,00    0,00    0,00    0,00    0,00    0,00    0,00   99,00
13:29:54      18    0,00    0,00    0,00    0,00    0,00    0,00    0,00    0,00    0,00  100,00
13:29:54      19    0,00    0,00    0,00    0,00    0,00   60,00    0,00    0,00    0,00   40,00
13:29:54      20    0,00    0,00    0,00    0,00    0,00    0,00    0,00    0,00    0,00  100,00
13:29:54      21    0,00    0,00    0,00    0,00    0,00    0,00    0,00    0,00    0,00  100,00
13:29:54      22    0,00    0,00    0,00    0,00    0,00   75,00    0,00    0,00    0,00   25,00
13:29:54      23    0,00    0,00    0,00    0,00    0,00   56,31    0,00    0,00    0,00   43,69

13:29:54     CPU    %usr   %nice    %sys %iowait    %irq   %soft  %steal  %guest  %gnice   %idle
13:29:55     all    0,08    0,00    0,21    0,00    0,00   13,43    0,00    0,00    0,00   86,28
13:29:55       0    0,00    0,00    0,00    0,00    0,00    0,00    0,00    0,00    0,00  100,00
13:29:55       1    0,00    0,00    0,00    0,00    0,00    0,00    0,00    0,00    0,00  100,00
13:29:55       2    0,00    0,00    0,00    0,00    0,00   48,39    0,00    0,00    0,00   51,61
13:29:55       3    0,00    0,00    0,00    0,00    0,00    0,00    0,00    0,00    0,00  100,00
13:29:55       4    0,00    0,00    0,00    0,00    0,00   44,09    0,00    0,00    0,00   55,91
13:29:55       5    0,00    0,00    0,00    0,00    0,00    0,00    0,00    0,00    0,00  100,00
13:29:55       6    0,00    0,00    0,00    0,00    0,00    0,00    0,00    0,00    0,00  100,00
13:29:55       7    0,00    0,00    0,00    0,00    0,00    0,00    0,00    0,00    0,00  100,00
13:29:55       8    0,00    0,00    0,00    0,00    0,00    0,00    0,00    0,00    0,00  100,00
13:29:55       9    0,00    0,00    0,00    0,00    0,00   41,05    0,00    0,00    0,00   58,95
13:29:55      10    0,00    0,00    0,00    0,00    0,00    0,00    0,00    0,00    0,00  100,00
13:29:55      11    0,00    0,00    0,00    0,00    0,00    0,00    0,00    0,00    0,00  100,00
13:29:55      12    0,00    0,00    0,00    0,00    0,00    0,00    0,00    0,00    0,00  100,00
13:29:55      13    0,00    0,00    0,00    0,00    0,00    0,00    0,00    0,00    0,00  100,00
13:29:55      14    0,00    0,00    0,00    0,00    0,00    0,00    0,00    0,00    0,00  100,00
13:29:55      15    0,00    0,00    0,00    0,00    0,00    0,00    0,00    0,00    0,00  100,00
13:29:55      16    0,00    0,00    1,01    0,00    0,00    0,00    0,00    0,00    0,00   98,99
13:29:55      17    0,00    0,00    1,00    0,00    0,00    0,00    0,00    0,00    0,00   99,00
13:29:55      18    0,99    0,00    0,99    0,00    0,00    0,00    0,00    0,00    0,00   98,02
13:29:55      19    0,00    0,00    0,00    0,00    0,00   61,76    0,00    0,00    0,00   38,24
13:29:55      20    0,00    0,00    0,00    0,00    0,00    0,00    0,00    0,00    0,00  100,00
13:29:55      21    0,00    0,00    0,00    0,00    0,00    0,00    0,00    0,00    0,00  100,00
13:29:55      22    0,00    0,00    0,00    0,00    0,00   74,76    0,00    0,00    0,00   25,24
13:29:55      23    1,00    0,00    2,00    0,00    0,00   55,00    0,00    0,00    0,00   42,00

13:29:55     CPU    %usr   %nice    %sys %iowait    %irq   %soft  %steal  %guest  %gnice   %idle
13:29:56     all    0,04    0,00    0,04    0,00    0,00   13,25    0,00    0,00    0,00   86,67
13:29:56       0    0,00    0,00    0,00    0,00    0,00    0,00    0,00    0,00    0,00  100,00
13:29:56       1    0,00    0,00    0,00    0,00    0,00    0,00    0,00    0,00    0,00  100,00
13:29:56       2    0,00    0,00    0,00    0,00    0,00   51,04    0,00    0,00    0,00   48,96
13:29:56       3    0,00    0,00    0,00    0,00    0,00    0,00    0,00    0,00    0,00  100,00
13:29:56       4    0,00    0,00    0,00    0,00    0,00   41,86    0,00    0,00    0,00   58,14
13:29:56       5    0,00    0,00    0,00    0,00    0,00    0,00    0,00    0,00    0,00  100,00
13:29:56       6    0,00    0,00    0,00    0,00    0,00    0,00    0,00    0,00    0,00  100,00
13:29:56       7    0,00    0,00    0,00    0,00    0,00    0,00    0,00    0,00    0,00  100,00
13:29:56       8    0,00    0,00    0,00    0,00    0,00    0,00    0,00    0,00    0,00  100,00
13:29:56       9    0,00    0,00    0,00    0,00    0,00   38,89    0,00    0,00    0,00   61,11
13:29:56      10    0,00    0,00    0,00    0,00    0,00    0,00    0,00    0,00    0,00  100,00
13:29:56      11    0,00    0,00    0,00    0,00    0,00    0,00    0,00    0,00    0,00  100,00
13:29:56      12    0,00    0,00    0,00    0,00    0,00    0,00    0,00    0,00    0,00  100,00
13:29:56      13    0,00    0,00    0,00    0,00    0,00    0,00    0,00    0,00    0,00  100,00
13:29:56      14    0,00    0,00    0,00    0,00    0,00    0,00    0,00    0,00    0,00  100,00
13:29:56      15    0,00    0,00    0,00    0,00    0,00    0,00    0,00    0,00    0,00  100,00
13:29:56      16    1,00    0,00    0,00    0,00    0,00    0,00    0,00    0,00    0,00   99,00
13:29:56      17    0,00    0,00    0,00    0,00    0,00    0,00    0,00    0,00    0,00  100,00
13:29:56      18    0,00    0,00    0,00    0,00    0,00    0,00    0,00    0,00    0,00  100,00
13:29:56      19    0,00    0,00    0,99    0,00    0,00   60,40    0,00    0,00    0,00   38,61
13:29:56      20    0,00    0,00    0,00    0,00    0,00    0,00    0,00    0,00    0,00  100,00
13:29:56      21    0,00    0,00    0,00    0,00    0,00    0,00    0,00    0,00    0,00  100,00
13:29:56      22    0,00    0,00    0,00    0,00    0,00   75,96    0,00    0,00    0,00   24,04
13:29:56      23    0,00    0,00    0,00    0,00    0,00   56,25    0,00    0,00    0,00   43,75

13:29:56     CPU    %usr   %nice    %sys %iowait    %irq   %soft  %steal  %guest  %gnice   %idle
13:29:57     all    0,13    0,00    0,08    0,08    0,00   13,31    0,00    0,00    0,00   86,40
13:29:57       0    0,00    0,00    0,00    0,00    0,00    0,00    0,00    0,00    0,00  100,00
13:29:57       1    0,00    0,00    0,00    0,00    0,00    0,00    0,00    0,00    0,00  100,00
13:29:57       2    0,00    0,00    0,00    0,00    0,00   47,25    0,00    0,00    0,00   52,75
13:29:57       3    0,00    0,00    0,00    0,00    0,00    0,00    0,00    0,00    0,00  100,00
13:29:57       4    0,00    0,00    0,00    0,00    0,00   43,33    0,00    0,00    0,00   56,67
13:29:57       5    0,00    0,00    0,00    0,00    0,00    0,00    0,00    0,00    0,00  100,00
13:29:57       6    0,00    0,00    0,00    0,00    0,00    0,00    0,00    0,00    0,00  100,00
13:29:57       7    0,00    0,00    0,00    0,00    0,00    0,00    0,00    0,00    0,00  100,00
13:29:57       8    0,99    0,00    0,00    0,00    0,00    0,00    0,00    0,00    0,00   99,01
13:29:57       9    0,00    0,00    0,00    0,00    0,00   45,00    0,00    0,00    0,00   55,00
13:29:57      10    0,98    0,00    0,98    0,98    0,00    0,00    0,00    0,00    0,00   97,06
13:29:57      11    0,00    0,00    0,00    0,00    0,00    0,00    0,00    0,00    0,00  100,00
13:29:57      12    0,00    0,00    0,00    0,00    0,00    0,00    0,00    0,00    0,00  100,00
13:29:57      13    0,00    0,00    0,00    1,01    0,00    0,00    0,00    0,00    0,00   98,99
13:29:57      14    0,00    0,00    0,00    0,00    0,00    0,00    0,00    0,00    0,00  100,00
13:29:57      15    0,00    0,00    0,00    0,00    0,00    0,00    0,00    0,00    0,00  100,00
13:29:57      16    0,00    0,00    0,00    0,00    0,00    0,00    0,00    0,00    0,00  100,00
13:29:57      17    0,00    0,00    0,00    0,00    0,00    0,00    0,00    0,00    0,00  100,00
13:29:57      18    0,00    0,00    0,00    0,00    0,00    0,00    0,00    0,00    0,00  100,00
13:29:57      19    0,00    0,00    0,00    0,00    0,00   61,17    0,00    0,00    0,00   38,83
13:29:57      20    0,00    0,00    0,00    0,00    0,00    0,00    0,00    0,00    0,00  100,00
13:29:57      21    1,00    0,00    0,00    0,00    0,00    0,00    0,00    0,00    0,00   99,00
13:29:57      22    0,00    0,00    0,00    0,00    0,00   73,53    0,00    0,00    0,00   26,47
13:29:57      23    0,00    0,00    1,04    0,00    0,00   54,17    0,00    0,00    0,00   44,79

13:29:57     CPU    %usr   %nice    %sys %iowait    %irq   %soft  %steal  %guest  %gnice   %idle
13:29:58     all    0,08    0,00    0,00    0,00    0,00   13,66    0,00    0,00    0,00   86,25
13:29:58       0    0,00    0,00    0,00    0,00    0,00    0,00    0,00    0,00    0,00  100,00
13:29:58       1    0,00    0,00    0,00    0,00    0,00    0,00    0,00    0,00    0,00  100,00
13:29:58       2    0,00    0,00    0,00    0,00    0,00   51,02    0,00    0,00    0,00   48,98
13:29:58       3    0,00    0,00    0,00    0,00    0,00    0,00    0,00    0,00    0,00  100,00
13:29:58       4    0,00    0,00    0,00    0,00    0,00   45,05    0,00    0,00    0,00   54,95
13:29:58       5    0,00    0,00    0,00    0,00    0,00    0,00    0,00    0,00    0,00  100,00
13:29:58       6    0,00    0,00    0,00    0,00    0,00    0,00    0,00    0,00    0,00  100,00
13:29:58       7    0,00    0,00    0,00    0,00    0,00    0,00    0,00    0,00    0,00  100,00
13:29:58       8    0,00    0,00    0,00    0,00    0,00    0,00    0,00    0,00    0,00  100,00
13:29:58       9    0,00    0,00    0,00    0,00    0,00   40,86    0,00    0,00    0,00   59,14
13:29:58      10    0,00    0,00    0,00    0,00    0,00    0,00    0,00    0,00    0,00  100,00
13:29:58      11    0,00    0,00    0,00    0,00    0,00    0,00    0,00    0,00    0,00  100,00
13:29:58      12    0,00    0,00    0,00    0,00    0,00    0,00    0,00    0,00    0,00  100,00
13:29:58      13    0,00    0,00    0,00    0,00    0,00    0,00    0,00    0,00    0,00  100,00
13:29:58      14    0,00    0,00    0,00    0,00    0,00    0,00    0,00    0,00    0,00  100,00
13:29:58      15    0,00    0,00    0,00    0,00    0,00    0,00    0,00    0,00    0,00  100,00
13:29:58      16    0,00    0,00    0,00    0,00    0,00    0,00    0,00    0,00    0,00  100,00
13:29:58      17    0,00    0,00    0,00    0,00    0,00    0,00    0,00    0,00    0,00  100,00
13:29:58      18    0,99    0,00    0,00    0,00    0,00    0,00    0,00    0,00    0,00   99,01
13:29:58      19    0,00    0,00    0,00    0,00    0,00   61,90    0,00    0,00    0,00   38,10
13:29:58      20    0,00    0,00    0,00    0,00    0,00    0,00    0,00    0,00    0,00  100,00
13:29:58      21    1,01    0,00    0,00    0,00    0,00    0,00    0,00    0,00    0,00   98,99
13:29:58      22    0,00    0,00    0,00    0,00    0,00   73,79    0,00    0,00    0,00   26,21
13:29:58      23    0,00    0,00    0,00    0,00    0,00   56,57    0,00    0,00    0,00   43,43

13:29:58     CPU    %usr   %nice    %sys %iowait    %irq   %soft  %steal  %guest  %gnice   %idle
13:29:59     all    0,17    0,00    0,04    0,00    0,00   13,50    0,00    0,00    0,00   86,29
13:29:59       0    0,99    0,00    0,00    0,00    0,00    0,00    0,00    0,00    0,00   99,01
13:29:59       1    0,00    0,00    0,00    0,00    0,00    0,00    0,00    0,00    0,00  100,00
13:29:59       2    0,00    0,00    0,00    0,00    0,00   48,94    0,00    0,00    0,00   51,06
13:29:59       3    0,00    0,00    0,00    0,00    0,00    0,00    0,00    0,00    0,00  100,00
13:29:59       4    0,00    0,00    0,00    0,00    0,00   43,82    0,00    0,00    0,00   56,18
13:29:59       5    0,00    0,00    0,00    0,00    0,00    0,00    0,00    0,00    0,00  100,00
13:29:59       6    0,99    0,00    0,00    0,00    0,00    0,00    0,00    0,00    0,00   99,01
13:29:59       7    0,00    0,00    0,00    0,00    0,00    0,00    0,00    0,00    0,00  100,00
13:29:59       8    1,00    0,00    0,00    0,00    0,00    0,00    0,00    0,00    0,00   99,00
13:29:59       9    0,00    0,00    0,00    0,00    0,00   42,42    0,00    0,00    0,00   57,58
13:29:59      10    1,01    0,00    1,01    0,00    0,00    0,00    0,00    0,00    0,00   97,98
13:29:59      11    0,00    0,00    0,00    0,00    0,00    0,00    0,00    0,00    0,00  100,00
13:29:59      12    0,00    0,00    0,00    0,00    0,00    0,00    0,00    0,00    0,00  100,00
13:29:59      13    0,00    0,00    0,00    0,00    0,00    0,00    0,00    0,00    0,00  100,00
13:29:59      14    0,00    0,00    0,00    0,00    0,00    0,00    0,00    0,00    0,00  100,00
13:29:59      15    0,00    0,00    0,00    0,00    0,00    0,00    0,00    0,00    0,00  100,00
13:29:59      16    0,00    0,00    0,00    0,00    0,00    0,00    0,00    0,00    0,00  100,00
13:29:59      17    0,00    0,00    0,00    0,00    0,00    0,00    0,00    0,00    0,00  100,00
13:29:59      18    0,00    0,00    0,00    0,00    0,00    0,00    0,00    0,00    0,00  100,00
13:29:59      19    0,00    0,00    0,00    0,00    0,00   60,00    0,00    0,00    0,00   40,00
13:29:59      20    0,00    0,00    0,00    0,00    0,00    0,00    0,00    0,00    0,00  100,00
13:29:59      21    0,00    0,00    0,00    0,00    0,00    0,00    0,00    0,00    0,00  100,00
13:29:59      22    0,00    0,00    0,00    0,00    0,00   75,25    0,00    0,00    0,00   24,75
13:29:59      23    0,00    0,00    0,00    0,00    0,00   57,84    0,00    0,00    0,00   42,16

13:29:59     CPU    %usr   %nice    %sys %iowait    %irq   %soft  %steal  %guest  %gnice   %idle
13:30:00     all    0,25    0,00    0,21    0,00    0,00   13,73    0,00    0,00    0,00   85,82
13:30:00       0    0,00    0,00    0,00    0,00    0,00    0,00    0,00    0,00    0,00  100,00
13:30:00       1    0,00    0,00    0,00    0,00    0,00    0,00    0,00    0,00    0,00  100,00
13:30:00       2    0,00    0,00    0,00    0,00    0,00   47,31    0,00    0,00    0,00   52,69
13:30:00       3    0,00    0,00    0,00    0,00    0,00    0,00    0,00    0,00    0,00  100,00
13:30:00       4    0,00    0,00    1,05    0,00    0,00   45,26    0,00    0,00    0,00   53,68
13:30:00       5    0,00    0,00    0,00    0,00    0,00    0,00    0,00    0,00    0,00  100,00
13:30:00       6    0,00    0,00    0,00    0,00    0,00    0,00    0,00    0,00    0,00  100,00
13:30:00       7    0,00    0,00    0,00    0,00    0,00    0,00    0,00    0,00    0,00  100,00
13:30:00       8    1,00    0,00    0,00    0,00    0,00    0,00    0,00    0,00    0,00   99,00
13:30:00       9    0,00    0,00    0,00    0,00    0,00   41,41    0,00    0,00    0,00   58,59
13:30:00      10    0,99    0,00    0,00    0,00    0,00    0,00    0,00    0,00    0,00   99,01
13:30:00      11    0,00    0,00    0,00    0,00    0,00    0,00    0,00    0,00    0,00  100,00
13:30:00      12    0,00    0,00    0,00    0,00    0,00    0,00    0,00    0,00    0,00  100,00
13:30:00      13    0,00    0,00    0,00    0,00    0,00    0,00    0,00    0,00    0,00  100,00
13:30:00      14    0,99    0,00    0,00    0,00    0,00    0,00    0,00    0,00    0,00   99,01
13:30:00      15    0,00    0,00    0,00    0,00    0,00    0,00    0,00    0,00    0,00  100,00
13:30:00      16    0,00    0,00    0,00    0,00    0,00    0,00    0,00    0,00    0,00  100,00
13:30:00      17    0,99    0,00    0,99    0,00    0,00    0,00    0,00    0,00    0,00   98,02
13:30:00      18    1,00    0,00    2,00    0,00    0,00    0,00    0,00    0,00    0,00   97,00
13:30:00      19    0,98    0,00    0,00    0,00    0,00   59,80    0,00    0,00    0,00   39,22
13:30:00      20    0,00    0,00    0,00    0,00    0,00    0,00    0,00    0,00    0,00  100,00
13:30:00      21    0,00    0,00    0,99    0,00    0,00    0,00    0,00    0,00    0,00   99,01
13:30:00      22    0,00    0,00    0,00    0,00    0,00   75,96    0,00    0,00    0,00   24,04
13:30:00      23    0,00    0,00    0,00    0,00    0,00   58,65    0,00    0,00    0,00   41,35

13:30:00     CPU    %usr   %nice    %sys %iowait    %irq   %soft  %steal  %guest  %gnice   %idle
13:30:01     all    0,34    0,00    0,29    0,00    0,00   13,49    0,00    0,00    0,00   85,88
13:30:01       0    0,00    0,00    0,00    0,00    0,00    0,00    0,00    0,00    0,00  100,00
13:30:01       1    0,00    0,00    0,00    0,00    0,00    0,00    0,00    0,00    0,00  100,00
13:30:01       2    0,00    0,00    1,06    0,00    0,00   48,94    0,00    0,00    0,00   50,00
13:30:01       3    0,00    0,00    0,00    0,00    0,00    0,00    0,00    0,00    0,00  100,00
13:30:01       4    0,00    0,00    0,00    0,00    0,00   45,65    0,00    0,00    0,00   54,35
13:30:01       5    0,00    0,00    0,00    0,00    0,00    0,00    0,00    0,00    0,00  100,00
13:30:01       6    0,00    0,00    0,00    0,00    0,00    0,00    0,00    0,00    0,00  100,00
13:30:01       7    0,00    0,00    0,00    0,00    0,00    0,00    0,00    0,00    0,00  100,00
13:30:01       8    0,00    0,00    0,00    0,00    0,00    0,00    0,00    0,00    0,00  100,00
13:30:01       9    0,00    0,00    0,00    0,00    0,00   41,67    0,00    0,00    0,00   58,33
13:30:01      10    1,01    0,00    0,00    0,00    0,00    0,00    0,00    0,00    0,00   98,99
13:30:01      11    0,00    0,00    0,00    0,00    0,00    0,00    0,00    0,00    0,00  100,00
13:30:01      12    0,99    0,00    0,00    0,00    0,00    0,00    0,00    0,00    0,00   99,01
13:30:01      13    0,00    0,00    0,00    0,00    0,00    0,00    0,00    0,00    0,00  100,00
13:30:01      14    2,00    0,00    0,00    0,00    0,00    0,00    0,00    0,00    0,00   98,00
13:30:01      15    0,98    0,00    0,98    0,00    0,00    0,00    0,00    0,00    0,00   98,04
13:30:01      16    0,99    0,00    0,99    0,00    0,00    0,00    0,00    0,00    0,00   98,02
13:30:01      17    1,01    0,00    0,00    0,00    0,00    0,00    0,00    0,00    0,00   98,99
13:30:01      18    0,99    0,00    0,99    0,00    0,00    0,00    0,00    0,00    0,00   98,02
13:30:01      19    0,00    0,00    0,99    0,00    0,00   61,39    0,00    0,00    0,00   37,62
13:30:01      20    0,00    0,00    0,00    0,00    0,00    0,00    0,00    0,00    0,00  100,00
13:30:01      21    0,00    0,00    0,00    0,00    0,00    0,00    0,00    0,00    0,00  100,00
13:30:01      22    0,00    0,00    0,95    0,00    0,00   74,29    0,00    0,00    0,00   24,76
13:30:01      23    0,00    0,00    1,02    0,00    0,00   55,10    0,00    0,00    0,00   43,88

13:30:01     CPU    %usr   %nice    %sys %iowait    %irq   %soft  %steal  %guest  %gnice   %idle
13:30:02     all    0,04    0,00    0,13    0,13    0,00   13,79    0,00    0,00    0,00   85,92
13:30:02       0    0,00    0,00    0,00    0,00    0,00    0,00    0,00    0,00    0,00  100,00
13:30:02       1    0,00    0,00    0,00    0,00    0,00    0,00    0,00    0,00    0,00  100,00
13:30:02       2    0,00    0,00    0,00    0,00    0,00   48,39    0,00    0,00    0,00   51,61
13:30:02       3    0,00    0,00    0,00    0,00    0,00    0,00    0,00    0,00    0,00  100,00
13:30:02       4    0,00    0,00    0,00    0,00    0,00   46,81    0,00    0,00    0,00   53,19
13:30:02       5    0,00    0,00    0,00    0,00    0,00    0,00    0,00    0,00    0,00  100,00
13:30:02       6    0,00    0,00    0,00    0,00    0,00    0,00    0,00    0,00    0,00  100,00
13:30:02       7    0,00    0,00    0,00    0,00    0,00    0,00    0,00    0,00    0,00  100,00
13:30:02       8    0,00    0,00    0,99    0,00    0,00    0,00    0,00    0,00    0,00   99,01
13:30:02       9    0,00    0,00    0,00    0,00    0,00   39,18    0,00    0,00    0,00   60,82
13:30:02      10    0,00    0,00    0,00    1,00    0,00    0,00    0,00    0,00    0,00   99,00
13:30:02      11    0,00    0,00    0,00    0,00    0,00    0,00    0,00    0,00    0,00  100,00
13:30:02      12    0,00    0,00    0,00    0,00    0,00    0,00    0,00    0,00    0,00  100,00
13:30:02      13    0,00    0,00    0,00    1,98    0,00    0,00    0,00    0,00    0,00   98,02
13:30:02      14    0,00    0,00    0,00    0,00    0,00    0,00    0,00    0,00    0,00  100,00
13:30:02      15    0,00    0,00    0,00    0,00    0,00    0,00    0,00    0,00    0,00  100,00
13:30:02      16    1,01    0,00    1,01    0,00    0,00    0,00    0,00    0,00    0,00   97,98
13:30:02      17    0,00    0,00    1,01    0,00    0,00    0,00    0,00    0,00    0,00   98,99
13:30:02      18    0,00    0,00    0,00    0,00    0,00    0,00    0,00    0,00    0,00  100,00
13:30:02      19    0,00    0,00    0,00    0,00    0,00   62,50    0,00    0,00    0,00   37,50
13:30:02      20    0,00    0,00    0,00    0,00    0,00    0,00    0,00    0,00    0,00  100,00
13:30:02      21    0,00    0,00    0,00    0,00    0,00    0,00    0,00    0,00    0,00  100,00
13:30:02      22    0,00    0,00    0,00    0,00    0,00   75,96    0,00    0,00    0,00   24,04
13:30:02      23    0,00    0,00    0,00    0,00    0,00   57,84    0,00    0,00    0,00   42,16

13:30:02     CPU    %usr   %nice    %sys %iowait    %irq   %soft  %steal  %guest  %gnice   %idle
13:30:03     all    0,00    0,00    0,00    0,00    0,00   13,43    0,00    0,00    0,00   86,57
13:30:03       0    0,00    0,00    0,00    0,00    0,00    0,00    0,00    0,00    0,00  100,00
13:30:03       1    0,00    0,00    0,00    0,00    0,00    0,00    0,00    0,00    0,00  100,00
13:30:03       2    0,00    0,00    0,00    0,00    0,00   48,42    0,00    0,00    0,00   51,58
13:30:03       3    0,00    0,00    0,00    0,00    0,00    0,00    0,00    0,00    0,00  100,00
13:30:03       4    0,00    0,00    0,00    0,00    0,00   44,44    0,00    0,00    0,00   55,56
13:30:03       5    0,00    0,00    0,00    0,00    0,00    0,00    0,00    0,00    0,00  100,00
13:30:03       6    0,00    0,00    0,00    0,00    0,00    0,00    0,00    0,00    0,00  100,00
13:30:03       7    0,00    0,00    0,00    0,00    0,00    0,00    0,00    0,00    0,00  100,00
13:30:03       8    0,00    0,00    0,00    0,00    0,00    0,00    0,00    0,00    0,00  100,00
13:30:03       9    0,00    0,00    0,00    0,00    0,00   39,18    0,00    0,00    0,00   60,82
13:30:03      10    0,00    0,00    0,00    0,00    0,00    0,00    0,00    0,00    0,00  100,00
13:30:03      11    0,00    0,00    0,00    0,00    0,00    0,00    0,00    0,00    0,00  100,00
13:30:03      12    0,00    0,00    0,00    0,00    0,00    0,00    0,00    0,00    0,00  100,00
13:30:03      13    0,00    0,00    0,00    0,00    0,00    0,00    0,00    0,00    0,00  100,00
13:30:03      14    0,00    0,00    0,00    0,00    0,00    0,00    0,00    0,00    0,00  100,00
13:30:03      15    0,00    0,00    0,00    0,00    0,00    0,00    0,00    0,00    0,00  100,00
13:30:03      16    0,00    0,00    0,00    0,00    0,00    0,00    0,00    0,00    0,00  100,00
13:30:03      17    0,00    0,00    0,00    0,00    0,00    0,00    0,00    0,00    0,00  100,00
13:30:03      18    0,00    0,00    0,00    0,00    0,00    0,00    0,00    0,00    0,00  100,00
13:30:03      19    0,00    0,00    0,00    0,00    0,00   61,17    0,00    0,00    0,00   38,83
13:30:03      20    0,00    0,00    0,00    0,00    0,00    0,00    0,00    0,00    0,00  100,00
13:30:03      21    0,00    0,00    0,00    0,00    0,00    0,00    0,00    0,00    0,00  100,00
13:30:03      22    0,00    0,00    0,00    0,00    0,00   75,00    0,00    0,00    0,00   25,00
13:30:03      23    0,00    0,00    0,00    0,00    0,00   56,70    0,00    0,00    0,00   43,30

13:30:03     CPU    %usr   %nice    %sys %iowait    %irq   %soft  %steal  %guest  %gnice   %idle
13:30:04     all    0,04    0,00    0,04    0,00    0,00   13,76    0,00    0,00    0,00   86,16
13:30:04       0    0,00    0,00    0,00    0,00    0,00    0,00    0,00    0,00    0,00  100,00
13:30:04       1    0,00    0,00    0,00    0,00    0,00    0,00    0,00    0,00    0,00  100,00
13:30:04       2    0,00    0,00    0,00    0,00    0,00   50,00    0,00    0,00    0,00   50,00
13:30:04       3    0,00    0,00    0,00    0,00    0,00    0,00    0,00    0,00    0,00  100,00
13:30:04       4    0,00    0,00    0,00    0,00    0,00   46,24    0,00    0,00    0,00   53,76
13:30:04       5    0,00    0,00    0,00    0,00    0,00    0,00    0,00    0,00    0,00  100,00
13:30:04       6    0,00    0,00    0,00    0,00    0,00    0,00    0,00    0,00    0,00  100,00
13:30:04       7    0,00    0,00    0,00    0,00    0,00    0,00    0,00    0,00    0,00  100,00
13:30:04       8    0,00    0,00    0,00    0,00    0,00    0,00    0,00    0,00    0,00  100,00
13:30:04       9    0,00    0,00    0,00    0,00    0,00   41,24    0,00    0,00    0,00   58,76
13:30:04      10    0,00    0,00    0,00    0,00    0,00    0,00    0,00    0,00    0,00  100,00
13:30:04      11    0,00    0,00    0,00    0,00    0,00    0,00    0,00    0,00    0,00  100,00
13:30:04      12    0,00    0,00    0,00    0,00    0,00    0,00    0,00    0,00    0,00  100,00
13:30:04      13    1,00    0,00    0,00    0,00    0,00    0,00    0,00    0,00    0,00   99,00
13:30:04      14    0,00    0,00    0,00    0,00    0,00    0,00    0,00    0,00    0,00  100,00
13:30:04      15    0,00    0,00    0,00    0,00    0,00    0,00    0,00    0,00    0,00  100,00
13:30:04      16    0,00    0,00    0,00    0,00    0,00    0,00    0,00    0,00    0,00  100,00
13:30:04      17    0,00    0,00    0,00    0,00    0,00    0,00    0,00    0,00    0,00  100,00
13:30:04      18    0,00    0,00    0,00    0,00    0,00    0,00    0,00    0,00    0,00  100,00
13:30:04      19    0,00    0,00    0,98    0,00    0,00   58,82    0,00    0,00    0,00   40,20
13:30:04      20    0,00    0,00    0,00    0,00    0,00    0,00    0,00    0,00    0,00  100,00
13:30:04      21    0,00    0,00    0,00    0,00    0,00    0,00    0,00    0,00    0,00  100,00
13:30:04      22    0,00    0,00    0,00    0,00    0,00   76,64    0,00    0,00    0,00   23,36
13:30:04      23    0,00    0,00    0,00    0,00    0,00   56,00    0,00    0,00    0,00   44,00

13:30:04     CPU    %usr   %nice    %sys %iowait    %irq   %soft  %steal  %guest  %gnice   %idle
13:30:05     all    0,08    0,00    0,25    0,00    0,00   13,34    0,00    0,00    0,00   86,33
13:30:05       0    0,00    0,00    0,00    0,00    0,00    0,00    0,00    0,00    0,00  100,00
13:30:05       1    0,00    0,00    0,00    0,00    0,00    0,00    0,00    0,00    0,00  100,00
13:30:05       2    0,00    0,00    0,00    0,00    0,00   50,00    0,00    0,00    0,00   50,00
13:30:05       3    0,00    0,00    0,00    0,00    0,00    0,00    0,00    0,00    0,00  100,00
13:30:05       4    0,00    0,00    0,00    0,00    0,00   42,70    0,00    0,00    0,00   57,30
13:30:05       5    0,00    0,00    0,00    0,00    0,00    0,00    0,00    0,00    0,00  100,00
13:30:05       6    0,00    0,00    0,00    0,00    0,00    0,00    0,00    0,00    0,00  100,00
13:30:05       7    0,00    0,00    0,00    0,00    0,00    0,00    0,00    0,00    0,00  100,00
13:30:05       8    0,00    0,00    0,00    0,00    0,00    0,00    0,00    0,00    0,00  100,00
13:30:05       9    0,00    0,00    0,00    0,00    0,00   38,95    0,00    0,00    0,00   61,05
13:30:05      10    0,00    0,00    0,00    0,00    0,00    0,00    0,00    0,00    0,00  100,00
13:30:05      11    0,00    0,00    0,00    0,00    0,00    0,00    0,00    0,00    0,00  100,00
13:30:05      12    0,00    0,00    0,00    0,00    0,00    0,00    0,00    0,00    0,00  100,00
13:30:05      13    0,00    0,00    0,00    0,00    0,00    0,00    0,00    0,00    0,00  100,00
13:30:05      14    0,00    0,00    0,00    0,00    0,00    0,00    0,00    0,00    0,00  100,00
13:30:05      15    0,00    0,00    0,00    0,00    0,00    0,00    0,00    0,00    0,00  100,00
13:30:05      16    0,00    0,00    1,01    0,00    0,00    0,00    0,00    0,00    0,00   98,99
13:30:05      17    1,00    0,00    1,00    0,00    0,00    0,00    0,00    0,00    0,00   98,00
13:30:05      18    0,99    0,00    0,99    0,00    0,00    0,00    0,00    0,00    0,00   98,02
13:30:05      19    0,00    0,00    1,00    0,00    0,00   59,00    0,00    0,00    0,00   40,00
13:30:05      20    0,00    0,00    0,00    0,00    0,00    0,00    0,00    0,00    0,00  100,00
13:30:05      21    0,00    0,00    0,00    0,00    0,00    0,00    0,00    0,00    0,00  100,00
13:30:05      22    0,00    0,00    0,97    0,00    0,00   75,73    0,00    0,00    0,00   23,30
13:30:05      23    0,00    0,00    0,99    0,00    0,00   56,44    0,00    0,00    0,00   42,57

13:30:05     CPU    %usr   %nice    %sys %iowait    %irq   %soft  %steal  %guest  %gnice   %idle
13:30:06     all    0,04    0,00    0,04    0,00    0,00   13,43    0,00    0,00    0,00   86,49
13:30:06       0    0,00    0,00    0,00    0,00    0,00    0,00    0,00    0,00    0,00  100,00
13:30:06       1    0,00    0,00    0,00    0,00    0,00    0,00    0,00    0,00    0,00  100,00
13:30:06       2    0,00    0,00    0,00    0,00    0,00   47,83    0,00    0,00    0,00   52,17
13:30:06       3    0,00    0,00    0,00    0,00    0,00    0,00    0,00    0,00    0,00  100,00
13:30:06       4    0,00    0,00    0,00    0,00    0,00   45,65    0,00    0,00    0,00   54,35
13:30:06       5    0,00    0,00    0,00    0,00    0,00    0,00    0,00    0,00    0,00  100,00
13:30:06       6    0,00    0,00    0,00    0,00    0,00    0,00    0,00    0,00    0,00  100,00
13:30:06       7    0,00    0,00    0,00    0,00    0,00    0,00    0,00    0,00    0,00  100,00
13:30:06       8    0,00    0,00    0,00    0,00    0,00    0,00    0,00    0,00    0,00  100,00
13:30:06       9    0,00    0,00    0,00    0,00    0,00   40,21    0,00    0,00    0,00   59,79
13:30:06      10    0,00    0,00    0,00    0,00    0,00    0,00    0,00    0,00    0,00  100,00
13:30:06      11    0,00    0,00    0,00    0,00    0,00    0,00    0,00    0,00    0,00  100,00
13:30:06      12    0,00    0,00    0,00    0,00    0,00    0,00    0,00    0,00    0,00  100,00
13:30:06      13    0,00    0,00    0,00    0,00    0,00    0,00    0,00    0,00    0,00  100,00
13:30:06      14    0,00    0,00    0,00    0,00    0,00    0,00    0,00    0,00    0,00  100,00
13:30:06      15    0,00    0,00    0,00    0,00    0,00    0,00    0,00    0,00    0,00  100,00
13:30:06      16    1,00    0,00    0,00    0,00    0,00    0,00    0,00    0,00    0,00   99,00
13:30:06      17    0,00    0,00    0,99    0,00    0,00    0,00    0,00    0,00    0,00   99,01
13:30:06      18    0,00    0,00    0,00    0,00    0,00    0,00    0,00    0,00    0,00  100,00
13:30:06      19    0,00    0,00    0,00    0,00    0,00   60,00    0,00    0,00    0,00   40,00
13:30:06      20    0,00    0,00    0,00    0,00    0,00    0,00    0,00    0,00    0,00  100,00
13:30:06      21    0,00    0,00    0,00    0,00    0,00    0,00    0,00    0,00    0,00  100,00
13:30:06      22    0,00    0,00    0,00    0,00    0,00   73,79    0,00    0,00    0,00   26,21
13:30:06      23    0,00    0,00    0,00    0,00    0,00   58,42    0,00    0,00    0,00   41,58

13:30:06     CPU    %usr   %nice    %sys %iowait    %irq   %soft  %steal  %guest  %gnice   %idle
13:30:07     all    0,08    0,00    0,00    0,08    0,00   13,45    0,00    0,00    0,00   86,38
13:30:07       0    0,00    0,00    0,00    0,00    0,00    0,00    0,00    0,00    0,00  100,00
13:30:07       1    0,00    0,00    0,00    0,00    0,00    0,00    0,00    0,00    0,00  100,00
13:30:07       2    0,00    0,00    0,00    0,00    0,00   49,47    0,00    0,00    0,00   50,53
13:30:07       3    0,00    0,00    0,00    0,00    0,00    0,00    0,00    0,00    0,00  100,00
13:30:07       4    0,00    0,00    0,00    0,00    0,00   43,82    0,00    0,00    0,00   56,18
13:30:07       5    0,00    0,00    0,00    0,00    0,00    0,00    0,00    0,00    0,00  100,00
13:30:07       6    0,00    0,00    0,00    0,00    0,00    0,00    0,00    0,00    0,00  100,00
13:30:07       7    0,00    0,00    0,00    0,00    0,00    0,00    0,00    0,00    0,00  100,00
13:30:07       8    0,00    0,00    0,00    0,00    0,00    0,00    0,00    0,00    0,00  100,00
13:30:07       9    0,00    0,00    0,00    0,00    0,00   40,21    0,00    0,00    0,00   59,79
13:30:07      10    0,99    0,00    0,00    0,99    0,00    0,00    0,00    0,00    0,00   98,02
13:30:07      11    0,00    0,00    0,00    0,00    0,00    0,00    0,00    0,00    0,00  100,00
13:30:07      12    0,99    0,00    0,00    0,00    0,00    0,00    0,00    0,00    0,00   99,01
13:30:07      13    0,00    0,00    0,00    0,00    0,00    0,00    0,00    0,00    0,00  100,00
13:30:07      14    0,00    0,00    0,00    1,00    0,00    0,00    0,00    0,00    0,00   99,00
13:30:07      15    0,00    0,00    0,00    0,00    0,00    0,00    0,00    0,00    0,00  100,00
13:30:07      16    0,00    0,00    0,00    0,00    0,00    0,00    0,00    0,00    0,00  100,00
13:30:07      17    0,00    0,00    0,00    0,00    0,00    0,00    0,00    0,00    0,00  100,00
13:30:07      18    0,00    0,00    0,00    0,00    0,00    0,00    0,00    0,00    0,00  100,00
13:30:07      19    0,00    0,00    0,00    0,00    0,00   60,19    0,00    0,00    0,00   39,81
13:30:07      20    0,00    0,00    0,00    0,00    0,00    0,00    0,00    0,00    0,00  100,00
13:30:07      21    0,00    0,00    0,00    0,00    0,00    0,00    0,00    0,00    0,00  100,00
13:30:07      22    0,00    0,00    0,00    0,00    0,00   75,00    0,00    0,00    0,00   25,00
13:30:07      23    0,00    0,00    0,00    0,00    0,00   56,57    0,00    0,00    0,00   43,43

13:30:07     CPU    %usr   %nice    %sys %iowait    %irq   %soft  %steal  %guest  %gnice   %idle
13:30:08     all    0,04    0,00    0,00    0,00    0,00   13,50    0,00    0,00    0,00   86,46
13:30:08       0    0,00    0,00    0,00    0,00    0,00    0,00    0,00    0,00    0,00  100,00
13:30:08       1    0,00    0,00    0,00    0,00    0,00    0,00    0,00    0,00    0,00  100,00
13:30:08       2    0,00    0,00    0,00    0,00    0,00   50,00    0,00    0,00    0,00   50,00
13:30:08       3    0,00    0,00    0,00    0,00    0,00    0,00    0,00    0,00    0,00  100,00
13:30:08       4    0,00    0,00    0,00    0,00    0,00   45,16    0,00    0,00    0,00   54,84
13:30:08       5    0,00    0,00    0,00    0,00    0,00    0,00    0,00    0,00    0,00  100,00
13:30:08       6    0,00    0,00    0,00    0,00    0,00    0,00    0,00    0,00    0,00  100,00
13:30:08       7    0,00    0,00    0,00    0,00    0,00    0,00    0,00    0,00    0,00  100,00
13:30:08       8    0,00    0,00    0,00    0,00    0,00    0,00    0,00    0,00    0,00  100,00
13:30:08       9    0,00    0,00    0,00    0,00    0,00   41,05    0,00    0,00    0,00   58,95
13:30:08      10    0,00    0,00    0,00    0,00    0,00    0,00    0,00    0,00    0,00  100,00
13:30:08      11    0,00    0,00    0,00    0,00    0,00    0,00    0,00    0,00    0,00  100,00
13:30:08      12    0,00    0,00    0,00    0,00    0,00    0,00    0,00    0,00    0,00  100,00
13:30:08      13    0,00    0,00    0,00    0,00    0,00    0,00    0,00    0,00    0,00  100,00
13:30:08      14    0,00    0,00    0,00    0,00    0,00    0,00    0,00    0,00    0,00  100,00
13:30:08      15    0,00    0,00    0,00    0,00    0,00    0,00    0,00    0,00    0,00  100,00
13:30:08      16    0,00    0,00    0,00    0,00    0,00    0,00    0,00    0,00    0,00  100,00
13:30:08      17    0,00    0,00    0,00    0,00    0,00    0,00    0,00    0,00    0,00  100,00
13:30:08      18    0,00    0,00    0,00    0,00    0,00    0,00    0,00    0,00    0,00  100,00
13:30:08      19    0,00    0,00    0,00    0,00    0,00   59,80    0,00    0,00    0,00   40,20
13:30:08      20    0,00    0,00    0,00    0,00    0,00    0,00    0,00    0,00    0,00  100,00
13:30:08      21    0,00    0,00    0,00    0,00    0,00    0,00    0,00    0,00    0,00  100,00
13:30:08      22    0,00    0,00    0,00    0,00    0,00   74,04    0,00    0,00    0,00   25,96
13:30:08      23    1,00    0,00    0,00    0,00    0,00   56,00    0,00    0,00    0,00   43,00

13:30:08     CPU    %usr   %nice    %sys %iowait    %irq   %soft  %steal  %guest  %gnice   %idle
13:30:09     all    0,13    0,00    0,08    0,00    0,00   13,57    0,00    0,00    0,00   86,22
13:30:09       0    0,00    0,00    0,00    0,00    0,00    0,00    0,00    0,00    0,00  100,00
13:30:09       1    0,00    0,00    0,00    0,00    0,00    0,00    0,00    0,00    0,00  100,00
13:30:09       2    0,00    0,00    0,99    0,00    0,00   51,49    0,00    0,00    0,00   47,52
13:30:09       3    0,00    0,00    0,00    0,00    0,00    0,00    0,00    0,00    0,00  100,00
13:30:09       4    0,00    0,00    0,00    0,00    0,00   44,57    0,00    0,00    0,00   55,43
13:30:09       5    0,00    0,00    0,00    0,00    0,00    0,00    0,00    0,00    0,00  100,00
13:30:09       6    1,00    0,00    0,00    0,00    0,00    0,00    0,00    0,00    0,00   99,00
13:30:09       7    0,00    0,00    0,00    0,00    0,00    0,00    0,00    0,00    0,00  100,00
13:30:09       8    0,99    0,00    0,00    0,00    0,00    0,00    0,00    0,00    0,00   99,01
13:30:09       9    0,00    0,00    0,00    0,00    0,00   42,27    0,00    0,00    0,00   57,73
13:30:09      10    0,00    0,00    0,00    0,00    0,00    0,00    0,00    0,00    0,00  100,00
13:30:09      11    0,00    0,00    0,00    0,00    0,00    0,00    0,00    0,00    0,00  100,00
13:30:09      12    0,00    0,00    0,00    0,00    0,00    0,00    0,00    0,00    0,00  100,00
13:30:09      13    1,00    0,00    0,00    0,00    0,00    0,00    0,00    0,00    0,00   99,00
13:30:09      14    0,00    0,00    0,00    0,00    0,00    0,00    0,00    0,00    0,00  100,00
13:30:09      15    0,00    0,00    0,00    0,00    0,00    0,00    0,00    0,00    0,00  100,00
13:30:09      16    0,00    0,00    0,00    0,00    0,00    0,00    0,00    0,00    0,00  100,00
13:30:09      17    0,00    0,00    0,00    0,00    0,00    0,00    0,00    0,00    0,00  100,00
13:30:09      18    0,00    0,00    0,00    0,00    0,00    0,00    0,00    0,00    0,00  100,00
13:30:09      19    0,00    0,00    1,00    0,00    0,00   59,00    0,00    0,00    0,00   40,00
13:30:09      20    0,00    0,00    0,00    0,00    0,00    0,00    0,00    0,00    0,00  100,00
13:30:09      21    0,00    0,00    0,00    0,00    0,00    0,00    0,00    0,00    0,00  100,00
13:30:09      22    0,00    0,00    0,00    0,00    0,00   73,79    0,00    0,00    0,00   26,21
13:30:09      23    0,00    0,00    0,00    0,00    0,00   56,12    0,00    0,00    0,00   43,88

13:30:09     CPU    %usr   %nice    %sys %iowait    %irq   %soft  %steal  %guest  %gnice   %idle
13:30:10     all    0,13    0,00    0,17    0,00    0,00   13,36    0,00    0,00    0,00   86,34
13:30:10       0    0,00    0,00    0,00    0,00    0,00    0,00    0,00    0,00    0,00  100,00
13:30:10       1    0,00    0,00    0,00    0,00    0,00    0,00    0,00    0,00    0,00  100,00
13:30:10       2    0,00    0,00    0,00    0,00    0,00   50,53    0,00    0,00    0,00   49,47
13:30:10       3    0,00    0,00    0,00    0,00    0,00    0,00    0,00    0,00    0,00  100,00
13:30:10       4    0,00    0,00    0,00    0,00    0,00   44,44    0,00    0,00    0,00   55,56
13:30:10       5    0,00    0,00    0,00    0,00    0,00    0,00    0,00    0,00    0,00  100,00
13:30:10       6    0,00    0,00    0,00    0,00    0,00    0,00    0,00    0,00    0,00  100,00
13:30:10       7    0,00    0,00    0,00    0,00    0,00    0,00    0,00    0,00    0,00  100,00
13:30:10       8    0,00    0,00    0,00    0,00    0,00    0,00    0,00    0,00    0,00  100,00
13:30:10       9    0,00    0,00    1,06    0,00    0,00   40,43    0,00    0,00    0,00   58,51
13:30:10      10    0,00    0,00    0,00    0,00    0,00    0,00    0,00    0,00    0,00  100,00
13:30:10      11    0,00    0,00    0,00    0,00    0,00    0,00    0,00    0,00    0,00  100,00
13:30:10      12    0,00    0,00    0,00    0,00    0,00    0,00    0,00    0,00    0,00  100,00
13:30:10      13    0,00    0,00    0,00    0,00    0,00    0,00    0,00    0,00    0,00  100,00
13:30:10      14    0,00    0,00    0,00    0,00    0,00    0,00    0,00    0,00    0,00  100,00
13:30:10      15    0,00    0,00    0,00    0,00    0,00    0,00    0,00    0,00    0,00  100,00
13:30:10      16    1,00    0,00    1,00    0,00    0,00    0,00    0,00    0,00    0,00   98,00
13:30:10      17    0,00    0,00    0,00    0,00    0,00    0,00    0,00    0,00    0,00  100,00
13:30:10      18    0,99    0,00    0,99    0,00    0,00    0,00    0,00    0,00    0,00   98,02
13:30:10      19    0,00    0,00    0,00    0,00    0,00   61,00    0,00    0,00    0,00   39,00
13:30:10      20    0,00    0,00    1,00    0,00    0,00    0,00    0,00    0,00    0,00   99,00
13:30:10      21    0,99    0,00    0,00    0,00    0,00    0,00    0,00    0,00    0,00   99,01
13:30:10      22    0,00    0,00    0,00    0,00    0,00   74,04    0,00    0,00    0,00   25,96
13:30:10      23    0,00    0,00    0,00    0,00    0,00   55,67    0,00    0,00    0,00   44,33

13:30:10     CPU    %usr   %nice    %sys %iowait    %irq   %soft  %steal  %guest  %gnice   %idle
13:30:11     all    0,08    0,00    0,08    0,00    0,00   13,28    0,00    0,00    0,00   86,55
13:30:11       0    0,00    0,00    0,00    0,00    0,00    0,00    0,00    0,00    0,00  100,00
13:30:11       1    0,00    0,00    0,00    0,00    0,00    0,00    0,00    0,00    0,00  100,00
13:30:11       2    0,00    0,00    0,00    0,00    0,00   49,47    0,00    0,00    0,00   50,53
13:30:11       3    0,00    0,00    0,00    0,00    0,00    0,00    0,00    0,00    0,00  100,00
13:30:11       4    0,00    0,00    0,00    0,00    0,00   44,57    0,00    0,00    0,00   55,43
13:30:11       5    0,00    0,00    0,00    0,00    0,00    0,00    0,00    0,00    0,00  100,00
13:30:11       6    0,00    0,00    0,00    0,00    0,00    0,00    0,00    0,00    0,00  100,00
13:30:11       7    0,00    0,00    0,00    0,00    0,00    0,00    0,00    0,00    0,00  100,00
13:30:11       8    0,00    0,00    0,00    0,00    0,00    0,00    0,00    0,00    0,00  100,00
13:30:11       9    0,00    0,00    0,00    0,00    0,00   39,78    0,00    0,00    0,00   60,22
13:30:11      10    0,99    0,00    0,00    0,00    0,00    0,00    0,00    0,00    0,00   99,01
13:30:11      11    0,00    0,00    0,00    0,00    0,00    0,00    0,00    0,00    0,00  100,00
13:30:11      12    0,00    0,00    0,00    0,00    0,00    0,00    0,00    0,00    0,00  100,00
13:30:11      13    0,00    0,00    0,00    0,00    0,00    0,00    0,00    0,00    0,00  100,00
13:30:11      14    0,00    0,00    0,00    0,00    0,00    0,00    0,00    0,00    0,00  100,00
13:30:11      15    0,00    0,00    0,00    0,00    0,00    0,00    0,00    0,00    0,00  100,00
13:30:11      16    0,00    0,00    0,00    0,00    0,00    0,00    0,00    0,00    0,00  100,00
13:30:11      17    1,00    0,00    0,00    0,00    0,00    0,00    0,00    0,00    0,00   99,00
13:30:11      18    0,00    0,00    0,00    0,00    0,00    0,00    0,00    0,00    0,00  100,00
13:30:11      19    0,00    0,00    0,99    0,00    0,00   60,40    0,00    0,00    0,00   38,61
13:30:11      20    0,00    0,00    0,00    0,00    0,00    0,00    0,00    0,00    0,00  100,00
13:30:11      21    0,00    0,00    0,00    0,00    0,00    0,00    0,00    0,00    0,00  100,00
13:30:11      22    0,00    0,00    0,00    0,00    0,00   73,53    0,00    0,00    0,00   26,47
13:30:11      23    0,00    0,00    1,01    0,00    0,00   55,56    0,00    0,00    0,00   43,43

13:30:11     CPU    %usr   %nice    %sys %iowait    %irq   %soft  %steal  %guest  %gnice   %idle
13:30:12     all    0,00    0,00    0,08    0,13    0,00   13,30    0,00    0,00    0,00   86,49
13:30:12       0    0,00    0,00    0,00    0,00    0,00    0,00    0,00    0,00    0,00  100,00
13:30:12       1    0,00    0,00    0,00    0,00    0,00    0,00    0,00    0,00    0,00  100,00
13:30:12       2    0,00    0,00    0,00    0,00    0,00   49,47    0,00    0,00    0,00   50,53
13:30:12       3    0,00    0,00    0,00    0,00    0,00    0,00    0,00    0,00    0,00  100,00
13:30:12       4    0,00    0,00    0,00    0,00    0,00   41,38    0,00    0,00    0,00   58,62
13:30:12       5    0,00    0,00    0,00    0,00    0,00    0,00    0,00    0,00    0,00  100,00
13:30:12       6    0,00    0,00    0,00    0,00    0,00    0,00    0,00    0,00    0,00  100,00
13:30:12       7    0,00    0,00    0,00    0,00    0,00    0,00    0,00    0,00    0,00  100,00
13:30:12       8    0,00    0,00    0,00    0,00    0,00    0,00    0,00    0,00    0,00  100,00
13:30:12       9    0,00    0,00    0,00    0,00    0,00   42,42    0,00    0,00    0,00   57,58
13:30:12      10    0,00    0,00    1,00    0,00    0,00    0,00    0,00    0,00    0,00   99,00
13:30:12      11    0,00    0,00    0,00    0,00    0,00    0,00    0,00    0,00    0,00  100,00
13:30:12      12    0,00    0,00    0,00    0,00    0,00    0,00    0,00    0,00    0,00  100,00
13:30:12      13    0,00    0,00    0,00    1,98    0,00    0,00    0,00    0,00    0,00   98,02
13:30:12      14    0,00    0,00    0,00    0,00    0,00    0,00    0,00    0,00    0,00  100,00
13:30:12      15    0,00    0,00    0,00    0,00    0,00    0,00    0,00    0,00    0,00  100,00
13:30:12      16    0,00    0,00    0,00    0,00    0,00    0,00    0,00    0,00    0,00  100,00
13:30:12      17    0,00    0,00    0,00    0,00    0,00    0,00    0,00    0,00    0,00  100,00
13:30:12      18    0,00    0,00    0,00    0,00    0,00    0,00    0,00    0,00    0,00  100,00
13:30:12      19    0,00    0,00    0,00    0,00    0,00   60,40    0,00    0,00    0,00   39,60
13:30:12      20    0,00    0,00    0,00    1,00    0,00    0,00    0,00    0,00    0,00   99,00
13:30:12      21    0,00    0,00    0,00    0,00    0,00    0,00    0,00    0,00    0,00  100,00
13:30:12      22    0,00    0,00    0,99    0,00    0,00   71,29    0,00    0,00    0,00   27,72
13:30:12      23    0,00    0,00    0,00    0,00    0,00   57,84    0,00    0,00    0,00   42,16

13:30:12     CPU    %usr   %nice    %sys %iowait    %irq   %soft  %steal  %guest  %gnice   %idle
13:30:13     all    0,00    0,00    0,04    0,00    0,00   13,67    0,00    0,00    0,00   86,29
13:30:13       0    0,00    0,00    0,00    0,00    0,00    0,00    0,00    0,00    0,00  100,00
13:30:13       1    0,00    0,00    0,00    0,00    0,00    0,00    0,00    0,00    0,00  100,00
13:30:13       2    0,00    0,00    0,00    0,00    0,00   49,47    0,00    0,00    0,00   50,53
13:30:13       3    0,00    0,00    0,00    0,00    0,00    0,00    0,00    0,00    0,00  100,00
13:30:13       4    0,00    0,00    0,00    0,00    0,00   45,05    0,00    0,00    0,00   54,95
13:30:13       5    0,00    0,00    0,00    0,00    0,00    0,00    0,00    0,00    0,00  100,00
13:30:13       6    0,00    0,00    0,00    0,00    0,00    0,00    0,00    0,00    0,00  100,00
13:30:13       7    0,00    0,00    0,00    0,00    0,00    0,00    0,00    0,00    0,00  100,00
13:30:13       8    0,00    0,00    0,00    0,00    0,00    0,00    0,00    0,00    0,00  100,00
13:30:13       9    0,00    0,00    0,00    0,00    0,00   42,71    0,00    0,00    0,00   57,29
13:30:13      10    0,00    0,00    0,00    0,00    0,00    0,00    0,00    0,00    0,00  100,00
13:30:13      11    0,00    0,00    0,00    0,00    0,00    0,00    0,00    0,00    0,00  100,00
13:30:13      12    0,00    0,00    0,99    0,00    0,00    0,00    0,00    0,00    0,00   99,01
13:30:13      13    0,00    0,00    0,00    0,00    0,00    0,00    0,00    0,00    0,00  100,00
13:30:13      14    0,00    0,00    0,00    0,00    0,00    0,00    0,00    0,00    0,00  100,00
13:30:13      15    0,00    0,00    0,00    0,00    0,00    0,00    0,00    0,00    0,00  100,00
13:30:13      16    0,00    0,00    0,00    0,00    0,00    0,00    0,00    0,00    0,00  100,00
13:30:13      17    0,00    0,00    0,00    0,00    0,00    0,00    0,00    0,00    0,00  100,00
13:30:13      18    0,00    0,00    0,00    0,00    0,00    0,00    0,00    0,00    0,00  100,00
13:30:13      19    0,00    0,00    0,00    0,00    0,00   60,00    0,00    0,00    0,00   40,00
13:30:13      20    0,00    0,00    0,00    0,00    0,00    0,00    0,00    0,00    0,00  100,00
13:30:13      21    0,00    0,00    0,00    0,00    0,00    0,00    0,00    0,00    0,00  100,00
13:30:13      22    0,00    0,00    0,00    0,00    0,00   75,24    0,00    0,00    0,00   24,76
13:30:13      23    0,00    0,00    0,00    0,00    0,00   58,00    0,00    0,00    0,00   42,00

13:30:13     CPU    %usr   %nice    %sys %iowait    %irq   %soft  %steal  %guest  %gnice   %idle
13:30:14     all    0,04    0,00    0,00    0,00    0,00   13,33    0,00    0,00    0,00   86,63
13:30:14       0    0,00    0,00    0,00    0,00    0,00    0,00    0,00    0,00    0,00  100,00
13:30:14       1    0,00    0,00    0,00    0,00    0,00    0,00    0,00    0,00    0,00  100,00
13:30:14       2    0,00    0,00    0,00    0,00    0,00   47,83    0,00    0,00    0,00   52,17
13:30:14       3    0,00    0,00    0,00    0,00    0,00    0,00    0,00    0,00    0,00  100,00
13:30:14       4    0,00    0,00    0,00    0,00    0,00   42,53    0,00    0,00    0,00   57,47
13:30:14       5    0,00    0,00    0,00    0,00    0,00    0,00    0,00    0,00    0,00  100,00
13:30:14       6    0,00    0,00    0,00    0,00    0,00    0,00    0,00    0,00    0,00  100,00
13:30:14       7    0,00    0,00    0,00    0,00    0,00    0,00    0,00    0,00    0,00  100,00
13:30:14       8    0,00    0,00    0,00    0,00    0,00    0,00    0,00    0,00    0,00  100,00
13:30:14       9    0,00    0,00    0,00    0,00    0,00   41,49    0,00    0,00    0,00   58,51
13:30:14      10    0,00    0,00    0,00    0,00    0,00    0,00    0,00    0,00    0,00  100,00
13:30:14      11    0,00    0,00    0,00    0,00    0,00    0,00    0,00    0,00    0,00  100,00
13:30:14      12    0,99    0,00    0,00    0,00    0,00    0,00    0,00    0,00    0,00   99,01
13:30:14      13    0,00    0,00    0,00    0,00    0,00    0,00    0,00    0,00    0,00  100,00
13:30:14      14    0,00    0,00    0,00    0,00    0,00    0,00    0,00    0,00    0,00  100,00
13:30:14      15    0,00    0,00    0,00    0,00    0,00    0,00    0,00    0,00    0,00  100,00
13:30:14      16    0,00    0,00    0,00    0,00    0,00    0,00    0,00    0,00    0,00  100,00
13:30:14      17    0,00    0,00    0,00    0,00    0,00    0,00    0,00    0,00    0,00  100,00
13:30:14      18    0,00    0,00    0,00    0,00    0,00    0,00    0,00    0,00    0,00  100,00
13:30:14      19    0,00    0,00    0,00    0,00    0,00   59,41    0,00    0,00    0,00   40,59
13:30:14      20    0,00    0,00    0,00    0,00    0,00    0,00    0,00    0,00    0,00  100,00
13:30:14      21    0,00    0,00    0,00    0,00    0,00    0,00    0,00    0,00    0,00  100,00
13:30:14      22    0,00    0,00    0,00    0,00    0,00   74,04    0,00    0,00    0,00   25,96
13:30:14      23    0,00    0,00    0,00    0,00    0,00   58,25    0,00    0,00    0,00   41,75

13:30:14     CPU    %usr   %nice    %sys %iowait    %irq   %soft  %steal  %guest  %gnice   %idle
13:30:15     all    0,04    0,00    0,17    0,00    0,00   13,08    0,00    0,00    0,00   86,71
13:30:15       0    0,00    0,00    0,00    0,00    0,00    0,00    0,00    0,00    0,00  100,00
13:30:15       1    0,00    0,00    0,00    0,00    0,00    0,00    0,00    0,00    0,00  100,00
13:30:15       2    0,00    0,00    0,00    0,00    0,00   47,87    0,00    0,00    0,00   52,13
13:30:15       3    0,00    0,00    0,00    0,00    0,00    0,00    0,00    0,00    0,00  100,00
13:30:15       4    0,00    0,00    0,00    0,00    0,00   45,05    0,00    0,00    0,00   54,95
13:30:15       5    0,00    0,00    0,00    0,00    0,00    0,00    0,00    0,00    0,00  100,00
13:30:15       6    0,00    0,00    0,00    0,00    0,00    0,00    0,00    0,00    0,00  100,00
13:30:15       7    0,00    0,00    0,00    0,00    0,00    0,00    0,00    0,00    0,00  100,00
13:30:15       8    0,00    0,00    0,99    0,00    0,00    0,00    0,00    0,00    0,00   99,01
13:30:15       9    0,00    0,00    0,00    0,00    0,00   39,56    0,00    0,00    0,00   60,44
13:30:15      10    0,00    0,00    0,00    0,00    0,00    0,00    0,00    0,00    0,00  100,00
13:30:15      11    0,00    0,00    0,00    0,00    0,00    0,00    0,00    0,00    0,00  100,00
13:30:15      12    0,00    0,00    0,00    0,00    0,00    0,00    0,00    0,00    0,00  100,00
13:30:15      13    0,00    0,00    0,00    0,00    0,00    0,00    0,00    0,00    0,00  100,00
13:30:15      14    0,00    0,00    0,00    0,00    0,00    0,00    0,00    0,00    0,00  100,00
13:30:15      15    0,00    0,00    0,00    0,00    0,00    0,00    0,00    0,00    0,00  100,00
13:30:15      16    0,00    0,00    1,00    0,00    0,00    0,00    0,00    0,00    0,00   99,00
13:30:15      17    0,00    0,00    0,00    0,00    0,00    0,00    0,00    0,00    0,00  100,00
13:30:15      18    0,00    0,00    1,00    0,00    0,00    0,00    0,00    0,00    0,00   99,00
13:30:15      19    0,00    0,00    0,00    0,00    0,00   59,79    0,00    0,00    0,00   40,21
13:30:15      20    1,00    0,00    1,00    0,00    0,00    0,00    0,00    0,00    0,00   98,00
13:30:15      21    0,00    0,00    0,00    0,00    0,00    0,00    0,00    0,00    0,00  100,00
13:30:15      22    0,00    0,00    0,00    0,00    0,00   75,25    0,00    0,00    0,00   24,75
13:30:15      23    0,00    0,00    0,00    0,00    0,00   56,25    0,00    0,00    0,00   43,75

13:30:15     CPU    %usr   %nice    %sys %iowait    %irq   %soft  %steal  %guest  %gnice   %idle
13:30:16     all    0,17    0,00    0,13    0,00    0,00   13,53    0,00    0,00    0,00   86,18
13:30:16       0    0,00    0,00    0,00    0,00    0,00    0,00    0,00    0,00    0,00  100,00
13:30:16       1    0,00    0,00    0,00    0,00    0,00    0,00    0,00    0,00    0,00  100,00
13:30:16       2    0,00    0,00    0,00    0,00    0,00   49,47    0,00    0,00    0,00   50,53
13:30:16       3    0,00    0,00    0,00    0,00    0,00    0,00    0,00    0,00    0,00  100,00
13:30:16       4    0,00    0,00    0,00    0,00    0,00   44,44    0,00    0,00    0,00   55,56
13:30:16       5    0,00    0,00    0,00    0,00    0,00    0,00    0,00    0,00    0,00  100,00
13:30:16       6    0,00    0,00    0,00    0,00    0,00    0,00    0,00    0,00    0,00  100,00
13:30:16       7    0,00    0,00    0,00    0,00    0,00    0,00    0,00    0,00    0,00  100,00
13:30:16       8    0,00    0,00    0,00    0,00    0,00    0,00    0,00    0,00    0,00  100,00
13:30:16       9    0,00    0,00    0,00    0,00    0,00   40,22    0,00    0,00    0,00   59,78
13:30:16      10    0,00    0,00    0,00    0,00    0,00    0,00    0,00    0,00    0,00  100,00
13:30:16      11    0,99    0,00    0,00    0,00    0,00    0,00    0,00    0,00    0,00   99,01
13:30:16      12    1,00    0,00    0,00    0,00    0,00    0,00    0,00    0,00    0,00   99,00
13:30:16      13    0,00    0,00    0,00    0,00    0,00    0,00    0,00    0,00    0,00  100,00
13:30:16      14    0,00    0,00    0,00    0,00    0,00    0,00    0,00    0,00    0,00  100,00
13:30:16      15    0,00    0,00    0,00    0,00    0,00    0,00    0,00    0,00    0,00  100,00
13:30:16      16    1,00    0,00    0,00    0,00    0,00    0,00    0,00    0,00    0,00   99,00
13:30:16      17    0,00    0,00    0,99    0,00    0,00    0,00    0,00    0,00    0,00   99,01
13:30:16      18    0,00    0,00    0,00    0,00    0,00    0,00    0,00    0,00    0,00  100,00
13:30:16      19    0,00    0,00    0,96    0,00    0,00   59,62    0,00    0,00    0,00   39,42
13:30:16      20    0,00    0,00    0,00    0,00    0,00    0,00    0,00    0,00    0,00  100,00
13:30:16      21    0,00    0,00    0,00    0,00    0,00    0,00    0,00    0,00    0,00  100,00
13:30:16      22    0,95    0,00    0,00    0,00    0,00   75,24    0,00    0,00    0,00   23,81
13:30:16      23    0,00    0,00    0,99    0,00    0,00   57,43    0,00    0,00    0,00   41,58

13:30:16     CPU    %usr   %nice    %sys %iowait    %irq   %soft  %steal  %guest  %gnice   %idle
13:30:17     all    0,04    0,00    0,00    0,08    0,00   13,60    0,00    0,00    0,00   86,28
13:30:17       0    0,00    0,00    0,00    0,00    0,00    0,00    0,00    0,00    0,00  100,00
13:30:17       1    0,00    0,00    0,00    0,00    0,00    0,00    0,00    0,00    0,00  100,00
13:30:17       2    0,00    0,00    0,00    0,00    0,00   48,42    0,00    0,00    0,00   51,58
13:30:17       3    0,00    0,00    0,00    0,00    0,00    0,00    0,00    0,00    0,00  100,00
13:30:17       4    0,00    0,00    0,00    0,00    0,00   44,44    0,00    0,00    0,00   55,56
13:30:17       5    0,00    0,00    0,00    0,00    0,00    0,00    0,00    0,00    0,00  100,00
13:30:17       6    0,00    0,00    0,00    0,00    0,00    0,00    0,00    0,00    0,00  100,00
13:30:17       7    0,00    0,00    0,00    0,00    0,00    0,00    0,00    0,00    0,00  100,00
13:30:17       8    0,00    0,00    0,00    0,00    0,00    0,00    0,00    0,00    0,00  100,00
13:30:17       9    0,00    0,00    0,00    0,00    0,00   42,27    0,00    0,00    0,00   57,73
13:30:17      10    0,00    0,00    0,00    0,00    0,00    0,00    0,00    0,00    0,00  100,00
13:30:17      11    0,00    0,00    0,00    0,00    0,00    0,00    0,00    0,00    0,00  100,00
13:30:17      12    1,00    0,00    0,00    0,00    0,00    0,00    0,00    0,00    0,00   99,00
13:30:17      13    0,00    0,00    0,00    1,01    0,00    0,00    0,00    0,00    0,00   98,99
13:30:17      14    0,00    0,00    0,00    0,00    0,00    0,00    0,00    0,00    0,00  100,00
13:30:17      15    0,00    0,00    0,00    0,00    0,00    0,00    0,00    0,00    0,00  100,00
13:30:17      16    0,00    0,00    0,00    0,00    0,00    0,00    0,00    0,00    0,00  100,00
13:30:17      17    0,00    0,00    0,00    1,00    0,00    0,00    0,00    0,00    0,00   99,00
13:30:17      18    0,00    0,00    0,00    0,00    0,00    0,00    0,00    0,00    0,00  100,00
13:30:17      19    0,00    0,00    0,00    0,00    0,00   58,59    0,00    0,00    0,00   41,41
13:30:17      20    0,00    0,00    0,00    0,00    0,00    0,00    0,00    0,00    0,00  100,00
13:30:17      21    0,00    0,00    0,00    0,00    0,00    0,00    0,00    0,00    0,00  100,00
13:30:17      22    0,00    0,00    0,00    0,00    0,00   76,70    0,00    0,00    0,00   23,30
13:30:17      23    0,00    0,00    0,00    0,00    0,00   58,25    0,00    0,00    0,00   41,75

13:30:17     CPU    %usr   %nice    %sys %iowait    %irq   %soft  %steal  %guest  %gnice   %idle
13:30:18     all    0,96    0,00    0,54    0,00    0,00   13,90    0,00    0,00    0,00   84,60
13:30:18       0    1,98    0,00    1,98    0,00    0,00    0,00    0,00    0,00    0,00   96,04
13:30:18       1    0,00    0,00    0,00    0,00    0,00    0,00    0,00    0,00    0,00  100,00
13:30:18       2    0,00    0,00    0,00    0,00    0,00   51,04    0,00    0,00    0,00   48,96
13:30:18       3    0,00    0,00    0,00    0,00    0,00    0,00    0,00    0,00    0,00  100,00
13:30:18       4    1,05    0,00    1,05    0,00    0,00   50,53    0,00    0,00    0,00   47,37
13:30:18       5    9,09    0,00    1,01    0,00    0,00    0,00    0,00    0,00    0,00   89,90
13:30:18       6    0,00    0,00    1,00    0,00    0,00    0,00    0,00    0,00    0,00   99,00
13:30:18       7    0,00    0,00    0,00    0,00    0,00    0,00    0,00    0,00    0,00  100,00
13:30:18       8    0,00    0,00    0,00    0,00    0,00    0,00    0,00    0,00    0,00  100,00
13:30:18       9    0,00    0,00    0,00    0,00    0,00   41,49    0,00    0,00    0,00   58,51
13:30:18      10    0,99    0,00    0,00    0,00    0,00    0,00    0,00    0,00    0,00   99,01
13:30:18      11    0,00    0,00    0,00    0,00    0,00    0,00    0,00    0,00    0,00  100,00
13:30:18      12    0,00    0,00    0,00    0,00    0,00    0,00    0,00    0,00    0,00  100,00
13:30:18      13    0,00    0,00    0,00    0,00    0,00    0,00    0,00    0,00    0,00  100,00
13:30:18      14    0,99    0,00    0,99    0,00    0,00    0,00    0,00    0,00    0,00   98,02
13:30:18      15    0,00    0,00    0,00    0,00    0,00    0,00    0,00    0,00    0,00  100,00
13:30:18      16    2,00    0,00    1,00    0,00    0,00    0,00    0,00    0,00    0,00   97,00
13:30:18      17    2,00    0,00    1,00    0,00    0,00    0,00    0,00    0,00    0,00   97,00
13:30:18      18    1,98    0,00    0,99    0,00    0,00    0,00    0,00    0,00    0,00   97,03
13:30:18      19    1,96    0,00    1,96    0,00    0,00   60,78    0,00    0,00    0,00   35,29
13:30:18      20    0,00    0,00    0,00    0,00    0,00    0,00    0,00    0,00    0,00  100,00
13:30:18      21    0,00    0,00    1,00    0,00    0,00    0,00    0,00    0,00    0,00   99,00
13:30:18      22    0,00    0,00    0,95    0,00    0,00   76,19    0,00    0,00    0,00   22,86
13:30:18      23    1,05    0,00    0,00    0,00    0,00   56,84    0,00    0,00    0,00   42,11
