Linux 6.8.0-111-generic (testbed-node6) 	13/05/26 	_x86_64_	(24 CPU)

05:15:23     CPU    %usr   %nice    %sys %iowait    %irq   %soft  %steal  %guest  %gnice   %idle
05:15:24     all    0,58    0,00    0,17    0,00    0,00    6,29    0,00    0,00    0,00   92,96
05:15:24       0    0,99    0,00    0,00    0,00    0,00    0,00    0,00    0,00    0,00   99,01
05:15:24       1    0,00    0,00    0,00    0,00    0,00   49,51    0,00    0,00    0,00   50,49
05:15:24       2    0,00    0,00    0,00    0,00    0,00    0,00    0,00    0,00    0,00  100,00
05:15:24       3    0,00    0,00    0,00    0,00    0,00  100,00    0,00    0,00    0,00    0,00
05:15:24       4    0,00    0,00    0,00    0,00    0,00    0,00    0,00    0,00    0,00  100,00
05:15:24       5    0,00    0,00    0,00    0,00    0,00    0,00    0,00    0,00    0,00  100,00
05:15:24       6    1,00    0,00    0,00    0,00    0,00    0,00    0,00    0,00    0,00   99,00
05:15:24       7    0,00    0,00    0,00    0,00    0,00    0,00    0,00    0,00    0,00  100,00
05:15:24       8    0,00    0,00    0,00    0,00    0,00    0,00    0,00    0,00    0,00  100,00
05:15:24       9    0,00    0,00    0,00    0,00    0,00    0,00    0,00    0,00    0,00  100,00
05:15:24      10    7,00    0,00    1,00    0,00    0,00    0,00    0,00    0,00    0,00   92,00
05:15:24      11    0,00    0,00    0,00    0,00    0,00    0,00    0,00    0,00    0,00  100,00
05:15:24      12    1,00    0,00    0,00    0,00    0,00    0,00    0,00    0,00    0,00   99,00
05:15:24      13    0,00    0,00    0,00    0,00    0,00    0,00    0,00    0,00    0,00  100,00
05:15:24      14    1,00    0,00    0,00    0,00    0,00    0,00    0,00    0,00    0,00   99,00
05:15:24      15    0,00    0,00    0,00    0,00    0,00    0,00    0,00    0,00    0,00  100,00
05:15:24      16    0,00    0,00    0,00    0,00    0,00    0,00    0,00    0,00    0,00  100,00
05:15:24      17    1,01    0,00    1,01    0,00    0,00    0,00    0,00    0,00    0,00   97,98
05:15:24      18    0,00    0,00    0,00    0,00    0,00    0,00    0,00    0,00    0,00  100,00
05:15:24      19    0,00    0,00    0,99    0,00    0,00    0,00    0,00    0,00    0,00   99,01
05:15:24      20    0,00    0,00    0,00    0,00    0,00    0,00    0,00    0,00    0,00  100,00
05:15:24      21    0,00    0,00    0,00    0,00    0,00    0,00    0,00    0,00    0,00  100,00
05:15:24      22    0,99    0,00    0,99    0,00    0,00    0,00    0,00    0,00    0,00   98,02
05:15:24      23    0,99    0,00    0,00    0,00    0,00    0,00    0,00    0,00    0,00   99,01

05:15:24     CPU    %usr   %nice    %sys %iowait    %irq   %soft  %steal  %guest  %gnice   %idle
05:15:25     all    0,04    0,00    0,00    0,00    0,00    6,36    0,00    0,00    0,00   93,60
05:15:25       0    0,00    0,00    0,00    0,00    0,00    0,00    0,00    0,00    0,00  100,00
05:15:25       1    0,00    0,00    0,00    0,00    0,00   50,00    0,00    0,00    0,00   50,00
05:15:25       2    0,00    0,00    0,00    0,00    0,00    0,00    0,00    0,00    0,00  100,00
05:15:25       3    0,00    0,00    0,00    0,00    0,00  100,00    0,00    0,00    0,00    0,00
05:15:25       4    0,00    0,00    0,00    0,00    0,00    0,00    0,00    0,00    0,00  100,00
05:15:25       5    0,00    0,00    0,00    0,00    0,00    0,00    0,00    0,00    0,00  100,00
05:15:25       6    0,00    0,00    0,00    0,00    0,00    0,00    0,00    0,00    0,00  100,00
05:15:25       7    0,00    0,00    0,00    0,00    0,00    0,00    0,00    0,00    0,00  100,00
05:15:25       8    0,00    0,00    0,00    0,00    0,00    0,00    0,00    0,00    0,00  100,00
05:15:25       9    0,00    0,00    0,00    0,00    0,00    0,00    0,00    0,00    0,00  100,00
05:15:25      10    0,00    0,00    0,00    0,00    0,00    0,00    0,00    0,00    0,00  100,00
05:15:25      11    0,00    0,00    0,00    0,00    0,00    0,00    0,00    0,00    0,00  100,00
05:15:25      12    1,00    0,00    0,00    0,00    0,00    0,00    0,00    0,00    0,00   99,00
05:15:25      13    0,00    0,00    0,00    0,00    0,00    0,00    0,00    0,00    0,00  100,00
05:15:25      14    0,00    0,00    0,00    0,00    0,00    0,00    0,00    0,00    0,00  100,00
05:15:25      15    0,00    0,00    0,00    0,00    0,00    0,00    0,00    0,00    0,00  100,00
05:15:25      16    0,00    0,00    0,00    0,00    0,00    0,00    0,00    0,00    0,00  100,00
05:15:25      17    0,00    0,00    0,00    0,00    0,00    0,00    0,00    0,00    0,00  100,00
05:15:25      18    0,00    0,00    0,00    0,00    0,00    0,00    0,00    0,00    0,00  100,00
05:15:25      19    0,00    0,00    0,00    0,00    0,00    0,00    0,00    0,00    0,00  100,00
05:15:25      20    0,00    0,00    0,00    0,00    0,00    0,00    0,00    0,00    0,00  100,00
05:15:25      21    0,00    0,00    0,00    0,00    0,00    0,00    0,00    0,00    0,00  100,00
05:15:25      22    0,00    0,00    0,00    0,00    0,00    0,00    0,00    0,00    0,00  100,00
05:15:25      23    0,00    0,00    0,00    0,00    0,00    0,00    0,00    0,00    0,00  100,00

05:15:25     CPU    %usr   %nice    %sys %iowait    %irq   %soft  %steal  %guest  %gnice   %idle
05:15:26     all    1,12    0,00    0,50    0,04    0,00    6,45    0,00    0,00    0,00   91,88
05:15:26       0    0,00    0,00    0,00    0,00    0,00    0,00    0,00    0,00    0,00  100,00
05:15:26       1    0,00    0,00    0,00    0,00    0,00   50,47    0,00    0,00    0,00   49,53
05:15:26       2    0,00    0,00    0,00    0,00    0,00    0,00    0,00    0,00    0,00  100,00
05:15:26       3    0,00    0,00    0,00    0,00    0,00  100,00    0,00    0,00    0,00    0,00
05:15:26       4    1,00    0,00    0,00    1,00    0,00    0,00    0,00    0,00    0,00   98,00
05:15:26       5    0,00    0,00    0,00    0,00    0,00    0,00    0,00    0,00    0,00  100,00
05:15:26       6    4,00    0,00    2,00    0,00    0,00    0,00    0,00    0,00    0,00   94,00
05:15:26       7    0,00    0,00    0,00    0,00    0,00    0,00    0,00    0,00    0,00  100,00
05:15:26       8    1,00    0,00    0,00    0,00    0,00    0,00    0,00    0,00    0,00   99,00
05:15:26       9    0,00    0,00    0,00    0,00    0,00    0,00    0,00    0,00    0,00  100,00
05:15:26      10    6,06    0,00    1,01    0,00    0,00    0,00    0,00    0,00    0,00   92,93
05:15:26      11    0,00    0,00    0,00    0,00    0,00    0,00    0,00    0,00    0,00  100,00
05:15:26      12    2,00    0,00    2,00    0,00    0,00    0,00    0,00    0,00    0,00   96,00
05:15:26      13    0,00    0,00    0,00    0,00    0,00    0,00    0,00    0,00    0,00  100,00
05:15:26      14    1,01    0,00    0,00    0,00    0,00    0,00    0,00    0,00    0,00   98,99
05:15:26      15    0,00    0,00    0,00    0,00    0,00    0,00    0,00    0,00    0,00  100,00
05:15:26      16    1,00    0,00    1,00    0,00    0,00    0,00    0,00    0,00    0,00   98,00
05:15:26      17    1,98    0,00    0,99    0,00    0,00    0,99    0,00    0,00    0,00   96,04
05:15:26      18    2,00    0,00    1,00    0,00    0,00    0,00    0,00    0,00    0,00   97,00
05:15:26      19    2,04    0,00    0,00    0,00    0,00    0,00    0,00    0,00    0,00   97,96
05:15:26      20    1,00    0,00    0,00    0,00    0,00    0,00    0,00    0,00    0,00   99,00
05:15:26      21    1,00    0,00    1,00    0,00    0,00    0,00    0,00    0,00    0,00   98,00
05:15:26      22    2,02    0,00    1,01    0,00    0,00    0,00    0,00    0,00    0,00   96,97
05:15:26      23    1,00    0,00    2,00    0,00    0,00    0,00    0,00    0,00    0,00   97,00

05:15:26     CPU    %usr   %nice    %sys %iowait    %irq   %soft  %steal  %guest  %gnice   %idle
05:15:27     all    0,08    0,00    0,04    0,00    0,00    6,32    0,00    0,00    0,00   93,55
05:15:27       0    0,00    0,00    0,00    0,00    0,00    0,00    0,00    0,00    0,00  100,00
05:15:27       1    0,00    0,00    0,96    0,00    0,00   50,00    0,00    0,00    0,00   49,04
05:15:27       2    0,00    0,00    0,00    0,00    0,00    0,00    0,00    0,00    0,00  100,00
05:15:27       3    0,00    0,00    0,00    0,00    0,00  100,00    0,00    0,00    0,00    0,00
05:15:27       4    0,00    0,00    0,00    0,00    0,00    0,00    0,00    0,00    0,00  100,00
05:15:27       5    0,00    0,00    0,00    0,00    0,00    0,00    0,00    0,00    0,00  100,00
05:15:27       6    0,00    0,00    0,00    0,00    0,00    0,00    0,00    0,00    0,00  100,00
05:15:27       7    0,00    0,00    0,00    0,00    0,00    0,00    0,00    0,00    0,00  100,00
05:15:27       8    0,00    0,00    0,00    0,00    0,00    0,00    0,00    0,00    0,00  100,00
05:15:27       9    0,00    0,00    0,00    0,00    0,00    0,00    0,00    0,00    0,00  100,00
05:15:27      10    1,00    0,00    0,00    0,00    0,00    0,00    0,00    0,00    0,00   99,00
05:15:27      11    0,00    0,00    0,00    0,00    0,00    0,00    0,00    0,00    0,00  100,00
05:15:27      12    1,00    0,00    0,00    0,00    0,00    0,00    0,00    0,00    0,00   99,00
05:15:27      13    0,00    0,00    0,00    0,00    0,00    0,00    0,00    0,00    0,00  100,00
05:15:27      14    0,00    0,00    0,00    0,00    0,00    0,00    0,00    0,00    0,00  100,00
05:15:27      15    0,00    0,00    0,00    0,00    0,00    0,00    0,00    0,00    0,00  100,00
05:15:27      16    0,00    0,00    0,00    0,00    0,00    0,00    0,00    0,00    0,00  100,00
05:15:27      17    0,00    0,00    0,00    0,00    0,00    0,00    0,00    0,00    0,00  100,00
05:15:27      18    0,00    0,00    0,00    0,00    0,00    0,00    0,00    0,00    0,00  100,00
05:15:27      19    0,00    0,00    0,00    0,00    0,00    0,00    0,00    0,00    0,00  100,00
05:15:27      20    0,00    0,00    0,00    0,00    0,00    0,00    0,00    0,00    0,00  100,00
05:15:27      21    0,00    0,00    0,00    0,00    0,00    0,00    0,00    0,00    0,00  100,00
05:15:27      22    0,00    0,00    0,00    0,00    0,00    0,00    0,00    0,00    0,00  100,00
05:15:27      23    0,00    0,00    0,00    0,00    0,00    0,00    0,00    0,00    0,00  100,00

05:15:27     CPU    %usr   %nice    %sys %iowait    %irq   %soft  %steal  %guest  %gnice   %idle
05:15:28     all    0,00    0,00    0,04    0,12    0,00    6,24    0,00    0,00    0,00   93,59
05:15:28       0    0,00    0,00    0,00    0,00    0,00    0,00    0,00    0,00    0,00  100,00
05:15:28       1    0,00    0,00    0,00    0,00    0,00   49,50    0,00    0,00    0,00   50,50
05:15:28       2    0,00    0,00    0,00    0,00    0,00    0,00    0,00    0,00    0,00  100,00
05:15:28       3    0,00    0,00    0,00    0,00    0,00  100,00    0,00    0,00    0,00    0,00
05:15:28       4    0,00    0,00    0,00    1,98    0,00    0,00    0,00    0,00    0,00   98,02
05:15:28       5    0,00    0,00    0,00    0,00    0,00    0,00    0,00    0,00    0,00  100,00
05:15:28       6    0,00    0,00    0,00    0,00    0,00    0,00    0,00    0,00    0,00  100,00
05:15:28       7    0,00    0,00    0,00    0,00    0,00    0,00    0,00    0,00    0,00  100,00
05:15:28       8    0,00    0,00    0,00    0,00    0,00    0,00    0,00    0,00    0,00  100,00
05:15:28       9    0,00    0,00    0,00    0,00    0,00    0,00    0,00    0,00    0,00  100,00
05:15:28      10    0,00    0,00    0,00    0,00    0,00    0,00    0,00    0,00    0,00  100,00
05:15:28      11    0,00    0,00    0,00    0,00    0,00    0,00    0,00    0,00    0,00  100,00
05:15:28      12    0,00    0,00    0,00    0,00    0,00    0,00    0,00    0,00    0,00  100,00
05:15:28      13    0,00    0,00    0,00    0,00    0,00    0,00    0,00    0,00    0,00  100,00
05:15:28      14    0,00    0,00    0,99    0,99    0,00    0,00    0,00    0,00    0,00   98,02
05:15:28      15    0,00    0,00    0,00    0,00    0,00    0,00    0,00    0,00    0,00  100,00
05:15:28      16    0,00    0,00    0,00    0,00    0,00    0,00    0,00    0,00    0,00  100,00
05:15:28      17    0,00    0,00    0,00    0,00    0,00    0,00    0,00    0,00    0,00  100,00
05:15:28      18    0,00    0,00    0,00    0,00    0,00    0,00    0,00    0,00    0,00  100,00
05:15:28      19    0,00    0,00    0,00    0,00    0,00    0,00    0,00    0,00    0,00  100,00
05:15:28      20    0,00    0,00    0,00    0,00    0,00    0,00    0,00    0,00    0,00  100,00
05:15:28      21    0,00    0,00    0,00    0,00    0,00    0,00    0,00    0,00    0,00  100,00
05:15:28      22    0,00    0,00    0,00    0,00    0,00    0,00    0,00    0,00    0,00  100,00
05:15:28      23    0,00    0,00    0,00    0,00    0,00    0,00    0,00    0,00    0,00  100,00

05:15:28     CPU    %usr   %nice    %sys %iowait    %irq   %soft  %steal  %guest  %gnice   %idle
05:15:29     all    0,04    0,00    0,00    0,08    0,00    6,37    0,00    0,00    0,00   93,51
05:15:29       0    0,00    0,00    0,00    0,00    0,00    0,00    0,00    0,00    0,00  100,00
05:15:29       1    0,00    0,00    0,00    0,00    0,00   50,48    0,00    0,00    0,00   49,52
05:15:29       2    0,00    0,00    0,00    0,00    0,00    0,00    0,00    0,00    0,00  100,00
05:15:29       3    0,00    0,00    0,00    0,00    0,00  100,00    0,00    0,00    0,00    0,00
05:15:29       4    0,00    0,00    0,00    1,00    0,00    0,00    0,00    0,00    0,00   99,00
05:15:29       5    0,00    0,00    0,00    0,00    0,00    0,00    0,00    0,00    0,00  100,00
05:15:29       6    0,00    0,00    0,00    0,00    0,00    0,00    0,00    0,00    0,00  100,00
05:15:29       7    0,00    0,00    0,00    1,00    0,00    0,00    0,00    0,00    0,00   99,00
05:15:29       8    0,00    0,00    0,00    0,00    0,00    0,00    0,00    0,00    0,00  100,00
05:15:29       9    0,00    0,00    0,00    0,00    0,00    0,00    0,00    0,00    0,00  100,00
05:15:29      10    0,00    0,00    0,00    0,00    0,00    0,00    0,00    0,00    0,00  100,00
05:15:29      11    0,00    0,00    0,00    0,00    0,00    0,00    0,00    0,00    0,00  100,00
05:15:29      12    0,99    0,00    0,00    0,00    0,00    0,00    0,00    0,00    0,00   99,01
05:15:29      13    0,00    0,00    0,00    0,00    0,00    0,00    0,00    0,00    0,00  100,00
05:15:29      14    0,00    0,00    0,00    0,00    0,00    0,00    0,00    0,00    0,00  100,00
05:15:29      15    0,00    0,00    0,00    0,00    0,00    0,00    0,00    0,00    0,00  100,00
05:15:29      16    0,00    0,00    0,00    0,00    0,00    0,00    0,00    0,00    0,00  100,00
05:15:29      17    0,00    0,00    0,00    0,00    0,00    0,00    0,00    0,00    0,00  100,00
05:15:29      18    0,00    0,00    0,00    0,00    0,00    0,00    0,00    0,00    0,00  100,00
05:15:29      19    0,00    0,00    0,00    0,00    0,00    0,00    0,00    0,00    0,00  100,00
05:15:29      20    0,00    0,00    0,00    0,00    0,00    0,00    0,00    0,00    0,00  100,00
05:15:29      21    0,00    0,00    0,00    0,00    0,00    0,00    0,00    0,00    0,00  100,00
05:15:29      22    0,00    0,00    0,00    0,00    0,00    0,00    0,00    0,00    0,00  100,00
05:15:29      23    0,00    0,00    0,00    0,00    0,00    0,00    0,00    0,00    0,00  100,00

05:15:29     CPU    %usr   %nice    %sys %iowait    %irq   %soft  %steal  %guest  %gnice   %idle
05:15:30     all    0,00    0,00    0,00    0,00    0,00    6,25    0,00    0,00    0,00   93,75
05:15:30       0    0,00    0,00    0,00    0,00    0,00    0,00    0,00    0,00    0,00  100,00
05:15:30       1    0,00    0,00    0,00    0,00    0,00   49,50    0,00    0,00    0,00   50,50
05:15:30       2    0,00    0,00    0,00    0,00    0,00    0,00    0,00    0,00    0,00  100,00
05:15:30       3    0,00    0,00    0,00    0,00    0,00  100,00    0,00    0,00    0,00    0,00
05:15:30       4    0,00    0,00    0,00    0,00    0,00    0,00    0,00    0,00    0,00  100,00
05:15:30       5    0,00    0,00    0,00    0,00    0,00    0,00    0,00    0,00    0,00  100,00
05:15:30       6    0,00    0,00    0,00    0,00    0,00    0,00    0,00    0,00    0,00  100,00
05:15:30       7    0,00    0,00    0,00    0,00    0,00    0,00    0,00    0,00    0,00  100,00
05:15:30       8    0,00    0,00    0,00    0,00    0,00    0,00    0,00    0,00    0,00  100,00
05:15:30       9    0,00    0,00    0,00    0,00    0,00    0,00    0,00    0,00    0,00  100,00
05:15:30      10    0,00    0,00    0,00    0,00    0,00    0,00    0,00    0,00    0,00  100,00
05:15:30      11    0,00    0,00    0,00    0,00    0,00    0,00    0,00    0,00    0,00  100,00
05:15:30      12    0,00    0,00    0,00    0,00    0,00    0,00    0,00    0,00    0,00  100,00
05:15:30      13    0,00    0,00    0,00    0,00    0,00    0,00    0,00    0,00    0,00  100,00
05:15:30      14    0,00    0,00    0,00    0,00    0,00    0,00    0,00    0,00    0,00  100,00
05:15:30      15    0,00    0,00    0,00    0,00    0,00    0,00    0,00    0,00    0,00  100,00
05:15:30      16    0,00    0,00    0,00    0,00    0,00    0,00    0,00    0,00    0,00  100,00
05:15:30      17    0,00    0,00    0,00    0,00    0,00    0,00    0,00    0,00    0,00  100,00
05:15:30      18    0,00    0,00    0,00    0,00    0,00    0,00    0,00    0,00    0,00  100,00
05:15:30      19    0,00    0,00    0,00    0,00    0,00    0,00    0,00    0,00    0,00  100,00
05:15:30      20    0,00    0,00    0,00    0,00    0,00    0,00    0,00    0,00    0,00  100,00
05:15:30      21    0,00    0,00    0,00    0,00    0,00    0,00    0,00    0,00    0,00  100,00
05:15:30      22    0,00    0,00    0,00    0,00    0,00    0,00    0,00    0,00    0,00  100,00
05:15:30      23    0,00    0,00    0,00    0,00    0,00    0,00    0,00    0,00    0,00  100,00

05:15:30     CPU    %usr   %nice    %sys %iowait    %irq   %soft  %steal  %guest  %gnice   %idle
05:15:31     all    0,08    0,00    0,12    0,00    0,00    6,36    0,00    0,00    0,00   93,43
05:15:31       0    0,00    0,00    0,00    0,00    0,00    0,00    0,00    0,00    0,00  100,00
05:15:31       1    0,00    0,00    0,00    0,00    0,00   50,96    0,00    0,00    0,00   49,04
05:15:31       2    0,00    0,00    0,00    0,00    0,00    0,00    0,00    0,00    0,00  100,00
05:15:31       3    0,00    0,00    0,00    0,00    0,00  100,00    0,00    0,00    0,00    0,00
05:15:31       4    0,00    0,00    0,99    0,00    0,00    0,00    0,00    0,00    0,00   99,01
05:15:31       5    0,00    0,00    0,00    0,00    0,00    0,00    0,00    0,00    0,00  100,00
05:15:31       6    0,00    0,00    0,00    0,00    0,00    0,00    0,00    0,00    0,00  100,00
05:15:31       7    0,00    0,00    0,00    0,00    0,00    0,00    0,00    0,00    0,00  100,00
05:15:31       8    0,00    0,00    0,00    0,00    0,00    0,00    0,00    0,00    0,00  100,00
05:15:31       9    0,00    0,00    0,00    0,00    0,00    0,00    0,00    0,00    0,00  100,00
05:15:31      10    0,00    0,00    1,00    0,00    0,00    0,00    0,00    0,00    0,00   99,00
05:15:31      11    0,00    0,00    0,00    0,00    0,00    0,00    0,00    0,00    0,00  100,00
05:15:31      12    1,00    0,00    0,00    0,00    0,00    0,00    0,00    0,00    0,00   99,00
05:15:31      13    0,00    0,00    0,00    0,00    0,00    0,00    0,00    0,00    0,00  100,00
05:15:31      14    0,99    0,00    0,00    0,00    0,00    0,00    0,00    0,00    0,00   99,01
05:15:31      15    0,00    0,00    0,00    0,00    0,00    0,00    0,00    0,00    0,00  100,00
05:15:31      16    0,00    0,00    0,00    0,00    0,00    0,00    0,00    0,00    0,00  100,00
05:15:31      17    0,00    0,00    0,00    0,00    0,00    0,00    0,00    0,00    0,00  100,00
05:15:31      18    0,00    0,00    0,00    0,00    0,00    0,00    0,00    0,00    0,00  100,00
05:15:31      19    0,00    0,00    0,00    0,00    0,00    0,00    0,00    0,00    0,00  100,00
05:15:31      20    0,00    0,00    0,00    0,00    0,00    0,00    0,00    0,00    0,00  100,00
05:15:31      21    0,00    0,00    0,00    0,00    0,00    0,00    0,00    0,00    0,00  100,00
05:15:31      22    0,00    0,00    0,99    0,00    0,00    0,00    0,00    0,00    0,00   99,01
05:15:31      23    0,00    0,00    0,00    0,00    0,00    0,00    0,00    0,00    0,00  100,00

05:15:31     CPU    %usr   %nice    %sys %iowait    %irq   %soft  %steal  %guest  %gnice   %idle
05:15:32     all    0,08    0,00    0,12    0,00    0,00    6,31    0,00    0,00    0,00   93,48
05:15:32       0    0,00    0,00    0,00    0,00    0,00    0,00    0,00    0,00    0,00  100,00
05:15:32       1    0,00    0,00    0,95    0,00    0,00   49,52    0,00    0,00    0,00   49,52
05:15:32       2    0,00    0,00    0,00    0,00    0,00    0,00    0,00    0,00    0,00  100,00
05:15:32       3    0,00    0,00    0,99    0,00    0,00   99,01    0,00    0,00    0,00    0,00
05:15:32       4    0,00    0,00    0,00    0,00    0,00    0,00    0,00    0,00    0,00  100,00
05:15:32       5    0,00    0,00    0,00    0,00    0,00    0,00    0,00    0,00    0,00  100,00
05:15:32       6    0,00    0,00    0,00    0,00    0,00    0,00    0,00    0,00    0,00  100,00
05:15:32       7    0,00    0,00    0,00    0,00    0,00    0,00    0,00    0,00    0,00  100,00
05:15:32       8    0,00    0,00    0,00    0,00    0,00    0,00    0,00    0,00    0,00  100,00
05:15:32       9    0,00    0,00    0,00    0,00    0,00    0,00    0,00    0,00    0,00  100,00
05:15:32      10    0,99    0,00    0,00    0,00    0,00    0,00    0,00    0,00    0,00   99,01
05:15:32      11    0,00    0,00    0,00    0,00    0,00    0,00    0,00    0,00    0,00  100,00
05:15:32      12    0,98    0,00    0,98    0,00    0,00    0,00    0,00    0,00    0,00   98,04
05:15:32      13    0,00    0,00    0,00    0,00    0,00    0,00    0,00    0,00    0,00  100,00
05:15:32      14    0,00    0,00    0,00    0,00    0,00    0,00    0,00    0,00    0,00  100,00
05:15:32      15    0,00    0,00    0,00    0,00    0,00    0,00    0,00    0,00    0,00  100,00
05:15:32      16    0,00    0,00    0,00    0,00    0,00    0,00    0,00    0,00    0,00  100,00
05:15:32      17    0,00    0,00    0,00    0,00    0,00    0,00    0,00    0,00    0,00  100,00
05:15:32      18    0,00    0,00    0,00    0,00    0,00    0,00    0,00    0,00    0,00  100,00
05:15:32      19    0,00    0,00    0,00    0,00    0,00    0,00    0,00    0,00    0,00  100,00
05:15:32      20    0,00    0,00    0,00    0,00    0,00    0,00    0,00    0,00    0,00  100,00
05:15:32      21    0,00    0,00    0,00    0,00    0,00    0,00    0,00    0,00    0,00  100,00
05:15:32      22    0,00    0,00    0,00    0,00    0,00    0,00    0,00    0,00    0,00  100,00
05:15:32      23    0,00    0,00    0,00    0,00    0,00    0,00    0,00    0,00    0,00  100,00

05:15:32     CPU    %usr   %nice    %sys %iowait    %irq   %soft  %steal  %guest  %gnice   %idle
05:15:33     all    0,29    0,00    0,25    0,08    0,00    6,37    0,00    0,00    0,00   93,01
05:15:33       0    0,00    0,00    0,00    0,00    0,00    0,00    0,00    0,00    0,00  100,00
05:15:33       1    0,00    0,00    0,00    0,00    0,00   51,46    0,00    0,00    0,00   48,54
05:15:33       2    0,00    0,00    0,00    0,00    0,00    0,00    0,00    0,00    0,00  100,00
05:15:33       3    0,00    0,00    0,00    0,00    0,00  100,00    0,00    0,00    0,00    0,00
05:15:33       4    0,00    0,00    0,00    1,01    0,00    0,00    0,00    0,00    0,00   98,99
05:15:33       5    0,00    0,00    0,00    0,00    0,00    0,00    0,00    0,00    0,00  100,00
05:15:33       6    0,00    0,00    0,00    0,00    0,00    0,00    0,00    0,00    0,00  100,00
05:15:33       7    0,00    0,00    0,00    0,00    0,00    0,00    0,00    0,00    0,00  100,00
05:15:33       8    6,93    0,00    5,94    0,00    0,00    0,00    0,00    0,00    0,00   87,13
05:15:33       9    0,00    0,00    0,00    0,00    0,00    0,00    0,00    0,00    0,00  100,00
05:15:33      10    0,00    0,00    0,00    0,00    0,00    0,00    0,00    0,00    0,00  100,00
05:15:33      11    0,00    0,00    0,00    0,00    0,00    0,00    0,00    0,00    0,00  100,00
05:15:33      12    0,00    0,00    0,00    0,00    0,00    0,00    0,00    0,00    0,00  100,00
05:15:33      13    0,00    0,00    0,00    0,00    0,00    0,00    0,00    0,00    0,00  100,00
05:15:33      14    0,00    0,00    0,00    0,00    0,00    0,00    0,00    0,00    0,00  100,00
05:15:33      15    0,00    0,00    0,00    0,00    0,00    0,00    0,00    0,00    0,00  100,00
05:15:33      16    0,00    0,00    0,00    1,00    0,00    0,00    0,00    0,00    0,00   99,00
05:15:33      17    0,00    0,00    0,00    0,00    0,00    0,00    0,00    0,00    0,00  100,00
05:15:33      18    0,00    0,00    0,00    0,00    0,00    0,00    0,00    0,00    0,00  100,00
05:15:33      19    0,00    0,00    0,00    0,00    0,00    0,00    0,00    0,00    0,00  100,00
05:15:33      20    0,00    0,00    0,00    0,00    0,00    0,00    0,00    0,00    0,00  100,00
05:15:33      21    0,00    0,00    0,00    0,00    0,00    0,00    0,00    0,00    0,00  100,00
05:15:33      22    0,00    0,00    0,00    0,00    0,00    0,00    0,00    0,00    0,00  100,00
05:15:33      23    0,00    0,00    0,00    0,00    0,00    0,00    0,00    0,00    0,00  100,00

05:15:33     CPU    %usr   %nice    %sys %iowait    %irq   %soft  %steal  %guest  %gnice   %idle
05:15:34     all    0,04    0,00    0,00    0,00    0,00    6,33    0,00    0,00    0,00   93,63
05:15:34       0    0,00    0,00    0,00    0,00    0,00    0,00    0,00    0,00    0,00  100,00
05:15:34       1    0,00    0,00    0,00    0,00    0,00   50,49    0,00    0,00    0,00   49,51
05:15:34       2    0,00    0,00    0,00    0,00    0,00    0,00    0,00    0,00    0,00  100,00
05:15:34       3    0,00    0,00    0,00    0,00    0,00  100,00    0,00    0,00    0,00    0,00
05:15:34       4    0,00    0,00    0,00    0,00    0,00    0,00    0,00    0,00    0,00  100,00
05:15:34       5    0,00    0,00    0,00    0,00    0,00    0,00    0,00    0,00    0,00  100,00
05:15:34       6    0,00    0,00    0,00    0,00    0,00    0,00    0,00    0,00    0,00  100,00
05:15:34       7    0,00    0,00    0,00    0,00    0,00    0,00    0,00    0,00    0,00  100,00
05:15:34       8    0,00    0,00    0,00    0,00    0,00    0,00    0,00    0,00    0,00  100,00
05:15:34       9    0,00    0,00    0,00    0,00    0,00    0,00    0,00    0,00    0,00  100,00
05:15:34      10    0,00    0,00    0,00    0,00    0,00    0,00    0,00    0,00    0,00  100,00
05:15:34      11    0,00    0,00    0,00    0,00    0,00    0,00    0,00    0,00    0,00  100,00
05:15:34      12    1,00    0,00    0,00    0,00    0,00    0,00    0,00    0,00    0,00   99,00
05:15:34      13    0,00    0,00    0,00    0,00    0,00    0,00    0,00    0,00    0,00  100,00
05:15:34      14    0,00    0,00    0,00    0,00    0,00    0,00    0,00    0,00    0,00  100,00
05:15:34      15    0,00    0,00    0,00    0,00    0,00    0,00    0,00    0,00    0,00  100,00
05:15:34      16    0,00    0,00    0,00    0,00    0,00    0,00    0,00    0,00    0,00  100,00
05:15:34      17    0,00    0,00    0,00    0,00    0,00    0,00    0,00    0,00    0,00  100,00
05:15:34      18    0,00    0,00    0,00    0,00    0,00    0,00    0,00    0,00    0,00  100,00
05:15:34      19    0,00    0,00    0,00    0,00    0,00    0,00    0,00    0,00    0,00  100,00
05:15:34      20    0,00    0,00    0,00    0,00    0,00    0,00    0,00    0,00    0,00  100,00
05:15:34      21    0,00    0,00    0,00    0,00    0,00    0,00    0,00    0,00    0,00  100,00
05:15:34      22    0,00    0,00    0,00    0,00    0,00    0,00    0,00    0,00    0,00  100,00
05:15:34      23    0,00    0,00    0,00    0,00    0,00    0,00    0,00    0,00    0,00  100,00

05:15:34     CPU    %usr   %nice    %sys %iowait    %irq   %soft  %steal  %guest  %gnice   %idle
05:15:35     all    0,04    0,00    0,00    0,00    0,00    6,17    0,00    0,00    0,00   93,79
05:15:35       0    0,00    0,00    0,00    0,00    0,00    0,00    0,00    0,00    0,00  100,00
05:15:35       1    0,00    0,00    0,00    0,00    0,00   48,48    0,00    0,00    0,00   51,52
05:15:35       2    0,00    0,00    0,00    0,00    0,00    0,00    0,00    0,00    0,00  100,00
05:15:35       3    0,00    0,00    0,00    0,00    0,00  100,00    0,00    0,00    0,00    0,00
05:15:35       4    0,00    0,00    0,00    0,00    0,00    0,00    0,00    0,00    0,00  100,00
05:15:35       5    0,00    0,00    0,00    0,00    0,00    0,00    0,00    0,00    0,00  100,00
05:15:35       6    0,00    0,00    0,00    0,00    0,00    0,00    0,00    0,00    0,00  100,00
05:15:35       7    0,00    0,00    0,00    0,00    0,00    0,00    0,00    0,00    0,00  100,00
05:15:35       8    0,99    0,00    0,00    0,00    0,00    0,00    0,00    0,00    0,00   99,01
05:15:35       9    0,00    0,00    0,00    0,00    0,00    0,00    0,00    0,00    0,00  100,00
05:15:35      10    0,00    0,00    0,00    0,00    0,00    0,00    0,00    0,00    0,00  100,00
05:15:35      11    0,00    0,00    0,00    0,00    0,00    0,00    0,00    0,00    0,00  100,00
05:15:35      12    0,00    0,00    0,00    0,00    0,00    0,00    0,00    0,00    0,00  100,00
05:15:35      13    0,00    0,00    0,00    0,00    0,00    0,00    0,00    0,00    0,00  100,00
05:15:35      14    0,00    0,00    0,00    0,00    0,00    0,00    0,00    0,00    0,00  100,00
05:15:35      15    0,00    0,00    0,00    0,00    0,00    0,00    0,00    0,00    0,00  100,00
05:15:35      16    0,00    0,00    0,00    0,00    0,00    0,00    0,00    0,00    0,00  100,00
05:15:35      17    0,00    0,00    0,00    0,00    0,00    0,00    0,00    0,00    0,00  100,00
05:15:35      18    0,00    0,00    0,00    0,00    0,00    0,00    0,00    0,00    0,00  100,00
05:15:35      19    0,00    0,00    0,00    0,00    0,00    0,00    0,00    0,00    0,00  100,00
05:15:35      20    0,00    0,00    0,00    0,00    0,00    0,00    0,00    0,00    0,00  100,00
05:15:35      21    0,00    0,00    0,00    0,00    0,00    0,00    0,00    0,00    0,00  100,00
05:15:35      22    0,00    0,00    0,00    0,00    0,00    0,00    0,00    0,00    0,00  100,00
05:15:35      23    0,00    0,00    0,00    0,00    0,00    0,00    0,00    0,00    0,00  100,00

05:15:35     CPU    %usr   %nice    %sys %iowait    %irq   %soft  %steal  %guest  %gnice   %idle
05:15:36     all    1,04    0,00    0,58    0,00    0,00    6,48    0,00    0,00    0,00   91,90
05:15:36       0    1,01    0,00    0,00    0,00    0,00    0,00    0,00    0,00    0,00   98,99
05:15:36       1    0,92    0,00    0,92    0,00    0,00   51,38    0,00    0,00    0,00   46,79
05:15:36       2    0,00    0,00    0,00    0,00    0,00    0,00    0,00    0,00    0,00  100,00
05:15:36       3    0,00    0,00    0,00    0,00    0,00  100,00    0,00    0,00    0,00    0,00
05:15:36       4    1,01    0,00    0,00    0,00    0,00    0,00    0,00    0,00    0,00   98,99
05:15:36       5    0,00    0,00    0,00    0,00    0,00    0,00    0,00    0,00    0,00  100,00
05:15:36       6    2,00    0,00    1,00    0,00    0,00    0,00    0,00    0,00    0,00   97,00
05:15:36       7    0,00    0,00    0,00    0,00    0,00    0,00    0,00    0,00    0,00  100,00
05:15:36       8    0,00    0,00    0,00    0,00    0,00    0,00    0,00    0,00    0,00  100,00
05:15:36       9    0,00    0,00    0,99    0,00    0,00    0,00    0,00    0,00    0,00   99,01
05:15:36      10    7,14    0,00    0,00    0,00    0,00    0,00    0,00    0,00    0,00   92,86
05:15:36      11    0,00    0,00    0,00    0,00    0,00    0,00    0,00    0,00    0,00  100,00
05:15:36      12    0,00    0,00    0,00    0,00    0,00    0,00    0,00    0,00    0,00  100,00
05:15:36      13    0,00    0,00    0,00    0,00    0,00    0,00    0,00    0,00    0,00  100,00
05:15:36      14    0,99    0,00    0,00    0,00    0,00    0,00    0,00    0,00    0,00   99,01
05:15:36      15    0,00    0,00    0,00    0,00    0,00    0,00    0,00    0,00    0,00  100,00
05:15:36      16    2,00    0,00    1,00    0,00    0,00    0,00    0,00    0,00    0,00   97,00
05:15:36      17    1,98    0,00    1,98    0,00    0,00    0,00    0,00    0,00    0,00   96,04
05:15:36      18    1,98    0,00    1,98    0,00    0,00    0,00    0,00    0,00    0,00   96,04
05:15:36      19    1,98    0,00    1,98    0,00    0,00    0,00    0,00    0,00    0,00   96,04
05:15:36      20    1,00    0,00    1,00    0,00    0,00    0,00    0,00    0,00    0,00   98,00
05:15:36      21    0,00    0,00    1,00    0,00    0,00    0,00    0,00    0,00    0,00   99,00
05:15:36      22    1,00    0,00    0,00    0,00    0,00    0,00    0,00    0,00    0,00   99,00
05:15:36      23    2,00    0,00    2,00    0,00    0,00    0,00    0,00    0,00    0,00   96,00
