Linux 6.8.0-111-generic (testbed-node6) 	06/05/26 	_x86_64_	(24 CPU)

13:02:35     CPU    %usr   %nice    %sys %iowait    %irq   %soft  %steal  %guest  %gnice   %idle
13:02:36     all    0,75    0,00    0,17    0,04    0,00    8,30    0,00    0,00    0,00   90,74
13:02:36       0    6,06    0,00    0,00    0,00    0,00    0,00    0,00    0,00    0,00   93,94
13:02:36       1    0,00    0,00    0,00    0,00    0,00    0,00    0,00    0,00    0,00  100,00
13:02:36       2    0,00    0,00    0,00    0,00    0,00  100,00    0,00    0,00    0,00    0,00
13:02:36       3    0,00    0,00    0,00    0,00    0,00    0,00    0,00    0,00    0,00  100,00
13:02:36       4    0,00    0,00    0,00    0,00    0,00  100,00    0,00    0,00    0,00    0,00
13:02:36       5    0,00    0,00    0,00    0,00    0,00    0,00    0,00    0,00    0,00  100,00
13:02:36       6    0,00    0,00    0,00    0,00    0,00    0,00    0,00    0,00    0,00  100,00
13:02:36       7    0,00    0,00    0,00    0,00    0,00    0,00    0,00    0,00    0,00  100,00
13:02:36       8    1,00    0,00    0,00    0,00    0,00    0,00    0,00    0,00    0,00   99,00
13:02:36       9    0,00    0,00    0,00    0,00    0,00    0,00    0,00    0,00    0,00  100,00
13:02:36      10    0,00    0,00    0,00    0,00    0,00    0,00    0,00    0,00    0,00  100,00
13:02:36      11    1,00    0,00    0,00    0,00    0,00    0,00    0,00    0,00    0,00   99,00
13:02:36      12    0,00    0,00    0,00    0,00    0,00    0,00    0,00    0,00    0,00  100,00
13:02:36      13    1,00    0,00    0,00    0,00    0,00    0,00    0,00    0,00    0,00   99,00
13:02:36      14    6,93    0,00    0,99    0,00    0,00    0,00    0,00    0,00    0,00   92,08
13:02:36      15    0,00    0,00    0,00    0,00    0,00    0,00    0,00    0,00    0,00  100,00
13:02:36      16    0,00    0,00    1,02    1,02    0,00    0,00    0,00    0,00    0,00   97,96
13:02:36      17    0,99    0,00    0,99    0,00    0,00    0,00    0,00    0,00    0,00   98,02
13:02:36      18    0,00    0,00    0,00    0,00    0,00    0,00    0,00    0,00    0,00  100,00
13:02:36      19    0,00    0,00    0,99    0,00    0,00    0,00    0,00    0,00    0,00   99,01
13:02:36      20    0,00    0,00    0,00    0,00    0,00    0,00    0,00    0,00    0,00  100,00
13:02:36      21    0,99    0,00    0,00    0,00    0,00    0,00    0,00    0,00    0,00   99,01
13:02:36      22    0,00    0,00    0,00    0,00    0,00    0,00    0,00    0,00    0,00  100,00
13:02:36      23    0,00    0,00    0,00    0,00    0,00    0,00    0,00    0,00    0,00  100,00

13:02:36     CPU    %usr   %nice    %sys %iowait    %irq   %soft  %steal  %guest  %gnice   %idle
13:02:37     all    0,29    0,00    0,00    0,00    0,00   14,21    0,00    0,00    0,00   85,50
13:02:37       0    4,95    0,00    0,00    0,00    0,00    0,00    0,00    0,00    0,00   95,05
13:02:37       1    0,00    0,00    0,00    0,00    0,00    0,00    0,00    0,00    0,00  100,00
13:02:37       2    0,00    0,00    0,00    0,00    0,00  100,00    0,00    0,00    0,00    0,00
13:02:37       3    0,00    0,00    0,00    0,00    0,00    0,00    0,00    0,00    0,00  100,00
13:02:37       4    0,00    0,00    0,00    0,00    0,00  100,00    0,00    0,00    0,00    0,00
13:02:37       5    0,00    0,00    0,00    0,00    0,00    0,00    0,00    0,00    0,00  100,00
13:02:37       6    0,00    0,00    0,00    0,00    0,00    0,00    0,00    0,00    0,00  100,00
13:02:37       7    0,00    0,00    0,00    0,00    0,00    0,00    0,00    0,00    0,00  100,00
13:02:37       8    0,00    0,00    0,00    0,00    0,00   70,30    0,00    0,00    0,00   29,70
13:02:37       9    0,00    0,00    0,00    0,00    0,00    0,00    0,00    0,00    0,00  100,00
13:02:37      10    0,00    0,00    0,00    0,00    0,00    0,00    0,00    0,00    0,00  100,00
13:02:37      11    0,00    0,00    0,00    0,00    0,00    0,00    0,00    0,00    0,00  100,00
13:02:37      12    0,99    0,00    0,00    0,00    0,00    0,00    0,00    0,00    0,00   99,01
13:02:37      13    0,00    0,00    0,00    0,00    0,00    0,00    0,00    0,00    0,00  100,00
13:02:37      14    0,00    0,00    0,00    0,00    0,00    0,00    0,00    0,00    0,00  100,00
13:02:37      15    0,00    0,00    0,00    0,00    0,00    0,00    0,00    0,00    0,00  100,00
13:02:37      16    0,99    0,00    0,00    0,00    0,00    0,00    0,00    0,00    0,00   99,01
13:02:37      17    0,00    0,00    0,00    0,00    0,00    0,00    0,00    0,00    0,00  100,00
13:02:37      18    0,00    0,00    0,00    0,00    0,00    0,00    0,00    0,00    0,00  100,00
13:02:37      19    0,00    0,00    0,00    0,00    0,00    0,00    0,00    0,00    0,00  100,00
13:02:37      20    0,00    0,00    0,00    0,00    0,00    0,00    0,00    0,00    0,00  100,00
13:02:37      21    0,00    0,00    0,00    0,00    0,00    0,00    0,00    0,00    0,00  100,00
13:02:37      22    0,00    0,00    0,00    0,00    0,00   70,71    0,00    0,00    0,00   29,29
13:02:37      23    0,00    0,00    0,00    0,00    0,00    0,00    0,00    0,00    0,00  100,00

13:02:37     CPU    %usr   %nice    %sys %iowait    %irq   %soft  %steal  %guest  %gnice   %idle
13:02:38     all    1,88    0,00    0,50    0,00    0,00   16,69    0,00    0,00    0,00   80,93
13:02:38       0    5,00    0,00    0,00    0,00    0,00    0,00    0,00    0,00    0,00   95,00
13:02:38       1    0,00    0,00    0,00    0,00    0,00    0,00    0,00    0,00    0,00  100,00
13:02:38       2    0,00    0,00    0,00    0,00    0,00  100,00    0,00    0,00    0,00    0,00
13:02:38       3    0,00    0,00    0,00    0,00    0,00    0,00    0,00    0,00    0,00  100,00
13:02:38       4    0,00    0,00    0,00    0,00    0,00  100,00    0,00    0,00    0,00    0,00
13:02:38       5    0,00    0,00    0,00    0,00    0,00    0,00    0,00    0,00    0,00  100,00
13:02:38       6    0,99    0,00    0,00    0,00    0,00    0,00    0,00    0,00    0,00   99,01
13:02:38       7    0,00    0,00    0,00    0,00    0,00    0,00    0,00    0,00    0,00  100,00
13:02:38       8    0,00    0,00    0,00    0,00    0,00  100,00    0,00    0,00    0,00    0,00
13:02:38       9    0,00    0,00    0,00    0,00    0,00    0,00    0,00    0,00    0,00  100,00
13:02:38      10    2,00    0,00    2,00    0,00    0,00    0,00    0,00    0,00    0,00   96,00
13:02:38      11    0,00    0,00    0,00    0,00    0,00    0,00    0,00    0,00    0,00  100,00
13:02:38      12    1,00    0,00    0,00    0,00    0,00    0,00    0,00    0,00    0,00   99,00
13:02:38      13    1,01    0,00    1,01    0,00    0,00    0,00    0,00    0,00    0,00   97,98
13:02:38      14    0,00    0,00    0,00    0,00    0,00    0,00    0,00    0,00    0,00  100,00
13:02:38      15    0,00    0,00    0,00    0,00    0,00    0,00    0,00    0,00    0,00  100,00
13:02:38      16   16,00    0,00    3,00    0,00    0,00    0,00    0,00    0,00    0,00   81,00
13:02:38      17   10,10    0,00    1,01    0,00    0,00    0,00    0,00    0,00    0,00   88,89
13:02:38      18    1,98    0,00    0,99    0,00    0,00    0,00    0,00    0,00    0,00   97,03
13:02:38      19    3,06    0,00    2,04    0,00    0,00    0,00    0,00    0,00    0,00   94,90
13:02:38      20    3,00    0,00    2,00    0,00    0,00    0,00    0,00    0,00    0,00   95,00
13:02:38      21    0,00    0,00    0,00    0,00    0,00    0,00    0,00    0,00    0,00  100,00
13:02:38      22    0,00    0,00    0,00    0,00    0,00  100,00    0,00    0,00    0,00    0,00
13:02:38      23    1,00    0,00    0,00    0,00    0,00    0,00    0,00    0,00    0,00   99,00

13:02:38     CPU    %usr   %nice    %sys %iowait    %irq   %soft  %steal  %guest  %gnice   %idle
13:02:39     all    0,00    0,00    0,04    0,00    0,00   16,71    0,00    0,00    0,00   83,25
13:02:39       0    0,00    0,00    0,00    0,00    0,00    0,00    0,00    0,00    0,00  100,00
13:02:39       1    0,00    0,00    0,00    0,00    0,00    0,00    0,00    0,00    0,00  100,00
13:02:39       2    0,00    0,00    0,00    0,00    0,00  100,00    0,00    0,00    0,00    0,00
13:02:39       3    0,00    0,00    0,00    0,00    0,00    0,00    0,00    0,00    0,00  100,00
13:02:39       4    0,00    0,00    0,00    0,00    0,00  100,00    0,00    0,00    0,00    0,00
13:02:39       5    0,00    0,00    0,00    0,00    0,00    0,00    0,00    0,00    0,00  100,00
13:02:39       6    0,00    0,00    1,00    0,00    0,00    0,00    0,00    0,00    0,00   99,00
13:02:39       7    0,00    0,00    0,00    0,00    0,00    0,00    0,00    0,00    0,00  100,00
13:02:39       8    0,00    0,00    0,00    0,00    0,00  100,00    0,00    0,00    0,00    0,00
13:02:39       9    0,00    0,00    0,00    0,00    0,00    0,00    0,00    0,00    0,00  100,00
13:02:39      10    0,00    0,00    0,00    0,00    0,00    0,00    0,00    0,00    0,00  100,00
13:02:39      11    0,00    0,00    0,00    0,00    0,00    0,00    0,00    0,00    0,00  100,00
13:02:39      12    0,00    0,00    0,00    0,00    0,00    0,00    0,00    0,00    0,00  100,00
13:02:39      13    0,00    0,00    0,00    0,00    0,00    0,00    0,00    0,00    0,00  100,00
13:02:39      14    0,00    0,00    0,00    0,00    0,00    0,00    0,00    0,00    0,00  100,00
13:02:39      15    0,00    0,00    0,00    0,00    0,00    0,00    0,00    0,00    0,00  100,00
13:02:39      16    0,00    0,00    0,00    0,00    0,00    0,00    0,00    0,00    0,00  100,00
13:02:39      17    0,00    0,00    0,00    0,00    0,00    0,00    0,00    0,00    0,00  100,00
13:02:39      18    0,00    0,00    0,00    0,00    0,00    0,00    0,00    0,00    0,00  100,00
13:02:39      19    0,00    0,00    0,00    0,00    0,00    0,00    0,00    0,00    0,00  100,00
13:02:39      20    0,00    0,00    0,00    0,00    0,00    0,00    0,00    0,00    0,00  100,00
13:02:39      21    0,00    0,00    0,00    0,00    0,00    0,00    0,00    0,00    0,00  100,00
13:02:39      22    0,00    0,00    0,00    0,00    0,00  100,00    0,00    0,00    0,00    0,00
13:02:39      23    0,00    0,00    0,00    0,00    0,00    0,00    0,00    0,00    0,00  100,00

13:02:39     CPU    %usr   %nice    %sys %iowait    %irq   %soft  %steal  %guest  %gnice   %idle
13:02:40     all    0,00    0,00    0,00    0,00    0,00   16,67    0,00    0,00    0,00   83,33
13:02:40       0    0,00    0,00    0,00    0,00    0,00    0,00    0,00    0,00    0,00  100,00
13:02:40       1    0,00    0,00    0,00    0,00    0,00    0,00    0,00    0,00    0,00  100,00
13:02:40       2    0,00    0,00    0,00    0,00    0,00  100,00    0,00    0,00    0,00    0,00
13:02:40       3    0,00    0,00    0,00    0,00    0,00    0,00    0,00    0,00    0,00  100,00
13:02:40       4    0,00    0,00    0,00    0,00    0,00  100,00    0,00    0,00    0,00    0,00
13:02:40       5    0,00    0,00    0,00    0,00    0,00    0,00    0,00    0,00    0,00  100,00
13:02:40       6    0,00    0,00    0,00    0,00    0,00    0,00    0,00    0,00    0,00  100,00
13:02:40       7    0,00    0,00    0,00    0,00    0,00    0,00    0,00    0,00    0,00  100,00
13:02:40       8    0,00    0,00    0,00    0,00    0,00  100,00    0,00    0,00    0,00    0,00
13:02:40       9    0,00    0,00    0,00    0,00    0,00    0,00    0,00    0,00    0,00  100,00
13:02:40      10    0,00    0,00    0,00    0,00    0,00    0,00    0,00    0,00    0,00  100,00
13:02:40      11    0,00    0,00    0,00    0,00    0,00    0,00    0,00    0,00    0,00  100,00
13:02:40      12    0,00    0,00    0,00    0,00    0,00    0,00    0,00    0,00    0,00  100,00
13:02:40      13    0,00    0,00    0,00    0,00    0,00    0,00    0,00    0,00    0,00  100,00
13:02:40      14    0,00    0,00    0,00    0,00    0,00    0,00    0,00    0,00    0,00  100,00
13:02:40      15    0,00    0,00    0,00    0,00    0,00    0,00    0,00    0,00    0,00  100,00
13:02:40      16    0,00    0,00    0,00    0,00    0,00    0,00    0,00    0,00    0,00  100,00
13:02:40      17    0,00    0,00    0,00    0,00    0,00    0,00    0,00    0,00    0,00  100,00
13:02:40      18    0,00    0,00    0,00    0,00    0,00    0,00    0,00    0,00    0,00  100,00
13:02:40      19    0,00    0,00    0,00    0,00    0,00    0,00    0,00    0,00    0,00  100,00
13:02:40      20    0,00    0,00    0,00    0,00    0,00    0,00    0,00    0,00    0,00  100,00
13:02:40      21    0,00    0,00    0,00    0,00    0,00    0,00    0,00    0,00    0,00  100,00
13:02:40      22    0,00    0,00    0,00    0,00    0,00  100,00    0,00    0,00    0,00    0,00
13:02:40      23    0,00    0,00    0,00    0,00    0,00    0,00    0,00    0,00    0,00  100,00

13:02:40     CPU    %usr   %nice    %sys %iowait    %irq   %soft  %steal  %guest  %gnice   %idle
13:02:41     all    0,04    0,00    0,00    0,04    0,00   16,67    0,00    0,00    0,00   83,25
13:02:41       0    0,00    0,00    0,00    1,00    0,00    0,00    0,00    0,00    0,00   99,00
13:02:41       1    0,00    0,00    0,00    0,00    0,00    0,00    0,00    0,00    0,00  100,00
13:02:41       2    0,00    0,00    0,00    0,00    0,00  100,00    0,00    0,00    0,00    0,00
13:02:41       3    0,00    0,00    0,00    0,00    0,00    0,00    0,00    0,00    0,00  100,00
13:02:41       4    0,00    0,00    0,00    0,00    0,00  100,00    0,00    0,00    0,00    0,00
13:02:41       5    0,00    0,00    0,00    0,00    0,00    0,00    0,00    0,00    0,00  100,00
13:02:41       6    0,00    0,00    0,00    0,00    0,00    0,00    0,00    0,00    0,00  100,00
13:02:41       7    0,00    0,00    0,00    0,00    0,00    0,00    0,00    0,00    0,00  100,00
13:02:41       8    0,00    0,00    0,00    0,00    0,00  100,00    0,00    0,00    0,00    0,00
13:02:41       9    0,00    0,00    0,00    0,00    0,00    0,00    0,00    0,00    0,00  100,00
13:02:41      10    0,00    0,00    0,00    0,00    0,00    0,00    0,00    0,00    0,00  100,00
13:02:41      11    0,00    0,00    0,00    0,00    0,00    0,00    0,00    0,00    0,00  100,00
13:02:41      12    0,00    0,00    0,00    0,00    0,00    0,00    0,00    0,00    0,00  100,00
13:02:41      13    0,00    0,00    0,00    0,00    0,00    0,00    0,00    0,00    0,00  100,00
13:02:41      14    0,00    0,00    0,00    0,00    0,00    0,00    0,00    0,00    0,00  100,00
13:02:41      15    0,00    0,00    0,00    0,00    0,00    0,00    0,00    0,00    0,00  100,00
13:02:41      16    0,00    0,00    0,00    0,00    0,00    0,00    0,00    0,00    0,00  100,00
13:02:41      17    0,00    0,00    0,00    0,00    0,00    0,00    0,00    0,00    0,00  100,00
13:02:41      18    0,00    0,00    0,00    0,00    0,00    0,00    0,00    0,00    0,00  100,00
13:02:41      19    0,99    0,00    0,00    0,00    0,00    0,00    0,00    0,00    0,00   99,01
13:02:41      20    0,00    0,00    0,00    0,00    0,00    0,00    0,00    0,00    0,00  100,00
13:02:41      21    0,00    0,00    0,00    0,00    0,00    0,00    0,00    0,00    0,00  100,00
13:02:41      22    0,00    0,00    0,00    0,00    0,00  100,00    0,00    0,00    0,00    0,00
13:02:41      23    0,00    0,00    0,00    0,00    0,00    0,00    0,00    0,00    0,00  100,00

13:02:41     CPU    %usr   %nice    %sys %iowait    %irq   %soft  %steal  %guest  %gnice   %idle
13:02:42     all    0,00    0,00    0,00    0,08    0,00   16,64    0,00    0,00    0,00   83,28
13:02:42       0    0,00    0,00    0,00    0,00    0,00    0,00    0,00    0,00    0,00  100,00
13:02:42       1    0,00    0,00    0,00    0,00    0,00    0,00    0,00    0,00    0,00  100,00
13:02:42       2    0,00    0,00    0,00    0,00    0,00  100,00    0,00    0,00    0,00    0,00
13:02:42       3    0,00    0,00    0,00    0,00    0,00    0,00    0,00    0,00    0,00  100,00
13:02:42       4    0,00    0,00    0,00    0,00    0,00  100,00    0,00    0,00    0,00    0,00
13:02:42       5    0,00    0,00    0,00    0,00    0,00    0,00    0,00    0,00    0,00  100,00
13:02:42       6    0,00    0,00    0,00    0,00    0,00    0,00    0,00    0,00    0,00  100,00
13:02:42       7    0,00    0,00    0,00    0,00    0,00    0,00    0,00    0,00    0,00  100,00
13:02:42       8    0,00    0,00    0,00    0,00    0,00  100,00    0,00    0,00    0,00    0,00
13:02:42       9    0,00    0,00    0,00    0,00    0,00    0,00    0,00    0,00    0,00  100,00
13:02:42      10    0,00    0,00    0,00    0,00    0,00    0,00    0,00    0,00    0,00  100,00
13:02:42      11    0,00    0,00    0,00    0,00    0,00    0,00    0,00    0,00    0,00  100,00
13:02:42      12    0,00    0,00    0,00    0,00    0,00    0,00    0,00    0,00    0,00  100,00
13:02:42      13    0,00    0,00    0,00    0,00    0,00    0,00    0,00    0,00    0,00  100,00
13:02:42      14    0,00    0,00    0,00    0,00    0,00    0,00    0,00    0,00    0,00  100,00
13:02:42      15    0,00    0,00    0,00    0,00    0,00    0,00    0,00    0,00    0,00  100,00
13:02:42      16    0,00    0,00    0,00    2,00    0,00    0,00    0,00    0,00    0,00   98,00
13:02:42      17    0,00    0,00    0,00    0,00    0,00    0,00    0,00    0,00    0,00  100,00
13:02:42      18    0,00    0,00    0,00    0,00    0,00    0,00    0,00    0,00    0,00  100,00
13:02:42      19    0,00    0,00    0,00    0,00    0,00    0,00    0,00    0,00    0,00  100,00
13:02:42      20    0,00    0,00    0,00    0,00    0,00    0,00    0,00    0,00    0,00  100,00
13:02:42      21    0,00    0,00    0,00    0,00    0,00    0,00    0,00    0,00    0,00  100,00
13:02:42      22    0,00    0,00    0,00    0,00    0,00  100,00    0,00    0,00    0,00    0,00
13:02:42      23    0,00    0,00    0,00    0,00    0,00    0,00    0,00    0,00    0,00  100,00

13:02:42     CPU    %usr   %nice    %sys %iowait    %irq   %soft  %steal  %guest  %gnice   %idle
13:02:43     all    0,00    0,00    0,00    0,00    0,00   16,68    0,00    0,00    0,00   83,32
13:02:43       0    0,00    0,00    0,00    0,00    0,00    0,00    0,00    0,00    0,00  100,00
13:02:43       1    0,00    0,00    0,00    0,00    0,00    0,00    0,00    0,00    0,00  100,00
13:02:43       2    0,00    0,00    0,00    0,00    0,00  100,00    0,00    0,00    0,00    0,00
13:02:43       3    0,00    0,00    0,00    0,00    0,00    0,00    0,00    0,00    0,00  100,00
13:02:43       4    0,00    0,00    0,00    0,00    0,00  100,00    0,00    0,00    0,00    0,00
13:02:43       5    0,00    0,00    0,00    0,00    0,00    0,00    0,00    0,00    0,00  100,00
13:02:43       6    0,00    0,00    0,00    0,00    0,00    0,00    0,00    0,00    0,00  100,00
13:02:43       7    0,00    0,00    0,00    0,00    0,00    0,00    0,00    0,00    0,00  100,00
13:02:43       8    0,00    0,00    0,00    0,00    0,00  100,00    0,00    0,00    0,00    0,00
13:02:43       9    0,00    0,00    0,00    0,00    0,00    0,00    0,00    0,00    0,00  100,00
13:02:43      10    0,00    0,00    0,00    0,00    0,00    0,00    0,00    0,00    0,00  100,00
13:02:43      11    0,00    0,00    0,00    0,00    0,00    0,00    0,00    0,00    0,00  100,00
13:02:43      12    0,00    0,00    0,00    0,00    0,00    0,00    0,00    0,00    0,00  100,00
13:02:43      13    0,00    0,00    0,00    0,00    0,00    0,00    0,00    0,00    0,00  100,00
13:02:43      14    0,00    0,00    0,00    0,00    0,00    0,00    0,00    0,00    0,00  100,00
13:02:43      15    0,00    0,00    0,00    0,00    0,00    0,00    0,00    0,00    0,00  100,00
13:02:43      16    0,00    0,00    0,00    0,00    0,00    0,00    0,00    0,00    0,00  100,00
13:02:43      17    0,00    0,00    0,00    0,00    0,00    0,00    0,00    0,00    0,00  100,00
13:02:43      18    0,00    0,00    0,00    0,00    0,00    0,00    0,00    0,00    0,00  100,00
13:02:43      19    0,00    0,00    0,00    0,00    0,00    0,00    0,00    0,00    0,00  100,00
13:02:43      20    0,00    0,00    0,00    0,00    0,00    0,00    0,00    0,00    0,00  100,00
13:02:43      21    0,00    0,00    0,00    0,00    0,00    0,00    0,00    0,00    0,00  100,00
13:02:43      22    0,00    0,00    0,00    0,00    0,00  100,00    0,00    0,00    0,00    0,00
13:02:43      23    0,00    0,00    0,00    0,00    0,00    0,00    0,00    0,00    0,00  100,00

13:02:43     CPU    %usr   %nice    %sys %iowait    %irq   %soft  %steal  %guest  %gnice   %idle
13:02:44     all    0,00    0,00    0,00    0,00    0,00   16,68    0,00    0,00    0,00   83,32
13:02:44       0    0,00    0,00    0,00    0,00    0,00    0,00    0,00    0,00    0,00  100,00
13:02:44       1    0,00    0,00    0,00    0,00    0,00    0,00    0,00    0,00    0,00  100,00
13:02:44       2    0,00    0,00    0,00    0,00    0,00  100,00    0,00    0,00    0,00    0,00
13:02:44       3    0,00    0,00    0,00    0,00    0,00    0,00    0,00    0,00    0,00  100,00
13:02:44       4    0,00    0,00    0,00    0,00    0,00  100,00    0,00    0,00    0,00    0,00
13:02:44       5    0,00    0,00    0,00    0,00    0,00    0,00    0,00    0,00    0,00  100,00
13:02:44       6    0,00    0,00    0,00    0,00    0,00    0,00    0,00    0,00    0,00  100,00
13:02:44       7    0,00    0,00    0,00    0,00    0,00    0,00    0,00    0,00    0,00  100,00
13:02:44       8    0,00    0,00    0,00    0,00    0,00  100,00    0,00    0,00    0,00    0,00
13:02:44       9    0,00    0,00    0,00    0,00    0,00    0,00    0,00    0,00    0,00  100,00
13:02:44      10    0,00    0,00    0,00    0,00    0,00    0,00    0,00    0,00    0,00  100,00
13:02:44      11    0,00    0,00    0,00    0,00    0,00    0,00    0,00    0,00    0,00  100,00
13:02:44      12    0,00    0,00    0,00    0,00    0,00    0,00    0,00    0,00    0,00  100,00
13:02:44      13    0,00    0,00    0,00    0,00    0,00    0,00    0,00    0,00    0,00  100,00
13:02:44      14    0,00    0,00    0,00    0,00    0,00    0,00    0,00    0,00    0,00  100,00
13:02:44      15    0,00    0,00    0,00    0,00    0,00    0,00    0,00    0,00    0,00  100,00
13:02:44      16    0,00    0,00    0,00    0,00    0,00    0,00    0,00    0,00    0,00  100,00
13:02:44      17    0,00    0,00    0,00    0,00    0,00    0,00    0,00    0,00    0,00  100,00
13:02:44      18    0,00    0,00    0,00    0,00    0,00    0,00    0,00    0,00    0,00  100,00
13:02:44      19    0,00    0,00    0,00    0,00    0,00    0,00    0,00    0,00    0,00  100,00
13:02:44      20    0,00    0,00    0,00    0,00    0,00    0,00    0,00    0,00    0,00  100,00
13:02:44      21    0,00    0,00    0,00    0,00    0,00    0,00    0,00    0,00    0,00  100,00
13:02:44      22    0,00    0,00    0,00    0,00    0,00  100,00    0,00    0,00    0,00    0,00
13:02:44      23    0,00    0,00    0,00    0,00    0,00    0,00    0,00    0,00    0,00  100,00

13:02:44     CPU    %usr   %nice    %sys %iowait    %irq   %soft  %steal  %guest  %gnice   %idle
13:02:45     all    1,91    0,00    0,83    0,00    0,00   16,65    0,00    0,00    0,00   80,61
13:02:45       0    9,09    0,00    0,00    0,00    0,00    0,00    0,00    0,00    0,00   90,91
13:02:45       1    0,00    0,00    0,00    0,00    0,00    0,00    0,00    0,00    0,00  100,00
13:02:45       2    0,00    0,00    0,00    0,00    0,00  100,00    0,00    0,00    0,00    0,00
13:02:45       3    0,00    0,00    0,00    0,00    0,00    0,00    0,00    0,00    0,00  100,00
13:02:45       4    0,00    0,00    0,00    0,00    0,00  100,00    0,00    0,00    0,00    0,00
13:02:45       5    0,00    0,00    0,00    0,00    0,00    0,00    0,00    0,00    0,00  100,00
13:02:45       6    1,01    0,00    0,00    0,00    0,00    0,00    0,00    0,00    0,00   98,99
13:02:45       7    0,00    0,00    0,00    0,00    0,00    0,00    0,00    0,00    0,00  100,00
13:02:45       8    0,00    0,00    0,00    0,00    0,00  100,00    0,00    0,00    0,00    0,00
13:02:45       9    0,00    0,00    0,00    0,00    0,00    0,00    0,00    0,00    0,00  100,00
13:02:45      10    0,99    0,00    0,99    0,00    0,00    0,00    0,00    0,00    0,00   98,02
13:02:45      11    0,00    0,00    0,00    0,00    0,00    0,00    0,00    0,00    0,00  100,00
13:02:45      12    2,00    0,00    2,00    0,00    0,00    0,00    0,00    0,00    0,00   96,00
13:02:45      13    4,00    0,00    2,00    0,00    0,00    0,00    0,00    0,00    0,00   94,00
13:02:45      14    0,00    0,00    0,00    0,00    0,00    0,00    0,00    0,00    0,00  100,00
13:02:45      15    0,99    0,00    0,00    0,00    0,00    0,00    0,00    0,00    0,00   99,01
13:02:45      16   15,00    0,00    4,00    0,00    0,00    0,00    0,00    0,00    0,00   81,00
13:02:45      17    3,00    0,00    2,00    0,00    0,00    0,00    0,00    0,00    0,00   95,00
13:02:45      18    3,00    0,00    3,00    0,00    0,00    0,00    0,00    0,00    0,00   94,00
13:02:45      19    2,00    0,00    3,00    0,00    0,00    0,00    0,00    0,00    0,00   95,00
13:02:45      20    1,98    0,00    0,99    0,00    0,00    0,00    0,00    0,00    0,00   97,03
13:02:45      21    0,99    0,00    0,99    0,00    0,00    0,00    0,00    0,00    0,00   98,02
13:02:45      22    0,00    0,00    0,00    0,00    0,00  100,00    0,00    0,00    0,00    0,00
13:02:45      23    1,98    0,00    0,99    0,00    0,00    0,00    0,00    0,00    0,00   97,03
