Linux 6.8.0-111-generic (testbed-node6) 	05/05/26 	_x86_64_	(24 CPU)

15:52:58     CPU    %usr   %nice    %sys %iowait    %irq   %soft  %steal  %guest  %gnice   %idle
15:52:59     all    0,63    0,00    0,13    0,00    0,00   12,47    0,00    0,00    0,00   86,78
15:52:59       0    0,00    0,00    0,00    0,00    0,00    0,00    0,00    0,00    0,00  100,00
15:52:59       1    0,00    0,00    0,00    0,00    0,00    0,00    0,00    0,00    0,00  100,00
15:52:59       2    0,00    0,00    0,00    0,00    0,00    0,00    0,00    0,00    0,00  100,00
15:52:59       3    0,00    0,00    0,00    0,00    0,00    0,00    0,00    0,00    0,00  100,00
15:52:59       4    0,00    0,00    0,00    0,00    0,00    0,00    0,00    0,00    0,00  100,00
15:52:59       5    0,00    0,00    0,00    0,00    0,00    0,00    0,00    0,00    0,00  100,00
15:52:59       6    0,00    0,00    0,00    0,00    0,00    0,00    0,00    0,00    0,00  100,00
15:52:59       7    0,00    0,00    0,00    0,00    0,00    0,00    0,00    0,00    0,00  100,00
15:52:59       8    1,00    0,00    0,00    0,00    0,00   99,00    0,00    0,00    0,00    0,00
15:52:59       9    0,00    0,00    0,00    0,00    0,00  100,00    0,00    0,00    0,00    0,00
15:52:59      10    1,00    0,00    0,00    0,00    0,00    0,00    0,00    0,00    0,00   99,00
15:52:59      11    0,00    0,00    0,00    0,00    0,00    0,00    0,00    0,00    0,00  100,00
15:52:59      12    0,00    0,00    0,00    0,00    0,00    0,00    0,00    0,00    0,00  100,00
15:52:59      13    0,00    0,00    0,00    0,00    0,00    0,00    0,00    0,00    0,00  100,00
15:52:59      14    0,00    0,00    0,00    0,00    0,00    0,00    0,00    0,00    0,00  100,00
15:52:59      15    0,99    0,00    0,00    0,00    0,00    0,00    0,00    0,00    0,00   99,01
15:52:59      16    1,00    0,00    0,00    0,00    0,00    0,00    0,00    0,00    0,00   99,00
15:52:59      17    1,01    0,00    0,00    0,00    0,00    0,00    0,00    0,00    0,00   98,99
15:52:59      18    9,09    0,00    2,02    0,00    0,00    0,00    0,00    0,00    0,00   88,89
15:52:59      19    0,98    0,00    0,98    0,00    0,00    0,00    0,00    0,00    0,00   98,04
15:52:59      20    0,00    0,00    0,00    0,00    0,00    0,00    0,00    0,00    0,00  100,00
15:52:59      21    0,00    0,00    0,00    0,00    0,00    0,00    0,00    0,00    0,00  100,00
15:52:59      22    0,00    0,00    0,00    0,00    0,00  100,00    0,00    0,00    0,00    0,00
15:52:59      23    0,00    0,00    0,00    0,00    0,00    0,00    0,00    0,00    0,00  100,00

15:52:59     CPU    %usr   %nice    %sys %iowait    %irq   %soft  %steal  %guest  %gnice   %idle
15:53:00     all    0,00    0,00    0,08    0,00    0,00   12,45    0,00    0,00    0,00   87,46
15:53:00       0    0,00    0,00    0,00    0,00    0,00    0,00    0,00    0,00    0,00  100,00
15:53:00       1    0,00    0,00    0,00    0,00    0,00    0,00    0,00    0,00    0,00  100,00
15:53:00       2    0,00    0,00    0,00    0,00    0,00    0,00    0,00    0,00    0,00  100,00
15:53:00       3    0,00    0,00    0,00    0,00    0,00    0,00    0,00    0,00    0,00  100,00
15:53:00       4    0,00    0,00    0,00    0,00    0,00    0,00    0,00    0,00    0,00  100,00
15:53:00       5    0,00    0,00    0,00    0,00    0,00    0,00    0,00    0,00    0,00  100,00
15:53:00       6    0,00    0,00    0,00    0,00    0,00    0,00    0,00    0,00    0,00  100,00
15:53:00       7    0,00    0,00    0,00    0,00    0,00    0,00    0,00    0,00    0,00  100,00
15:53:00       8    0,00    0,00    0,00    0,00    0,00  100,00    0,00    0,00    0,00    0,00
15:53:00       9    0,00    0,00    0,00    0,00    0,00  100,00    0,00    0,00    0,00    0,00
15:53:00      10    0,00    0,00    0,99    0,00    0,00    0,00    0,00    0,00    0,00   99,01
15:53:00      11    0,00    0,00    0,00    0,00    0,00    0,00    0,00    0,00    0,00  100,00
15:53:00      12    0,00    0,00    0,00    0,00    0,00    0,00    0,00    0,00    0,00  100,00
15:53:00      13    0,00    0,00    0,00    0,00    0,00    0,00    0,00    0,00    0,00  100,00
15:53:00      14    0,00    0,00    0,00    0,00    0,00    0,00    0,00    0,00    0,00  100,00
15:53:00      15    0,00    0,00    0,00    0,00    0,00    0,00    0,00    0,00    0,00  100,00
15:53:00      16    0,00    0,00    0,00    0,00    0,00    0,00    0,00    0,00    0,00  100,00
15:53:00      17    0,00    0,00    0,00    0,00    0,00    0,00    0,00    0,00    0,00  100,00
15:53:00      18    0,00    0,00    0,00    0,00    0,00    0,00    0,00    0,00    0,00  100,00
15:53:00      19    0,00    0,00    0,00    0,00    0,00    0,00    0,00    0,00    0,00  100,00
15:53:00      20    0,00    0,00    0,00    0,00    0,00    0,00    0,00    0,00    0,00  100,00
15:53:00      21    0,00    0,00    0,99    0,00    0,00    0,00    0,00    0,00    0,00   99,01
15:53:00      22    0,00    0,00    0,00    0,00    0,00  100,00    0,00    0,00    0,00    0,00
15:53:00      23    0,00    0,00    0,00    0,00    0,00    0,00    0,00    0,00    0,00  100,00

15:53:00     CPU    %usr   %nice    %sys %iowait    %irq   %soft  %steal  %guest  %gnice   %idle
15:53:01     all    1,17    0,00    0,42    0,00    0,00   12,48    0,00    0,00    0,00   85,93
15:53:01       0    0,00    0,00    0,00    0,00    0,00    0,00    0,00    0,00    0,00  100,00
15:53:01       1    0,00    0,00    0,00    0,00    0,00    0,00    0,00    0,00    0,00  100,00
15:53:01       2    0,00    0,00    0,00    0,00    0,00    0,00    0,00    0,00    0,00  100,00
15:53:01       3    0,00    0,00    0,00    0,00    0,00    0,00    0,00    0,00    0,00  100,00
15:53:01       4    0,00    0,00    0,00    0,00    0,00    0,00    0,00    0,00    0,00  100,00
15:53:01       5    0,00    0,00    0,00    0,00    0,00    0,00    0,00    0,00    0,00  100,00
15:53:01       6    0,00    0,00    0,00    0,00    0,00    0,00    0,00    0,00    0,00  100,00
15:53:01       7    0,00    0,00    0,00    0,00    0,00    0,00    0,00    0,00    0,00  100,00
15:53:01       8    1,00    0,00    0,00    0,00    0,00   99,00    0,00    0,00    0,00    0,00
15:53:01       9    0,00    0,00    0,00    0,00    0,00  100,00    0,00    0,00    0,00    0,00
15:53:01      10    1,01    0,00    0,00    0,00    0,00    0,00    0,00    0,00    0,00   98,99
15:53:01      11    0,00    0,00    0,00    0,00    0,00    0,00    0,00    0,00    0,00  100,00
15:53:01      12    2,00    0,00    1,00    0,00    0,00    0,00    0,00    0,00    0,00   97,00
15:53:01      13    0,00    0,00    0,00    0,00    0,00    0,00    0,00    0,00    0,00  100,00
15:53:01      14    0,00    0,00    0,00    0,00    0,00    0,00    0,00    0,00    0,00  100,00
15:53:01      15    0,00    0,00    0,00    0,00    0,00    0,00    0,00    0,00    0,00  100,00
15:53:01      16    2,00    0,00    1,00    0,00    0,00    0,00    0,00    0,00    0,00   97,00
15:53:01      17    3,00    0,00    2,00    0,00    0,00    0,00    0,00    0,00    0,00   95,00
15:53:01      18   12,87    0,00    2,97    0,00    0,00    0,00    0,00    0,00    0,00   84,16
15:53:01      19    4,04    0,00    2,02    0,00    0,00    0,00    0,00    0,00    0,00   93,94
15:53:01      20    0,00    0,00    0,00    0,00    0,00    0,00    0,00    0,00    0,00  100,00
15:53:01      21    2,02    0,00    1,01    0,00    0,00    0,00    0,00    0,00    0,00   96,97
15:53:01      22    0,00    0,00    0,00    0,00    0,00  100,00    0,00    0,00    0,00    0,00
15:53:01      23    0,00    0,00    0,00    0,00    0,00    0,00    0,00    0,00    0,00  100,00

15:53:01     CPU    %usr   %nice    %sys %iowait    %irq   %soft  %steal  %guest  %gnice   %idle
15:53:02     all    0,04    0,00    0,04    0,08    0,00   12,46    0,00    0,00    0,00   87,37
15:53:02       0    0,00    0,00    0,00    1,98    0,00    0,00    0,00    0,00    0,00   98,02
15:53:02       1    0,00    0,00    0,00    0,00    0,00    0,00    0,00    0,00    0,00  100,00
15:53:02       2    0,00    0,00    0,00    0,00    0,00    0,00    0,00    0,00    0,00  100,00
15:53:02       3    0,00    0,00    0,00    0,00    0,00    0,00    0,00    0,00    0,00  100,00
15:53:02       4    0,00    0,00    0,00    0,00    0,00    0,00    0,00    0,00    0,00  100,00
15:53:02       5    0,00    0,00    0,00    0,00    0,00    0,00    0,00    0,00    0,00  100,00
15:53:02       6    0,00    0,00    0,00    0,00    0,00    0,00    0,00    0,00    0,00  100,00
15:53:02       7    0,00    0,00    0,00    0,00    0,00    0,00    0,00    0,00    0,00  100,00
15:53:02       8    0,99    0,00    0,99    0,00    0,00   98,02    0,00    0,00    0,00    0,00
15:53:02       9    0,00    0,00    0,00    0,00    0,00  100,00    0,00    0,00    0,00    0,00
15:53:02      10    0,00    0,00    0,00    0,00    0,00    0,00    0,00    0,00    0,00  100,00
15:53:02      11    0,00    0,00    0,00    0,00    0,00    0,00    0,00    0,00    0,00  100,00
15:53:02      12    0,00    0,00    0,00    0,00    0,00    0,00    0,00    0,00    0,00  100,00
15:53:02      13    0,00    0,00    0,00    0,00    0,00    0,00    0,00    0,00    0,00  100,00
15:53:02      14    0,00    0,00    0,00    0,00    0,00    0,00    0,00    0,00    0,00  100,00
15:53:02      15    0,00    0,00    0,00    0,00    0,00    0,00    0,00    0,00    0,00  100,00
15:53:02      16    0,00    0,00    0,00    0,00    0,00    0,00    0,00    0,00    0,00  100,00
15:53:02      17    0,00    0,00    0,00    0,00    0,00    0,00    0,00    0,00    0,00  100,00
15:53:02      18    0,00    0,00    0,00    0,00    0,00    0,00    0,00    0,00    0,00  100,00
15:53:02      19    0,00    0,00    0,00    0,00    0,00    0,00    0,00    0,00    0,00  100,00
15:53:02      20    0,00    0,00    0,00    0,00    0,00    0,00    0,00    0,00    0,00  100,00
15:53:02      21    0,00    0,00    0,00    0,00    0,00    0,00    0,00    0,00    0,00  100,00
15:53:02      22    0,00    0,00    0,00    0,00    0,00  100,00    0,00    0,00    0,00    0,00
15:53:02      23    0,00    0,00    0,00    0,00    0,00    0,00    0,00    0,00    0,00  100,00

15:53:02     CPU    %usr   %nice    %sys %iowait    %irq   %soft  %steal  %guest  %gnice   %idle
15:53:03     all    0,00    0,00    0,00    0,00    0,00   12,47    0,00    0,00    0,00   87,53
15:53:03       0    0,00    0,00    0,00    0,00    0,00    0,00    0,00    0,00    0,00  100,00
15:53:03       1    0,00    0,00    0,00    0,00    0,00    0,00    0,00    0,00    0,00  100,00
15:53:03       2    0,00    0,00    0,00    0,00    0,00    0,00    0,00    0,00    0,00  100,00
15:53:03       3    0,00    0,00    0,00    0,00    0,00    0,00    0,00    0,00    0,00  100,00
15:53:03       4    0,00    0,00    0,00    0,00    0,00    0,00    0,00    0,00    0,00  100,00
15:53:03       5    0,00    0,00    0,00    0,00    0,00    0,00    0,00    0,00    0,00  100,00
15:53:03       6    0,00    0,00    0,00    0,00    0,00    0,00    0,00    0,00    0,00  100,00
15:53:03       7    0,00    0,00    0,00    0,00    0,00    0,00    0,00    0,00    0,00  100,00
15:53:03       8    0,00    0,00    0,00    0,00    0,00  100,00    0,00    0,00    0,00    0,00
15:53:03       9    0,00    0,00    0,00    0,00    0,00  100,00    0,00    0,00    0,00    0,00
15:53:03      10    0,00    0,00    0,00    0,00    0,00    0,00    0,00    0,00    0,00  100,00
15:53:03      11    0,00    0,00    0,00    0,00    0,00    0,00    0,00    0,00    0,00  100,00
15:53:03      12    0,00    0,00    0,00    0,00    0,00    0,00    0,00    0,00    0,00  100,00
15:53:03      13    0,00    0,00    0,00    0,00    0,00    0,00    0,00    0,00    0,00  100,00
15:53:03      14    0,00    0,00    0,00    0,00    0,00    0,00    0,00    0,00    0,00  100,00
15:53:03      15    0,00    0,00    0,00    0,00    0,00    0,00    0,00    0,00    0,00  100,00
15:53:03      16    0,00    0,00    0,00    0,00    0,00    0,00    0,00    0,00    0,00  100,00
15:53:03      17    0,00    0,00    0,00    0,00    0,00    0,00    0,00    0,00    0,00  100,00
15:53:03      18    0,00    0,00    0,00    0,00    0,00    0,00    0,00    0,00    0,00  100,00
15:53:03      19    0,00    0,00    0,00    0,00    0,00    0,00    0,00    0,00    0,00  100,00
15:53:03      20    0,00    0,00    0,00    0,00    0,00    0,00    0,00    0,00    0,00  100,00
15:53:03      21    0,00    0,00    0,00    0,00    0,00    0,00    0,00    0,00    0,00  100,00
15:53:03      22    0,00    0,00    0,00    0,00    0,00  100,00    0,00    0,00    0,00    0,00
15:53:03      23    0,00    0,00    0,00    0,00    0,00    0,00    0,00    0,00    0,00  100,00

15:53:03     CPU    %usr   %nice    %sys %iowait    %irq   %soft  %steal  %guest  %gnice   %idle
15:53:04     all    0,04    0,00    0,08    0,00    0,00   12,49    0,00    0,00    0,00   87,39
15:53:04       0    0,00    0,00    0,00    0,00    0,00    0,00    0,00    0,00    0,00  100,00
15:53:04       1    0,00    0,00    0,00    0,00    0,00    0,00    0,00    0,00    0,00  100,00
15:53:04       2    0,00    0,00    0,00    0,00    0,00    0,00    0,00    0,00    0,00  100,00
15:53:04       3    0,00    0,00    0,00    0,00    0,00    0,00    0,00    0,00    0,00  100,00
15:53:04       4    0,00    0,00    0,00    0,00    0,00    0,00    0,00    0,00    0,00  100,00
15:53:04       5    0,00    0,00    0,00    0,00    0,00    0,00    0,00    0,00    0,00  100,00
15:53:04       6    0,00    0,00    0,00    0,00    0,00    0,00    0,00    0,00    0,00  100,00
15:53:04       7    0,00    0,00    0,00    0,00    0,00    0,00    0,00    0,00    0,00  100,00
15:53:04       8    0,99    0,00    0,00    0,00    0,00   99,01    0,00    0,00    0,00    0,00
15:53:04       9    0,00    0,00    0,00    0,00    0,00  100,00    0,00    0,00    0,00    0,00
15:53:04      10    0,00    0,00    0,00    0,00    0,00    0,00    0,00    0,00    0,00  100,00
15:53:04      11    0,00    0,00    0,00    0,00    0,00    0,00    0,00    0,00    0,00  100,00
15:53:04      12    0,00    0,00    0,00    0,00    0,00    0,00    0,00    0,00    0,00  100,00
15:53:04      13    0,00    0,00    0,00    0,00    0,00    0,00    0,00    0,00    0,00  100,00
15:53:04      14    0,00    0,00    0,00    0,00    0,00    0,00    0,00    0,00    0,00  100,00
15:53:04      15    0,00    0,00    0,00    0,00    0,00    0,00    0,00    0,00    0,00  100,00
15:53:04      16    0,00    0,00    0,99    0,00    0,00    0,00    0,00    0,00    0,00   99,01
15:53:04      17    0,00    0,00    0,00    0,00    0,00    0,00    0,00    0,00    0,00  100,00
15:53:04      18    0,00    0,00    0,00    0,00    0,00    0,00    0,00    0,00    0,00  100,00
15:53:04      19    0,00    0,00    0,99    0,00    0,00    0,00    0,00    0,00    0,00   99,01
15:53:04      20    0,00    0,00    0,00    0,00    0,00    0,00    0,00    0,00    0,00  100,00
15:53:04      21    0,00    0,00    0,00    0,00    0,00    0,00    0,00    0,00    0,00  100,00
15:53:04      22    0,00    0,00    0,00    0,00    0,00  100,00    0,00    0,00    0,00    0,00
15:53:04      23    0,00    0,00    0,00    0,00    0,00    0,00    0,00    0,00    0,00  100,00

15:53:04     CPU    %usr   %nice    %sys %iowait    %irq   %soft  %steal  %guest  %gnice   %idle
15:53:05     all    0,04    0,00    0,08    0,00    0,00   12,47    0,00    0,00    0,00   87,41
15:53:05       0    0,00    0,00    0,00    0,00    0,00    0,00    0,00    0,00    0,00  100,00
15:53:05       1    0,00    0,00    0,00    0,00    0,00    0,00    0,00    0,00    0,00  100,00
15:53:05       2    0,00    0,00    0,00    0,00    0,00    0,00    0,00    0,00    0,00  100,00
15:53:05       3    0,00    0,00    0,00    0,00    0,00    0,00    0,00    0,00    0,00  100,00
15:53:05       4    0,00    0,00    0,00    0,00    0,00    0,00    0,00    0,00    0,00  100,00
15:53:05       5    0,00    0,00    0,00    0,00    0,00    0,00    0,00    0,00    0,00  100,00
15:53:05       6    0,00    0,00    0,00    0,00    0,00    0,00    0,00    0,00    0,00  100,00
15:53:05       7    0,00    0,00    0,00    0,00    0,00    0,00    0,00    0,00    0,00  100,00
15:53:05       8    0,00    0,00    1,00    0,00    0,00   99,00    0,00    0,00    0,00    0,00
15:53:05       9    0,00    0,00    0,00    0,00    0,00  100,00    0,00    0,00    0,00    0,00
15:53:05      10    0,00    0,00    0,00    0,00    0,00    0,00    0,00    0,00    0,00  100,00
15:53:05      11    0,00    0,00    0,00    0,00    0,00    0,00    0,00    0,00    0,00  100,00
15:53:05      12    0,00    0,00    0,00    0,00    0,00    0,00    0,00    0,00    0,00  100,00
15:53:05      13    0,00    0,00    0,00    0,00    0,00    0,00    0,00    0,00    0,00  100,00
15:53:05      14    0,00    0,00    0,00    0,00    0,00    0,00    0,00    0,00    0,00  100,00
15:53:05      15    0,00    0,00    0,00    0,00    0,00    0,00    0,00    0,00    0,00  100,00
15:53:05      16    1,01    0,00    1,01    0,00    0,00    0,00    0,00    0,00    0,00   97,98
15:53:05      17    0,00    0,00    0,00    0,00    0,00    0,00    0,00    0,00    0,00  100,00
15:53:05      18    0,00    0,00    0,00    0,00    0,00    0,00    0,00    0,00    0,00  100,00
15:53:05      19    0,00    0,00    0,00    0,00    0,00    0,00    0,00    0,00    0,00  100,00
15:53:05      20    0,00    0,00    0,00    0,00    0,00    0,00    0,00    0,00    0,00  100,00
15:53:05      21    0,00    0,00    0,00    0,00    0,00    0,00    0,00    0,00    0,00  100,00
15:53:05      22    0,00    0,00    0,00    0,00    0,00  100,00    0,00    0,00    0,00    0,00
15:53:05      23    0,00    0,00    0,00    0,00    0,00    0,00    0,00    0,00    0,00  100,00

15:53:05     CPU    %usr   %nice    %sys %iowait    %irq   %soft  %steal  %guest  %gnice   %idle
15:53:06     all    0,08    0,00    0,08    0,08    0,00   12,46    0,00    0,00    0,00   87,29
15:53:06       0    0,00    0,00    0,00    2,00    0,00    0,00    0,00    0,00    0,00   98,00
15:53:06       1    0,00    0,00    0,00    0,00    0,00    0,00    0,00    0,00    0,00  100,00
15:53:06       2    0,00    0,00    0,00    0,00    0,00    0,00    0,00    0,00    0,00  100,00
15:53:06       3    0,00    0,00    0,00    0,00    0,00    0,00    0,00    0,00    0,00  100,00
15:53:06       4    0,00    0,00    0,00    0,00    0,00    0,00    0,00    0,00    0,00  100,00
15:53:06       5    0,00    0,00    0,00    0,00    0,00    0,00    0,00    0,00    0,00  100,00
15:53:06       6    0,00    0,00    0,00    0,00    0,00    0,00    0,00    0,00    0,00  100,00
15:53:06       7    0,00    0,00    0,00    0,00    0,00    0,00    0,00    0,00    0,00  100,00
15:53:06       8    1,00    0,00    0,00    0,00    0,00   99,00    0,00    0,00    0,00    0,00
15:53:06       9    0,00    0,00    0,00    0,00    0,00  100,00    0,00    0,00    0,00    0,00
15:53:06      10    0,00    0,00    0,00    0,00    0,00    0,00    0,00    0,00    0,00  100,00
15:53:06      11    0,00    0,00    0,00    0,00    0,00    0,00    0,00    0,00    0,00  100,00
15:53:06      12    0,00    0,00    0,00    0,00    0,00    0,00    0,00    0,00    0,00  100,00
15:53:06      13    0,00    0,00    0,00    0,00    0,00    0,00    0,00    0,00    0,00  100,00
15:53:06      14    0,00    0,00    0,00    0,00    0,00    0,00    0,00    0,00    0,00  100,00
15:53:06      15    0,00    0,00    0,00    0,00    0,00    0,00    0,00    0,00    0,00  100,00
15:53:06      16    0,00    0,00    0,00    0,00    0,00    0,00    0,00    0,00    0,00  100,00
15:53:06      17    0,00    0,00    1,00    0,00    0,00    0,00    0,00    0,00    0,00   99,00
15:53:06      18    0,99    0,00    0,99    0,00    0,00    0,00    0,00    0,00    0,00   98,02
15:53:06      19    0,00    0,00    0,00    0,00    0,00    0,00    0,00    0,00    0,00  100,00
15:53:06      20    0,00    0,00    0,00    0,00    0,00    0,00    0,00    0,00    0,00  100,00
15:53:06      21    0,00    0,00    0,00    0,00    0,00    0,00    0,00    0,00    0,00  100,00
15:53:06      22    0,00    0,00    0,00    0,00    0,00  100,00    0,00    0,00    0,00    0,00
15:53:06      23    0,00    0,00    0,00    0,00    0,00    0,00    0,00    0,00    0,00  100,00

15:53:06     CPU    %usr   %nice    %sys %iowait    %irq   %soft  %steal  %guest  %gnice   %idle
15:53:07     all    0,12    0,00    0,04    0,00    0,00   12,45    0,00    0,00    0,00   87,39
15:53:07       0    0,00    0,00    0,00    0,00    0,00    0,00    0,00    0,00    0,00  100,00
15:53:07       1    0,00    0,00    0,00    0,00    0,00    0,00    0,00    0,00    0,00  100,00
15:53:07       2    0,00    0,00    0,00    0,00    0,00    0,00    0,00    0,00    0,00  100,00
15:53:07       3    0,00    0,00    0,00    0,00    0,00    0,00    0,00    0,00    0,00  100,00
15:53:07       4    0,00    0,00    0,00    0,00    0,00    0,00    0,00    0,00    0,00  100,00
15:53:07       5    0,00    0,00    0,00    0,00    0,00    0,00    0,00    0,00    0,00  100,00
15:53:07       6    0,00    0,00    0,00    0,00    0,00    0,00    0,00    0,00    0,00  100,00
15:53:07       7    0,00    0,00    0,00    0,00    0,00    0,00    0,00    0,00    0,00  100,00
15:53:07       8    1,00    0,00    0,00    0,00    0,00   99,00    0,00    0,00    0,00    0,00
15:53:07       9    0,00    0,00    0,99    0,00    0,00   99,01    0,00    0,00    0,00    0,00
15:53:07      10    0,00    0,00    0,00    0,00    0,00    0,00    0,00    0,00    0,00  100,00
15:53:07      11    0,00    0,00    0,00    0,00    0,00    0,00    0,00    0,00    0,00  100,00
15:53:07      12    0,99    0,00    0,00    0,00    0,00    0,00    0,00    0,00    0,00   99,01
15:53:07      13    0,00    0,00    0,00    0,00    0,00    0,00    0,00    0,00    0,00  100,00
15:53:07      14    0,99    0,00    0,00    0,00    0,00    0,00    0,00    0,00    0,00   99,01
15:53:07      15    0,00    0,00    0,00    0,00    0,00    0,00    0,00    0,00    0,00  100,00
15:53:07      16    0,00    0,00    0,00    0,00    0,00    0,00    0,00    0,00    0,00  100,00
15:53:07      17    0,00    0,00    0,00    0,00    0,00    0,00    0,00    0,00    0,00  100,00
15:53:07      18    0,00    0,00    0,00    0,00    0,00    0,00    0,00    0,00    0,00  100,00
15:53:07      19    0,00    0,00    0,00    0,00    0,00    0,00    0,00    0,00    0,00  100,00
15:53:07      20    0,00    0,00    0,00    0,00    0,00    0,00    0,00    0,00    0,00  100,00
15:53:07      21    0,00    0,00    0,00    0,00    0,00    0,00    0,00    0,00    0,00  100,00
15:53:07      22    0,00    0,00    0,00    0,00    0,00  100,00    0,00    0,00    0,00    0,00
15:53:07      23    0,00    0,00    0,00    0,00    0,00    0,00    0,00    0,00    0,00  100,00

15:53:07     CPU    %usr   %nice    %sys %iowait    %irq   %soft  %steal  %guest  %gnice   %idle
15:53:08     all    0,00    0,00    0,00    0,00    0,00   12,50    0,00    0,00    0,00   87,50
15:53:08       0    0,00    0,00    0,00    0,00    0,00    0,00    0,00    0,00    0,00  100,00
15:53:08       1    0,00    0,00    0,00    0,00    0,00    0,00    0,00    0,00    0,00  100,00
15:53:08       2    0,00    0,00    0,00    0,00    0,00    0,00    0,00    0,00    0,00  100,00
15:53:08       3    0,00    0,00    0,00    0,00    0,00    0,00    0,00    0,00    0,00  100,00
15:53:08       4    0,00    0,00    0,00    0,00    0,00    0,00    0,00    0,00    0,00  100,00
15:53:08       5    0,00    0,00    0,00    0,00    0,00    0,00    0,00    0,00    0,00  100,00
15:53:08       6    0,00    0,00    0,00    0,00    0,00    0,00    0,00    0,00    0,00  100,00
15:53:08       7    0,00    0,00    0,00    0,00    0,00    0,00    0,00    0,00    0,00  100,00
15:53:08       8    0,00    0,00    0,00    0,00    0,00  100,00    0,00    0,00    0,00    0,00
15:53:08       9    0,00    0,00    0,00    0,00    0,00  100,00    0,00    0,00    0,00    0,00
15:53:08      10    0,00    0,00    0,00    0,00    0,00    0,00    0,00    0,00    0,00  100,00
15:53:08      11    0,00    0,00    0,00    0,00    0,00    0,00    0,00    0,00    0,00  100,00
15:53:08      12    0,00    0,00    0,00    0,00    0,00    0,00    0,00    0,00    0,00  100,00
15:53:08      13    0,00    0,00    0,00    0,00    0,00    0,00    0,00    0,00    0,00  100,00
15:53:08      14    0,00    0,00    0,00    0,00    0,00    0,00    0,00    0,00    0,00  100,00
15:53:08      15    0,00    0,00    0,00    0,00    0,00    0,00    0,00    0,00    0,00  100,00
15:53:08      16    0,00    0,00    0,00    0,00    0,00    0,00    0,00    0,00    0,00  100,00
15:53:08      17    0,00    0,00    0,00    0,00    0,00    0,00    0,00    0,00    0,00  100,00
15:53:08      18    0,00    0,00    0,00    0,00    0,00    0,00    0,00    0,00    0,00  100,00
15:53:08      19    0,00    0,00    0,00    0,00    0,00    0,00    0,00    0,00    0,00  100,00
15:53:08      20    0,00    0,00    0,00    0,00    0,00    0,00    0,00    0,00    0,00  100,00
15:53:08      21    0,00    0,00    0,00    0,00    0,00    0,00    0,00    0,00    0,00  100,00
15:53:08      22    0,00    0,00    0,00    0,00    0,00  100,00    0,00    0,00    0,00    0,00
15:53:08      23    0,00    0,00    0,00    0,00    0,00    0,00    0,00    0,00    0,00  100,00

15:53:08     CPU    %usr   %nice    %sys %iowait    %irq   %soft  %steal  %guest  %gnice   %idle
15:53:09     all    0,08    0,00    0,04    0,00    0,00   12,46    0,00    0,00    0,00   87,42
15:53:09       0    0,00    0,00    0,00    0,00    0,00    0,00    0,00    0,00    0,00  100,00
15:53:09       1    0,00    0,00    0,00    0,00    0,00    0,00    0,00    0,00    0,00  100,00
15:53:09       2    0,00    0,00    0,00    0,00    0,00    0,00    0,00    0,00    0,00  100,00
15:53:09       3    0,00    0,00    0,00    0,00    0,00    0,00    0,00    0,00    0,00  100,00
15:53:09       4    0,00    0,00    0,00    0,00    0,00    0,00    0,00    0,00    0,00  100,00
15:53:09       5    0,00    0,00    0,00    0,00    0,00    0,00    0,00    0,00    0,00  100,00
15:53:09       6    0,00    0,00    0,00    0,00    0,00    0,00    0,00    0,00    0,00  100,00
15:53:09       7    0,00    0,00    0,00    0,00    0,00    0,00    0,00    0,00    0,00  100,00
15:53:09       8    0,00    0,00    0,00    0,00    0,00  100,00    0,00    0,00    0,00    0,00
15:53:09       9    0,00    0,00    0,00    0,00    0,00  100,00    0,00    0,00    0,00    0,00
15:53:09      10    0,00    0,00    0,00    0,00    0,00    0,00    0,00    0,00    0,00  100,00
15:53:09      11    0,00    0,00    0,00    0,00    0,00    0,00    0,00    0,00    0,00  100,00
15:53:09      12    0,00    0,00    0,00    0,00    0,00    0,00    0,00    0,00    0,00  100,00
15:53:09      13    0,00    0,00    0,00    0,00    0,00    0,00    0,00    0,00    0,00  100,00
15:53:09      14    0,00    0,00    0,00    0,00    0,00    0,00    0,00    0,00    0,00  100,00
15:53:09      15    0,00    0,00    0,00    0,00    0,00    0,00    0,00    0,00    0,00  100,00
15:53:09      16    0,00    0,00    1,00    0,00    0,00    0,00    0,00    0,00    0,00   99,00
15:53:09      17    0,99    0,00    0,00    0,00    0,00    0,00    0,00    0,00    0,00   99,01
15:53:09      18    0,00    0,00    0,00    0,00    0,00    0,00    0,00    0,00    0,00  100,00
15:53:09      19    0,00    0,00    0,00    0,00    0,00    0,00    0,00    0,00    0,00  100,00
15:53:09      20    0,00    0,00    0,00    0,00    0,00    0,00    0,00    0,00    0,00  100,00
15:53:09      21    0,99    0,00    0,00    0,00    0,00    0,00    0,00    0,00    0,00   99,01
15:53:09      22    0,00    0,00    0,00    0,00    0,00  100,00    0,00    0,00    0,00    0,00
15:53:09      23    0,00    0,00    0,00    0,00    0,00    0,00    0,00    0,00    0,00  100,00

15:53:09     CPU    %usr   %nice    %sys %iowait    %irq   %soft  %steal  %guest  %gnice   %idle
15:53:10     all    0,13    0,00    0,08    0,00    0,00   12,47    0,00    0,00    0,00   87,32
15:53:10       0    0,00    0,00    0,00    0,00    0,00    0,00    0,00    0,00    0,00  100,00
15:53:10       1    0,00    0,00    0,00    0,00    0,00    0,00    0,00    0,00    0,00  100,00
15:53:10       2    0,00    0,00    0,00    0,00    0,00    0,00    0,00    0,00    0,00  100,00
15:53:10       3    0,00    0,00    0,00    0,00    0,00    0,00    0,00    0,00    0,00  100,00
15:53:10       4    0,00    0,00    0,00    0,00    0,00    0,00    0,00    0,00    0,00  100,00
15:53:10       5    0,00    0,00    0,00    0,00    0,00    0,00    0,00    0,00    0,00  100,00
15:53:10       6    0,00    0,00    0,00    0,00    0,00    0,00    0,00    0,00    0,00  100,00
15:53:10       7    0,00    0,00    0,00    0,00    0,00    0,00    0,00    0,00    0,00  100,00
15:53:10       8    0,99    0,00    0,99    0,00    0,00   98,02    0,00    0,00    0,00    0,00
15:53:10       9    0,00    0,00    0,00    0,00    0,00  100,00    0,00    0,00    0,00    0,00
15:53:10      10    0,00    0,00    0,00    0,00    0,00    0,00    0,00    0,00    0,00  100,00
15:53:10      11    0,00    0,00    0,00    0,00    0,00    0,00    0,00    0,00    0,00  100,00
15:53:10      12    0,00    0,00    0,00    0,00    0,00    0,00    0,00    0,00    0,00  100,00
15:53:10      13    0,00    0,00    0,00    0,00    0,00    0,00    0,00    0,00    0,00  100,00
15:53:10      14    0,00    0,00    0,00    0,00    0,00    0,00    0,00    0,00    0,00  100,00
15:53:10      15    0,00    0,00    0,00    0,00    0,00    0,00    0,00    0,00    0,00  100,00
15:53:10      16    0,00    0,00    0,00    0,00    0,00    0,00    0,00    0,00    0,00  100,00
15:53:10      17    0,00    0,00    0,00    0,00    0,00    0,00    0,00    0,00    0,00  100,00
15:53:10      18    1,01    0,00    0,00    0,00    0,00    0,00    0,00    0,00    0,00   98,99
15:53:10      19    0,99    0,00    0,99    0,00    0,00    0,00    0,00    0,00    0,00   98,02
15:53:10      20    0,00    0,00    0,00    0,00    0,00    0,00    0,00    0,00    0,00  100,00
15:53:10      21    0,00    0,00    0,00    0,00    0,00    0,00    0,00    0,00    0,00  100,00
15:53:10      22    0,00    0,00    0,00    0,00    0,00  100,00    0,00    0,00    0,00    0,00
15:53:10      23    0,00    0,00    0,00    0,00    0,00    0,00    0,00    0,00    0,00  100,00

15:53:10     CPU    %usr   %nice    %sys %iowait    %irq   %soft  %steal  %guest  %gnice   %idle
15:53:11     all    0,00    0,00    0,13    0,08    0,00   12,51    0,00    0,00    0,00   87,28
15:53:11       0    0,00    0,00    0,00    1,01    0,00    0,00    0,00    0,00    0,00   98,99
15:53:11       1    0,00    0,00    0,00    0,00    0,00    0,00    0,00    0,00    0,00  100,00
15:53:11       2    0,00    0,00    0,00    0,00    0,00    0,00    0,00    0,00    0,00  100,00
15:53:11       3    0,00    0,00    0,00    0,00    0,00    0,00    0,00    0,00    0,00  100,00
15:53:11       4    0,00    0,00    0,00    0,00    0,00    0,00    0,00    0,00    0,00  100,00
15:53:11       5    0,00    0,00    0,00    0,00    0,00    0,00    0,00    0,00    0,00  100,00
15:53:11       6    0,00    0,00    0,00    0,00    0,00    0,00    0,00    0,00    0,00  100,00
15:53:11       7    0,00    0,00    0,00    0,00    0,00    0,00    0,00    0,00    0,00  100,00
15:53:11       8    0,00    0,00    0,00    0,00    0,00  100,00    0,00    0,00    0,00    0,00
15:53:11       9    0,00    0,00    0,00    0,00    0,00  100,00    0,00    0,00    0,00    0,00
15:53:11      10    0,00    0,00    0,00    0,00    0,00    0,00    0,00    0,00    0,00  100,00
15:53:11      11    0,00    0,00    0,00    0,00    0,00    0,00    0,00    0,00    0,00  100,00
15:53:11      12    0,00    0,00    0,00    1,00    0,00    0,00    0,00    0,00    0,00   99,00
15:53:11      13    0,00    0,00    0,00    0,00    0,00    0,00    0,00    0,00    0,00  100,00
15:53:11      14    0,00    0,00    0,00    0,00    0,00    0,00    0,00    0,00    0,00  100,00
15:53:11      15    0,00    0,00    0,00    0,00    0,00    0,00    0,00    0,00    0,00  100,00
15:53:11      16    0,00    0,00    1,00    0,00    0,00    0,00    0,00    0,00    0,00   99,00
15:53:11      17    0,00    0,00    1,00    0,00    0,00    0,00    0,00    0,00    0,00   99,00
15:53:11      18    0,00    0,00    1,00    0,00    0,00    0,00    0,00    0,00    0,00   99,00
15:53:11      19    0,00    0,00    0,00    0,00    0,00    0,00    0,00    0,00    0,00  100,00
15:53:11      20    0,00    0,00    0,00    0,00    0,00    0,00    0,00    0,00    0,00  100,00
15:53:11      21    0,00    0,00    0,00    0,00    0,00    0,00    0,00    0,00    0,00  100,00
15:53:11      22    0,00    0,00    0,00    0,00    0,00  100,00    0,00    0,00    0,00    0,00
15:53:11      23    0,00    0,00    0,00    0,00    0,00    0,00    0,00    0,00    0,00  100,00

15:53:11     CPU    %usr   %nice    %sys %iowait    %irq   %soft  %steal  %guest  %gnice   %idle
15:53:12     all    0,00    0,00    0,00    0,00    0,00   12,51    0,00    0,00    0,00   87,49
15:53:12       0    0,00    0,00    0,00    0,00    0,00    0,00    0,00    0,00    0,00  100,00
15:53:12       1    0,00    0,00    0,00    0,00    0,00    0,00    0,00    0,00    0,00  100,00
15:53:12       2    0,00    0,00    0,00    0,00    0,00    0,00    0,00    0,00    0,00  100,00
15:53:12       3    0,00    0,00    0,00    0,00    0,00    0,00    0,00    0,00    0,00  100,00
15:53:12       4    0,00    0,00    0,00    0,00    0,00    0,00    0,00    0,00    0,00  100,00
15:53:12       5    0,00    0,00    0,00    0,00    0,00    0,00    0,00    0,00    0,00  100,00
15:53:12       6    0,00    0,00    0,00    0,00    0,00    0,00    0,00    0,00    0,00  100,00
15:53:12       7    0,00    0,00    0,00    0,00    0,00    0,00    0,00    0,00    0,00  100,00
15:53:12       8    0,00    0,00    0,00    0,00    0,00  100,00    0,00    0,00    0,00    0,00
15:53:12       9    0,00    0,00    0,00    0,00    0,00  100,00    0,00    0,00    0,00    0,00
15:53:12      10    0,00    0,00    0,00    0,00    0,00    0,00    0,00    0,00    0,00  100,00
15:53:12      11    0,00    0,00    0,00    0,00    0,00    0,00    0,00    0,00    0,00  100,00
15:53:12      12    0,00    0,00    0,00    0,00    0,00    0,00    0,00    0,00    0,00  100,00
15:53:12      13    0,00    0,00    0,00    0,00    0,00    0,00    0,00    0,00    0,00  100,00
15:53:12      14    0,00    0,00    0,00    0,00    0,00    0,00    0,00    0,00    0,00  100,00
15:53:12      15    0,00    0,00    0,00    0,00    0,00    0,00    0,00    0,00    0,00  100,00
15:53:12      16    0,00    0,00    0,00    0,00    0,00    0,00    0,00    0,00    0,00  100,00
15:53:12      17    0,00    0,00    0,00    0,00    0,00    0,00    0,00    0,00    0,00  100,00
15:53:12      18    0,00    0,00    0,00    0,00    0,00    0,00    0,00    0,00    0,00  100,00
15:53:12      19    0,00    0,00    0,00    0,00    0,00    0,00    0,00    0,00    0,00  100,00
15:53:12      20    0,00    0,00    0,00    0,00    0,00    0,00    0,00    0,00    0,00  100,00
15:53:12      21    0,00    0,00    0,00    0,00    0,00    0,00    0,00    0,00    0,00  100,00
15:53:12      22    0,00    0,00    0,00    0,00    0,00  100,00    0,00    0,00    0,00    0,00
15:53:12      23    0,00    0,00    0,00    0,00    0,00    0,00    0,00    0,00    0,00  100,00

15:53:12     CPU    %usr   %nice    %sys %iowait    %irq   %soft  %steal  %guest  %gnice   %idle
15:53:13     all    0,38    0,00    0,00    0,00    0,00   12,46    0,00    0,00    0,00   87,17
15:53:13       0    0,00    0,00    0,00    0,00    0,00    0,00    0,00    0,00    0,00  100,00
15:53:13       1    0,00    0,00    0,00    0,00    0,00    0,00    0,00    0,00    0,00  100,00
15:53:13       2    0,00    0,00    0,00    0,00    0,00    0,00    0,00    0,00    0,00  100,00
15:53:13       3    0,00    0,00    0,00    0,00    0,00    0,00    0,00    0,00    0,00  100,00
15:53:13       4    0,00    0,00    0,00    0,00    0,00    0,00    0,00    0,00    0,00  100,00
15:53:13       5    0,00    0,00    0,00    0,00    0,00    0,00    0,00    0,00    0,00  100,00
15:53:13       6    0,00    0,00    0,00    0,00    0,00    0,00    0,00    0,00    0,00  100,00
15:53:13       7    0,00    0,00    0,00    0,00    0,00    0,00    0,00    0,00    0,00  100,00
15:53:13       8    1,00    0,00    0,00    0,00    0,00   99,00    0,00    0,00    0,00    0,00
15:53:13       9    0,00    0,00    0,00    0,00    0,00  100,00    0,00    0,00    0,00    0,00
15:53:13      10    6,00    0,00    0,00    0,00    0,00    0,00    0,00    0,00    0,00   94,00
15:53:13      11    0,00    0,00    0,00    0,00    0,00    0,00    0,00    0,00    0,00  100,00
15:53:13      12    0,00    0,00    0,00    0,00    0,00    0,00    0,00    0,00    0,00  100,00
15:53:13      13    0,00    0,00    0,00    0,00    0,00    0,00    0,00    0,00    0,00  100,00
15:53:13      14    0,00    0,00    0,00    0,00    0,00    0,00    0,00    0,00    0,00  100,00
15:53:13      15    0,00    0,00    0,00    0,00    0,00    0,00    0,00    0,00    0,00  100,00
15:53:13      16    0,99    0,00    0,00    0,00    0,00    0,00    0,00    0,00    0,00   99,01
15:53:13      17    0,00    0,00    0,00    0,00    0,00    0,00    0,00    0,00    0,00  100,00
15:53:13      18    0,00    0,00    0,00    0,00    0,00    0,00    0,00    0,00    0,00  100,00
15:53:13      19    0,00    0,00    0,00    0,00    0,00    0,00    0,00    0,00    0,00  100,00
15:53:13      20    1,00    0,00    0,00    0,00    0,00    0,00    0,00    0,00    0,00   99,00
15:53:13      21    0,00    0,00    0,00    0,00    0,00    0,00    0,00    0,00    0,00  100,00
15:53:13      22    0,00    0,00    0,00    0,00    0,00  100,00    0,00    0,00    0,00    0,00
15:53:13      23    0,00    0,00    0,00    0,00    0,00    0,00    0,00    0,00    0,00  100,00

15:53:13     CPU    %usr   %nice    %sys %iowait    %irq   %soft  %steal  %guest  %gnice   %idle
15:53:14     all    0,04    0,00    0,00    0,00    0,00   12,50    0,00    0,00    0,00   87,46
15:53:14       0    0,00    0,00    0,00    0,00    0,00    0,00    0,00    0,00    0,00  100,00
15:53:14       1    0,00    0,00    0,00    0,00    0,00    0,00    0,00    0,00    0,00  100,00
15:53:14       2    0,00    0,00    0,00    0,00    0,00    0,00    0,00    0,00    0,00  100,00
15:53:14       3    0,00    0,00    0,00    0,00    0,00    0,00    0,00    0,00    0,00  100,00
15:53:14       4    0,00    0,00    0,00    0,00    0,00    0,00    0,00    0,00    0,00  100,00
15:53:14       5    0,00    0,00    0,00    0,00    0,00    0,00    0,00    0,00    0,00  100,00
15:53:14       6    0,00    0,00    0,00    0,00    0,00    0,00    0,00    0,00    0,00  100,00
15:53:14       7    0,00    0,00    0,00    0,00    0,00    0,00    0,00    0,00    0,00  100,00
15:53:14       8    0,00    0,00    0,00    0,00    0,00  100,00    0,00    0,00    0,00    0,00
15:53:14       9    0,00    0,00    0,00    0,00    0,00  100,00    0,00    0,00    0,00    0,00
15:53:14      10    0,00    0,00    0,00    0,00    0,00    0,00    0,00    0,00    0,00  100,00
15:53:14      11    0,00    0,00    0,00    0,00    0,00    0,00    0,00    0,00    0,00  100,00
15:53:14      12    0,00    0,00    0,00    0,00    0,00    0,00    0,00    0,00    0,00  100,00
15:53:14      13    0,00    0,00    0,00    0,00    0,00    0,00    0,00    0,00    0,00  100,00
15:53:14      14    0,00    0,00    0,00    0,00    0,00    0,00    0,00    0,00    0,00  100,00
15:53:14      15    0,00    0,00    0,00    0,00    0,00    0,00    0,00    0,00    0,00  100,00
15:53:14      16    0,00    0,00    0,00    0,00    0,00    0,00    0,00    0,00    0,00  100,00
15:53:14      17    0,99    0,00    0,00    0,00    0,00    0,00    0,00    0,00    0,00   99,01
15:53:14      18    0,00    0,00    0,00    0,00    0,00    0,00    0,00    0,00    0,00  100,00
15:53:14      19    0,00    0,00    0,00    0,00    0,00    0,00    0,00    0,00    0,00  100,00
15:53:14      20    0,00    0,00    0,00    0,00    0,00    0,00    0,00    0,00    0,00  100,00
15:53:14      21    0,00    0,00    0,00    0,00    0,00    0,00    0,00    0,00    0,00  100,00
15:53:14      22    0,00    0,00    0,00    0,00    0,00  100,00    0,00    0,00    0,00    0,00
15:53:14      23    0,00    0,00    0,00    0,00    0,00    0,00    0,00    0,00    0,00  100,00

15:53:14     CPU    %usr   %nice    %sys %iowait    %irq   %soft  %steal  %guest  %gnice   %idle
15:53:15     all    0,04    0,00    0,13    0,00    0,00   12,47    0,00    0,00    0,00   87,36
15:53:15       0    0,00    0,00    0,00    0,00    0,00    0,00    0,00    0,00    0,00  100,00
15:53:15       1    0,00    0,00    0,00    0,00    0,00    0,00    0,00    0,00    0,00  100,00
15:53:15       2    0,00    0,00    0,00    0,00    0,00    0,00    0,00    0,00    0,00  100,00
15:53:15       3    0,00    0,00    0,00    0,00    0,00    0,00    0,00    0,00    0,00  100,00
15:53:15       4    0,00    0,00    0,00    0,00    0,00    0,00    0,00    0,00    0,00  100,00
15:53:15       5    0,00    0,00    0,00    0,00    0,00    0,00    0,00    0,00    0,00  100,00
15:53:15       6    0,00    0,00    0,00    0,00    0,00    0,00    0,00    0,00    0,00  100,00
15:53:15       7    0,00    0,00    0,00    0,00    0,00    0,00    0,00    0,00    0,00  100,00
15:53:15       8    0,00    0,00    0,00    0,00    0,00  100,00    0,00    0,00    0,00    0,00
15:53:15       9    0,00    0,00    0,00    0,00    0,00  100,00    0,00    0,00    0,00    0,00
15:53:15      10    0,00    0,00    0,00    0,00    0,00    0,00    0,00    0,00    0,00  100,00
15:53:15      11    0,00    0,00    0,00    0,00    0,00    0,00    0,00    0,00    0,00  100,00
15:53:15      12    0,00    0,00    0,00    0,00    0,00    0,00    0,00    0,00    0,00  100,00
15:53:15      13    0,00    0,00    0,00    0,00    0,00    0,00    0,00    0,00    0,00  100,00
15:53:15      14    1,00    0,00    0,00    0,00    0,00    0,00    0,00    0,00    0,00   99,00
15:53:15      15    0,00    0,00    0,00    0,00    0,00    0,00    0,00    0,00    0,00  100,00
15:53:15      16    0,00    0,00    0,00    0,00    0,00    0,00    0,00    0,00    0,00  100,00
15:53:15      17    0,00    0,00    2,00    0,00    0,00    0,00    0,00    0,00    0,00   98,00
15:53:15      18    0,00    0,00    0,00    0,00    0,00    0,00    0,00    0,00    0,00  100,00
15:53:15      19    0,00    0,00    1,00    0,00    0,00    0,00    0,00    0,00    0,00   99,00
15:53:15      20    0,00    0,00    0,00    0,00    0,00    0,00    0,00    0,00    0,00  100,00
15:53:15      21    0,00    0,00    0,00    0,00    0,00    0,00    0,00    0,00    0,00  100,00
15:53:15      22    0,00    0,00    0,00    0,00    0,00  100,00    0,00    0,00    0,00    0,00
15:53:15      23    0,00    0,00    0,00    0,00    0,00    0,00    0,00    0,00    0,00  100,00

15:53:15     CPU    %usr   %nice    %sys %iowait    %irq   %soft  %steal  %guest  %gnice   %idle
15:53:16     all    0,21    0,00    0,12    0,12    0,00   12,48    0,00    0,00    0,00   87,06
15:53:16       0    0,00    0,00    0,00    2,00    0,00    0,00    0,00    0,00    0,00   98,00
15:53:16       1    0,00    0,00    0,00    0,00    0,00    0,00    0,00    0,00    0,00  100,00
15:53:16       2    0,00    0,00    0,00    0,00    0,00    0,00    0,00    0,00    0,00  100,00
15:53:16       3    0,00    0,00    0,00    0,00    0,00    0,00    0,00    0,00    0,00  100,00
15:53:16       4    0,00    0,00    0,00    0,00    0,00    0,00    0,00    0,00    0,00  100,00
15:53:16       5    0,00    0,00    0,00    0,00    0,00    0,00    0,00    0,00    0,00  100,00
15:53:16       6    0,00    0,00    0,00    0,00    0,00    0,00    0,00    0,00    0,00  100,00
15:53:16       7    0,00    0,00    0,00    0,00    0,00    0,00    0,00    0,00    0,00  100,00
15:53:16       8    0,00    0,00    0,99    0,00    0,00   99,01    0,00    0,00    0,00    0,00
15:53:16       9    0,00    0,00    0,00    0,00    0,00  100,00    0,00    0,00    0,00    0,00
15:53:16      10    0,98    0,00    0,98    0,98    0,00    0,00    0,00    0,00    0,00   97,06
15:53:16      11    0,00    0,00    0,00    0,00    0,00    0,00    0,00    0,00    0,00  100,00
15:53:16      12    0,00    0,00    0,00    0,00    0,00    0,00    0,00    0,00    0,00  100,00
15:53:16      13    0,00    0,00    0,00    0,00    0,00    0,00    0,00    0,00    0,00  100,00
15:53:16      14    0,00    0,00    0,00    0,00    0,00    0,00    0,00    0,00    0,00  100,00
15:53:16      15    0,00    0,00    0,00    0,00    0,00    0,00    0,00    0,00    0,00  100,00
15:53:16      16    0,00    0,00    1,00    0,00    0,00    0,00    0,00    0,00    0,00   99,00
15:53:16      17    2,00    0,00    0,00    0,00    0,00    0,00    0,00    0,00    0,00   98,00
15:53:16      18    1,00    0,00    0,00    0,00    0,00    0,00    0,00    0,00    0,00   99,00
15:53:16      19    1,00    0,00    0,00    0,00    0,00    0,00    0,00    0,00    0,00   99,00
15:53:16      20    0,00    0,00    0,00    0,00    0,00    0,00    0,00    0,00    0,00  100,00
15:53:16      21    0,00    0,00    0,00    0,00    0,00    0,00    0,00    0,00    0,00  100,00
15:53:16      22    0,00    0,00    0,00    0,00    0,00  100,00    0,00    0,00    0,00    0,00
15:53:16      23    0,00    0,00    0,00    0,00    0,00    0,00    0,00    0,00    0,00  100,00

15:53:16     CPU    %usr   %nice    %sys %iowait    %irq   %soft  %steal  %guest  %gnice   %idle
15:53:17     all    0,08    0,00    0,04    0,00    0,00   12,45    0,00    0,00    0,00   87,42
15:53:17       0    0,00    0,00    0,00    0,00    0,00    0,00    0,00    0,00    0,00  100,00
15:53:17       1    0,00    0,00    0,00    0,00    0,00    0,00    0,00    0,00    0,00  100,00
15:53:17       2    0,00    0,00    0,00    0,00    0,00    0,00    0,00    0,00    0,00  100,00
15:53:17       3    0,00    0,00    0,00    0,00    0,00    0,00    0,00    0,00    0,00  100,00
15:53:17       4    0,00    0,00    0,00    0,00    0,00    0,00    0,00    0,00    0,00  100,00
15:53:17       5    0,00    0,00    0,00    0,00    0,00    0,00    0,00    0,00    0,00  100,00
15:53:17       6    0,00    0,00    0,00    0,00    0,00    0,00    0,00    0,00    0,00  100,00
15:53:17       7    0,00    0,00    0,00    0,00    0,00    0,00    0,00    0,00    0,00  100,00
15:53:17       8    1,00    0,00    0,00    0,00    0,00   99,00    0,00    0,00    0,00    0,00
15:53:17       9    0,00    0,00    0,00    0,00    0,00  100,00    0,00    0,00    0,00    0,00
15:53:17      10    0,00    0,00    0,00    0,00    0,00    0,00    0,00    0,00    0,00  100,00
15:53:17      11    0,00    0,00    0,00    0,00    0,00    0,00    0,00    0,00    0,00  100,00
15:53:17      12    0,00    0,00    0,00    0,00    0,00    0,00    0,00    0,00    0,00  100,00
15:53:17      13    0,00    0,00    0,00    0,00    0,00    0,00    0,00    0,00    0,00  100,00
15:53:17      14    0,00    0,00    0,00    0,00    0,00    0,00    0,00    0,00    0,00  100,00
15:53:17      15    0,00    0,00    0,00    0,00    0,00    0,00    0,00    0,00    0,00  100,00
15:53:17      16    0,00    0,00    0,00    0,00    0,00    0,00    0,00    0,00    0,00  100,00
15:53:17      17    0,00    0,00    0,00    0,00    0,00    0,00    0,00    0,00    0,00  100,00
15:53:17      18    1,00    0,00    0,00    0,00    0,00    0,00    0,00    0,00    0,00   99,00
15:53:17      19    0,00    0,00    0,99    0,00    0,00    0,00    0,00    0,00    0,00   99,01
15:53:17      20    0,00    0,00    0,00    0,00    0,00    0,00    0,00    0,00    0,00  100,00
15:53:17      21    0,00    0,00    0,00    0,00    0,00    0,00    0,00    0,00    0,00  100,00
15:53:17      22    0,00    0,00    0,00    0,00    0,00  100,00    0,00    0,00    0,00    0,00
15:53:17      23    0,00    0,00    0,00    0,00    0,00    0,00    0,00    0,00    0,00  100,00

15:53:17     CPU    %usr   %nice    %sys %iowait    %irq   %soft  %steal  %guest  %gnice   %idle
15:53:18     all    0,13    0,00    0,00    0,00    0,00   12,47    0,00    0,00    0,00   87,41
15:53:18       0    0,00    0,00    0,00    0,00    0,00    0,00    0,00    0,00    0,00  100,00
15:53:18       1    0,00    0,00    0,00    0,00    0,00    0,00    0,00    0,00    0,00  100,00
15:53:18       2    0,00    0,00    0,00    0,00    0,00    0,00    0,00    0,00    0,00  100,00
15:53:18       3    0,00    0,00    0,00    0,00    0,00    0,00    0,00    0,00    0,00  100,00
15:53:18       4    0,00    0,00    0,00    0,00    0,00    0,00    0,00    0,00    0,00  100,00
15:53:18       5    0,00    0,00    0,00    0,00    0,00    0,00    0,00    0,00    0,00  100,00
15:53:18       6    0,00    0,00    0,00    0,00    0,00    0,00    0,00    0,00    0,00  100,00
15:53:18       7    0,00    0,00    0,00    0,00    0,00    0,00    0,00    0,00    0,00  100,00
15:53:18       8    1,00    0,00    0,00    0,00    0,00   99,00    0,00    0,00    0,00    0,00
15:53:18       9    0,00    0,00    0,00    0,00    0,00  100,00    0,00    0,00    0,00    0,00
15:53:18      10    0,00    0,00    0,00    0,00    0,00    0,00    0,00    0,00    0,00  100,00
15:53:18      11    0,00    0,00    0,00    0,00    0,00    0,00    0,00    0,00    0,00  100,00
15:53:18      12    0,00    0,00    0,00    0,00    0,00    0,00    0,00    0,00    0,00  100,00
15:53:18      13    1,00    0,00    0,00    0,00    0,00    0,00    0,00    0,00    0,00   99,00
15:53:18      14    0,00    0,00    0,00    0,00    0,00    0,00    0,00    0,00    0,00  100,00
15:53:18      15    0,00    0,00    0,00    0,00    0,00    0,00    0,00    0,00    0,00  100,00
15:53:18      16    0,00    0,00    0,00    0,00    0,00    0,00    0,00    0,00    0,00  100,00
15:53:18      17    0,00    0,00    0,00    0,00    0,00    0,00    0,00    0,00    0,00  100,00
15:53:18      18    0,00    0,00    0,00    0,00    0,00    0,00    0,00    0,00    0,00  100,00
15:53:18      19    1,01    0,00    0,00    0,00    0,00    0,00    0,00    0,00    0,00   98,99
15:53:18      20    0,00    0,00    0,00    0,00    0,00    0,00    0,00    0,00    0,00  100,00
15:53:18      21    0,00    0,00    0,00    0,00    0,00    0,00    0,00    0,00    0,00  100,00
15:53:18      22    0,00    0,00    0,00    0,00    0,00  100,00    0,00    0,00    0,00    0,00
15:53:18      23    0,00    0,00    0,00    0,00    0,00    0,00    0,00    0,00    0,00  100,00

15:53:18     CPU    %usr   %nice    %sys %iowait    %irq   %soft  %steal  %guest  %gnice   %idle
15:53:19     all    0,00    0,00    0,08    0,00    0,00   12,49    0,00    0,00    0,00   87,43
15:53:19       0    0,00    0,00    0,00    0,00    0,00    0,00    0,00    0,00    0,00  100,00
15:53:19       1    0,00    0,00    0,00    0,00    0,00    0,00    0,00    0,00    0,00  100,00
15:53:19       2    0,00    0,00    0,00    0,00    0,00    0,00    0,00    0,00    0,00  100,00
15:53:19       3    0,00    0,00    0,00    0,00    0,00    0,00    0,00    0,00    0,00  100,00
15:53:19       4    0,00    0,00    0,00    0,00    0,00    0,00    0,00    0,00    0,00  100,00
15:53:19       5    0,00    0,00    0,00    0,00    0,00    0,00    0,00    0,00    0,00  100,00
15:53:19       6    0,00    0,00    0,00    0,00    0,00    0,00    0,00    0,00    0,00  100,00
15:53:19       7    0,00    0,00    0,00    0,00    0,00    0,00    0,00    0,00    0,00  100,00
15:53:19       8    0,00    0,00    0,00    0,00    0,00  100,00    0,00    0,00    0,00    0,00
15:53:19       9    0,00    0,00    0,00    0,00    0,00  100,00    0,00    0,00    0,00    0,00
15:53:19      10    0,00    0,00    0,00    0,00    0,00    0,00    0,00    0,00    0,00  100,00
15:53:19      11    0,00    0,00    0,00    0,00    0,00    0,00    0,00    0,00    0,00  100,00
15:53:19      12    0,00    0,00    0,00    0,00    0,00    0,00    0,00    0,00    0,00  100,00
15:53:19      13    0,00    0,00    0,00    0,00    0,00    0,00    0,00    0,00    0,00  100,00
15:53:19      14    0,00    0,00    0,00    0,00    0,00    0,00    0,00    0,00    0,00  100,00
15:53:19      15    0,00    0,00    0,99    0,00    0,00    0,00    0,00    0,00    0,00   99,01
15:53:19      16    0,00    0,00    0,00    0,00    0,00    0,00    0,00    0,00    0,00  100,00
15:53:19      17    0,00    0,00    0,99    0,00    0,00    0,00    0,00    0,00    0,00   99,01
15:53:19      18    0,00    0,00    0,00    0,00    0,00    0,00    0,00    0,00    0,00  100,00
15:53:19      19    0,00    0,00    0,00    0,00    0,00    0,00    0,00    0,00    0,00  100,00
15:53:19      20    0,00    0,00    0,00    0,00    0,00    0,00    0,00    0,00    0,00  100,00
15:53:19      21    0,00    0,00    0,00    0,00    0,00    0,00    0,00    0,00    0,00  100,00
15:53:19      22    0,00    0,00    0,00    0,00    0,00  100,00    0,00    0,00    0,00    0,00
15:53:19      23    0,00    0,00    0,00    0,00    0,00    0,00    0,00    0,00    0,00  100,00

15:53:19     CPU    %usr   %nice    %sys %iowait    %irq   %soft  %steal  %guest  %gnice   %idle
15:53:20     all    0,08    0,00    0,12    0,00    0,00   12,46    0,00    0,00    0,00   87,33
15:53:20       0    0,00    0,00    0,00    0,00    0,00    0,00    0,00    0,00    0,00  100,00
15:53:20       1    0,00    0,00    0,00    0,00    0,00    0,00    0,00    0,00    0,00  100,00
15:53:20       2    0,00    0,00    0,00    0,00    0,00    0,00    0,00    0,00    0,00  100,00
15:53:20       3    0,00    0,00    0,00    0,00    0,00    0,00    0,00    0,00    0,00  100,00
15:53:20       4    0,00    0,00    0,00    0,00    0,00    0,00    0,00    0,00    0,00  100,00
15:53:20       5    0,00    0,00    0,00    0,00    0,00    0,00    0,00    0,00    0,00  100,00
15:53:20       6    0,00    0,00    0,00    0,00    0,00    0,00    0,00    0,00    0,00  100,00
15:53:20       7    0,00    0,00    0,00    0,00    0,00    0,00    0,00    0,00    0,00  100,00
15:53:20       8    0,00    0,00    1,00    0,00    0,00   99,00    0,00    0,00    0,00    0,00
15:53:20       9    0,00    0,00    0,00    0,00    0,00  100,00    0,00    0,00    0,00    0,00
15:53:20      10    0,00    0,00    0,00    0,00    0,00    0,00    0,00    0,00    0,00  100,00
15:53:20      11    0,00    0,00    0,00    0,00    0,00    0,00    0,00    0,00    0,00  100,00
15:53:20      12    0,00    0,00    0,00    0,00    0,00    0,00    0,00    0,00    0,00  100,00
15:53:20      13    0,00    0,00    0,00    0,00    0,00    0,00    0,00    0,00    0,00  100,00
15:53:20      14    0,00    0,00    0,00    0,00    0,00    0,00    0,00    0,00    0,00  100,00
15:53:20      15    0,00    0,00    0,00    0,00    0,00    0,00    0,00    0,00    0,00  100,00
15:53:20      16    0,99    0,00    0,99    0,00    0,00    0,00    0,00    0,00    0,00   98,02
15:53:20      17    0,00    0,00    0,00    0,00    0,00    0,00    0,00    0,00    0,00  100,00
15:53:20      18    0,00    0,00    0,99    0,00    0,00    0,00    0,00    0,00    0,00   99,01
15:53:20      19    1,01    0,00    0,00    0,00    0,00    0,00    0,00    0,00    0,00   98,99
15:53:20      20    0,00    0,00    0,00    0,00    0,00    0,00    0,00    0,00    0,00  100,00
15:53:20      21    0,00    0,00    0,00    0,00    0,00    0,00    0,00    0,00    0,00  100,00
15:53:20      22    0,00    0,00    0,00    0,00    0,00  100,00    0,00    0,00    0,00    0,00
15:53:20      23    0,00    0,00    0,00    0,00    0,00    0,00    0,00    0,00    0,00  100,00

15:53:20     CPU    %usr   %nice    %sys %iowait    %irq   %soft  %steal  %guest  %gnice   %idle
15:53:21     all    0,17    0,00    0,04    0,17    0,00   12,47    0,00    0,00    0,00   87,15
15:53:21       0    0,00    0,00    0,00    1,01    0,00    0,00    0,00    0,00    0,00   98,99
15:53:21       1    0,00    0,00    0,00    0,00    0,00    0,00    0,00    0,00    0,00  100,00
15:53:21       2    0,00    0,00    0,00    0,00    0,00    0,00    0,00    0,00    0,00  100,00
15:53:21       3    0,00    0,00    0,00    0,00    0,00    0,00    0,00    0,00    0,00  100,00
15:53:21       4    0,00    0,00    0,00    0,00    0,00    0,00    0,00    0,00    0,00  100,00
15:53:21       5    0,00    0,00    0,00    0,00    0,00    0,00    0,00    0,00    0,00  100,00
15:53:21       6    0,00    0,00    0,00    0,00    0,00    0,00    0,00    0,00    0,00  100,00
15:53:21       7    0,00    0,00    0,00    0,00    0,00    0,00    0,00    0,00    0,00  100,00
15:53:21       8    1,00    0,00    0,00    0,00    0,00   99,00    0,00    0,00    0,00    0,00
15:53:21       9    0,00    0,00    0,00    0,00    0,00  100,00    0,00    0,00    0,00    0,00
15:53:21      10    0,00    0,00    0,00    0,00    0,00    0,00    0,00    0,00    0,00  100,00
15:53:21      11    0,00    0,00    0,00    0,00    0,00    0,00    0,00    0,00    0,00  100,00
15:53:21      12    0,00    0,00    0,00    1,00    0,00    0,00    0,00    0,00    0,00   99,00
15:53:21      13    0,00    0,00    0,00    0,00    0,00    0,00    0,00    0,00    0,00  100,00
15:53:21      14    0,99    0,00    0,00    0,00    0,00    0,00    0,00    0,00    0,00   99,01
15:53:21      15    0,00    0,00    0,00    0,00    0,00    0,00    0,00    0,00    0,00  100,00
15:53:21      16    0,00    0,00    0,00    0,00    0,00    0,00    0,00    0,00    0,00  100,00
15:53:21      17    0,00    0,00    0,00    0,00    0,00    0,00    0,00    0,00    0,00  100,00
15:53:21      18    1,00    0,00    0,00    0,00    0,00    0,00    0,00    0,00    0,00   99,00
15:53:21      19    0,00    0,00    1,00    0,00    0,00    0,00    0,00    0,00    0,00   99,00
15:53:21      20    0,00    0,00    0,00    0,99    0,00    0,00    0,00    0,00    0,00   99,01
15:53:21      21    0,00    0,00    0,00    0,00    0,00    0,00    0,00    0,00    0,00  100,00
15:53:21      22    0,00    0,00    0,00    0,00    0,00  100,00    0,00    0,00    0,00    0,00
15:53:21      23    0,99    0,00    0,00    0,99    0,00    0,00    0,00    0,00    0,00   98,02

15:53:21     CPU    %usr   %nice    %sys %iowait    %irq   %soft  %steal  %guest  %gnice   %idle
15:53:22     all    0,00    0,00    0,00    0,00    0,00   12,51    0,00    0,00    0,00   87,49
15:53:22       0    0,00    0,00    0,00    0,00    0,00    0,00    0,00    0,00    0,00  100,00
15:53:22       1    0,00    0,00    0,00    0,00    0,00    0,00    0,00    0,00    0,00  100,00
15:53:22       2    0,00    0,00    0,00    0,00    0,00    0,00    0,00    0,00    0,00  100,00
15:53:22       3    0,00    0,00    0,00    0,00    0,00    0,00    0,00    0,00    0,00  100,00
15:53:22       4    0,00    0,00    0,00    0,00    0,00    0,00    0,00    0,00    0,00  100,00
15:53:22       5    0,00    0,00    0,00    0,00    0,00    0,00    0,00    0,00    0,00  100,00
15:53:22       6    0,00    0,00    0,00    0,00    0,00    0,00    0,00    0,00    0,00  100,00
15:53:22       7    0,00    0,00    0,00    0,00    0,00    0,00    0,00    0,00    0,00  100,00
15:53:22       8    0,00    0,00    0,00    0,00    0,00  100,00    0,00    0,00    0,00    0,00
15:53:22       9    0,00    0,00    0,00    0,00    0,00  100,00    0,00    0,00    0,00    0,00
15:53:22      10    0,00    0,00    0,00    0,00    0,00    0,00    0,00    0,00    0,00  100,00
15:53:22      11    0,00    0,00    0,00    0,00    0,00    0,00    0,00    0,00    0,00  100,00
15:53:22      12    0,00    0,00    0,00    0,00    0,00    0,00    0,00    0,00    0,00  100,00
15:53:22      13    0,00    0,00    0,00    0,00    0,00    0,00    0,00    0,00    0,00  100,00
15:53:22      14    0,00    0,00    0,00    0,00    0,00    0,00    0,00    0,00    0,00  100,00
15:53:22      15    0,00    0,00    0,00    0,00    0,00    0,00    0,00    0,00    0,00  100,00
15:53:22      16    0,00    0,00    0,00    0,00    0,00    0,00    0,00    0,00    0,00  100,00
15:53:22      17    0,00    0,00    0,00    0,00    0,00    0,00    0,00    0,00    0,00  100,00
15:53:22      18    0,00    0,00    0,00    0,00    0,00    0,00    0,00    0,00    0,00  100,00
15:53:22      19    0,00    0,00    0,00    0,00    0,00    0,00    0,00    0,00    0,00  100,00
15:53:22      20    0,00    0,00    0,00    0,00    0,00    0,00    0,00    0,00    0,00  100,00
15:53:22      21    0,00    0,00    0,00    0,00    0,00    0,00    0,00    0,00    0,00  100,00
15:53:22      22    0,00    0,00    0,00    0,00    0,00  100,00    0,00    0,00    0,00    0,00
15:53:22      23    0,00    0,00    0,00    0,00    0,00    0,00    0,00    0,00    0,00  100,00

15:53:22     CPU    %usr   %nice    %sys %iowait    %irq   %soft  %steal  %guest  %gnice   %idle
15:53:23     all    1,42    0,00    0,71    0,08    0,00   12,46    0,00    0,00    0,00   85,33
15:53:23       0    0,99    0,00    0,00    0,99    0,00    0,00    0,00    0,00    0,00   98,02
15:53:23       1    0,00    0,00    0,00    0,00    0,00    0,00    0,00    0,00    0,00  100,00
15:53:23       2    0,00    0,00    0,99    0,00    0,00    0,00    0,00    0,00    0,00   99,01
15:53:23       3    0,00    0,00    0,00    0,00    0,00    0,00    0,00    0,00    0,00  100,00
15:53:23       4    0,00    0,00    0,00    0,00    0,00    0,00    0,00    0,00    0,00  100,00
15:53:23       5    0,00    0,00    0,00    0,00    0,00    0,00    0,00    0,00    0,00  100,00
15:53:23       6    0,00    0,00    0,00    0,00    0,00    0,00    0,00    0,00    0,00  100,00
15:53:23       7    0,00    0,00    0,00    0,00    0,00    0,00    0,00    0,00    0,00  100,00
15:53:23       8    1,00    0,00    0,00    0,00    0,00   99,00    0,00    0,00    0,00    0,00
15:53:23       9    0,00    0,00    0,00    0,00    0,00  100,00    0,00    0,00    0,00    0,00
15:53:23      10    0,00    0,00    0,00    0,00    0,00    0,00    0,00    0,00    0,00  100,00
15:53:23      11    0,00    0,00    0,00    0,00    0,00    0,00    0,00    0,00    0,00  100,00
15:53:23      12    0,00    0,00    0,00    0,00    0,00    0,00    0,00    0,00    0,00  100,00
15:53:23      13    2,02    0,00    2,02    0,00    0,00    0,00    0,00    0,00    0,00   95,96
15:53:23      14    0,00    0,00    0,00    0,00    0,00    0,00    0,00    0,00    0,00  100,00
15:53:23      15    0,00    0,00    0,00    0,00    0,00    0,00    0,00    0,00    0,00  100,00
15:53:23      16   12,87    0,00    4,95    0,00    0,00    0,00    0,00    0,00    0,00   82,18
15:53:23      17    2,00    0,00    1,00    0,00    0,00    0,00    0,00    0,00    0,00   97,00
15:53:23      18    2,97    0,00    1,98    0,00    0,00    0,00    0,00    0,00    0,00   95,05
15:53:23      19    3,00    0,00    3,00    1,00    0,00    0,00    0,00    0,00    0,00   93,00
15:53:23      20    1,00    0,00    2,00    0,00    0,00    0,00    0,00    0,00    0,00   97,00
15:53:23      21    7,07    0,00    1,01    0,00    0,00    0,00    0,00    0,00    0,00   91,92
15:53:23      22    0,00    0,00    0,00    0,00    0,00  100,00    0,00    0,00    0,00    0,00
15:53:23      23    1,01    0,00    0,00    0,00    0,00    0,00    0,00    0,00    0,00   98,99
