Linux 6.8.0-110-generic (testbed-node1) 	12/05/26 	_x86_64_	(24 CPU)

21:57:02     CPU    %usr   %nice    %sys %iowait    %irq   %soft  %steal  %guest  %gnice   %idle
21:57:03     all   63,06    0,00    0,46    0,00    0,00    0,00    0,00    0,00    0,00   36,48
21:57:03       0  100,00    0,00    0,00    0,00    0,00    0,00    0,00    0,00    0,00    0,00
21:57:03       1  100,00    0,00    0,00    0,00    0,00    0,00    0,00    0,00    0,00    0,00
21:57:03       2  100,00    0,00    0,00    0,00    0,00    0,00    0,00    0,00    0,00    0,00
21:57:03       3  100,00    0,00    0,00    0,00    0,00    0,00    0,00    0,00    0,00    0,00
21:57:03       4  100,00    0,00    0,00    0,00    0,00    0,00    0,00    0,00    0,00    0,00
21:57:03       5  100,00    0,00    0,00    0,00    0,00    0,00    0,00    0,00    0,00    0,00
21:57:03       6  100,00    0,00    0,00    0,00    0,00    0,00    0,00    0,00    0,00    0,00
21:57:03       7  100,00    0,00    0,00    0,00    0,00    0,00    0,00    0,00    0,00    0,00
21:57:03       8  100,00    0,00    0,00    0,00    0,00    0,00    0,00    0,00    0,00    0,00
21:57:03       9  100,00    0,00    0,00    0,00    0,00    0,00    0,00    0,00    0,00    0,00
21:57:03      10  100,00    0,00    0,00    0,00    0,00    0,00    0,00    0,00    0,00    0,00
21:57:03      11  100,00    0,00    0,00    0,00    0,00    0,00    0,00    0,00    0,00    0,00
21:57:03      12  100,00    0,00    0,00    0,00    0,00    0,00    0,00    0,00    0,00    0,00
21:57:03      13    0,00    0,00    0,00    0,00    0,00    0,00    0,00    0,00    0,00  100,00
21:57:03      14  100,00    0,00    0,00    0,00    0,00    0,00    0,00    0,00    0,00    0,00
21:57:03      15    1,00    0,00    0,00    0,00    0,00    0,00    0,00    0,00    0,00   99,00
21:57:03      16  100,00    0,00    0,00    0,00    0,00    0,00    0,00    0,00    0,00    0,00
21:57:03      17    1,01    0,00    1,01    0,00    0,00    0,00    0,00    0,00    0,00   97,98
21:57:03      18    0,00    0,00    1,01    0,00    0,00    0,00    0,00    0,00    0,00   98,99
21:57:03      19    1,00    0,00    1,00    0,00    0,00    0,00    0,00    0,00    0,00   98,00
21:57:03      20    5,00    0,00    2,00    0,00    0,00    0,00    0,00    0,00    0,00   93,00
21:57:03      21    1,00    0,00    2,00    0,00    0,00    0,00    0,00    0,00    0,00   97,00
21:57:03      22    1,00    0,00    4,00    0,00    0,00    0,00    0,00    0,00    0,00   95,00
21:57:03      23    1,01    0,00    0,00    0,00    0,00    0,00    0,00    0,00    0,00   98,99

21:57:03     CPU    %usr   %nice    %sys %iowait    %irq   %soft  %steal  %guest  %gnice   %idle
21:57:04     all   63,00    0,00    0,62    0,00    0,00    0,00    0,00    0,00    0,00   36,38
21:57:04       0  100,00    0,00    0,00    0,00    0,00    0,00    0,00    0,00    0,00    0,00
21:57:04       1  100,00    0,00    0,00    0,00    0,00    0,00    0,00    0,00    0,00    0,00
21:57:04       2  100,00    0,00    0,00    0,00    0,00    0,00    0,00    0,00    0,00    0,00
21:57:04       3  100,00    0,00    0,00    0,00    0,00    0,00    0,00    0,00    0,00    0,00
21:57:04       4  100,00    0,00    0,00    0,00    0,00    0,00    0,00    0,00    0,00    0,00
21:57:04       5  100,00    0,00    0,00    0,00    0,00    0,00    0,00    0,00    0,00    0,00
21:57:04       6  100,00    0,00    0,00    0,00    0,00    0,00    0,00    0,00    0,00    0,00
21:57:04       7  100,00    0,00    0,00    0,00    0,00    0,00    0,00    0,00    0,00    0,00
21:57:04       8  100,00    0,00    0,00    0,00    0,00    0,00    0,00    0,00    0,00    0,00
21:57:04       9  100,00    0,00    0,00    0,00    0,00    0,00    0,00    0,00    0,00    0,00
21:57:04      10  100,00    0,00    0,00    0,00    0,00    0,00    0,00    0,00    0,00    0,00
21:57:04      11  100,00    0,00    0,00    0,00    0,00    0,00    0,00    0,00    0,00    0,00
21:57:04      12  100,00    0,00    0,00    0,00    0,00    0,00    0,00    0,00    0,00    0,00
21:57:04      13    0,00    0,00    0,00    0,00    0,00    0,00    0,00    0,00    0,00  100,00
21:57:04      14  100,00    0,00    0,00    0,00    0,00    0,00    0,00    0,00    0,00    0,00
21:57:04      15    0,00    0,00    0,00    0,00    0,00    0,00    0,00    0,00    0,00  100,00
21:57:04      16  100,00    0,00    0,00    0,00    0,00    0,00    0,00    0,00    0,00    0,00
21:57:04      17    1,00    0,00    2,00    0,00    0,00    0,00    0,00    0,00    0,00   97,00
21:57:04      18    0,00    0,00    1,00    0,00    0,00    0,00    0,00    0,00    0,00   99,00
21:57:04      19    1,00    0,00    1,00    0,00    0,00    0,00    0,00    0,00    0,00   98,00
21:57:04      20    4,04    0,00    2,02    0,00    0,00    0,00    0,00    0,00    0,00   93,94
21:57:04      21    1,00    0,00    3,00    0,00    0,00    0,00    0,00    0,00    0,00   96,00
21:57:04      22    1,00    0,00    4,00    0,00    0,00    0,00    0,00    0,00    0,00   95,00
21:57:04      23    1,98    0,00    1,98    0,00    0,00    0,00    0,00    0,00    0,00   96,04

21:57:04     CPU    %usr   %nice    %sys %iowait    %irq   %soft  %steal  %guest  %gnice   %idle
21:57:05     all   63,95    0,00    0,83    0,00    0,00    0,00    0,00    0,00    0,00   35,21
21:57:05       0  100,00    0,00    0,00    0,00    0,00    0,00    0,00    0,00    0,00    0,00
21:57:05       1  100,00    0,00    0,00    0,00    0,00    0,00    0,00    0,00    0,00    0,00
21:57:05       2  100,00    0,00    0,00    0,00    0,00    0,00    0,00    0,00    0,00    0,00
21:57:05       3  100,00    0,00    0,00    0,00    0,00    0,00    0,00    0,00    0,00    0,00
21:57:05       4  100,00    0,00    0,00    0,00    0,00    0,00    0,00    0,00    0,00    0,00
21:57:05       5  100,00    0,00    0,00    0,00    0,00    0,00    0,00    0,00    0,00    0,00
21:57:05       6  100,00    0,00    0,00    0,00    0,00    0,00    0,00    0,00    0,00    0,00
21:57:05       7  100,00    0,00    0,00    0,00    0,00    0,00    0,00    0,00    0,00    0,00
21:57:05       8  100,00    0,00    0,00    0,00    0,00    0,00    0,00    0,00    0,00    0,00
21:57:05       9  100,00    0,00    0,00    0,00    0,00    0,00    0,00    0,00    0,00    0,00
21:57:05      10  100,00    0,00    0,00    0,00    0,00    0,00    0,00    0,00    0,00    0,00
21:57:05      11  100,00    0,00    0,00    0,00    0,00    0,00    0,00    0,00    0,00    0,00
21:57:05      12  100,00    0,00    0,00    0,00    0,00    0,00    0,00    0,00    0,00    0,00
21:57:05      13    1,00    0,00    0,00    0,00    0,00    0,00    0,00    0,00    0,00   99,00
21:57:05      14  100,00    0,00    0,00    0,00    0,00    0,00    0,00    0,00    0,00    0,00
21:57:05      15    0,99    0,00    0,99    0,00    0,00    0,00    0,00    0,00    0,00   98,02
21:57:05      16  100,00    0,00    0,00    0,00    0,00    0,00    0,00    0,00    0,00    0,00
21:57:05      17    0,00    0,00    0,00    0,00    0,00    0,00    0,00    0,00    0,00  100,00
21:57:05      18    3,00    0,00    1,00    0,00    0,00    0,00    0,00    0,00    0,00   96,00
21:57:05      19    0,00    0,00    1,00    0,00    0,00    0,00    0,00    0,00    0,00   99,00
21:57:05      20    3,00    0,00    3,00    0,00    0,00    0,00    0,00    0,00    0,00   94,00
21:57:05      21    5,05    0,00    7,07    0,00    0,00    0,00    0,00    0,00    0,00   87,88
21:57:05      22   12,00    0,00    5,00    0,00    0,00    0,00    0,00    0,00    0,00   83,00
21:57:05      23    8,16    0,00    2,04    0,00    0,00    0,00    0,00    0,00    0,00   89,80

21:57:05     CPU    %usr   %nice    %sys %iowait    %irq   %soft  %steal  %guest  %gnice   %idle
21:57:06     all   62,82    0,00    0,17    0,00    0,00    0,00    0,00    0,00    0,00   37,01
21:57:06       0  100,00    0,00    0,00    0,00    0,00    0,00    0,00    0,00    0,00    0,00
21:57:06       1  100,00    0,00    0,00    0,00    0,00    0,00    0,00    0,00    0,00    0,00
21:57:06       2  100,00    0,00    0,00    0,00    0,00    0,00    0,00    0,00    0,00    0,00
21:57:06       3  100,00    0,00    0,00    0,00    0,00    0,00    0,00    0,00    0,00    0,00
21:57:06       4  100,00    0,00    0,00    0,00    0,00    0,00    0,00    0,00    0,00    0,00
21:57:06       5  100,00    0,00    0,00    0,00    0,00    0,00    0,00    0,00    0,00    0,00
21:57:06       6  100,00    0,00    0,00    0,00    0,00    0,00    0,00    0,00    0,00    0,00
21:57:06       7  100,00    0,00    0,00    0,00    0,00    0,00    0,00    0,00    0,00    0,00
21:57:06       8  100,00    0,00    0,00    0,00    0,00    0,00    0,00    0,00    0,00    0,00
21:57:06       9  100,00    0,00    0,00    0,00    0,00    0,00    0,00    0,00    0,00    0,00
21:57:06      10  100,00    0,00    0,00    0,00    0,00    0,00    0,00    0,00    0,00    0,00
21:57:06      11  100,00    0,00    0,00    0,00    0,00    0,00    0,00    0,00    0,00    0,00
21:57:06      12  100,00    0,00    0,00    0,00    0,00    0,00    0,00    0,00    0,00    0,00
21:57:06      13    0,00    0,00    0,00    0,00    0,00    0,00    0,00    0,00    0,00  100,00
21:57:06      14  100,00    0,00    0,00    0,00    0,00    0,00    0,00    0,00    0,00    0,00
21:57:06      15    0,00    0,00    0,00    0,00    0,00    0,00    0,00    0,00    0,00  100,00
21:57:06      16  100,00    0,00    0,00    0,00    0,00    0,00    0,00    0,00    0,00    0,00
21:57:06      17    0,00    0,00    1,01    0,00    0,00    0,00    0,00    0,00    0,00   98,99
21:57:06      18    0,00    0,00    0,00    0,00    0,00    0,00    0,00    0,00    0,00  100,00
21:57:06      19    3,03    0,00    0,00    0,00    0,00    0,00    0,00    0,00    0,00   96,97
21:57:06      20    0,00    0,00    1,01    0,00    0,00    0,00    0,00    0,00    0,00   98,99
21:57:06      21    0,00    0,00    1,00    0,00    0,00    0,00    0,00    0,00    0,00   99,00
21:57:06      22    0,00    0,00    0,00    0,00    0,00    0,00    0,00    0,00    0,00  100,00
21:57:06      23    1,00    0,00    1,00    0,00    0,00    0,00    0,00    0,00    0,00   98,00

21:57:06     CPU    %usr   %nice    %sys %iowait    %irq   %soft  %steal  %guest  %gnice   %idle
21:57:07     all   64,76    0,00    0,92    0,08    0,00    0,00    0,00    0,00    0,00   34,24
21:57:07       0  100,00    0,00    0,00    0,00    0,00    0,00    0,00    0,00    0,00    0,00
21:57:07       1  100,00    0,00    0,00    0,00    0,00    0,00    0,00    0,00    0,00    0,00
21:57:07       2  100,00    0,00    0,00    0,00    0,00    0,00    0,00    0,00    0,00    0,00
21:57:07       3  100,00    0,00    0,00    0,00    0,00    0,00    0,00    0,00    0,00    0,00
21:57:07       4  100,00    0,00    0,00    0,00    0,00    0,00    0,00    0,00    0,00    0,00
21:57:07       5  100,00    0,00    0,00    0,00    0,00    0,00    0,00    0,00    0,00    0,00
21:57:07       6  100,00    0,00    0,00    0,00    0,00    0,00    0,00    0,00    0,00    0,00
21:57:07       7  100,00    0,00    0,00    0,00    0,00    0,00    0,00    0,00    0,00    0,00
21:57:07       8  100,00    0,00    0,00    0,00    0,00    0,00    0,00    0,00    0,00    0,00
21:57:07       9  100,00    0,00    0,00    0,00    0,00    0,00    0,00    0,00    0,00    0,00
21:57:07      10  100,00    0,00    0,00    0,00    0,00    0,00    0,00    0,00    0,00    0,00
21:57:07      11  100,00    0,00    0,00    0,00    0,00    0,00    0,00    0,00    0,00    0,00
21:57:07      12  100,00    0,00    0,00    0,00    0,00    0,00    0,00    0,00    0,00    0,00
21:57:07      13    1,00    0,00    0,00    0,00    0,00    0,00    0,00    0,00    0,00   99,00
21:57:07      14  100,00    0,00    0,00    0,00    0,00    0,00    0,00    0,00    0,00    0,00
21:57:07      15    2,02    0,00    0,00    0,00    0,00    0,00    0,00    0,00    0,00   97,98
21:57:07      16  100,00    0,00    0,00    0,00    0,00    0,00    0,00    0,00    0,00    0,00
21:57:07      17    6,00    0,00    2,00    0,00    0,00    0,00    0,00    0,00    0,00   92,00
21:57:07      18    4,08    0,00    1,02    0,00    0,00    0,00    0,00    0,00    0,00   94,90
21:57:07      19    4,95    0,00    1,98    0,00    0,00    0,00    0,00    0,00    0,00   93,07
21:57:07      20    9,09    0,00    7,07    1,01    0,00    0,00    0,00    0,00    0,00   82,83
21:57:07      21    6,06    0,00    4,04    1,01    0,00    0,00    0,00    0,00    0,00   88,89
21:57:07      22    3,96    0,00    2,97    0,00    0,00    0,00    0,00    0,00    0,00   93,07
21:57:07      23   14,29    0,00    3,06    0,00    0,00    0,00    0,00    0,00    0,00   82,65

21:57:07     CPU    %usr   %nice    %sys %iowait    %irq   %soft  %steal  %guest  %gnice   %idle
21:57:08     all   62,69    0,00    0,38    0,04    0,00    0,00    0,00    0,00    0,00   36,89
21:57:08       0  100,00    0,00    0,00    0,00    0,00    0,00    0,00    0,00    0,00    0,00
21:57:08       1  100,00    0,00    0,00    0,00    0,00    0,00    0,00    0,00    0,00    0,00
21:57:08       2  100,00    0,00    0,00    0,00    0,00    0,00    0,00    0,00    0,00    0,00
21:57:08       3  100,00    0,00    0,00    0,00    0,00    0,00    0,00    0,00    0,00    0,00
21:57:08       4  100,00    0,00    0,00    0,00    0,00    0,00    0,00    0,00    0,00    0,00
21:57:08       5  100,00    0,00    0,00    0,00    0,00    0,00    0,00    0,00    0,00    0,00
21:57:08       6  100,00    0,00    0,00    0,00    0,00    0,00    0,00    0,00    0,00    0,00
21:57:08       7  100,00    0,00    0,00    0,00    0,00    0,00    0,00    0,00    0,00    0,00
21:57:08       8  100,00    0,00    0,00    0,00    0,00    0,00    0,00    0,00    0,00    0,00
21:57:08       9  100,00    0,00    0,00    0,00    0,00    0,00    0,00    0,00    0,00    0,00
21:57:08      10  100,00    0,00    0,00    0,00    0,00    0,00    0,00    0,00    0,00    0,00
21:57:08      11  100,00    0,00    0,00    0,00    0,00    0,00    0,00    0,00    0,00    0,00
21:57:08      12  100,00    0,00    0,00    0,00    0,00    0,00    0,00    0,00    0,00    0,00
21:57:08      13    0,00    0,00    0,00    0,00    0,00    0,00    0,00    0,00    0,00  100,00
21:57:08      14  100,00    0,00    0,00    0,00    0,00    0,00    0,00    0,00    0,00    0,00
21:57:08      15    0,99    0,00    0,00    0,00    0,00    0,00    0,00    0,00    0,00   99,01
21:57:08      16  100,00    0,00    0,00    0,00    0,00    0,00    0,00    0,00    0,00    0,00
21:57:08      17    0,00    0,00    1,00    0,00    0,00    0,00    0,00    0,00    0,00   99,00
21:57:08      18    0,00    0,00    0,99    0,00    0,00    0,00    0,00    0,00    0,00   99,01
21:57:08      19    0,00    0,00    0,00    0,00    0,00    0,00    0,00    0,00    0,00  100,00
21:57:08      20    1,00    0,00    1,00    0,00    0,00    0,00    0,00    0,00    0,00   98,00
21:57:08      21    2,00    0,00    4,00    1,00    0,00    0,00    0,00    0,00    0,00   93,00
21:57:08      22    0,00    0,00    1,01    0,00    0,00    0,00    0,00    0,00    0,00   98,99
21:57:08      23    0,00    0,00    1,01    0,00    0,00    0,00    0,00    0,00    0,00   98,99

21:57:08     CPU    %usr   %nice    %sys %iowait    %irq   %soft  %steal  %guest  %gnice   %idle
21:57:09     all   63,94    0,00    0,79    0,00    0,00    0,00    0,00    0,00    0,00   35,27
21:57:09       0  100,00    0,00    0,00    0,00    0,00    0,00    0,00    0,00    0,00    0,00
21:57:09       1  100,00    0,00    0,00    0,00    0,00    0,00    0,00    0,00    0,00    0,00
21:57:09       2  100,00    0,00    0,00    0,00    0,00    0,00    0,00    0,00    0,00    0,00
21:57:09       3  100,00    0,00    0,00    0,00    0,00    0,00    0,00    0,00    0,00    0,00
21:57:09       4  100,00    0,00    0,00    0,00    0,00    0,00    0,00    0,00    0,00    0,00
21:57:09       5  100,00    0,00    0,00    0,00    0,00    0,00    0,00    0,00    0,00    0,00
21:57:09       6  100,00    0,00    0,00    0,00    0,00    0,00    0,00    0,00    0,00    0,00
21:57:09       7  100,00    0,00    0,00    0,00    0,00    0,00    0,00    0,00    0,00    0,00
21:57:09       8  100,00    0,00    0,00    0,00    0,00    0,00    0,00    0,00    0,00    0,00
21:57:09       9  100,00    0,00    0,00    0,00    0,00    0,00    0,00    0,00    0,00    0,00
21:57:09      10  100,00    0,00    0,00    0,00    0,00    0,00    0,00    0,00    0,00    0,00
21:57:09      11  100,00    0,00    0,00    0,00    0,00    0,00    0,00    0,00    0,00    0,00
21:57:09      12  100,00    0,00    0,00    0,00    0,00    0,00    0,00    0,00    0,00    0,00
21:57:09      13    0,00    0,00    0,00    0,00    0,00    0,00    0,00    0,00    0,00  100,00
21:57:09      14  100,00    0,00    0,00    0,00    0,00    0,00    0,00    0,00    0,00    0,00
21:57:09      15    1,00    0,00    3,00    0,00    0,00    0,00    0,00    0,00    0,00   96,00
21:57:09      16  100,00    0,00    0,00    0,00    0,00    0,00    0,00    0,00    0,00    0,00
21:57:09      17    3,06    0,00    0,00    0,00    0,00    0,00    0,00    0,00    0,00   96,94
21:57:09      18    9,18    0,00    1,02    0,00    0,00    0,00    0,00    0,00    0,00   89,80
21:57:09      19    2,00    0,00    2,00    0,00    0,00    0,00    0,00    0,00    0,00   96,00
21:57:09      20    4,04    0,00    4,04    0,00    0,00    0,00    0,00    0,00    0,00   91,92
21:57:09      21    3,96    0,00    1,98    0,00    0,00    0,00    0,00    0,00    0,00   94,06
21:57:09      22    4,00    0,00    1,00    0,00    0,00    0,00    0,00    0,00    0,00   95,00
21:57:09      23    4,95    0,00    5,94    0,00    0,00    0,00    0,00    0,00    0,00   89,11

21:57:09     CPU    %usr   %nice    %sys %iowait    %irq   %soft  %steal  %guest  %gnice   %idle
21:57:10     all   63,26    0,00    0,46    0,00    0,00    0,00    0,00    0,00    0,00   36,28
21:57:10       0  100,00    0,00    0,00    0,00    0,00    0,00    0,00    0,00    0,00    0,00
21:57:10       1  100,00    0,00    0,00    0,00    0,00    0,00    0,00    0,00    0,00    0,00
21:57:10       2  100,00    0,00    0,00    0,00    0,00    0,00    0,00    0,00    0,00    0,00
21:57:10       3  100,00    0,00    0,00    0,00    0,00    0,00    0,00    0,00    0,00    0,00
21:57:10       4  100,00    0,00    0,00    0,00    0,00    0,00    0,00    0,00    0,00    0,00
21:57:10       5  100,00    0,00    0,00    0,00    0,00    0,00    0,00    0,00    0,00    0,00
21:57:10       6  100,00    0,00    0,00    0,00    0,00    0,00    0,00    0,00    0,00    0,00
21:57:10       7  100,00    0,00    0,00    0,00    0,00    0,00    0,00    0,00    0,00    0,00
21:57:10       8  100,00    0,00    0,00    0,00    0,00    0,00    0,00    0,00    0,00    0,00
21:57:10       9  100,00    0,00    0,00    0,00    0,00    0,00    0,00    0,00    0,00    0,00
21:57:10      10  100,00    0,00    0,00    0,00    0,00    0,00    0,00    0,00    0,00    0,00
21:57:10      11  100,00    0,00    0,00    0,00    0,00    0,00    0,00    0,00    0,00    0,00
21:57:10      12  100,00    0,00    0,00    0,00    0,00    0,00    0,00    0,00    0,00    0,00
21:57:10      13    0,00    0,00    0,00    0,00    0,00    0,00    0,00    0,00    0,00  100,00
21:57:10      14  100,00    0,00    0,00    0,00    0,00    0,00    0,00    0,00    0,00    0,00
21:57:10      15    1,01    0,00    0,00    0,00    0,00    0,00    0,00    0,00    0,00   98,99
21:57:10      16  100,00    0,00    0,00    0,00    0,00    0,00    0,00    0,00    0,00    0,00
21:57:10      17    1,98    0,00    0,99    0,00    0,00    0,00    0,00    0,00    0,00   97,03
21:57:10      18    0,00    0,00    1,01    0,00    0,00    0,00    0,00    0,00    0,00   98,99
21:57:10      19    1,01    0,00    0,00    0,00    0,00    0,00    0,00    0,00    0,00   98,99
21:57:10      20    2,97    0,00    0,99    0,00    0,00    0,00    0,00    0,00    0,00   96,04
21:57:10      21    6,06    0,00    1,01    0,00    0,00    0,00    0,00    0,00    0,00   92,93
21:57:10      22    1,00    0,00    2,00    0,00    0,00    0,00    0,00    0,00    0,00   97,00
21:57:10      23    3,00    0,00    5,00    0,00    0,00    0,00    0,00    0,00    0,00   92,00

21:57:10     CPU    %usr   %nice    %sys %iowait    %irq   %soft  %steal  %guest  %gnice   %idle
21:57:11     all   63,84    0,00    0,42    0,00    0,00    0,00    0,00    0,00    0,00   35,74
21:57:11       0  100,00    0,00    0,00    0,00    0,00    0,00    0,00    0,00    0,00    0,00
21:57:11       1  100,00    0,00    0,00    0,00    0,00    0,00    0,00    0,00    0,00    0,00
21:57:11       2  100,00    0,00    0,00    0,00    0,00    0,00    0,00    0,00    0,00    0,00
21:57:11       3  100,00    0,00    0,00    0,00    0,00    0,00    0,00    0,00    0,00    0,00
21:57:11       4  100,00    0,00    0,00    0,00    0,00    0,00    0,00    0,00    0,00    0,00
21:57:11       5  100,00    0,00    0,00    0,00    0,00    0,00    0,00    0,00    0,00    0,00
21:57:11       6  100,00    0,00    0,00    0,00    0,00    0,00    0,00    0,00    0,00    0,00
21:57:11       7  100,00    0,00    0,00    0,00    0,00    0,00    0,00    0,00    0,00    0,00
21:57:11       8  100,00    0,00    0,00    0,00    0,00    0,00    0,00    0,00    0,00    0,00
21:57:11       9  100,00    0,00    0,00    0,00    0,00    0,00    0,00    0,00    0,00    0,00
21:57:11      10  100,00    0,00    0,00    0,00    0,00    0,00    0,00    0,00    0,00    0,00
21:57:11      11  100,00    0,00    0,00    0,00    0,00    0,00    0,00    0,00    0,00    0,00
21:57:11      12  100,00    0,00    0,00    0,00    0,00    0,00    0,00    0,00    0,00    0,00
21:57:11      13    0,00    0,00    0,00    0,00    0,00    0,00    0,00    0,00    0,00  100,00
21:57:11      14  100,00    0,00    0,00    0,00    0,00    0,00    0,00    0,00    0,00    0,00
21:57:11      15    0,00    0,00    0,99    0,00    0,00    0,00    0,00    0,00    0,00   99,01
21:57:11      16  100,00    0,00    0,00    0,00    0,00    0,00    0,00    0,00    0,00    0,00
21:57:11      17    5,05    0,00    0,00    0,00    0,00    0,00    0,00    0,00    0,00   94,95
21:57:11      18    5,00    0,00    0,00    0,00    0,00    0,00    0,00    0,00    0,00   95,00
21:57:11      19    0,98    0,00    1,96    0,00    0,00    0,00    0,00    0,00    0,00   97,06
21:57:11      20    0,00    0,00    1,01    0,00    0,00    0,00    0,00    0,00    0,00   98,99
21:57:11      21    6,00    0,00    4,00    0,00    0,00    0,00    0,00    0,00    0,00   90,00
21:57:11      22    9,09    0,00    2,02    0,00    0,00    0,00    0,00    0,00    0,00   88,89
21:57:11      23    5,05    0,00    0,00    0,00    0,00    0,00    0,00    0,00    0,00   94,95

21:57:11     CPU    %usr   %nice    %sys %iowait    %irq   %soft  %steal  %guest  %gnice   %idle
21:57:12     all   64,07    0,00    0,96    0,13    0,00    0,00    0,00    0,00    0,00   34,85
21:57:12       0  100,00    0,00    0,00    0,00    0,00    0,00    0,00    0,00    0,00    0,00
21:57:12       1  100,00    0,00    0,00    0,00    0,00    0,00    0,00    0,00    0,00    0,00
21:57:12       2  100,00    0,00    0,00    0,00    0,00    0,00    0,00    0,00    0,00    0,00
21:57:12       3  100,00    0,00    0,00    0,00    0,00    0,00    0,00    0,00    0,00    0,00
21:57:12       4  100,00    0,00    0,00    0,00    0,00    0,00    0,00    0,00    0,00    0,00
21:57:12       5  100,00    0,00    0,00    0,00    0,00    0,00    0,00    0,00    0,00    0,00
21:57:12       6  100,00    0,00    0,00    0,00    0,00    0,00    0,00    0,00    0,00    0,00
21:57:12       7  100,00    0,00    0,00    0,00    0,00    0,00    0,00    0,00    0,00    0,00
21:57:12       8  100,00    0,00    0,00    0,00    0,00    0,00    0,00    0,00    0,00    0,00
21:57:12       9  100,00    0,00    0,00    0,00    0,00    0,00    0,00    0,00    0,00    0,00
21:57:12      10  100,00    0,00    0,00    0,00    0,00    0,00    0,00    0,00    0,00    0,00
21:57:12      11  100,00    0,00    0,00    0,00    0,00    0,00    0,00    0,00    0,00    0,00
21:57:12      12  100,00    0,00    0,00    0,00    0,00    0,00    0,00    0,00    0,00    0,00
21:57:12      13    0,00    0,00    0,00    0,00    0,00    0,00    0,00    0,00    0,00  100,00
21:57:12      14  100,00    0,00    0,00    0,00    0,00    0,00    0,00    0,00    0,00    0,00
21:57:12      15    0,00    0,00    0,00    0,00    0,00    0,00    0,00    0,00    0,00  100,00
21:57:12      16  100,00    0,00    0,00    0,00    0,00    0,00    0,00    0,00    0,00    0,00
21:57:12      17    7,00    0,00    5,00    0,00    0,00    0,00    0,00    0,00    0,00   88,00
21:57:12      18    1,98    0,00    2,97    0,00    0,00    0,00    0,00    0,00    0,00   95,05
21:57:12      19    0,00    0,00    1,02    1,02    0,00    0,00    0,00    0,00    0,00   97,96
21:57:12      20    3,00    0,00    3,00    2,00    0,00    0,00    0,00    0,00    0,00   92,00
21:57:12      21    4,00    0,00    2,00    0,00    0,00    0,00    0,00    0,00    0,00   94,00
21:57:12      22   16,33    0,00    4,08    0,00    0,00    0,00    0,00    0,00    0,00   79,59
21:57:12      23    3,00    0,00    5,00    0,00    0,00    0,00    0,00    0,00    0,00   92,00
