Linux 6.8.0-111-generic (testbed-node6) 	13/05/26 	_x86_64_	(24 CPU)

04:53:02     CPU    %usr   %nice    %sys %iowait    %irq   %soft  %steal  %guest  %gnice   %idle
04:53:03     all    0,79    0,00    0,46    0,08    0,00   20,80    0,00    0,00    0,00   77,87
04:53:03       0    0,00    0,00    0,00    0,00    0,00    0,00    0,00    0,00    0,00  100,00
04:53:03       1    0,00    0,00    0,00    0,00    0,00    0,00    0,00    0,00    0,00  100,00
04:53:03       2    6,00    0,00    1,00    0,00    0,00    0,00    0,00    0,00    0,00   93,00
04:53:03       3    0,00    0,00    0,00    1,00    0,00    0,00    0,00    0,00    0,00   99,00
04:53:03       4    0,00    0,00    0,00    1,00    0,00    0,00    0,00    0,00    0,00   99,00
04:53:03       5    0,00    0,00    0,00    0,00    0,00  100,00    0,00    0,00    0,00    0,00
04:53:03       6    0,00    0,00    0,00    0,00    0,00    0,00    0,00    0,00    0,00  100,00
04:53:03       7    0,00    0,00    0,00    0,00    0,00  100,00    0,00    0,00    0,00    0,00
04:53:03       8    1,00    0,00    0,00    0,00    0,00    0,00    0,00    0,00    0,00   99,00
04:53:03       9    0,00    0,00    0,00    0,00    0,00    0,00    0,00    0,00    0,00  100,00
04:53:03      10    0,00    0,00    0,00    0,00    0,00    0,00    0,00    0,00    0,00  100,00
04:53:03      11    0,00    0,00    0,00    0,00    0,00  100,00    0,00    0,00    0,00    0,00
04:53:03      12    0,99    0,00    0,00    0,00    0,00    0,00    0,00    0,00    0,00   99,01
04:53:03      13    0,00    0,00    0,00    0,00    0,00  100,00    0,00    0,00    0,00    0,00
04:53:03      14    0,99    0,00    0,99    0,00    0,00    0,00    0,00    0,00    0,00   98,02
04:53:03      15    0,00    0,00    0,00    0,00    0,00  100,00    0,00    0,00    0,00    0,00
04:53:03      16    1,01    0,00    0,00    0,00    0,00    0,00    0,00    0,00    0,00   98,99
04:53:03      17    1,00    0,00    1,00    0,00    0,00    0,00    0,00    0,00    0,00   98,00
04:53:03      18    1,98    0,00    1,98    0,00    0,00    0,00    0,00    0,00    0,00   96,04
04:53:03      19    1,00    0,00    1,00    0,00    0,00    0,00    0,00    0,00    0,00   98,00
04:53:03      20    1,00    0,00    1,00    0,00    0,00    0,00    0,00    0,00    0,00   98,00
04:53:03      21    1,98    0,00    0,99    0,00    0,00    0,00    0,00    0,00    0,00   97,03
04:53:03      22    0,99    0,00    1,98    0,00    0,00    0,00    0,00    0,00    0,00   97,03
04:53:03      23    1,00    0,00    1,00    0,00    0,00    0,00    0,00    0,00    0,00   98,00

04:53:03     CPU    %usr   %nice    %sys %iowait    %irq   %soft  %steal  %guest  %gnice   %idle
04:53:04     all    0,04    0,00    0,25    0,04    0,00   20,88    0,00    0,00    0,00   78,79
04:53:04       0    0,00    0,00    0,00    0,00    0,00    0,00    0,00    0,00    0,00  100,00
04:53:04       1    0,00    0,00    0,00    0,00    0,00    0,00    0,00    0,00    0,00  100,00
04:53:04       2    0,00    0,00    0,00    0,00    0,00    0,00    0,00    0,00    0,00  100,00
04:53:04       3    0,00    0,00    0,00    0,00    0,00    0,00    0,00    0,00    0,00  100,00
04:53:04       4    0,00    0,00    0,00    0,00    0,00    0,00    0,00    0,00    0,00  100,00
04:53:04       5    0,00    0,00    0,00    0,00    0,00  100,00    0,00    0,00    0,00    0,00
04:53:04       6    0,00    0,00    0,00    0,00    0,00    0,00    0,00    0,00    0,00  100,00
04:53:04       7    0,00    0,00    0,00    0,00    0,00  100,00    0,00    0,00    0,00    0,00
04:53:04       8    0,00    0,00    1,00    0,00    0,00    0,00    0,00    0,00    0,00   99,00
04:53:04       9    0,00    0,00    0,00    0,00    0,00    0,00    0,00    0,00    0,00  100,00
04:53:04      10    0,00    0,00    0,00    0,00    0,00    0,00    0,00    0,00    0,00  100,00
04:53:04      11    0,00    0,00    0,00    0,00    0,00  100,00    0,00    0,00    0,00    0,00
04:53:04      12    0,00    0,00    0,00    0,00    0,00    0,00    0,00    0,00    0,00  100,00
04:53:04      13    0,00    0,00    0,00    0,00    0,00  100,00    0,00    0,00    0,00    0,00
04:53:04      14    0,00    0,00    0,00    0,00    0,00    0,00    0,00    0,00    0,00  100,00
04:53:04      15    0,00    0,00    0,00    0,00    0,00  100,00    0,00    0,00    0,00    0,00
04:53:04      16    0,00    0,00    1,00    0,00    0,00    0,00    0,00    0,00    0,00   99,00
04:53:04      17    0,00    0,00    1,00    0,00    0,00    0,00    0,00    0,00    0,00   99,00
04:53:04      18    0,00    0,00    0,00    0,00    0,00    0,00    0,00    0,00    0,00  100,00
04:53:04      19    0,00    0,00    0,00    0,00    0,00    0,00    0,00    0,00    0,00  100,00
04:53:04      20    0,00    0,00    0,99    0,00    0,00    0,00    0,00    0,00    0,00   99,01
04:53:04      21    0,00    0,00    1,00    1,00    0,00    0,00    0,00    0,00    0,00   98,00
04:53:04      22    0,99    0,00    0,99    0,00    0,00    0,00    0,00    0,00    0,00   98,02
04:53:04      23    0,00    0,00    0,00    0,00    0,00    0,00    0,00    0,00    0,00  100,00

04:53:04     CPU    %usr   %nice    %sys %iowait    %irq   %soft  %steal  %guest  %gnice   %idle
04:53:05     all    1,38    0,00    0,50    0,00    0,00   20,84    0,00    0,00    0,00   77,28
04:53:05       0    0,00    0,00    0,00    0,00    0,00    0,00    0,00    0,00    0,00  100,00
04:53:05       1    0,00    0,00    0,00    0,00    0,00    0,00    0,00    0,00    0,00  100,00
04:53:05       2    1,98    0,00    0,99    0,00    0,00    0,00    0,00    0,00    0,00   97,03
04:53:05       3    0,00    0,00    0,00    0,00    0,00    0,00    0,00    0,00    0,00  100,00
04:53:05       4    0,00    0,00    0,00    0,00    0,00    0,00    0,00    0,00    0,00  100,00
04:53:05       5    0,00    0,00    0,00    0,00    0,00  100,00    0,00    0,00    0,00    0,00
04:53:05       6    0,00    0,00    0,00    0,00    0,00    0,00    0,00    0,00    0,00  100,00
04:53:05       7    0,00    0,00    0,00    0,00    0,00  100,00    0,00    0,00    0,00    0,00
04:53:05       8    9,09    0,00    1,01    0,00    0,00    0,00    0,00    0,00    0,00   89,90
04:53:05       9    0,00    0,00    0,00    0,00    0,00    0,00    0,00    0,00    0,00  100,00
04:53:05      10    0,00    0,00    0,00    0,00    0,00    0,00    0,00    0,00    0,00  100,00
04:53:05      11    0,00    0,00    0,00    0,00    0,00  100,00    0,00    0,00    0,00    0,00
04:53:05      12    0,00    0,00    0,00    0,00    0,00    0,00    0,00    0,00    0,00  100,00
04:53:05      13    0,00    0,00    0,00    0,00    0,00  100,00    0,00    0,00    0,00    0,00
04:53:05      14    0,00    0,00    0,00    0,00    0,00    0,00    0,00    0,00    0,00  100,00
04:53:05      15    0,00    0,00    0,00    0,00    0,00  100,00    0,00    0,00    0,00    0,00
04:53:05      16    5,94    0,00    1,98    0,00    0,00    0,00    0,00    0,00    0,00   92,08
04:53:05      17    2,00    0,00    1,00    0,00    0,00    0,00    0,00    0,00    0,00   97,00
04:53:05      18    2,00    0,00    1,00    0,00    0,00    0,00    0,00    0,00    0,00   97,00
04:53:05      19    1,98    0,00    0,99    0,00    0,00    0,00    0,00    0,00    0,00   97,03
04:53:05      20    1,01    0,00    0,00    0,00    0,00    0,00    0,00    0,00    0,00   98,99
04:53:05      21    2,00    0,00    1,00    0,00    0,00    0,00    0,00    0,00    0,00   97,00
04:53:05      22    1,01    0,00    0,00    0,00    0,00    0,00    0,00    0,00    0,00   98,99
04:53:05      23    6,00    0,00    4,00    0,00    0,00    0,00    0,00    0,00    0,00   90,00

04:53:05     CPU    %usr   %nice    %sys %iowait    %irq   %soft  %steal  %guest  %gnice   %idle
04:53:06     all    0,00    0,00    0,00    0,00    0,00   20,88    0,00    0,00    0,00   79,12
04:53:06       0    0,00    0,00    0,00    0,00    0,00    0,00    0,00    0,00    0,00  100,00
04:53:06       1    0,00    0,00    0,00    0,00    0,00    0,00    0,00    0,00    0,00  100,00
04:53:06       2    0,00    0,00    0,00    0,00    0,00    0,00    0,00    0,00    0,00  100,00
04:53:06       3    0,00    0,00    0,00    0,00    0,00    0,00    0,00    0,00    0,00  100,00
04:53:06       4    0,00    0,00    0,00    0,00    0,00    0,99    0,00    0,00    0,00   99,01
04:53:06       5    0,00    0,00    0,00    0,00    0,00  100,00    0,00    0,00    0,00    0,00
04:53:06       6    0,00    0,00    0,00    0,00    0,00    0,00    0,00    0,00    0,00  100,00
04:53:06       7    0,00    0,00    0,00    0,00    0,00  100,00    0,00    0,00    0,00    0,00
04:53:06       8    0,00    0,00    0,00    0,00    0,00    0,00    0,00    0,00    0,00  100,00
04:53:06       9    0,00    0,00    0,00    0,00    0,00    0,00    0,00    0,00    0,00  100,00
04:53:06      10    0,00    0,00    0,00    0,00    0,00    0,00    0,00    0,00    0,00  100,00
04:53:06      11    0,00    0,00    0,00    0,00    0,00  100,00    0,00    0,00    0,00    0,00
04:53:06      12    0,00    0,00    0,00    0,00    0,00    0,00    0,00    0,00    0,00  100,00
04:53:06      13    0,00    0,00    0,00    0,00    0,00  100,00    0,00    0,00    0,00    0,00
04:53:06      14    0,00    0,00    0,00    0,00    0,00    0,00    0,00    0,00    0,00  100,00
04:53:06      15    0,00    0,00    0,00    0,00    0,00  100,00    0,00    0,00    0,00    0,00
04:53:06      16    0,00    0,00    0,00    0,00    0,00    0,00    0,00    0,00    0,00  100,00
04:53:06      17    0,00    0,00    0,00    0,00    0,00    0,00    0,00    0,00    0,00  100,00
04:53:06      18    0,00    0,00    0,00    0,00    0,00    0,00    0,00    0,00    0,00  100,00
04:53:06      19    0,00    0,00    0,00    0,00    0,00    0,00    0,00    0,00    0,00  100,00
04:53:06      20    0,00    0,00    0,00    0,00    0,00    0,00    0,00    0,00    0,00  100,00
04:53:06      21    0,00    0,00    0,00    0,00    0,00    0,00    0,00    0,00    0,00  100,00
04:53:06      22    0,00    0,00    0,00    0,00    0,00    0,00    0,00    0,00    0,00  100,00
04:53:06      23    0,00    0,00    0,00    0,00    0,00    0,00    0,00    0,00    0,00  100,00

04:53:06     CPU    %usr   %nice    %sys %iowait    %irq   %soft  %steal  %guest  %gnice   %idle
04:53:07     all    0,04    0,00    0,00    0,00    0,00   20,84    0,00    0,00    0,00   79,12
04:53:07       0    0,00    0,00    0,00    0,00    0,00    0,00    0,00    0,00    0,00  100,00
04:53:07       1    0,00    0,00    0,00    0,00    0,00    0,00    0,00    0,00    0,00  100,00
04:53:07       2    0,00    0,00    0,00    0,00    0,00    0,00    0,00    0,00    0,00  100,00
04:53:07       3    0,00    0,00    0,00    0,00    0,00    0,00    0,00    0,00    0,00  100,00
04:53:07       4    0,00    0,00    0,00    0,00    0,00    0,00    0,00    0,00    0,00  100,00
04:53:07       5    0,00    0,00    0,00    0,00    0,00  100,00    0,00    0,00    0,00    0,00
04:53:07       6    0,00    0,00    0,00    0,00    0,00    0,00    0,00    0,00    0,00  100,00
04:53:07       7    0,00    0,00    0,00    0,00    0,00  100,00    0,00    0,00    0,00    0,00
04:53:07       8    0,00    0,00    0,00    0,00    0,00    0,00    0,00    0,00    0,00  100,00
04:53:07       9    0,00    0,00    0,00    0,00    0,00    0,00    0,00    0,00    0,00  100,00
04:53:07      10    0,99    0,00    0,00    0,00    0,00    0,00    0,00    0,00    0,00   99,01
04:53:07      11    0,00    0,00    0,00    0,00    0,00  100,00    0,00    0,00    0,00    0,00
04:53:07      12    0,00    0,00    0,00    0,00    0,00    0,00    0,00    0,00    0,00  100,00
04:53:07      13    0,00    0,00    0,00    0,00    0,00  100,00    0,00    0,00    0,00    0,00
04:53:07      14    0,00    0,00    0,00    0,00    0,00    0,00    0,00    0,00    0,00  100,00
04:53:07      15    0,00    0,00    0,00    0,00    0,00  100,00    0,00    0,00    0,00    0,00
04:53:07      16    0,00    0,00    0,00    0,00    0,00    0,00    0,00    0,00    0,00  100,00
04:53:07      17    0,00    0,00    0,00    0,00    0,00    0,00    0,00    0,00    0,00  100,00
04:53:07      18    0,00    0,00    0,00    0,00    0,00    0,00    0,00    0,00    0,00  100,00
04:53:07      19    0,00    0,00    0,00    0,00    0,00    0,00    0,00    0,00    0,00  100,00
04:53:07      20    0,00    0,00    0,00    0,00    0,00    0,00    0,00    0,00    0,00  100,00
04:53:07      21    0,00    0,00    0,00    0,00    0,00    0,00    0,00    0,00    0,00  100,00
04:53:07      22    0,00    0,00    0,00    0,00    0,00    0,00    0,00    0,00    0,00  100,00
04:53:07      23    0,00    0,00    0,00    0,00    0,00    0,00    0,00    0,00    0,00  100,00

04:53:07     CPU    %usr   %nice    %sys %iowait    %irq   %soft  %steal  %guest  %gnice   %idle
04:53:08     all    0,08    0,00    0,00    0,04    0,00   20,86    0,00    0,00    0,00   79,02
04:53:08       0    1,00    0,00    0,00    0,00    0,00    0,00    0,00    0,00    0,00   99,00
04:53:08       1    0,00    0,00    0,00    0,00    0,00    0,00    0,00    0,00    0,00  100,00
04:53:08       2    0,00    0,00    0,00    0,00    0,00    0,00    0,00    0,00    0,00  100,00
04:53:08       3    0,00    0,00    0,00    1,00    0,00    0,00    0,00    0,00    0,00   99,00
04:53:08       4    0,00    0,00    0,00    0,00    0,00    0,00    0,00    0,00    0,00  100,00
04:53:08       5    0,00    0,00    0,00    0,00    0,00  100,00    0,00    0,00    0,00    0,00
04:53:08       6    0,00    0,00    0,00    0,00    0,00    0,00    0,00    0,00    0,00  100,00
04:53:08       7    0,00    0,00    0,00    0,00    0,00  100,00    0,00    0,00    0,00    0,00
04:53:08       8    0,00    0,00    0,00    0,00    0,00    0,00    0,00    0,00    0,00  100,00
04:53:08       9    0,00    0,00    0,00    0,00    0,00    0,00    0,00    0,00    0,00  100,00
04:53:08      10    0,00    0,00    0,00    0,00    0,00    0,00    0,00    0,00    0,00  100,00
04:53:08      11    0,00    0,00    0,00    0,00    0,00  100,00    0,00    0,00    0,00    0,00
04:53:08      12    0,00    0,00    0,00    0,00    0,00    0,00    0,00    0,00    0,00  100,00
04:53:08      13    0,00    0,00    0,00    0,00    0,00  100,00    0,00    0,00    0,00    0,00
04:53:08      14    0,00    0,00    0,00    0,00    0,00    0,00    0,00    0,00    0,00  100,00
04:53:08      15    0,00    0,00    0,00    0,00    0,00  100,00    0,00    0,00    0,00    0,00
04:53:08      16    1,00    0,00    0,00    0,00    0,00    0,00    0,00    0,00    0,00   99,00
04:53:08      17    0,00    0,00    0,00    0,00    0,00    0,00    0,00    0,00    0,00  100,00
04:53:08      18    0,00    0,00    0,00    0,00    0,00    0,00    0,00    0,00    0,00  100,00
04:53:08      19    0,00    0,00    0,00    0,00    0,00    0,00    0,00    0,00    0,00  100,00
04:53:08      20    0,00    0,00    0,00    0,00    0,00    0,00    0,00    0,00    0,00  100,00
04:53:08      21    0,00    0,00    0,00    0,00    0,00    0,00    0,00    0,00    0,00  100,00
04:53:08      22    0,00    0,00    0,00    0,00    0,00    0,00    0,00    0,00    0,00  100,00
04:53:08      23    0,00    0,00    0,00    0,00    0,00    0,00    0,00    0,00    0,00  100,00

04:53:08     CPU    %usr   %nice    %sys %iowait    %irq   %soft  %steal  %guest  %gnice   %idle
04:53:09     all    0,00    0,00    0,00    0,13    0,00   20,85    0,00    0,00    0,00   79,02
04:53:09       0    0,00    0,00    0,00    1,00    0,00    0,00    0,00    0,00    0,00   99,00
04:53:09       1    0,00    0,00    0,00    0,00    0,00    0,00    0,00    0,00    0,00  100,00
04:53:09       2    0,00    0,00    0,00    0,00    0,00    0,00    0,00    0,00    0,00  100,00
04:53:09       3    0,00    0,00    0,00    0,00    0,00    0,00    0,00    0,00    0,00  100,00
04:53:09       4    0,00    0,00    0,00    0,00    0,00    0,00    0,00    0,00    0,00  100,00
04:53:09       5    0,00    0,00    0,00    0,00    0,00  100,00    0,00    0,00    0,00    0,00
04:53:09       6    0,00    0,00    0,00    0,00    0,00    0,00    0,00    0,00    0,00  100,00
04:53:09       7    0,00    0,00    0,00    0,00    0,00  100,00    0,00    0,00    0,00    0,00
04:53:09       8    0,00    0,00    0,00    0,00    0,00    0,00    0,00    0,00    0,00  100,00
04:53:09       9    0,00    0,00    0,00    0,00    0,00    0,00    0,00    0,00    0,00  100,00
04:53:09      10    0,00    0,00    0,00    0,00    0,00    0,00    0,00    0,00    0,00  100,00
04:53:09      11    0,00    0,00    0,00    0,00    0,00  100,00    0,00    0,00    0,00    0,00
04:53:09      12    0,00    0,00    0,00    0,00    0,00    0,00    0,00    0,00    0,00  100,00
04:53:09      13    0,00    0,00    0,00    0,00    0,00  100,00    0,00    0,00    0,00    0,00
04:53:09      14    0,00    0,00    0,00    0,00    0,00    0,00    0,00    0,00    0,00  100,00
04:53:09      15    0,00    0,00    0,00    0,00    0,00  100,00    0,00    0,00    0,00    0,00
04:53:09      16    0,00    0,00    0,00    0,00    0,00    0,00    0,00    0,00    0,00  100,00
04:53:09      17    0,00    0,00    0,00    0,00    0,00    0,00    0,00    0,00    0,00  100,00
04:53:09      18    0,00    0,00    0,00    0,00    0,00    0,00    0,00    0,00    0,00  100,00
04:53:09      19    0,00    0,00    0,00    0,00    0,00    0,00    0,00    0,00    0,00  100,00
04:53:09      20    0,00    0,00    0,00    0,00    0,00    0,00    0,00    0,00    0,00  100,00
04:53:09      21    0,00    0,00    0,00    2,00    0,00    0,00    0,00    0,00    0,00   98,00
04:53:09      22    0,00    0,00    0,00    0,00    0,00    0,00    0,00    0,00    0,00  100,00
04:53:09      23    0,00    0,00    0,00    0,00    0,00    0,00    0,00    0,00    0,00  100,00

04:53:09     CPU    %usr   %nice    %sys %iowait    %irq   %soft  %steal  %guest  %gnice   %idle
04:53:10     all    0,00    0,00    0,13    0,00    0,00   20,86    0,00    0,00    0,00   79,02
04:53:10       0    0,00    0,00    0,00    0,00    0,00    0,00    0,00    0,00    0,00  100,00
04:53:10       1    0,00    0,00    0,00    0,00    0,00    0,00    0,00    0,00    0,00  100,00
04:53:10       2    0,00    0,00    0,00    0,00    0,00    0,00    0,00    0,00    0,00  100,00
04:53:10       3    0,00    0,00    0,00    0,00    0,00    0,00    0,00    0,00    0,00  100,00
04:53:10       4    0,00    0,00    0,00    0,00    0,00    0,00    0,00    0,00    0,00  100,00
04:53:10       5    0,00    0,00    0,00    0,00    0,00  100,00    0,00    0,00    0,00    0,00
04:53:10       6    0,00    0,00    0,00    0,00    0,00    0,00    0,00    0,00    0,00  100,00
04:53:10       7    0,00    0,00    0,00    0,00    0,00  100,00    0,00    0,00    0,00    0,00
04:53:10       8    0,00    0,00    0,00    0,00    0,00    0,00    0,00    0,00    0,00  100,00
04:53:10       9    0,00    0,00    0,00    0,00    0,00    0,00    0,00    0,00    0,00  100,00
04:53:10      10    0,00    0,00    0,00    0,00    0,00    0,00    0,00    0,00    0,00  100,00
04:53:10      11    0,00    0,00    0,00    0,00    0,00  100,00    0,00    0,00    0,00    0,00
04:53:10      12    0,00    0,00    0,00    0,00    0,00    0,00    0,00    0,00    0,00  100,00
04:53:10      13    0,00    0,00    0,00    0,00    0,00  100,00    0,00    0,00    0,00    0,00
04:53:10      14    0,00    0,00    0,00    0,00    0,00    0,00    0,00    0,00    0,00  100,00
04:53:10      15    0,00    0,00    0,00    0,00    0,00  100,00    0,00    0,00    0,00    0,00
04:53:10      16    0,00    0,00    0,99    0,00    0,00    0,00    0,00    0,00    0,00   99,01
04:53:10      17    0,00    0,00    0,00    0,00    0,00    0,00    0,00    0,00    0,00  100,00
04:53:10      18    0,00    0,00    0,99    0,00    0,00    0,00    0,00    0,00    0,00   99,01
04:53:10      19    0,00    0,00    0,00    0,00    0,00    0,00    0,00    0,00    0,00  100,00
04:53:10      20    0,00    0,00    0,00    0,00    0,00    0,00    0,00    0,00    0,00  100,00
04:53:10      21    0,00    0,00    0,00    0,00    0,00    0,00    0,00    0,00    0,00  100,00
04:53:10      22    0,00    0,00    0,99    0,00    0,00    0,00    0,00    0,00    0,00   99,01
04:53:10      23    0,00    0,00    0,00    0,00    0,00    0,00    0,00    0,00    0,00  100,00

04:53:10     CPU    %usr   %nice    %sys %iowait    %irq   %soft  %steal  %guest  %gnice   %idle
04:53:11     all    0,00    0,00    0,04    0,00    0,00   20,83    0,00    0,00    0,00   79,12
04:53:11       0    0,00    0,00    0,99    0,00    0,00    0,00    0,00    0,00    0,00   99,01
04:53:11       1    0,00    0,00    0,00    0,00    0,00    0,00    0,00    0,00    0,00  100,00
04:53:11       2    0,00    0,00    0,00    0,00    0,00    0,00    0,00    0,00    0,00  100,00
04:53:11       3    0,00    0,00    0,00    0,00    0,00    0,00    0,00    0,00    0,00  100,00
04:53:11       4    0,00    0,00    0,00    0,00    0,00    0,00    0,00    0,00    0,00  100,00
04:53:11       5    0,00    0,00    0,00    0,00    0,00  100,00    0,00    0,00    0,00    0,00
04:53:11       6    0,00    0,00    0,00    0,00    0,00    0,00    0,00    0,00    0,00  100,00
04:53:11       7    0,00    0,00    0,00    0,00    0,00  100,00    0,00    0,00    0,00    0,00
04:53:11       8    0,00    0,00    0,00    0,00    0,00    0,00    0,00    0,00    0,00  100,00
04:53:11       9    0,00    0,00    0,00    0,00    0,00    0,00    0,00    0,00    0,00  100,00
04:53:11      10    0,00    0,00    0,00    0,00    0,00    0,00    0,00    0,00    0,00  100,00
04:53:11      11    0,00    0,00    0,00    0,00    0,00  100,00    0,00    0,00    0,00    0,00
04:53:11      12    0,00    0,00    0,00    0,00    0,00    0,00    0,00    0,00    0,00  100,00
04:53:11      13    0,00    0,00    0,00    0,00    0,00  100,00    0,00    0,00    0,00    0,00
04:53:11      14    0,00    0,00    0,00    0,00    0,00    0,00    0,00    0,00    0,00  100,00
04:53:11      15    0,00    0,00    0,00    0,00    0,00  100,00    0,00    0,00    0,00    0,00
04:53:11      16    0,00    0,00    0,00    0,00    0,00    0,00    0,00    0,00    0,00  100,00
04:53:11      17    0,00    0,00    0,00    0,00    0,00    0,00    0,00    0,00    0,00  100,00
04:53:11      18    0,00    0,00    0,00    0,00    0,00    0,00    0,00    0,00    0,00  100,00
04:53:11      19    0,00    0,00    0,00    0,00    0,00    0,00    0,00    0,00    0,00  100,00
04:53:11      20    0,00    0,00    0,00    0,00    0,00    0,00    0,00    0,00    0,00  100,00
04:53:11      21    0,00    0,00    0,00    0,00    0,00    0,00    0,00    0,00    0,00  100,00
04:53:11      22    0,00    0,00    0,00    0,00    0,00    0,00    0,00    0,00    0,00  100,00
04:53:11      23    0,00    0,00    0,00    0,00    0,00    0,00    0,00    0,00    0,00  100,00

04:53:11     CPU    %usr   %nice    %sys %iowait    %irq   %soft  %steal  %guest  %gnice   %idle
04:53:12     all    0,04    0,00    0,04    0,00    0,00   20,82    0,00    0,00    0,00   79,09
04:53:12       0    0,00    0,00    0,00    0,00    0,00    0,00    0,00    0,00    0,00  100,00
04:53:12       1    0,00    0,00    0,00    0,00    0,00    0,00    0,00    0,00    0,00  100,00
04:53:12       2    0,00    0,00    0,00    0,00    0,00    0,00    0,00    0,00    0,00  100,00
04:53:12       3    0,00    0,00    0,00    0,00    0,00    0,00    0,00    0,00    0,00  100,00
04:53:12       4    0,00    0,00    0,00    0,00    0,00    0,00    0,00    0,00    0,00  100,00
04:53:12       5    0,00    0,00    0,00    0,00    0,00  100,00    0,00    0,00    0,00    0,00
04:53:12       6    0,00    0,00    0,00    0,00    0,00    0,00    0,00    0,00    0,00  100,00
04:53:12       7    0,00    0,00    0,00    0,00    0,00  100,00    0,00    0,00    0,00    0,00
04:53:12       8    0,00    0,00    0,99    0,00    0,00    0,00    0,00    0,00    0,00   99,01
04:53:12       9    0,00    0,00    0,00    0,00    0,00    0,00    0,00    0,00    0,00  100,00
04:53:12      10    0,00    0,00    0,00    0,00    0,00    0,00    0,00    0,00    0,00  100,00
04:53:12      11    0,00    0,00    0,00    0,00    0,00  100,00    0,00    0,00    0,00    0,00
04:53:12      12    0,99    0,00    0,00    0,00    0,00    0,00    0,00    0,00    0,00   99,01
04:53:12      13    0,00    0,00    0,00    0,00    0,00  100,00    0,00    0,00    0,00    0,00
04:53:12      14    0,00    0,00    0,00    0,00    0,00    0,00    0,00    0,00    0,00  100,00
04:53:12      15    0,00    0,00    0,00    0,00    0,00  100,00    0,00    0,00    0,00    0,00
04:53:12      16    0,00    0,00    0,00    0,00    0,00    0,00    0,00    0,00    0,00  100,00
04:53:12      17    0,00    0,00    0,00    0,00    0,00    0,00    0,00    0,00    0,00  100,00
04:53:12      18    0,00    0,00    0,00    0,00    0,00    0,00    0,00    0,00    0,00  100,00
04:53:12      19    0,00    0,00    0,00    0,00    0,00    0,00    0,00    0,00    0,00  100,00
04:53:12      20    0,00    0,00    0,00    0,00    0,00    0,00    0,00    0,00    0,00  100,00
04:53:12      21    0,00    0,00    0,00    0,00    0,00    0,00    0,00    0,00    0,00  100,00
04:53:12      22    0,00    0,00    0,00    0,00    0,00    0,00    0,00    0,00    0,00  100,00
04:53:12      23    0,00    0,00    0,00    0,00    0,00    0,00    0,00    0,00    0,00  100,00

04:53:12     CPU    %usr   %nice    %sys %iowait    %irq   %soft  %steal  %guest  %gnice   %idle
04:53:13     all    0,42    0,00    0,29    0,00    0,00   20,87    0,00    0,00    0,00   78,43
04:53:13       0    6,06    0,00    3,03    0,00    0,00    0,00    0,00    0,00    0,00   90,91
04:53:13       1    0,00    0,00    0,00    0,00    0,00    0,99    0,00    0,00    0,00   99,01
04:53:13       2    0,00    0,00    0,00    0,00    0,00    0,00    0,00    0,00    0,00  100,00
04:53:13       3    0,00    0,00    0,00    0,00    0,00    0,00    0,00    0,00    0,00  100,00
04:53:13       4    0,99    0,00    0,00    0,00    0,00    0,00    0,00    0,00    0,00   99,01
04:53:13       5    0,00    0,00    0,00    0,00    0,00  100,00    0,00    0,00    0,00    0,00
04:53:13       6    1,00    0,00    3,00    0,00    0,00    0,00    0,00    0,00    0,00   96,00
04:53:13       7    0,00    0,00    0,00    0,00    0,00  100,00    0,00    0,00    0,00    0,00
04:53:13       8    0,99    0,00    0,00    0,00    0,00    0,00    0,00    0,00    0,00   99,01
04:53:13       9    0,00    0,00    0,00    0,00    0,00    0,00    0,00    0,00    0,00  100,00
04:53:13      10    0,00    0,00    0,00    0,00    0,00    0,00    0,00    0,00    0,00  100,00
04:53:13      11    0,00    0,00    0,00    0,00    0,00  100,00    0,00    0,00    0,00    0,00
04:53:13      12    0,00    0,00    0,00    0,00    0,00    0,00    0,00    0,00    0,00  100,00
04:53:13      13    0,00    0,00    0,00    0,00    0,00  100,00    0,00    0,00    0,00    0,00
04:53:13      14    0,00    0,00    0,00    0,00    0,00    0,00    0,00    0,00    0,00  100,00
04:53:13      15    0,00    0,00    0,00    0,00    0,00  100,00    0,00    0,00    0,00    0,00
04:53:13      16    1,01    0,00    1,01    0,00    0,00    0,00    0,00    0,00    0,00   97,98
04:53:13      17    0,00    0,00    0,00    0,00    0,00    0,00    0,00    0,00    0,00  100,00
04:53:13      18    0,00    0,00    0,00    0,00    0,00    0,00    0,00    0,00    0,00  100,00
04:53:13      19    0,00    0,00    0,00    0,00    0,00    0,00    0,00    0,00    0,00  100,00
04:53:13      20    0,00    0,00    0,00    0,00    0,00    0,00    0,00    0,00    0,00  100,00
04:53:13      21    0,00    0,00    0,00    0,00    0,00    0,00    0,00    0,00    0,00  100,00
04:53:13      22    0,00    0,00    0,00    0,00    0,00    0,00    0,00    0,00    0,00  100,00
04:53:13      23    0,00    0,00    0,00    0,00    0,00    0,00    0,00    0,00    0,00  100,00

04:53:13     CPU    %usr   %nice    %sys %iowait    %irq   %soft  %steal  %guest  %gnice   %idle
04:53:14     all    0,00    0,00    0,04    0,08    0,00   20,87    0,00    0,00    0,00   79,01
04:53:14       0    0,00    0,00    0,00    1,01    0,00    0,00    0,00    0,00    0,00   98,99
04:53:14       1    0,00    0,00    0,00    0,00    0,00    0,00    0,00    0,00    0,00  100,00
04:53:14       2    0,00    0,00    0,00    0,00    0,00    0,00    0,00    0,00    0,00  100,00
04:53:14       3    0,00    0,00    0,00    0,00    0,00    0,00    0,00    0,00    0,00  100,00
04:53:14       4    0,00    0,00    0,00    0,00    0,00    0,00    0,00    0,00    0,00  100,00
04:53:14       5    0,00    0,00    0,00    0,00    0,00  100,00    0,00    0,00    0,00    0,00
04:53:14       6    0,00    0,00    0,00    0,00    0,00    0,00    0,00    0,00    0,00  100,00
04:53:14       7    0,00    0,00    0,00    0,00    0,00  100,00    0,00    0,00    0,00    0,00
04:53:14       8    0,00    0,00    0,00    0,00    0,00    0,00    0,00    0,00    0,00  100,00
04:53:14       9    0,00    0,00    0,00    0,00    0,00    0,00    0,00    0,00    0,00  100,00
04:53:14      10    0,00    0,00    0,00    0,00    0,00    0,00    0,00    0,00    0,00  100,00
04:53:14      11    0,00    0,00    0,00    0,00    0,00  100,00    0,00    0,00    0,00    0,00
04:53:14      12    0,00    0,00    0,00    0,00    0,00    0,00    0,00    0,00    0,00  100,00
04:53:14      13    0,00    0,00    0,00    0,00    0,00  100,00    0,00    0,00    0,00    0,00
04:53:14      14    0,00    0,00    0,00    0,00    0,00    0,00    0,00    0,00    0,00  100,00
04:53:14      15    0,00    0,00    0,00    0,00    0,00  100,00    0,00    0,00    0,00    0,00
04:53:14      16    0,00    0,00    0,00    0,00    0,00    0,00    0,00    0,00    0,00  100,00
04:53:14      17    0,00    0,00    0,00    0,00    0,00    0,00    0,00    0,00    0,00  100,00
04:53:14      18    0,00    0,00    0,00    0,00    0,00    0,00    0,00    0,00    0,00  100,00
04:53:14      19    0,00    0,00    1,00    0,00    0,00    0,00    0,00    0,00    0,00   99,00
04:53:14      20    0,00    0,00    0,00    0,00    0,00    0,00    0,00    0,00    0,00  100,00
04:53:14      21    0,00    0,00    0,00    1,01    0,00    0,00    0,00    0,00    0,00   98,99
04:53:14      22    0,00    0,00    0,00    0,00    0,00    0,00    0,00    0,00    0,00  100,00
04:53:14      23    0,00    0,00    0,00    0,00    0,00    0,00    0,00    0,00    0,00  100,00

04:53:14     CPU    %usr   %nice    %sys %iowait    %irq   %soft  %steal  %guest  %gnice   %idle
04:53:15     all    0,63    0,00    0,33    0,00    0,00   20,83    0,00    0,00    0,00   78,21
04:53:15       0    8,00    0,00    0,00    0,00    0,00    0,00    0,00    0,00    0,00   92,00
04:53:15       1    0,00    0,00    0,00    0,00    0,00    0,00    0,00    0,00    0,00  100,00
04:53:15       2    1,01    0,00    0,00    0,00    0,00    0,00    0,00    0,00    0,00   98,99
04:53:15       3    0,00    0,00    0,00    0,00    0,00    0,00    0,00    0,00    0,00  100,00
04:53:15       4    0,00    0,00    0,00    0,00    0,00    0,00    0,00    0,00    0,00  100,00
04:53:15       5    0,00    0,00    0,00    0,00    0,00  100,00    0,00    0,00    0,00    0,00
04:53:15       6    0,99    0,00    0,00    0,00    0,00    0,00    0,00    0,00    0,00   99,01
04:53:15       7    0,00    0,00    0,00    0,00    0,00  100,00    0,00    0,00    0,00    0,00
04:53:15       8    1,01    0,00    1,01    0,00    0,00    0,00    0,00    0,00    0,00   97,98
04:53:15       9    0,00    0,00    0,00    0,00    0,00    0,00    0,00    0,00    0,00  100,00
04:53:15      10    0,00    0,00    0,00    0,00    0,00    0,00    0,00    0,00    0,00  100,00
04:53:15      11    0,00    0,00    0,00    0,00    0,00  100,00    0,00    0,00    0,00    0,00
04:53:15      12    0,00    0,00    0,00    0,00    0,00    0,00    0,00    0,00    0,00  100,00
04:53:15      13    0,00    0,00    1,00    0,00    0,00   99,00    0,00    0,00    0,00    0,00
04:53:15      14    0,00    0,00    0,00    0,00    0,00    0,00    0,00    0,00    0,00  100,00
04:53:15      15    0,00    0,00    0,00    0,00    0,00  100,00    0,00    0,00    0,00    0,00
04:53:15      16    2,00    0,00    3,00    0,00    0,00    0,00    0,00    0,00    0,00   95,00
04:53:15      17    0,00    0,00    0,00    0,00    0,00    0,00    0,00    0,00    0,00  100,00
04:53:15      18    1,00    0,00    0,00    0,00    0,00    0,00    0,00    0,00    0,00   99,00
04:53:15      19    0,00    0,00    0,00    0,00    0,00    0,00    0,00    0,00    0,00  100,00
04:53:15      20    0,00    0,00    1,00    0,00    0,00    0,00    0,00    0,00    0,00   99,00
04:53:15      21    0,00    0,00    1,00    0,00    0,00    0,00    0,00    0,00    0,00   99,00
04:53:15      22    0,00    0,00    0,00    0,00    0,00    0,00    0,00    0,00    0,00  100,00
04:53:15      23    1,00    0,00    1,00    0,00    0,00    0,00    0,00    0,00    0,00   98,00
