Linux 6.8.0-111-generic (testbed-node6) 	06/05/26 	_x86_64_	(24 CPU)

11:30:29     CPU    %usr   %nice    %sys %iowait    %irq   %soft  %steal  %guest  %gnice   %idle
11:30:30     all    0,46    0,00    0,25    0,08    0,00    0,00    0,00    0,00    0,00   99,21
11:30:30       0    0,00    0,00    0,00    0,00    0,00    0,00    0,00    0,00    0,00  100,00
11:30:30       1    0,00    0,00    0,00    0,00    0,00    0,00    0,00    0,00    0,00  100,00
11:30:30       2    1,98    0,00    0,99    0,00    0,00    0,00    0,00    0,00    0,00   97,03
11:30:30       3    0,00    0,00    0,00    0,00    0,00    0,00    0,00    0,00    0,00  100,00
11:30:30       4    0,00    0,00    0,00    0,00    0,00    0,00    0,00    0,00    0,00  100,00
11:30:30       5    0,00    0,00    0,00    0,00    0,00    0,00    0,00    0,00    0,00  100,00
11:30:30       6    0,00    0,00    0,00    0,00    0,00    0,00    0,00    0,00    0,00  100,00
11:30:30       7    0,00    0,00    0,00    1,00    0,00    0,00    0,00    0,00    0,00   99,00
11:30:30       8    0,00    0,00    0,00    1,00    0,00    0,00    0,00    0,00    0,00   99,00
11:30:30       9    0,00    0,00    0,00    0,00    0,00    0,00    0,00    0,00    0,00  100,00
11:30:30      10    5,05    0,00    0,00    0,00    0,00    0,00    0,00    0,00    0,00   94,95
11:30:30      11    0,00    0,00    0,00    0,00    0,00    0,00    0,00    0,00    0,00  100,00
11:30:30      12    0,00    0,00    0,00    0,00    0,00    0,00    0,00    0,00    0,00  100,00
11:30:30      13    0,00    0,00    0,00    0,00    0,00    0,00    0,00    0,00    0,00  100,00
11:30:30      14    0,97    0,00    1,94    0,00    0,00    0,00    0,00    0,00    0,00   97,09
11:30:30      15    0,00    0,00    0,00    0,00    0,00    0,00    0,00    0,00    0,00  100,00
11:30:30      16    1,00    0,00    1,00    0,00    0,00    0,00    0,00    0,00    0,00   98,00
11:30:30      17    0,00    0,00    0,99    0,00    0,00    0,00    0,00    0,00    0,00   99,01
11:30:30      18    1,00    0,00    0,00    0,00    0,00    0,00    0,00    0,00    0,00   99,00
11:30:30      19    0,00    0,00    0,00    0,00    0,00    0,00    0,00    0,00    0,00  100,00
11:30:30      20    0,00    0,00    0,00    0,00    0,00    0,00    0,00    0,00    0,00  100,00
11:30:30      21    0,00    0,00    0,00    0,00    0,00    0,00    0,00    0,00    0,00  100,00
11:30:30      22    0,00    0,00    0,00    0,00    0,00    0,00    0,00    0,00    0,00  100,00
11:30:30      23    0,99    0,00    0,99    0,00    0,00    0,00    0,00    0,00    0,00   98,02

11:30:30     CPU    %usr   %nice    %sys %iowait    %irq   %soft  %steal  %guest  %gnice   %idle
11:30:31     all    0,12    0,00    0,04    0,12    0,00    0,00    0,00    0,00    0,00   99,71
11:30:31       0    0,00    0,00    0,00    0,00    0,00    0,00    0,00    0,00    0,00  100,00
11:30:31       1    0,00    0,00    0,00    0,00    0,00    0,00    0,00    0,00    0,00  100,00
11:30:31       2    0,00    0,00    0,00    0,00    0,00    0,00    0,00    0,00    0,00  100,00
11:30:31       3    0,00    0,00    0,00    0,00    0,00    0,00    0,00    0,00    0,00  100,00
11:30:31       4    0,00    0,00    0,00    0,00    0,00    0,00    0,00    0,00    0,00  100,00
11:30:31       5    0,00    0,00    0,00    0,00    0,00    0,00    0,00    0,00    0,00  100,00
11:30:31       6    0,00    0,00    0,00    0,00    0,00    0,00    0,00    0,00    0,00  100,00
11:30:31       7    0,00    0,00    0,00    0,00    0,00    0,00    0,00    0,00    0,00  100,00
11:30:31       8    0,00    0,00    0,00    0,00    0,00    0,00    0,00    0,00    0,00  100,00
11:30:31       9    0,00    0,00    0,00    0,00    0,00    0,00    0,00    0,00    0,00  100,00
11:30:31      10    0,00    0,00    0,00    0,00    0,00    0,00    0,00    0,00    0,00  100,00
11:30:31      11    0,00    0,00    0,00    0,00    0,00    0,00    0,00    0,00    0,00  100,00
11:30:31      12    0,00    0,00    0,00    0,00    0,00    0,00    0,00    0,00    0,00  100,00
11:30:31      13    0,00    0,00    0,00    0,00    0,00    0,00    0,00    0,00    0,00  100,00
11:30:31      14    0,00    0,00    0,00    0,00    0,00    0,00    0,00    0,00    0,00  100,00
11:30:31      15    0,00    0,00    0,00    0,00    0,00    0,00    0,00    0,00    0,00  100,00
11:30:31      16    0,00    0,00    0,00    1,00    0,00    0,00    0,00    0,00    0,00   99,00
11:30:31      17    2,91    0,00    0,00    1,94    0,00    0,00    0,00    0,00    0,00   95,15
11:30:31      18    0,00    0,00    0,00    0,00    0,00    0,00    0,00    0,00    0,00  100,00
11:30:31      19    0,00    0,00    0,00    0,00    0,00    0,00    0,00    0,00    0,00  100,00
11:30:31      20    0,00    0,00    0,99    0,00    0,00    0,00    0,00    0,00    0,00   99,01
11:30:31      21    0,00    0,00    0,00    0,00    0,00    0,00    0,00    0,00    0,00  100,00
11:30:31      22    0,00    0,00    0,00    0,00    0,00    0,00    0,00    0,00    0,00  100,00
11:30:31      23    0,00    0,00    0,00    0,00    0,00    0,00    0,00    0,00    0,00  100,00

11:30:31     CPU    %usr   %nice    %sys %iowait    %irq   %soft  %steal  %guest  %gnice   %idle
11:30:32     all    1,00    0,00    0,67    0,13    0,00    0,00    0,00    0,00    0,00   98,21
11:30:32       0    5,00    0,00    1,00    0,00    0,00    0,00    0,00    0,00    0,00   94,00
11:30:32       1    0,00    0,00    0,00    0,00    0,00    0,00    0,00    0,00    0,00  100,00
11:30:32       2    1,01    0,00    0,00    0,00    0,00    0,00    0,00    0,00    0,00   98,99
11:30:32       3    0,00    0,00    0,00    0,00    0,00    0,00    0,00    0,00    0,00  100,00
11:30:32       4    1,00    0,00    0,00    0,00    0,00    0,00    0,00    0,00    0,00   99,00
11:30:32       5    0,00    0,00    0,00    0,00    0,00    0,00    0,00    0,00    0,00  100,00
11:30:32       6    0,00    0,00    0,00    0,00    0,00    0,00    0,00    0,00    0,00  100,00
11:30:32       7    0,00    0,00    0,00    1,00    0,00    0,00    0,00    0,00    0,00   99,00
11:30:32       8    0,00    0,00    0,00    0,00    0,00    0,00    0,00    0,00    0,00  100,00
11:30:32       9    0,00    0,00    0,00    0,00    0,00    0,00    0,00    0,00    0,00  100,00
11:30:32      10    3,00    0,00    0,00    0,00    0,00    0,00    0,00    0,00    0,00   97,00
11:30:32      11    0,00    0,00    0,00    0,00    0,00    0,00    0,00    0,00    0,00  100,00
11:30:32      12    0,00    0,00    0,99    0,99    0,00    0,00    0,00    0,00    0,00   98,02
11:30:32      13    0,00    0,00    0,00    0,00    0,00    0,00    0,00    0,00    0,00  100,00
11:30:32      14    0,00    0,00    0,00    0,00    0,00    0,00    0,00    0,00    0,00  100,00
11:30:32      15    0,00    0,00    0,00    0,00    0,00    0,00    0,00    0,00    0,00  100,00
11:30:32      16    1,00    0,00    2,00    0,00    0,00    0,00    0,00    0,00    0,00   97,00
11:30:32      17    3,03    0,00    3,03    0,00    0,00    0,00    0,00    0,00    0,00   93,94
11:30:32      18    1,00    0,00    3,00    1,00    0,00    0,00    0,00    0,00    0,00   95,00
11:30:32      19    2,97    0,00    1,98    0,00    0,00    0,00    0,00    0,00    0,00   95,05
11:30:32      20    3,03    0,00    2,02    0,00    0,00    0,00    0,00    0,00    0,00   94,95
11:30:32      21    1,00    0,00    1,00    0,00    0,00    0,00    0,00    0,00    0,00   98,00
11:30:32      22    0,99    0,00    0,00    0,00    0,00    0,00    0,00    0,00    0,00   99,01
11:30:32      23    0,99    0,00    0,99    0,00    0,00    0,00    0,00    0,00    0,00   98,02

11:30:32     CPU    %usr   %nice    %sys %iowait    %irq   %soft  %steal  %guest  %gnice   %idle
11:30:33     all    0,12    0,00    0,04    0,00    0,00    0,00    0,00    0,00    0,00   99,83
11:30:33       0    0,00    0,00    0,00    0,00    0,00    0,00    0,00    0,00    0,00  100,00
11:30:33       1    0,00    0,00    0,00    0,00    0,00    0,00    0,00    0,00    0,00  100,00
11:30:33       2    1,96    0,00    0,00    0,00    0,00    0,00    0,00    0,00    0,00   98,04
11:30:33       3    0,00    0,00    0,00    0,00    0,00    0,00    0,00    0,00    0,00  100,00
11:30:33       4    0,00    0,00    0,00    0,00    0,00    0,00    0,00    0,00    0,00  100,00
11:30:33       5    0,00    0,00    0,00    0,00    0,00    0,00    0,00    0,00    0,00  100,00
11:30:33       6    0,00    0,00    0,00    0,00    0,00    0,00    0,00    0,00    0,00  100,00
11:30:33       7    0,00    0,00    0,00    0,00    0,00    0,00    0,00    0,00    0,00  100,00
11:30:33       8    0,00    0,00    0,00    0,00    0,00    0,00    0,00    0,00    0,00  100,00
11:30:33       9    0,00    0,00    0,00    0,00    0,00    0,00    0,00    0,00    0,00  100,00
11:30:33      10    0,00    0,00    0,00    0,00    0,00    0,00    0,00    0,00    0,00  100,00
11:30:33      11    0,00    0,00    0,00    0,00    0,00    0,00    0,00    0,00    0,00  100,00
11:30:33      12    0,00    0,00    0,00    0,00    0,00    0,00    0,00    0,00    0,00  100,00
11:30:33      13    0,00    0,00    0,00    0,00    0,00    0,00    0,00    0,00    0,00  100,00
11:30:33      14    0,00    0,00    0,00    0,00    0,00    0,00    0,00    0,00    0,00  100,00
11:30:33      15    0,00    0,00    0,00    0,00    0,00    0,00    0,00    0,00    0,00  100,00
11:30:33      16    0,00    0,00    0,00    0,00    0,00    0,00    0,00    0,00    0,00  100,00
11:30:33      17    0,99    0,00    0,00    0,00    0,00    0,00    0,00    0,00    0,00   99,01
11:30:33      18    0,00    0,00    0,00    0,00    0,00    0,00    0,00    0,00    0,00  100,00
11:30:33      19    0,00    0,00    0,00    0,00    0,00    0,00    0,00    0,00    0,00  100,00
11:30:33      20    0,00    0,00    0,99    0,00    0,00    0,00    0,00    0,00    0,00   99,01
11:30:33      21    0,00    0,00    0,00    0,00    0,00    0,00    0,00    0,00    0,00  100,00
11:30:33      22    0,00    0,00    0,00    0,00    0,00    0,00    0,00    0,00    0,00  100,00
11:30:33      23    0,00    0,00    0,00    0,00    0,00    0,00    0,00    0,00    0,00  100,00

11:30:33     CPU    %usr   %nice    %sys %iowait    %irq   %soft  %steal  %guest  %gnice   %idle
11:30:34     all    0,00    0,00    0,00    0,00    0,00    9,99    0,00    0,00    0,00   90,01
11:30:34       0    0,00    0,00    0,00    0,00    0,00    0,00    0,00    0,00    0,00  100,00
11:30:34       1    0,00    0,00    0,00    0,00    0,00    0,00    0,00    0,00    0,00  100,00
11:30:34       2    0,00    0,00    0,00    0,00    0,00    0,00    0,00    0,00    0,00  100,00
11:30:34       3    0,00    0,00    0,00    0,00    0,00    0,00    0,00    0,00    0,00  100,00
11:30:34       4    0,00    0,00    0,00    0,00    0,00    0,00    0,00    0,00    0,00  100,00
11:30:34       5    0,00    0,00    0,00    0,00    0,00    0,00    0,00    0,00    0,00  100,00
11:30:34       6    0,00    0,00    0,00    0,00    0,00    0,00    0,00    0,00    0,00  100,00
11:30:34       7    0,00    0,00    0,00    0,00    0,00    0,00    0,00    0,00    0,00  100,00
11:30:34       8    0,00    0,00    0,00    0,00    0,00   60,00    0,00    0,00    0,00   40,00
11:30:34       9    0,00    0,00    0,00    0,00    0,00   60,00    0,00    0,00    0,00   40,00
11:30:34      10    0,00    0,00    0,00    0,00    0,00    0,00    0,00    0,00    0,00  100,00
11:30:34      11    0,00    0,00    0,00    0,00    0,00    0,00    0,00    0,00    0,00  100,00
11:30:34      12    0,00    0,00    0,00    0,00    0,00    0,00    0,00    0,00    0,00  100,00
11:30:34      13    0,00    0,00    0,00    0,00    0,00    0,00    0,00    0,00    0,00  100,00
11:30:34      14    0,00    0,00    0,00    0,00    0,00    0,00    0,00    0,00    0,00  100,00
11:30:34      15    0,00    0,00    0,00    0,00    0,00    0,00    0,00    0,00    0,00  100,00
11:30:34      16    0,00    0,00    0,00    0,00    0,00    0,00    0,00    0,00    0,00  100,00
11:30:34      17    0,00    0,00    0,00    0,00    0,00    0,00    0,00    0,00    0,00  100,00
11:30:34      18    0,00    0,00    0,00    0,00    0,00    0,00    0,00    0,00    0,00  100,00
11:30:34      19    0,00    0,00    0,00    0,00    0,00    0,00    0,00    0,00    0,00  100,00
11:30:34      20    0,00    0,00    0,00    0,00    0,00    0,00    0,00    0,00    0,00  100,00
11:30:34      21    0,00    0,00    0,00    0,00    0,00    0,00    0,00    0,00    0,00  100,00
11:30:34      22    0,00    0,00    0,00    0,00    0,00   59,60    0,00    0,00    0,00   40,40
11:30:34      23    0,00    0,00    0,00    0,00    0,00   60,00    0,00    0,00    0,00   40,00

11:30:34     CPU    %usr   %nice    %sys %iowait    %irq   %soft  %steal  %guest  %gnice   %idle
11:30:35     all    0,00    0,00    0,04    0,00    0,00   16,67    0,00    0,00    0,00   83,29
11:30:35       0    0,00    0,00    0,00    0,00    0,00    0,00    0,00    0,00    0,00  100,00
11:30:35       1    0,00    0,00    0,00    0,00    0,00    0,00    0,00    0,00    0,00  100,00
11:30:35       2    0,00    0,00    0,00    0,00    0,00    0,00    0,00    0,00    0,00  100,00
11:30:35       3    0,00    0,00    0,00    0,00    0,00    0,00    0,00    0,00    0,00  100,00
11:30:35       4    0,00    0,00    0,00    0,00    0,00    0,00    0,00    0,00    0,00  100,00
11:30:35       5    0,00    0,00    0,00    0,00    0,00    0,00    0,00    0,00    0,00  100,00
11:30:35       6    0,00    0,00    0,00    0,00    0,00    0,00    0,00    0,00    0,00  100,00
11:30:35       7    0,00    0,00    0,00    0,00    0,00    0,00    0,00    0,00    0,00  100,00
11:30:35       8    0,00    0,00    0,00    0,00    0,00  100,00    0,00    0,00    0,00    0,00
11:30:35       9    0,00    0,00    0,00    0,00    0,00  100,00    0,00    0,00    0,00    0,00
11:30:35      10    0,00    0,00    0,00    0,00    0,00    0,00    0,00    0,00    0,00  100,00
11:30:35      11    0,00    0,00    0,00    0,00    0,00    0,00    0,00    0,00    0,00  100,00
11:30:35      12    0,00    0,00    0,00    0,00    0,00    0,00    0,00    0,00    0,00  100,00
11:30:35      13    0,00    0,00    0,00    0,00    0,00    0,00    0,00    0,00    0,00  100,00
11:30:35      14    0,00    0,00    0,00    0,00    0,00    0,00    0,00    0,00    0,00  100,00
11:30:35      15    0,00    0,00    0,00    0,00    0,00    0,00    0,00    0,00    0,00  100,00
11:30:35      16    0,00    0,00    0,00    0,00    0,00    0,00    0,00    0,00    0,00  100,00
11:30:35      17    0,00    0,00    0,00    0,00    0,00    0,00    0,00    0,00    0,00  100,00
11:30:35      18    0,00    0,00    0,00    0,00    0,00    0,00    0,00    0,00    0,00  100,00
11:30:35      19    0,00    0,00    0,00    0,00    0,00    0,00    0,00    0,00    0,00  100,00
11:30:35      20    0,00    0,00    0,00    0,00    0,00    0,00    0,00    0,00    0,00  100,00
11:30:35      21    0,00    0,00    0,99    0,00    0,00    0,00    0,00    0,00    0,00   99,01
11:30:35      22    0,00    0,00    0,00    0,00    0,00  100,00    0,00    0,00    0,00    0,00
11:30:35      23    0,00    0,00    0,00    0,00    0,00  100,00    0,00    0,00    0,00    0,00

11:30:35     CPU    %usr   %nice    %sys %iowait    %irq   %soft  %steal  %guest  %gnice   %idle
11:30:36     all    0,08    0,00    0,00    0,08    0,00   16,67    0,00    0,00    0,00   83,17
11:30:36       0    0,00    0,00    0,00    0,00    0,00    0,00    0,00    0,00    0,00  100,00
11:30:36       1    0,00    0,00    0,00    0,00    0,00    0,00    0,00    0,00    0,00  100,00
11:30:36       2    0,00    0,00    0,00    0,00    0,00    0,00    0,00    0,00    0,00  100,00
11:30:36       3    0,00    0,00    0,00    0,00    0,00    0,00    0,00    0,00    0,00  100,00
11:30:36       4    0,00    0,00    0,00    0,00    0,00    0,00    0,00    0,00    0,00  100,00
11:30:36       5    0,00    0,00    0,00    0,00    0,00    0,00    0,00    0,00    0,00  100,00
11:30:36       6    0,00    0,00    0,00    0,00    0,00    0,00    0,00    0,00    0,00  100,00
11:30:36       7    0,00    0,00    0,00    0,00    0,00    0,00    0,00    0,00    0,00  100,00
11:30:36       8    0,00    0,00    0,00    0,00    0,00  100,00    0,00    0,00    0,00    0,00
11:30:36       9    0,00    0,00    0,00    0,00    0,00  100,00    0,00    0,00    0,00    0,00
11:30:36      10    0,00    0,00    0,00    0,00    0,00    0,00    0,00    0,00    0,00  100,00
11:30:36      11    0,00    0,00    0,00    0,00    0,00    0,00    0,00    0,00    0,00  100,00
11:30:36      12    0,00    0,00    0,00    0,00    0,00    0,00    0,00    0,00    0,00  100,00
11:30:36      13    0,00    0,00    0,00    0,00    0,00    0,00    0,00    0,00    0,00  100,00
11:30:36      14    0,00    0,00    0,00    0,00    0,00    0,00    0,00    0,00    0,00  100,00
11:30:36      15    0,00    0,00    0,00    1,00    0,00    0,00    0,00    0,00    0,00   99,00
11:30:36      16    0,99    0,00    0,00    0,00    0,00    0,00    0,00    0,00    0,00   99,01
11:30:36      17    0,00    0,00    0,00    1,00    0,00    0,00    0,00    0,00    0,00   99,00
11:30:36      18    0,00    0,00    0,00    0,00    0,00    0,00    0,00    0,00    0,00  100,00
11:30:36      19    0,99    0,00    0,00    0,00    0,00    0,00    0,00    0,00    0,00   99,01
11:30:36      20    0,00    0,00    0,00    0,00    0,00    0,00    0,00    0,00    0,00  100,00
11:30:36      21    0,00    0,00    0,00    0,00    0,00    0,00    0,00    0,00    0,00  100,00
11:30:36      22    0,00    0,00    0,00    0,00    0,00  100,00    0,00    0,00    0,00    0,00
11:30:36      23    0,00    0,00    0,00    0,00    0,00  100,00    0,00    0,00    0,00    0,00

11:30:36     CPU    %usr   %nice    %sys %iowait    %irq   %soft  %steal  %guest  %gnice   %idle
11:30:37     all    0,04    0,00    0,21    0,08    0,00   16,61    0,00    0,00    0,00   83,06
11:30:37       0    0,00    0,00    0,00    0,00    0,00    0,00    0,00    0,00    0,00  100,00
11:30:37       1    0,00    0,00    0,00    0,00    0,00    0,00    0,00    0,00    0,00  100,00
11:30:37       2    0,00    0,00    0,00    0,00    0,00    0,00    0,00    0,00    0,00  100,00
11:30:37       3    0,00    0,00    0,00    0,00    0,00    0,00    0,00    0,00    0,00  100,00
11:30:37       4    0,00    0,00    0,00    0,00    0,00    0,00    0,00    0,00    0,00  100,00
11:30:37       5    0,00    0,00    0,00    0,00    0,00    0,00    0,00    0,00    0,00  100,00
11:30:37       6    0,00    0,00    0,00    0,00    0,00    0,00    0,00    0,00    0,00  100,00
11:30:37       7    0,00    0,00    0,00    0,99    0,00    0,00    0,00    0,00    0,00   99,01
11:30:37       8    0,00    0,00    0,00    0,00    0,00  100,00    0,00    0,00    0,00    0,00
11:30:37       9    0,00    0,00    0,00    0,00    0,00  100,00    0,00    0,00    0,00    0,00
11:30:37      10    0,00    0,00    0,00    0,00    0,00    0,00    0,00    0,00    0,00  100,00
11:30:37      11    0,00    0,00    0,00    0,00    0,00    0,00    0,00    0,00    0,00  100,00
11:30:37      12    0,00    0,00    0,00    0,00    0,00    0,00    0,00    0,00    0,00  100,00
11:30:37      13    0,00    0,00    0,00    0,00    0,00    0,00    0,00    0,00    0,00  100,00
11:30:37      14    0,00    0,00    0,99    0,99    0,00    0,00    0,00    0,00    0,00   98,02
11:30:37      15    0,00    0,00    0,00    0,00    0,00    0,00    0,00    0,00    0,00  100,00
11:30:37      16    0,00    0,00    0,00    0,00    0,00    0,00    0,00    0,00    0,00  100,00
11:30:37      17    0,00    0,00    1,01    0,00    0,00    0,00    0,00    0,00    0,00   98,99
11:30:37      18    0,99    0,00    0,99    0,00    0,00    0,00    0,00    0,00    0,00   98,02
11:30:37      19    0,00    0,00    1,00    0,00    0,00    0,00    0,00    0,00    0,00   99,00
11:30:37      20    0,00    0,00    0,00    0,00    0,00    0,00    0,00    0,00    0,00  100,00
11:30:37      21    0,00    0,00    0,00    0,00    0,00    0,00    0,00    0,00    0,00  100,00
11:30:37      22    0,00    0,00    0,99    0,00    0,00   99,01    0,00    0,00    0,00    0,00
11:30:37      23    0,00    0,00    0,00    0,00    0,00  100,00    0,00    0,00    0,00    0,00

11:30:37     CPU    %usr   %nice    %sys %iowait    %irq   %soft  %steal  %guest  %gnice   %idle
11:30:38     all    0,04    0,00    0,04    0,00    0,00   16,68    0,00    0,00    0,00   83,24
11:30:38       0    0,00    0,00    0,00    0,00    0,00    0,00    0,00    0,00    0,00  100,00
11:30:38       1    0,00    0,00    0,00    0,00    0,00    0,00    0,00    0,00    0,00  100,00
11:30:38       2    0,00    0,00    0,00    0,00    0,00    0,00    0,00    0,00    0,00  100,00
11:30:38       3    0,00    0,00    0,00    0,00    0,00    0,00    0,00    0,00    0,00  100,00
11:30:38       4    0,00    0,00    0,00    0,00    0,00    0,00    0,00    0,00    0,00  100,00
11:30:38       5    0,00    0,00    0,00    0,00    0,00    0,00    0,00    0,00    0,00  100,00
11:30:38       6    0,00    0,00    0,00    0,00    0,00    0,00    0,00    0,00    0,00  100,00
11:30:38       7    0,00    0,00    0,00    0,00    0,00    0,00    0,00    0,00    0,00  100,00
11:30:38       8    0,00    0,00    0,00    0,00    0,00  100,00    0,00    0,00    0,00    0,00
11:30:38       9    0,00    0,00    0,00    0,00    0,00  100,00    0,00    0,00    0,00    0,00
11:30:38      10    0,00    0,00    0,00    0,00    0,00    0,00    0,00    0,00    0,00  100,00
11:30:38      11    0,00    0,00    0,00    0,00    0,00    0,00    0,00    0,00    0,00  100,00
11:30:38      12    0,99    0,00    0,00    0,00    0,00    0,00    0,00    0,00    0,00   99,01
11:30:38      13    0,00    0,00    0,00    0,00    0,00    0,00    0,00    0,00    0,00  100,00
11:30:38      14    0,00    0,00    0,00    0,00    0,00    0,00    0,00    0,00    0,00  100,00
11:30:38      15    0,00    0,00    0,00    0,00    0,00    0,00    0,00    0,00    0,00  100,00
11:30:38      16    0,00    0,00    0,00    0,00    0,00    0,00    0,00    0,00    0,00  100,00
11:30:38      17    0,00    0,00    0,00    0,00    0,00    0,00    0,00    0,00    0,00  100,00
11:30:38      18    0,00    0,00    0,00    0,00    0,00    0,00    0,00    0,00    0,00  100,00
11:30:38      19    0,00    0,00    1,00    0,00    0,00    0,00    0,00    0,00    0,00   99,00
11:30:38      20    0,00    0,00    0,00    0,00    0,00    0,00    0,00    0,00    0,00  100,00
11:30:38      21    0,00    0,00    0,00    0,00    0,00    0,00    0,00    0,00    0,00  100,00
11:30:38      22    0,00    0,00    0,00    0,00    0,00  100,00    0,00    0,00    0,00    0,00
11:30:38      23    0,00    0,00    0,00    0,00    0,00  100,00    0,00    0,00    0,00    0,00

11:30:38     CPU    %usr   %nice    %sys %iowait    %irq   %soft  %steal  %guest  %gnice   %idle
11:30:39     all    0,00    0,00    0,04    0,00    0,00   16,68    0,00    0,00    0,00   83,28
11:30:39       0    0,00    0,00    0,00    0,00    0,00    0,00    0,00    0,00    0,00  100,00
11:30:39       1    0,00    0,00    0,00    0,00    0,00    0,00    0,00    0,00    0,00  100,00
11:30:39       2    0,00    0,00    0,00    0,00    0,00    0,00    0,00    0,00    0,00  100,00
11:30:39       3    0,00    0,00    0,00    0,00    0,00    0,00    0,00    0,00    0,00  100,00
11:30:39       4    0,00    0,00    0,00    0,00    0,00    0,00    0,00    0,00    0,00  100,00
11:30:39       5    0,00    0,00    0,00    0,00    0,00    0,00    0,00    0,00    0,00  100,00
11:30:39       6    0,00    0,00    0,00    0,00    0,00    0,00    0,00    0,00    0,00  100,00
11:30:39       7    0,00    0,00    0,00    0,00    0,00    0,00    0,00    0,00    0,00  100,00
11:30:39       8    0,00    0,00    0,00    0,00    0,00  100,00    0,00    0,00    0,00    0,00
11:30:39       9    0,00    0,00    0,00    0,00    0,00  100,00    0,00    0,00    0,00    0,00
11:30:39      10    0,00    0,00    0,00    0,00    0,00    0,00    0,00    0,00    0,00  100,00
11:30:39      11    0,00    0,00    0,00    0,00    0,00    0,00    0,00    0,00    0,00  100,00
11:30:39      12    0,00    0,00    0,00    0,00    0,00    0,00    0,00    0,00    0,00  100,00
11:30:39      13    0,00    0,00    0,00    0,00    0,00    0,00    0,00    0,00    0,00  100,00
11:30:39      14    0,00    0,00    0,00    0,00    0,00    0,00    0,00    0,00    0,00  100,00
11:30:39      15    0,00    0,00    0,00    0,00    0,00    0,00    0,00    0,00    0,00  100,00
11:30:39      16    0,00    0,00    0,00    0,00    0,00    0,00    0,00    0,00    0,00  100,00
11:30:39      17    0,00    0,00    0,99    0,00    0,00    0,00    0,00    0,00    0,00   99,01
11:30:39      18    0,00    0,00    0,00    0,00    0,00    0,00    0,00    0,00    0,00  100,00
11:30:39      19    0,00    0,00    0,00    0,00    0,00    0,00    0,00    0,00    0,00  100,00
11:30:39      20    0,00    0,00    0,00    0,00    0,00    0,00    0,00    0,00    0,00  100,00
11:30:39      21    0,00    0,00    0,00    0,00    0,00    0,00    0,00    0,00    0,00  100,00
11:30:39      22    0,00    0,00    0,00    0,00    0,00  100,00    0,00    0,00    0,00    0,00
11:30:39      23    0,00    0,00    0,00    0,00    0,00  100,00    0,00    0,00    0,00    0,00

11:30:39     CPU    %usr   %nice    %sys %iowait    %irq   %soft  %steal  %guest  %gnice   %idle
11:30:40     all    0,17    0,00    0,08    0,00    0,00   16,62    0,00    0,00    0,00   83,13
11:30:40       0    1,00    0,00    1,00    0,00    0,00    0,00    0,00    0,00    0,00   98,00
11:30:40       1    0,00    0,00    0,00    0,00    0,00    0,00    0,00    0,00    0,00  100,00
11:30:40       2    0,00    0,00    0,00    0,00    0,00    0,00    0,00    0,00    0,00  100,00
11:30:40       3    0,00    0,00    0,00    0,00    0,00    0,00    0,00    0,00    0,00  100,00
11:30:40       4    0,00    0,00    0,00    0,00    0,00    0,00    0,00    0,00    0,00  100,00
11:30:40       5    0,00    0,00    0,00    0,00    0,00    0,00    0,00    0,00    0,00  100,00
11:30:40       6    0,00    0,00    0,00    0,00    0,00    0,00    0,00    0,00    0,00  100,00
11:30:40       7    0,00    0,00    0,00    0,00    0,00    0,00    0,00    0,00    0,00  100,00
11:30:40       8    0,00    0,00    0,00    0,00    0,00  100,00    0,00    0,00    0,00    0,00
11:30:40       9    0,00    0,00    0,00    0,00    0,00  100,00    0,00    0,00    0,00    0,00
11:30:40      10    0,00    0,00    0,00    0,00    0,00    0,00    0,00    0,00    0,00  100,00
11:30:40      11    0,00    0,00    0,00    0,00    0,00    0,00    0,00    0,00    0,00  100,00
11:30:40      12    0,00    0,00    0,00    0,00    0,00    0,00    0,00    0,00    0,00  100,00
11:30:40      13    0,00    0,00    0,00    0,00    0,00    0,00    0,00    0,00    0,00  100,00
11:30:40      14    0,00    0,00    0,00    0,00    0,00    0,00    0,00    0,00    0,00  100,00
11:30:40      15    0,00    0,00    0,00    0,00    0,00    0,00    0,00    0,00    0,00  100,00
11:30:40      16    0,00    0,00    0,00    0,00    0,00    0,00    0,00    0,00    0,00  100,00
11:30:40      17    0,99    0,00    0,00    0,00    0,00    0,00    0,00    0,00    0,00   99,01
11:30:40      18    0,00    0,00    0,00    0,00    0,00    0,00    0,00    0,00    0,00  100,00
11:30:40      19    0,98    0,00    0,98    0,00    0,00    0,00    0,00    0,00    0,00   98,04
11:30:40      20    0,00    0,00    0,00    0,00    0,00    0,00    0,00    0,00    0,00  100,00
11:30:40      21    0,99    0,00    0,00    0,00    0,00    0,00    0,00    0,00    0,00   99,01
11:30:40      22    0,00    0,00    0,00    0,00    0,00  100,00    0,00    0,00    0,00    0,00
11:30:40      23    0,00    0,00    0,00    0,00    0,00  100,00    0,00    0,00    0,00    0,00

11:30:40     CPU    %usr   %nice    %sys %iowait    %irq   %soft  %steal  %guest  %gnice   %idle
11:30:41     all    0,04    0,00    0,00    0,12    0,00   16,67    0,00    0,00    0,00   83,17
11:30:41       0    0,00    0,00    0,00    0,00    0,00    0,00    0,00    0,00    0,00  100,00
11:30:41       1    0,00    0,00    0,00    0,00    0,00    0,00    0,00    0,00    0,00  100,00
11:30:41       2    0,00    0,00    0,00    0,00    0,00    0,00    0,00    0,00    0,00  100,00
11:30:41       3    0,00    0,00    0,00    0,00    0,00    0,00    0,00    0,00    0,00  100,00
11:30:41       4    0,00    0,00    0,00    0,00    0,00    0,00    0,00    0,00    0,00  100,00
11:30:41       5    0,00    0,00    0,00    0,00    0,00    0,00    0,00    0,00    0,00  100,00
11:30:41       6    0,00    0,00    0,00    0,00    0,00    0,00    0,00    0,00    0,00  100,00
11:30:41       7    0,00    0,00    0,00    0,00    0,00    0,00    0,00    0,00    0,00  100,00
11:30:41       8    0,00    0,00    0,00    0,00    0,00  100,00    0,00    0,00    0,00    0,00
11:30:41       9    0,00    0,00    0,00    0,00    0,00  100,00    0,00    0,00    0,00    0,00
11:30:41      10    0,00    0,00    0,00    0,00    0,00    0,00    0,00    0,00    0,00  100,00
11:30:41      11    0,00    0,00    0,00    0,00    0,00    0,00    0,00    0,00    0,00  100,00
11:30:41      12    0,00    0,00    0,00    1,00    0,00    0,00    0,00    0,00    0,00   99,00
11:30:41      13    0,00    0,00    0,00    0,00    0,00    0,00    0,00    0,00    0,00  100,00
11:30:41      14    0,00    0,00    0,00    0,00    0,00    0,00    0,00    0,00    0,00  100,00
11:30:41      15    0,00    0,00    0,00    0,00    0,00    0,00    0,00    0,00    0,00  100,00
11:30:41      16    0,00    0,00    0,00    0,00    0,00    0,00    0,00    0,00    0,00  100,00
11:30:41      17    0,00    0,00    0,00    2,00    0,00    0,00    0,00    0,00    0,00   98,00
11:30:41      18    0,00    0,00    0,00    0,00    0,00    0,00    0,00    0,00    0,00  100,00
11:30:41      19    0,00    0,00    0,00    0,00    0,00    0,00    0,00    0,00    0,00  100,00
11:30:41      20    0,99    0,00    0,00    0,00    0,00    0,00    0,00    0,00    0,00   99,01
11:30:41      21    0,00    0,00    0,00    0,00    0,00    0,00    0,00    0,00    0,00  100,00
11:30:41      22    0,00    0,00    0,00    0,00    0,00  100,00    0,00    0,00    0,00    0,00
11:30:41      23    0,00    0,00    0,00    0,00    0,00  100,00    0,00    0,00    0,00    0,00

11:30:41     CPU    %usr   %nice    %sys %iowait    %irq   %soft  %steal  %guest  %gnice   %idle
11:30:42     all    0,04    0,00    0,13    0,04    0,00   16,71    0,00    0,00    0,00   83,08
11:30:42       0    0,00    0,00    0,00    0,00    0,00    0,00    0,00    0,00    0,00  100,00
11:30:42       1    0,00    0,00    0,00    0,00    0,00    0,00    0,00    0,00    0,00  100,00
11:30:42       2    0,00    0,00    0,00    0,00    0,00    0,00    0,00    0,00    0,00  100,00
11:30:42       3    0,00    0,00    0,00    0,00    0,00    0,00    0,00    0,00    0,00  100,00
11:30:42       4    0,00    0,00    0,99    0,00    0,00    0,00    0,00    0,00    0,00   99,01
11:30:42       5    0,00    0,00    0,00    0,00    0,00    0,00    0,00    0,00    0,00  100,00
11:30:42       6    0,00    0,00    0,00    0,00    0,00    0,00    0,00    0,00    0,00  100,00
11:30:42       7    0,00    0,00    0,00    0,00    0,00    0,00    0,00    0,00    0,00  100,00
11:30:42       8    0,00    0,00    0,00    0,00    0,00  100,00    0,00    0,00    0,00    0,00
11:30:42       9    0,00    0,00    0,00    0,00    0,00  100,00    0,00    0,00    0,00    0,00
11:30:42      10    0,00    0,00    0,00    1,00    0,00    0,00    0,00    0,00    0,00   99,00
11:30:42      11    0,00    0,00    0,00    0,00    0,00    0,00    0,00    0,00    0,00  100,00
11:30:42      12    0,00    0,00    0,00    0,00    0,00    0,00    0,00    0,00    0,00  100,00
11:30:42      13    0,00    0,00    0,00    0,00    0,00    0,00    0,00    0,00    0,00  100,00
11:30:42      14    0,00    0,00    0,00    0,00    0,00    0,00    0,00    0,00    0,00  100,00
11:30:42      15    0,00    0,00    0,00    0,00    0,00    0,00    0,00    0,00    0,00  100,00
11:30:42      16    1,00    0,00    2,00    0,00    0,00    0,00    0,00    0,00    0,00   97,00
11:30:42      17    0,00    0,00    0,00    0,00    0,00    0,00    0,00    0,00    0,00  100,00
11:30:42      18    0,00    0,00    0,00    0,00    0,00    0,00    0,00    0,00    0,00  100,00
11:30:42      19    0,00    0,00    0,00    0,00    0,00    0,00    0,00    0,00    0,00  100,00
11:30:42      20    0,00    0,00    0,00    0,00    0,00    0,00    0,00    0,00    0,00  100,00
11:30:42      21    0,00    0,00    0,00    0,00    0,00    0,00    0,00    0,00    0,00  100,00
11:30:42      22    0,00    0,00    0,00    0,00    0,00  100,00    0,00    0,00    0,00    0,00
11:30:42      23    0,00    0,00    0,00    0,00    0,00  100,00    0,00    0,00    0,00    0,00

11:30:42     CPU    %usr   %nice    %sys %iowait    %irq   %soft  %steal  %guest  %gnice   %idle
11:30:43     all    0,04    0,00    0,12    0,00    0,00   16,65    0,00    0,00    0,00   83,18
11:30:43       0    0,00    0,00    0,00    0,00    0,00    0,00    0,00    0,00    0,00  100,00
11:30:43       1    0,00    0,00    0,00    0,00    0,00    0,00    0,00    0,00    0,00  100,00
11:30:43       2    0,00    0,00    0,00    0,00    0,00    0,00    0,00    0,00    0,00  100,00
11:30:43       3    0,00    0,00    0,00    0,00    0,00    0,00    0,00    0,00    0,00  100,00
11:30:43       4    0,00    0,00    0,00    0,00    0,00    0,00    0,00    0,00    0,00  100,00
11:30:43       5    0,00    0,00    0,00    0,00    0,00    0,00    0,00    0,00    0,00  100,00
11:30:43       6    0,00    0,00    0,00    0,00    0,00    0,00    0,00    0,00    0,00  100,00
11:30:43       7    0,00    0,00    0,00    0,00    0,00    0,00    0,00    0,00    0,00  100,00
11:30:43       8    0,00    0,00    0,00    0,00    0,00  100,00    0,00    0,00    0,00    0,00
11:30:43       9    0,00    0,00    0,00    0,00    0,00  100,00    0,00    0,00    0,00    0,00
11:30:43      10    0,00    0,00    0,00    0,00    0,00    0,00    0,00    0,00    0,00  100,00
11:30:43      11    0,00    0,00    0,00    0,00    0,00    0,00    0,00    0,00    0,00  100,00
11:30:43      12    0,00    0,00    0,00    0,00    0,00    0,00    0,00    0,00    0,00  100,00
11:30:43      13    0,00    0,00    0,00    0,00    0,00    0,00    0,00    0,00    0,00  100,00
11:30:43      14    0,00    0,00    0,00    0,00    0,00    0,00    0,00    0,00    0,00  100,00
11:30:43      15    0,00    0,00    0,00    0,00    0,00    0,00    0,00    0,00    0,00  100,00
11:30:43      16    0,00    0,00    0,00    0,00    0,00    0,00    0,00    0,00    0,00  100,00
11:30:43      17    0,00    0,00    0,00    0,00    0,00    0,00    0,00    0,00    0,00  100,00
11:30:43      18    0,99    0,00    0,99    0,00    0,00    0,00    0,00    0,00    0,00   98,02
11:30:43      19    0,00    0,00    0,99    0,00    0,00    0,00    0,00    0,00    0,00   99,01
11:30:43      20    0,00    0,00    0,99    0,00    0,00    0,00    0,00    0,00    0,00   99,01
11:30:43      21    0,00    0,00    0,00    0,00    0,00    0,00    0,00    0,00    0,00  100,00
11:30:43      22    0,00    0,00    0,00    0,00    0,00  100,00    0,00    0,00    0,00    0,00
11:30:43      23    0,00    0,00    0,00    0,00    0,00  100,00    0,00    0,00    0,00    0,00

11:30:43     CPU    %usr   %nice    %sys %iowait    %irq   %soft  %steal  %guest  %gnice   %idle
11:30:44     all    1,38    0,00    0,75    0,00    0,00   16,69    0,00    0,00    0,00   81,18
11:30:44       0    3,03    0,00    2,02    0,00    0,00    0,00    0,00    0,00    0,00   94,95
11:30:44       1    0,00    0,00    0,00    0,00    0,00    0,00    0,00    0,00    0,00  100,00
11:30:44       2    0,00    0,00    1,01    0,00    0,00    0,00    0,00    0,00    0,00   98,99
11:30:44       3    0,00    0,00    0,00    0,00    0,00    0,00    0,00    0,00    0,00  100,00
11:30:44       4    0,00    0,00    0,00    0,00    0,00    0,00    0,00    0,00    0,00  100,00
11:30:44       5    0,00    0,00    0,00    0,00    0,00    0,00    0,00    0,00    0,00  100,00
11:30:44       6    0,00    0,00    0,00    0,00    0,00    0,00    0,00    0,00    0,00  100,00
11:30:44       7    0,00    0,00    0,00    0,00    0,00    0,00    0,00    0,00    0,00  100,00
11:30:44       8    0,00    0,00    0,00    0,00    0,00  100,00    0,00    0,00    0,00    0,00
11:30:44       9    0,00    0,00    0,00    0,00    0,00  100,00    0,00    0,00    0,00    0,00
11:30:44      10    8,00    0,00    1,00    0,00    0,00    0,00    0,00    0,00    0,00   91,00
11:30:44      11    0,00    0,00    0,00    0,00    0,00    0,00    0,00    0,00    0,00  100,00
11:30:44      12    0,00    0,00    0,00    0,00    0,00    0,00    0,00    0,00    0,00  100,00
11:30:44      13    0,00    0,00    0,00    0,00    0,00    0,00    0,00    0,00    0,00  100,00
11:30:44      14    0,00    0,00    0,00    0,00    0,00    0,00    0,00    0,00    0,00  100,00
11:30:44      15    0,00    0,00    0,00    0,00    0,00    0,00    0,00    0,00    0,00  100,00
11:30:44      16    2,97    0,00    2,97    0,00    0,00    0,00    0,00    0,00    0,00   94,06
11:30:44      17    3,00    0,00    2,00    0,00    0,00    0,00    0,00    0,00    0,00   95,00
11:30:44      18    3,00    0,00    3,00    0,00    0,00    0,00    0,00    0,00    0,00   94,00
11:30:44      19   13,00    0,00    6,00    0,00    0,00    0,00    0,00    0,00    0,00   81,00
11:30:44      20    0,00    0,00    0,00    0,00    0,00    0,00    0,00    0,00    0,00  100,00
11:30:44      21    0,00    0,00    0,00    0,00    0,00    0,00    0,00    0,00    0,00  100,00
11:30:44      22    0,00    0,00    0,00    0,00    0,00  100,00    0,00    0,00    0,00    0,00
11:30:44      23    0,00    0,00    0,00    0,00    0,00  100,00    0,00    0,00    0,00    0,00
