Linux 6.8.0-111-generic (testbed-node6) 	05/05/26 	_x86_64_	(24 CPU)

15:55:04     CPU    %usr   %nice    %sys %iowait    %irq   %soft  %steal  %guest  %gnice   %idle
15:55:05     all    0,54    0,00    0,33    0,00    0,00    0,00    0,00    0,00    0,00   99,13
15:55:05       0    0,00    0,00    0,00    0,00    0,00    0,00    0,00    0,00    0,00  100,00
15:55:05       1    0,00    0,00    0,00    0,00    0,00    0,00    0,00    0,00    0,00  100,00
15:55:05       2    0,00    0,00    0,00    0,00    0,00    0,00    0,00    0,00    0,00  100,00
15:55:05       3    0,00    0,00    0,00    0,00    0,00    0,00    0,00    0,00    0,00  100,00
15:55:05       4    0,00    0,00    0,00    0,00    0,00    0,00    0,00    0,00    0,00  100,00
15:55:05       5    0,00    0,00    0,00    0,00    0,00    0,00    0,00    0,00    0,00  100,00
15:55:05       6    0,00    0,00    0,00    0,00    0,00    0,00    0,00    0,00    0,00  100,00
15:55:05       7    0,00    0,00    0,00    0,00    0,00    0,00    0,00    0,00    0,00  100,00
15:55:05       8    7,92    0,00    1,98    0,00    0,00    0,00    0,00    0,00    0,00   90,10
15:55:05       9    0,99    0,00    0,99    0,00    0,00    0,00    0,00    0,00    0,00   98,02
15:55:05      10    0,00    0,00    0,00    0,00    0,00    0,00    0,00    0,00    0,00  100,00
15:55:05      11    0,00    0,00    0,00    0,00    0,00    0,00    0,00    0,00    0,00  100,00
15:55:05      12    0,99    0,00    0,99    0,00    0,00    0,00    0,00    0,00    0,00   98,02
15:55:05      13    0,00    0,00    0,00    0,00    0,00    0,00    0,00    0,00    0,00  100,00
15:55:05      14    0,00    0,00    0,00    0,00    0,00    0,00    0,00    0,00    0,00  100,00
15:55:05      15    0,00    0,00    0,00    0,00    0,00    0,00    0,00    0,00    0,00  100,00
15:55:05      16    0,00    0,00    0,00    0,00    0,00    0,00    0,00    0,00    0,00  100,00
15:55:05      17    0,99    0,00    0,99    0,00    0,00    0,00    0,00    0,00    0,00   98,02
15:55:05      18    1,00    0,00    0,00    0,00    0,00    0,00    0,00    0,00    0,00   99,00
15:55:05      19    0,00    0,00    0,00    0,00    0,00    0,00    0,00    0,00    0,00  100,00
15:55:05      20    0,00    0,00    1,00    0,00    0,00    0,00    0,00    0,00    0,00   99,00
15:55:05      21    0,99    0,00    0,99    0,00    0,00    0,00    0,00    0,00    0,00   98,02
15:55:05      22    0,00    0,00    1,00    0,00    0,00    0,00    0,00    0,00    0,00   99,00
15:55:05      23    0,00    0,00    0,00    0,00    0,00    0,00    0,00    0,00    0,00  100,00

15:55:05     CPU    %usr   %nice    %sys %iowait    %irq   %soft  %steal  %guest  %gnice   %idle
15:55:06     all    0,29    0,00    0,12    0,00    0,00    0,00    0,00    0,00    0,00   99,58
15:55:06       0    0,00    0,00    0,00    0,00    0,00    0,00    0,00    0,00    0,00  100,00
15:55:06       1    0,00    0,00    0,00    0,00    0,00    0,00    0,00    0,00    0,00  100,00
15:55:06       2    0,00    0,00    0,00    0,00    0,00    0,00    0,00    0,00    0,00  100,00
15:55:06       3    0,00    0,00    0,00    0,00    0,00    0,00    0,00    0,00    0,00  100,00
15:55:06       4    0,00    0,00    0,00    0,00    0,00    0,00    0,00    0,00    0,00  100,00
15:55:06       5    0,00    0,00    0,00    0,00    0,00    0,00    0,00    0,00    0,00  100,00
15:55:06       6    0,00    0,00    0,00    0,00    0,00    0,00    0,00    0,00    0,00  100,00
15:55:06       7    0,00    0,00    0,00    0,00    0,00    0,00    0,00    0,00    0,00  100,00
15:55:06       8    3,00    0,00    1,00    0,00    0,00    0,00    0,00    0,00    0,00   96,00
15:55:06       9    0,98    0,00    0,98    0,00    0,00    0,00    0,00    0,00    0,00   98,04
15:55:06      10    0,00    0,00    0,00    0,00    0,00    0,00    0,00    0,00    0,00  100,00
15:55:06      11    0,00    0,00    0,00    0,00    0,00    0,00    0,00    0,00    0,00  100,00
15:55:06      12    0,00    0,00    0,00    0,00    0,00    0,00    0,00    0,00    0,00  100,00
15:55:06      13    0,00    0,00    0,00    0,00    0,00    0,00    0,00    0,00    0,00  100,00
15:55:06      14    0,00    0,00    0,00    0,00    0,00    0,00    0,00    0,00    0,00  100,00
15:55:06      15    0,00    0,00    0,00    0,00    0,00    0,00    0,00    0,00    0,00  100,00
15:55:06      16    0,00    0,00    0,00    0,00    0,00    0,00    0,00    0,00    0,00  100,00
15:55:06      17    0,00    0,00    0,00    0,00    0,00    0,00    0,00    0,00    0,00  100,00
15:55:06      18    0,00    0,00    0,00    0,00    0,00    0,00    0,00    0,00    0,00  100,00
15:55:06      19    0,00    0,00    0,00    0,00    0,00    0,00    0,00    0,00    0,00  100,00
15:55:06      20    0,00    0,00    0,00    0,00    0,00    0,00    0,00    0,00    0,00  100,00
15:55:06      21    0,00    0,00    0,00    0,00    0,00    0,00    0,00    0,00    0,00  100,00
15:55:06      22    0,00    0,00    0,00    0,00    0,00    0,00    0,00    0,00    0,00  100,00
15:55:06      23    2,97    0,00    0,99    0,00    0,00    0,00    0,00    0,00    0,00   96,04

15:55:06     CPU    %usr   %nice    %sys %iowait    %irq   %soft  %steal  %guest  %gnice   %idle
15:55:07     all    1,17    0,00    0,54    0,00    0,00    0,00    0,00    0,00    0,00   98,29
15:55:07       0    0,99    0,00    0,00    0,00    0,00    0,00    0,00    0,00    0,00   99,01
15:55:07       1    0,00    0,00    0,00    0,00    0,00    0,00    0,00    0,00    0,00  100,00
15:55:07       2    0,99    0,00    0,99    0,00    0,00    0,00    0,00    0,00    0,00   98,02
15:55:07       3    0,00    0,00    0,00    0,00    0,00    0,00    0,00    0,00    0,00  100,00
15:55:07       4    7,07    0,00    0,00    0,00    0,00    0,00    0,00    0,00    0,00   92,93
15:55:07       5    0,00    0,00    0,00    0,00    0,00    0,00    0,00    0,00    0,00  100,00
15:55:07       6    0,00    0,00    0,00    0,00    0,00    0,00    0,00    0,00    0,00  100,00
15:55:07       7    0,00    0,00    0,00    0,00    0,00    0,00    0,00    0,00    0,00  100,00
15:55:07       8    3,96    0,00    1,98    0,00    0,00    0,00    0,00    0,00    0,00   94,06
15:55:07       9    2,97    0,00    1,98    0,00    0,00    0,00    0,00    0,00    0,00   95,05
15:55:07      10    0,00    0,00    0,00    0,00    0,00    0,00    0,00    0,00    0,00  100,00
15:55:07      11    0,00    0,00    0,00    0,00    0,00    0,00    0,00    0,00    0,00  100,00
15:55:07      12    0,00    0,00    0,00    0,00    0,00    0,00    0,00    0,00    0,00  100,00
15:55:07      13    0,00    0,00    0,00    0,00    0,00    0,00    0,00    0,00    0,00  100,00
15:55:07      14    0,00    0,00    0,00    0,00    0,00    0,00    0,00    0,00    0,00  100,00
15:55:07      15    0,00    0,00    0,00    0,00    0,00    0,00    0,00    0,00    0,00  100,00
15:55:07      16    1,00    0,00    1,00    0,00    0,00    0,00    0,00    0,00    0,00   98,00
15:55:07      17    1,01    0,00    1,01    0,00    0,00    0,00    0,00    0,00    0,00   97,98
15:55:07      18    2,00    0,00    2,00    0,00    0,00    0,00    0,00    0,00    0,00   96,00
15:55:07      19    1,01    0,00    1,01    0,00    0,00    0,00    0,00    0,00    0,00   97,98
15:55:07      20    2,00    0,00    0,00    0,00    0,00    0,00    0,00    0,00    0,00   98,00
15:55:07      21    0,99    0,00    1,98    0,00    0,00    0,00    0,00    0,00    0,00   97,03
15:55:07      22    1,00    0,00    0,00    0,00    0,00    0,00    0,00    0,00    0,00   99,00
15:55:07      23    3,00    0,00    1,00    0,00    0,00    0,00    0,00    0,00    0,00   96,00

15:55:07     CPU    %usr   %nice    %sys %iowait    %irq   %soft  %steal  %guest  %gnice   %idle
15:55:08     all    0,17    0,00    0,04    0,00    0,00    0,00    0,00    0,00    0,00   99,79
15:55:08       0    0,00    0,00    0,00    0,00    0,00    0,00    0,00    0,00    0,00  100,00
15:55:08       1    0,00    0,00    0,00    0,00    0,00    0,00    0,00    0,00    0,00  100,00
15:55:08       2    0,00    0,00    0,00    0,00    0,00    0,00    0,00    0,00    0,00  100,00
15:55:08       3    0,00    0,00    0,00    0,00    0,00    0,00    0,00    0,00    0,00  100,00
15:55:08       4    0,00    0,00    0,00    0,00    0,00    0,00    0,00    0,00    0,00  100,00
15:55:08       5    0,00    0,00    0,00    0,00    0,00    0,00    0,00    0,00    0,00  100,00
15:55:08       6    0,00    0,00    0,00    0,00    0,00    0,00    0,00    0,00    0,00  100,00
15:55:08       7    0,00    0,00    0,00    0,00    0,00    0,00    0,00    0,00    0,00  100,00
15:55:08       8    2,02    0,00    1,01    0,00    0,00    0,00    0,00    0,00    0,00   96,97
15:55:08       9    1,96    0,00    0,00    0,00    0,00    0,00    0,00    0,00    0,00   98,04
15:55:08      10    0,00    0,00    0,00    0,00    0,00    0,00    0,00    0,00    0,00  100,00
15:55:08      11    0,00    0,00    0,00    0,00    0,00    0,00    0,00    0,00    0,00  100,00
15:55:08      12    0,00    0,00    0,00    0,00    0,00    0,00    0,00    0,00    0,00  100,00
15:55:08      13    0,00    0,00    0,00    0,00    0,00    0,00    0,00    0,00    0,00  100,00
15:55:08      14    0,00    0,00    0,00    0,00    0,00    0,00    0,00    0,00    0,00  100,00
15:55:08      15    0,00    0,00    0,00    0,00    0,00    0,00    0,00    0,00    0,00  100,00
15:55:08      16    0,00    0,00    0,00    0,00    0,00    0,00    0,00    0,00    0,00  100,00
15:55:08      17    0,00    0,00    0,00    0,00    0,00    0,00    0,00    0,00    0,00  100,00
15:55:08      18    0,00    0,00    0,00    0,00    0,00    0,00    0,00    0,00    0,00  100,00
15:55:08      19    0,00    0,00    0,00    0,00    0,00    0,00    0,00    0,00    0,00  100,00
15:55:08      20    0,00    0,00    0,00    0,00    0,00    0,00    0,00    0,00    0,00  100,00
15:55:08      21    0,00    0,00    0,00    0,00    0,00    0,00    0,00    0,00    0,00  100,00
15:55:08      22    0,00    0,00    0,00    0,00    0,00    0,00    0,00    0,00    0,00  100,00
15:55:08      23    0,00    0,00    0,00    0,00    0,00    0,00    0,00    0,00    0,00  100,00

15:55:08     CPU    %usr   %nice    %sys %iowait    %irq   %soft  %steal  %guest  %gnice   %idle
15:55:09     all    0,17    0,00    0,04    0,08    0,00    0,00    0,00    0,00    0,00   99,71
15:55:09       0    0,00    0,00    0,00    0,00    0,00    0,00    0,00    0,00    0,00  100,00
15:55:09       1    0,00    0,00    0,00    0,00    0,00    0,00    0,00    0,00    0,00  100,00
15:55:09       2    0,00    0,00    0,00    1,01    0,00    0,00    0,00    0,00    0,00   98,99
15:55:09       3    0,00    0,00    0,00    0,00    0,00    0,00    0,00    0,00    0,00  100,00
15:55:09       4    0,00    0,00    0,00    0,00    0,00    0,00    0,00    0,00    0,00  100,00
15:55:09       5    0,00    0,00    0,00    0,00    0,00    0,00    0,00    0,00    0,00  100,00
15:55:09       6    0,00    0,00    0,00    0,00    0,00    0,00    0,00    0,00    0,00  100,00
15:55:09       7    0,00    0,00    0,00    0,00    0,00    0,00    0,00    0,00    0,00  100,00
15:55:09       8    2,00    0,00    1,00    0,00    0,00    0,00    0,00    0,00    0,00   97,00
15:55:09       9    1,96    0,00    0,00    0,00    0,00    0,00    0,00    0,00    0,00   98,04
15:55:09      10    0,00    0,00    0,00    0,00    0,00    0,00    0,00    0,00    0,00  100,00
15:55:09      11    0,00    0,00    0,00    0,00    0,00    0,00    0,00    0,00    0,00  100,00
15:55:09      12    0,00    0,00    0,00    0,00    0,00    0,00    0,00    0,00    0,00  100,00
15:55:09      13    0,00    0,00    0,00    0,00    0,00    0,00    0,00    0,00    0,00  100,00
15:55:09      14    0,00    0,00    0,00    1,00    0,00    0,00    0,00    0,00    0,00   99,00
15:55:09      15    0,00    0,00    0,00    0,00    0,00    0,00    0,00    0,00    0,00  100,00
15:55:09      16    0,00    0,00    0,00    0,00    0,00    0,00    0,00    0,00    0,00  100,00
15:55:09      17    0,00    0,00    0,00    0,00    0,00    0,00    0,00    0,00    0,00  100,00
15:55:09      18    0,00    0,00    0,00    0,00    0,00    0,00    0,00    0,00    0,00  100,00
15:55:09      19    0,00    0,00    0,00    0,00    0,00    0,00    0,00    0,00    0,00  100,00
15:55:09      20    0,00    0,00    0,00    0,00    0,00    0,00    0,00    0,00    0,00  100,00
15:55:09      21    0,00    0,00    0,00    0,00    0,00    0,00    0,00    0,00    0,00  100,00
15:55:09      22    0,00    0,00    0,00    0,00    0,00    0,00    0,00    0,00    0,00  100,00
15:55:09      23    0,00    0,00    0,00    0,00    0,00    0,00    0,00    0,00    0,00  100,00

15:55:09     CPU    %usr   %nice    %sys %iowait    %irq   %soft  %steal  %guest  %gnice   %idle
15:55:10     all    0,29    0,00    0,08    0,00    0,00    0,00    0,00    0,00    0,00   99,63
15:55:10       0    0,00    0,00    0,00    0,00    0,00    0,00    0,00    0,00    0,00  100,00
15:55:10       1    0,00    0,00    0,00    0,00    0,00    0,00    0,00    0,00    0,00  100,00
15:55:10       2    0,00    0,00    0,00    0,00    0,00    0,00    0,00    0,00    0,00  100,00
15:55:10       3    0,00    0,00    0,99    0,00    0,00    0,00    0,00    0,00    0,00   99,01
15:55:10       4    0,99    0,00    0,00    0,00    0,00    0,00    0,00    0,00    0,00   99,01
15:55:10       5    0,00    0,00    0,00    0,00    0,00    0,00    0,00    0,00    0,00  100,00
15:55:10       6    0,00    0,00    0,00    0,00    0,00    0,00    0,00    0,00    0,00  100,00
15:55:10       7    0,00    0,00    0,00    0,00    0,00    0,00    0,00    0,00    0,00  100,00
15:55:10       8    3,00    0,00    1,00    0,00    0,00    0,00    0,00    0,00    0,00   96,00
15:55:10       9    1,98    0,00    0,00    0,00    0,00    0,00    0,00    0,00    0,00   98,02
15:55:10      10    0,00    0,00    0,00    0,00    0,00    0,00    0,00    0,00    0,00  100,00
15:55:10      11    0,00    0,00    0,00    0,00    0,00    0,00    0,00    0,00    0,00  100,00
15:55:10      12    0,00    0,00    0,00    0,00    0,00    0,00    0,00    0,00    0,00  100,00
15:55:10      13    0,00    0,00    0,00    0,00    0,00    0,00    0,00    0,00    0,00  100,00
15:55:10      14    0,00    0,00    0,00    0,00    0,00    0,00    0,00    0,00    0,00  100,00
15:55:10      15    0,00    0,00    0,00    0,00    0,00    0,00    0,00    0,00    0,00  100,00
15:55:10      16    0,00    0,00    0,00    0,00    0,00    0,00    0,00    0,00    0,00  100,00
15:55:10      17    1,00    0,00    0,00    0,00    0,00    0,00    0,00    0,00    0,00   99,00
15:55:10      18    0,00    0,00    0,00    0,00    0,00    0,00    0,00    0,00    0,00  100,00
15:55:10      19    0,00    0,00    0,00    0,00    0,00    0,00    0,00    0,00    0,00  100,00
15:55:10      20    0,00    0,00    0,00    0,00    0,00    0,00    0,00    0,00    0,00  100,00
15:55:10      21    0,00    0,00    0,00    0,00    0,00    0,00    0,00    0,00    0,00  100,00
15:55:10      22    0,00    0,00    0,00    0,00    0,00    0,00    0,00    0,00    0,00  100,00
15:55:10      23    0,00    0,00    0,00    0,00    0,00    0,00    0,00    0,00    0,00  100,00

15:55:10     CPU    %usr   %nice    %sys %iowait    %irq   %soft  %steal  %guest  %gnice   %idle
15:55:11     all    0,21    0,00    0,08    0,00    0,00    0,00    0,00    0,00    0,00   99,71
15:55:11       0    0,00    0,00    0,00    0,00    0,00    0,00    0,00    0,00    0,00  100,00
15:55:11       1    0,00    0,00    0,00    0,00    0,00    0,00    0,00    0,00    0,00  100,00
15:55:11       2    0,99    0,00    0,00    0,00    0,00    0,00    0,00    0,00    0,00   99,01
15:55:11       3    0,00    0,00    0,00    0,00    0,00    0,00    0,00    0,00    0,00  100,00
15:55:11       4    0,00    0,00    0,00    0,00    0,00    0,00    0,00    0,00    0,00  100,00
15:55:11       5    0,00    0,00    0,00    0,00    0,00    0,00    0,00    0,00    0,00  100,00
15:55:11       6    0,00    0,00    0,00    0,00    0,00    0,00    0,00    0,00    0,00  100,00
15:55:11       7    0,00    0,00    0,00    0,00    0,00    0,00    0,00    0,00    0,00  100,00
15:55:11       8    2,00    0,00    1,00    0,00    0,00    0,00    0,00    0,00    0,00   97,00
15:55:11       9    1,94    0,00    0,97    0,00    0,00    0,00    0,00    0,00    0,00   97,09
15:55:11      10    0,00    0,00    0,00    0,00    0,00    0,00    0,00    0,00    0,00  100,00
15:55:11      11    0,00    0,00    0,00    0,00    0,00    0,00    0,00    0,00    0,00  100,00
15:55:11      12    0,00    0,00    0,00    0,00    0,00    0,00    0,00    0,00    0,00  100,00
15:55:11      13    0,00    0,00    0,00    0,00    0,00    0,00    0,00    0,00    0,00  100,00
15:55:11      14    0,00    0,00    0,00    0,00    0,00    0,00    0,00    0,00    0,00  100,00
15:55:11      15    0,00    0,00    0,00    0,00    0,00    0,00    0,00    0,00    0,00  100,00
15:55:11      16    0,00    0,00    0,00    0,00    0,00    0,00    0,00    0,00    0,00  100,00
15:55:11      17    0,00    0,00    0,00    0,00    0,00    0,00    0,00    0,00    0,00  100,00
15:55:11      18    0,00    0,00    0,00    0,00    0,00    0,00    0,00    0,00    0,00  100,00
15:55:11      19    0,00    0,00    0,00    0,00    0,00    0,00    0,00    0,00    0,00  100,00
15:55:11      20    0,00    0,00    0,00    0,00    0,00    0,00    0,00    0,00    0,00  100,00
15:55:11      21    0,00    0,00    0,00    0,00    0,00    0,00    0,00    0,00    0,00  100,00
15:55:11      22    0,00    0,00    0,00    0,00    0,00    0,00    0,00    0,00    0,00  100,00
15:55:11      23    0,00    0,00    0,00    0,00    0,00    0,00    0,00    0,00    0,00  100,00

15:55:11     CPU    %usr   %nice    %sys %iowait    %irq   %soft  %steal  %guest  %gnice   %idle
15:55:12     all    0,54    0,00    0,12    0,00    0,00    0,00    0,00    0,00    0,00   99,33
15:55:12       0    0,00    0,00    0,00    0,00    0,00    0,00    0,00    0,00    0,00  100,00
15:55:12       1    0,00    0,00    0,00    0,00    0,00    0,00    0,00    0,00    0,00  100,00
15:55:12       2    0,00    0,00    0,00    0,00    0,00    0,00    0,00    0,00    0,00  100,00
15:55:12       3    0,00    0,00    0,00    0,00    0,00    0,00    0,00    0,00    0,00  100,00
15:55:12       4    0,00    0,00    0,00    0,00    0,00    0,00    0,00    0,00    0,00  100,00
15:55:12       5    0,00    0,00    0,00    0,00    0,00    0,00    0,00    0,00    0,00  100,00
15:55:12       6    0,00    0,00    0,00    0,00    0,00    0,00    0,00    0,00    0,00  100,00
15:55:12       7    0,00    0,00    0,00    0,00    0,00    0,00    0,00    0,00    0,00  100,00
15:55:12       8    2,97    0,00    1,98    0,00    0,00    0,00    0,00    0,00    0,00   95,05
15:55:12       9    1,96    0,00    0,00    0,00    0,00    0,00    0,00    0,00    0,00   98,04
15:55:12      10    6,00    0,00    0,00    0,00    0,00    0,00    0,00    0,00    0,00   94,00
15:55:12      11    0,00    0,00    0,00    0,00    0,00    0,00    0,00    0,00    0,00  100,00
15:55:12      12    0,99    0,00    0,00    0,00    0,00    0,00    0,00    0,00    0,00   99,01
15:55:12      13    0,00    0,00    0,00    0,00    0,00    0,00    0,00    0,00    0,00  100,00
15:55:12      14    0,00    0,00    0,00    0,00    0,00    0,00    0,00    0,00    0,00  100,00
15:55:12      15    0,00    0,00    0,00    0,00    0,00    0,00    0,00    0,00    0,00  100,00
15:55:12      16    0,00    0,00    0,00    0,00    0,00    0,00    0,00    0,00    0,00  100,00
15:55:12      17    0,00    0,00    0,00    0,00    0,00    0,00    0,00    0,00    0,00  100,00
15:55:12      18    0,99    0,00    0,00    0,00    0,00    0,00    0,00    0,00    0,00   99,01
15:55:12      19    0,00    0,00    0,99    0,00    0,00    0,00    0,00    0,00    0,00   99,01
15:55:12      20    0,00    0,00    0,00    0,00    0,00    0,00    0,00    0,00    0,00  100,00
15:55:12      21    0,00    0,00    0,00    0,00    0,00    0,00    0,00    0,00    0,00  100,00
15:55:12      22    0,00    0,00    0,00    0,00    0,00    0,00    0,00    0,00    0,00  100,00
15:55:12      23    0,00    0,00    0,00    0,00    0,00    0,00    0,00    0,00    0,00  100,00

15:55:12     CPU    %usr   %nice    %sys %iowait    %irq   %soft  %steal  %guest  %gnice   %idle
15:55:13     all    0,25    0,00    0,04    0,00    0,00    0,00    0,00    0,00    0,00   99,71
15:55:13       0    0,00    0,00    0,00    0,00    0,00    0,00    0,00    0,00    0,00  100,00
15:55:13       1    0,00    0,00    0,00    0,00    0,00    0,00    0,00    0,00    0,00  100,00
15:55:13       2    0,00    0,00    0,00    0,00    0,00    0,00    0,00    0,00    0,00  100,00
15:55:13       3    0,00    0,00    0,00    0,00    0,00    0,00    0,00    0,00    0,00  100,00
15:55:13       4    0,00    0,00    0,00    0,00    0,00    0,00    0,00    0,00    0,00  100,00
15:55:13       5    0,00    0,00    0,00    0,00    0,00    0,00    0,00    0,00    0,00  100,00
15:55:13       6    0,99    0,00    0,00    0,00    0,00    0,00    0,00    0,00    0,00   99,01
15:55:13       7    0,00    0,00    0,00    0,00    0,00    0,00    0,00    0,00    0,00  100,00
15:55:13       8    2,00    0,00    1,00    0,00    0,00    0,00    0,00    0,00    0,00   97,00
15:55:13       9    2,94    0,00    0,00    0,00    0,00    0,00    0,00    0,00    0,00   97,06
15:55:13      10    0,00    0,00    0,00    0,00    0,00    0,00    0,00    0,00    0,00  100,00
15:55:13      11    0,00    0,00    0,00    0,00    0,00    0,00    0,00    0,00    0,00  100,00
15:55:13      12    0,00    0,00    0,00    0,00    0,00    0,00    0,00    0,00    0,00  100,00
15:55:13      13    0,00    0,00    0,00    0,00    0,00    0,00    0,00    0,00    0,00  100,00
15:55:13      14    0,00    0,00    0,00    0,00    0,00    0,00    0,00    0,00    0,00  100,00
15:55:13      15    0,00    0,00    0,00    0,00    0,00    0,00    0,00    0,00    0,00  100,00
15:55:13      16    0,00    0,00    0,00    0,00    0,00    0,00    0,00    0,00    0,00  100,00
15:55:13      17    0,00    0,00    0,00    0,00    0,00    0,00    0,00    0,00    0,00  100,00
15:55:13      18    0,00    0,00    0,00    0,00    0,00    0,00    0,00    0,00    0,00  100,00
15:55:13      19    0,00    0,00    0,00    0,00    0,00    0,00    0,00    0,00    0,00  100,00
15:55:13      20    0,00    0,00    0,00    0,00    0,00    0,00    0,00    0,00    0,00  100,00
15:55:13      21    0,00    0,00    0,00    0,00    0,00    0,00    0,00    0,00    0,00  100,00
15:55:13      22    0,00    0,00    0,00    0,00    0,00    0,00    0,00    0,00    0,00  100,00
15:55:13      23    0,00    0,00    0,00    0,00    0,00    0,00    0,00    0,00    0,00  100,00

15:55:13     CPU    %usr   %nice    %sys %iowait    %irq   %soft  %steal  %guest  %gnice   %idle
15:55:14     all    0,21    0,00    0,25    0,13    0,00    0,00    0,00    0,00    0,00   99,42
15:55:14       0    0,00    0,00    0,00    0,00    0,00    0,00    0,00    0,00    0,00  100,00
15:55:14       1    0,00    0,00    0,00    0,00    0,00    0,00    0,00    0,00    0,00  100,00
15:55:14       2    0,00    0,00    0,00    2,00    0,00    0,00    0,00    0,00    0,00   98,00
15:55:14       3    0,00    0,00    0,00    0,00    0,00    0,00    0,00    0,00    0,00  100,00
15:55:14       4    0,00    0,00    0,00    0,00    0,00    0,00    0,00    0,00    0,00  100,00
15:55:14       5    0,00    0,00    0,00    0,00    0,00    0,00    0,00    0,00    0,00  100,00
15:55:14       6    0,00    0,00    0,00    0,00    0,00    0,00    0,00    0,00    0,00  100,00
15:55:14       7    0,00    0,00    0,00    0,00    0,00    0,00    0,00    0,00    0,00  100,00
15:55:14       8    3,00    0,00    1,00    0,00    0,00    0,00    0,00    0,00    0,00   96,00
15:55:14       9    1,96    0,00    0,00    0,00    0,00    0,00    0,00    0,00    0,00   98,04
15:55:14      10    0,00    0,00    0,00    0,00    0,00    0,00    0,00    0,00    0,00  100,00
15:55:14      11    0,00    0,00    0,99    0,00    0,00    0,00    0,00    0,00    0,00   99,01
15:55:14      12    0,00    0,00    0,00    0,00    0,00    0,00    0,00    0,00    0,00  100,00
15:55:14      13    0,00    0,00    0,00    0,00    0,00    0,00    0,00    0,00    0,00  100,00
15:55:14      14    0,00    0,00    0,00    1,00    0,00    0,00    0,00    0,00    0,00   99,00
15:55:14      15    0,00    0,00    0,00    0,00    0,00    0,00    0,00    0,00    0,00  100,00
15:55:14      16    0,00    0,00    0,00    0,00    0,00    0,00    0,00    0,00    0,00  100,00
15:55:14      17    0,00    0,00    1,00    0,00    0,00    0,00    0,00    0,00    0,00   99,00
15:55:14      18    0,00    0,00    0,00    0,00    0,00    0,00    0,00    0,00    0,00  100,00
15:55:14      19    0,00    0,00    0,00    0,00    0,00    0,00    0,00    0,00    0,00  100,00
15:55:14      20    0,00    0,00    1,00    0,00    0,00    0,00    0,00    0,00    0,00   99,00
15:55:14      21    0,00    0,00    1,01    0,00    0,00    0,00    0,00    0,00    0,00   98,99
15:55:14      22    0,00    0,00    0,00    0,00    0,00    0,00    0,00    0,00    0,00  100,00
15:55:14      23    0,00    0,00    0,99    0,00    0,00    0,00    0,00    0,00    0,00   99,01

15:55:14     CPU    %usr   %nice    %sys %iowait    %irq   %soft  %steal  %guest  %gnice   %idle
15:55:15     all    0,37    0,00    0,08    0,00    0,00    0,00    0,00    0,00    0,00   99,54
15:55:15       0    0,99    0,00    0,00    0,00    0,00    0,00    0,00    0,00    0,00   99,01
15:55:15       1    0,00    0,00    0,00    0,00    0,00    0,00    0,00    0,00    0,00  100,00
15:55:15       2    0,00    0,00    0,00    0,00    0,00    0,00    0,00    0,00    0,00  100,00
15:55:15       3    0,00    0,00    0,00    0,00    0,00    0,00    0,00    0,00    0,00  100,00
15:55:15       4    0,00    0,00    0,00    0,00    0,00    0,00    0,00    0,00    0,00  100,00
15:55:15       5    0,00    0,00    0,00    0,00    0,00    0,00    0,00    0,00    0,00  100,00
15:55:15       6    0,00    0,00    0,00    0,00    0,00    0,00    0,00    0,00    0,00  100,00
15:55:15       7    0,00    0,00    0,00    0,00    0,00    0,00    0,00    0,00    0,00  100,00
15:55:15       8    3,00    0,00    1,00    0,00    0,00    0,00    0,00    0,00    0,00   96,00
15:55:15       9    0,99    0,00    0,00    0,00    0,00    0,00    0,00    0,00    0,00   99,01
15:55:15      10    0,00    0,00    0,00    0,00    0,00    0,00    0,00    0,00    0,00  100,00
15:55:15      11    0,00    0,00    0,00    0,00    0,00    0,00    0,00    0,00    0,00  100,00
15:55:15      12    0,00    0,00    0,00    0,00    0,00    0,00    0,00    0,00    0,00  100,00
15:55:15      13    0,00    0,00    0,00    0,00    0,00    0,00    0,00    0,00    0,00  100,00
15:55:15      14    0,00    0,00    0,00    0,00    0,00    0,00    0,00    0,00    0,00  100,00
15:55:15      15    0,00    0,00    0,00    0,00    0,00    0,00    0,00    0,00    0,00  100,00
15:55:15      16    1,00    0,00    0,00    0,00    0,00    0,00    0,00    0,00    0,00   99,00
15:55:15      17    0,99    0,00    0,00    0,00    0,00    0,00    0,00    0,00    0,00   99,01
15:55:15      18    0,00    0,00    0,00    0,00    0,00    0,00    0,00    0,00    0,00  100,00
15:55:15      19    0,00    0,00    0,00    0,00    0,00    0,00    0,00    0,00    0,00  100,00
15:55:15      20    0,99    0,00    0,00    0,00    0,00    0,00    0,00    0,00    0,00   99,01
15:55:15      21    0,00    0,00    0,00    0,00    0,00    0,00    0,00    0,00    0,00  100,00
15:55:15      22    1,00    0,00    1,00    0,00    0,00    0,00    0,00    0,00    0,00   98,00
15:55:15      23    0,00    0,00    0,00    0,00    0,00    0,00    0,00    0,00    0,00  100,00

15:55:15     CPU    %usr   %nice    %sys %iowait    %irq   %soft  %steal  %guest  %gnice   %idle
15:55:16     all    0,17    0,00    0,08    0,00    0,00    0,00    0,00    0,00    0,00   99,75
15:55:16       0    0,00    0,00    0,00    0,00    0,00    0,00    0,00    0,00    0,00  100,00
15:55:16       1    0,00    0,00    0,00    0,00    0,00    0,00    0,00    0,00    0,00  100,00
15:55:16       2    0,00    0,00    0,00    0,00    0,00    0,00    0,00    0,00    0,00  100,00
15:55:16       3    0,00    0,00    0,00    0,00    0,00    0,00    0,00    0,00    0,00  100,00
15:55:16       4    0,00    0,00    0,00    0,00    0,00    0,00    0,00    0,00    0,00  100,00
15:55:16       5    0,00    0,00    0,00    0,00    0,00    0,00    0,00    0,00    0,00  100,00
15:55:16       6    0,00    0,00    0,00    0,00    0,00    0,00    0,00    0,00    0,00  100,00
15:55:16       7    0,00    0,00    0,00    0,00    0,00    0,00    0,00    0,00    0,00  100,00
15:55:16       8    2,00    0,00    1,00    0,00    0,00    0,00    0,00    0,00    0,00   97,00
15:55:16       9    1,96    0,00    0,98    0,00    0,00    0,00    0,00    0,00    0,00   97,06
15:55:16      10    0,00    0,00    0,00    0,00    0,00    0,00    0,00    0,00    0,00  100,00
15:55:16      11    0,00    0,00    0,00    0,00    0,00    0,00    0,00    0,00    0,00  100,00
15:55:16      12    0,00    0,00    0,00    0,00    0,00    0,00    0,00    0,00    0,00  100,00
15:55:16      13    0,00    0,00    0,00    0,00    0,00    0,00    0,00    0,00    0,00  100,00
15:55:16      14    0,00    0,00    0,00    0,00    0,00    0,00    0,00    0,00    0,00  100,00
15:55:16      15    0,00    0,00    0,00    0,00    0,00    0,00    0,00    0,00    0,00  100,00
15:55:16      16    0,00    0,00    0,00    0,00    0,00    0,00    0,00    0,00    0,00  100,00
15:55:16      17    0,00    0,00    0,00    0,00    0,00    0,00    0,00    0,00    0,00  100,00
15:55:16      18    0,00    0,00    0,00    0,00    0,00    0,00    0,00    0,00    0,00  100,00
15:55:16      19    0,00    0,00    0,00    0,00    0,00    0,00    0,00    0,00    0,00  100,00
15:55:16      20    0,00    0,00    0,00    0,00    0,00    0,00    0,00    0,00    0,00  100,00
15:55:16      21    0,00    0,00    0,00    0,00    0,00    0,00    0,00    0,00    0,00  100,00
15:55:16      22    0,00    0,00    0,00    0,00    0,00    0,00    0,00    0,00    0,00  100,00
15:55:16      23    0,00    0,00    0,00    0,00    0,00    0,00    0,00    0,00    0,00  100,00

15:55:16     CPU    %usr   %nice    %sys %iowait    %irq   %soft  %steal  %guest  %gnice   %idle
15:55:17     all    0,25    0,00    0,04    0,00    0,00    0,00    0,00    0,00    0,00   99,71
15:55:17       0    0,00    0,00    0,00    0,00    0,00    0,00    0,00    0,00    0,00  100,00
15:55:17       1    0,00    0,00    0,00    0,00    0,00    0,00    0,00    0,00    0,00  100,00
15:55:17       2    0,00    0,00    0,00    0,00    0,00    0,00    0,00    0,00    0,00  100,00
15:55:17       3    0,00    0,00    0,00    0,00    0,00    0,00    0,00    0,00    0,00  100,00
15:55:17       4    0,00    0,00    0,00    0,00    0,00    0,00    0,00    0,00    0,00  100,00
15:55:17       5    0,00    0,00    0,00    0,00    0,00    0,00    0,00    0,00    0,00  100,00
15:55:17       6    0,00    0,00    0,00    0,00    0,00    0,00    0,00    0,00    0,00  100,00
15:55:17       7    0,00    0,00    0,00    0,00    0,00    0,00    0,00    0,00    0,00  100,00
15:55:17       8    3,00    0,00    1,00    0,00    0,00    0,00    0,00    0,00    0,00   96,00
15:55:17       9    1,96    0,00    0,00    0,00    0,00    0,00    0,00    0,00    0,00   98,04
15:55:17      10    0,00    0,00    0,00    0,00    0,00    0,00    0,00    0,00    0,00  100,00
15:55:17      11    0,00    0,00    0,00    0,00    0,00    0,00    0,00    0,00    0,00  100,00
15:55:17      12    0,00    0,00    0,00    0,00    0,00    0,00    0,00    0,00    0,00  100,00
15:55:17      13    0,00    0,00    0,00    0,00    0,00    0,00    0,00    0,00    0,00  100,00
15:55:17      14    0,99    0,00    0,00    0,00    0,00    0,00    0,00    0,00    0,00   99,01
15:55:17      15    0,00    0,00    0,00    0,00    0,00    0,00    0,00    0,00    0,00  100,00
15:55:17      16    0,00    0,00    0,00    0,00    0,00    0,00    0,00    0,00    0,00  100,00
15:55:17      17    0,00    0,00    0,00    0,00    0,00    0,00    0,00    0,00    0,00  100,00
15:55:17      18    0,00    0,00    0,00    0,00    0,00    0,00    0,00    0,00    0,00  100,00
15:55:17      19    0,00    0,00    0,00    0,00    0,00    0,00    0,00    0,00    0,00  100,00
15:55:17      20    0,00    0,00    0,00    0,00    0,00    0,00    0,00    0,00    0,00  100,00
15:55:17      21    0,00    0,00    0,00    0,00    0,00    0,00    0,00    0,00    0,00  100,00
15:55:17      22    0,00    0,00    0,00    0,00    0,00    0,00    0,00    0,00    0,00  100,00
15:55:17      23    0,00    0,00    0,00    0,00    0,00    0,00    0,00    0,00    0,00  100,00

15:55:17     CPU    %usr   %nice    %sys %iowait    %irq   %soft  %steal  %guest  %gnice   %idle
15:55:18     all    0,21    0,00    0,08    0,00    0,00    0,00    0,00    0,00    0,00   99,71
15:55:18       0    0,00    0,00    0,00    0,00    0,00    0,00    0,00    0,00    0,00  100,00
15:55:18       1    0,00    0,00    0,00    0,00    0,00    0,00    0,00    0,00    0,00  100,00
15:55:18       2    0,00    0,00    0,00    0,00    0,00    0,00    0,00    0,00    0,00  100,00
15:55:18       3    0,00    0,00    0,00    0,00    0,00    0,00    0,00    0,00    0,00  100,00
15:55:18       4    0,00    0,00    0,00    0,00    0,00    0,00    0,00    0,00    0,00  100,00
15:55:18       5    0,00    0,00    0,00    0,00    0,00    0,00    0,00    0,00    0,00  100,00
15:55:18       6    0,00    0,00    0,00    0,00    0,00    0,00    0,00    0,00    0,00  100,00
15:55:18       7    0,00    0,00    0,00    0,00    0,00    0,00    0,00    0,00    0,00  100,00
15:55:18       8    2,00    0,00    1,00    0,00    0,00    0,00    0,00    0,00    0,00   97,00
15:55:18       9    2,94    0,00    0,00    0,00    0,00    0,00    0,00    0,00    0,00   97,06
15:55:18      10    0,00    0,00    0,00    0,00    0,00    0,00    0,00    0,00    0,00  100,00
15:55:18      11    0,00    0,00    0,00    0,00    0,00    0,00    0,00    0,00    0,00  100,00
15:55:18      12    0,00    0,00    0,00    0,00    0,00    0,00    0,00    0,00    0,00  100,00
15:55:18      13    0,00    0,00    0,00    0,00    0,00    0,00    0,00    0,00    0,00  100,00
15:55:18      14    0,00    0,00    0,00    0,00    0,00    0,00    0,00    0,00    0,00  100,00
15:55:18      15    0,00    0,00    0,00    0,00    0,00    0,00    0,00    0,00    0,00  100,00
15:55:18      16    0,00    0,00    0,00    0,00    0,00    0,00    0,00    0,00    0,00  100,00
15:55:18      17    0,00    0,00    0,00    0,00    0,00    0,00    0,00    0,00    0,00  100,00
15:55:18      18    0,00    0,00    0,00    0,00    0,00    0,00    0,00    0,00    0,00  100,00
15:55:18      19    0,00    0,00    0,99    0,00    0,00    0,00    0,00    0,00    0,00   99,01
15:55:18      20    0,00    0,00    0,00    0,00    0,00    0,00    0,00    0,00    0,00  100,00
15:55:18      21    0,00    0,00    0,00    0,00    0,00    0,00    0,00    0,00    0,00  100,00
15:55:18      22    0,00    0,00    0,00    0,00    0,00    0,00    0,00    0,00    0,00  100,00
15:55:18      23    0,00    0,00    0,00    0,00    0,00    0,00    0,00    0,00    0,00  100,00

15:55:18     CPU    %usr   %nice    %sys %iowait    %irq   %soft  %steal  %guest  %gnice   %idle
15:55:19     all    0,21    0,00    0,17    0,04    0,00    0,00    0,00    0,00    0,00   99,58
15:55:19       0    0,00    0,00    0,00    0,00    0,00    0,00    0,00    0,00    0,00  100,00
15:55:19       1    0,00    0,00    0,00    0,00    0,00    0,00    0,00    0,00    0,00  100,00
15:55:19       2    0,00    0,00    0,00    1,01    0,00    0,00    0,00    0,00    0,00   98,99
15:55:19       3    0,00    0,00    0,00    0,00    0,00    0,00    0,00    0,00    0,00  100,00
15:55:19       4    0,00    0,00    0,00    0,00    0,00    0,00    0,00    0,00    0,00  100,00
15:55:19       5    0,00    0,00    0,00    0,00    0,00    0,00    0,00    0,00    0,00  100,00
15:55:19       6    0,00    0,00    0,00    0,00    0,00    0,00    0,00    0,00    0,00  100,00
15:55:19       7    0,00    0,00    0,00    0,00    0,00    0,00    0,00    0,00    0,00  100,00
15:55:19       8    2,02    0,00    1,01    0,00    0,00    0,00    0,00    0,00    0,00   96,97
15:55:19       9    1,96    0,00    0,00    0,00    0,00    0,00    0,00    0,00    0,00   98,04
15:55:19      10    0,00    0,00    0,00    0,00    0,00    0,00    0,00    0,00    0,00  100,00
15:55:19      11    0,00    0,00    0,00    0,00    0,00    0,00    0,00    0,00    0,00  100,00
15:55:19      12    0,00    0,00    0,00    0,00    0,00    0,00    0,00    0,00    0,00  100,00
15:55:19      13    0,00    0,00    0,00    0,00    0,00    0,00    0,00    0,00    0,00  100,00
15:55:19      14    0,00    0,00    0,00    0,00    0,00    0,00    0,00    0,00    0,00  100,00
15:55:19      15    0,00    0,00    0,00    0,00    0,00    0,00    0,00    0,00    0,00  100,00
15:55:19      16    0,00    0,00    1,00    0,00    0,00    0,00    0,00    0,00    0,00   99,00
15:55:19      17    0,00    0,00    0,00    0,00    0,00    0,00    0,00    0,00    0,00  100,00
15:55:19      18    0,00    0,00    0,00    0,00    0,00    0,00    0,00    0,00    0,00  100,00
15:55:19      19    0,00    0,00    0,00    0,00    0,00    0,00    0,00    0,00    0,00  100,00
15:55:19      20    0,00    0,00    0,00    0,00    0,00    0,00    0,00    0,00    0,00  100,00
15:55:19      21    0,98    0,00    0,98    0,00    0,00    0,00    0,00    0,00    0,00   98,04
15:55:19      22    0,00    0,00    1,00    0,00    0,00    0,00    0,00    0,00    0,00   99,00
15:55:19      23    0,00    0,00    0,00    0,00    0,00    0,00    0,00    0,00    0,00  100,00

15:55:19     CPU    %usr   %nice    %sys %iowait    %irq   %soft  %steal  %guest  %gnice   %idle
15:55:20     all    0,29    0,00    0,08    0,00    0,00    0,00    0,00    0,00    0,00   99,63
15:55:20       0    0,00    0,00    0,00    0,00    0,00    0,00    0,00    0,00    0,00  100,00
15:55:20       1    0,00    0,00    0,00    0,00    0,00    0,00    0,00    0,00    0,00  100,00
15:55:20       2    0,00    0,00    0,00    0,00    0,00    0,00    0,00    0,00    0,00  100,00
15:55:20       3    0,00    0,00    0,00    0,00    0,00    0,00    0,00    0,00    0,00  100,00
15:55:20       4    0,00    0,00    0,00    0,00    0,00    0,00    0,00    0,00    0,00  100,00
15:55:20       5    0,00    0,00    0,00    0,00    0,00    0,00    0,00    0,00    0,00  100,00
15:55:20       6    0,00    0,00    0,00    0,00    0,00    0,00    0,00    0,00    0,00  100,00
15:55:20       7    0,00    0,00    0,00    0,00    0,00    0,00    0,00    0,00    0,00  100,00
15:55:20       8    2,97    0,00    0,99    0,00    0,00    0,00    0,00    0,00    0,00   96,04
15:55:20       9    2,91    0,00    0,00    0,00    0,00    0,00    0,00    0,00    0,00   97,09
15:55:20      10    0,00    0,00    0,00    0,00    0,00    0,00    0,00    0,00    0,00  100,00
15:55:20      11    0,00    0,00    0,00    0,00    0,00    0,00    0,00    0,00    0,00  100,00
15:55:20      12    0,99    0,00    0,00    0,00    0,00    0,00    0,00    0,00    0,00   99,01
15:55:20      13    0,00    0,00    0,00    0,00    0,00    0,00    0,00    0,00    0,00  100,00
15:55:20      14    0,00    0,00    0,00    0,00    0,00    0,00    0,00    0,00    0,00  100,00
15:55:20      15    0,00    0,00    0,00    0,00    0,00    0,00    0,00    0,00    0,00  100,00
15:55:20      16    0,00    0,00    0,00    0,00    0,00    0,00    0,00    0,00    0,00  100,00
15:55:20      17    0,00    0,00    0,99    0,00    0,00    0,00    0,00    0,00    0,00   99,01
15:55:20      18    0,00    0,00    0,00    0,00    0,00    0,00    0,00    0,00    0,00  100,00
15:55:20      19    0,00    0,00    0,00    0,00    0,00    0,00    0,00    0,00    0,00  100,00
15:55:20      20    0,00    0,00    0,00    0,00    0,00    0,00    0,00    0,00    0,00  100,00
15:55:20      21    0,00    0,00    0,00    0,00    0,00    0,00    0,00    0,00    0,00  100,00
15:55:20      22    0,00    0,00    0,00    0,00    0,00    0,00    0,00    0,00    0,00  100,00
15:55:20      23    0,00    0,00    0,00    0,00    0,00    0,00    0,00    0,00    0,00  100,00
