Linux 6.8.0-111-generic (testbed-node6) 	06/05/26 	_x86_64_	(24 CPU)

13:01:52     CPU    %usr   %nice    %sys %iowait    %irq   %soft  %steal  %guest  %gnice   %idle
13:01:53     all    0,92    0,00    0,25    0,00    0,00    0,00    0,00    0,00    0,00   98,83
13:01:53       0    0,00    0,00    0,00    0,00    0,00    0,00    0,00    0,00    0,00  100,00
13:01:53       1    0,00    0,00    0,00    0,00    0,00    0,00    0,00    0,00    0,00  100,00
13:01:53       2    1,98    0,00    0,99    0,00    0,00    0,00    0,00    0,00    0,00   97,03
13:01:53       3    0,00    0,00    0,00    0,00    0,00    0,00    0,00    0,00    0,00  100,00
13:01:53       4    1,00    0,00    0,00    0,00    0,00    0,00    0,00    0,00    0,00   99,00
13:01:53       5    0,00    0,00    0,00    0,00    0,00    0,00    0,00    0,00    0,00  100,00
13:01:53       6    0,99    0,00    0,99    0,00    0,00    0,00    0,00    0,00    0,00   98,02
13:01:53       7    0,00    0,00    0,00    0,00    0,00    0,00    0,00    0,00    0,00  100,00
13:01:53       8    6,06    0,00    1,01    0,00    0,00    0,00    0,00    0,00    0,00   92,93
13:01:53       9    0,99    0,00    0,00    0,00    0,00    0,00    0,00    0,00    0,00   99,01
13:01:53      10    6,06    0,00    0,00    0,00    0,00    0,00    0,00    0,00    0,00   93,94
13:01:53      11    0,00    0,00    0,00    0,00    0,00    0,00    0,00    0,00    0,00  100,00
13:01:53      12    0,99    0,00    0,00    0,00    0,00    0,00    0,00    0,00    0,00   99,01
13:01:53      13    0,00    0,00    0,00    0,00    0,00    0,00    0,00    0,00    0,00  100,00
13:01:53      14    0,99    0,00    0,00    0,00    0,00    0,00    0,00    0,00    0,00   99,01
13:01:53      15    0,00    0,00    0,00    0,00    0,00    0,00    0,00    0,00    0,00  100,00
13:01:53      16    0,00    0,00    1,00    0,00    0,00    0,00    0,00    0,00    0,00   99,00
13:01:53      17    0,99    0,00    0,99    0,00    0,00    0,00    0,00    0,00    0,00   98,02
13:01:53      18    0,00    0,00    0,00    0,00    0,00    0,00    0,00    0,00    0,00  100,00
13:01:53      19    1,00    0,00    1,00    0,00    0,00    0,00    0,00    0,00    0,00   98,00
13:01:53      20    0,00    0,00    0,00    0,00    0,00    0,00    0,00    0,00    0,00  100,00
13:01:53      21    0,00    0,00    0,00    0,00    0,00    0,00    0,00    0,00    0,00  100,00
13:01:53      22    0,00    0,00    0,00    0,00    0,00    0,00    0,00    0,00    0,00  100,00
13:01:53      23    0,99    0,00    0,00    0,00    0,00    0,00    0,00    0,00    0,00   99,01

13:01:53     CPU    %usr   %nice    %sys %iowait    %irq   %soft  %steal  %guest  %gnice   %idle
13:01:54     all    0,42    0,00    0,08    0,00    0,00    0,00    0,00    0,00    0,00   99,50
13:01:54       0    0,00    0,00    0,00    0,00    0,00    0,00    0,00    0,00    0,00  100,00
13:01:54       1    0,00    0,00    0,00    0,00    0,00    0,00    0,00    0,00    0,00  100,00
13:01:54       2    0,00    0,00    0,00    0,00    0,00    0,00    0,00    0,00    0,00  100,00
13:01:54       3    0,00    0,00    0,00    0,00    0,00    0,00    0,00    0,00    0,00  100,00
13:01:54       4    0,00    0,00    0,00    0,00    0,00    0,00    0,00    0,00    0,00  100,00
13:01:54       5    0,00    0,00    0,00    0,00    0,00    0,00    0,00    0,00    0,00  100,00
13:01:54       6    1,00    0,00    0,00    0,00    0,00    0,00    0,00    0,00    0,00   99,00
13:01:54       7    0,00    0,00    0,00    0,00    0,00    0,00    0,00    0,00    0,00  100,00
13:01:54       8    1,98    0,00    0,99    0,00    0,00    0,00    0,00    0,00    0,00   97,03
13:01:54       9    0,00    0,00    0,00    0,00    0,00    0,00    0,00    0,00    0,00  100,00
13:01:54      10    4,90    0,00    0,98    0,00    0,00    0,00    0,00    0,00    0,00   94,12
13:01:54      11    0,00    0,00    0,00    0,00    0,00    0,00    0,00    0,00    0,00  100,00
13:01:54      12    1,01    0,00    0,00    0,00    0,00    0,00    0,00    0,00    0,00   98,99
13:01:54      13    0,00    0,00    0,00    0,00    0,00    0,00    0,00    0,00    0,00  100,00
13:01:54      14    0,00    0,00    0,00    0,00    0,00    0,00    0,00    0,00    0,00  100,00
13:01:54      15    0,00    0,00    0,00    0,00    0,00    0,00    0,00    0,00    0,00  100,00
13:01:54      16    0,99    0,00    0,00    0,00    0,00    0,00    0,00    0,00    0,00   99,01
13:01:54      17    0,00    0,00    0,00    0,00    0,00    0,00    0,00    0,00    0,00  100,00
13:01:54      18    0,00    0,00    0,00    0,00    0,00    0,00    0,00    0,00    0,00  100,00
13:01:54      19    0,00    0,00    0,00    0,00    0,00    0,00    0,00    0,00    0,00  100,00
13:01:54      20    0,00    0,00    0,00    0,00    0,00    0,00    0,00    0,00    0,00  100,00
13:01:54      21    0,00    0,00    0,00    0,00    0,00    0,00    0,00    0,00    0,00  100,00
13:01:54      22    0,00    0,00    0,00    0,00    0,00    0,00    0,00    0,00    0,00  100,00
13:01:54      23    0,00    0,00    0,00    0,00    0,00    0,00    0,00    0,00    0,00  100,00

13:01:54     CPU    %usr   %nice    %sys %iowait    %irq   %soft  %steal  %guest  %gnice   %idle
13:01:55     all    2,13    0,00    0,54    0,04    0,00    0,00    0,00    0,00    0,00   97,29
13:01:55       0    1,00    0,00    1,00    0,00    0,00    0,00    0,00    0,00    0,00   98,00
13:01:55       1    0,00    0,00    0,00    0,00    0,00    0,00    0,00    0,00    0,00  100,00
13:01:55       2    1,01    0,00    0,00    0,00    0,00    0,00    0,00    0,00    0,00   98,99
13:01:55       3    0,00    0,00    0,00    0,00    0,00    0,00    0,00    0,00    0,00  100,00
13:01:55       4    2,00    0,00    0,00    0,00    0,00    0,00    0,00    0,00    0,00   98,00
13:01:55       5    0,00    0,00    0,00    0,00    0,00    0,00    0,00    0,00    0,00  100,00
13:01:55       6    3,03    0,00    1,01    0,00    0,00    0,00    0,00    0,00    0,00   95,96
13:01:55       7    0,00    0,00    0,00    0,00    0,00    0,00    0,00    0,00    0,00  100,00
13:01:55       8   12,24    0,00    0,00    0,00    0,00    0,00    0,00    0,00    0,00   87,76
13:01:55       9    1,00    0,00    1,00    0,00    0,00    0,00    0,00    0,00    0,00   98,00
13:01:55      10   13,13    0,00    0,00    0,00    0,00    0,00    0,00    0,00    0,00   86,87
13:01:55      11    0,00    0,00    0,00    0,00    0,00    0,00    0,00    0,00    0,00  100,00
13:01:55      12    1,98    0,00    0,99    0,00    0,00    0,00    0,00    0,00    0,00   97,03
13:01:55      13    2,97    0,00    0,00    0,00    0,00    0,00    0,00    0,00    0,00   97,03
13:01:55      14    0,99    0,00    0,99    0,00    0,00    0,00    0,00    0,00    0,00   98,02
13:01:55      15    1,00    0,00    0,00    0,00    0,00    0,00    0,00    0,00    0,00   99,00
13:01:55      16    1,98    0,00    1,98    0,00    0,00    0,00    0,00    0,00    0,00   96,04
13:01:55      17    2,02    0,00    0,00    0,00    0,00    0,00    0,00    0,00    0,00   97,98
13:01:55      18    1,00    0,00    1,00    0,00    0,00    0,00    0,00    0,00    0,00   98,00
13:01:55      19    2,02    0,00    1,01    1,01    0,00    0,00    0,00    0,00    0,00   95,96
13:01:55      20    0,99    0,00    0,99    0,00    0,00    0,00    0,00    0,00    0,00   98,02
13:01:55      21    0,98    0,00    0,98    0,00    0,00    0,00    0,00    0,00    0,00   98,04
13:01:55      22    0,00    0,00    0,00    0,00    0,00    0,00    0,00    0,00    0,00  100,00
13:01:55      23    2,00    0,00    2,00    0,00    0,00    0,00    0,00    0,00    0,00   96,00

13:01:55     CPU    %usr   %nice    %sys %iowait    %irq   %soft  %steal  %guest  %gnice   %idle
13:01:56     all    0,46    0,00    0,13    0,08    0,00    0,00    0,00    0,00    0,00   99,33
13:01:56       0    0,00    0,00    0,00    0,00    0,00    0,00    0,00    0,00    0,00  100,00
13:01:56       1    0,00    0,00    0,00    0,00    0,00    0,00    0,00    0,00    0,00  100,00
13:01:56       2    1,00    0,00    0,00    0,00    0,00    0,00    0,00    0,00    0,00   99,00
13:01:56       3    0,00    0,00    0,00    0,00    0,00    0,00    0,00    0,00    0,00  100,00
13:01:56       4    2,00    0,00    0,00    0,00    0,00    0,00    0,00    0,00    0,00   98,00
13:01:56       5    0,00    0,00    0,00    0,00    0,00    0,00    0,00    0,00    0,00  100,00
13:01:56       6    0,00    0,00    0,00    0,00    0,00    0,00    0,00    0,00    0,00  100,00
13:01:56       7    0,00    0,00    0,00    0,00    0,00    0,00    0,00    0,00    0,00  100,00
13:01:56       8    2,97    0,00    0,99    0,00    0,00    0,00    0,00    0,00    0,00   96,04
13:01:56       9    0,00    0,00    0,00    0,00    0,00    0,00    0,00    0,00    0,00  100,00
13:01:56      10    3,00    0,00    0,00    0,00    0,00    0,00    0,00    0,00    0,00   97,00
13:01:56      11    0,00    0,00    0,00    0,00    0,00    0,00    0,00    0,00    0,00  100,00
13:01:56      12    0,00    0,00    0,00    0,00    0,00    0,00    0,00    0,00    0,00  100,00
13:01:56      13    0,00    0,00    0,00    0,00    0,00    0,00    0,00    0,00    0,00  100,00
13:01:56      14    0,00    0,00    0,00    0,00    0,00    0,00    0,00    0,00    0,00  100,00
13:01:56      15    0,00    0,00    0,00    0,00    0,00    0,00    0,00    0,00    0,00  100,00
13:01:56      16    1,00    0,00    0,00    0,00    0,00    0,00    0,00    0,00    0,00   99,00
13:01:56      17    0,00    0,00    0,00    1,01    0,00    0,00    0,00    0,00    0,00   98,99
13:01:56      18    0,00    0,00    0,00    0,00    0,00    0,00    0,00    0,00    0,00  100,00
13:01:56      19    0,99    0,00    0,99    0,00    0,00    0,00    0,00    0,00    0,00   98,02
13:01:56      20    0,00    0,00    0,00    0,00    0,00    0,00    0,00    0,00    0,00  100,00
13:01:56      21    0,00    0,00    0,00    0,00    0,00    0,00    0,00    0,00    0,00  100,00
13:01:56      22    0,00    0,00    0,00    0,00    0,00    0,00    0,00    0,00    0,00  100,00
13:01:56      23    0,00    0,00    1,01    1,01    0,00    0,00    0,00    0,00    0,00   97,98

13:01:56     CPU    %usr   %nice    %sys %iowait    %irq   %soft  %steal  %guest  %gnice   %idle
13:01:57     all    0,46    0,00    0,08    0,00    0,00    2,46    0,00    0,00    0,00   97,00
13:01:57       0    0,00    0,00    0,00    0,00    0,00    0,00    0,00    0,00    0,00  100,00
13:01:57       1    0,00    0,00    0,00    0,00    0,00    0,00    0,00    0,00    0,00  100,00
13:01:57       2    0,00    0,00    0,00    0,00    0,00    0,00    0,00    0,00    0,00  100,00
13:01:57       3    0,00    0,00    0,00    0,00    0,00    0,00    0,00    0,00    0,00  100,00
13:01:57       4    2,00    0,00    0,00    0,00    0,00    0,00    0,00    0,00    0,00   98,00
13:01:57       5    0,00    0,00    0,00    0,00    0,00    0,00    0,00    0,00    0,00  100,00
13:01:57       6    1,00    0,00    0,00    0,00    0,00    0,00    0,00    0,00    0,00   99,00
13:01:57       7    0,00    0,00    0,00    0,00    0,00    0,00    0,00    0,00    0,00  100,00
13:01:57       8    4,04    0,00    0,00    0,00    0,00    0,00    0,00    0,00    0,00   95,96
13:01:57       9    0,00    0,00    0,00    0,00    0,00    0,00    0,00    0,00    0,00  100,00
13:01:57      10    1,00    0,00    0,00    0,00    0,00    0,00    0,00    0,00    0,00   99,00
13:01:57      11    0,00    0,00    0,00    0,00    0,00    0,00    0,00    0,00    0,00  100,00
13:01:57      12    0,99    0,00    0,00    0,00    0,00    0,00    0,00    0,00    0,00   99,01
13:01:57      13    0,00    0,00    0,00    0,00    0,00    0,00    0,00    0,00    0,00  100,00
13:01:57      14    0,99    0,00    0,00    0,00    0,00    0,00    0,00    0,00    0,00   99,01
13:01:57      15    0,00    0,00    0,00    0,00    0,00    1,00    0,00    0,00    0,00   99,00
13:01:57      16    0,00    0,00    0,00    0,00    0,00    0,00    0,00    0,00    0,00  100,00
13:01:57      17    0,99    0,00    0,99    0,00    0,00    0,00    0,00    0,00    0,00   98,02
13:01:57      18    0,00    0,00    1,00    0,00    0,00    0,00    0,00    0,00    0,00   99,00
13:01:57      19    0,00    0,00    0,00    0,00    0,00    0,00    0,00    0,00    0,00  100,00
13:01:57      20    0,00    0,00    0,00    0,00    0,00    0,00    0,00    0,00    0,00  100,00
13:01:57      21    0,00    0,00    0,00    0,00    0,00    0,00    0,00    0,00    0,00  100,00
13:01:57      22    0,00    0,00    0,00    0,00    0,00   58,00    0,00    0,00    0,00   42,00
13:01:57      23    0,00    0,00    0,00    0,00    0,00    0,00    0,00    0,00    0,00  100,00

13:01:57     CPU    %usr   %nice    %sys %iowait    %irq   %soft  %steal  %guest  %gnice   %idle
13:01:58     all    0,29    0,00    0,04    0,00    0,00    4,18    0,00    0,00    0,00   95,49
13:01:58       0    0,00    0,00    0,00    0,00    0,00    0,00    0,00    0,00    0,00  100,00
13:01:58       1    0,00    0,00    0,00    0,00    0,00    0,00    0,00    0,00    0,00  100,00
13:01:58       2    0,00    0,00    0,00    0,00    0,00    0,00    0,00    0,00    0,00  100,00
13:01:58       3    0,00    0,00    0,00    0,00    0,00    0,00    0,00    0,00    0,00  100,00
13:01:58       4    0,00    0,00    0,00    0,00    0,00    0,00    0,00    0,00    0,00  100,00
13:01:58       5    0,00    0,00    0,00    0,00    0,00    0,00    0,00    0,00    0,00  100,00
13:01:58       6    0,00    0,00    0,00    0,00    0,00    0,00    0,00    0,00    0,00  100,00
13:01:58       7    0,00    0,00    0,00    0,00    0,00    0,00    0,00    0,00    0,00  100,00
13:01:58       8    3,00    0,00    0,00    0,00    0,00    0,00    0,00    0,00    0,00   97,00
13:01:58       9    0,00    0,00    0,00    0,00    0,00    0,00    0,00    0,00    0,00  100,00
13:01:58      10    2,00    0,00    1,00    0,00    0,00    0,00    0,00    0,00    0,00   97,00
13:01:58      11    0,00    0,00    0,00    0,00    0,00    0,00    0,00    0,00    0,00  100,00
13:01:58      12    0,00    0,00    0,00    0,00    0,00    0,00    0,00    0,00    0,00  100,00
13:01:58      13    0,00    0,00    0,00    0,00    0,00    0,00    0,00    0,00    0,00  100,00
13:01:58      14    0,00    0,00    0,00    0,00    0,00    0,00    0,00    0,00    0,00  100,00
13:01:58      15    0,00    0,00    0,00    0,00    0,00    0,00    0,00    0,00    0,00  100,00
13:01:58      16    1,01    0,00    0,00    0,00    0,00    0,00    0,00    0,00    0,00   98,99
13:01:58      17    0,00    0,00    0,00    0,00    0,00    0,00    0,00    0,00    0,00  100,00
13:01:58      18    0,99    0,00    0,00    0,00    0,00    0,00    0,00    0,00    0,00   99,01
13:01:58      19    0,00    0,00    0,00    0,00    0,00    0,00    0,00    0,00    0,00  100,00
13:01:58      20    0,00    0,00    0,00    0,00    0,00    0,00    0,00    0,00    0,00  100,00
13:01:58      21    0,00    0,00    0,00    0,00    0,00    0,00    0,00    0,00    0,00  100,00
13:01:58      22    0,00    0,00    0,00    0,00    0,00  100,00    0,00    0,00    0,00    0,00
13:01:58      23    0,00    0,00    0,00    0,00    0,00    0,00    0,00    0,00    0,00  100,00

13:01:58     CPU    %usr   %nice    %sys %iowait    %irq   %soft  %steal  %guest  %gnice   %idle
13:01:59     all    0,50    0,00    0,00    0,00    0,00    4,17    0,00    0,00    0,00   95,33
13:01:59       0    0,00    0,00    0,00    0,00    0,00    0,00    0,00    0,00    0,00  100,00
13:01:59       1    0,00    0,00    0,00    0,00    0,00    0,00    0,00    0,00    0,00  100,00
13:01:59       2    0,00    0,00    0,00    0,00    0,00    0,00    0,00    0,00    0,00  100,00
13:01:59       3    0,00    0,00    0,00    0,00    0,00    0,00    0,00    0,00    0,00  100,00
13:01:59       4    0,00    0,00    0,00    0,00    0,00    0,00    0,00    0,00    0,00  100,00
13:01:59       5    0,00    0,00    0,00    0,00    0,00    0,00    0,00    0,00    0,00  100,00
13:01:59       6    1,00    0,00    0,00    0,00    0,00    0,00    0,00    0,00    0,00   99,00
13:01:59       7    0,00    0,00    0,00    0,00    0,00    0,00    0,00    0,00    0,00  100,00
13:01:59       8    4,95    0,00    0,00    0,00    0,00    0,00    0,00    0,00    0,00   95,05
13:01:59       9    0,00    0,00    0,00    0,00    0,00    0,00    0,00    0,00    0,00  100,00
13:01:59      10    0,00    0,00    0,00    0,00    0,00    0,00    0,00    0,00    0,00  100,00
13:01:59      11    0,00    0,00    0,00    0,00    0,00    0,00    0,00    0,00    0,00  100,00
13:01:59      12    3,00    0,00    0,00    0,00    0,00    0,00    0,00    0,00    0,00   97,00
13:01:59      13    0,00    0,00    0,00    0,00    0,00    0,00    0,00    0,00    0,00  100,00
13:01:59      14    1,00    0,00    0,00    0,00    0,00    0,00    0,00    0,00    0,00   99,00
13:01:59      15    0,00    0,00    0,00    0,00    0,00    0,00    0,00    0,00    0,00  100,00
13:01:59      16    0,99    0,00    0,00    0,00    0,00    0,00    0,00    0,00    0,00   99,01
13:01:59      17    0,00    0,00    0,00    0,00    0,00    0,00    0,00    0,00    0,00  100,00
13:01:59      18    1,00    0,00    0,00    0,00    0,00    0,00    0,00    0,00    0,00   99,00
13:01:59      19    0,00    0,00    0,00    0,00    0,00    0,00    0,00    0,00    0,00  100,00
13:01:59      20    0,00    0,00    0,00    0,00    0,00    0,00    0,00    0,00    0,00  100,00
13:01:59      21    0,00    0,00    0,00    0,00    0,00    0,00    0,00    0,00    0,00  100,00
13:01:59      22    0,00    0,00    0,00    0,00    0,00  100,00    0,00    0,00    0,00    0,00
13:01:59      23    0,00    0,00    0,00    0,00    0,00    0,00    0,00    0,00    0,00  100,00

13:01:59     CPU    %usr   %nice    %sys %iowait    %irq   %soft  %steal  %guest  %gnice   %idle
13:02:00     all    0,50    0,00    0,00    0,00    0,00    4,17    0,00    0,00    0,00   95,33
13:02:00       0    0,00    0,00    0,00    0,00    0,00    0,00    0,00    0,00    0,00  100,00
13:02:00       1    0,00    0,00    0,00    0,00    0,00    0,00    0,00    0,00    0,00  100,00
13:02:00       2    0,00    0,00    0,00    0,00    0,00    0,00    0,00    0,00    0,00  100,00
13:02:00       3    0,00    0,00    0,00    0,00    0,00    0,00    0,00    0,00    0,00  100,00
13:02:00       4    0,00    0,00    0,00    0,00    0,00    0,00    0,00    0,00    0,00  100,00
13:02:00       5    0,00    0,00    0,00    0,00    0,00    0,00    0,00    0,00    0,00  100,00
13:02:00       6    0,00    0,00    0,00    0,00    0,00    0,00    0,00    0,00    0,00  100,00
13:02:00       7    0,00    0,00    0,00    0,00    0,00    0,00    0,00    0,00    0,00  100,00
13:02:00       8    7,07    0,00    0,00    0,00    0,00    0,00    0,00    0,00    0,00   92,93
13:02:00       9    0,00    0,00    0,00    0,00    0,00    0,00    0,00    0,00    0,00  100,00
13:02:00      10    1,00    0,00    0,00    0,00    0,00    0,00    0,00    0,00    0,00   99,00
13:02:00      11    0,00    0,00    0,00    0,00    0,00    0,00    0,00    0,00    0,00  100,00
13:02:00      12    3,00    0,00    0,00    0,00    0,00    0,00    0,00    0,00    0,00   97,00
13:02:00      13    0,00    0,00    0,00    0,00    0,00    0,00    0,00    0,00    0,00  100,00
13:02:00      14    0,00    0,00    0,00    0,00    0,00    0,00    0,00    0,00    0,00  100,00
13:02:00      15    0,00    0,00    0,00    0,00    0,00    0,00    0,00    0,00    0,00  100,00
13:02:00      16    0,00    0,00    0,00    0,00    0,00    0,00    0,00    0,00    0,00  100,00
13:02:00      17    0,99    0,00    0,00    0,00    0,00    0,00    0,00    0,00    0,00   99,01
13:02:00      18    0,00    0,00    0,00    0,00    0,00    0,00    0,00    0,00    0,00  100,00
13:02:00      19    0,00    0,00    0,00    0,00    0,00    0,00    0,00    0,00    0,00  100,00
13:02:00      20    0,00    0,00    0,00    0,00    0,00    0,00    0,00    0,00    0,00  100,00
13:02:00      21    0,00    0,00    0,00    0,00    0,00    0,00    0,00    0,00    0,00  100,00
13:02:00      22    0,00    0,00    0,00    0,00    0,00  100,00    0,00    0,00    0,00    0,00
13:02:00      23    0,00    0,00    0,00    0,00    0,00    0,00    0,00    0,00    0,00  100,00

13:02:00     CPU    %usr   %nice    %sys %iowait    %irq   %soft  %steal  %guest  %gnice   %idle
13:02:01     all    0,17    0,00    0,21    0,13    0,00    4,17    0,00    0,00    0,00   95,33
13:02:01       0    0,00    0,00    0,00    1,00    0,00    0,00    0,00    0,00    0,00   99,00
13:02:01       1    0,00    0,00    0,00    0,00    0,00    0,00    0,00    0,00    0,00  100,00
13:02:01       2    0,00    0,00    0,00    0,00    0,00    0,00    0,00    0,00    0,00  100,00
13:02:01       3    0,00    0,00    0,00    0,00    0,00    0,00    0,00    0,00    0,00  100,00
13:02:01       4    0,00    0,00    0,00    0,00    0,00    0,00    0,00    0,00    0,00  100,00
13:02:01       5    0,00    0,00    0,00    0,00    0,00    0,00    0,00    0,00    0,00  100,00
13:02:01       6    0,00    0,00    0,00    0,00    0,00    0,00    0,00    0,00    0,00  100,00
13:02:01       7    0,00    0,00    0,00    0,00    0,00    0,00    0,00    0,00    0,00  100,00
13:02:01       8    0,00    0,00    0,00    0,00    0,00    0,00    0,00    0,00    0,00  100,00
13:02:01       9    0,00    0,00    0,00    0,00    0,00    0,00    0,00    0,00    0,00  100,00
13:02:01      10    2,00    0,00    0,00    0,00    0,00    0,00    0,00    0,00    0,00   98,00
13:02:01      11    0,00    0,00    0,00    0,00    0,00    0,00    0,00    0,00    0,00  100,00
13:02:01      12    1,01    0,00    0,00    0,00    0,00    0,00    0,00    0,00    0,00   98,99
13:02:01      13    0,00    0,00    0,00    0,00    0,00    0,00    0,00    0,00    0,00  100,00
13:02:01      14    1,00    0,00    0,00    0,00    0,00    0,00    0,00    0,00    0,00   99,00
13:02:01      15    0,00    0,00    0,99    0,00    0,00    0,00    0,00    0,00    0,00   99,01
13:02:01      16    0,00    0,00    1,00    0,00    0,00    0,00    0,00    0,00    0,00   99,00
13:02:01      17    0,00    0,00    2,00    0,00    0,00    0,00    0,00    0,00    0,00   98,00
13:02:01      18    0,00    0,00    0,99    0,00    0,00    0,00    0,00    0,00    0,00   99,01
13:02:01      19    0,00    0,00    0,00    0,00    0,00    0,00    0,00    0,00    0,00  100,00
13:02:01      20    0,00    0,00    0,00    0,00    0,00    0,00    0,00    0,00    0,00  100,00
13:02:01      21    0,00    0,00    0,00    0,00    0,00    0,00    0,00    0,00    0,00  100,00
13:02:01      22    0,00    0,00    0,00    0,00    0,00  100,00    0,00    0,00    0,00    0,00
13:02:01      23    0,00    0,00    0,00    2,00    0,00    0,00    0,00    0,00    0,00   98,00

13:02:01     CPU    %usr   %nice    %sys %iowait    %irq   %soft  %steal  %guest  %gnice   %idle
13:02:02     all    2,29    0,00    0,71    0,00    0,00    4,17    0,00    0,00    0,00   92,82
13:02:02       0    0,00    0,00    1,01    0,00    0,00    0,00    0,00    0,00    0,00   98,99
13:02:02       1    0,00    0,00    0,00    0,00    0,00    0,00    0,00    0,00    0,00  100,00
13:02:02       2    0,99    0,00    0,99    0,00    0,00    0,00    0,00    0,00    0,00   98,02
13:02:02       3    0,00    0,00    0,00    0,00    0,00    0,00    0,00    0,00    0,00  100,00
13:02:02       4    0,98    0,00    0,98    0,00    0,00    0,00    0,00    0,00    0,00   98,04
13:02:02       5    0,00    0,00    0,00    0,00    0,00    0,00    0,00    0,00    0,00  100,00
13:02:02       6    1,00    0,00    0,00    0,00    0,00    0,00    0,00    0,00    0,00   99,00
13:02:02       7    0,00    0,00    0,00    0,00    0,00    0,00    0,00    0,00    0,00  100,00
13:02:02       8    2,02    0,00    0,00    0,00    0,00    0,00    0,00    0,00    0,00   97,98
13:02:02       9    0,00    0,00    0,00    0,00    0,00    0,00    0,00    0,00    0,00  100,00
13:02:02      10   13,86    0,00    0,00    0,00    0,00    0,00    0,00    0,00    0,00   86,14
13:02:02      11    0,00    0,00    0,00    0,00    0,00    0,00    0,00    0,00    0,00  100,00
13:02:02      12    1,00    0,00    0,00    0,00    0,00    0,00    0,00    0,00    0,00   99,00
13:02:02      13    2,00    0,00    0,00    0,00    0,00    0,00    0,00    0,00    0,00   98,00
13:02:02      14    0,00    0,00    0,00    0,00    0,00    0,00    0,00    0,00    0,00  100,00
13:02:02      15    0,00    0,00    0,00    0,00    0,00    0,00    0,00    0,00    0,00  100,00
13:02:02      16    4,04    0,00    2,02    0,00    0,00    0,00    0,00    0,00    0,00   93,94
13:02:02      17   15,15    0,00    2,02    0,00    0,00    0,00    0,00    0,00    0,00   82,83
13:02:02      18    4,00    0,00    3,00    0,00    0,00    0,00    0,00    0,00    0,00   93,00
13:02:02      19    6,00    0,00    3,00    0,00    0,00    0,00    0,00    0,00    0,00   91,00
13:02:02      20    1,00    0,00    1,00    0,00    0,00    0,00    0,00    0,00    0,00   98,00
13:02:02      21    1,00    0,00    1,00    0,00    0,00    0,00    0,00    0,00    0,00   98,00
13:02:02      22    0,00    0,00    0,00    0,00    0,00  100,00    0,00    0,00    0,00    0,00
13:02:02      23    1,98    0,00    1,98    0,00    0,00    0,00    0,00    0,00    0,00   96,04
