Linux 6.8.0-111-generic (testbed-node6) 	06/05/26 	_x86_64_	(24 CPU)

13:05:32     CPU    %usr   %nice    %sys %iowait    %irq   %soft  %steal  %guest  %gnice   %idle
13:05:33     all    0,71    0,00    0,21    0,00    0,00   15,26    0,00    0,00    0,00   83,82
13:05:33       0    0,00    0,00    0,00    0,00    0,00    0,00    0,00    0,00    0,00  100,00
13:05:33       1    0,00    0,00    0,00    0,00    0,00    0,00    0,00    0,00    0,00  100,00
13:05:33       2    0,99    0,00    0,99    0,00    0,00    0,00    0,00    0,00    0,00   98,02
13:05:33       3    0,00    0,00    0,00    0,00    0,00   61,62    0,00    0,00    0,00   38,38
13:05:33       4    0,00    0,00    0,00    0,00    0,00    0,00    0,00    0,00    0,00  100,00
13:05:33       5    0,00    0,00    0,00    0,00    0,00    0,00    0,00    0,00    0,00  100,00
13:05:33       6    0,00    0,00    0,00    0,00    0,00    0,00    0,00    0,00    0,00  100,00
13:05:33       7    0,00    0,00    0,00    0,00    0,00    0,00    0,00    0,00    0,00  100,00
13:05:33       8    3,03    0,00    0,00    0,00    0,00   61,62    0,00    0,00    0,00   35,35
13:05:33       9    0,00    0,00    0,00    0,00    0,00   61,00    0,00    0,00    0,00   39,00
13:05:33      10    9,00    0,00    1,00    0,00    0,00    0,00    0,00    0,00    0,00   90,00
13:05:33      11    0,00    0,00    0,00    0,00    0,00    0,00    0,00    0,00    0,00  100,00
13:05:33      12    0,00    0,00    0,00    0,00    0,00    0,00    0,00    0,00    0,00  100,00
13:05:33      13    0,00    0,00    0,00    0,00    0,00   61,00    0,00    0,00    0,00   39,00
13:05:33      14    0,00    0,00    0,00    0,00    0,00    0,00    0,00    0,00    0,00  100,00
13:05:33      15    0,00    0,00    0,00    0,00    0,00    0,00    0,00    0,00    0,00  100,00
13:05:33      16    0,99    0,00    0,99    0,00    0,00    0,00    0,00    0,00    0,00   98,02
13:05:33      17    0,00    0,00    0,99    0,00    0,00    0,00    0,00    0,00    0,00   99,01
13:05:33      18    0,00    0,00    0,99    0,00    0,00    0,00    0,00    0,00    0,00   99,01
13:05:33      19    0,00    0,00    0,00    0,00    0,00    0,00    0,00    0,00    0,00  100,00
13:05:33      20    1,00    0,00    0,00    0,00    0,00    0,00    0,00    0,00    0,00   99,00
13:05:33      21    1,00    0,00    0,00    0,00    0,00    0,00    0,00    0,00    0,00   99,00
13:05:33      22    1,00    0,00    0,00    0,00    0,00   61,00    0,00    0,00    0,00   38,00
13:05:33      23    0,00    0,00    0,00    0,00    0,00   61,00    0,00    0,00    0,00   39,00

13:05:33     CPU    %usr   %nice    %sys %iowait    %irq   %soft  %steal  %guest  %gnice   %idle
13:05:34     all    0,25    0,00    0,04    0,12    0,00   25,08    0,00    0,00    0,00   74,50
13:05:34       0    0,00    0,00    0,00    0,00    0,00    0,00    0,00    0,00    0,00  100,00
13:05:34       1    0,00    0,00    0,00    0,00    0,00    0,00    0,00    0,00    0,00  100,00
13:05:34       2    0,00    0,00    0,00    0,00    0,00    0,00    0,00    0,00    0,00  100,00
13:05:34       3    0,00    0,00    0,00    0,00    0,00  100,00    0,00    0,00    0,00    0,00
13:05:34       4    0,99    0,00    0,00    1,98    0,00    0,00    0,00    0,00    0,00   97,03
13:05:34       5    0,00    0,00    0,00    0,00    0,00    0,00    0,00    0,00    0,00  100,00
13:05:34       6    0,99    0,00    0,00    0,99    0,00    0,00    0,00    0,00    0,00   98,02
13:05:34       7    0,00    0,00    0,00    0,00    0,00    0,00    0,00    0,00    0,00  100,00
13:05:34       8    0,00    0,00    0,00    0,00    0,00  100,00    0,00    0,00    0,00    0,00
13:05:34       9    0,00    0,00    0,00    0,00    0,00  100,00    0,00    0,00    0,00    0,00
13:05:34      10    4,04    0,00    0,00    0,00    0,00    0,00    0,00    0,00    0,00   95,96
13:05:34      11    0,00    0,00    0,00    0,00    0,00    0,00    0,00    0,00    0,00  100,00
13:05:34      12    0,00    0,00    0,00    0,00    0,00    0,00    0,00    0,00    0,00  100,00
13:05:34      13    0,00    0,00    0,00    0,00    0,00  100,00    0,00    0,00    0,00    0,00
13:05:34      14    0,00    0,00    0,00    0,00    0,00    0,00    0,00    0,00    0,00  100,00
13:05:34      15    0,00    0,00    0,00    0,00    0,00    0,00    0,00    0,00    0,00  100,00
13:05:34      16    0,00    0,00    0,00    0,00    0,00    0,00    0,00    0,00    0,00  100,00
13:05:34      17    0,00    0,00    0,00    0,00    0,00    0,00    0,00    0,00    0,00  100,00
13:05:34      18    0,00    0,00    0,00    0,00    0,00    0,00    0,00    0,00    0,00  100,00
13:05:34      19    0,00    0,00    1,00    0,00    0,00    0,00    0,00    0,00    0,00   99,00
13:05:34      20    0,00    0,00    0,00    0,00    0,00    0,00    0,00    0,00    0,00  100,00
13:05:34      21    0,00    0,00    0,00    0,00    0,00    0,00    0,00    0,00    0,00  100,00
13:05:34      22    0,00    0,00    0,00    0,00    0,00  100,00    0,00    0,00    0,00    0,00
13:05:34      23    0,00    0,00    0,00    0,00    0,00  100,00    0,00    0,00    0,00    0,00

13:05:34     CPU    %usr   %nice    %sys %iowait    %irq   %soft  %steal  %guest  %gnice   %idle
13:05:35     all    1,96    0,00    0,54    0,00    0,00   25,02    0,00    0,00    0,00   72,48
13:05:35       0    0,00    0,00    0,00    0,00    0,00    0,00    0,00    0,00    0,00  100,00
13:05:35       1    0,00    0,00    0,00    0,00    0,00    0,00    0,00    0,00    0,00  100,00
13:05:35       2    8,00    0,00    2,00    0,00    0,00    0,00    0,00    0,00    0,00   90,00
13:05:35       3    0,00    0,00    0,00    0,00    0,00  100,00    0,00    0,00    0,00    0,00
13:05:35       4    1,00    0,00    0,00    0,00    0,00    0,00    0,00    0,00    0,00   99,00
13:05:35       5    0,00    0,00    0,00    0,00    0,00    0,00    0,00    0,00    0,00  100,00
13:05:35       6    2,00    0,00    1,00    0,00    0,00    0,00    0,00    0,00    0,00   97,00
13:05:35       7    0,00    0,00    0,00    0,00    0,00    0,00    0,00    0,00    0,00  100,00
13:05:35       8    0,00    0,00    0,99    0,00    0,00   99,01    0,00    0,00    0,00    0,00
13:05:35       9    0,00    0,00    0,00    0,00    0,00  100,00    0,00    0,00    0,00    0,00
13:05:35      10   10,89    0,00    0,00    0,00    0,00    0,00    0,00    0,00    0,00   89,11
13:05:35      11    0,00    0,00    0,00    0,00    0,00    0,00    0,00    0,00    0,00  100,00
13:05:35      12    0,00    0,00    0,00    0,00    0,00    0,00    0,00    0,00    0,00  100,00
13:05:35      13    0,00    0,00    0,00    0,00    0,00  100,00    0,00    0,00    0,00    0,00
13:05:35      14    0,00    0,00    0,00    0,00    0,00    0,00    0,00    0,00    0,00  100,00
13:05:35      15    0,00    0,00    0,00    0,00    0,00    0,00    0,00    0,00    0,00  100,00
13:05:35      16    5,05    0,00    3,03    0,00    0,00    0,00    0,00    0,00    0,00   91,92
13:05:35      17    2,00    0,00    2,00    0,00    0,00    0,00    0,00    0,00    0,00   96,00
13:05:35      18    2,00    0,00    1,00    0,00    0,00    0,00    0,00    0,00    0,00   97,00
13:05:35      19   15,00    0,00    3,00    0,00    0,00    0,00    0,00    0,00    0,00   82,00
13:05:35      20    1,00    0,00    0,00    0,00    0,00    0,00    0,00    0,00    0,00   99,00
13:05:35      21    0,00    0,00    0,00    0,00    0,00    0,00    0,00    0,00    0,00  100,00
13:05:35      22    0,00    0,00    0,00    0,00    0,00  100,00    0,00    0,00    0,00    0,00
13:05:35      23    0,00    0,00    0,00    0,00    0,00  100,00    0,00    0,00    0,00    0,00

13:05:35     CPU    %usr   %nice    %sys %iowait    %irq   %soft  %steal  %guest  %gnice   %idle
13:05:36     all    0,29    0,00    0,04    0,00    0,00   25,04    0,00    0,00    0,00   74,62
13:05:36       0    0,00    0,00    0,00    0,00    0,00    0,00    0,00    0,00    0,00  100,00
13:05:36       1    0,00    0,00    0,00    0,00    0,00    0,00    0,00    0,00    0,00  100,00
13:05:36       2    0,00    0,00    1,00    0,00    0,00    0,00    0,00    0,00    0,00   99,00
13:05:36       3    0,00    0,00    0,00    0,00    0,00  100,00    0,00    0,00    0,00    0,00
13:05:36       4    0,00    0,00    0,00    0,00    0,00    0,00    0,00    0,00    0,00  100,00
13:05:36       5    0,00    0,00    0,00    0,00    0,00    0,00    0,00    0,00    0,00  100,00
13:05:36       6    0,00    0,00    0,00    0,00    0,00    0,00    0,00    0,00    0,00  100,00
13:05:36       7    0,00    0,00    0,00    0,00    0,00    0,00    0,00    0,00    0,00  100,00
13:05:36       8    0,00    0,00    0,00    0,00    0,00  100,00    0,00    0,00    0,00    0,00
13:05:36       9    0,00    0,00    0,00    0,00    0,00  100,00    0,00    0,00    0,00    0,00
13:05:36      10    5,00    0,00    0,00    0,00    0,00    0,00    0,00    0,00    0,00   95,00
13:05:36      11    0,00    0,00    0,00    0,00    0,00    0,00    0,00    0,00    0,00  100,00
13:05:36      12    0,00    0,00    0,00    0,00    0,00    0,00    0,00    0,00    0,00  100,00
13:05:36      13    0,00    0,00    0,00    0,00    0,00  100,00    0,00    0,00    0,00    0,00
13:05:36      14    1,00    0,00    0,00    0,00    0,00    0,00    0,00    0,00    0,00   99,00
13:05:36      15    0,00    0,00    0,00    0,00    0,00    0,00    0,00    0,00    0,00  100,00
13:05:36      16    0,00    0,00    0,00    0,00    0,00    0,00    0,00    0,00    0,00  100,00
13:05:36      17    0,00    0,00    0,00    0,00    0,00    0,00    0,00    0,00    0,00  100,00
13:05:36      18    0,00    0,00    0,00    0,00    0,00    0,00    0,00    0,00    0,00  100,00
13:05:36      19    1,00    0,00    0,00    0,00    0,00    0,00    0,00    0,00    0,00   99,00
13:05:36      20    0,00    0,00    0,00    0,00    0,00    0,00    0,00    0,00    0,00  100,00
13:05:36      21    0,00    0,00    0,00    0,00    0,00    0,00    0,00    0,00    0,00  100,00
13:05:36      22    0,00    0,00    0,00    0,00    0,00  100,00    0,00    0,00    0,00    0,00
13:05:36      23    0,00    0,00    0,00    0,00    0,00  100,00    0,00    0,00    0,00    0,00

13:05:36     CPU    %usr   %nice    %sys %iowait    %irq   %soft  %steal  %guest  %gnice   %idle
13:05:37     all    0,33    0,00    0,00    0,00    0,00   25,03    0,00    0,00    0,00   74,63
13:05:37       0    0,00    0,00    0,00    0,00    0,00    0,00    0,00    0,00    0,00  100,00
13:05:37       1    0,00    0,00    0,00    0,00    0,00    0,00    0,00    0,00    0,00  100,00
13:05:37       2    0,99    0,00    0,00    0,00    0,00    0,00    0,00    0,00    0,00   99,01
13:05:37       3    0,00    0,00    0,00    0,00    0,00  100,00    0,00    0,00    0,00    0,00
13:05:37       4    0,00    0,00    0,00    0,00    0,00    0,00    0,00    0,00    0,00  100,00
13:05:37       5    0,00    0,00    0,00    0,00    0,00    0,00    0,00    0,00    0,00  100,00
13:05:37       6    0,00    0,00    0,00    0,00    0,00    0,00    0,00    0,00    0,00  100,00
13:05:37       7    0,00    0,00    0,00    0,00    0,00    0,00    0,00    0,00    0,00  100,00
13:05:37       8    0,00    0,00    0,00    0,00    0,00  100,00    0,00    0,00    0,00    0,00
13:05:37       9    0,00    0,00    0,00    0,00    0,00  100,00    0,00    0,00    0,00    0,00
13:05:37      10    0,00    0,00    0,00    0,00    0,00    0,00    0,00    0,00    0,00  100,00
13:05:37      11    0,00    0,00    0,00    0,00    0,00    0,00    0,00    0,00    0,00  100,00
13:05:37      12    0,00    0,00    0,00    0,00    0,00    0,00    0,00    0,00    0,00  100,00
13:05:37      13    0,00    0,00    0,00    0,00    0,00  100,00    0,00    0,00    0,00    0,00
13:05:37      14    0,00    0,00    0,00    0,00    0,00    0,00    0,00    0,00    0,00  100,00
13:05:37      15    0,00    0,00    0,00    0,00    0,00    0,00    0,00    0,00    0,00  100,00
13:05:37      16    0,00    0,00    0,00    0,00    0,00    0,00    0,00    0,00    0,00  100,00
13:05:37      17    1,00    0,00    0,00    0,00    0,00    0,00    0,00    0,00    0,00   99,00
13:05:37      18    6,06    0,00    0,00    0,00    0,00    0,00    0,00    0,00    0,00   93,94
13:05:37      19    0,00    0,00    0,00    0,00    0,00    0,00    0,00    0,00    0,00  100,00
13:05:37      20    0,00    0,00    0,00    0,00    0,00    0,00    0,00    0,00    0,00  100,00
13:05:37      21    0,00    0,00    0,00    0,00    0,00    0,00    0,00    0,00    0,00  100,00
13:05:37      22    0,00    0,00    0,00    0,00    0,00  100,00    0,00    0,00    0,00    0,00
13:05:37      23    0,00    0,00    0,00    0,00    0,00  100,00    0,00    0,00    0,00    0,00

13:05:37     CPU    %usr   %nice    %sys %iowait    %irq   %soft  %steal  %guest  %gnice   %idle
13:05:38     all    0,13    0,00    0,00    0,04    0,00   25,03    0,00    0,00    0,00   74,80
13:05:38       0    0,00    0,00    0,00    0,00    0,00    0,00    0,00    0,00    0,00  100,00
13:05:38       1    0,00    0,00    0,00    0,00    0,00    0,00    0,00    0,00    0,00  100,00
13:05:38       2    0,00    0,00    0,00    0,00    0,00    0,00    0,00    0,00    0,00  100,00
13:05:38       3    0,00    0,00    0,00    0,00    0,00  100,00    0,00    0,00    0,00    0,00
13:05:38       4    0,00    0,00    0,00    0,00    0,00    0,00    0,00    0,00    0,00  100,00
13:05:38       5    0,00    0,00    0,00    0,00    0,00    0,00    0,00    0,00    0,00  100,00
13:05:38       6    0,00    0,00    0,00    0,00    0,00    0,00    0,00    0,00    0,00  100,00
13:05:38       7    0,00    0,00    0,00    0,00    0,00    0,00    0,00    0,00    0,00  100,00
13:05:38       8    0,00    0,00    0,00    0,00    0,00  100,00    0,00    0,00    0,00    0,00
13:05:38       9    0,00    0,00    0,00    0,00    0,00  100,00    0,00    0,00    0,00    0,00
13:05:38      10    0,00    0,00    0,00    1,00    0,00    0,00    0,00    0,00    0,00   99,00
13:05:38      11    0,00    0,00    0,00    0,00    0,00    0,00    0,00    0,00    0,00  100,00
13:05:38      12    0,00    0,00    0,00    0,00    0,00    0,00    0,00    0,00    0,00  100,00
13:05:38      13    0,00    0,00    0,00    0,00    0,00  100,00    0,00    0,00    0,00    0,00
13:05:38      14    0,00    0,00    0,00    0,00    0,00    0,00    0,00    0,00    0,00  100,00
13:05:38      15    0,00    0,00    0,00    0,00    0,00    0,00    0,00    0,00    0,00  100,00
13:05:38      16    0,00    0,00    0,00    0,00    0,00    0,00    0,00    0,00    0,00  100,00
13:05:38      17    0,00    0,00    0,00    0,00    0,00    0,00    0,00    0,00    0,00  100,00
13:05:38      18    3,00    0,00    0,00    0,00    0,00    0,00    0,00    0,00    0,00   97,00
13:05:38      19    0,00    0,00    0,00    0,00    0,00    0,00    0,00    0,00    0,00  100,00
13:05:38      20    0,00    0,00    0,00    0,00    0,00    0,00    0,00    0,00    0,00  100,00
13:05:38      21    0,00    0,00    0,00    0,00    0,00    0,00    0,00    0,00    0,00  100,00
13:05:38      22    0,00    0,00    0,00    0,00    0,00  100,00    0,00    0,00    0,00    0,00
13:05:38      23    0,00    0,00    0,00    0,00    0,00  100,00    0,00    0,00    0,00    0,00

13:05:38     CPU    %usr   %nice    %sys %iowait    %irq   %soft  %steal  %guest  %gnice   %idle
13:05:39     all    0,29    0,00    0,04    0,08    0,00   24,99    0,00    0,00    0,00   74,59
13:05:39       0    0,00    0,00    0,00    0,00    0,00    0,00    0,00    0,00    0,00  100,00
13:05:39       1    0,00    0,00    0,00    0,00    0,00    0,00    0,00    0,00    0,00  100,00
13:05:39       2    0,00    0,00    0,00    0,00    0,00    0,00    0,00    0,00    0,00  100,00
13:05:39       3    0,00    0,00    0,00    0,00    0,00  100,00    0,00    0,00    0,00    0,00
13:05:39       4    0,00    0,00    0,00    1,00    0,00    0,00    0,00    0,00    0,00   99,00
13:05:39       5    0,00    0,00    0,00    0,00    0,00    0,00    0,00    0,00    0,00  100,00
13:05:39       6    0,00    0,00    0,99    0,00    0,00    0,00    0,00    0,00    0,00   99,01
13:05:39       7    0,00    0,00    0,00    0,00    0,00    0,00    0,00    0,00    0,00  100,00
13:05:39       8    0,00    0,00    0,00    0,00    0,00  100,00    0,00    0,00    0,00    0,00
13:05:39       9    0,00    0,00    0,00    0,00    0,00  100,00    0,00    0,00    0,00    0,00
13:05:39      10    0,00    0,00    0,00    1,00    0,00    0,00    0,00    0,00    0,00   99,00
13:05:39      11    0,00    0,00    0,00    0,00    0,00    0,00    0,00    0,00    0,00  100,00
13:05:39      12    0,00    0,00    0,00    0,00    0,00    0,00    0,00    0,00    0,00  100,00
13:05:39      13    0,00    0,00    0,00    0,00    0,00  100,00    0,00    0,00    0,00    0,00
13:05:39      14    0,00    0,00    0,00    0,00    0,00    0,00    0,00    0,00    0,00  100,00
13:05:39      15    0,00    0,00    0,00    0,00    0,00    0,00    0,00    0,00    0,00  100,00
13:05:39      16    0,00    0,00    0,00    0,00    0,00    0,00    0,00    0,00    0,00  100,00
13:05:39      17    1,00    0,00    0,00    0,00    0,00    0,00    0,00    0,00    0,00   99,00
13:05:39      18    6,00    0,00    0,00    0,00    0,00    0,00    0,00    0,00    0,00   94,00
13:05:39      19    0,00    0,00    0,00    0,00    0,00    0,00    0,00    0,00    0,00  100,00
13:05:39      20    0,00    0,00    0,00    0,00    0,00    0,00    0,00    0,00    0,00  100,00
13:05:39      21    0,00    0,00    0,00    0,00    0,00    0,00    0,00    0,00    0,00  100,00
13:05:39      22    0,00    0,00    0,00    0,00    0,00  100,00    0,00    0,00    0,00    0,00
13:05:39      23    0,00    0,00    0,00    0,00    0,00  100,00    0,00    0,00    0,00    0,00

13:05:39     CPU    %usr   %nice    %sys %iowait    %irq   %soft  %steal  %guest  %gnice   %idle
13:05:40     all    0,42    0,00    0,17    0,00    0,00   25,01    0,00    0,00    0,00   74,41
13:05:40       0    0,00    0,00    1,00    0,00    0,00    0,00    0,00    0,00    0,00   99,00
13:05:40       1    0,00    0,00    0,00    0,00    0,00    0,00    0,00    0,00    0,00  100,00
13:05:40       2    0,00    0,00    0,00    0,00    0,00    0,00    0,00    0,00    0,00  100,00
13:05:40       3    0,00    0,00    0,99    0,00    0,00   99,01    0,00    0,00    0,00    0,00
13:05:40       4    0,00    0,00    0,00    0,00    0,00    0,00    0,00    0,00    0,00  100,00
13:05:40       5    0,00    0,00    0,00    0,00    0,00    0,00    0,00    0,00    0,00  100,00
13:05:40       6    0,00    0,00    0,00    0,00    0,00    0,00    0,00    0,00    0,00  100,00
13:05:40       7    0,00    0,00    0,00    0,00    0,00    0,00    0,00    0,00    0,00  100,00
13:05:40       8    0,00    0,00    0,00    0,00    0,00  100,00    0,00    0,00    0,00    0,00
13:05:40       9    0,00    0,00    0,00    0,00    0,00  100,00    0,00    0,00    0,00    0,00
13:05:40      10    0,00    0,00    0,00    0,00    0,00    0,00    0,00    0,00    0,00  100,00
13:05:40      11    0,00    0,00    0,00    0,00    0,00    0,00    0,00    0,00    0,00  100,00
13:05:40      12    0,00    0,00    0,00    0,00    0,00    0,00    0,00    0,00    0,00  100,00
13:05:40      13    0,00    0,00    0,00    0,00    0,00  100,00    0,00    0,00    0,00    0,00
13:05:40      14    0,98    0,00    0,98    0,00    0,00    0,00    0,00    0,00    0,00   98,04
13:05:40      15    0,00    0,00    0,00    0,00    0,00    0,00    0,00    0,00    0,00  100,00
13:05:40      16    1,00    0,00    1,00    0,00    0,00    0,00    0,00    0,00    0,00   98,00
13:05:40      17    1,00    0,00    0,00    0,00    0,00    0,00    0,00    0,00    0,00   99,00
13:05:40      18    7,00    0,00    0,00    0,00    0,00    0,00    0,00    0,00    0,00   93,00
13:05:40      19    0,00    0,00    0,00    0,00    0,00    0,00    0,00    0,00    0,00  100,00
13:05:40      20    0,00    0,00    0,00    0,00    0,00    0,00    0,00    0,00    0,00  100,00
13:05:40      21    0,00    0,00    0,00    0,00    0,00    0,00    0,00    0,00    0,00  100,00
13:05:40      22    0,00    0,00    0,00    0,00    0,00  100,00    0,00    0,00    0,00    0,00
13:05:40      23    0,00    0,00    0,00    0,00    0,00  100,00    0,00    0,00    0,00    0,00

13:05:40     CPU    %usr   %nice    %sys %iowait    %irq   %soft  %steal  %guest  %gnice   %idle
13:05:41     all    0,29    0,00    0,13    0,00    0,00   25,01    0,00    0,00    0,00   74,57
13:05:41       0    0,00    0,00    0,00    0,00    0,00    0,00    0,00    0,00    0,00  100,00
13:05:41       1    0,00    0,00    0,00    0,00    0,00    0,00    0,00    0,00    0,00  100,00
13:05:41       2    0,00    0,00    0,00    0,00    0,00    0,00    0,00    0,00    0,00  100,00
13:05:41       3    0,00    0,00    0,00    0,00    0,00  100,00    0,00    0,00    0,00    0,00
13:05:41       4    0,00    0,00    0,00    0,00    0,00    0,00    0,00    0,00    0,00  100,00
13:05:41       5    0,00    0,00    0,00    0,00    0,00    0,00    0,00    0,00    0,00  100,00
13:05:41       6    0,00    0,00    0,00    0,00    0,00    0,00    0,00    0,00    0,00  100,00
13:05:41       7    0,00    0,00    0,00    0,00    0,00    0,00    0,00    0,00    0,00  100,00
13:05:41       8    0,00    0,00    0,00    0,00    0,00  100,00    0,00    0,00    0,00    0,00
13:05:41       9    0,00    0,00    0,00    0,00    0,00  100,00    0,00    0,00    0,00    0,00
13:05:41      10    0,00    0,00    0,00    0,00    0,00    0,00    0,00    0,00    0,00  100,00
13:05:41      11    0,00    0,00    0,00    0,00    0,00    0,00    0,00    0,00    0,00  100,00
13:05:41      12    0,00    0,00    0,00    0,00    0,00    0,00    0,00    0,00    0,00  100,00
13:05:41      13    0,00    0,00    0,00    0,00    0,00  100,00    0,00    0,00    0,00    0,00
13:05:41      14    0,00    0,00    0,00    0,00    0,00    0,00    0,00    0,00    0,00  100,00
13:05:41      15    0,00    0,00    0,00    0,00    0,00    0,00    0,00    0,00    0,00  100,00
13:05:41      16    1,00    0,00    1,00    0,00    0,00    0,00    0,00    0,00    0,00   98,00
13:05:41      17    0,00    0,00    1,00    0,00    0,00    0,00    0,00    0,00    0,00   99,00
13:05:41      18    4,00    0,00    0,00    0,00    0,00    0,00    0,00    0,00    0,00   96,00
13:05:41      19    0,99    0,00    0,00    0,00    0,00    0,00    0,00    0,00    0,00   99,01
13:05:41      20    0,99    0,00    0,00    0,00    0,00    0,00    0,00    0,00    0,00   99,01
13:05:41      21    0,00    0,00    1,00    0,00    0,00    0,00    0,00    0,00    0,00   99,00
13:05:41      22    0,00    0,00    0,00    0,00    0,00  100,00    0,00    0,00    0,00    0,00
13:05:41      23    0,00    0,00    0,00    0,00    0,00  100,00    0,00    0,00    0,00    0,00

13:05:41     CPU    %usr   %nice    %sys %iowait    %irq   %soft  %steal  %guest  %gnice   %idle
13:05:42     all    3,62    0,00    0,87    0,00    0,00   24,94    0,00    0,00    0,00   70,57
13:05:42       0    3,03    0,00    0,00    0,00    0,00    0,00    0,00    0,00    0,00   96,97
13:05:42       1    1,00    0,00    0,00    0,00    0,00    0,00    0,00    0,00    0,00   99,00
13:05:42       2    0,00    0,00    0,00    0,00    0,00    0,00    0,00    0,00    0,00  100,00
13:05:42       3    0,00    0,00    0,00    0,00    0,00  100,00    0,00    0,00    0,00    0,00
13:05:42       4    2,00    0,00    1,00    0,00    0,00    0,00    0,00    0,00    0,00   97,00
13:05:42       5    0,00    0,00    0,00    0,00    0,00    0,00    0,00    0,00    0,00  100,00
13:05:42       6    1,00    0,00    1,00    0,00    0,00    0,00    0,00    0,00    0,00   98,00
13:05:42       7    0,00    0,00    0,00    0,00    0,00    0,00    0,00    0,00    0,00  100,00
13:05:42       8    0,00    0,00    0,00    0,00    0,00  100,00    0,00    0,00    0,00    0,00
13:05:42       9    0,00    0,00    0,00    0,00    0,00  100,00    0,00    0,00    0,00    0,00
13:05:42      10    2,00    0,00    1,00    0,00    0,00    0,00    0,00    0,00    0,00   97,00
13:05:42      11    2,97    0,00    1,98    0,00    0,00    0,00    0,00    0,00    0,00   95,05
13:05:42      12    0,99    0,00    0,99    0,00    0,00    0,00    0,00    0,00    0,00   98,02
13:05:42      13    0,00    0,00    0,00    0,00    0,00  100,00    0,00    0,00    0,00    0,00
13:05:42      14    3,00    0,00    2,00    0,00    0,00    0,00    0,00    0,00    0,00   95,00
13:05:42      15    0,00    0,00    0,00    0,00    0,00    0,00    0,00    0,00    0,00  100,00
13:05:42      16    4,00    0,00    2,00    0,00    0,00    0,00    0,00    0,00    0,00   94,00
13:05:42      17    4,00    0,00    2,00    0,00    0,00    0,00    0,00    0,00    0,00   94,00
13:05:42      18   27,72    0,00    1,98    0,00    0,00    0,00    0,00    0,00    0,00   70,30
13:05:42      19   33,00    0,00    5,00    0,00    0,00    0,00    0,00    0,00    0,00   62,00
13:05:42      20    1,98    0,00    0,99    0,00    0,00    0,00    0,00    0,00    0,00   97,03
13:05:42      21    0,00    0,00    0,00    0,00    0,00    0,00    0,00    0,00    0,00  100,00
13:05:42      22    0,00    0,00    0,00    0,00    0,00  100,00    0,00    0,00    0,00    0,00
13:05:42      23    0,00    0,00    0,99    0,00    0,00   99,01    0,00    0,00    0,00    0,00
