Linux 6.8.0-111-generic (testbed-node6) 	12/05/26 	_x86_64_	(24 CPU)

21:59:27     CPU    %usr   %nice    %sys %iowait    %irq   %soft  %steal  %guest  %gnice   %idle
21:59:28     all    0,46    0,00    0,21    0,00    0,00   12,46    0,00    0,00    0,00   86,87
21:59:28       0    0,00    0,00    0,00    0,00    0,00   85,44    0,00    0,00    0,00   14,56
21:59:28       1    0,00    0,00    0,00    0,00    0,00  100,00    0,00    0,00    0,00    0,00
21:59:28       2    0,00    0,00    0,00    0,00    0,00   71,72    0,00    0,00    0,00   28,28
21:59:28       3    0,00    0,00    0,00    0,00    0,00   40,82    0,00    0,00    0,00   59,18
21:59:28       4    0,00    0,00    0,00    0,00    0,00    0,00    0,00    0,00    0,00  100,00
21:59:28       5    0,00    0,00    0,00    0,00    0,00    0,00    0,00    0,00    0,00  100,00
21:59:28       6    0,00    0,00    0,00    0,00    0,00    0,00    0,00    0,00    0,00  100,00
21:59:28       7    0,00    0,00    0,00    0,00    0,00    0,00    0,00    0,00    0,00  100,00
21:59:28       8    0,00    0,00    0,00    0,00    0,00    0,00    0,00    0,00    0,00  100,00
21:59:28       9    0,00    0,00    0,00    0,00    0,00    0,00    0,00    0,00    0,00  100,00
21:59:28      10    7,00    0,00    1,00    0,00    0,00    0,00    0,00    0,00    0,00   92,00
21:59:28      11    0,00    0,00    0,00    0,00    0,00    0,00    0,00    0,00    0,00  100,00
21:59:28      12    1,00    0,00    0,00    0,00    0,00    0,00    0,00    0,00    0,00   99,00
21:59:28      13    0,00    0,00    0,00    0,00    0,00    0,00    0,00    0,00    0,00  100,00
21:59:28      14    0,99    0,00    0,00    0,00    0,00    0,00    0,00    0,00    0,00   99,01
21:59:28      15    0,00    0,00    0,00    0,00    0,00    0,00    0,00    0,00    0,00  100,00
21:59:28      16    0,00    0,00    0,99    0,00    0,00    0,00    0,00    0,00    0,00   99,01
21:59:28      17    1,00    0,00    1,00    0,00    0,00    0,00    0,00    0,00    0,00   98,00
21:59:28      18    0,00    0,00    0,00    0,00    0,00    0,00    0,00    0,00    0,00  100,00
21:59:28      19    0,00    0,00    1,00    0,00    0,00    0,00    0,00    0,00    0,00   99,00
21:59:28      20    0,00    0,00    0,00    0,00    0,00    0,00    0,00    0,00    0,00  100,00
21:59:28      21    0,00    0,00    0,00    0,00    0,00    0,00    0,00    0,00    0,00  100,00
21:59:28      22    0,99    0,00    0,99    0,00    0,00    0,00    0,00    0,00    0,00   98,02
21:59:28      23    0,00    0,00    0,00    0,00    0,00    0,00    0,00    0,00    0,00  100,00

21:59:28     CPU    %usr   %nice    %sys %iowait    %irq   %soft  %steal  %guest  %gnice   %idle
21:59:29     all    0,12    0,00    0,04    0,00    0,00   12,56    0,00    0,00    0,00   87,28
21:59:29       0    0,00    0,00    0,00    0,00    0,00   85,58    0,00    0,00    0,00   14,42
21:59:29       1    0,00    0,00    0,99    0,00    0,00   99,01    0,00    0,00    0,00    0,00
21:59:29       2    0,00    0,00    0,00    0,00    0,00   72,00    0,00    0,00    0,00   28,00
21:59:29       3    0,00    0,00    0,00    0,00    0,00   41,00    0,00    0,00    0,00   59,00
21:59:29       4    0,00    0,00    0,00    0,00    0,00    0,00    0,00    0,00    0,00  100,00
21:59:29       5    0,00    0,00    0,00    0,00    0,00    0,00    0,00    0,00    0,00  100,00
21:59:29       6    0,00    0,00    0,00    0,00    0,00    0,00    0,00    0,00    0,00  100,00
21:59:29       7    0,00    0,00    0,00    0,00    0,00    0,00    0,00    0,00    0,00  100,00
21:59:29       8    2,97    0,00    0,00    0,00    0,00    0,00    0,00    0,00    0,00   97,03
21:59:29       9    0,00    0,00    0,00    0,00    0,00    0,00    0,00    0,00    0,00  100,00
21:59:29      10    0,00    0,00    0,00    0,00    0,00    0,00    0,00    0,00    0,00  100,00
21:59:29      11    0,00    0,00    0,00    0,00    0,00    0,00    0,00    0,00    0,00  100,00
21:59:29      12    0,00    0,00    0,00    0,00    0,00    0,00    0,00    0,00    0,00  100,00
21:59:29      13    0,00    0,00    0,00    0,00    0,00    0,00    0,00    0,00    0,00  100,00
21:59:29      14    0,00    0,00    0,00    0,00    0,00    0,00    0,00    0,00    0,00  100,00
21:59:29      15    0,00    0,00    0,00    0,00    0,00    0,00    0,00    0,00    0,00  100,00
21:59:29      16    0,00    0,00    0,00    0,00    0,00    0,00    0,00    0,00    0,00  100,00
21:59:29      17    0,00    0,00    0,00    0,00    0,00    0,00    0,00    0,00    0,00  100,00
21:59:29      18    0,00    0,00    0,00    0,00    0,00    0,00    0,00    0,00    0,00  100,00
21:59:29      19    0,00    0,00    0,00    0,00    0,00    0,00    0,00    0,00    0,00  100,00
21:59:29      20    0,00    0,00    0,00    0,00    0,00    0,00    0,00    0,00    0,00  100,00
21:59:29      21    0,00    0,00    0,00    0,00    0,00    0,00    0,00    0,00    0,00  100,00
21:59:29      22    0,00    0,00    0,00    0,00    0,00    0,00    0,00    0,00    0,00  100,00
21:59:29      23    0,00    0,00    0,00    0,00    0,00    0,00    0,00    0,00    0,00  100,00

21:59:29     CPU    %usr   %nice    %sys %iowait    %irq   %soft  %steal  %guest  %gnice   %idle
21:59:30     all    1,21    0,00    0,79    0,21    0,00   13,13    0,00    0,00    0,00   84,66
21:59:30       0    0,00    0,00    0,00    0,00    0,00   90,10    0,00    0,00    0,00    9,90
21:59:30       1    0,00    0,00    0,00    0,00    0,00  100,00    0,00    0,00    0,00    0,00
21:59:30       2    1,01    0,00    0,00    0,00    0,00   74,75    0,00    0,00    0,00   24,24
21:59:30       3    2,04    0,00    1,02    0,00    0,00   51,02    0,00    0,00    0,00   45,92
21:59:30       4    2,02    0,00    1,01    1,01    0,00    0,00    0,00    0,00    0,00   95,96
21:59:30       5    0,00    0,00    0,00    0,00    0,00    0,00    0,00    0,00    0,00  100,00
21:59:30       6    1,00    0,00    1,00    1,00    0,00    0,00    0,00    0,00    0,00   97,00
21:59:30       7    0,00    0,00    0,00    0,00    0,00    0,00    0,00    0,00    0,00  100,00
21:59:30       8    4,95    0,00    1,98    1,98    0,00    0,00    0,00    0,00    0,00   91,09
21:59:30       9    0,00    0,00    0,00    0,00    0,00    0,00    0,00    0,00    0,00  100,00
21:59:30      10    1,98    0,00    1,98    0,00    0,00    0,00    0,00    0,00    0,00   96,04
21:59:30      11    2,00    0,00    1,00    0,00    0,00    0,00    0,00    0,00    0,00   97,00
21:59:30      12    1,01    0,00    0,00    1,01    0,00    0,00    0,00    0,00    0,00   97,98
21:59:30      13    0,00    0,00    0,00    0,00    0,00    0,00    0,00    0,00    0,00  100,00
21:59:30      14    1,01    0,00    1,01    0,00    0,00    0,00    0,00    0,00    0,00   97,98
21:59:30      15    0,00    0,00    0,00    0,00    0,00    0,00    0,00    0,00    0,00  100,00
21:59:30      16    2,02    0,00    1,01    0,00    0,00    0,00    0,00    0,00    0,00   96,97
21:59:30      17    0,00    0,00    1,00    0,00    0,00    0,00    0,00    0,00    0,00   99,00
21:59:30      18    1,98    0,00    1,98    0,00    0,00    0,00    0,00    0,00    0,00   96,04
21:59:30      19    0,99    0,00    0,99    0,00    0,00    0,00    0,00    0,00    0,00   98,02
21:59:30      20    1,98    0,00    1,98    0,00    0,00    0,00    0,00    0,00    0,00   96,04
21:59:30      21    1,98    0,00    0,99    0,00    0,00    0,00    0,00    0,00    0,00   97,03
21:59:30      22    2,00    0,00    2,00    0,00    0,00    0,00    0,00    0,00    0,00   96,00
21:59:30      23    1,01    0,00    0,00    0,00    0,00    0,00    0,00    0,00    0,00   98,99

21:59:30     CPU    %usr   %nice    %sys %iowait    %irq   %soft  %steal  %guest  %gnice   %idle
21:59:31     all    0,08    0,00    0,04    0,00    0,00   15,10    0,00    0,00    0,00   84,77
21:59:31       0    0,00    0,00    0,00    0,00    0,00  100,00    0,00    0,00    0,00    0,00
21:59:31       1    0,00    0,00    0,00    0,00    0,00  100,00    0,00    0,00    0,00    0,00
21:59:31       2    0,00    0,00    0,00    0,00    0,00   79,80    0,00    0,00    0,00   20,20
21:59:31       3    0,00    0,00    0,00    0,00    0,00   83,00    0,00    0,00    0,00   17,00
21:59:31       4    0,00    0,00    0,00    0,00    0,00    0,00    0,00    0,00    0,00  100,00
21:59:31       5    0,00    0,00    0,00    0,00    0,00    0,00    0,00    0,00    0,00  100,00
21:59:31       6    0,00    0,00    0,00    0,00    0,00    0,00    0,00    0,00    0,00  100,00
21:59:31       7    0,00    0,00    0,00    0,00    0,00    0,00    0,00    0,00    0,00  100,00
21:59:31       8    0,00    0,00    0,00    0,00    0,00    0,00    0,00    0,00    0,00  100,00
21:59:31       9    0,00    0,00    0,00    0,00    0,00    0,00    0,00    0,00    0,00  100,00
21:59:31      10    1,01    0,00    0,00    0,00    0,00    0,00    0,00    0,00    0,00   98,99
21:59:31      11    0,99    0,00    0,99    0,00    0,00    0,00    0,00    0,00    0,00   98,02
21:59:31      12    0,00    0,00    0,00    0,00    0,00    0,00    0,00    0,00    0,00  100,00
21:59:31      13    0,00    0,00    0,00    0,00    0,00    0,00    0,00    0,00    0,00  100,00
21:59:31      14    0,00    0,00    0,00    0,00    0,00    0,00    0,00    0,00    0,00  100,00
21:59:31      15    0,00    0,00    0,00    0,00    0,00    0,00    0,00    0,00    0,00  100,00
21:59:31      16    0,00    0,00    0,00    0,00    0,00    0,00    0,00    0,00    0,00  100,00
21:59:31      17    0,00    0,00    0,00    0,00    0,00    0,00    0,00    0,00    0,00  100,00
21:59:31      18    0,00    0,00    0,00    0,00    0,00    0,00    0,00    0,00    0,00  100,00
21:59:31      19    0,00    0,00    0,00    0,00    0,00    0,00    0,00    0,00    0,00  100,00
21:59:31      20    0,00    0,00    0,00    0,00    0,00    0,00    0,00    0,00    0,00  100,00
21:59:31      21    0,00    0,00    0,00    0,00    0,00    0,00    0,00    0,00    0,00  100,00
21:59:31      22    0,00    0,00    0,00    0,00    0,00    0,00    0,00    0,00    0,00  100,00
21:59:31      23    0,00    0,00    0,00    0,00    0,00    0,00    0,00    0,00    0,00  100,00

21:59:31     CPU    %usr   %nice    %sys %iowait    %irq   %soft  %steal  %guest  %gnice   %idle
21:59:32     all    0,04    0,00    0,00    0,00    0,00   15,08    0,00    0,00    0,00   84,88
21:59:32       0    0,00    0,00    0,00    0,00    0,00  100,00    0,00    0,00    0,00    0,00
21:59:32       1    0,00    0,00    0,00    0,00    0,00  100,00    0,00    0,00    0,00    0,00
21:59:32       2    0,00    0,00    0,00    0,00    0,00   80,00    0,00    0,00    0,00   20,00
21:59:32       3    0,00    0,00    0,00    0,00    0,00   82,00    0,00    0,00    0,00   18,00
21:59:32       4    0,00    0,00    0,00    0,00    0,00    0,00    0,00    0,00    0,00  100,00
21:59:32       5    0,00    0,00    0,00    0,00    0,00    0,00    0,00    0,00    0,00  100,00
21:59:32       6    0,00    0,00    0,00    0,00    0,00    0,00    0,00    0,00    0,00  100,00
21:59:32       7    0,00    0,00    0,00    0,00    0,00    0,00    0,00    0,00    0,00  100,00
21:59:32       8    0,00    0,00    0,00    0,00    0,00    0,00    0,00    0,00    0,00  100,00
21:59:32       9    0,00    0,00    0,00    0,00    0,00    0,00    0,00    0,00    0,00  100,00
21:59:32      10    0,00    0,00    0,00    0,00    0,00    0,00    0,00    0,00    0,00  100,00
21:59:32      11    0,99    0,00    0,00    0,00    0,00    0,00    0,00    0,00    0,00   99,01
21:59:32      12    0,00    0,00    0,00    0,00    0,00    0,00    0,00    0,00    0,00  100,00
21:59:32      13    0,00    0,00    0,00    0,00    0,00    0,00    0,00    0,00    0,00  100,00
21:59:32      14    0,00    0,00    0,00    0,00    0,00    0,00    0,00    0,00    0,00  100,00
21:59:32      15    0,00    0,00    0,00    0,00    0,00    0,00    0,00    0,00    0,00  100,00
21:59:32      16    0,00    0,00    0,00    0,00    0,00    0,00    0,00    0,00    0,00  100,00
21:59:32      17    0,00    0,00    0,00    0,00    0,00    0,00    0,00    0,00    0,00  100,00
21:59:32      18    0,00    0,00    0,00    0,00    0,00    0,00    0,00    0,00    0,00  100,00
21:59:32      19    0,00    0,00    0,00    0,00    0,00    0,00    0,00    0,00    0,00  100,00
21:59:32      20    0,00    0,00    0,00    0,00    0,00    0,00    0,00    0,00    0,00  100,00
21:59:32      21    0,00    0,00    0,00    0,00    0,00    0,00    0,00    0,00    0,00  100,00
21:59:32      22    0,00    0,00    0,00    0,00    0,00    0,00    0,00    0,00    0,00  100,00
21:59:32      23    0,00    0,00    0,00    0,00    0,00    0,00    0,00    0,00    0,00  100,00

21:59:32     CPU    %usr   %nice    %sys %iowait    %irq   %soft  %steal  %guest  %gnice   %idle
21:59:33     all    0,04    0,00    0,00    0,00    0,00   15,05    0,00    0,00    0,00   84,91
21:59:33       0    0,00    0,00    0,00    0,00    0,00  100,00    0,00    0,00    0,00    0,00
21:59:33       1    0,00    0,00    0,00    0,00    0,00  100,00    0,00    0,00    0,00    0,00
21:59:33       2    0,00    0,00    0,00    0,00    0,00   78,57    0,00    0,00    0,00   21,43
21:59:33       3    0,00    0,00    0,00    0,00    0,00   83,17    0,00    0,00    0,00   16,83
21:59:33       4    0,00    0,00    0,00    0,00    0,00    0,00    0,00    0,00    0,00  100,00
21:59:33       5    0,00    0,00    0,00    0,00    0,00    0,00    0,00    0,00    0,00  100,00
21:59:33       6    0,00    0,00    0,00    0,00    0,00    0,00    0,00    0,00    0,00  100,00
21:59:33       7    0,00    0,00    0,00    0,00    0,00    0,00    0,00    0,00    0,00  100,00
21:59:33       8    0,00    0,00    0,00    0,00    0,00    0,00    0,00    0,00    0,00  100,00
21:59:33       9    0,00    0,00    0,00    0,00    0,00    0,00    0,00    0,00    0,00  100,00
21:59:33      10    0,00    0,00    0,00    0,00    0,00    0,00    0,00    0,00    0,00  100,00
21:59:33      11    1,00    0,00    0,00    0,00    0,00    0,00    0,00    0,00    0,00   99,00
21:59:33      12    0,00    0,00    0,00    0,00    0,00    0,00    0,00    0,00    0,00  100,00
21:59:33      13    0,00    0,00    0,00    0,00    0,00    0,00    0,00    0,00    0,00  100,00
21:59:33      14    0,00    0,00    0,00    0,00    0,00    0,00    0,00    0,00    0,00  100,00
21:59:33      15    0,00    0,00    0,00    0,00    0,00    0,00    0,00    0,00    0,00  100,00
21:59:33      16    0,00    0,00    0,00    0,00    0,00    0,00    0,00    0,00    0,00  100,00
21:59:33      17    0,00    0,00    0,00    0,00    0,00    0,00    0,00    0,00    0,00  100,00
21:59:33      18    0,00    0,00    0,00    0,00    0,00    0,00    0,00    0,00    0,00  100,00
21:59:33      19    0,00    0,00    0,00    0,00    0,00    0,00    0,00    0,00    0,00  100,00
21:59:33      20    0,00    0,00    0,00    0,00    0,00    0,00    0,00    0,00    0,00  100,00
21:59:33      21    0,00    0,00    0,00    0,00    0,00    0,00    0,00    0,00    0,00  100,00
21:59:33      22    0,00    0,00    0,00    0,00    0,00    0,00    0,00    0,00    0,00  100,00
21:59:33      23    0,00    0,00    0,00    0,00    0,00    0,00    0,00    0,00    0,00  100,00

21:59:33     CPU    %usr   %nice    %sys %iowait    %irq   %soft  %steal  %guest  %gnice   %idle
21:59:34     all    0,04    0,00    0,04    0,00    0,00   15,06    0,00    0,00    0,00   84,86
21:59:34       0    0,00    0,00    0,00    0,00    0,00  100,00    0,00    0,00    0,00    0,00
21:59:34       1    0,00    0,00    0,00    0,00    0,00  100,00    0,00    0,00    0,00    0,00
21:59:34       2    0,00    0,00    0,00    0,00    0,00   79,80    0,00    0,00    0,00   20,20
21:59:34       3    0,00    0,00    0,00    0,00    0,00   82,83    0,00    0,00    0,00   17,17
21:59:34       4    0,00    0,00    0,00    0,00    0,00    0,00    0,00    0,00    0,00  100,00
21:59:34       5    0,00    0,00    0,00    0,00    0,00    0,00    0,00    0,00    0,00  100,00
21:59:34       6    0,00    0,00    0,00    0,00    0,00    0,00    0,00    0,00    0,00  100,00
21:59:34       7    0,00    0,00    0,00    0,00    0,00    0,00    0,00    0,00    0,00  100,00
21:59:34       8    0,00    0,00    0,00    0,00    0,00    0,00    0,00    0,00    0,00  100,00
21:59:34       9    0,00    0,00    0,00    0,00    0,00    0,00    0,00    0,00    0,00  100,00
21:59:34      10    0,00    0,00    0,00    0,00    0,00    0,00    0,00    0,00    0,00  100,00
21:59:34      11    0,99    0,00    0,99    0,00    0,00    0,00    0,00    0,00    0,00   98,02
21:59:34      12    0,00    0,00    0,00    0,00    0,00    0,00    0,00    0,00    0,00  100,00
21:59:34      13    0,00    0,00    0,00    0,00    0,00    0,00    0,00    0,00    0,00  100,00
21:59:34      14    0,00    0,00    0,00    0,00    0,00    0,00    0,00    0,00    0,00  100,00
21:59:34      15    0,00    0,00    0,00    0,00    0,00    0,00    0,00    0,00    0,00  100,00
21:59:34      16    0,00    0,00    0,00    0,00    0,00    0,00    0,00    0,00    0,00  100,00
21:59:34      17    0,00    0,00    0,00    0,00    0,00    0,00    0,00    0,00    0,00  100,00
21:59:34      18    0,00    0,00    0,00    0,00    0,00    0,00    0,00    0,00    0,00  100,00
21:59:34      19    0,00    0,00    0,00    0,00    0,00    0,00    0,00    0,00    0,00  100,00
21:59:34      20    0,00    0,00    0,00    0,00    0,00    0,00    0,00    0,00    0,00  100,00
21:59:34      21    0,00    0,00    0,00    0,00    0,00    0,00    0,00    0,00    0,00  100,00
21:59:34      22    0,00    0,00    0,00    0,00    0,00    0,00    0,00    0,00    0,00  100,00
21:59:34      23    0,00    0,00    0,00    0,00    0,00    0,00    0,00    0,00    0,00  100,00

21:59:34     CPU    %usr   %nice    %sys %iowait    %irq   %soft  %steal  %guest  %gnice   %idle
21:59:35     all    0,13    0,00    0,00    0,04    0,00   14,72    0,00    0,00    0,00   85,12
21:59:35       0    0,00    0,00    0,00    0,00    0,00  100,00    0,00    0,00    0,00    0,00
21:59:35       1    0,00    0,00    0,00    0,00    0,00  100,00    0,00    0,00    0,00    0,00
21:59:35       2    0,00    0,00    0,00    0,00    0,00   80,41    0,00    0,00    0,00   19,59
21:59:35       3    0,00    0,00    0,00    0,00    0,00   81,32    0,00    0,00    0,00   18,68
21:59:35       4    0,00    0,00    0,00    0,00    0,00    0,00    0,00    0,00    0,00  100,00
21:59:35       5    0,00    0,00    0,00    0,00    0,00    0,00    0,00    0,00    0,00  100,00
21:59:35       6    0,00    0,00    0,00    0,00    0,00    0,00    0,00    0,00    0,00  100,00
21:59:35       7    0,00    0,00    0,00    0,00    0,00    0,00    0,00    0,00    0,00  100,00
21:59:35       8    0,00    0,00    0,00    1,00    0,00    0,00    0,00    0,00    0,00   99,00
21:59:35       9    0,00    0,00    0,00    0,00    0,00    0,00    0,00    0,00    0,00  100,00
21:59:35      10    0,00    0,00    0,00    0,00    0,00    0,00    0,00    0,00    0,00  100,00
21:59:35      11    0,99    0,00    0,00    0,00    0,00    0,00    0,00    0,00    0,00   99,01
21:59:35      12    0,00    0,00    0,00    0,00    0,00    0,00    0,00    0,00    0,00  100,00
21:59:35      13    0,00    0,00    0,00    0,00    0,00    0,00    0,00    0,00    0,00  100,00
21:59:35      14    0,99    0,00    0,00    0,00    0,00    0,00    0,00    0,00    0,00   99,01
21:59:35      15    0,00    0,00    0,00    0,00    0,00    0,00    0,00    0,00    0,00  100,00
21:59:35      16    0,99    0,00    0,00    0,00    0,00    0,00    0,00    0,00    0,00   99,01
21:59:35      17    0,00    0,00    0,00    0,00    0,00    0,00    0,00    0,00    0,00  100,00
21:59:35      18    0,00    0,00    0,00    0,00    0,00    0,00    0,00    0,00    0,00  100,00
21:59:35      19    0,00    0,00    0,00    0,00    0,00    0,00    0,00    0,00    0,00  100,00
21:59:35      20    0,00    0,00    0,00    0,00    0,00    0,00    0,00    0,00    0,00  100,00
21:59:35      21    0,00    0,00    0,00    0,00    0,00    0,00    0,00    0,00    0,00  100,00
21:59:35      22    0,00    0,00    0,00    0,00    0,00    0,00    0,00    0,00    0,00  100,00
21:59:35      23    0,00    0,00    0,00    0,00    0,00    0,00    0,00    0,00    0,00  100,00

21:59:35     CPU    %usr   %nice    %sys %iowait    %irq   %soft  %steal  %guest  %gnice   %idle
21:59:36     all    0,04    0,00    0,00    0,00    0,00   15,17    0,00    0,00    0,00   84,79
21:59:36       0    0,00    0,00    0,00    0,00    0,00  100,00    0,00    0,00    0,00    0,00
21:59:36       1    0,00    0,00    0,00    0,00    0,00  100,00    0,00    0,00    0,00    0,00
21:59:36       2    0,00    0,00    0,00    0,00    0,00   80,00    0,00    0,00    0,00   20,00
21:59:36       3    0,00    0,00    0,00    0,00    0,00   83,17    0,00    0,00    0,00   16,83
21:59:36       4    0,00    0,00    0,00    0,00    0,00    0,00    0,00    0,00    0,00  100,00
21:59:36       5    0,00    0,00    0,00    0,00    0,00    0,00    0,00    0,00    0,00  100,00
21:59:36       6    0,00    0,00    0,00    0,00    0,00    0,00    0,00    0,00    0,00  100,00
21:59:36       7    0,00    0,00    0,00    0,00    0,00    0,00    0,00    0,00    0,00  100,00
21:59:36       8    0,00    0,00    0,00    0,00    0,00    0,00    0,00    0,00    0,00  100,00
21:59:36       9    0,00    0,00    0,00    0,00    0,00    0,00    0,00    0,00    0,00  100,00
21:59:36      10    0,00    0,00    0,00    0,00    0,00    0,00    0,00    0,00    0,00  100,00
21:59:36      11    1,00    0,00    0,00    0,00    0,00    0,00    0,00    0,00    0,00   99,00
21:59:36      12    0,00    0,00    0,00    0,00    0,00    0,00    0,00    0,00    0,00  100,00
21:59:36      13    0,00    0,00    0,00    0,00    0,00    0,00    0,00    0,00    0,00  100,00
21:59:36      14    0,00    0,00    0,00    0,00    0,00    0,00    0,00    0,00    0,00  100,00
21:59:36      15    0,00    0,00    0,00    0,00    0,00    0,00    0,00    0,00    0,00  100,00
21:59:36      16    0,00    0,00    0,00    0,00    0,00    0,00    0,00    0,00    0,00  100,00
21:59:36      17    0,00    0,00    0,00    0,00    0,00    0,00    0,00    0,00    0,00  100,00
21:59:36      18    0,00    0,00    0,00    0,00    0,00    0,00    0,00    0,00    0,00  100,00
21:59:36      19    0,00    0,00    0,00    0,00    0,00    0,00    0,00    0,00    0,00  100,00
21:59:36      20    0,00    0,00    0,00    0,00    0,00    0,00    0,00    0,00    0,00  100,00
21:59:36      21    0,00    0,00    0,00    0,00    0,00    0,00    0,00    0,00    0,00  100,00
21:59:36      22    0,00    0,00    0,00    0,00    0,00    0,00    0,00    0,00    0,00  100,00
21:59:36      23    0,00    0,00    0,00    0,00    0,00    0,00    0,00    0,00    0,00  100,00

21:59:36     CPU    %usr   %nice    %sys %iowait    %irq   %soft  %steal  %guest  %gnice   %idle
21:59:37     all    1,00    0,00    0,67    0,00    0,00   15,29    0,00    0,00    0,00   83,04
21:59:37       0    0,00    0,00    0,00    0,00    0,00  100,00    0,00    0,00    0,00    0,00
21:59:37       1    0,00    0,00    0,00    0,00    0,00  100,00    0,00    0,00    0,00    0,00
21:59:37       2    0,00    0,00    0,00    0,00    0,00   82,00    0,00    0,00    0,00   18,00
21:59:37       3    0,00    0,00    0,00    0,00    0,00   84,85    0,00    0,00    0,00   15,15
21:59:37       4    0,00    0,00    0,00    0,00    0,00    0,00    0,00    0,00    0,00  100,00
21:59:37       5    0,00    0,00    0,00    0,00    0,00    0,00    0,00    0,00    0,00  100,00
21:59:37       6    0,00    0,00    0,00    0,00    0,00    0,00    0,00    0,00    0,00  100,00
21:59:37       7    0,00    0,00    0,00    0,00    0,00    0,00    0,00    0,00    0,00  100,00
21:59:37       8    3,03    0,00    0,00    0,00    0,00    0,00    0,00    0,00    0,00   96,97
21:59:37       9    0,00    0,00    0,00    0,00    0,00    0,00    0,00    0,00    0,00  100,00
21:59:37      10   10,00    0,00    4,00    0,00    0,00    0,00    0,00    0,00    0,00   86,00
21:59:37      11    3,00    0,00    1,00    0,00    0,00    0,00    0,00    0,00    0,00   96,00
21:59:37      12    0,00    0,00    0,99    0,00    0,00    0,00    0,00    0,00    0,00   99,01
21:59:37      13    0,00    0,00    0,00    0,00    0,00    0,00    0,00    0,00    0,00  100,00
21:59:37      14    0,00    0,00    0,00    0,00    0,00    0,00    0,00    0,00    0,00  100,00
21:59:37      15    0,00    0,00    0,00    0,00    0,00    0,00    0,00    0,00    0,00  100,00
21:59:37      16    2,02    0,00    3,03    0,00    0,00    0,00    0,00    0,00    0,00   94,95
21:59:37      17    1,00    0,00    1,00    0,00    0,00    0,00    0,00    0,00    0,00   98,00
21:59:37      18    2,97    0,00    1,98    0,00    0,00    0,00    0,00    0,00    0,00   95,05
21:59:37      19    0,00    0,00    0,00    0,00    0,00    0,00    0,00    0,00    0,00  100,00
21:59:37      20    0,00    0,00    1,01    0,00    0,00    0,00    0,00    0,00    0,00   98,99
21:59:37      21    0,00    0,00    1,01    0,00    0,00    0,00    0,00    0,00    0,00   98,99
21:59:37      22    0,00    0,00    1,01    0,00    0,00    0,00    0,00    0,00    0,00   98,99
21:59:37      23    1,98    0,00    0,99    0,00    0,00    0,00    0,00    0,00    0,00   97,03
