Linux 6.8.0-110-generic (testbed-node1) 	13/05/26 	_x86_64_	(24 CPU)

05:07:03     CPU    %usr   %nice    %sys %iowait    %irq   %soft  %steal  %guest  %gnice   %idle
05:07:04     all   54,31    0,00    0,25    0,00    0,00    0,00    0,00    0,00    0,00   45,44
05:07:04       0  100,00    0,00    0,00    0,00    0,00    0,00    0,00    0,00    0,00    0,00
05:07:04       1  100,00    0,00    0,00    0,00    0,00    0,00    0,00    0,00    0,00    0,00
05:07:04       2  100,00    0,00    0,00    0,00    0,00    0,00    0,00    0,00    0,00    0,00
05:07:04       3  100,00    0,00    0,00    0,00    0,00    0,00    0,00    0,00    0,00    0,00
05:07:04       4  100,00    0,00    0,00    0,00    0,00    0,00    0,00    0,00    0,00    0,00
05:07:04       5  100,00    0,00    0,00    0,00    0,00    0,00    0,00    0,00    0,00    0,00
05:07:04       6  100,00    0,00    0,00    0,00    0,00    0,00    0,00    0,00    0,00    0,00
05:07:04       7  100,00    0,00    0,00    0,00    0,00    0,00    0,00    0,00    0,00    0,00
05:07:04       8  100,00    0,00    0,00    0,00    0,00    0,00    0,00    0,00    0,00    0,00
05:07:04       9  100,00    0,00    0,00    0,00    0,00    0,00    0,00    0,00    0,00    0,00
05:07:04      10  100,00    0,00    0,00    0,00    0,00    0,00    0,00    0,00    0,00    0,00
05:07:04      11  100,00    0,00    0,00    0,00    0,00    0,00    0,00    0,00    0,00    0,00
05:07:04      12  100,00    0,00    0,00    0,00    0,00    0,00    0,00    0,00    0,00    0,00
05:07:04      13    0,00    0,00    0,00    0,00    0,00    0,00    0,00    0,00    0,00  100,00
05:07:04      14    0,00    0,00    0,99    0,00    0,00    0,00    0,00    0,00    0,00   99,01
05:07:04      15    0,00    0,00    0,00    0,00    0,00    0,00    0,00    0,00    0,00  100,00
05:07:04      16    0,00    0,00    1,00    0,00    0,00    0,00    0,00    0,00    0,00   99,00
05:07:04      17    0,00    0,00    1,00    0,00    0,00    0,00    0,00    0,00    0,00   99,00
05:07:04      18    0,00    0,00    1,00    0,00    0,00    0,00    0,00    0,00    0,00   99,00
05:07:04      19    1,00    0,00    0,00    0,00    0,00    0,00    0,00    0,00    0,00   99,00
05:07:04      20    0,00    0,00    0,00    0,00    0,00    0,00    0,00    0,00    0,00  100,00
05:07:04      21    2,02    0,00    1,01    0,00    0,00    0,00    0,00    0,00    0,00   96,97
05:07:04      22    0,00    0,00    0,99    0,00    0,00    0,00    0,00    0,00    0,00   99,01
05:07:04      23    0,00    0,00    0,00    0,00    0,00    0,00    0,00    0,00    0,00  100,00

05:07:04     CPU    %usr   %nice    %sys %iowait    %irq   %soft  %steal  %guest  %gnice   %idle
05:07:05     all   54,14    0,00    0,08    0,00    0,00    0,00    0,00    0,00    0,00   45,78
05:07:05       0  100,00    0,00    0,00    0,00    0,00    0,00    0,00    0,00    0,00    0,00
05:07:05       1  100,00    0,00    0,00    0,00    0,00    0,00    0,00    0,00    0,00    0,00
05:07:05       2  100,00    0,00    0,00    0,00    0,00    0,00    0,00    0,00    0,00    0,00
05:07:05       3  100,00    0,00    0,00    0,00    0,00    0,00    0,00    0,00    0,00    0,00
05:07:05       4  100,00    0,00    0,00    0,00    0,00    0,00    0,00    0,00    0,00    0,00
05:07:05       5  100,00    0,00    0,00    0,00    0,00    0,00    0,00    0,00    0,00    0,00
05:07:05       6  100,00    0,00    0,00    0,00    0,00    0,00    0,00    0,00    0,00    0,00
05:07:05       7  100,00    0,00    0,00    0,00    0,00    0,00    0,00    0,00    0,00    0,00
05:07:05       8  100,00    0,00    0,00    0,00    0,00    0,00    0,00    0,00    0,00    0,00
05:07:05       9  100,00    0,00    0,00    0,00    0,00    0,00    0,00    0,00    0,00    0,00
05:07:05      10  100,00    0,00    0,00    0,00    0,00    0,00    0,00    0,00    0,00    0,00
05:07:05      11  100,00    0,00    0,00    0,00    0,00    0,00    0,00    0,00    0,00    0,00
05:07:05      12  100,00    0,00    0,00    0,00    0,00    0,00    0,00    0,00    0,00    0,00
05:07:05      13    0,00    0,00    0,00    0,00    0,00    0,00    0,00    0,00    0,00  100,00
05:07:05      14    0,00    0,00    0,00    0,00    0,00    0,00    0,00    0,00    0,00  100,00
05:07:05      15    0,00    0,00    0,00    0,00    0,00    0,00    0,00    0,00    0,00  100,00
05:07:05      16    0,99    0,00    0,00    0,00    0,00    0,00    0,00    0,00    0,00   99,01
05:07:05      17    0,00    0,00    0,00    0,00    0,00    0,00    0,00    0,00    0,00  100,00
05:07:05      18    0,00    0,00    0,00    0,00    0,00    0,00    0,00    0,00    0,00  100,00
05:07:05      19    0,00    0,00    0,00    0,00    0,00    0,00    0,00    0,00    0,00  100,00
05:07:05      20    0,00    0,00    0,99    0,00    0,00    0,00    0,00    0,00    0,00   99,01
05:07:05      21    0,00    0,00    0,00    0,00    0,00    0,00    0,00    0,00    0,00  100,00
05:07:05      22    0,00    0,00    0,00    0,00    0,00    0,00    0,00    0,00    0,00  100,00
05:07:05      23    0,00    0,00    0,99    0,00    0,00    0,00    0,00    0,00    0,00   99,01

05:07:05     CPU    %usr   %nice    %sys %iowait    %irq   %soft  %steal  %guest  %gnice   %idle
05:07:06     all   54,76    0,00    0,08    0,08    0,00    0,00    0,00    0,00    0,00   45,07
05:07:06       0  100,00    0,00    0,00    0,00    0,00    0,00    0,00    0,00    0,00    0,00
05:07:06       1  100,00    0,00    0,00    0,00    0,00    0,00    0,00    0,00    0,00    0,00
05:07:06       2  100,00    0,00    0,00    0,00    0,00    0,00    0,00    0,00    0,00    0,00
05:07:06       3  100,00    0,00    0,00    0,00    0,00    0,00    0,00    0,00    0,00    0,00
05:07:06       4  100,00    0,00    0,00    0,00    0,00    0,00    0,00    0,00    0,00    0,00
05:07:06       5  100,00    0,00    0,00    0,00    0,00    0,00    0,00    0,00    0,00    0,00
05:07:06       6  100,00    0,00    0,00    0,00    0,00    0,00    0,00    0,00    0,00    0,00
05:07:06       7  100,00    0,00    0,00    0,00    0,00    0,00    0,00    0,00    0,00    0,00
05:07:06       8  100,00    0,00    0,00    0,00    0,00    0,00    0,00    0,00    0,00    0,00
05:07:06       9  100,00    0,00    0,00    0,00    0,00    0,00    0,00    0,00    0,00    0,00
05:07:06      10  100,00    0,00    0,00    0,00    0,00    0,00    0,00    0,00    0,00    0,00
05:07:06      11  100,00    0,00    0,00    0,00    0,00    0,00    0,00    0,00    0,00    0,00
05:07:06      12  100,00    0,00    0,00    0,00    0,00    0,00    0,00    0,00    0,00    0,00
05:07:06      13    0,00    0,00    0,00    0,00    0,00    0,00    0,00    0,00    0,00  100,00
05:07:06      14    0,00    0,00    0,00    0,00    0,00    0,00    0,00    0,00    0,00  100,00
05:07:06      15    0,00    0,00    0,00    0,00    0,00    0,00    0,00    0,00    0,00  100,00
05:07:06      16    0,00    0,00    1,01    2,02    0,00    0,00    0,00    0,00    0,00   96,97
05:07:06      17    0,00    0,00    0,00    0,00    0,00    0,00    0,00    0,00    0,00  100,00
05:07:06      18    0,00    0,00    0,00    0,00    0,00    0,00    0,00    0,00    0,00  100,00
05:07:06      19    0,00    0,00    0,00    0,00    0,00    0,00    0,00    0,00    0,00  100,00
05:07:06      20    1,01    0,00    0,00    0,00    0,00    0,00    0,00    0,00    0,00   98,99
05:07:06      21   10,00    0,00    1,00    0,00    0,00    0,00    0,00    0,00    0,00   89,00
05:07:06      22    0,00    0,00    0,00    0,00    0,00    0,00    0,00    0,00    0,00  100,00
05:07:06      23    0,00    0,00    0,00    0,00    0,00    0,00    0,00    0,00    0,00  100,00

05:07:06     CPU    %usr   %nice    %sys %iowait    %irq   %soft  %steal  %guest  %gnice   %idle
05:07:07     all   54,28    0,00    0,00    0,00    0,00    0,00    0,00    0,00    0,00   45,72
05:07:07       0  100,00    0,00    0,00    0,00    0,00    0,00    0,00    0,00    0,00    0,00
05:07:07       1  100,00    0,00    0,00    0,00    0,00    0,00    0,00    0,00    0,00    0,00
05:07:07       2  100,00    0,00    0,00    0,00    0,00    0,00    0,00    0,00    0,00    0,00
05:07:07       3  100,00    0,00    0,00    0,00    0,00    0,00    0,00    0,00    0,00    0,00
05:07:07       4  100,00    0,00    0,00    0,00    0,00    0,00    0,00    0,00    0,00    0,00
05:07:07       5  100,00    0,00    0,00    0,00    0,00    0,00    0,00    0,00    0,00    0,00
05:07:07       6  100,00    0,00    0,00    0,00    0,00    0,00    0,00    0,00    0,00    0,00
05:07:07       7  100,00    0,00    0,00    0,00    0,00    0,00    0,00    0,00    0,00    0,00
05:07:07       8  100,00    0,00    0,00    0,00    0,00    0,00    0,00    0,00    0,00    0,00
05:07:07       9  100,00    0,00    0,00    0,00    0,00    0,00    0,00    0,00    0,00    0,00
05:07:07      10  100,00    0,00    0,00    0,00    0,00    0,00    0,00    0,00    0,00    0,00
05:07:07      11  100,00    0,00    0,00    0,00    0,00    0,00    0,00    0,00    0,00    0,00
05:07:07      12  100,00    0,00    0,00    0,00    0,00    0,00    0,00    0,00    0,00    0,00
05:07:07      13    0,00    0,00    0,00    0,00    0,00    0,00    0,00    0,00    0,00  100,00
05:07:07      14    0,00    0,00    0,00    0,00    0,00    0,00    0,00    0,00    0,00  100,00
05:07:07      15    0,00    0,00    0,00    0,00    0,00    0,00    0,00    0,00    0,00  100,00
05:07:07      16    0,00    0,00    0,00    0,00    0,00    0,00    0,00    0,00    0,00  100,00
05:07:07      17    0,00    0,00    0,00    0,00    0,00    0,00    0,00    0,00    0,00  100,00
05:07:07      18    0,00    0,00    0,00    0,00    0,00    0,00    0,00    0,00    0,00  100,00
05:07:07      19    0,00    0,00    0,00    0,00    0,00    0,00    0,00    0,00    0,00  100,00
05:07:07      20    0,00    0,00    0,00    0,00    0,00    0,00    0,00    0,00    0,00  100,00
05:07:07      21    0,00    0,00    0,00    0,00    0,00    0,00    0,00    0,00    0,00  100,00
05:07:07      22    1,00    0,00    0,00    0,00    0,00    0,00    0,00    0,00    0,00   99,00
05:07:07      23    0,00    0,00    0,00    0,00    0,00    0,00    0,00    0,00    0,00  100,00

05:07:07     CPU    %usr   %nice    %sys %iowait    %irq   %soft  %steal  %guest  %gnice   %idle
05:07:08     all   54,21    0,00    0,00    0,04    0,00    0,00    0,00    0,00    0,00   45,75
05:07:08       0  100,00    0,00    0,00    0,00    0,00    0,00    0,00    0,00    0,00    0,00
05:07:08       1  100,00    0,00    0,00    0,00    0,00    0,00    0,00    0,00    0,00    0,00
05:07:08       2  100,00    0,00    0,00    0,00    0,00    0,00    0,00    0,00    0,00    0,00
05:07:08       3  100,00    0,00    0,00    0,00    0,00    0,00    0,00    0,00    0,00    0,00
05:07:08       4  100,00    0,00    0,00    0,00    0,00    0,00    0,00    0,00    0,00    0,00
05:07:08       5  100,00    0,00    0,00    0,00    0,00    0,00    0,00    0,00    0,00    0,00
05:07:08       6  100,00    0,00    0,00    0,00    0,00    0,00    0,00    0,00    0,00    0,00
05:07:08       7  100,00    0,00    0,00    0,00    0,00    0,00    0,00    0,00    0,00    0,00
05:07:08       8  100,00    0,00    0,00    0,00    0,00    0,00    0,00    0,00    0,00    0,00
05:07:08       9  100,00    0,00    0,00    0,00    0,00    0,00    0,00    0,00    0,00    0,00
05:07:08      10  100,00    0,00    0,00    0,00    0,00    0,00    0,00    0,00    0,00    0,00
05:07:08      11  100,00    0,00    0,00    0,00    0,00    0,00    0,00    0,00    0,00    0,00
05:07:08      12  100,00    0,00    0,00    0,00    0,00    0,00    0,00    0,00    0,00    0,00
05:07:08      13    0,00    0,00    0,00    0,00    0,00    0,00    0,00    0,00    0,00  100,00
05:07:08      14    0,00    0,00    0,00    0,00    0,00    0,00    0,00    0,00    0,00  100,00
05:07:08      15    0,00    0,00    0,00    0,00    0,00    0,00    0,00    0,00    0,00  100,00
05:07:08      16    0,00    0,00    0,00    1,00    0,00    0,00    0,00    0,00    0,00   99,00
05:07:08      17    0,99    0,00    0,00    0,00    0,00    0,00    0,00    0,00    0,00   99,01
05:07:08      18    0,00    0,00    0,00    0,00    0,00    0,00    0,00    0,00    0,00  100,00
05:07:08      19    0,00    0,00    0,00    0,00    0,00    0,00    0,00    0,00    0,00  100,00
05:07:08      20    0,00    0,00    0,00    0,00    0,00    0,00    0,00    0,00    0,00  100,00
05:07:08      21    0,00    0,00    0,00    0,00    0,00    0,00    0,00    0,00    0,00  100,00
05:07:08      22    0,00    0,00    0,00    0,00    0,00    0,00    0,00    0,00    0,00  100,00
05:07:08      23    0,00    0,00    0,00    0,00    0,00    0,00    0,00    0,00    0,00  100,00

05:07:08     CPU    %usr   %nice    %sys %iowait    %irq   %soft  %steal  %guest  %gnice   %idle
05:07:09     all   54,17    0,00    0,00    0,00    0,00    0,00    0,00    0,00    0,00   45,83
05:07:09       0  100,00    0,00    0,00    0,00    0,00    0,00    0,00    0,00    0,00    0,00
05:07:09       1  100,00    0,00    0,00    0,00    0,00    0,00    0,00    0,00    0,00    0,00
05:07:09       2  100,00    0,00    0,00    0,00    0,00    0,00    0,00    0,00    0,00    0,00
05:07:09       3  100,00    0,00    0,00    0,00    0,00    0,00    0,00    0,00    0,00    0,00
05:07:09       4  100,00    0,00    0,00    0,00    0,00    0,00    0,00    0,00    0,00    0,00
05:07:09       5  100,00    0,00    0,00    0,00    0,00    0,00    0,00    0,00    0,00    0,00
05:07:09       6  100,00    0,00    0,00    0,00    0,00    0,00    0,00    0,00    0,00    0,00
05:07:09       7  100,00    0,00    0,00    0,00    0,00    0,00    0,00    0,00    0,00    0,00
05:07:09       8  100,00    0,00    0,00    0,00    0,00    0,00    0,00    0,00    0,00    0,00
05:07:09       9  100,00    0,00    0,00    0,00    0,00    0,00    0,00    0,00    0,00    0,00
05:07:09      10  100,00    0,00    0,00    0,00    0,00    0,00    0,00    0,00    0,00    0,00
05:07:09      11  100,00    0,00    0,00    0,00    0,00    0,00    0,00    0,00    0,00    0,00
05:07:09      12  100,00    0,00    0,00    0,00    0,00    0,00    0,00    0,00    0,00    0,00
05:07:09      13    0,00    0,00    0,00    0,00    0,00    0,00    0,00    0,00    0,00  100,00
05:07:09      14    0,00    0,00    0,00    0,00    0,00    0,00    0,00    0,00    0,00  100,00
05:07:09      15    0,00    0,00    0,00    0,00    0,00    0,00    0,00    0,00    0,00  100,00
05:07:09      16    0,00    0,00    0,00    0,00    0,00    0,00    0,00    0,00    0,00  100,00
05:07:09      17    0,00    0,00    0,00    0,00    0,00    0,00    0,00    0,00    0,00  100,00
05:07:09      18    0,00    0,00    0,00    0,00    0,00    0,00    0,00    0,00    0,00  100,00
05:07:09      19    0,00    0,00    0,00    0,00    0,00    0,00    0,00    0,00    0,00  100,00
05:07:09      20    0,00    0,00    0,00    0,00    0,00    0,00    0,00    0,00    0,00  100,00
05:07:09      21    0,00    0,00    0,00    0,00    0,00    0,00    0,00    0,00    0,00  100,00
05:07:09      22    0,00    0,00    0,00    0,00    0,00    0,00    0,00    0,00    0,00  100,00
05:07:09      23    0,00    0,00    0,00    0,00    0,00    0,00    0,00    0,00    0,00  100,00

05:07:09     CPU    %usr   %nice    %sys %iowait    %irq   %soft  %steal  %guest  %gnice   %idle
05:07:10     all   54,21    0,00    0,00    0,00    0,00    0,00    0,00    0,00    0,00   45,79
05:07:10       0  100,00    0,00    0,00    0,00    0,00    0,00    0,00    0,00    0,00    0,00
05:07:10       1  100,00    0,00    0,00    0,00    0,00    0,00    0,00    0,00    0,00    0,00
05:07:10       2  100,00    0,00    0,00    0,00    0,00    0,00    0,00    0,00    0,00    0,00
05:07:10       3  100,00    0,00    0,00    0,00    0,00    0,00    0,00    0,00    0,00    0,00
05:07:10       4  100,00    0,00    0,00    0,00    0,00    0,00    0,00    0,00    0,00    0,00
05:07:10       5  100,00    0,00    0,00    0,00    0,00    0,00    0,00    0,00    0,00    0,00
05:07:10       6  100,00    0,00    0,00    0,00    0,00    0,00    0,00    0,00    0,00    0,00
05:07:10       7  100,00    0,00    0,00    0,00    0,00    0,00    0,00    0,00    0,00    0,00
05:07:10       8  100,00    0,00    0,00    0,00    0,00    0,00    0,00    0,00    0,00    0,00
05:07:10       9  100,00    0,00    0,00    0,00    0,00    0,00    0,00    0,00    0,00    0,00
05:07:10      10  100,00    0,00    0,00    0,00    0,00    0,00    0,00    0,00    0,00    0,00
05:07:10      11  100,00    0,00    0,00    0,00    0,00    0,00    0,00    0,00    0,00    0,00
05:07:10      12  100,00    0,00    0,00    0,00    0,00    0,00    0,00    0,00    0,00    0,00
05:07:10      13    0,00    0,00    0,00    0,00    0,00    0,00    0,00    0,00    0,00  100,00
05:07:10      14    0,00    0,00    0,00    0,00    0,00    0,00    0,00    0,00    0,00  100,00
05:07:10      15    0,00    0,00    0,00    0,00    0,00    0,00    0,00    0,00    0,00  100,00
05:07:10      16    1,00    0,00    0,00    0,00    0,00    0,00    0,00    0,00    0,00   99,00
05:07:10      17    0,00    0,00    0,00    0,00    0,00    0,00    0,00    0,00    0,00  100,00
05:07:10      18    0,00    0,00    0,00    0,00    0,00    0,00    0,00    0,00    0,00  100,00
05:07:10      19    0,00    0,00    0,00    0,00    0,00    0,00    0,00    0,00    0,00  100,00
05:07:10      20    0,00    0,00    0,00    0,00    0,00    0,00    0,00    0,00    0,00  100,00
05:07:10      21    0,00    0,00    0,00    0,00    0,00    0,00    0,00    0,00    0,00  100,00
05:07:10      22    0,00    0,00    0,00    0,00    0,00    0,00    0,00    0,00    0,00  100,00
05:07:10      23    0,00    0,00    0,00    0,00    0,00    0,00    0,00    0,00    0,00  100,00

05:07:10     CPU    %usr   %nice    %sys %iowait    %irq   %soft  %steal  %guest  %gnice   %idle
05:07:11     all   54,73    0,00    0,29    0,00    0,00    0,00    0,00    0,00    0,00   44,98
05:07:11       0  100,00    0,00    0,00    0,00    0,00    0,00    0,00    0,00    0,00    0,00
05:07:11       1  100,00    0,00    0,00    0,00    0,00    0,00    0,00    0,00    0,00    0,00
05:07:11       2  100,00    0,00    0,00    0,00    0,00    0,00    0,00    0,00    0,00    0,00
05:07:11       3  100,00    0,00    0,00    0,00    0,00    0,00    0,00    0,00    0,00    0,00
05:07:11       4  100,00    0,00    0,00    0,00    0,00    0,00    0,00    0,00    0,00    0,00
05:07:11       5  100,00    0,00    0,00    0,00    0,00    0,00    0,00    0,00    0,00    0,00
05:07:11       6  100,00    0,00    0,00    0,00    0,00    0,00    0,00    0,00    0,00    0,00
05:07:11       7  100,00    0,00    0,00    0,00    0,00    0,00    0,00    0,00    0,00    0,00
05:07:11       8  100,00    0,00    0,00    0,00    0,00    0,00    0,00    0,00    0,00    0,00
05:07:11       9  100,00    0,00    0,00    0,00    0,00    0,00    0,00    0,00    0,00    0,00
05:07:11      10  100,00    0,00    0,00    0,00    0,00    0,00    0,00    0,00    0,00    0,00
05:07:11      11  100,00    0,00    0,00    0,00    0,00    0,00    0,00    0,00    0,00    0,00
05:07:11      12  100,00    0,00    0,00    0,00    0,00    0,00    0,00    0,00    0,00    0,00
05:07:11      13    0,00    0,00    0,00    0,00    0,00    0,00    0,00    0,00    0,00  100,00
05:07:11      14   10,89    0,00    6,93    0,00    0,00    0,00    0,00    0,00    0,00   82,18
05:07:11      15    0,00    0,00    0,00    0,00    0,00    0,00    0,00    0,00    0,00  100,00
05:07:11      16    0,00    0,00    0,00    0,00    0,00    0,00    0,00    0,00    0,00  100,00
05:07:11      17    0,00    0,00    0,00    0,00    0,00    0,00    0,00    0,00    0,00  100,00
05:07:11      18    3,00    0,00    0,00    0,00    0,00    0,00    0,00    0,00    0,00   97,00
05:07:11      19    0,00    0,00    0,00    0,00    0,00    0,00    0,00    0,00    0,00  100,00
05:07:11      20    0,00    0,00    0,00    0,00    0,00    0,00    0,00    0,00    0,00  100,00
05:07:11      21    0,00    0,00    0,00    0,00    0,00    0,00    0,00    0,00    0,00  100,00
05:07:11      22    0,00    0,00    0,00    0,00    0,00    0,00    0,00    0,00    0,00  100,00
05:07:11      23    0,00    0,00    0,00    0,00    0,00    0,00    0,00    0,00    0,00  100,00

05:07:11     CPU    %usr   %nice    %sys %iowait    %irq   %soft  %steal  %guest  %gnice   %idle
05:07:12     all   54,21    0,00    0,04    0,04    0,00    0,00    0,00    0,00    0,00   45,70
05:07:12       0  100,00    0,00    0,00    0,00    0,00    0,00    0,00    0,00    0,00    0,00
05:07:12       1  100,00    0,00    0,00    0,00    0,00    0,00    0,00    0,00    0,00    0,00
05:07:12       2  100,00    0,00    0,00    0,00    0,00    0,00    0,00    0,00    0,00    0,00
05:07:12       3  100,00    0,00    0,00    0,00    0,00    0,00    0,00    0,00    0,00    0,00
05:07:12       4  100,00    0,00    0,00    0,00    0,00    0,00    0,00    0,00    0,00    0,00
05:07:12       5  100,00    0,00    0,00    0,00    0,00    0,00    0,00    0,00    0,00    0,00
05:07:12       6  100,00    0,00    0,00    0,00    0,00    0,00    0,00    0,00    0,00    0,00
05:07:12       7  100,00    0,00    0,00    0,00    0,00    0,00    0,00    0,00    0,00    0,00
05:07:12       8  100,00    0,00    0,00    0,00    0,00    0,00    0,00    0,00    0,00    0,00
05:07:12       9  100,00    0,00    0,00    0,00    0,00    0,00    0,00    0,00    0,00    0,00
05:07:12      10  100,00    0,00    0,00    0,00    0,00    0,00    0,00    0,00    0,00    0,00
05:07:12      11  100,00    0,00    0,00    0,00    0,00    0,00    0,00    0,00    0,00    0,00
05:07:12      12  100,00    0,00    0,00    0,00    0,00    0,00    0,00    0,00    0,00    0,00
05:07:12      13    0,00    0,00    0,00    0,00    0,00    0,00    0,00    0,00    0,00  100,00
05:07:12      14    0,00    0,00    0,00    0,00    0,00    0,00    0,00    0,00    0,00  100,00
05:07:12      15    0,00    0,00    0,00    0,00    0,00    0,00    0,00    0,00    0,00  100,00
05:07:12      16    0,00    0,00    0,99    0,99    0,00    0,00    0,00    0,00    0,00   98,02
05:07:12      17    0,00    0,00    0,00    0,00    0,00    0,00    0,00    0,00    0,00  100,00
05:07:12      18    0,00    0,00    0,00    0,00    0,00    0,00    0,00    0,00    0,00  100,00
05:07:12      19    0,00    0,00    0,00    0,00    0,00    0,00    0,00    0,00    0,00  100,00
05:07:12      20    0,00    0,00    0,00    0,00    0,00    0,00    0,00    0,00    0,00  100,00
05:07:12      21    0,00    0,00    0,00    0,00    0,00    0,00    0,00    0,00    0,00  100,00
05:07:12      22    0,00    0,00    0,00    0,00    0,00    0,00    0,00    0,00    0,00  100,00
05:07:12      23    0,00    0,00    0,00    0,00    0,00    0,00    0,00    0,00    0,00  100,00

05:07:12     CPU    %usr   %nice    %sys %iowait    %irq   %soft  %steal  %guest  %gnice   %idle
05:07:13     all   54,17    0,00    0,08    0,00    0,00    0,00    0,00    0,00    0,00   45,75
05:07:13       0  100,00    0,00    0,00    0,00    0,00    0,00    0,00    0,00    0,00    0,00
05:07:13       1  100,00    0,00    0,00    0,00    0,00    0,00    0,00    0,00    0,00    0,00
05:07:13       2  100,00    0,00    0,00    0,00    0,00    0,00    0,00    0,00    0,00    0,00
05:07:13       3  100,00    0,00    0,00    0,00    0,00    0,00    0,00    0,00    0,00    0,00
05:07:13       4  100,00    0,00    0,00    0,00    0,00    0,00    0,00    0,00    0,00    0,00
05:07:13       5  100,00    0,00    0,00    0,00    0,00    0,00    0,00    0,00    0,00    0,00
05:07:13       6  100,00    0,00    0,00    0,00    0,00    0,00    0,00    0,00    0,00    0,00
05:07:13       7  100,00    0,00    0,00    0,00    0,00    0,00    0,00    0,00    0,00    0,00
05:07:13       8  100,00    0,00    0,00    0,00    0,00    0,00    0,00    0,00    0,00    0,00
05:07:13       9  100,00    0,00    0,00    0,00    0,00    0,00    0,00    0,00    0,00    0,00
05:07:13      10  100,00    0,00    0,00    0,00    0,00    0,00    0,00    0,00    0,00    0,00
05:07:13      11  100,00    0,00    0,00    0,00    0,00    0,00    0,00    0,00    0,00    0,00
05:07:13      12  100,00    0,00    0,00    0,00    0,00    0,00    0,00    0,00    0,00    0,00
05:07:13      13    0,00    0,00    0,00    0,00    0,00    0,00    0,00    0,00    0,00  100,00
05:07:13      14    0,00    0,00    0,00    0,00    0,00    0,00    0,00    0,00    0,00  100,00
05:07:13      15    0,00    0,00    0,00    0,00    0,00    0,00    0,00    0,00    0,00  100,00
05:07:13      16    0,00    0,00    0,00    0,00    0,00    0,00    0,00    0,00    0,00  100,00
05:07:13      17    0,00    0,00    1,00    0,00    0,00    0,00    0,00    0,00    0,00   99,00
05:07:13      18    0,00    0,00    0,00    0,00    0,00    0,00    0,00    0,00    0,00  100,00
05:07:13      19    0,00    0,00    0,99    0,00    0,00    0,00    0,00    0,00    0,00   99,01
05:07:13      20    0,00    0,00    0,00    0,00    0,00    0,00    0,00    0,00    0,00  100,00
05:07:13      21    0,00    0,00    0,00    0,00    0,00    0,00    0,00    0,00    0,00  100,00
05:07:13      22    0,00    0,00    0,00    0,00    0,00    0,00    0,00    0,00    0,00  100,00
05:07:13      23    0,00    0,00    0,00    0,00    0,00    0,00    0,00    0,00    0,00  100,00

05:07:13     CPU    %usr   %nice    %sys %iowait    %irq   %soft  %steal  %guest  %gnice   %idle
05:07:14     all   54,19    0,00    0,00    0,00    0,00    0,00    0,00    0,00    0,00   45,81
05:07:14       0  100,00    0,00    0,00    0,00    0,00    0,00    0,00    0,00    0,00    0,00
05:07:14       1  100,00    0,00    0,00    0,00    0,00    0,00    0,00    0,00    0,00    0,00
05:07:14       2  100,00    0,00    0,00    0,00    0,00    0,00    0,00    0,00    0,00    0,00
05:07:14       3  100,00    0,00    0,00    0,00    0,00    0,00    0,00    0,00    0,00    0,00
05:07:14       4  100,00    0,00    0,00    0,00    0,00    0,00    0,00    0,00    0,00    0,00
05:07:14       5  100,00    0,00    0,00    0,00    0,00    0,00    0,00    0,00    0,00    0,00
05:07:14       6  100,00    0,00    0,00    0,00    0,00    0,00    0,00    0,00    0,00    0,00
05:07:14       7  100,00    0,00    0,00    0,00    0,00    0,00    0,00    0,00    0,00    0,00
05:07:14       8  100,00    0,00    0,00    0,00    0,00    0,00    0,00    0,00    0,00    0,00
05:07:14       9  100,00    0,00    0,00    0,00    0,00    0,00    0,00    0,00    0,00    0,00
05:07:14      10  100,00    0,00    0,00    0,00    0,00    0,00    0,00    0,00    0,00    0,00
05:07:14      11  100,00    0,00    0,00    0,00    0,00    0,00    0,00    0,00    0,00    0,00
05:07:14      12  100,00    0,00    0,00    0,00    0,00    0,00    0,00    0,00    0,00    0,00
05:07:14      13    0,00    0,00    0,00    0,00    0,00    0,00    0,00    0,00    0,00  100,00
05:07:14      14    0,00    0,00    0,00    0,00    0,00    0,00    0,00    0,00    0,00  100,00
05:07:14      15    0,00    0,00    0,00    0,00    0,00    0,00    0,00    0,00    0,00  100,00
05:07:14      16    0,00    0,00    0,00    0,00    0,00    0,00    0,00    0,00    0,00  100,00
05:07:14      17    0,00    0,00    0,00    0,00    0,00    0,00    0,00    0,00    0,00  100,00
05:07:14      18    0,00    0,00    0,00    0,00    0,00    0,00    0,00    0,00    0,00  100,00
05:07:14      19    0,00    0,00    0,00    0,00    0,00    0,00    0,00    0,00    0,00  100,00
05:07:14      20    0,00    0,00    0,00    0,00    0,00    0,00    0,00    0,00    0,00  100,00
05:07:14      21    0,00    0,00    0,00    0,00    0,00    0,00    0,00    0,00    0,00  100,00
05:07:14      22    0,00    0,00    0,00    0,00    0,00    0,00    0,00    0,00    0,00  100,00
05:07:14      23    0,00    0,00    0,00    0,00    0,00    0,00    0,00    0,00    0,00  100,00

05:07:14     CPU    %usr   %nice    %sys %iowait    %irq   %soft  %steal  %guest  %gnice   %idle
05:07:15     all   54,23    0,00    0,00    0,00    0,00    0,00    0,00    0,00    0,00   45,77
05:07:15       0  100,00    0,00    0,00    0,00    0,00    0,00    0,00    0,00    0,00    0,00
05:07:15       1  100,00    0,00    0,00    0,00    0,00    0,00    0,00    0,00    0,00    0,00
05:07:15       2  100,00    0,00    0,00    0,00    0,00    0,00    0,00    0,00    0,00    0,00
05:07:15       3  100,00    0,00    0,00    0,00    0,00    0,00    0,00    0,00    0,00    0,00
05:07:15       4  100,00    0,00    0,00    0,00    0,00    0,00    0,00    0,00    0,00    0,00
05:07:15       5  100,00    0,00    0,00    0,00    0,00    0,00    0,00    0,00    0,00    0,00
05:07:15       6  100,00    0,00    0,00    0,00    0,00    0,00    0,00    0,00    0,00    0,00
05:07:15       7  100,00    0,00    0,00    0,00    0,00    0,00    0,00    0,00    0,00    0,00
05:07:15       8  100,00    0,00    0,00    0,00    0,00    0,00    0,00    0,00    0,00    0,00
05:07:15       9  100,00    0,00    0,00    0,00    0,00    0,00    0,00    0,00    0,00    0,00
05:07:15      10  100,00    0,00    0,00    0,00    0,00    0,00    0,00    0,00    0,00    0,00
05:07:15      11  100,00    0,00    0,00    0,00    0,00    0,00    0,00    0,00    0,00    0,00
05:07:15      12  100,00    0,00    0,00    0,00    0,00    0,00    0,00    0,00    0,00    0,00
05:07:15      13    0,00    0,00    0,00    0,00    0,00    0,00    0,00    0,00    0,00  100,00
05:07:15      14    0,00    0,00    0,00    0,00    0,00    0,00    0,00    0,00    0,00  100,00
05:07:15      15    0,00    0,00    0,00    0,00    0,00    0,00    0,00    0,00    0,00  100,00
05:07:15      16    0,00    0,00    0,00    0,00    0,00    0,00    0,00    0,00    0,00  100,00
05:07:15      17    0,00    0,00    0,00    0,00    0,00    0,00    0,00    0,00    0,00  100,00
05:07:15      18    0,00    0,00    0,00    0,00    0,00    0,00    0,00    0,00    0,00  100,00
05:07:15      19    0,00    0,00    0,00    0,00    0,00    0,00    0,00    0,00    0,00  100,00
05:07:15      20    0,00    0,00    0,00    0,00    0,00    0,00    0,00    0,00    0,00  100,00
05:07:15      21    0,00    0,00    0,00    0,00    0,00    0,00    0,00    0,00    0,00  100,00
05:07:15      22    0,00    0,00    0,00    0,00    0,00    0,00    0,00    0,00    0,00  100,00
05:07:15      23    0,00    0,00    0,00    0,00    0,00    0,00    0,00    0,00    0,00  100,00

05:07:15     CPU    %usr   %nice    %sys %iowait    %irq   %soft  %steal  %guest  %gnice   %idle
05:07:16     all   54,56    0,00    0,12    0,00    0,00    0,00    0,00    0,00    0,00   45,32
05:07:16       0  100,00    0,00    0,00    0,00    0,00    0,00    0,00    0,00    0,00    0,00
05:07:16       1  100,00    0,00    0,00    0,00    0,00    0,00    0,00    0,00    0,00    0,00
05:07:16       2  100,00    0,00    0,00    0,00    0,00    0,00    0,00    0,00    0,00    0,00
05:07:16       3  100,00    0,00    0,00    0,00    0,00    0,00    0,00    0,00    0,00    0,00
05:07:16       4  100,00    0,00    0,00    0,00    0,00    0,00    0,00    0,00    0,00    0,00
05:07:16       5  100,00    0,00    0,00    0,00    0,00    0,00    0,00    0,00    0,00    0,00
05:07:16       6  100,00    0,00    0,00    0,00    0,00    0,00    0,00    0,00    0,00    0,00
05:07:16       7  100,00    0,00    0,00    0,00    0,00    0,00    0,00    0,00    0,00    0,00
05:07:16       8  100,00    0,00    0,00    0,00    0,00    0,00    0,00    0,00    0,00    0,00
05:07:16       9  100,00    0,00    0,00    0,00    0,00    0,00    0,00    0,00    0,00    0,00
05:07:16      10  100,00    0,00    0,00    0,00    0,00    0,00    0,00    0,00    0,00    0,00
05:07:16      11  100,00    0,00    0,00    0,00    0,00    0,00    0,00    0,00    0,00    0,00
05:07:16      12  100,00    0,00    0,00    0,00    0,00    0,00    0,00    0,00    0,00    0,00
05:07:16      13    0,00    0,00    0,00    0,00    0,00    0,00    0,00    0,00    0,00  100,00
05:07:16      14    0,00    0,00    0,00    0,00    0,00    0,00    0,00    0,00    0,00  100,00
05:07:16      15    0,00    0,00    0,00    0,00    0,00    0,00    0,00    0,00    0,00  100,00
05:07:16      16    0,00    0,00    1,00    0,00    0,00    0,00    0,00    0,00    0,00   99,00
05:07:16      17    1,00    0,00    0,00    0,00    0,00    0,00    0,00    0,00    0,00   99,00
05:07:16      18    0,00    0,00    0,00    0,00    0,00    0,00    0,00    0,00    0,00  100,00
05:07:16      19    0,00    0,00    0,00    0,00    0,00    0,00    0,00    0,00    0,00  100,00
05:07:16      20    0,00    0,00    0,00    0,00    0,00    0,00    0,00    0,00    0,00  100,00
05:07:16      21    8,91    0,00    0,99    0,00    0,00    0,00    0,00    0,00    0,00   90,10
05:07:16      22    0,00    0,00    0,99    0,00    0,00    0,00    0,00    0,00    0,00   99,01
05:07:16      23    0,99    0,00    0,00    0,00    0,00    0,00    0,00    0,00    0,00   99,01
