Linux 6.8.0-111-generic (testbed-node6) 	13/05/26 	_x86_64_	(24 CPU)

05:31:54     CPU    %usr   %nice    %sys %iowait    %irq   %soft  %steal  %guest  %gnice   %idle
05:31:55     all    4,63    0,00    0,04    0,08    0,00    0,00    0,00    0,00    0,00   95,25
05:31:55       0    0,00    0,00    0,00    0,00    0,00    0,00    0,00    0,00    0,00  100,00
05:31:55       1  100,00    0,00    0,00    0,00    0,00    0,00    0,00    0,00    0,00    0,00
05:31:55       2    0,00    0,00    0,00    0,00    0,00    0,00    0,00    0,00    0,00  100,00
05:31:55       3    0,00    0,00    0,00    0,00    0,00    0,00    0,00    0,00    0,00  100,00
05:31:55       4    0,00    0,00    0,00    0,00    0,00    0,00    0,00    0,00    0,00  100,00
05:31:55       5    0,00    0,00    0,00    0,00    0,00    0,00    0,00    0,00    0,00  100,00
05:31:55       6    0,00    0,00    0,00    1,00    0,00    0,00    0,00    0,00    0,00   99,00
05:31:55       7    0,00    0,00    0,00    0,00    0,00    0,00    0,00    0,00    0,00  100,00
05:31:55       8    0,00    0,00    0,00    0,00    0,00    0,00    0,00    0,00    0,00  100,00
05:31:55       9    0,00    0,00    0,00    1,00    0,00    0,00    0,00    0,00    0,00   99,00
05:31:55      10    6,06    0,00    0,00    0,00    0,00    0,00    0,00    0,00    0,00   93,94
05:31:55      11    0,00    0,00    0,00    0,00    0,00    0,00    0,00    0,00    0,00  100,00
05:31:55      12    1,00    0,00    0,00    0,00    0,00    0,00    0,00    0,00    0,00   99,00
05:31:55      13    0,99    0,00    0,00    0,00    0,00    0,00    0,00    0,00    0,00   99,01
05:31:55      14    0,00    0,00    0,00    0,00    0,00    0,00    0,00    0,00    0,00  100,00
05:31:55      15    0,00    0,00    0,00    0,00    0,00    0,00    0,00    0,00    0,00  100,00
05:31:55      16    1,00    0,00    0,00    0,00    0,00    0,00    0,00    0,00    0,00   99,00
05:31:55      17    0,00    0,00    0,00    0,00    0,00    0,00    0,00    0,00    0,00  100,00
05:31:55      18    0,00    0,00    0,00    0,00    0,00    0,00    0,00    0,00    0,00  100,00
05:31:55      19    1,00    0,00    0,00    0,00    0,00    0,00    0,00    0,00    0,00   99,00
05:31:55      20    0,99    0,00    0,99    0,00    0,00    0,00    0,00    0,00    0,00   98,02
05:31:55      21    0,00    0,00    0,00    0,00    0,00    0,00    0,00    0,00    0,00  100,00
05:31:55      22    0,00    0,00    0,00    0,00    0,00    0,00    0,00    0,00    0,00  100,00
05:31:55      23    0,00    0,00    0,00    0,00    0,00    0,00    0,00    0,00    0,00  100,00

05:31:55     CPU    %usr   %nice    %sys %iowait    %irq   %soft  %steal  %guest  %gnice   %idle
05:31:56     all    4,21    0,00    0,04    0,00    0,00    0,00    0,00    0,00    0,00   95,75
05:31:56       0    0,00    0,00    0,00    0,00    0,00    0,00    0,00    0,00    0,00  100,00
05:31:56       1  100,00    0,00    0,00    0,00    0,00    0,00    0,00    0,00    0,00    0,00
05:31:56       2    0,00    0,00    0,00    0,00    0,00    0,00    0,00    0,00    0,00  100,00
05:31:56       3    0,00    0,00    0,00    0,00    0,00    0,00    0,00    0,00    0,00  100,00
05:31:56       4    0,00    0,00    0,00    0,00    0,00    0,00    0,00    0,00    0,00  100,00
05:31:56       5    0,00    0,00    0,00    0,00    0,00    0,00    0,00    0,00    0,00  100,00
05:31:56       6    0,00    0,00    0,00    0,00    0,00    0,00    0,00    0,00    0,00  100,00
05:31:56       7    0,00    0,00    0,00    0,00    0,00    0,00    0,00    0,00    0,00  100,00
05:31:56       8    0,00    0,00    0,00    0,00    0,00    0,00    0,00    0,00    0,00  100,00
05:31:56       9    0,00    0,00    0,00    0,00    0,00    0,00    0,00    0,00    0,00  100,00
05:31:56      10    0,00    0,00    0,00    0,00    0,00    0,00    0,00    0,00    0,00  100,00
05:31:56      11    0,00    0,00    0,00    0,00    0,00    0,00    0,00    0,00    0,00  100,00
05:31:56      12    0,00    0,00    0,00    0,00    0,00    0,00    0,00    0,00    0,00  100,00
05:31:56      13    0,00    0,00    1,00    0,00    0,00    0,00    0,00    0,00    0,00   99,00
05:31:56      14    0,99    0,00    0,00    0,00    0,00    0,00    0,00    0,00    0,00   99,01
05:31:56      15    0,00    0,00    0,00    0,00    0,00    0,00    0,00    0,00    0,00  100,00
05:31:56      16    0,00    0,00    0,00    0,00    0,00    0,00    0,00    0,00    0,00  100,00
05:31:56      17    0,00    0,00    0,00    0,00    0,00    0,00    0,00    0,00    0,00  100,00
05:31:56      18    0,00    0,00    0,00    0,00    0,00    0,00    0,00    0,00    0,00  100,00
05:31:56      19    0,00    0,00    0,00    0,00    0,00    0,00    0,00    0,00    0,00  100,00
05:31:56      20    0,00    0,00    0,00    0,00    0,00    0,00    0,00    0,00    0,00  100,00
05:31:56      21    0,00    0,00    0,00    0,00    0,00    0,00    0,00    0,00    0,00  100,00
05:31:56      22    0,00    0,00    0,00    0,00    0,00    0,00    0,00    0,00    0,00  100,00
05:31:56      23    0,00    0,00    0,00    0,00    0,00    0,00    0,00    0,00    0,00  100,00

05:31:56     CPU    %usr   %nice    %sys %iowait    %irq   %soft  %steal  %guest  %gnice   %idle
05:31:57     all    5,20    0,00    0,62    0,12    0,00    0,04    0,00    0,00    0,00   94,01
05:31:57       0    0,00    0,00    0,00    0,00    0,00    0,00    0,00    0,00    0,00  100,00
05:31:57       1  100,00    0,00    0,00    0,00    0,00    0,00    0,00    0,00    0,00    0,00
05:31:57       2    0,00    0,00    0,00    0,00    0,00    0,00    0,00    0,00    0,00  100,00
05:31:57       3    0,00    0,00    0,00    0,00    0,00    0,00    0,00    0,00    0,00  100,00
05:31:57       4    1,00    0,00    0,00    0,00    0,00    0,00    0,00    0,00    0,00   99,00
05:31:57       5    0,00    0,00    0,00    0,00    0,00    0,00    0,00    0,00    0,00  100,00
05:31:57       6    2,97    0,00    0,99    0,00    0,00    0,00    0,00    0,00    0,00   96,04
05:31:57       7    0,00    0,00    0,00    0,00    0,00    0,00    0,00    0,00    0,00  100,00
05:31:57       8    0,00    0,00    0,00    1,01    0,00    0,00    0,00    0,00    0,00   98,99
05:31:57       9    0,00    0,00    0,00    0,00    0,00    0,00    0,00    0,00    0,00  100,00
05:31:57      10    5,94    0,00    0,99    0,00    0,00    0,00    0,00    0,00    0,00   93,07
05:31:57      11    0,00    0,00    0,00    0,00    0,00    0,00    0,00    0,00    0,00  100,00
05:31:57      12    0,99    0,00    0,99    0,00    0,00    0,00    0,00    0,00    0,00   98,02
05:31:57      13    3,00    0,00    2,00    0,00    0,00    0,00    0,00    0,00    0,00   95,00
05:31:57      14    0,00    0,00    0,00    0,00    0,00    0,00    0,00    0,00    0,00  100,00
05:31:57      15    0,00    0,00    0,00    0,00    0,00    0,00    0,00    0,00    0,00  100,00
05:31:57      16    0,00    0,00    1,00    0,00    0,00    0,00    0,00    0,00    0,00   99,00
05:31:57      17    1,98    0,00    0,99    0,00    0,00    0,99    0,00    0,00    0,00   96,04
05:31:57      18    1,00    0,00    1,00    0,00    0,00    0,00    0,00    0,00    0,00   98,00
05:31:57      19    1,98    0,00    1,98    0,00    0,00    0,00    0,00    0,00    0,00   96,04
05:31:57      20    0,00    0,00    0,00    0,00    0,00    0,00    0,00    0,00    0,00  100,00
05:31:57      21    0,99    0,00    0,99    0,00    0,00    0,00    0,00    0,00    0,00   98,02
05:31:57      22    2,97    0,00    1,98    1,98    0,00    0,00    0,00    0,00    0,00   93,07
05:31:57      23    2,00    0,00    2,00    0,00    0,00    0,00    0,00    0,00    0,00   96,00

05:31:57     CPU    %usr   %nice    %sys %iowait    %irq   %soft  %steal  %guest  %gnice   %idle
05:31:58     all    4,29    0,00    0,08    0,00    0,00    0,00    0,00    0,00    0,00   95,63
05:31:58       0    0,00    0,00    0,00    0,00    0,00    0,00    0,00    0,00    0,00  100,00
05:31:58       1  100,00    0,00    0,00    0,00    0,00    0,00    0,00    0,00    0,00    0,00
05:31:58       2    0,00    0,00    0,00    0,00    0,00    0,00    0,00    0,00    0,00  100,00
05:31:58       3    0,00    0,00    0,00    0,00    0,00    0,00    0,00    0,00    0,00  100,00
05:31:58       4    0,00    0,00    0,00    0,00    0,00    0,00    0,00    0,00    0,00  100,00
05:31:58       5    0,00    0,00    0,00    0,00    0,00    0,00    0,00    0,00    0,00  100,00
05:31:58       6    0,00    0,00    0,00    0,00    0,00    0,00    0,00    0,00    0,00  100,00
05:31:58       7    0,00    0,00    0,00    0,00    0,00    0,00    0,00    0,00    0,00  100,00
05:31:58       8    0,99    0,00    0,00    0,00    0,00    0,00    0,00    0,00    0,00   99,01
05:31:58       9    0,00    0,00    0,00    0,00    0,00    0,00    0,00    0,00    0,00  100,00
05:31:58      10    0,00    0,00    0,00    0,00    0,00    0,00    0,00    0,00    0,00  100,00
05:31:58      11    0,00    0,00    0,00    0,00    0,00    0,00    0,00    0,00    0,00  100,00
05:31:58      12    0,00    0,00    0,00    0,00    0,00    0,00    0,00    0,00    0,00  100,00
05:31:58      13    0,98    0,00    0,98    0,00    0,00    0,00    0,00    0,00    0,00   98,04
05:31:58      14    0,00    0,00    0,00    0,00    0,00    0,00    0,00    0,00    0,00  100,00
05:31:58      15    0,00    0,00    0,00    0,00    0,00    0,00    0,00    0,00    0,00  100,00
05:31:58      16    0,99    0,00    0,00    0,00    0,00    0,00    0,00    0,00    0,00   99,01
05:31:58      17    0,00    0,00    0,00    0,00    0,00    0,00    0,00    0,00    0,00  100,00
05:31:58      18    0,00    0,00    0,99    0,00    0,00    0,00    0,00    0,00    0,00   99,01
05:31:58      19    0,00    0,00    0,00    0,00    0,00    0,00    0,00    0,00    0,00  100,00
05:31:58      20    0,00    0,00    0,00    0,00    0,00    0,00    0,00    0,00    0,00  100,00
05:31:58      21    0,00    0,00    0,00    0,00    0,00    0,00    0,00    0,00    0,00  100,00
05:31:58      22    0,00    0,00    0,00    0,00    0,00    0,00    0,00    0,00    0,00  100,00
05:31:58      23    0,00    0,00    0,00    0,00    0,00    0,00    0,00    0,00    0,00  100,00

05:31:58     CPU    %usr   %nice    %sys %iowait    %irq   %soft  %steal  %guest  %gnice   %idle
05:31:59     all    4,21    0,00    0,08    0,00    0,00    0,00    0,00    0,00    0,00   95,71
05:31:59       0    0,00    0,00    0,00    0,00    0,00    0,00    0,00    0,00    0,00  100,00
05:31:59       1  100,00    0,00    0,00    0,00    0,00    0,00    0,00    0,00    0,00    0,00
05:31:59       2    0,00    0,00    0,00    0,00    0,00    0,00    0,00    0,00    0,00  100,00
05:31:59       3    0,00    0,00    0,00    0,00    0,00    0,00    0,00    0,00    0,00  100,00
05:31:59       4    0,00    0,00    0,99    0,00    0,00    0,00    0,00    0,00    0,00   99,01
05:31:59       5    0,00    0,00    0,00    0,00    0,00    0,00    0,00    0,00    0,00  100,00
05:31:59       6    0,00    0,00    0,00    0,00    0,00    0,00    0,00    0,00    0,00  100,00
05:31:59       7    0,00    0,00    0,00    0,00    0,00    0,00    0,00    0,00    0,00  100,00
05:31:59       8    0,00    0,00    0,00    0,00    0,00    0,00    0,00    0,00    0,00  100,00
05:31:59       9    0,00    0,00    0,00    0,00    0,00    0,00    0,00    0,00    0,00  100,00
05:31:59      10    0,00    0,00    0,00    0,00    0,00    0,00    0,00    0,00    0,00  100,00
05:31:59      11    0,00    0,00    0,00    0,00    0,00    0,00    0,00    0,00    0,00  100,00
05:31:59      12    0,00    0,00    0,00    0,00    0,00    0,00    0,00    0,00    0,00  100,00
05:31:59      13    1,00    0,00    0,00    0,00    0,00    0,00    0,00    0,00    0,00   99,00
05:31:59      14    0,00    0,00    0,00    0,00    0,00    0,00    0,00    0,00    0,00  100,00
05:31:59      15    0,00    0,00    0,00    0,00    0,00    0,00    0,00    0,00    0,00  100,00
05:31:59      16    0,00    0,00    0,00    0,00    0,00    0,00    0,00    0,00    0,00  100,00
05:31:59      17    0,00    0,00    0,00    0,00    0,00    0,00    0,00    0,00    0,00  100,00
05:31:59      18    0,00    0,00    0,00    0,00    0,00    0,00    0,00    0,00    0,00  100,00
05:31:59      19    0,00    0,00    0,00    0,00    0,00    0,00    0,00    0,00    0,00  100,00
05:31:59      20    0,00    0,00    0,00    0,00    0,00    0,00    0,00    0,00    0,00  100,00
05:31:59      21    0,00    0,00    0,00    0,00    0,00    0,00    0,00    0,00    0,00  100,00
05:31:59      22    0,00    0,00    0,00    0,00    0,00    0,00    0,00    0,00    0,00  100,00
05:31:59      23    0,00    0,00    0,99    0,00    0,00    0,00    0,00    0,00    0,00   99,01

05:31:59     CPU    %usr   %nice    %sys %iowait    %irq   %soft  %steal  %guest  %gnice   %idle
05:32:00     all    4,25    0,00    0,00    0,04    0,00    0,00    0,00    0,00    0,00   95,71
05:32:00       0    0,00    0,00    0,00    0,00    0,00    0,00    0,00    0,00    0,00  100,00
05:32:00       1  100,00    0,00    0,00    0,00    0,00    0,00    0,00    0,00    0,00    0,00
05:32:00       2    0,00    0,00    0,00    0,00    0,00    0,00    0,00    0,00    0,00  100,00
05:32:00       3    0,00    0,00    0,00    0,00    0,00    0,00    0,00    0,00    0,00  100,00
05:32:00       4    0,00    0,00    0,00    0,00    0,00    0,00    0,00    0,00    0,00  100,00
05:32:00       5    1,00    0,00    0,00    0,00    0,00    0,00    0,00    0,00    0,00   99,00
05:32:00       6    0,00    0,00    0,00    0,00    0,00    0,00    0,00    0,00    0,00  100,00
05:32:00       7    0,00    0,00    0,00    0,00    0,00    0,00    0,00    0,00    0,00  100,00
05:32:00       8    0,00    0,00    0,00    0,00    0,00    0,00    0,00    0,00    0,00  100,00
05:32:00       9    0,00    0,00    0,00    0,00    0,00    0,00    0,00    0,00    0,00  100,00
05:32:00      10    0,00    0,00    0,00    1,00    0,00    0,00    0,00    0,00    0,00   99,00
05:32:00      11    0,00    0,00    0,00    0,00    0,00    0,00    0,00    0,00    0,00  100,00
05:32:00      12    1,00    0,00    0,00    0,00    0,00    0,00    0,00    0,00    0,00   99,00
05:32:00      13    0,00    0,00    0,00    0,00    0,00    0,00    0,00    0,00    0,00  100,00
05:32:00      14    0,00    0,00    0,00    0,00    0,00    0,00    0,00    0,00    0,00  100,00
05:32:00      15    0,00    0,00    0,00    0,00    0,00    0,00    0,00    0,00    0,00  100,00
05:32:00      16    0,00    0,00    0,00    0,00    0,00    0,00    0,00    0,00    0,00  100,00
05:32:00      17    0,00    0,00    0,00    0,00    0,00    0,00    0,00    0,00    0,00  100,00
05:32:00      18    0,00    0,00    0,00    0,00    0,00    0,00    0,00    0,00    0,00  100,00
05:32:00      19    0,00    0,00    0,00    0,00    0,00    0,00    0,00    0,00    0,00  100,00
05:32:00      20    0,00    0,00    0,00    0,00    0,00    0,00    0,00    0,00    0,00  100,00
05:32:00      21    0,00    0,00    0,00    0,00    0,00    0,00    0,00    0,00    0,00  100,00
05:32:00      22    0,00    0,00    0,00    0,00    0,00    0,00    0,00    0,00    0,00  100,00
05:32:00      23    0,00    0,00    0,00    0,00    0,00    0,00    0,00    0,00    0,00  100,00

05:32:00     CPU    %usr   %nice    %sys %iowait    %irq   %soft  %steal  %guest  %gnice   %idle
05:32:01     all    4,21    0,00    0,00    0,00    0,00    0,00    0,00    0,00    0,00   95,79
05:32:01       0    0,00    0,00    0,00    0,00    0,00    0,00    0,00    0,00    0,00  100,00
05:32:01       1  100,00    0,00    0,00    0,00    0,00    0,00    0,00    0,00    0,00    0,00
05:32:01       2    0,00    0,00    0,00    0,00    0,00    0,00    0,00    0,00    0,00  100,00
05:32:01       3    0,00    0,00    0,00    0,00    0,00    0,00    0,00    0,00    0,00  100,00
05:32:01       4    0,00    0,00    0,00    0,00    0,00    0,00    0,00    0,00    0,00  100,00
05:32:01       5    0,00    0,00    0,00    0,00    0,00    0,00    0,00    0,00    0,00  100,00
05:32:01       6    0,00    0,00    0,00    0,00    0,00    0,00    0,00    0,00    0,00  100,00
05:32:01       7    0,00    0,00    0,00    0,00    0,00    0,00    0,00    0,00    0,00  100,00
05:32:01       8    0,00    0,00    0,00    0,00    0,00    0,00    0,00    0,00    0,00  100,00
05:32:01       9    0,00    0,00    0,00    0,00    0,00    0,00    0,00    0,00    0,00  100,00
05:32:01      10    0,00    0,00    0,00    0,00    0,00    0,00    0,00    0,00    0,00  100,00
05:32:01      11    0,00    0,00    0,00    0,00    0,00    0,00    0,00    0,00    0,00  100,00
05:32:01      12    0,00    0,00    0,00    0,00    0,00    0,00    0,00    0,00    0,00  100,00
05:32:01      13    0,99    0,00    0,00    0,00    0,00    0,00    0,00    0,00    0,00   99,01
05:32:01      14    0,00    0,00    0,00    0,00    0,00    0,00    0,00    0,00    0,00  100,00
05:32:01      15    0,00    0,00    0,00    0,00    0,00    0,00    0,00    0,00    0,00  100,00
05:32:01      16    0,00    0,00    0,00    0,00    0,00    0,00    0,00    0,00    0,00  100,00
05:32:01      17    0,00    0,00    0,00    0,00    0,00    0,00    0,00    0,00    0,00  100,00
05:32:01      18    0,00    0,00    0,00    0,00    0,00    0,00    0,00    0,00    0,00  100,00
05:32:01      19    0,00    0,00    0,00    0,00    0,00    0,00    0,00    0,00    0,00  100,00
05:32:01      20    0,00    0,00    0,00    0,00    0,00    0,00    0,00    0,00    0,00  100,00
05:32:01      21    0,00    0,00    0,00    0,00    0,00    0,00    0,00    0,00    0,00  100,00
05:32:01      22    0,00    0,00    0,00    0,00    0,00    0,00    0,00    0,00    0,00  100,00
05:32:01      23    0,00    0,00    0,00    0,00    0,00    0,00    0,00    0,00    0,00  100,00

05:32:01     CPU    %usr   %nice    %sys %iowait    %irq   %soft  %steal  %guest  %gnice   %idle
05:32:02     all    4,25    0,00    0,00    0,17    0,00    0,00    0,00    0,00    0,00   95,58
05:32:02       0    0,00    0,00    0,00    0,00    0,00    0,00    0,00    0,00    0,00  100,00
05:32:02       1  100,00    0,00    0,00    0,00    0,00    0,00    0,00    0,00    0,00    0,00
05:32:02       2    0,00    0,00    0,00    0,00    0,00    0,00    0,00    0,00    0,00  100,00
05:32:02       3    0,00    0,00    0,00    0,00    0,00    0,00    0,00    0,00    0,00  100,00
05:32:02       4    0,00    0,00    0,00    0,00    0,00    0,00    0,00    0,00    0,00  100,00
05:32:02       5    0,00    0,00    0,00    0,00    0,00    0,00    0,00    0,00    0,00  100,00
05:32:02       6    0,00    0,00    0,00    0,00    0,00    0,00    0,00    0,00    0,00  100,00
05:32:02       7    0,00    0,00    0,00    0,00    0,00    0,00    0,00    0,00    0,00  100,00
05:32:02       8    0,00    0,00    0,00    0,00    0,00    0,00    0,00    0,00    0,00  100,00
05:32:02       9    0,00    0,00    0,00    0,00    0,00    0,00    0,00    0,00    0,00  100,00
05:32:02      10    0,00    0,00    0,00    1,00    0,00    0,00    0,00    0,00    0,00   99,00
05:32:02      11    0,00    0,00    0,00    0,00    0,00    0,00    0,00    0,00    0,00  100,00
05:32:02      12    0,00    0,00    0,00    1,00    0,00    0,00    0,00    0,00    0,00   99,00
05:32:02      13    1,98    0,00    0,00    0,00    0,00    0,00    0,00    0,00    0,00   98,02
05:32:02      14    0,00    0,00    0,00    0,00    0,00    0,00    0,00    0,00    0,00  100,00
05:32:02      15    0,00    0,00    0,00    0,00    0,00    0,00    0,00    0,00    0,00  100,00
05:32:02      16    0,00    0,00    0,00    0,00    0,00    0,00    0,00    0,00    0,00  100,00
05:32:02      17    0,00    0,00    0,00    0,00    0,00    0,00    0,00    0,00    0,00  100,00
05:32:02      18    0,00    0,00    0,00    0,00    0,00    0,00    0,00    0,00    0,00  100,00
05:32:02      19    0,00    0,00    0,00    0,00    0,00    0,00    0,00    0,00    0,00  100,00
05:32:02      20    0,00    0,00    0,00    0,00    0,00    0,00    0,00    0,00    0,00  100,00
05:32:02      21    0,00    0,00    0,00    0,00    0,00    0,00    0,00    0,00    0,00  100,00
05:32:02      22    0,00    0,00    0,00    2,02    0,00    0,00    0,00    0,00    0,00   97,98
05:32:02      23    0,00    0,00    0,00    0,00    0,00    0,00    0,00    0,00    0,00  100,00

05:32:02     CPU    %usr   %nice    %sys %iowait    %irq   %soft  %steal  %guest  %gnice   %idle
05:32:03     all    4,25    0,00    0,00    0,00    0,00    0,00    0,00    0,00    0,00   95,75
05:32:03       0    0,00    0,00    0,00    0,00    0,00    0,00    0,00    0,00    0,00  100,00
05:32:03       1  100,00    0,00    0,00    0,00    0,00    0,00    0,00    0,00    0,00    0,00
05:32:03       2    0,00    0,00    0,00    0,00    0,00    0,00    0,00    0,00    0,00  100,00
05:32:03       3    0,00    0,00    0,00    0,00    0,00    0,00    0,00    0,00    0,00  100,00
05:32:03       4    0,00    0,00    0,00    0,00    0,00    0,00    0,00    0,00    0,00  100,00
05:32:03       5    0,00    0,00    0,00    0,00    0,00    0,00    0,00    0,00    0,00  100,00
05:32:03       6    0,00    0,00    0,00    0,00    0,00    0,00    0,00    0,00    0,00  100,00
05:32:03       7    0,00    0,00    0,00    0,00    0,00    0,00    0,00    0,00    0,00  100,00
05:32:03       8    0,00    0,00    0,00    0,00    0,00    0,00    0,00    0,00    0,00  100,00
05:32:03       9    0,00    0,00    0,00    0,00    0,00    0,00    0,00    0,00    0,00  100,00
05:32:03      10    0,00    0,00    0,00    0,00    0,00    0,00    0,00    0,00    0,00  100,00
05:32:03      11    0,00    0,00    0,00    0,00    0,00    0,00    0,00    0,00    0,00  100,00
05:32:03      12    0,00    0,00    0,00    0,00    0,00    0,00    0,00    0,00    0,00  100,00
05:32:03      13    1,96    0,00    0,00    0,00    0,00    0,00    0,00    0,00    0,00   98,04
05:32:03      14    0,00    0,00    0,00    0,00    0,00    0,00    0,00    0,00    0,00  100,00
05:32:03      15    0,00    0,00    0,00    0,00    0,00    0,00    0,00    0,00    0,00  100,00
05:32:03      16    0,00    0,00    0,00    0,00    0,00    0,00    0,00    0,00    0,00  100,00
05:32:03      17    0,00    0,00    0,00    0,00    0,00    0,00    0,00    0,00    0,00  100,00
05:32:03      18    0,00    0,00    0,00    0,00    0,00    0,00    0,00    0,00    0,00  100,00
05:32:03      19    0,00    0,00    0,00    0,00    0,00    0,00    0,00    0,00    0,00  100,00
05:32:03      20    0,00    0,00    0,00    0,00    0,00    0,00    0,00    0,00    0,00  100,00
05:32:03      21    0,00    0,00    0,00    0,00    0,00    0,00    0,00    0,00    0,00  100,00
05:32:03      22    0,00    0,00    0,00    0,00    0,00    0,00    0,00    0,00    0,00  100,00
05:32:03      23    0,00    0,00    0,00    0,00    0,00    0,00    0,00    0,00    0,00  100,00

05:32:03     CPU    %usr   %nice    %sys %iowait    %irq   %soft  %steal  %guest  %gnice   %idle
05:32:04     all    4,54    0,00    0,21    0,00    0,00    0,00    0,00    0,00    0,00   95,25
05:32:04       0    0,00    0,00    0,00    0,00    0,00    0,00    0,00    0,00    0,00  100,00
05:32:04       1  100,00    0,00    0,00    0,00    0,00    0,00    0,00    0,00    0,00    0,00
05:32:04       2    0,00    0,00    0,00    0,00    0,00    0,00    0,00    0,00    0,00  100,00
05:32:04       3    0,00    0,00    0,00    0,00    0,00    0,00    0,00    0,00    0,00  100,00
05:32:04       4    0,00    0,00    0,00    0,00    0,00    0,00    0,00    0,00    0,00  100,00
05:32:04       5    0,00    0,00    0,00    0,00    0,00    0,00    0,00    0,00    0,00  100,00
05:32:04       6    0,00    0,00    0,00    0,00    0,00    0,00    0,00    0,00    0,00  100,00
05:32:04       7    0,00    0,00    0,00    0,00    0,00    0,00    0,00    0,00    0,00  100,00
05:32:04       8    0,00    0,00    0,00    0,00    0,00    0,00    0,00    0,00    0,00  100,00
05:32:04       9    0,00    0,00    0,00    0,00    0,00    0,00    0,00    0,00    0,00  100,00
05:32:04      10    7,07    0,00    5,05    0,00    0,00    0,00    0,00    0,00    0,00   87,88
05:32:04      11    0,00    0,00    0,00    0,00    0,00    0,00    0,00    0,00    0,00  100,00
05:32:04      12    0,00    0,00    0,00    0,00    0,00    0,00    0,00    0,00    0,00  100,00
05:32:04      13    1,96    0,00    0,00    0,00    0,00    0,00    0,00    0,00    0,00   98,04
05:32:04      14    0,00    0,00    0,00    0,00    0,00    0,00    0,00    0,00    0,00  100,00
05:32:04      15    0,00    0,00    0,00    0,00    0,00    0,00    0,00    0,00    0,00  100,00
05:32:04      16    0,00    0,00    0,00    0,00    0,00    0,00    0,00    0,00    0,00  100,00
05:32:04      17    0,00    0,00    0,00    0,00    0,00    0,00    0,00    0,00    0,00  100,00
05:32:04      18    0,00    0,00    0,00    0,00    0,00    0,00    0,00    0,00    0,00  100,00
05:32:04      19    0,00    0,00    0,00    0,00    0,00    0,00    0,00    0,00    0,00  100,00
05:32:04      20    0,00    0,00    0,00    0,00    0,00    0,00    0,00    0,00    0,00  100,00
05:32:04      21    0,00    0,00    0,00    0,00    0,00    0,00    0,00    0,00    0,00  100,00
05:32:04      22    0,00    0,00    0,00    0,00    0,00    0,00    0,00    0,00    0,00  100,00
05:32:04      23    0,00    0,00    0,00    0,00    0,00    0,00    0,00    0,00    0,00  100,00

05:32:04     CPU    %usr   %nice    %sys %iowait    %irq   %soft  %steal  %guest  %gnice   %idle
05:32:05     all    4,21    0,00    0,00    0,00    0,00    0,00    0,00    0,00    0,00   95,79
05:32:05       0    0,00    0,00    0,00    0,00    0,00    0,00    0,00    0,00    0,00  100,00
05:32:05       1  100,00    0,00    0,00    0,00    0,00    0,00    0,00    0,00    0,00    0,00
05:32:05       2    0,00    0,00    0,00    0,00    0,00    0,00    0,00    0,00    0,00  100,00
05:32:05       3    0,00    0,00    0,00    0,00    0,00    0,00    0,00    0,00    0,00  100,00
05:32:05       4    0,00    0,00    0,00    0,00    0,00    0,00    0,00    0,00    0,00  100,00
05:32:05       5    0,00    0,00    0,00    0,00    0,00    0,00    0,00    0,00    0,00  100,00
05:32:05       6    0,00    0,00    0,00    0,00    0,00    0,00    0,00    0,00    0,00  100,00
05:32:05       7    0,00    0,00    0,00    0,00    0,00    0,00    0,00    0,00    0,00  100,00
05:32:05       8    0,00    0,00    0,00    0,00    0,00    0,00    0,00    0,00    0,00  100,00
05:32:05       9    0,00    0,00    0,00    0,00    0,00    0,00    0,00    0,00    0,00  100,00
05:32:05      10    0,00    0,00    0,00    0,00    0,00    0,00    0,00    0,00    0,00  100,00
05:32:05      11    0,00    0,00    0,00    0,00    0,00    0,00    0,00    0,00    0,00  100,00
05:32:05      12    0,00    0,00    0,00    0,00    0,00    0,00    0,00    0,00    0,00  100,00
05:32:05      13    1,00    0,00    0,00    0,00    0,00    0,00    0,00    0,00    0,00   99,00
05:32:05      14    0,00    0,00    0,00    0,00    0,00    0,00    0,00    0,00    0,00  100,00
05:32:05      15    0,00    0,00    0,00    0,00    0,00    0,00    0,00    0,00    0,00  100,00
05:32:05      16    0,00    0,00    0,00    0,00    0,00    0,00    0,00    0,00    0,00  100,00
05:32:05      17    0,00    0,00    0,00    0,00    0,00    0,00    0,00    0,00    0,00  100,00
05:32:05      18    0,00    0,00    0,00    0,00    0,00    0,00    0,00    0,00    0,00  100,00
05:32:05      19    0,00    0,00    0,00    0,00    0,00    0,00    0,00    0,00    0,00  100,00
05:32:05      20    0,00    0,00    0,00    0,00    0,00    0,00    0,00    0,00    0,00  100,00
05:32:05      21    0,00    0,00    0,00    0,00    0,00    0,00    0,00    0,00    0,00  100,00
05:32:05      22    0,00    0,00    0,00    0,00    0,00    0,00    0,00    0,00    0,00  100,00
05:32:05      23    0,00    0,00    0,00    0,00    0,00    0,00    0,00    0,00    0,00  100,00

05:32:05     CPU    %usr   %nice    %sys %iowait    %irq   %soft  %steal  %guest  %gnice   %idle
05:32:06     all    4,17    0,00    0,00    0,00    0,00    0,00    0,00    0,00    0,00   95,83
05:32:06       0    0,00    0,00    0,00    0,00    0,00    0,00    0,00    0,00    0,00  100,00
05:32:06       1  100,00    0,00    0,00    0,00    0,00    0,00    0,00    0,00    0,00    0,00
05:32:06       2    0,00    0,00    0,00    0,00    0,00    0,00    0,00    0,00    0,00  100,00
05:32:06       3    0,00    0,00    0,00    0,00    0,00    0,00    0,00    0,00    0,00  100,00
05:32:06       4    0,00    0,00    0,00    0,00    0,00    0,00    0,00    0,00    0,00  100,00
05:32:06       5    0,00    0,00    0,00    0,00    0,00    0,00    0,00    0,00    0,00  100,00
05:32:06       6    0,00    0,00    0,00    0,00    0,00    0,00    0,00    0,00    0,00  100,00
05:32:06       7    0,00    0,00    0,00    0,00    0,00    0,00    0,00    0,00    0,00  100,00
05:32:06       8    0,00    0,00    0,00    0,00    0,00    0,00    0,00    0,00    0,00  100,00
05:32:06       9    0,00    0,00    0,00    0,00    0,00    0,00    0,00    0,00    0,00  100,00
05:32:06      10    0,00    0,00    0,00    0,00    0,00    0,00    0,00    0,00    0,00  100,00
05:32:06      11    0,00    0,00    0,00    0,00    0,00    0,00    0,00    0,00    0,00  100,00
05:32:06      12    0,00    0,00    0,00    0,00    0,00    0,00    0,00    0,00    0,00  100,00
05:32:06      13    0,00    0,00    0,00    0,00    0,00    0,00    0,00    0,00    0,00  100,00
05:32:06      14    0,00    0,00    0,00    0,00    0,00    0,00    0,00    0,00    0,00  100,00
05:32:06      15    0,00    0,00    0,00    0,00    0,00    0,00    0,00    0,00    0,00  100,00
05:32:06      16    0,00    0,00    0,00    0,00    0,00    0,00    0,00    0,00    0,00  100,00
05:32:06      17    0,00    0,00    0,00    0,00    0,00    0,00    0,00    0,00    0,00  100,00
05:32:06      18    0,00    0,00    0,00    0,00    0,00    0,00    0,00    0,00    0,00  100,00
05:32:06      19    0,00    0,00    0,00    0,00    0,00    0,00    0,00    0,00    0,00  100,00
05:32:06      20    0,00    0,00    0,00    0,00    0,00    0,00    0,00    0,00    0,00  100,00
05:32:06      21    0,00    0,00    0,00    0,00    0,00    0,00    0,00    0,00    0,00  100,00
05:32:06      22    0,00    0,00    0,00    0,00    0,00    0,00    0,00    0,00    0,00  100,00
05:32:06      23    0,00    0,00    0,00    0,00    0,00    0,00    0,00    0,00    0,00  100,00
