Linux 6.8.0-111-generic (testbed-node6) 	13/05/26 	_x86_64_	(24 CPU)

05:00:54     CPU    %usr   %nice    %sys %iowait    %irq   %soft  %steal  %guest  %gnice   %idle
05:00:55     all    0,42    0,00    0,21    0,08    0,00    0,00    0,00    0,00    0,00   99,29
05:00:55       0    0,00    0,00    0,00    0,00    0,00    0,00    0,00    0,00    0,00  100,00
05:00:55       1    0,00    0,00    0,00    0,00    0,00    0,00    0,00    0,00    0,00  100,00
05:00:55       2    0,00    0,00    0,00    0,00    0,00    0,00    0,00    0,00    0,00  100,00
05:00:55       3    0,00    0,00    0,00    0,00    0,00    0,00    0,00    0,00    0,00  100,00
05:00:55       4    0,00    0,00    0,00    0,00    0,00    0,00    0,00    0,00    0,00  100,00
05:00:55       5    0,00    0,00    0,00    0,00    0,00    0,00    0,00    0,00    0,00  100,00
05:00:55       6    0,00    0,00    0,00    0,00    0,00    0,00    0,00    0,00    0,00  100,00
05:00:55       7    0,00    0,00    0,00    0,00    0,00    0,00    0,00    0,00    0,00  100,00
05:00:55       8    5,94    0,00    0,99    0,00    0,00    0,00    0,00    0,00    0,00   93,07
05:00:55       9    0,00    0,00    0,00    0,00    0,00    0,00    0,00    0,00    0,00  100,00
05:00:55      10    1,00    0,00    0,00    0,00    0,00    0,00    0,00    0,00    0,00   99,00
05:00:55      11    0,00    0,00    0,00    0,00    0,00    0,00    0,00    0,00    0,00  100,00
05:00:55      12    0,00    0,00    0,00    0,00    0,00    0,00    0,00    0,00    0,00  100,00
05:00:55      13    0,99    0,00    0,99    0,00    0,00    0,00    0,00    0,00    0,00   98,02
05:00:55      14    0,00    0,00    0,00    0,00    0,00    0,00    0,00    0,00    0,00  100,00
05:00:55      15    0,00    0,00    0,00    0,00    0,00    0,00    0,00    0,00    0,00  100,00
05:00:55      16    0,00    0,00    0,00    1,00    0,00    0,00    0,00    0,00    0,00   99,00
05:00:55      17    0,00    0,00    1,00    1,00    0,00    0,00    0,00    0,00    0,00   98,00
05:00:55      18    0,00    0,00    0,00    0,00    0,00    0,00    0,00    0,00    0,00  100,00
05:00:55      19    0,00    0,00    0,00    0,00    0,00    0,00    0,00    0,00    0,00  100,00
05:00:55      20    0,99    0,00    0,00    0,00    0,00    0,00    0,00    0,00    0,00   99,01
05:00:55      21    0,00    0,00    0,00    0,00    0,00    0,00    0,00    0,00    0,00  100,00
05:00:55      22    0,00    0,00    1,00    0,00    0,00    0,00    0,00    0,00    0,00   99,00
05:00:55      23    1,01    0,00    1,01    0,00    0,00    0,00    0,00    0,00    0,00   97,98

05:00:55     CPU    %usr   %nice    %sys %iowait    %irq   %soft  %steal  %guest  %gnice   %idle
05:00:56     all    0,08    0,00    0,04    0,00    0,00    0,00    0,00    0,00    0,00   99,88
05:00:56       0    0,00    0,00    0,00    0,00    0,00    0,00    0,00    0,00    0,00  100,00
05:00:56       1    0,00    0,00    0,00    0,00    0,00    0,00    0,00    0,00    0,00  100,00
05:00:56       2    0,00    0,00    0,00    0,00    0,00    0,00    0,00    0,00    0,00  100,00
05:00:56       3    0,00    0,00    0,00    0,00    0,00    0,00    0,00    0,00    0,00  100,00
05:00:56       4    0,00    0,00    0,00    0,00    0,00    0,00    0,00    0,00    0,00  100,00
05:00:56       5    0,00    0,00    0,00    0,00    0,00    0,00    0,00    0,00    0,00  100,00
05:00:56       6    0,00    0,00    0,00    0,00    0,00    0,00    0,00    0,00    0,00  100,00
05:00:56       7    0,00    0,00    0,00    0,00    0,00    0,00    0,00    0,00    0,00  100,00
05:00:56       8    0,00    0,00    0,00    0,00    0,00    0,00    0,00    0,00    0,00  100,00
05:00:56       9    0,00    0,00    0,00    0,00    0,00    0,00    0,00    0,00    0,00  100,00
05:00:56      10    0,00    0,00    0,00    0,00    0,00    0,00    0,00    0,00    0,00  100,00
05:00:56      11    0,00    0,00    0,00    0,00    0,00    0,00    0,00    0,00    0,00  100,00
05:00:56      12    0,00    0,00    0,00    0,00    0,00    0,00    0,00    0,00    0,00  100,00
05:00:56      13    1,94    0,00    0,97    0,00    0,00    0,00    0,00    0,00    0,00   97,09
05:00:56      14    0,00    0,00    0,00    0,00    0,00    0,00    0,00    0,00    0,00  100,00
05:00:56      15    0,00    0,00    0,00    0,00    0,00    0,00    0,00    0,00    0,00  100,00
05:00:56      16    0,00    0,00    0,00    0,00    0,00    0,00    0,00    0,00    0,00  100,00
05:00:56      17    0,00    0,00    0,00    0,00    0,00    0,00    0,00    0,00    0,00  100,00
05:00:56      18    0,00    0,00    0,00    0,00    0,00    0,00    0,00    0,00    0,00  100,00
05:00:56      19    0,00    0,00    0,00    0,00    0,00    0,00    0,00    0,00    0,00  100,00
05:00:56      20    0,00    0,00    0,00    0,00    0,00    0,00    0,00    0,00    0,00  100,00
05:00:56      21    0,00    0,00    0,00    0,00    0,00    0,00    0,00    0,00    0,00  100,00
05:00:56      22    0,00    0,00    0,00    0,00    0,00    0,00    0,00    0,00    0,00  100,00
05:00:56      23    0,00    0,00    0,00    0,00    0,00    0,00    0,00    0,00    0,00  100,00

05:00:56     CPU    %usr   %nice    %sys %iowait    %irq   %soft  %steal  %guest  %gnice   %idle
05:00:57     all    1,08    0,00    0,46    0,00    0,00    0,04    0,00    0,00    0,00   98,42
05:00:57       0    7,07    0,00    1,01    0,00    0,00    0,00    0,00    0,00    0,00   91,92
05:00:57       1    0,00    0,00    0,00    0,00    0,00    0,00    0,00    0,00    0,00  100,00
05:00:57       2    2,00    0,00    0,00    0,00    0,00    0,00    0,00    0,00    0,00   98,00
05:00:57       3    0,00    0,00    0,00    0,00    0,00    0,00    0,00    0,00    0,00  100,00
05:00:57       4    1,00    0,00    0,00    0,00    0,00    0,00    0,00    0,00    0,00   99,00
05:00:57       5    0,00    0,00    0,00    0,00    0,00    0,00    0,00    0,00    0,00  100,00
05:00:57       6    0,99    0,00    0,99    0,00    0,00    0,00    0,00    0,00    0,00   98,02
05:00:57       7    0,00    0,00    0,00    0,00    0,00    0,00    0,00    0,00    0,00  100,00
05:00:57       8    1,01    0,00    0,00    0,00    0,00    0,00    0,00    0,00    0,00   98,99
05:00:57       9    0,00    0,00    0,00    0,00    0,00    0,00    0,00    0,00    0,00  100,00
05:00:57      10    1,00    0,00    0,00    0,00    0,00    0,00    0,00    0,00    0,00   99,00
05:00:57      11    0,00    0,00    0,00    0,00    0,00    0,00    0,00    0,00    0,00  100,00
05:00:57      12    0,00    0,00    0,00    0,00    0,00    0,00    0,00    0,00    0,00  100,00
05:00:57      13    1,01    0,00    1,01    0,00    0,00    0,00    0,00    0,00    0,00   97,98
05:00:57      14    2,97    0,00    0,99    0,00    0,00    0,00    0,00    0,00    0,00   96,04
05:00:57      15    0,00    0,00    0,00    0,00    0,00    0,00    0,00    0,00    0,00  100,00
05:00:57      16    1,00    0,00    1,00    0,00    0,00    0,00    0,00    0,00    0,00   98,00
05:00:57      17    1,98    0,00    0,00    0,00    0,00    0,99    0,00    0,00    0,00   97,03
05:00:57      18    1,98    0,00    1,98    0,00    0,00    0,00    0,00    0,00    0,00   96,04
05:00:57      19    1,98    0,00    0,99    0,00    0,00    0,00    0,00    0,00    0,00   97,03
05:00:57      20    0,00    0,00    1,01    0,00    0,00    0,00    0,00    0,00    0,00   98,99
05:00:57      21    0,00    0,00    0,00    0,00    0,00    0,00    0,00    0,00    0,00  100,00
05:00:57      22    0,00    0,00    0,00    0,00    0,00    0,00    0,00    0,00    0,00  100,00
05:00:57      23    2,00    0,00    2,00    0,00    0,00    0,00    0,00    0,00    0,00   96,00

05:00:57     CPU    %usr   %nice    %sys %iowait    %irq   %soft  %steal  %guest  %gnice   %idle
05:00:58     all    0,17    0,00    0,08    0,00    0,00    0,00    0,00    0,00    0,00   99,75
05:00:58       0    0,00    0,00    0,00    0,00    0,00    0,00    0,00    0,00    0,00  100,00
05:00:58       1    0,00    0,00    0,00    0,00    0,00    0,00    0,00    0,00    0,00  100,00
05:00:58       2    1,00    0,00    0,00    0,00    0,00    0,00    0,00    0,00    0,00   99,00
05:00:58       3    0,00    0,00    0,00    0,00    0,00    0,00    0,00    0,00    0,00  100,00
05:00:58       4    0,00    0,00    0,00    0,00    0,00    0,00    0,00    0,00    0,00  100,00
05:00:58       5    0,00    0,00    0,00    0,00    0,00    0,00    0,00    0,00    0,00  100,00
05:00:58       6    0,00    0,00    0,00    0,00    0,00    0,00    0,00    0,00    0,00  100,00
05:00:58       7    0,00    0,00    0,00    0,00    0,00    0,00    0,00    0,00    0,00  100,00
05:00:58       8    0,00    0,00    0,00    0,00    0,00    0,00    0,00    0,00    0,00  100,00
05:00:58       9    0,00    0,00    0,00    0,00    0,00    0,00    0,00    0,00    0,00  100,00
05:00:58      10    0,98    0,00    0,98    0,00    0,00    0,00    0,00    0,00    0,00   98,04
05:00:58      11    0,00    0,00    0,00    0,00    0,00    0,00    0,00    0,00    0,00  100,00
05:00:58      12    0,00    0,00    0,00    0,00    0,00    0,00    0,00    0,00    0,00  100,00
05:00:58      13    0,00    0,00    0,00    0,00    0,00    0,00    0,00    0,00    0,00  100,00
05:00:58      14    0,99    0,00    0,00    0,00    0,00    0,00    0,00    0,00    0,00   99,01
05:00:58      15    0,99    0,00    0,00    0,00    0,00    0,00    0,00    0,00    0,00   99,01
05:00:58      16    0,00    0,00    0,00    0,00    0,00    0,00    0,00    0,00    0,00  100,00
05:00:58      17    0,00    0,00    1,00    0,00    0,00    0,00    0,00    0,00    0,00   99,00
05:00:58      18    0,00    0,00    0,00    0,00    0,00    0,00    0,00    0,00    0,00  100,00
05:00:58      19    0,00    0,00    0,00    0,00    0,00    0,00    0,00    0,00    0,00  100,00
05:00:58      20    0,00    0,00    0,00    0,00    0,00    0,00    0,00    0,00    0,00  100,00
05:00:58      21    0,00    0,00    0,00    0,00    0,00    0,00    0,00    0,00    0,00  100,00
05:00:58      22    0,00    0,00    0,00    0,00    0,00    0,00    0,00    0,00    0,00  100,00
05:00:58      23    0,00    0,00    0,00    0,00    0,00    0,00    0,00    0,00    0,00  100,00

05:00:58     CPU    %usr   %nice    %sys %iowait    %irq   %soft  %steal  %guest  %gnice   %idle
05:00:59     all    0,29    0,00    0,21    0,00    0,00    0,00    0,00    0,00    0,00   99,50
05:00:59       0    0,00    0,00    0,00    0,00    0,00    0,00    0,00    0,00    0,00  100,00
05:00:59       1    0,00    0,00    0,00    0,00    0,00    0,00    0,00    0,00    0,00  100,00
05:00:59       2    0,00    0,00    0,00    0,00    0,00    0,00    0,00    0,00    0,00  100,00
05:00:59       3    0,00    0,00    0,00    0,00    0,00    0,00    0,00    0,00    0,00  100,00
05:00:59       4    0,00    0,00    0,00    0,00    0,00    0,00    0,00    0,00    0,00  100,00
05:00:59       5    0,00    0,00    0,00    0,00    0,00    0,00    0,00    0,00    0,00  100,00
05:00:59       6    0,00    0,00    0,00    0,00    0,00    0,00    0,00    0,00    0,00  100,00
05:00:59       7    0,00    0,00    0,00    0,00    0,00    0,00    0,00    0,00    0,00  100,00
05:00:59       8    0,00    0,00    1,00    0,00    0,00    0,00    0,00    0,00    0,00   99,00
05:00:59       9    0,00    0,00    0,00    0,00    0,00    0,00    0,00    0,00    0,00  100,00
05:00:59      10    0,00    0,00    0,00    0,00    0,00    0,00    0,00    0,00    0,00  100,00
05:00:59      11    0,00    0,00    0,00    0,00    0,00    0,00    0,00    0,00    0,00  100,00
05:00:59      12    1,00    0,00    0,00    0,00    0,00    0,00    0,00    0,00    0,00   99,00
05:00:59      13    0,00    0,00    0,00    0,00    0,00    0,00    0,00    0,00    0,00  100,00
05:00:59      14    2,94    0,00    0,00    0,00    0,00    0,00    0,00    0,00    0,00   97,06
05:00:59      15    0,00    0,00    0,00    0,00    0,00    0,00    0,00    0,00    0,00  100,00
05:00:59      16    0,99    0,00    0,99    0,00    0,00    0,00    0,00    0,00    0,00   98,02
05:00:59      17    0,00    0,00    0,00    0,00    0,00    0,00    0,00    0,00    0,00  100,00
05:00:59      18    0,00    0,00    0,00    0,00    0,00    0,00    0,00    0,00    0,00  100,00
05:00:59      19    0,00    0,00    0,00    0,00    0,00    0,00    0,00    0,00    0,00  100,00
05:00:59      20    1,00    0,00    0,00    0,00    0,00    0,00    0,00    0,00    0,00   99,00
05:00:59      21    0,00    0,00    0,99    0,00    0,00    0,00    0,00    0,00    0,00   99,01
05:00:59      22    0,00    0,00    0,99    0,00    0,00    0,00    0,00    0,00    0,00   99,01
05:00:59      23    0,99    0,00    0,99    0,00    0,00    0,00    0,00    0,00    0,00   98,02

05:00:59     CPU    %usr   %nice    %sys %iowait    %irq   %soft  %steal  %guest  %gnice   %idle
05:01:00     all    0,21    0,00    0,21    0,17    0,00    0,00    0,00    0,00    0,00   99,42
05:01:00       0    1,00    0,00    0,00    0,00    0,00    0,00    0,00    0,00    0,00   99,00
05:01:00       1    0,00    0,00    0,00    0,00    0,00    0,00    0,00    0,00    0,00  100,00
05:01:00       2    0,00    0,00    0,99    0,00    0,00    0,00    0,00    0,00    0,00   99,01
05:01:00       3    0,00    0,00    0,00    0,00    0,00    0,00    0,00    0,00    0,00  100,00
05:01:00       4    0,00    0,00    0,00    0,00    0,00    0,00    0,00    0,00    0,00  100,00
05:01:00       5    0,00    0,00    0,00    0,00    0,00    0,00    0,00    0,00    0,00  100,00
05:01:00       6    0,00    0,00    0,00    0,00    0,00    0,00    0,00    0,00    0,00  100,00
05:01:00       7    0,00    0,00    1,00    0,00    0,00    0,00    0,00    0,00    0,00   99,00
05:01:00       8    0,99    0,00    0,00    0,00    0,00    0,00    0,00    0,00    0,00   99,01
05:01:00       9    0,00    0,00    0,00    0,00    0,00    0,00    0,00    0,00    0,00  100,00
05:01:00      10    0,99    0,00    0,00    0,99    0,00    0,00    0,00    0,00    0,00   98,02
05:01:00      11    0,00    0,00    0,00    0,00    0,00    0,00    0,00    0,00    0,00  100,00
05:01:00      12    0,00    0,00    0,00    1,00    0,00    0,00    0,00    0,00    0,00   99,00
05:01:00      13    0,00    0,00    0,00    0,00    0,00    0,00    0,00    0,00    0,00  100,00
05:01:00      14    0,98    0,00    0,98    0,00    0,00    0,00    0,00    0,00    0,00   98,04
05:01:00      15    0,00    0,00    0,00    0,00    0,00    0,00    0,00    0,00    0,00  100,00
05:01:00      16    0,00    0,00    0,00    0,00    0,00    0,00    0,00    0,00    0,00  100,00
05:01:00      17    0,00    0,00    0,00    2,00    0,00    0,00    0,00    0,00    0,00   98,00
05:01:00      18    1,00    0,00    0,00    0,00    0,00    0,00    0,00    0,00    0,00   99,00
05:01:00      19    0,00    0,00    1,00    0,00    0,00    0,00    0,00    0,00    0,00   99,00
05:01:00      20    0,00    0,00    0,99    0,00    0,00    0,00    0,00    0,00    0,00   99,01
05:01:00      21    0,00    0,00    0,00    0,00    0,00    0,00    0,00    0,00    0,00  100,00
05:01:00      22    0,00    0,00    0,00    0,00    0,00    0,00    0,00    0,00    0,00  100,00
05:01:00      23    0,00    0,00    0,00    0,00    0,00    0,00    0,00    0,00    0,00  100,00

05:01:00     CPU    %usr   %nice    %sys %iowait    %irq   %soft  %steal  %guest  %gnice   %idle
05:01:01     all    0,12    0,00    0,00    0,04    0,00    0,00    0,00    0,00    0,00   99,83
05:01:01       0    0,00    0,00    0,00    0,00    0,00    0,00    0,00    0,00    0,00  100,00
05:01:01       1    0,00    0,00    0,00    0,00    0,00    0,00    0,00    0,00    0,00  100,00
05:01:01       2    0,00    0,00    0,00    0,00    0,00    0,00    0,00    0,00    0,00  100,00
05:01:01       3    0,00    0,00    0,00    0,00    0,00    0,00    0,00    0,00    0,00  100,00
05:01:01       4    0,00    0,00    0,00    0,00    0,00    0,00    0,00    0,00    0,00  100,00
05:01:01       5    0,00    0,00    0,00    0,00    0,00    0,00    0,00    0,00    0,00  100,00
05:01:01       6    0,00    0,00    0,00    0,00    0,00    0,00    0,00    0,00    0,00  100,00
05:01:01       7    0,00    0,00    0,00    0,00    0,00    0,00    0,00    0,00    0,00  100,00
05:01:01       8    0,00    0,00    0,00    0,00    0,00    0,00    0,00    0,00    0,00  100,00
05:01:01       9    0,00    0,00    0,00    0,00    0,00    0,00    0,00    0,00    0,00  100,00
05:01:01      10    0,00    0,00    0,00    0,00    0,00    0,00    0,00    0,00    0,00  100,00
05:01:01      11    0,00    0,00    0,00    0,00    0,00    0,00    0,00    0,00    0,00  100,00
05:01:01      12    0,00    0,00    0,00    0,00    0,00    0,00    0,00    0,00    0,00  100,00
05:01:01      13    0,00    0,00    0,00    0,00    0,00    0,00    0,00    0,00    0,00  100,00
05:01:01      14    2,94    0,00    0,00    0,00    0,00    0,00    0,00    0,00    0,00   97,06
05:01:01      15    0,00    0,00    0,00    0,00    0,00    0,00    0,00    0,00    0,00  100,00
05:01:01      16    0,00    0,00    0,00    1,00    0,00    0,00    0,00    0,00    0,00   99,00
05:01:01      17    0,00    0,00    0,00    0,00    0,00    0,00    0,00    0,00    0,00  100,00
05:01:01      18    0,00    0,00    0,00    0,00    0,00    0,00    0,00    0,00    0,00  100,00
05:01:01      19    0,00    0,00    0,00    0,00    0,00    0,00    0,00    0,00    0,00  100,00
05:01:01      20    0,00    0,00    0,00    0,00    0,00    0,00    0,00    0,00    0,00  100,00
05:01:01      21    0,00    0,00    0,00    0,00    0,00    0,00    0,00    0,00    0,00  100,00
05:01:01      22    0,00    0,00    0,00    0,00    0,00    0,00    0,00    0,00    0,00  100,00
05:01:01      23    0,00    0,00    0,00    0,00    0,00    0,00    0,00    0,00    0,00  100,00

05:01:01     CPU    %usr   %nice    %sys %iowait    %irq   %soft  %steal  %guest  %gnice   %idle
05:01:02     all    0,12    0,00    0,00    0,00    0,00    0,00    0,00    0,00    0,00   99,88
05:01:02       0    0,00    0,00    0,00    0,00    0,00    0,00    0,00    0,00    0,00  100,00
05:01:02       1    0,00    0,00    0,00    0,00    0,00    0,00    0,00    0,00    0,00  100,00
05:01:02       2    0,00    0,00    0,00    0,00    0,00    0,00    0,00    0,00    0,00  100,00
05:01:02       3    0,00    0,00    0,00    0,00    0,00    0,00    0,00    0,00    0,00  100,00
05:01:02       4    0,00    0,00    0,00    0,00    0,00    0,00    0,00    0,00    0,00  100,00
05:01:02       5    0,00    0,00    0,00    0,00    0,00    0,00    0,00    0,00    0,00  100,00
05:01:02       6    0,00    0,00    0,00    0,00    0,00    0,00    0,00    0,00    0,00  100,00
05:01:02       7    0,00    0,00    0,00    0,00    0,00    0,00    0,00    0,00    0,00  100,00
05:01:02       8    0,00    0,00    0,00    0,00    0,00    0,00    0,00    0,00    0,00  100,00
05:01:02       9    0,00    0,00    0,00    0,00    0,00    0,00    0,00    0,00    0,00  100,00
05:01:02      10    0,00    0,00    0,00    0,00    0,00    0,00    0,00    0,00    0,00  100,00
05:01:02      11    0,00    0,00    0,00    0,00    0,00    0,00    0,00    0,00    0,00  100,00
05:01:02      12    1,96    0,00    0,00    0,00    0,00    0,00    0,00    0,00    0,00   98,04
05:01:02      13    0,00    0,00    0,00    0,00    0,00    0,00    0,00    0,00    0,00  100,00
05:01:02      14    0,99    0,00    0,00    0,00    0,00    0,00    0,00    0,00    0,00   99,01
05:01:02      15    0,00    0,00    0,00    0,00    0,00    0,00    0,00    0,00    0,00  100,00
05:01:02      16    0,00    0,00    0,00    0,00    0,00    0,00    0,00    0,00    0,00  100,00
05:01:02      17    0,00    0,00    0,00    0,00    0,00    0,00    0,00    0,00    0,00  100,00
05:01:02      18    0,00    0,00    0,00    0,00    0,00    0,00    0,00    0,00    0,00  100,00
05:01:02      19    0,00    0,00    0,00    0,00    0,00    0,00    0,00    0,00    0,00  100,00
05:01:02      20    0,00    0,00    0,00    0,00    0,00    0,00    0,00    0,00    0,00  100,00
05:01:02      21    0,00    0,00    0,00    0,00    0,00    0,00    0,00    0,00    0,00  100,00
05:01:02      22    0,00    0,00    0,00    0,00    0,00    0,00    0,00    0,00    0,00  100,00
05:01:02      23    0,00    0,00    0,00    0,00    0,00    0,00    0,00    0,00    0,00  100,00

05:01:02     CPU    %usr   %nice    %sys %iowait    %irq   %soft  %steal  %guest  %gnice   %idle
05:01:03     all    0,12    0,00    0,04    0,00    0,00    0,00    0,00    0,00    0,00   99,83
05:01:03       0    0,00    0,00    0,00    0,00    0,00    0,00    0,00    0,00    0,00  100,00
05:01:03       1    0,00    0,00    0,00    0,00    0,00    0,00    0,00    0,00    0,00  100,00
05:01:03       2    0,00    0,00    0,00    0,00    0,00    0,00    0,00    0,00    0,00  100,00
05:01:03       3    0,00    0,00    0,00    0,00    0,00    0,00    0,00    0,00    0,00  100,00
05:01:03       4    0,00    0,00    0,00    0,00    0,00    0,00    0,00    0,00    0,00  100,00
05:01:03       5    0,00    0,00    0,00    0,00    0,00    0,00    0,00    0,00    0,00  100,00
05:01:03       6    0,00    0,00    0,00    0,00    0,00    0,00    0,00    0,00    0,00  100,00
05:01:03       7    0,00    0,00    0,00    0,00    0,00    0,00    0,00    0,00    0,00  100,00
05:01:03       8    0,00    0,00    0,00    0,00    0,00    0,00    0,00    0,00    0,00  100,00
05:01:03       9    0,00    0,00    0,99    0,00    0,00    0,00    0,00    0,00    0,00   99,01
05:01:03      10    0,00    0,00    0,00    0,00    0,00    0,00    0,00    0,00    0,00  100,00
05:01:03      11    0,00    0,00    0,00    0,00    0,00    0,00    0,00    0,00    0,00  100,00
05:01:03      12    2,94    0,00    0,00    0,00    0,00    0,00    0,00    0,00    0,00   97,06
05:01:03      13    0,00    0,00    0,00    0,00    0,00    0,00    0,00    0,00    0,00  100,00
05:01:03      14    0,00    0,00    0,00    0,00    0,00    0,00    0,00    0,00    0,00  100,00
05:01:03      15    0,00    0,00    0,00    0,00    0,00    0,00    0,00    0,00    0,00  100,00
05:01:03      16    0,00    0,00    0,00    0,00    0,00    0,00    0,00    0,00    0,00  100,00
05:01:03      17    0,00    0,00    0,00    0,00    0,00    0,00    0,00    0,00    0,00  100,00
05:01:03      18    0,00    0,00    0,00    0,00    0,00    0,00    0,00    0,00    0,00  100,00
05:01:03      19    0,00    0,00    0,00    0,00    0,00    0,00    0,00    0,00    0,00  100,00
05:01:03      20    0,00    0,00    0,00    0,00    0,00    0,00    0,00    0,00    0,00  100,00
05:01:03      21    0,00    0,00    0,00    0,00    0,00    0,00    0,00    0,00    0,00  100,00
05:01:03      22    0,00    0,00    0,00    0,00    0,00    0,00    0,00    0,00    0,00  100,00
05:01:03      23    0,00    0,00    0,00    0,00    0,00    0,00    0,00    0,00    0,00  100,00

05:01:03     CPU    %usr   %nice    %sys %iowait    %irq   %soft  %steal  %guest  %gnice   %idle
05:01:04     all    0,17    0,00    0,04    0,00    0,00    0,00    0,00    0,00    0,00   99,79
05:01:04       0    0,00    0,00    0,00    0,00    0,00    0,00    0,00    0,00    0,00  100,00
05:01:04       1    0,00    0,00    0,00    0,00    0,00    0,00    0,00    0,00    0,00  100,00
05:01:04       2    0,00    0,00    0,00    0,00    0,00    0,00    0,00    0,00    0,00  100,00
05:01:04       3    0,00    0,00    0,00    0,00    0,00    0,00    0,00    0,00    0,00  100,00
05:01:04       4    0,00    0,00    0,00    0,00    0,00    0,00    0,00    0,00    0,00  100,00
05:01:04       5    0,00    0,00    0,00    0,00    0,00    0,00    0,00    0,00    0,00  100,00
05:01:04       6    0,00    0,00    0,00    0,00    0,00    0,00    0,00    0,00    0,00  100,00
05:01:04       7    0,00    0,00    0,00    0,00    0,00    0,00    0,00    0,00    0,00  100,00
05:01:04       8    0,99    0,00    0,00    0,00    0,00    0,00    0,00    0,00    0,00   99,01
05:01:04       9    0,00    0,00    0,00    0,00    0,00    0,00    0,00    0,00    0,00  100,00
05:01:04      10    0,00    0,00    0,00    0,00    0,00    0,00    0,00    0,00    0,00  100,00
05:01:04      11    0,00    0,00    0,00    0,00    0,00    0,00    0,00    0,00    0,00  100,00
05:01:04      12    2,91    0,00    0,00    0,00    0,00    0,00    0,00    0,00    0,00   97,09
05:01:04      13    0,00    0,00    0,00    0,00    0,00    0,00    0,00    0,00    0,00  100,00
05:01:04      14    0,00    0,00    0,00    0,00    0,00    0,00    0,00    0,00    0,00  100,00
05:01:04      15    0,00    0,00    0,00    0,00    0,00    0,00    0,00    0,00    0,00  100,00
05:01:04      16    0,00    0,00    0,00    0,00    0,00    0,00    0,00    0,00    0,00  100,00
05:01:04      17    0,00    0,00    0,99    0,00    0,00    0,00    0,00    0,00    0,00   99,01
05:01:04      18    0,00    0,00    0,00    0,00    0,00    0,00    0,00    0,00    0,00  100,00
05:01:04      19    0,00    0,00    0,00    0,00    0,00    0,00    0,00    0,00    0,00  100,00
05:01:04      20    0,00    0,00    0,00    0,00    0,00    0,00    0,00    0,00    0,00  100,00
05:01:04      21    0,00    0,00    0,00    0,00    0,00    0,00    0,00    0,00    0,00  100,00
05:01:04      22    0,00    0,00    0,00    0,00    0,00    0,00    0,00    0,00    0,00  100,00
05:01:04      23    0,00    0,00    0,00    0,00    0,00    0,00    0,00    0,00    0,00  100,00

05:01:04     CPU    %usr   %nice    %sys %iowait    %irq   %soft  %steal  %guest  %gnice   %idle
05:01:05     all    0,46    0,00    0,21    0,04    0,00    0,00    0,00    0,00    0,00   99,29
05:01:05       0    0,00    0,00    0,00    0,00    0,00    0,00    0,00    0,00    0,00  100,00
05:01:05       1    0,00    0,00    0,00    0,00    0,00    0,00    0,00    0,00    0,00  100,00
05:01:05       2    0,00    0,00    0,00    0,00    0,00    0,00    0,00    0,00    0,00  100,00
05:01:05       3    0,00    0,00    0,00    0,00    0,00    0,00    0,00    0,00    0,00  100,00
05:01:05       4    0,00    0,00    0,00    0,00    0,00    0,00    0,00    0,00    0,00  100,00
05:01:05       5    0,00    0,00    0,00    0,00    0,00    0,00    0,00    0,00    0,00  100,00
05:01:05       6    0,00    0,00    0,00    0,00    0,00    0,00    0,00    0,00    0,00  100,00
05:01:05       7    0,00    0,00    0,00    0,00    0,00    0,00    0,00    0,00    0,00  100,00
05:01:05       8    0,00    0,00    0,00    0,00    0,00    0,00    0,00    0,00    0,00  100,00
05:01:05       9    6,00    0,00    5,00    0,00    0,00    0,00    0,00    0,00    0,00   89,00
05:01:05      10    0,99    0,00    0,00    0,00    0,00    0,00    0,00    0,00    0,00   99,01
05:01:05      11    0,00    0,00    0,00    0,00    0,00    0,00    0,00    0,00    0,00  100,00
05:01:05      12    1,98    0,00    0,00    0,99    0,00    0,00    0,00    0,00    0,00   97,03
05:01:05      13    1,00    0,00    0,00    0,00    0,00    0,00    0,00    0,00    0,00   99,00
05:01:05      14    0,00    0,00    0,00    0,00    0,00    0,00    0,00    0,00    0,00  100,00
05:01:05      15    0,00    0,00    0,00    0,00    0,00    0,00    0,00    0,00    0,00  100,00
05:01:05      16    0,00    0,00    0,00    0,00    0,00    0,00    0,00    0,00    0,00  100,00
05:01:05      17    0,00    0,00    0,00    0,00    0,00    0,00    0,00    0,00    0,00  100,00
05:01:05      18    0,00    0,00    0,00    0,00    0,00    0,00    0,00    0,00    0,00  100,00
05:01:05      19    0,00    0,00    0,00    0,00    0,00    0,00    0,00    0,00    0,00  100,00
05:01:05      20    0,00    0,00    0,00    0,00    0,00    0,00    0,00    0,00    0,00  100,00
05:01:05      21    0,00    0,00    0,00    0,00    0,00    0,00    0,00    0,00    0,00  100,00
05:01:05      22    0,99    0,00    0,00    0,00    0,00    0,00    0,00    0,00    0,00   99,01
05:01:05      23    0,00    0,00    0,00    0,00    0,00    0,00    0,00    0,00    0,00  100,00

05:01:05     CPU    %usr   %nice    %sys %iowait    %irq   %soft  %steal  %guest  %gnice   %idle
05:01:06     all    0,17    0,00    0,04    0,08    0,00    0,00    0,00    0,00    0,00   99,71
05:01:06       0    0,00    0,00    0,00    0,00    0,00    0,00    0,00    0,00    0,00  100,00
05:01:06       1    0,00    0,00    0,00    0,00    0,00    0,00    0,00    0,00    0,00  100,00
05:01:06       2    0,00    0,00    0,00    0,00    0,00    0,00    0,00    0,00    0,00  100,00
05:01:06       3    0,00    0,00    0,00    0,00    0,00    0,00    0,00    0,00    0,00  100,00
05:01:06       4    0,00    0,00    0,00    0,00    0,00    0,00    0,00    0,00    0,00  100,00
05:01:06       5    0,00    0,00    0,00    0,00    0,00    0,00    0,00    0,00    0,00  100,00
05:01:06       6    0,00    0,00    0,00    0,00    0,00    0,00    0,00    0,00    0,00  100,00
05:01:06       7    0,00    0,00    0,00    0,00    0,00    0,00    0,00    0,00    0,00  100,00
05:01:06       8    0,00    0,00    0,00    0,00    0,00    0,00    0,00    0,00    0,00  100,00
05:01:06       9    0,00    0,00    0,00    0,00    0,00    0,00    0,00    0,00    0,00  100,00
05:01:06      10    0,00    0,00    0,00    1,00    0,00    0,00    0,00    0,00    0,00   99,00
05:01:06      11    0,00    0,00    0,00    0,00    0,00    0,00    0,00    0,00    0,00  100,00
05:01:06      12    3,81    0,00    0,95    0,00    0,00    0,00    0,00    0,00    0,00   95,24
05:01:06      13    0,00    0,00    0,00    0,00    0,00    0,00    0,00    0,00    0,00  100,00
05:01:06      14    0,00    0,00    0,00    0,00    0,00    0,00    0,00    0,00    0,00  100,00
05:01:06      15    0,00    0,00    0,00    0,00    0,00    0,00    0,00    0,00    0,00  100,00
05:01:06      16    0,00    0,00    0,00    1,00    0,00    0,00    0,00    0,00    0,00   99,00
05:01:06      17    0,00    0,00    0,00    0,00    0,00    0,00    0,00    0,00    0,00  100,00
05:01:06      18    0,00    0,00    0,00    0,00    0,00    0,00    0,00    0,00    0,00  100,00
05:01:06      19    0,00    0,00    0,00    0,00    0,00    0,00    0,00    0,00    0,00  100,00
05:01:06      20    0,00    0,00    0,00    0,00    0,00    0,00    0,00    0,00    0,00  100,00
05:01:06      21    0,00    0,00    0,00    0,00    0,00    0,00    0,00    0,00    0,00  100,00
05:01:06      22    0,00    0,00    0,00    0,00    0,00    0,00    0,00    0,00    0,00  100,00
05:01:06      23    0,00    0,00    0,00    0,00    0,00    0,00    0,00    0,00    0,00  100,00
