Linux 6.8.0-110-generic (testbed-node1) 	13/05/26 	_x86_64_	(24 CPU)

04:59:14     CPU    %usr   %nice    %sys %iowait    %irq   %soft  %steal  %guest  %gnice   %idle
04:59:15     all   54,27    0,00    0,08    0,00    0,00    0,00    0,00    0,00    0,00   45,65
04:59:15       0  100,00    0,00    0,00    0,00    0,00    0,00    0,00    0,00    0,00    0,00
04:59:15       1  100,00    0,00    0,00    0,00    0,00    0,00    0,00    0,00    0,00    0,00
04:59:15       2  100,00    0,00    0,00    0,00    0,00    0,00    0,00    0,00    0,00    0,00
04:59:15       3  100,00    0,00    0,00    0,00    0,00    0,00    0,00    0,00    0,00    0,00
04:59:15       4  100,00    0,00    0,00    0,00    0,00    0,00    0,00    0,00    0,00    0,00
04:59:15       5  100,00    0,00    0,00    0,00    0,00    0,00    0,00    0,00    0,00    0,00
04:59:15       6  100,00    0,00    0,00    0,00    0,00    0,00    0,00    0,00    0,00    0,00
04:59:15       7  100,00    0,00    0,00    0,00    0,00    0,00    0,00    0,00    0,00    0,00
04:59:15       8  100,00    0,00    0,00    0,00    0,00    0,00    0,00    0,00    0,00    0,00
04:59:15       9  100,00    0,00    0,00    0,00    0,00    0,00    0,00    0,00    0,00    0,00
04:59:15      10  100,00    0,00    0,00    0,00    0,00    0,00    0,00    0,00    0,00    0,00
04:59:15      11  100,00    0,00    0,00    0,00    0,00    0,00    0,00    0,00    0,00    0,00
04:59:15      12  100,00    0,00    0,00    0,00    0,00    0,00    0,00    0,00    0,00    0,00
04:59:15      13    0,00    0,00    0,00    0,00    0,00    0,00    0,00    0,00    0,00  100,00
04:59:15      14    1,00    0,00    1,00    0,00    0,00    0,00    0,00    0,00    0,00   98,00
04:59:15      15    0,00    0,00    0,00    0,00    0,00    0,00    0,00    0,00    0,00  100,00
04:59:15      16    0,00    0,00    0,00    0,00    0,00    0,00    0,00    0,00    0,00  100,00
04:59:15      17    0,00    0,00    0,00    0,00    0,00    0,00    0,00    0,00    0,00  100,00
04:59:15      18    0,99    0,00    0,00    0,00    0,00    0,00    0,00    0,00    0,00   99,01
04:59:15      19    0,00    0,00    0,99    0,00    0,00    0,00    0,00    0,00    0,00   99,01
04:59:15      20    0,00    0,00    0,00    0,00    0,00    0,00    0,00    0,00    0,00  100,00
04:59:15      21    0,99    0,00    0,00    0,00    0,00    0,00    0,00    0,00    0,00   99,01
04:59:15      22    0,99    0,00    0,00    0,00    0,00    0,00    0,00    0,00    0,00   99,01
04:59:15      23    0,00    0,00    0,00    0,00    0,00    0,00    0,00    0,00    0,00  100,00

04:59:15     CPU    %usr   %nice    %sys %iowait    %irq   %soft  %steal  %guest  %gnice   %idle
04:59:16     all   54,25    0,00    0,00    0,00    0,00    0,00    0,00    0,00    0,00   45,75
04:59:16       0  100,00    0,00    0,00    0,00    0,00    0,00    0,00    0,00    0,00    0,00
04:59:16       1  100,00    0,00    0,00    0,00    0,00    0,00    0,00    0,00    0,00    0,00
04:59:16       2  100,00    0,00    0,00    0,00    0,00    0,00    0,00    0,00    0,00    0,00
04:59:16       3  100,00    0,00    0,00    0,00    0,00    0,00    0,00    0,00    0,00    0,00
04:59:16       4  100,00    0,00    0,00    0,00    0,00    0,00    0,00    0,00    0,00    0,00
04:59:16       5  100,00    0,00    0,00    0,00    0,00    0,00    0,00    0,00    0,00    0,00
04:59:16       6  100,00    0,00    0,00    0,00    0,00    0,00    0,00    0,00    0,00    0,00
04:59:16       7  100,00    0,00    0,00    0,00    0,00    0,00    0,00    0,00    0,00    0,00
04:59:16       8  100,00    0,00    0,00    0,00    0,00    0,00    0,00    0,00    0,00    0,00
04:59:16       9  100,00    0,00    0,00    0,00    0,00    0,00    0,00    0,00    0,00    0,00
04:59:16      10  100,00    0,00    0,00    0,00    0,00    0,00    0,00    0,00    0,00    0,00
04:59:16      11  100,00    0,00    0,00    0,00    0,00    0,00    0,00    0,00    0,00    0,00
04:59:16      12  100,00    0,00    0,00    0,00    0,00    0,00    0,00    0,00    0,00    0,00
04:59:16      13    0,00    0,00    0,00    0,00    0,00    0,00    0,00    0,00    0,00  100,00
04:59:16      14    0,00    0,00    0,00    0,00    0,00    0,00    0,00    0,00    0,00  100,00
04:59:16      15    0,00    0,00    0,00    0,00    0,00    0,00    0,00    0,00    0,00  100,00
04:59:16      16    0,99    0,00    0,00    0,00    0,00    0,00    0,00    0,00    0,00   99,01
04:59:16      17    0,00    0,00    0,00    0,00    0,00    0,00    0,00    0,00    0,00  100,00
04:59:16      18    0,00    0,00    0,00    0,00    0,00    0,00    0,00    0,00    0,00  100,00
04:59:16      19    0,00    0,00    0,00    0,00    0,00    0,00    0,00    0,00    0,00  100,00
04:59:16      20    0,00    0,00    0,00    0,00    0,00    0,00    0,00    0,00    0,00  100,00
04:59:16      21    0,00    0,00    0,00    0,00    0,00    0,00    0,00    0,00    0,00  100,00
04:59:16      22    0,00    0,00    0,00    0,00    0,00    0,00    0,00    0,00    0,00  100,00
04:59:16      23    0,00    0,00    0,00    0,00    0,00    0,00    0,00    0,00    0,00  100,00

04:59:16     CPU    %usr   %nice    %sys %iowait    %irq   %soft  %steal  %guest  %gnice   %idle
04:59:17     all   54,61    0,00    0,21    0,08    0,00    0,00    0,00    0,00    0,00   45,10
04:59:17       0  100,00    0,00    0,00    0,00    0,00    0,00    0,00    0,00    0,00    0,00
04:59:17       1  100,00    0,00    0,00    0,00    0,00    0,00    0,00    0,00    0,00    0,00
04:59:17       2  100,00    0,00    0,00    0,00    0,00    0,00    0,00    0,00    0,00    0,00
04:59:17       3  100,00    0,00    0,00    0,00    0,00    0,00    0,00    0,00    0,00    0,00
04:59:17       4  100,00    0,00    0,00    0,00    0,00    0,00    0,00    0,00    0,00    0,00
04:59:17       5  100,00    0,00    0,00    0,00    0,00    0,00    0,00    0,00    0,00    0,00
04:59:17       6  100,00    0,00    0,00    0,00    0,00    0,00    0,00    0,00    0,00    0,00
04:59:17       7  100,00    0,00    0,00    0,00    0,00    0,00    0,00    0,00    0,00    0,00
04:59:17       8  100,00    0,00    0,00    0,00    0,00    0,00    0,00    0,00    0,00    0,00
04:59:17       9  100,00    0,00    0,00    0,00    0,00    0,00    0,00    0,00    0,00    0,00
04:59:17      10  100,00    0,00    0,00    0,00    0,00    0,00    0,00    0,00    0,00    0,00
04:59:17      11  100,00    0,00    0,00    0,00    0,00    0,00    0,00    0,00    0,00    0,00
04:59:17      12  100,00    0,00    0,00    0,00    0,00    0,00    0,00    0,00    0,00    0,00
04:59:17      13    0,00    0,00    0,00    0,00    0,00    0,00    0,00    0,00    0,00  100,00
04:59:17      14    3,00    0,00    0,00    0,00    0,00    0,00    0,00    0,00    0,00   97,00
04:59:17      15    0,00    0,00    0,00    0,00    0,00    0,00    0,00    0,00    0,00  100,00
04:59:17      16    0,00    0,00    1,00    0,00    0,00    0,00    0,00    0,00    0,00   99,00
04:59:17      17    0,00    0,00    0,00    0,00    0,00    0,00    0,00    0,00    0,00  100,00
04:59:17      18    0,00    0,00    0,00    0,00    0,00    0,00    0,00    0,00    0,00  100,00
04:59:17      19    5,00    0,00    2,00    1,00    0,00    0,00    0,00    0,00    0,00   92,00
04:59:17      20    0,00    0,00    0,00    1,01    0,00    0,00    0,00    0,00    0,00   98,99
04:59:17      21    0,00    0,00    0,00    0,00    0,00    0,00    0,00    0,00    0,00  100,00
04:59:17      22    0,00    0,00    1,00    0,00    0,00    0,00    0,00    0,00    0,00   99,00
04:59:17      23    0,99    0,00    0,99    0,00    0,00    0,00    0,00    0,00    0,00   98,02

04:59:17     CPU    %usr   %nice    %sys %iowait    %irq   %soft  %steal  %guest  %gnice   %idle
04:59:18     all   54,30    0,00    0,00    0,00    0,00    0,00    0,00    0,00    0,00   45,70
04:59:18       0  100,00    0,00    0,00    0,00    0,00    0,00    0,00    0,00    0,00    0,00
04:59:18       1  100,00    0,00    0,00    0,00    0,00    0,00    0,00    0,00    0,00    0,00
04:59:18       2  100,00    0,00    0,00    0,00    0,00    0,00    0,00    0,00    0,00    0,00
04:59:18       3  100,00    0,00    0,00    0,00    0,00    0,00    0,00    0,00    0,00    0,00
04:59:18       4  100,00    0,00    0,00    0,00    0,00    0,00    0,00    0,00    0,00    0,00
04:59:18       5  100,00    0,00    0,00    0,00    0,00    0,00    0,00    0,00    0,00    0,00
04:59:18       6  100,00    0,00    0,00    0,00    0,00    0,00    0,00    0,00    0,00    0,00
04:59:18       7  100,00    0,00    0,00    0,00    0,00    0,00    0,00    0,00    0,00    0,00
04:59:18       8  100,00    0,00    0,00    0,00    0,00    0,00    0,00    0,00    0,00    0,00
04:59:18       9  100,00    0,00    0,00    0,00    0,00    0,00    0,00    0,00    0,00    0,00
04:59:18      10  100,00    0,00    0,00    0,00    0,00    0,00    0,00    0,00    0,00    0,00
04:59:18      11  100,00    0,00    0,00    0,00    0,00    0,00    0,00    0,00    0,00    0,00
04:59:18      12  100,00    0,00    0,00    0,00    0,00    0,00    0,00    0,00    0,00    0,00
04:59:18      13    0,00    0,00    0,00    0,00    0,00    0,00    0,00    0,00    0,00  100,00
04:59:18      14    0,00    0,00    0,00    0,00    0,00    0,00    0,00    0,00    0,00  100,00
04:59:18      15    0,00    0,00    0,00    0,00    0,00    0,00    0,00    0,00    0,00  100,00
04:59:18      16    0,00    0,00    0,00    0,00    0,00    0,00    0,00    0,00    0,00  100,00
04:59:18      17    0,00    0,00    0,00    0,00    0,00    0,00    0,00    0,00    0,00  100,00
04:59:18      18    0,00    0,00    0,00    0,00    0,00    0,00    0,00    0,00    0,00  100,00
04:59:18      19    0,00    0,00    0,00    0,00    0,00    0,00    0,00    0,00    0,00  100,00
04:59:18      20    0,00    0,00    0,00    0,00    0,00    0,00    0,00    0,00    0,00  100,00
04:59:18      21    0,00    0,00    0,00    0,00    0,00    0,00    0,00    0,00    0,00  100,00
04:59:18      22    0,00    0,00    0,00    0,00    0,00    0,00    0,00    0,00    0,00  100,00
04:59:18      23    0,00    0,00    0,00    0,00    0,00    0,00    0,00    0,00    0,00  100,00

04:59:18     CPU    %usr   %nice    %sys %iowait    %irq   %soft  %steal  %guest  %gnice   %idle
04:59:19     all   54,17    0,00    0,00    0,04    0,00    0,00    0,00    0,00    0,00   45,79
04:59:19       0  100,00    0,00    0,00    0,00    0,00    0,00    0,00    0,00    0,00    0,00
04:59:19       1  100,00    0,00    0,00    0,00    0,00    0,00    0,00    0,00    0,00    0,00
04:59:19       2  100,00    0,00    0,00    0,00    0,00    0,00    0,00    0,00    0,00    0,00
04:59:19       3  100,00    0,00    0,00    0,00    0,00    0,00    0,00    0,00    0,00    0,00
04:59:19       4  100,00    0,00    0,00    0,00    0,00    0,00    0,00    0,00    0,00    0,00
04:59:19       5  100,00    0,00    0,00    0,00    0,00    0,00    0,00    0,00    0,00    0,00
04:59:19       6  100,00    0,00    0,00    0,00    0,00    0,00    0,00    0,00    0,00    0,00
04:59:19       7  100,00    0,00    0,00    0,00    0,00    0,00    0,00    0,00    0,00    0,00
04:59:19       8  100,00    0,00    0,00    0,00    0,00    0,00    0,00    0,00    0,00    0,00
04:59:19       9  100,00    0,00    0,00    0,00    0,00    0,00    0,00    0,00    0,00    0,00
04:59:19      10  100,00    0,00    0,00    0,00    0,00    0,00    0,00    0,00    0,00    0,00
04:59:19      11  100,00    0,00    0,00    0,00    0,00    0,00    0,00    0,00    0,00    0,00
04:59:19      12  100,00    0,00    0,00    0,00    0,00    0,00    0,00    0,00    0,00    0,00
04:59:19      13    0,00    0,00    0,00    0,00    0,00    0,00    0,00    0,00    0,00  100,00
04:59:19      14    0,00    0,00    0,00    0,00    0,00    0,00    0,00    0,00    0,00  100,00
04:59:19      15    0,00    0,00    0,00    0,00    0,00    0,00    0,00    0,00    0,00  100,00
04:59:19      16    0,00    0,00    0,00    0,00    0,00    0,00    0,00    0,00    0,00  100,00
04:59:19      17    0,00    0,00    0,00    0,00    0,00    0,00    0,00    0,00    0,00  100,00
04:59:19      18    0,00    0,00    0,00    1,00    0,00    0,00    0,00    0,00    0,00   99,00
04:59:19      19    0,00    0,00    0,00    0,00    0,00    0,00    0,00    0,00    0,00  100,00
04:59:19      20    0,00    0,00    0,00    0,00    0,00    0,00    0,00    0,00    0,00  100,00
04:59:19      21    0,00    0,00    0,00    0,00    0,00    0,00    0,00    0,00    0,00  100,00
04:59:19      22    0,00    0,00    0,00    0,00    0,00    0,00    0,00    0,00    0,00  100,00
04:59:19      23    0,00    0,00    0,00    0,00    0,00    0,00    0,00    0,00    0,00  100,00

04:59:19     CPU    %usr   %nice    %sys %iowait    %irq   %soft  %steal  %guest  %gnice   %idle
04:59:20     all   54,19    0,00    0,00    0,00    0,00    0,00    0,00    0,00    0,00   45,81
04:59:20       0  100,00    0,00    0,00    0,00    0,00    0,00    0,00    0,00    0,00    0,00
04:59:20       1  100,00    0,00    0,00    0,00    0,00    0,00    0,00    0,00    0,00    0,00
04:59:20       2  100,00    0,00    0,00    0,00    0,00    0,00    0,00    0,00    0,00    0,00
04:59:20       3  100,00    0,00    0,00    0,00    0,00    0,00    0,00    0,00    0,00    0,00
04:59:20       4  100,00    0,00    0,00    0,00    0,00    0,00    0,00    0,00    0,00    0,00
04:59:20       5  100,00    0,00    0,00    0,00    0,00    0,00    0,00    0,00    0,00    0,00
04:59:20       6  100,00    0,00    0,00    0,00    0,00    0,00    0,00    0,00    0,00    0,00
04:59:20       7  100,00    0,00    0,00    0,00    0,00    0,00    0,00    0,00    0,00    0,00
04:59:20       8  100,00    0,00    0,00    0,00    0,00    0,00    0,00    0,00    0,00    0,00
04:59:20       9  100,00    0,00    0,00    0,00    0,00    0,00    0,00    0,00    0,00    0,00
04:59:20      10  100,00    0,00    0,00    0,00    0,00    0,00    0,00    0,00    0,00    0,00
04:59:20      11  100,00    0,00    0,00    0,00    0,00    0,00    0,00    0,00    0,00    0,00
04:59:20      12  100,00    0,00    0,00    0,00    0,00    0,00    0,00    0,00    0,00    0,00
04:59:20      13    0,00    0,00    0,00    0,00    0,00    0,00    0,00    0,00    0,00  100,00
04:59:20      14    0,00    0,00    0,00    0,00    0,00    0,00    0,00    0,00    0,00  100,00
04:59:20      15    0,00    0,00    0,00    0,00    0,00    0,00    0,00    0,00    0,00  100,00
04:59:20      16    0,99    0,00    0,00    0,00    0,00    0,00    0,00    0,00    0,00   99,01
04:59:20      17    0,00    0,00    0,00    0,00    0,00    0,00    0,00    0,00    0,00  100,00
04:59:20      18    0,00    0,00    0,00    0,00    0,00    0,00    0,00    0,00    0,00  100,00
04:59:20      19    0,00    0,00    0,00    0,00    0,00    0,00    0,00    0,00    0,00  100,00
04:59:20      20    0,00    0,00    0,00    0,00    0,00    0,00    0,00    0,00    0,00  100,00
04:59:20      21    0,00    0,00    0,00    0,00    0,00    0,00    0,00    0,00    0,00  100,00
04:59:20      22    0,00    0,00    0,00    0,00    0,00    0,00    0,00    0,00    0,00  100,00
04:59:20      23    0,00    0,00    0,00    0,00    0,00    0,00    0,00    0,00    0,00  100,00

04:59:20     CPU    %usr   %nice    %sys %iowait    %irq   %soft  %steal  %guest  %gnice   %idle
04:59:21     all   54,17    0,00    0,00    0,00    0,00    0,00    0,00    0,00    0,00   45,83
04:59:21       0  100,00    0,00    0,00    0,00    0,00    0,00    0,00    0,00    0,00    0,00
04:59:21       1  100,00    0,00    0,00    0,00    0,00    0,00    0,00    0,00    0,00    0,00
04:59:21       2  100,00    0,00    0,00    0,00    0,00    0,00    0,00    0,00    0,00    0,00
04:59:21       3  100,00    0,00    0,00    0,00    0,00    0,00    0,00    0,00    0,00    0,00
04:59:21       4  100,00    0,00    0,00    0,00    0,00    0,00    0,00    0,00    0,00    0,00
04:59:21       5  100,00    0,00    0,00    0,00    0,00    0,00    0,00    0,00    0,00    0,00
04:59:21       6  100,00    0,00    0,00    0,00    0,00    0,00    0,00    0,00    0,00    0,00
04:59:21       7  100,00    0,00    0,00    0,00    0,00    0,00    0,00    0,00    0,00    0,00
04:59:21       8  100,00    0,00    0,00    0,00    0,00    0,00    0,00    0,00    0,00    0,00
04:59:21       9  100,00    0,00    0,00    0,00    0,00    0,00    0,00    0,00    0,00    0,00
04:59:21      10  100,00    0,00    0,00    0,00    0,00    0,00    0,00    0,00    0,00    0,00
04:59:21      11  100,00    0,00    0,00    0,00    0,00    0,00    0,00    0,00    0,00    0,00
04:59:21      12  100,00    0,00    0,00    0,00    0,00    0,00    0,00    0,00    0,00    0,00
04:59:21      13    0,00    0,00    0,00    0,00    0,00    0,00    0,00    0,00    0,00  100,00
04:59:21      14    0,00    0,00    0,00    0,00    0,00    0,00    0,00    0,00    0,00  100,00
04:59:21      15    0,00    0,00    0,00    0,00    0,00    0,00    0,00    0,00    0,00  100,00
04:59:21      16    0,00    0,00    0,00    0,00    0,00    0,00    0,00    0,00    0,00  100,00
04:59:21      17    0,00    0,00    0,00    0,00    0,00    0,00    0,00    0,00    0,00  100,00
04:59:21      18    0,00    0,00    0,00    0,00    0,00    0,00    0,00    0,00    0,00  100,00
04:59:21      19    0,00    0,00    0,00    0,00    0,00    0,00    0,00    0,00    0,00  100,00
04:59:21      20    0,00    0,00    0,00    0,00    0,00    0,00    0,00    0,00    0,00  100,00
04:59:21      21    0,00    0,00    0,00    0,00    0,00    0,00    0,00    0,00    0,00  100,00
04:59:21      22    0,00    0,00    0,00    0,00    0,00    0,00    0,00    0,00    0,00  100,00
04:59:21      23    0,00    0,00    0,00    0,00    0,00    0,00    0,00    0,00    0,00  100,00

04:59:21     CPU    %usr   %nice    %sys %iowait    %irq   %soft  %steal  %guest  %gnice   %idle
04:59:22     all   54,19    0,00    0,00    0,08    0,00    0,00    0,00    0,00    0,00   45,73
04:59:22       0  100,00    0,00    0,00    0,00    0,00    0,00    0,00    0,00    0,00    0,00
04:59:22       1  100,00    0,00    0,00    0,00    0,00    0,00    0,00    0,00    0,00    0,00
04:59:22       2  100,00    0,00    0,00    0,00    0,00    0,00    0,00    0,00    0,00    0,00
04:59:22       3  100,00    0,00    0,00    0,00    0,00    0,00    0,00    0,00    0,00    0,00
04:59:22       4  100,00    0,00    0,00    0,00    0,00    0,00    0,00    0,00    0,00    0,00
04:59:22       5  100,00    0,00    0,00    0,00    0,00    0,00    0,00    0,00    0,00    0,00
04:59:22       6  100,00    0,00    0,00    0,00    0,00    0,00    0,00    0,00    0,00    0,00
04:59:22       7  100,00    0,00    0,00    0,00    0,00    0,00    0,00    0,00    0,00    0,00
04:59:22       8  100,00    0,00    0,00    0,00    0,00    0,00    0,00    0,00    0,00    0,00
04:59:22       9  100,00    0,00    0,00    0,00    0,00    0,00    0,00    0,00    0,00    0,00
04:59:22      10  100,00    0,00    0,00    0,00    0,00    0,00    0,00    0,00    0,00    0,00
04:59:22      11  100,00    0,00    0,00    0,00    0,00    0,00    0,00    0,00    0,00    0,00
04:59:22      12  100,00    0,00    0,00    0,00    0,00    0,00    0,00    0,00    0,00    0,00
04:59:22      13    0,00    0,00    0,00    0,00    0,00    0,00    0,00    0,00    0,00  100,00
04:59:22      14    0,00    0,00    0,00    0,00    0,00    0,00    0,00    0,00    0,00  100,00
04:59:22      15    0,00    0,00    0,00    0,00    0,00    0,00    0,00    0,00    0,00  100,00
04:59:22      16    0,00    0,00    0,00    0,00    0,00    0,00    0,00    0,00    0,00  100,00
04:59:22      17    0,00    0,00    0,00    0,00    0,00    0,00    0,00    0,00    0,00  100,00
04:59:22      18    0,00    0,00    0,00    0,00    0,00    0,00    0,00    0,00    0,00  100,00
04:59:22      19    0,00    0,00    0,00    0,00    0,00    0,00    0,00    0,00    0,00  100,00
04:59:22      20    0,00    0,00    0,00    2,00    0,00    0,00    0,00    0,00    0,00   98,00
04:59:22      21    0,00    0,00    0,00    0,00    0,00    0,00    0,00    0,00    0,00  100,00
04:59:22      22    0,00    0,00    0,00    0,00    0,00    0,00    0,00    0,00    0,00  100,00
04:59:22      23    0,00    0,00    0,00    0,00    0,00    0,00    0,00    0,00    0,00  100,00

04:59:22     CPU    %usr   %nice    %sys %iowait    %irq   %soft  %steal  %guest  %gnice   %idle
04:59:23     all   55,19    0,00    0,83    0,00    0,00    0,00    0,00    0,00    0,00   43,98
04:59:23       0  100,00    0,00    0,00    0,00    0,00    0,00    0,00    0,00    0,00    0,00
04:59:23       1  100,00    0,00    0,00    0,00    0,00    0,00    0,00    0,00    0,00    0,00
04:59:23       2  100,00    0,00    0,00    0,00    0,00    0,00    0,00    0,00    0,00    0,00
04:59:23       3  100,00    0,00    0,00    0,00    0,00    0,00    0,00    0,00    0,00    0,00
04:59:23       4  100,00    0,00    0,00    0,00    0,00    0,00    0,00    0,00    0,00    0,00
04:59:23       5  100,00    0,00    0,00    0,00    0,00    0,00    0,00    0,00    0,00    0,00
04:59:23       6  100,00    0,00    0,00    0,00    0,00    0,00    0,00    0,00    0,00    0,00
04:59:23       7  100,00    0,00    0,00    0,00    0,00    0,00    0,00    0,00    0,00    0,00
04:59:23       8  100,00    0,00    0,00    0,00    0,00    0,00    0,00    0,00    0,00    0,00
04:59:23       9  100,00    0,00    0,00    0,00    0,00    0,00    0,00    0,00    0,00    0,00
04:59:23      10  100,00    0,00    0,00    0,00    0,00    0,00    0,00    0,00    0,00    0,00
04:59:23      11  100,00    0,00    0,00    0,00    0,00    0,00    0,00    0,00    0,00    0,00
04:59:23      12  100,00    0,00    0,00    0,00    0,00    0,00    0,00    0,00    0,00    0,00
04:59:23      13    0,00    0,00    0,00    0,00    0,00    0,00    0,00    0,00    0,00  100,00
04:59:23      14   20,00    0,00   17,00    0,00    0,00    0,00    0,00    0,00    0,00   63,00
04:59:23      15    0,00    0,00    0,00    0,00    0,00    0,00    0,00    0,00    0,00  100,00
04:59:23      16    0,00    0,00    0,00    0,00    0,00    0,00    0,00    0,00    0,00  100,00
04:59:23      17    0,00    0,00    0,00    0,00    0,00    0,00    0,00    0,00    0,00  100,00
04:59:23      18    0,00    0,00    1,00    0,00    0,00    0,00    0,00    0,00    0,00   99,00
04:59:23      19    1,00    0,00    1,00    0,00    0,00    0,00    0,00    0,00    0,00   98,00
04:59:23      20    0,00    0,00    0,99    0,00    0,00    0,00    0,00    0,00    0,00   99,01
04:59:23      21    2,00    0,00    0,00    0,00    0,00    0,00    0,00    0,00    0,00   98,00
04:59:23      22    1,00    0,00    0,00    0,00    0,00    0,00    0,00    0,00    0,00   99,00
04:59:23      23    0,00    0,00    0,00    0,00    0,00    0,00    0,00    0,00    0,00  100,00

04:59:23     CPU    %usr   %nice    %sys %iowait    %irq   %soft  %steal  %guest  %gnice   %idle
04:59:24     all   54,19    0,00    0,00    0,00    0,00    0,00    0,00    0,00    0,00   45,81
04:59:24       0  100,00    0,00    0,00    0,00    0,00    0,00    0,00    0,00    0,00    0,00
04:59:24       1  100,00    0,00    0,00    0,00    0,00    0,00    0,00    0,00    0,00    0,00
04:59:24       2  100,00    0,00    0,00    0,00    0,00    0,00    0,00    0,00    0,00    0,00
04:59:24       3  100,00    0,00    0,00    0,00    0,00    0,00    0,00    0,00    0,00    0,00
04:59:24       4  100,00    0,00    0,00    0,00    0,00    0,00    0,00    0,00    0,00    0,00
04:59:24       5  100,00    0,00    0,00    0,00    0,00    0,00    0,00    0,00    0,00    0,00
04:59:24       6  100,00    0,00    0,00    0,00    0,00    0,00    0,00    0,00    0,00    0,00
04:59:24       7  100,00    0,00    0,00    0,00    0,00    0,00    0,00    0,00    0,00    0,00
04:59:24       8  100,00    0,00    0,00    0,00    0,00    0,00    0,00    0,00    0,00    0,00
04:59:24       9  100,00    0,00    0,00    0,00    0,00    0,00    0,00    0,00    0,00    0,00
04:59:24      10  100,00    0,00    0,00    0,00    0,00    0,00    0,00    0,00    0,00    0,00
04:59:24      11  100,00    0,00    0,00    0,00    0,00    0,00    0,00    0,00    0,00    0,00
04:59:24      12  100,00    0,00    0,00    0,00    0,00    0,00    0,00    0,00    0,00    0,00
04:59:24      13    0,00    0,00    0,00    0,00    0,00    0,00    0,00    0,00    0,00  100,00
04:59:24      14    0,00    0,00    0,00    0,00    0,00    0,00    0,00    0,00    0,00  100,00
04:59:24      15    0,00    0,00    0,00    0,00    0,00    0,00    0,00    0,00    0,00  100,00
04:59:24      16    0,00    0,00    0,00    0,00    0,00    0,00    0,00    0,00    0,00  100,00
04:59:24      17    0,99    0,00    0,00    0,00    0,00    0,00    0,00    0,00    0,00   99,01
04:59:24      18    0,00    0,00    0,00    0,00    0,00    0,00    0,00    0,00    0,00  100,00
04:59:24      19    0,00    0,00    0,00    0,00    0,00    0,00    0,00    0,00    0,00  100,00
04:59:24      20    0,00    0,00    0,00    0,00    0,00    0,00    0,00    0,00    0,00  100,00
04:59:24      21    0,00    0,00    0,00    0,00    0,00    0,00    0,00    0,00    0,00  100,00
04:59:24      22    0,00    0,00    0,00    0,00    0,00    0,00    0,00    0,00    0,00  100,00
04:59:24      23    0,00    0,00    0,00    0,00    0,00    0,00    0,00    0,00    0,00  100,00

04:59:24     CPU    %usr   %nice    %sys %iowait    %irq   %soft  %steal  %guest  %gnice   %idle
04:59:25     all   54,19    0,00    0,00    0,00    0,00    0,00    0,00    0,00    0,00   45,81
04:59:25       0  100,00    0,00    0,00    0,00    0,00    0,00    0,00    0,00    0,00    0,00
04:59:25       1  100,00    0,00    0,00    0,00    0,00    0,00    0,00    0,00    0,00    0,00
04:59:25       2  100,00    0,00    0,00    0,00    0,00    0,00    0,00    0,00    0,00    0,00
04:59:25       3  100,00    0,00    0,00    0,00    0,00    0,00    0,00    0,00    0,00    0,00
04:59:25       4  100,00    0,00    0,00    0,00    0,00    0,00    0,00    0,00    0,00    0,00
04:59:25       5  100,00    0,00    0,00    0,00    0,00    0,00    0,00    0,00    0,00    0,00
04:59:25       6  100,00    0,00    0,00    0,00    0,00    0,00    0,00    0,00    0,00    0,00
04:59:25       7  100,00    0,00    0,00    0,00    0,00    0,00    0,00    0,00    0,00    0,00
04:59:25       8  100,00    0,00    0,00    0,00    0,00    0,00    0,00    0,00    0,00    0,00
04:59:25       9  100,00    0,00    0,00    0,00    0,00    0,00    0,00    0,00    0,00    0,00
04:59:25      10  100,00    0,00    0,00    0,00    0,00    0,00    0,00    0,00    0,00    0,00
04:59:25      11  100,00    0,00    0,00    0,00    0,00    0,00    0,00    0,00    0,00    0,00
04:59:25      12  100,00    0,00    0,00    0,00    0,00    0,00    0,00    0,00    0,00    0,00
04:59:25      13    0,00    0,00    0,00    0,00    0,00    0,00    0,00    0,00    0,00  100,00
04:59:25      14    0,00    0,00    0,00    0,00    0,00    0,00    0,00    0,00    0,00  100,00
04:59:25      15    0,00    0,00    0,00    0,00    0,00    0,00    0,00    0,00    0,00  100,00
04:59:25      16    0,00    0,00    0,00    0,00    0,00    0,00    0,00    0,00    0,00  100,00
04:59:25      17    0,00    0,00    0,00    0,00    0,00    0,00    0,00    0,00    0,00  100,00
04:59:25      18    0,00    0,00    0,00    0,00    0,00    0,00    0,00    0,00    0,00  100,00
04:59:25      19    0,00    0,00    0,00    0,00    0,00    0,00    0,00    0,00    0,00  100,00
04:59:25      20    0,00    0,00    0,00    0,00    0,00    0,00    0,00    0,00    0,00  100,00
04:59:25      21    0,00    0,00    0,00    0,00    0,00    0,00    0,00    0,00    0,00  100,00
04:59:25      22    0,00    0,00    0,00    0,00    0,00    0,00    0,00    0,00    0,00  100,00
04:59:25      23    0,00    0,00    0,00    0,00    0,00    0,00    0,00    0,00    0,00  100,00

04:59:25     CPU    %usr   %nice    %sys %iowait    %irq   %soft  %steal  %guest  %gnice   %idle
04:59:26     all   54,23    0,00    0,00    0,00    0,00    0,00    0,00    0,00    0,00   45,77
04:59:26       0  100,00    0,00    0,00    0,00    0,00    0,00    0,00    0,00    0,00    0,00
04:59:26       1  100,00    0,00    0,00    0,00    0,00    0,00    0,00    0,00    0,00    0,00
04:59:26       2  100,00    0,00    0,00    0,00    0,00    0,00    0,00    0,00    0,00    0,00
04:59:26       3  100,00    0,00    0,00    0,00    0,00    0,00    0,00    0,00    0,00    0,00
04:59:26       4  100,00    0,00    0,00    0,00    0,00    0,00    0,00    0,00    0,00    0,00
04:59:26       5  100,00    0,00    0,00    0,00    0,00    0,00    0,00    0,00    0,00    0,00
04:59:26       6  100,00    0,00    0,00    0,00    0,00    0,00    0,00    0,00    0,00    0,00
04:59:26       7  100,00    0,00    0,00    0,00    0,00    0,00    0,00    0,00    0,00    0,00
04:59:26       8  100,00    0,00    0,00    0,00    0,00    0,00    0,00    0,00    0,00    0,00
04:59:26       9  100,00    0,00    0,00    0,00    0,00    0,00    0,00    0,00    0,00    0,00
04:59:26      10  100,00    0,00    0,00    0,00    0,00    0,00    0,00    0,00    0,00    0,00
04:59:26      11  100,00    0,00    0,00    0,00    0,00    0,00    0,00    0,00    0,00    0,00
04:59:26      12  100,00    0,00    0,00    0,00    0,00    0,00    0,00    0,00    0,00    0,00
04:59:26      13    0,00    0,00    0,00    0,00    0,00    0,00    0,00    0,00    0,00  100,00
04:59:26      14    0,00    0,00    0,00    0,00    0,00    0,00    0,00    0,00    0,00  100,00
04:59:26      15    0,00    0,00    0,00    0,00    0,00    0,00    0,00    0,00    0,00  100,00
04:59:26      16    0,00    0,00    0,00    0,00    0,00    0,00    0,00    0,00    0,00  100,00
04:59:26      17    0,00    0,00    0,00    0,00    0,00    0,00    0,00    0,00    0,00  100,00
04:59:26      18    0,00    0,00    0,00    0,00    0,00    0,00    0,00    0,00    0,00  100,00
04:59:26      19    0,00    0,00    0,00    0,00    0,00    0,00    0,00    0,00    0,00  100,00
04:59:26      20    0,00    0,00    0,00    0,00    0,00    0,00    0,00    0,00    0,00  100,00
04:59:26      21    0,00    0,00    0,00    0,00    0,00    0,00    0,00    0,00    0,00  100,00
04:59:26      22    0,00    0,00    0,00    0,00    0,00    0,00    0,00    0,00    0,00  100,00
04:59:26      23    0,00    0,00    0,00    0,00    0,00    0,00    0,00    0,00    0,00  100,00

04:59:26     CPU    %usr   %nice    %sys %iowait    %irq   %soft  %steal  %guest  %gnice   %idle
04:59:27     all   54,67    0,00    0,17    0,00    0,00    0,00    0,00    0,00    0,00   45,16
04:59:27       0  100,00    0,00    0,00    0,00    0,00    0,00    0,00    0,00    0,00    0,00
04:59:27       1  100,00    0,00    0,00    0,00    0,00    0,00    0,00    0,00    0,00    0,00
04:59:27       2  100,00    0,00    0,00    0,00    0,00    0,00    0,00    0,00    0,00    0,00
04:59:27       3  100,00    0,00    0,00    0,00    0,00    0,00    0,00    0,00    0,00    0,00
04:59:27       4  100,00    0,00    0,00    0,00    0,00    0,00    0,00    0,00    0,00    0,00
04:59:27       5  100,00    0,00    0,00    0,00    0,00    0,00    0,00    0,00    0,00    0,00
04:59:27       6  100,00    0,00    0,00    0,00    0,00    0,00    0,00