Linux 6.8.0-111-generic (testbed-node4) 	13/05/26 	_x86_64_	(24 CPU)

02:17:09     CPU    %usr   %nice    %sys %iowait    %irq   %soft  %steal  %guest  %gnice   %idle
02:17:10     all   29,23    0,00    0,00    0,00    0,00    0,00    0,00    0,00    0,00   70,77
02:17:10       0  100,00    0,00    0,00    0,00    0,00    0,00    0,00    0,00    0,00    0,00
02:17:10       1  100,00    0,00    0,00    0,00    0,00    0,00    0,00    0,00    0,00    0,00
02:17:10       2  100,00    0,00    0,00    0,00    0,00    0,00    0,00    0,00    0,00    0,00
02:17:10       3  100,00    0,00    0,00    0,00    0,00    0,00    0,00    0,00    0,00    0,00
02:17:10       4  100,00    0,00    0,00    0,00    0,00    0,00    0,00    0,00    0,00    0,00
02:17:10       5  100,00    0,00    0,00    0,00    0,00    0,00    0,00    0,00    0,00    0,00
02:17:10       6  100,00    0,00    0,00    0,00    0,00    0,00    0,00    0,00    0,00    0,00
02:17:10       7    0,00    0,00    0,00    0,00    0,00    0,00    0,00    0,00    0,00  100,00
02:17:10       8    0,99    0,00    0,00    0,00    0,00    0,00    0,00    0,00    0,00   99,01
02:17:10       9    0,00    0,00    0,00    0,00    0,00    0,00    0,00    0,00    0,00  100,00
02:17:10      10    0,00    0,00    0,00    0,00    0,00    0,00    0,00    0,00    0,00  100,00
02:17:10      11    0,00    0,00    0,00    0,00    0,00    0,00    0,00    0,00    0,00  100,00
02:17:10      12    0,00    0,00    0,00    0,00    0,00    0,00    0,00    0,00    0,00  100,00
02:17:10      13    0,00    0,00    0,00    0,00    0,00    0,00    0,00    0,00    0,00  100,00
02:17:10      14    0,00    0,00    0,00    0,00    0,00    0,00    0,00    0,00    0,00  100,00
02:17:10      15    0,00    0,00    0,00    0,00    0,00    0,00    0,00    0,00    0,00  100,00
02:17:10      16    0,00    0,00    0,00    0,00    0,00    0,00    0,00    0,00    0,00  100,00
02:17:10      17    0,00    0,00    0,00    0,00    0,00    0,00    0,00    0,00    0,00  100,00
02:17:10      18    0,00    0,00    0,00    0,00    0,00    0,00    0,00    0,00    0,00  100,00
02:17:10      19    0,00    0,00    0,00    0,00    0,00    0,00    0,00    0,00    0,00  100,00
02:17:10      20    0,00    0,00    0,00    0,00    0,00    0,00    0,00    0,00    0,00  100,00
02:17:10      21    0,00    0,00    0,00    0,00    0,00    0,00    0,00    0,00    0,00  100,00
02:17:10      22    0,00    0,00    0,00    0,00    0,00    0,00    0,00    0,00    0,00  100,00
02:17:10      23    0,99    0,00    0,00    0,00    0,00    0,00    0,00    0,00    0,00   99,01

02:17:10     CPU    %usr   %nice    %sys %iowait    %irq   %soft  %steal  %guest  %gnice   %idle
02:17:11     all   29,17    0,00    0,00    0,00    0,00    0,00    0,00    0,00    0,00   70,83
02:17:11       0  100,00    0,00    0,00    0,00    0,00    0,00    0,00    0,00    0,00    0,00
02:17:11       1  100,00    0,00    0,00    0,00    0,00    0,00    0,00    0,00    0,00    0,00
02:17:11       2  100,00    0,00    0,00    0,00    0,00    0,00    0,00    0,00    0,00    0,00
02:17:11       3  100,00    0,00    0,00    0,00    0,00    0,00    0,00    0,00    0,00    0,00
02:17:11       4  100,00    0,00    0,00    0,00    0,00    0,00    0,00    0,00    0,00    0,00
02:17:11       5  100,00    0,00    0,00    0,00    0,00    0,00    0,00    0,00    0,00    0,00
02:17:11       6  100,00    0,00    0,00    0,00    0,00    0,00    0,00    0,00    0,00    0,00
02:17:11       7    0,00    0,00    0,00    0,00    0,00    0,00    0,00    0,00    0,00  100,00
02:17:11       8    0,00    0,00    0,00    0,00    0,00    0,00    0,00    0,00    0,00  100,00
02:17:11       9    0,00    0,00    0,00    0,00    0,00    0,00    0,00    0,00    0,00  100,00
02:17:11      10    0,00    0,00    0,00    0,00    0,00    0,00    0,00    0,00    0,00  100,00
02:17:11      11    0,00    0,00    0,00    0,00    0,00    0,00    0,00    0,00    0,00  100,00
02:17:11      12    0,00    0,00    0,00    0,00    0,00    0,00    0,00    0,00    0,00  100,00
02:17:11      13    0,00    0,00    0,00    0,00    0,00    0,00    0,00    0,00    0,00  100,00
02:17:11      14    0,00    0,00    0,00    0,00    0,00    0,00    0,00    0,00    0,00  100,00
02:17:11      15    0,00    0,00    0,00    0,00    0,00    0,00    0,00    0,00    0,00  100,00
02:17:11      16    0,00    0,00    0,00    0,00    0,00    0,00    0,00    0,00    0,00  100,00
02:17:11      17    0,00    0,00    0,00    0,00    0,00    0,00    0,00    0,00    0,00  100,00
02:17:11      18    0,00    0,00    0,00    0,00    0,00    0,00    0,00    0,00    0,00  100,00
02:17:11      19    0,00    0,00    0,00    0,00    0,00    0,00    0,00    0,00    0,00  100,00
02:17:11      20    0,00    0,00    0,00    0,00    0,00    0,00    0,00    0,00    0,00  100,00
02:17:11      21    0,00    0,00    0,00    0,00    0,00    0,00    0,00    0,00    0,00  100,00
02:17:11      22    0,00    0,00    0,00    0,00    0,00    0,00    0,00    0,00    0,00  100,00
02:17:11      23    0,00    0,00    0,00    0,00    0,00    0,00    0,00    0,00    0,00  100,00

02:17:11     CPU    %usr   %nice    %sys %iowait    %irq   %soft  %steal  %guest  %gnice   %idle
02:17:12     all   29,66    0,00    0,08    0,08    0,00    0,00    0,00    0,00    0,00   70,17
02:17:12       0  100,00    0,00    0,00    0,00    0,00    0,00    0,00    0,00    0,00    0,00
02:17:12       1  100,00    0,00    0,00    0,00    0,00    0,00    0,00    0,00    0,00    0,00
02:17:12       2  100,00    0,00    0,00    0,00    0,00    0,00    0,00    0,00    0,00    0,00
02:17:12       3  100,00    0,00    0,00    0,00    0,00    0,00    0,00    0,00    0,00    0,00
02:17:12       4  100,00    0,00    0,00    0,00    0,00    0,00    0,00    0,00    0,00    0,00
02:17:12       5  100,00    0,00    0,00    0,00    0,00    0,00    0,00    0,00    0,00    0,00
02:17:12       6  100,00    0,00    0,00    0,00    0,00    0,00    0,00    0,00    0,00    0,00
02:17:12       7    0,00    0,00    0,00    0,00    0,00    0,00    0,00    0,00    0,00  100,00
02:17:12       8    0,00    0,00    0,00    0,00    0,00    0,00    0,00    0,00    0,00  100,00
02:17:12       9    0,00    0,00    0,00    1,01    0,00    0,00    0,00    0,00    0,00   98,99
02:17:12      10    0,00    0,00    0,00    0,00    0,00    0,00    0,00    0,00    0,00  100,00
02:17:12      11    0,00    0,00    0,00    0,00    0,00    0,00    0,00    0,00    0,00  100,00
02:17:12      12    0,00    0,00    0,00    0,00    0,00    0,00    0,00    0,00    0,00  100,00
02:17:12      13    0,00    0,00    0,00    0,00    0,00    0,00    0,00    0,00    0,00  100,00
02:17:12      14    0,00    0,00    0,00    0,00    0,00    0,00    0,00    0,00    0,00  100,00
02:17:12      15    0,00    0,00    0,00    0,00    0,00    0,00    0,00    0,00    0,00  100,00
02:17:12      16    0,00    0,00    0,00    0,00    0,00    0,00    0,00    0,00    0,00  100,00
02:17:12      17    9,90    0,00    0,99    0,00    0,00    0,00    0,00    0,00    0,00   89,11
02:17:12      18    0,00    0,00    1,00    0,00    0,00    0,00    0,00    0,00    0,00   99,00
02:17:12      19    1,00    0,00    0,00    0,00    0,00    0,00    0,00    0,00    0,00   99,00
02:17:12      20    0,00    0,00    0,00    0,00    0,00    0,00    0,00    0,00    0,00  100,00
02:17:12      21    0,00    0,00    0,00    0,00    0,00    0,00    0,00    0,00    0,00  100,00
02:17:12      22    0,00    0,00    0,00    1,00    0,00    0,00    0,00    0,00    0,00   99,00
02:17:12      23    0,00    0,00    0,00    0,00    0,00    0,00    0,00    0,00    0,00  100,00

02:17:12     CPU    %usr   %nice    %sys %iowait    %irq   %soft  %steal  %guest  %gnice   %idle
02:17:13     all   29,17    0,00    0,00    0,00    0,00    0,00    0,00    0,00    0,00   70,83
02:17:13       0  100,00    0,00    0,00    0,00    0,00    0,00    0,00    0,00    0,00    0,00
02:17:13       1  100,00    0,00    0,00    0,00    0,00    0,00    0,00    0,00    0,00    0,00
02:17:13       2  100,00    0,00    0,00    0,00    0,00    0,00    0,00    0,00    0,00    0,00
02:17:13       3  100,00    0,00    0,00    0,00    0,00    0,00    0,00    0,00    0,00    0,00
02:17:13       4  100,00    0,00    0,00    0,00    0,00    0,00    0,00    0,00    0,00    0,00
02:17:13       5  100,00    0,00    0,00    0,00    0,00    0,00    0,00    0,00    0,00    0,00
02:17:13       6  100,00    0,00    0,00    0,00    0,00    0,00    0,00    0,00    0,00    0,00
02:17:13       7    0,00    0,00    0,00    0,00    0,00    0,00    0,00    0,00    0,00  100,00
02:17:13       8    0,00    0,00    0,00    0,00    0,00    0,00    0,00    0,00    0,00  100,00
02:17:13       9    0,00    0,00    0,00    0,00    0,00    0,00    0,00    0,00    0,00  100,00
02:17:13      10    0,00    0,00    0,00    0,00    0,00    0,00    0,00    0,00    0,00  100,00
02:17:13      11    0,00    0,00    0,00    0,00    0,00    0,00    0,00    0,00    0,00  100,00
02:17:13      12    0,00    0,00    0,00    0,00    0,00    0,00    0,00    0,00    0,00  100,00
02:17:13      13    0,00    0,00    0,00    0,00    0,00    0,00    0,00    0,00    0,00  100,00
02:17:13      14    0,00    0,00    0,00    0,00    0,00    0,00    0,00    0,00    0,00  100,00
02:17:13      15    0,00    0,00    0,00    0,00    0,00    0,00    0,00    0,00    0,00  100,00
02:17:13      16    0,00    0,00    0,00    0,00    0,00    0,00    0,00    0,00    0,00  100,00
02:17:13      17    0,00    0,00    0,00    0,00    0,00    0,00    0,00    0,00    0,00  100,00
02:17:13      18    0,00    0,00    0,00    0,00    0,00    0,00    0,00    0,00    0,00  100,00
02:17:13      19    0,00    0,00    0,00    0,00    0,00    0,00    0,00    0,00    0,00  100,00
02:17:13      20    0,00    0,00    0,00    0,00    0,00    0,00    0,00    0,00    0,00  100,00
02:17:13      21    0,00    0,00    0,00    0,00    0,00    0,00    0,00    0,00    0,00  100,00
02:17:13      22    0,00    0,00    0,00    0,00    0,00    0,00    0,00    0,00    0,00  100,00
02:17:13      23    0,00    0,00    0,00    0,00    0,00    0,00    0,00    0,00    0,00  100,00

02:17:13     CPU    %usr   %nice    %sys %iowait    %irq   %soft  %steal  %guest  %gnice   %idle
02:17:14     all   29,15    0,00    0,04    0,00    0,00    0,00    0,00    0,00    0,00   70,80
02:17:14       0  100,00    0,00    0,00    0,00    0,00    0,00    0,00    0,00    0,00    0,00
02:17:14       1  100,00    0,00    0,00    0,00    0,00    0,00    0,00    0,00    0,00    0,00
02:17:14       2  100,00    0,00    0,00    0,00    0,00    0,00    0,00    0,00    0,00    0,00
02:17:14       3  100,00    0,00    0,00    0,00    0,00    0,00    0,00    0,00    0,00    0,00
02:17:14       4  100,00    0,00    0,00    0,00    0,00    0,00    0,00    0,00    0,00    0,00
02:17:14       5  100,00    0,00    0,00    0,00    0,00    0,00    0,00    0,00    0,00    0,00
02:17:14       6  100,00    0,00    0,00    0,00    0,00    0,00    0,00    0,00    0,00    0,00
02:17:14       7    0,00    0,00    0,00    0,00    0,00    0,00    0,00    0,00    0,00  100,00
02:17:14       8    0,00    0,00    0,00    0,00    0,00    0,00    0,00    0,00    0,00  100,00
02:17:14       9    0,00    0,00    0,00    0,00    0,00    0,00    0,00    0,00    0,00  100,00
02:17:14      10    0,00    0,00    0,00    0,00    0,00    0,00    0,00    0,00    0,00  100,00
02:17:14      11    0,00    0,00    0,00    0,00    0,00    0,00    0,00    0,00    0,00  100,00
02:17:14      12    0,00    0,00    0,00    0,00    0,00    0,00    0,00    0,00    0,00  100,00
02:17:14      13    0,00    0,00    0,00    0,00    0,00    0,00    0,00    0,00    0,00  100,00
02:17:14      14    0,00    0,00    0,00    0,00    0,00    0,00    0,00    0,00    0,00  100,00
02:17:14      15    0,00    0,00    0,00    0,00    0,00    0,00    0,00    0,00    0,00  100,00
02:17:14      16    0,00    0,00    0,00    0,00    0,00    0,00    0,00    0,00    0,00  100,00
02:17:14      17    0,00    0,00    0,00    0,00    0,00    0,00    0,00    0,00    0,00  100,00
02:17:14      18    0,00    0,00    0,00    0,00    0,00    0,00    0,00    0,00    0,00  100,00
02:17:14      19    0,00    0,00    0,00    0,00    0,00    0,00    0,00    0,00    0,00  100,00
02:17:14      20    0,00    0,00    0,99    0,00    0,00    0,00    0,00    0,00    0,00   99,01
02:17:14      21    0,00    0,00    0,00    0,00    0,00    0,00    0,00    0,00    0,00  100,00
02:17:14      22    0,00    0,00    0,00    0,00    0,00    0,00    0,00    0,00    0,00  100,00
02:17:14      23    0,00    0,00    0,00    0,00    0,00    0,00    0,00    0,00    0,00  100,00

02:17:14     CPU    %usr   %nice    %sys %iowait    %irq   %soft  %steal  %guest  %gnice   %idle
02:17:15     all   29,20    0,00    0,00    0,00    0,00    0,00    0,00    0,00    0,00   70,80
02:17:15       0  100,00    0,00    0,00    0,00    0,00    0,00    0,00    0,00    0,00    0,00
02:17:15       1  100,00    0,00    0,00    0,00    0,00    0,00    0,00    0,00    0,00    0,00
02:17:15       2  100,00    0,00    0,00    0,00    0,00    0,00    0,00    0,00    0,00    0,00
02:17:15       3  100,00    0,00    0,00    0,00    0,00    0,00    0,00    0,00    0,00    0,00
02:17:15       4  100,00    0,00    0,00    0,00    0,00    0,00    0,00    0,00    0,00    0,00
02:17:15       5  100,00    0,00    0,00    0,00    0,00    0,00    0,00    0,00    0,00    0,00
02:17:15       6  100,00    0,00    0,00    0,00    0,00    0,00    0,00    0,00    0,00    0,00
02:17:15       7    0,00    0,00    0,00    0,00    0,00    0,00    0,00    0,00    0,00  100,00
02:17:15       8    0,00    0,00    0,00    0,00    0,00    0,00    0,00    0,00    0,00  100,00
02:17:15       9    0,00    0,00    0,00    0,00    0,00    0,00    0,00    0,00    0,00  100,00
02:17:15      10    0,00    0,00    0,00    0,00    0,00    0,00    0,00    0,00    0,00  100,00
02:17:15      11    0,00    0,00    0,00    0,00    0,00    0,00    0,00    0,00    0,00  100,00
02:17:15      12    0,00    0,00    0,00    0,00    0,00    0,00    0,00    0,00    0,00  100,00
02:17:15      13    0,00    0,00    0,00    0,00    0,00    0,00    0,00    0,00    0,00  100,00
02:17:15      14    0,00    0,00    0,00    0,00    0,00    0,00    0,00    0,00    0,00  100,00
02:17:15      15    0,00    0,00    0,00    0,00    0,00    0,00    0,00    0,00    0,00  100,00
02:17:15      16    0,00    0,00    0,00    0,00    0,00    0,00    0,00    0,00    0,00  100,00
02:17:15      17    0,00    0,00    0,00    0,00    0,00    0,00    0,00    0,00    0,00  100,00
02:17:15      18    0,00    0,00    0,00    0,00    0,00    0,00    0,00    0,00    0,00  100,00
02:17:15      19    0,00    0,00    0,00    0,00    0,00    0,00    0,00    0,00    0,00  100,00
02:17:15      20    0,00    0,00    0,00    0,00    0,00    0,00    0,00    0,00    0,00  100,00
02:17:15      21    0,00    0,00    0,00    0,00    0,00    0,00    0,00    0,00    0,00  100,00
02:17:15      22    0,00    0,00    0,00    0,00    0,00    0,00    0,00    0,00    0,00  100,00
02:17:15      23    0,00    0,00    0,00    0,00    0,00    0,00    0,00    0,00    0,00  100,00

02:17:15     CPU    %usr   %nice    %sys %iowait    %irq   %soft  %steal  %guest  %gnice   %idle
02:17:16     all   29,17    0,00    0,00    0,00    0,00    0,00    0,00    0,00    0,00   70,83
02:17:16       0  100,00    0,00    0,00    0,00    0,00    0,00    0,00    0,00    0,00    0,00
02:17:16       1  100,00    0,00    0,00    0,00    0,00    0,00    0,00    0,00    0,00    0,00
02:17:16       2  100,00    0,00    0,00    0,00    0,00    0,00    0,00    0,00    0,00    0,00
02:17:16       3  100,00    0,00    0,00    0,00    0,00    0,00    0,00    0,00    0,00    0,00
02:17:16       4  100,00    0,00    0,00    0,00    0,00    0,00    0,00    0,00    0,00    0,00
02:17:16       5  100,00    0,00    0,00    0,00    0,00    0,00    0,00    0,00    0,00    0,00
02:17:16       6  100,00    0,00    0,00    0,00    0,00    0,00    0,00    0,00    0,00    0,00
02:17:16       7    0,00    0,00    0,00    0,00    0,00    0,00    0,00    0,00    0,00  100,00
02:17:16       8    0,00    0,00    0,00    0,00    0,00    0,00    0,00    0,00    0,00  100,00
02:17:16       9    0,00    0,00    0,00    0,00    0,00    0,00    0,00    0,00    0,00  100,00
02:17:16      10    0,00    0,00    0,00    0,00    0,00    0,00    0,00    0,00    0,00  100,00
02:17:16      11    0,00    0,00    0,00    0,00    0,00    0,00    0,00    0,00    0,00  100,00
02:17:16      12    0,00    0,00    0,00    0,00    0,00    0,00    0,00    0,00    0,00  100,00
02:17:16      13    0,00    0,00    0,00    0,00    0,00    0,00    0,00    0,00    0,00  100,00
02:17:16      14    0,00    0,00    0,00    0,00    0,00    0,00    0,00    0,00    0,00  100,00
02:17:16      15    0,00    0,00    0,00    0,00    0,00    0,00    0,00    0,00    0,00  100,00
02:17:16      16    0,00    0,00    0,00    0,00    0,00    0,00    0,00    0,00    0,00  100,00
02:17:16      17    0,00    0,00    0,00    0,00    0,00    0,00    0,00    0,00    0,00  100,00
02:17:16      18    0,00    0,00    0,00    0,00    0,00    0,00    0,00    0,00    0,00  100,00
02:17:16      19    0,00    0,00    0,00    0,00    0,00    0,00    0,00    0,00    0,00  100,00
02:17:16      20    0,00    0,00    0,00    0,00    0,00    0,00    0,00    0,00    0,00  100,00
02:17:16      21    0,00    0,00    0,00    0,00    0,00    0,00    0,00    0,00    0,00  100,00
02:17:16      22    0,00    0,00    0,00    0,00    0,00    0,00    0,00    0,00    0,00  100,00
02:17:16      23    0,00    0,00    0,00    0,00    0,00    0,00    0,00    0,00    0,00  100,00

02:17:16     CPU    %usr   %nice    %sys %iowait    %irq   %soft  %steal  %guest  %gnice   %idle
02:17:17     all   29,53    0,00    0,25    0,08    0,00    0,00    0,00    0,00    0,00   70,14
02:17:17       0  100,00    0,00    0,00    0,00    0,00    0,00    0,00    0,00    0,00    0,00
02:17:17       1  100,00    0,00    0,00    0,00    0,00    0,00    0,00    0,00    0,00    0,00
02:17:17       2  100,00    0,00    0,00    0,00    0,00    0,00    0,00    0,00    0,00    0,00
02:17:17       3  100,00    0,00    0,00    0,00    0,00    0,00    0,00    0,00    0,00    0,00
02:17:17       4  100,00    0,00    0,00    0,00    0,00    0,00    0,00    0,00    0,00    0,00
02:17:17       5  100,00    0,00    0,00    0,00    0,00    0,00    0,00    0,00    0,00    0,00
02:17:17       6  100,00    0,00    0,00    0,00    0,00    0,00    0,00    0,00    0,00    0,00
02:17:17       7    0,00    0,00    0,00    0,00    0,00    0,00    0,00    0,00    0,00  100,00
02:17:17       8    0,00    0,00    0,00    0,00    0,00    0,00    0,00    0,00    0,00  100,00
02:17:17       9    0,00    0,00    0,00    1,98    0,00    0,00    0,00    0,00    0,00   98,02
02:17:17      10    0,00    0,00    0,00    0,00    0,00    0,00    0,00    0,00    0,00  100,00
02:17:17      11    0,00    0,00    0,00    0,00    0,00    0,00    0,00    0,00    0,00  100,00
02:17:17      12    8,08    0,00    6,06    0,00    0,00    0,00    0,00    0,00    0,00   85,86
02:17:17      13    0,00    0,00    0,00    0,00    0,00    0,00    0,00    0,00    0,00  100,00
02:17:17      14    0,00    0,00    0,00    0,00    0,00    0,00    0,00    0,00    0,00  100,00
02:17:17      15    0,00    0,00    0,00    0,00    0,00    0,00    0,00    0,00    0,00  100,00
02:17:17      16    0,00    0,00    0,00    0,00    0,00    0,00    0,00    0,00    0,00  100,00
02:17:17      17    0,00    0,00    0,00    0,00    0,00    0,00    0,00    0,00    0,00  100,00
02:17:17      18    0,00    0,00    0,00    0,00    0,00    0,00    0,00    0,00    0,00  100,00
02:17:17      19    0,00    0,00    0,00    0,00    0,00    0,00    0,00    0,00    0,00  100,00
02:17:17      20    0,00    0,00    0,00    0,00    0,00    0,00    0,00    0,00    0,00  100,00
02:17:17      21    0,00    0,00    0,00    0,00    0,00    0,00    0,00    0,00    0,00  100,00
02:17:17      22    0,99    0,00    0,00    0,00    0,00    0,00    0,00    0,00    0,00   99,01
02:17:17      23    0,00    0,00    0,00    0,00    0,00    0,00    0,00    0,00    0,00  100,00

02:17:17     CPU    %usr   %nice    %sys %iowait    %irq   %soft  %steal  %guest  %gnice   %idle
02:17:18     all   29,18    0,00    0,00    0,00    0,00    0,00    0,00    0,00    0,00   70,82
02:17:18       0  100,00    0,00    0,00    0,00    0,00    0,00    0,00    0,00    0,00    0,00
02:17:18       1  100,00    0,00    0,00    0,00    0,00    0,00    0,00    0,00    0,00    0,00
02:17:18       2  100,00    0,00    0,00    0,00    0,00    0,00    0,00    0,00    0,00    0,00
02:17:18       3  100,00    0,00    0,00    0,00    0,00    0,00    0,00    0,00    0,00    0,00
02:17:18       4  100,00    0,00    0,00    0,00    0,00    0,00    0,00    0,00    0,00    0,00
02:17:18       5  100,00    0,00    0,00    0,00    0,00    0,00    0,00    0,00    0,00    0,00
02:17:18       6  100,00    0,00    0,00    0,00    0,00    0,00    0,00    0,00    0,00    0,00
02:17:18       7    0,00    0,00    0,00    0,00    0,00    0,00    0,00    0,00    0,00  100,00
02:17:18       8    0,00    0,00    0,00    0,00    0,00    0,00    0,00    0,00    0,00  100,00
02:17:18       9    0,00    0,00    0,00    0,00    0,00    0,00    0,00    0,00    0,00  100,00
02:17:18      10    0,00    0,00    0,00    0,00    0,00    0,00    0,00    0,00    0,00  100,00
02:17:18      11    0,00    0,00    0,00    0,00    0,00    0,00    0,00    0,00    0,00  100,00
02:17:18      12    0,00    0,00    0,00    0,00    0,00    0,00    0,00    0,00    0,00  100,00
02:17:18      13    0,00    0,00    0,00    0,00    0,00    0,00    0,00    0,00    0,00  100,00
02:17:18      14    0,00    0,00    0,00    0,00    0,00    0,00    0,00    0,00    0,00  100,00
02:17:18      15    0,00    0,00    0,00    0,00    0,00    0,00    0,00    0,00    0,00  100,00
02:17:18      16    0,00    0,00    0,00    0,00    0,00    0,00    0,00    0,00    0,00  100,00
02:17:18      17    0,00    0,00    0,00    0,00    0,00    0,00    0,00    0,00    0,00  100,00
02:17:18      18    0,00    0,00    0,00    0,00    0,00    0,00    0,00    0,00    0,00  100,00
02:17:18      19    0,00    0,00    0,00    0,00    0,00    0,00    0,00    0,00    0,00  100,00
02:17:18      20    0,00    0,00    0,00    0,00    0,00    0,00    0,00    0,00    0,00  100,00
02:17:18      21    0,00    0,00    0,00    0,00    0,00    0,00    0,00    0,00    0,00  100,00
02:17:18      22    0,00    0,00    0,00    0,00    0,00    0,00    0,00    0,00    0,00  100,00
02:17:18      23    0,00    0,00    0,00    0,00    0,00    0,00    0,00    0,00    0,00  100,00

02:17:18     CPU    %usr   %nice    %sys %iowait    %irq   %soft  %steal  %guest  %gnice   %idle
02:17:19     all   29,17    0,00    0,00    0,00    0,00    0,00    0,00    0,00    0,00   70,83
02:17:19       0  100,00    0,00    0,00    0,00    0,00    0,00    0,00    0,00    0,00    0,00
02:17:19       1  100,00    0,00    0,00    0,00    0,00    0,00    0,00    0,00    0,00    0,00
02:17:19       2  100,00    0,00    0,00    0,00    0,00    0,00    0,00    0,00    0,00    0,00
02:17:19       3  100,00    0,00    0,00    0,00    0,00    0,00    0,00    0,00    0,00    0,00
02:17:19       4  100,00    0,00    0,00    0,00    0,00    0,00    0,00    0,00    0,00    0,00
02:17:19       5  100,00    0,00    0,00    0,00    0,00    0,00    0,00    0,00    0,00    0,00
02:17:19       6  100,00    0,00    0,00    0,00    0,00    0,00    0,00    0,00    0,00    0,00
02:17:19       7    0,00    0,00    0,00    0,00    0,00    0,00    0,00    0,00    0,00  100,00
02:17:19       8    0,00    0,00    0,00    0,00    0,00    0,00    0,00    0,00    0,00  100,00
02:17:19       9    0,00    0,00    0,00    0,00    0,00    0,00    0,00    0,00    0,00  100,00
02:17:19      10    0,00    0,00    0,00    0,00    0,00    0,00    0,00    0,00    0,00  100,00
02:17:19      11    0,00    0,00    0,00    0,00    0,00    0,00    0,00    0,00    0,00  100,00
02:17:19      12    0,00    0,00    0,00    0,00    0,00    0,00    0,00    0,00    0,00  100,00
02:17:19      13    0,00    0,00    0,00    0,00    0,00    0,00    0,00    0,00    0,00  100,00
02:17:19      14    0,00    0,00    0,00    0,00    0,00    0,00    0,00    0,00    0,00  100,00
02:17:19      15    0,00    0,00    0,00    0,00    0,00    0,00    0,00    0,00    0,00  100,00
02:17:19      16    0,00    0,00    0,00    0,00    0,00    0,00    0,00    0,00    0,00  100,00
02:17:19      17    0,00    0,00    0,00    0,00    0,00    0,00    0,00    0,00    0,00  100,00
02:17:19      18    0,00    0,00    0,00    0,00    0,00    0,00    0,00    0,00    0,00  100,00
02:17:19      19    0,00    0,00    0,00    0,00    0,00    0,00    0,00    0,00    0,00  100,00
02:17:19      20    0,00    0,00    0,00    0,00    0,00    0,00    0,00    0,00    0,00  100,00
02:17:19      21    0,00    0,00    0,00    0,00    0,00    0,00    0,00    0,00    0,00  100,00
02:17:19      22    0,00    0,00    0,00    0,00    0,00    0,00    0,00    0,00    0,00  100,00
02:17:19      23    0,00    0,00    0,00    0,00    0,00    0,00    0,00    0,00    0,00  100,00

02:17:19     CPU    %usr   %nice    %sys %iowait    %irq   %soft  %steal  %guest  %gnice   %idle
02:17:20     all   29,17    0,00    0,00    0,00    0,00    0,00    0,00    0,00    0,00   70,83
02:17:20       0  100,00    0,00    0,00    0,00    0,00    0,00    0,00    0,00    0,00    0,00
02:17:20       1  100,00    0,00    0,00    0,00    0,00    0,00    0,00    0,00    0,00    0,00
02:17:20       2  100,00    0,00    0,00    0,00    0,00    0,00    0,00    0,00    0,00    0,00
02:17:20       3  100,00    0,00    0,00    0,00    0,00    0,00    0,00    0,00    0,00    0,00
02:17:20       4  100,00    0,00    0,00    0,00    0,00    0,00    0,00    0,00    0,00    0,00
02:17:20       5  100,00    0,00    0,00    0,00    0,00    0,00    0,00    0,00    0,00    0,00
02:17:20       6  100,00    0,00    0,00    0,00    0,00    0,00    0,00    0,00    0,00    0,00
02:17:20       7    0,00    0,00    0,00    0,00    0,00    0,00    0,00    0,00    0,00  100,00
02:17:20       8    0,00    0,00    0,00    0,00    0,00    0,00    0,00    0,00    0,00  100,00
02:17:20       9    0,00    0,00    0,00    0,00    0,00    0,00    0,00    0,00    0,00  100,00
02:17:20      10    0,00    0,00    0,00    0,00    0,00    0,00    0,00    0,00    0,00  100,00
02:17:20      11    0,00    0,00    0,00    0,00    0,00    0,00    0,00    0,00    0,00  100,00
02:17:20      12    0,00    0,00    0,00    0,00    0,00    0,00    0,00    0,00    0,00  100,00
02:17:20      13    0,00    0,00    0,00    0,00    0,00    0,00    0,00    0,00    0,00  100,00
02:17:20      14    0,00    0,00    0,00    0,00    0,00    0,00    0,00    0,00    0,00  100,00
02:17:20      15    0,00    0,00    0,00    0,00    0,00    0,00    0,00    0,00    0,00  100,00
02:17:20      16    0,00    0,00    0,00    0,00    0,00    0,00    0,00    0,00    0,00  100,00
02:17:20      17    0,00    0,00    0,00    0,00    0,00    0,00    0,00    0,00    0,00  100,00
02:17:20      18    0,00    0,00    0,00    0,00    0,00    0,00    0,00    0,00    0,00  100,00
02:17:20      19    0,00    0,00    0,00    0,00    0,00    0,00    0,00    0,00    0,00  100,00
02:17:20      20    0,00    0,00    0,00    0,00    0,00    0,00    0,00    0,00    0,00  100,00
02:17:20      21    0,00    0,00    0,00    0,00    0,00    0,00    0,00    0,00    0,00  100,00
02:17:20      22    0,00    0,00    0,00    0,00    0,00    0,00    0,00    0,00    0,00  100,00
02:17:20      23    0,00    0,00    0,00    0,00    0,00    0,00    0,00    0,00    0,00  100,00
