Linux 6.8.0-110-generic (testbed-node1) 	12/05/26 	_x86_64_	(24 CPU)

21:58:15     CPU    %usr   %nice    %sys %iowait    %irq   %soft  %steal  %guest  %gnice   %idle
21:58:16     all   65,80    0,00    0,84    0,00    0,00    0,00    0,00    0,00    0,00   33,36
21:58:16       0  100,00    0,00    0,00    0,00    0,00    0,00    0,00    0,00    0,00    0,00
21:58:16       1  100,00    0,00    0,00    0,00    0,00    0,00    0,00    0,00    0,00    0,00
21:58:16       2  100,00    0,00    0,00    0,00    0,00    0,00    0,00    0,00    0,00    0,00
21:58:16       3  100,00    0,00    0,00    0,00    0,00    0,00    0,00    0,00    0,00    0,00
21:58:16       4  100,00    0,00    0,00    0,00    0,00    0,00    0,00    0,00    0,00    0,00
21:58:16       5  100,00    0,00    0,00    0,00    0,00    0,00    0,00    0,00    0,00    0,00
21:58:16       6  100,00    0,00    0,00    0,00    0,00    0,00    0,00    0,00    0,00    0,00
21:58:16       7  100,00    0,00    0,00    0,00    0,00    0,00    0,00    0,00    0,00    0,00
21:58:16       8  100,00    0,00    0,00    0,00    0,00    0,00    0,00    0,00    0,00    0,00
21:58:16       9  100,00    0,00    0,00    0,00    0,00    0,00    0,00    0,00    0,00    0,00
21:58:16      10  100,00    0,00    0,00    0,00    0,00    0,00    0,00    0,00    0,00    0,00
21:58:16      11  100,00    0,00    0,00    0,00    0,00    0,00    0,00    0,00    0,00    0,00
21:58:16      12  100,00    0,00    0,00    0,00    0,00    0,00    0,00    0,00    0,00    0,00
21:58:16      13   10,10    0,00    0,00    0,00    0,00    0,00    0,00    0,00    0,00   89,90
21:58:16      14  100,00    0,00    0,00    0,00    0,00    0,00    0,00    0,00    0,00    0,00
21:58:16      15    0,00    0,00    0,00    0,00    0,00    0,00    0,00    0,00    0,00  100,00
21:58:16      16    9,09    0,00    1,01    0,00    0,00    0,00    0,00    0,00    0,00   89,90
21:58:16      17  100,00    0,00    0,00    0,00    0,00    0,00    0,00    0,00    0,00    0,00
21:58:16      18    2,00    0,00    2,00    0,00    0,00    0,00    0,00    0,00    0,00   96,00
21:58:16      19    9,18    0,00    1,02    0,00    0,00    0,00    0,00    0,00    0,00   89,80
21:58:16      20    3,06    0,00    4,08    0,00    0,00    0,00    0,00    0,00    0,00   92,86
21:58:16      21   19,39    0,00    5,10    0,00    0,00    0,00    0,00    0,00    0,00   75,51
21:58:16      22   11,11    0,00    6,06    0,00    0,00    0,00    0,00    0,00    0,00   82,83
21:58:16      23    9,09    0,00    1,01    0,00    0,00    0,00    0,00    0,00    0,00   89,90

21:58:16     CPU    %usr   %nice    %sys %iowait    %irq   %soft  %steal  %guest  %gnice   %idle
21:58:17     all   62,61    0,00    0,17    0,00    0,00    0,00    0,00    0,00    0,00   37,22
21:58:17       0  100,00    0,00    0,00    0,00    0,00    0,00    0,00    0,00    0,00    0,00
21:58:17       1  100,00    0,00    0,00    0,00    0,00    0,00    0,00    0,00    0,00    0,00
21:58:17       2  100,00    0,00    0,00    0,00    0,00    0,00    0,00    0,00    0,00    0,00
21:58:17       3  100,00    0,00    0,00    0,00    0,00    0,00    0,00    0,00    0,00    0,00
21:58:17       4  100,00    0,00    0,00    0,00    0,00    0,00    0,00    0,00    0,00    0,00
21:58:17       5  100,00    0,00    0,00    0,00    0,00    0,00    0,00    0,00    0,00    0,00
21:58:17       6  100,00    0,00    0,00    0,00    0,00    0,00    0,00    0,00    0,00    0,00
21:58:17       7  100,00    0,00    0,00    0,00    0,00    0,00    0,00    0,00    0,00    0,00
21:58:17       8  100,00    0,00    0,00    0,00    0,00    0,00    0,00    0,00    0,00    0,00
21:58:17       9  100,00    0,00    0,00    0,00    0,00    0,00    0,00    0,00    0,00    0,00
21:58:17      10  100,00    0,00    0,00    0,00    0,00    0,00    0,00    0,00    0,00    0,00
21:58:17      11  100,00    0,00    0,00    0,00    0,00    0,00    0,00    0,00    0,00    0,00
21:58:17      12  100,00    0,00    0,00    0,00    0,00    0,00    0,00    0,00    0,00    0,00
21:58:17      13    0,00    0,00    0,00    0,00    0,00    0,00    0,00    0,00    0,00  100,00
21:58:17      14  100,00    0,00    0,00    0,00    0,00    0,00    0,00    0,00    0,00    0,00
21:58:17      15    0,00    0,00    0,00    0,00    0,00    0,00    0,00    0,00    0,00  100,00
21:58:17      16    0,00    0,00    1,00    0,00    0,00    0,00    0,00    0,00    0,00   99,00
21:58:17      17  100,00    0,00    0,00    0,00    0,00    0,00    0,00    0,00    0,00    0,00
21:58:17      18    0,00    0,00    1,00    0,00    0,00    0,00    0,00    0,00    0,00   99,00
21:58:17      19    0,00    0,00    0,00    0,00    0,00    0,00    0,00    0,00    0,00  100,00
21:58:17      20    0,99    0,00    0,99    0,00    0,00    0,00    0,00    0,00    0,00   98,02
21:58:17      21    1,00    0,00    0,00    0,00    0,00    0,00    0,00    0,00    0,00   99,00
21:58:17      22    0,98    0,00    0,98    0,00    0,00    0,00    0,00    0,00    0,00   98,04
21:58:17      23    1,00    0,00    0,00    0,00    0,00    0,00    0,00    0,00    0,00   99,00

21:58:17     CPU    %usr   %nice    %sys %iowait    %irq   %soft  %steal  %guest  %gnice   %idle
21:58:18     all   64,15    0,00    0,83    0,00    0,00    0,04    0,00    0,00    0,00   34,97
21:58:18       0  100,00    0,00    0,00    0,00    0,00    0,00    0,00    0,00    0,00    0,00
21:58:18       1  100,00    0,00    0,00    0,00    0,00    0,00    0,00    0,00    0,00    0,00
21:58:18       2  100,00    0,00    0,00    0,00    0,00    0,00    0,00    0,00    0,00    0,00
21:58:18       3  100,00    0,00    0,00    0,00    0,00    0,00    0,00    0,00    0,00    0,00
21:58:18       4  100,00    0,00    0,00    0,00    0,00    0,00    0,00    0,00    0,00    0,00
21:58:18       5  100,00    0,00    0,00    0,00    0,00    0,00    0,00    0,00    0,00    0,00
21:58:18       6  100,00    0,00    0,00    0,00    0,00    0,00    0,00    0,00    0,00    0,00
21:58:18       7  100,00    0,00    0,00    0,00    0,00    0,00    0,00    0,00    0,00    0,00
21:58:18       8  100,00    0,00    0,00    0,00    0,00    0,00    0,00    0,00    0,00    0,00
21:58:18       9  100,00    0,00    0,00    0,00    0,00    0,00    0,00    0,00    0,00    0,00
21:58:18      10  100,00    0,00    0,00    0,00    0,00    0,00    0,00    0,00    0,00    0,00
21:58:18      11  100,00    0,00    0,00    0,00    0,00    0,00    0,00    0,00    0,00    0,00
21:58:18      12  100,00    0,00    0,00    0,00    0,00    0,00    0,00    0,00    0,00    0,00
21:58:18      13    0,00    0,00    1,01    0,00    0,00    0,00    0,00    0,00    0,00   98,99
21:58:18      14  100,00    0,00    0,00    0,00    0,00    0,00    0,00    0,00    0,00    0,00
21:58:18      15    0,00    0,00    1,00    0,00    0,00    0,00    0,00    0,00    0,00   99,00
21:58:18      16    4,00    0,00    1,00    0,00    0,00    0,00    0,00    0,00    0,00   95,00
21:58:18      17   99,00    0,00    0,00    0,00    0,00    1,00    0,00    0,00    0,00    0,00
21:58:18      18    3,03    0,00    3,03    0,00    0,00    0,00    0,00    0,00    0,00   93,94
21:58:18      19    0,00    0,00    1,00    0,00    0,00    0,00    0,00    0,00    0,00   99,00
21:58:18      20    3,00    0,00    2,00    0,00    0,00    0,00    0,00    0,00    0,00   95,00
21:58:18      21    8,00    0,00    4,00    0,00    0,00    0,00    0,00    0,00    0,00   88,00
21:58:18      22    2,04    0,00    1,02    0,00    0,00    0,00    0,00    0,00    0,00   96,94
21:58:18      23   18,00    0,00    6,00    0,00    0,00    0,00    0,00    0,00    0,00   76,00

21:58:18     CPU    %usr   %nice    %sys %iowait    %irq   %soft  %steal  %guest  %gnice   %idle
21:58:19     all   63,25    0,00    0,58    0,04    0,00    0,00    0,00    0,00    0,00   36,13
21:58:19       0  100,00    0,00    0,00    0,00    0,00    0,00    0,00    0,00    0,00    0,00
21:58:19       1  100,00    0,00    0,00    0,00    0,00    0,00    0,00    0,00    0,00    0,00
21:58:19       2  100,00    0,00    0,00    0,00    0,00    0,00    0,00    0,00    0,00    0,00
21:58:19       3  100,00    0,00    0,00    0,00    0,00    0,00    0,00    0,00    0,00    0,00
21:58:19       4  100,00    0,00    0,00    0,00    0,00    0,00    0,00    0,00    0,00    0,00
21:58:19       5  100,00    0,00    0,00    0,00    0,00    0,00    0,00    0,00    0,00    0,00
21:58:19       6  100,00    0,00    0,00    0,00    0,00    0,00    0,00    0,00    0,00    0,00
21:58:19       7  100,00    0,00    0,00    0,00    0,00    0,00    0,00    0,00    0,00    0,00
21:58:19       8  100,00    0,00    0,00    0,00    0,00    0,00    0,00    0,00    0,00    0,00
21:58:19       9  100,00    0,00    0,00    0,00    0,00    0,00    0,00    0,00    0,00    0,00
21:58:19      10  100,00    0,00    0,00    0,00    0,00    0,00    0,00    0,00    0,00    0,00
21:58:19      11  100,00    0,00    0,00    0,00    0,00    0,00    0,00    0,00    0,00    0,00
21:58:19      12  100,00    0,00    0,00    0,00    0,00    0,00    0,00    0,00    0,00    0,00
21:58:19      13    0,00    0,00    0,00    0,00    0,00    0,00    0,00    0,00    0,00  100,00
21:58:19      14  100,00    0,00    0,00    0,00    0,00    0,00    0,00    0,00    0,00    0,00
21:58:19      15    1,98    0,00    0,00    0,00    0,00    0,00    0,00    0,00    0,00   98,02
21:58:19      16    1,01    0,00    0,00    0,00    0,00    0,00    0,00    0,00    0,00   98,99
21:58:19      17  100,00    0,00    0,00    0,00    0,00    0,00    0,00    0,00    0,00    0,00
21:58:19      18    0,00    0,00    1,01    0,00    0,00    0,00    0,00    0,00    0,00   98,99
21:58:19      19    0,00    0,00    1,01    0,00    0,00    0,00    0,00    0,00    0,00   98,99
21:58:19      20    7,14    0,00    2,04    0,00    0,00    0,00    0,00    0,00    0,00   90,82
21:58:19      21    4,00    0,00    7,00    0,00    0,00    0,00    0,00    0,00    0,00   89,00
21:58:19      22    1,98    0,00    1,98    0,99    0,00    0,00    0,00    0,00    0,00   95,05
21:58:19      23    0,00    0,00    1,00    0,00    0,00    0,00    0,00    0,00    0,00   99,00

21:58:19     CPU    %usr   %nice    %sys %iowait    %irq   %soft  %steal  %guest  %gnice   %idle
21:58:20     all   63,72    0,00    0,83    0,13    0,00    0,00    0,00    0,00    0,00   35,32
21:58:20       0  100,00    0,00    0,00    0,00    0,00    0,00    0,00    0,00    0,00    0,00
21:58:20       1  100,00    0,00    0,00    0,00    0,00    0,00    0,00    0,00    0,00    0,00
21:58:20       2  100,00    0,00    0,00    0,00    0,00    0,00    0,00    0,00    0,00    0,00
21:58:20       3  100,00    0,00    0,00    0,00    0,00    0,00    0,00    0,00    0,00    0,00
21:58:20       4  100,00    0,00    0,00    0,00    0,00    0,00    0,00    0,00    0,00    0,00
21:58:20       5  100,00    0,00    0,00    0,00    0,00    0,00    0,00    0,00    0,00    0,00
21:58:20       6  100,00    0,00    0,00    0,00    0,00    0,00    0,00    0,00    0,00    0,00
21:58:20       7  100,00    0,00    0,00    0,00    0,00    0,00    0,00    0,00    0,00    0,00
21:58:20       8  100,00    0,00    0,00    0,00    0,00    0,00    0,00    0,00    0,00    0,00
21:58:20       9  100,00    0,00    0,00    0,00    0,00    0,00    0,00    0,00    0,00    0,00
21:58:20      10  100,00    0,00    0,00    0,00    0,00    0,00    0,00    0,00    0,00    0,00
21:58:20      11  100,00    0,00    0,00    0,00    0,00    0,00    0,00    0,00    0,00    0,00
21:58:20      12  100,00    0,00    0,00    0,00    0,00    0,00    0,00    0,00    0,00    0,00
21:58:20      13    0,00    0,00    1,00    1,00    0,00    0,00    0,00    0,00    0,00   98,00
21:58:20      14  100,00    0,00    0,00    0,00    0,00    0,00    0,00    0,00    0,00    0,00
21:58:20      15    0,00    0,00    1,01    0,00    0,00    0,00    0,00    0,00    0,00   98,99
21:58:20      16    3,96    0,00    1,98    0,99    0,00    0,00    0,00    0,00    0,00   93,07
21:58:20      17  100,00    0,00    0,00    0,00    0,00    0,00    0,00    0,00    0,00    0,00
21:58:20      18    5,00    0,00    2,00    1,00    0,00    0,00    0,00    0,00    0,00   92,00
21:58:20      19    2,00    0,00    1,00    0,00    0,00    0,00    0,00    0,00    0,00   97,00
21:58:20      20    8,00    0,00    4,00    0,00    0,00    0,00    0,00    0,00    0,00   88,00
21:58:20      21    3,03    0,00    2,02    0,00    0,00    0,00    0,00    0,00    0,00   94,95
21:58:20      22    4,00    0,00    2,00    0,00    0,00    0,00    0,00    0,00    0,00   94,00
21:58:20      23    2,02    0,00    5,05    0,00    0,00    0,00    0,00    0,00    0,00   92,93

21:58:20     CPU    %usr   %nice    %sys %iowait    %irq   %soft  %steal  %guest  %gnice   %idle
21:58:21     all   63,60    0,00    0,54    0,00    0,00    0,00    0,00    0,00    0,00   35,85
21:58:21       0  100,00    0,00    0,00    0,00    0,00    0,00    0,00    0,00    0,00    0,00
21:58:21       1  100,00    0,00    0,00    0,00    0,00    0,00    0,00    0,00    0,00    0,00
21:58:21       2  100,00    0,00    0,00    0,00    0,00    0,00    0,00    0,00    0,00    0,00
21:58:21       3  100,00    0,00    0,00    0,00    0,00    0,00    0,00    0,00    0,00    0,00
21:58:21       4  100,00    0,00    0,00    0,00    0,00    0,00    0,00    0,00    0,00    0,00
21:58:21       5  100,00    0,00    0,00    0,00    0,00    0,00    0,00    0,00    0,00    0,00
21:58:21       6  100,00    0,00    0,00    0,00    0,00    0,00    0,00    0,00    0,00    0,00
21:58:21       7  100,00    0,00    0,00    0,00    0,00    0,00    0,00    0,00    0,00    0,00
21:58:21       8  100,00    0,00    0,00    0,00    0,00    0,00    0,00    0,00    0,00    0,00
21:58:21       9  100,00    0,00    0,00    0,00    0,00    0,00    0,00    0,00    0,00    0,00
21:58:21      10  100,00    0,00    0,00    0,00    0,00    0,00    0,00    0,00    0,00    0,00
21:58:21      11  100,00    0,00    0,00    0,00    0,00    0,00    0,00    0,00    0,00    0,00
21:58:21      12  100,00    0,00    0,00    0,00    0,00    0,00    0,00    0,00    0,00    0,00
21:58:21      13    1,00    0,00    0,00    0,00    0,00    0,00    0,00    0,00    0,00   99,00
21:58:21      14  100,00    0,00    0,00    0,00    0,00    0,00    0,00    0,00    0,00    0,00
21:58:21      15    2,00    0,00    0,00    0,00    0,00    0,00    0,00    0,00    0,00   98,00
21:58:21      16    4,04    0,00    1,01    0,00    0,00    0,00    0,00    0,00    0,00   94,95
21:58:21      17  100,00    0,00    0,00    0,00    0,00    0,00    0,00    0,00    0,00    0,00
21:58:21      18    2,00    0,00    2,00    0,00    0,00    0,00    0,00    0,00    0,00   96,00
21:58:21      19    2,04    0,00    3,06    0,00    0,00    0,00    0,00    0,00    0,00   94,90
21:58:21      20    2,02    0,00    3,03    0,00    0,00    0,00    0,00    0,00    0,00   94,95
21:58:21      21    1,02    0,00    1,02    0,00    0,00    0,00    0,00    0,00    0,00   97,96
21:58:21      22    7,07    0,00    2,02    0,00    0,00    0,00    0,00    0,00    0,00   90,91
21:58:21      23    1,00    0,00    1,00    0,00    0,00    0,00    0,00    0,00    0,00   98,00

21:58:21     CPU    %usr   %nice    %sys %iowait    %irq   %soft  %steal  %guest  %gnice   %idle
21:58:22     all   64,02    0,00    0,67    0,00    0,00    0,00    0,00    0,00    0,00   35,31
21:58:22       0  100,00    0,00    0,00    0,00    0,00    0,00    0,00    0,00    0,00    0,00
21:58:22       1  100,00    0,00    0,00    0,00    0,00    0,00    0,00    0,00    0,00    0,00
21:58:22       2  100,00    0,00    0,00    0,00    0,00    0,00    0,00    0,00    0,00    0,00
21:58:22       3  100,00    0,00    0,00    0,00    0,00    0,00    0,00    0,00    0,00    0,00
21:58:22       4  100,00    0,00    0,00    0,00    0,00    0,00    0,00    0,00    0,00    0,00
21:58:22       5  100,00    0,00    0,00    0,00    0,00    0,00    0,00    0,00    0,00    0,00
21:58:22       6  100,00    0,00    0,00    0,00    0,00    0,00    0,00    0,00    0,00    0,00
21:58:22       7  100,00    0,00    0,00    0,00    0,00    0,00    0,00    0,00    0,00    0,00
21:58:22       8  100,00    0,00    0,00    0,00    0,00    0,00    0,00    0,00    0,00    0,00
21:58:22       9  100,00    0,00    0,00    0,00    0,00    0,00    0,00    0,00    0,00    0,00
21:58:22      10  100,00    0,00    0,00    0,00    0,00    0,00    0,00    0,00    0,00    0,00
21:58:22      11  100,00    0,00    0,00    0,00    0,00    0,00    0,00    0,00    0,00    0,00
21:58:22      12  100,00    0,00    0,00    0,00    0,00    0,00    0,00    0,00    0,00    0,00
21:58:22      13    1,02    0,00    1,02    0,00    0,00    0,00    0,00    0,00    0,00   97,96
21:58:22      14  100,00    0,00    0,00    0,00    0,00    0,00    0,00    0,00    0,00    0,00
21:58:22      15    0,00    0,00    1,00    0,00    0,00    0,00    0,00    0,00    0,00   99,00
21:58:22      16    3,03    0,00    0,00    0,00    0,00    0,00    0,00    0,00    0,00   96,97
21:58:22      17  100,00    0,00    0,00    0,00    0,00    0,00    0,00    0,00    0,00    0,00
21:58:22      18    2,02    0,00    1,01    0,00    0,00    0,00    0,00    0,00    0,00   96,97
21:58:22      19    3,00    0,00    0,00    0,00    0,00    0,00    0,00    0,00    0,00   97,00
21:58:22      20    5,00    0,00    6,00    0,00    0,00    0,00    0,00    0,00    0,00   89,00
21:58:22      21    6,06    0,00    4,04    0,00    0,00    0,00    0,00    0,00    0,00   89,90
21:58:22      22    5,00    0,00    1,00    0,00    0,00    0,00    0,00    0,00    0,00   94,00
21:58:22      23    8,91    0,00    1,98    0,00    0,00    0,00    0,00    0,00    0,00   89,11

21:58:22     CPU    %usr   %nice    %sys %iowait    %irq   %soft  %steal  %guest  %gnice   %idle
21:58:23     all   62,59    0,00    0,21    0,00    0,00    0,00    0,00    0,00    0,00   37,20
21:58:23       0  100,00    0,00    0,00    0,00    0,00    0,00    0,00    0,00    0,00    0,00
21:58:23       1  100,00    0,00    0,00    0,00    0,00    0,00    0,00    0,00    0,00    0,00
21:58:23       2  100,00    0,00    0,00    0,00    0,00    0,00    0,00    0,00    0,00    0,00
21:58:23       3  100,00    0,00    0,00    0,00    0,00    0,00    0,00    0,00    0,00    0,00
21:58:23       4  100,00    0,00    0,00    0,00    0,00    0,00    0,00    0,00    0,00    0,00
21:58:23       5  100,00    0,00    0,00    0,00    0,00    0,00    0,00    0,00    0,00    0,00
21:58:23       6  100,00    0,00    0,00    0,00    0,00    0,00    0,00    0,00    0,00    0,00
21:58:23       7  100,00    0,00    0,00    0,00    0,00    0,00    0,00    0,00    0,00    0,00
21:58:23       8  100,00    0,00    0,00    0,00    0,00    0,00    0,00    0,00    0,00    0,00
21:58:23       9  100,00    0,00    0,00    0,00    0,00    0,00    0,00    0,00    0,00    0,00
21:58:23      10  100,00    0,00    0,00    0,00    0,00    0,00    0,00    0,00    0,00    0,00
21:58:23      11  100,00    0,00    0,00    0,00    0,00    0,00    0,00    0,00    0,00    0,00
21:58:23      12  100,00    0,00    0,00    0,00    0,00    0,00    0,00    0,00    0,00    0,00
21:58:23      13    0,00    0,00    0,00    0,00    0,00    0,00    0,00    0,00    0,00  100,00
21:58:23      14  100,00    0,00    0,00    0,00    0,00    0,00    0,00    0,00    0,00    0,00
21:58:23      15    0,00    0,00    0,00    0,00    0,00    0,00    0,00    0,00    0,00  100,00
21:58:23      16    0,00    0,00    0,99    0,00    0,00    0,00    0,00    0,00    0,00   99,01
21:58:23      17  100,00    0,00    0,00    0,00    0,00    0,00    0,00    0,00    0,00    0,00
21:58:23      18    1,00    0,00    0,00    0,00    0,00    0,00    0,00    0,00    0,00   99,00
21:58:23      19    0,00    0,00    1,00    0,00    0,00    0,00    0,00    0,00    0,00   99,00
21:58:23      20    0,00    0,00    1,00    0,00    0,00    0,00    0,00    0,00    0,00   99,00
21:58:23      21    0,00    0,00    0,99    0,00    0,00    0,00    0,00    0,00    0,00   99,01
21:58:23      22    0,00    0,00    0,00    0,00    0,00    0,00    0,00    0,00    0,00  100,00
21:58:23      23    0,00    0,00    1,01    0,00    0,00    0,00    0,00    0,00    0,00   98,99

21:58:23     CPU    %usr   %nice    %sys %iowait    %irq   %soft  %steal  %guest  %gnice   %idle
21:58:24     all   63,36    0,00    0,75    0,00    0,00    0,00    0,00    0,00    0,00   35,89
21:58:24       0  100,00    0,00    0,00    0,00    0,00    0,00    0,00    0,00    0,00    0,00
21:58:24       1  100,00    0,00    0,00    0,00    0,00    0,00    0,00    0,00    0,00    0,00
21:58:24       2  100,00    0,00    0,00    0,00    0,00    0,00    0,00    0,00    0,00    0,00
21:58:24       3  100,00    0,00    0,00    0,00    0,00    0,00    0,00    0,00    0,00    0,00
21:58:24       4  100,00    0,00    0,00    0,00    0,00    0,00    0,00    0,00    0,00    0,00
21:58:24       5  100,00    0,00    0,00    0,00    0,00    0,00    0,00    0,00    0,00    0,00
21:58:24       6  100,00    0,00    0,00    0,00    0,00    0,00    0,00    0,00    0,00    0,00
21:58:24       7  100,00    0,00    0,00    0,00    0,00    0,00    0,00    0,00    0,00    0,00
21:58:24       8  100,00    0,00    0,00    0,00    0,00    0,00    0,00    0,00    0,00    0,00
21:58:24       9  100,00    0,00    0,00    0,00    0,00    0,00    0,00    0,00    0,00    0,00
21:58:24      10  100,00    0,00    0,00    0,00    0,00    0,00    0,00    0,00    0,00    0,00
21:58:24      11  100,00    0,00    0,00    0,00    0,00    0,00    0,00    0,00    0,00    0,00
21:58:24      12  100,00    0,00    0,00    0,00    0,00    0,00    0,00    0,00    0,00    0,00
21:58:24      13    0,00    0,00    1,00    0,00    0,00    0,00    0,00    0,00    0,00   99,00
21:58:24      14  100,00    0,00    0,00    0,00    0,00    0,00    0,00    0,00    0,00    0,00
21:58:24      15    0,99    0,00    0,00    0,00    0,00    0,00    0,00    0,00    0,00   99,01
21:58:24      16    3,00    0,00    3,00    0,00    0,00    0,00    0,00    0,00    0,00   94,00
21:58:24      17  100,00    0,00    0,00    0,00    0,00    0,00    0,00    0,00    0,00    0,00
21:58:24      18    0,00    0,00    1,00    0,00    0,00    0,00    0,00    0,00    0,00   99,00
21:58:24      19    5,05    0,00    1,01    0,00    0,00    0,00    0,00    0,00    0,00   93,94
21:58:24      20    1,00    0,00    2,00    0,00    0,00    0,00    0,00    0,00    0,00   97,00
21:58:24      21    2,00    0,00    4,00    0,00    0,00    0,00    0,00    0,00    0,00   94,00
21:58:24      22    7,00    0,00    4,00    0,00    0,00    0,00    0,00    0,00    0,00   89,00
21:58:24      23    1,01    0,00    2,02    0,00    0,00    0,00    0,00    0,00    0,00   96,97

21:58:24     CPU    %usr   %nice    %sys %iowait    %irq   %soft  %steal  %guest  %gnice   %idle
21:58:25     all   63,84    0,00    0,75    0,17    0,00    0,00    0,00    0,00    0,00   35,24
21:58:25       0   99,01    0,00    0,99    0,00    0,00    0,00    0,00    0,00    0,00    0,00
21:58:25       1  100,00    0,00    0,00    0,00    0,00    0,00    0,00    0,00    0,00    0,00
21:58:25       2  100,00    0,00    0,00    0,00    0,00    0,00    0,00    0,00    0,00    0,00
21:58:25       3  100,00    0,00    0,00    0,00    0,00    0,00    0,00    0,00    0,00    0,00
21:58:25       4  100,00    0,00    0,00    0,00    0,00    0,00    0,00    0,00    0,00    0,00
21:58:25       5  100,00    0,00    0,00    0,00    0,00    0,00    0,00    0,00    0,00    0,00
21:58:25       6  100,00    0,00    0,00    0,00    0,00    0,00    0,00    0,00    0,00    0,00
21:58:25       7  100,00    0,00    0,00    0,00    0,00    0,00    0,00    0,00    0,00    0,00
21:58:25       8  100,00    0,00    0,00    0,00    0,00    0,00    0,00    0,00    0,00    0,00
21:58:25       9  100,00    0,00    0,00    0,00    0,00    0,00    0,00    0,00    0,00    0,00
21:58:25      10  100,00    0,00    0,00    0,00    0,00    0,00    0,00    0,00    0,00    0,00
21:58:25      11  100,00    0,00    0,00    0,00    0,00    0,00    0,00    0,00    0,00    0,00
21:58:25      12  100,00    0,00    0,00    0,00    0,00    0,00    0,00    0,00    0,00    0,00
21:58:25      13    0,00    0,00    0,00    0,00    0,00    0,00    0,00    0,00    0,00  100,00
21:58:25      14  100,00    0,00    0,00    0,00    0,00    0,00    0,00    0,00    0,00    0,00
21:58:25      15    1,01    0,00    0,00    1,01    0,00    0,00    0,00    0,00    0,00   97,98
21:58:25      16    2,00    0,00    1,00    2,00    0,00    0,00    0,00    0,00    0,00   95,00
21:58:25      17  100,00    0,00    0,00    0,00    0,00    0,00    0,00    0,00    0,00    0,00
21:58:25      18    2,02    0,00    1,01    0,00    0,00    0,00    0,00    0,00    0,00   96,97
21:58:25      19    0,00    0,00    1,00    0,00    0,00    0,00    0,00    0,00    0,00   99,00
21:58:25      20    4,00    0,00    6,00    1,00    0,00    0,00    0,00    0,00    0,00   89,00
21:58:25      21   14,14    0,00    4,04    0,00    0,00    0,00    0,00    0,00    0,00   81,82
21:58:25      22    0,00    0,00    1,01    0,00    0,00    0,00    0,00    0,00    0,00   98,99
21:58:25      23    6,06    0,00    3,03    0,00    0,00    0,00    0,00    0,00    0,00   90,91
